<?xml version="1.0" encoding="UTF-8"?>
<testsuite xmlns:xsi="http://www.w3.org/2001/XMLSchema-instance" xsi:noNamespaceSchemaLocation="https://maven.apache.org/surefire/maven-failsafe-plugin/xsd/failsafe-test-report-3.0.xsd" version="3.0" name="CucumberTestSuite" time="748.391" tests="12" errors="1" skipped="0" failures="0">
  <properties>
    <property name="sun.desktop" value="windows"/>
    <property name="awt.toolkit" value="sun.awt.windows.WToolkit"/>
    <property name="java.specification.version" value="11"/>
    <property name="sun.cpu.isalist" value="amd64"/>
    <property name="sun.jnu.encoding" value="Cp1252"/>
    <property name="java.class.path" value="D:\File Baru\Kuliah\Quality Engineer\qe_Bayu-Septyan-Nur-Hidayat\21_Review_Web_UI_Testing_with_Serenity\Praktikum\untitled\target\test-classes;C:\Users\Bayu\.m2\repository\net\serenity-bdd\serenity-core\3.2.1\serenity-core-3.2.1.jar;C:\Users\Bayu\.m2\repository\net\serenity-bdd\serenity-model\3.2.1\serenity-model-3.2.1.jar;C:\Users\Bayu\.m2\repository\org\apache\commons\commons-text\1.9\commons-text-1.9.jar;C:\Users\Bayu\.m2\repository\commons-net\commons-net\3.8.0\commons-net-3.8.0.jar;C:\Users\Bayu\.m2\repository\com\google\guava\guava\31.1-jre\guava-31.1-jre.jar;C:\Users\Bayu\.m2\repository\com\google\guava\failureaccess\1.0.1\failureaccess-1.0.1.jar;C:\Users\Bayu\.m2\repository\com\google\guava\listenablefuture\9999.0-empty-to-avoid-conflict-with-guava\listenablefuture-9999.0-empty-to-avoid-conflict-with-guava.jar;C:\Users\Bayu\.m2\repository\com\google\code\findbugs\jsr305\3.0.2\jsr305-3.0.2.jar;C:\Users\Bayu\.m2\repository\org\checkerframework\checker-qual\3.12.0\checker-qual-3.12.0.jar;C:\Users\Bayu\.m2\repository\com\google\errorprone\error_prone_annotations\2.11.0\error_prone_annotations-2.11.0.jar;C:\Users\Bayu\.m2\repository\com\google\j2objc\j2objc-annotations\1.3\j2objc-annotations-1.3.jar;C:\Users\Bayu\.m2\repository\com\google\inject\guice\5.1.0\guice-5.1.0.jar;C:\Users\Bayu\.m2\repository\javax\inject\javax.inject\1\javax.inject-1.jar;C:\Users\Bayu\.m2\repository\aopalliance\aopalliance\1.0\aopalliance-1.0.jar;C:\Users\Bayu\.m2\repository\org\jsoup\jsoup\1.14.3\jsoup-1.14.3.jar;C:\Users\Bayu\.m2\repository\com\thoughtworks\xstream\xstream\1.4.19\xstream-1.4.19.jar;C:\Users\Bayu\.m2\repository\io\github\x-stream\mxparser\1.2.2\mxparser-1.2.2.jar;C:\Users\Bayu\.m2\repository\xmlpull\xmlpull\1.1.3.1\xmlpull-1.1.3.1.jar;C:\Users\Bayu\.m2\repository\io\cucumber\cucumber-java\7.2.3\cucumber-java-7.2.3.jar;C:\Users\Bayu\.m2\repository\com\typesafe\config\1.4.2\config-1.4.2.jar;C:\Users\Bayu\.m2\repository\org\imgscalr\imgscalr-lib\4.2\imgscalr-lib-4.2.jar;C:\Users\Bayu\.m2\repository\org\awaitility\awaitility\4.2.0\awaitility-4.2.0.jar;C:\Users\Bayu\.m2\repository\org\freemarker\freemarker\2.3.31\freemarker-2.3.31.jar;C:\Users\Bayu\.m2\repository\io\github\classgraph\classgraph\4.8.138\classgraph-4.8.138.jar;C:\Users\Bayu\.m2\repository\net\sourceforge\jexcelapi\jxl\2.6.12\jxl-2.6.12.jar;C:\Users\Bayu\.m2\repository\net\bytebuddy\byte-buddy\1.12.8\byte-buddy-1.12.8.jar;C:\Users\Bayu\.m2\repository\net\bytebuddy\byte-buddy-agent\1.12.8\byte-buddy-agent-1.12.8.jar;C:\Users\Bayu\.m2\repository\org\objenesis\objenesis\3.1\objenesis-3.1.jar;C:\Users\Bayu\.m2\repository\net\serenity-bdd\serenity-reports\3.2.1\serenity-reports-3.2.1.jar;C:\Users\Bayu\.m2\repository\net\serenity-bdd\serenity-stats\3.2.1\serenity-stats-3.2.1.jar;C:\Users\Bayu\.m2\repository\net\serenity-bdd\serenity-reports-configuration\3.2.1\serenity-reports-configuration-3.2.1.jar;C:\Users\Bayu\.m2\repository\com\vladsch\flexmark\flexmark-all\0.34.30\flexmark-all-0.34.30.jar;C:\Users\Bayu\.m2\repository\com\vladsch\flexmark\flexmark\0.34.30\flexmark-0.34.30.jar;C:\Users\Bayu\.m2\repository\com\vladsch\flexmark\flexmark-ext-abbreviation\0.34.30\flexmark-ext-abbreviation-0.34.30.jar;C:\Users\Bayu\.m2\repository\com\vladsch\flexmark\flexmark-ext-admonition\0.34.30\flexmark-ext-admonition-0.34.30.jar;C:\Users\Bayu\.m2\repository\com\vladsch\flexmark\flexmark-ext-anchorlink\0.34.30\flexmark-ext-anchorlink-0.34.30.jar;C:\Users\Bayu\.m2\repository\com\vladsch\flexmark\flexmark-ext-aside\0.34.30\flexmark-ext-aside-0.34.30.jar;C:\Users\Bayu\.m2\repository\com\vladsch\flexmark\flexmark-ext-attributes\0.34.30\flexmark-ext-attributes-0.34.30.jar;C:\Users\Bayu\.m2\repository\com\vladsch\flexmark\flexmark-ext-autolink\0.34.30\flexmark-ext-autolink-0.34.30.jar;C:\Users\Bayu\.m2\repository\org\nibor\autolink\autolink\0.6.0\autolink-0.6.0.jar;C:\Users\Bayu\.m2\repository\com\vladsch\flexmark\flexmark-ext-definition\0.34.30\flexmark-ext-definition-0.34.30.jar;C:\Users\Bayu\.m2\repository\com\vladsch\flexmark\flexmark-ext-emoji\0.34.30\flexmark-ext-emoji-0.34.30.jar;C:\Users\Bayu\.m2\repository\com\vladsch\flexmark\flexmark-ext-enumerated-reference\0.34.30\flexmark-ext-enumerated-reference-0.34.30.jar;C:\Users\Bayu\.m2\repository\com\vladsch\flexmark\flexmark-ext-escaped-character\0.34.30\flexmark-ext-escaped-character-0.34.30.jar;C:\Users\Bayu\.m2\repository\com\vladsch\flexmark\flexmark-ext-footnotes\0.34.30\flexmark-ext-footnotes-0.34.30.jar;C:\Users\Bayu\.m2\repository\com\vladsch\flexmark\flexmark-ext-gfm-issues\0.34.30\flexmark-ext-gfm-issues-0.34.30.jar;C:\Users\Bayu\.m2\repository\com\vladsch\flexmark\flexmark-ext-gfm-strikethrough\0.34.30\flexmark-ext-gfm-strikethrough-0.34.30.jar;C:\Users\Bayu\.m2\repository\com\vladsch\flexmark\flexmark-ext-gfm-tables\0.34.30\flexmark-ext-gfm-tables-0.34.30.jar;C:\Users\Bayu\.m2\repository\com\vladsch\flexmark\flexmark-ext-gfm-tasklist\0.34.30\flexmark-ext-gfm-tasklist-0.34.30.jar;C:\Users\Bayu\.m2\repository\com\vladsch\flexmark\flexmark-ext-gfm-users\0.34.30\flexmark-ext-gfm-users-0.34.30.jar;C:\Users\Bayu\.m2\repository\com\vladsch\flexmark\flexmark-ext-gitlab\0.34.30\flexmark-ext-gitlab-0.34.30.jar;C:\Users\Bayu\.m2\repository\com\vladsch\flexmark\flexmark-ext-jekyll-front-matter\0.34.30\flexmark-ext-jekyll-front-matter-0.34.30.jar;C:\Users\Bayu\.m2\repository\com\vladsch\flexmark\flexmark-ext-jekyll-tag\0.34.30\flexmark-ext-jekyll-tag-0.34.30.jar;C:\Users\Bayu\.m2\repository\com\vladsch\flexmark\flexmark-ext-media-tags\0.34.30\flexmark-ext-media-tags-0.34.30.jar;C:\Users\Bayu\.m2\repository\com\vladsch\flexmark\flexmark-test-util\0.34.30\flexmark-test-util-0.34.30.jar;C:\Users\Bayu\.m2\repository\com\vladsch\flexmark\flexmark-ext-ins\0.34.30\flexmark-ext-ins-0.34.30.jar;C:\Users\Bayu\.m2\repository\com\vladsch\flexmark\flexmark-ext-xwiki-macros\0.34.30\flexmark-ext-xwiki-macros-0.34.30.jar;C:\Users\Bayu\.m2\repository\com\vladsch\flexmark\flexmark-ext-superscript\0.34.30\flexmark-ext-superscript-0.34.30.jar;C:\Users\Bayu\.m2\repository\com\vladsch\flexmark\flexmark-ext-tables\0.34.30\flexmark-ext-tables-0.34.30.jar;C:\Users\Bayu\.m2\repository\com\vladsch\flexmark\flexmark-ext-toc\0.34.30\flexmark-ext-toc-0.34.30.jar;C:\Users\Bayu\.m2\repository\com\vladsch\flexmark\flexmark-ext-typographic\0.34.30\flexmark-ext-typographic-0.34.30.jar;C:\Users\Bayu\.m2\repository\com\vladsch\flexmark\flexmark-ext-wikilink\0.34.30\flexmark-ext-wikilink-0.34.30.jar;C:\Users\Bayu\.m2\repository\com\vladsch\flexmark\flexmark-ext-yaml-front-matter\0.34.30\flexmark-ext-yaml-front-matter-0.34.30.jar;C:\Users\Bayu\.m2\repository\com\vladsch\flexmark\flexmark-ext-youtube-embedded\0.34.30\flexmark-ext-youtube-embedded-0.34.30.jar;C:\Users\Bayu\.m2\repository\com\vladsch\flexmark\flexmark-formatter\0.34.30\flexmark-formatter-0.34.30.jar;C:\Users\Bayu\.m2\repository\com\vladsch\flexmark\flexmark-html-parser\0.34.30\flexmark-html-parser-0.34.30.jar;C:\Users\Bayu\.m2\repository\com\vladsch\flexmark\flexmark-jira-converter\0.34.30\flexmark-jira-converter-0.34.30.jar;C:\Users\Bayu\.m2\repository\com\vladsch\flexmark\flexmark-pdf-converter\0.34.30\flexmark-pdf-converter-0.34.30.jar;C:\Users\Bayu\.m2\repository\com\openhtmltopdf\openhtmltopdf-core\0.0.1-RC13\openhtmltopdf-core-0.0.1-RC13.jar;C:\Users\Bayu\.m2\repository\com\openhtmltopdf\openhtmltopdf-pdfbox\0.0.1-RC13\openhtmltopdf-pdfbox-0.0.1-RC13.jar;C:\Users\Bayu\.m2\repository\org\apache\pdfbox\pdfbox\2.0.8\pdfbox-2.0.8.jar;C:\Users\Bayu\.m2\repository\org\apache\pdfbox\fontbox\2.0.8\fontbox-2.0.8.jar;C:\Users\Bayu\.m2\repository\commons-logging\commons-logging\1.2\commons-logging-1.2.jar;C:\Users\Bayu\.m2\repository\org\apache\pdfbox\xmpbox\2.0.8\xmpbox-2.0.8.jar;C:\Users\Bayu\.m2\repository\de\rototor\pdfbox\graphics2d\0.12\graphics2d-0.12.jar;C:\Users\Bayu\.m2\repository\com\openhtmltopdf\openhtmltopdf-rtl-support\0.0.1-RC13\openhtmltopdf-rtl-support-0.0.1-RC13.jar;C:\Users\Bayu\.m2\repository\com\ibm\icu\icu4j\59.1\icu4j-59.1.jar;C:\Users\Bayu\.m2\repository\com\openhtmltopdf\openhtmltopdf-jsoup-dom-converter\0.0.1-RC13\openhtmltopdf-jsoup-dom-converter-0.0.1-RC13.jar;C:\Users\Bayu\.m2\repository\com\vladsch\flexmark\flexmark-profile-pegdown\0.34.30\flexmark-profile-pegdown-0.34.30.jar;C:\Users\Bayu\.m2\repository\com\vladsch\flexmark\flexmark-util\0.34.30\flexmark-util-0.34.30.jar;C:\Users\Bayu\.m2\repository\com\vladsch\flexmark\flexmark-youtrack-converter\0.34.30\flexmark-youtrack-converter-0.34.30.jar;C:\Users\Bayu\.m2\repository\es\nitaur\markdown\txtmark\0.16\txtmark-0.16.jar;C:\Users\Bayu\.m2\repository\net\serenity-bdd\serenity-report-resources\3.2.1\serenity-report-resources-3.2.1.jar;C:\Users\Bayu\.m2\repository\com\google\code\gson\gson\2.9.0\gson-2.9.0.jar;C:\Users\Bayu\.m2\repository\com\fasterxml\jackson\core\jackson-core\2.13.2\jackson-core-2.13.2.jar;C:\Users\Bayu\.m2\repository\com\fasterxml\jackson\core\jackson-databind\2.13.2\jackson-databind-2.13.2.jar;C:\Users\Bayu\.m2\repository\com\fasterxml\jackson\core\jackson-annotations\2.13.2\jackson-annotations-2.13.2.jar;C:\Users\Bayu\.m2\repository\commons-codec\commons-codec\1.15\commons-codec-1.15.jar;C:\Users\Bayu\.m2\repository\commons-io\commons-io\2.11.0\commons-io-2.11.0.jar;C:\Users\Bayu\.m2\repository\org\seleniumhq\selenium\selenium-java\4.1.2\selenium-java-4.1.2.jar;C:\Users\Bayu\.m2\repository\org\seleniumhq\selenium\selenium-devtools-v85\4.1.2\selenium-devtools-v85-4.1.2.jar;C:\Users\Bayu\.m2\repository\org\seleniumhq\selenium\selenium-devtools-v95\4.1.2\selenium-devtools-v95-4.1.2.jar;C:\Users\Bayu\.m2\repository\org\seleniumhq\selenium\selenium-devtools-v96\4.1.2\selenium-devtools-v96-4.1.2.jar;C:\Users\Bayu\.m2\repository\org\seleniumhq\selenium\selenium-devtools-v97\4.1.2\selenium-devtools-v97-4.1.2.jar;C:\Users\Bayu\.m2\repository\org\seleniumhq\selenium\selenium-firefox-xpi-driver\4.1.2\selenium-firefox-xpi-driver-4.1.2.jar;C:\Users\Bayu\.m2\repository\org\seleniumhq\selenium\selenium-opera-driver\4.1.2\selenium-opera-driver-4.1.2.jar;C:\Users\Bayu\.m2\repository\org\seleniumhq\selenium\selenium-remote-driver\4.1.2\selenium-remote-driver-4.1.2.jar;C:\Users\Bayu\.m2\repository\com\beust\jcommander\1.82\jcommander-1.82.jar;C:\Users\Bayu\.m2\repository\io\netty\netty-buffer\4.1.73.Final\netty-buffer-4.1.73.Final.jar;C:\Users\Bayu\.m2\repository\io\netty\netty-codec-http\4.1.73.Final\netty-codec-http-4.1.73.Final.jar;C:\Users\Bayu\.m2\repository\io\netty\netty-codec\4.1.73.Final\netty-codec-4.1.73.Final.jar;C:\Users\Bayu\.m2\repository\io\netty\netty-handler\4.1.73.Final\netty-handler-4.1.73.Final.jar;C:\Users\Bayu\.m2\repository\io\netty\netty-tcnative-classes\2.0.46.Final\netty-tcnative-classes-2.0.46.Final.jar;C:\Users\Bayu\.m2\repository\io\netty\netty-common\4.1.73.Final\netty-common-4.1.73.Final.jar;C:\Users\Bayu\.m2\repository\io\netty\netty-transport-classes-epoll\4.1.73.Final\netty-transport-classes-epoll-4.1.73.Final.jar;C:\Users\Bayu\.m2\repository\io\netty\netty-transport-classes-kqueue\4.1.73.Final\netty-transport-classes-kqueue-4.1.73.Final.jar;C:\Users\Bayu\.m2\repository\io\netty\netty-transport-native-epoll\4.1.73.Final\netty-transport-native-epoll-4.1.73.Final.jar;C:\Users\Bayu\.m2\repository\io\netty\netty-transport-native-kqueue\4.1.73.Final\netty-transport-native-kqueue-4.1.73.Final.jar;C:\Users\Bayu\.m2\repository\io\netty\netty-transport-native-unix-common\4.1.73.Final\netty-transport-native-unix-common-4.1.73.Final.jar;C:\Users\Bayu\.m2\repository\io\netty\netty-transport\4.1.73.Final\netty-transport-4.1.73.Final.jar;C:\Users\Bayu\.m2\repository\io\netty\netty-resolver\4.1.73.Final\netty-resolver-4.1.73.Final.jar;C:\Users\Bayu\.m2\repository\io\opentelemetry\opentelemetry-api\1.10.1\opentelemetry-api-1.10.1.jar;C:\Users\Bayu\.m2\repository\io\opentelemetry\opentelemetry-context\1.10.1\opentelemetry-context-1.10.1.jar;C:\Users\Bayu\.m2\repository\io\opentelemetry\opentelemetry-exporter-logging\1.10.1\opentelemetry-exporter-logging-1.10.1.jar;C:\Users\Bayu\.m2\repository\io\opentelemetry\opentelemetry-sdk-metrics\1.10.1-alpha\opentelemetry-sdk-metrics-1.10.1-alpha.jar;C:\Users\Bayu\.m2\repository\io\opentelemetry\opentelemetry-sdk-logs\1.10.1-alpha\opentelemetry-sdk-logs-1.10.1-alpha.jar;C:\Users\Bayu\.m2\repository\io\opentelemetry\opentelemetry-sdk-common\1.10.1\opentelemetry-sdk-common-1.10.1.jar;C:\Users\Bayu\.m2\repository\io\opentelemetry\opentelemetry-sdk-extension-autoconfigure-spi\1.10.1\opentelemetry-sdk-extension-autoconfigure-spi-1.10.1.jar;C:\Users\Bayu\.m2\repository\io\opentelemetry\opentelemetry-sdk-extension-autoconfigure\1.10.1-alpha\opentelemetry-sdk-extension-autoconfigure-1.10.1-alpha.jar;C:\Users\Bayu\.m2\repository\io\opentelemetry\opentelemetry-sdk-trace\1.10.1\opentelemetry-sdk-trace-1.10.1.jar;C:\Users\Bayu\.m2\repository\io\opentelemetry\opentelemetry-sdk\1.10.1\opentelemetry-sdk-1.10.1.jar;C:\Users\Bayu\.m2\repository\io\opentelemetry\opentelemetry-semconv\1.10.1-alpha\opentelemetry-semconv-1.10.1-alpha.jar;C:\Users\Bayu\.m2\repository\io\ous\jtoml\2.0.0\jtoml-2.0.0.jar;C:\Users\Bayu\.m2\repository\org\apache\commons\commons-exec\1.3\commons-exec-1.3.jar;C:\Users\Bayu\.m2\repository\org\asynchttpclient\async-http-client\2.12.3\async-http-client-2.12.3.jar;C:\Users\Bayu\.m2\repository\org\asynchttpclient\async-http-client-netty-utils\2.12.3\async-http-client-netty-utils-2.12.3.jar;C:\Users\Bayu\.m2\repository\io\netty\netty-codec-socks\4.1.60.Final\netty-codec-socks-4.1.60.Final.jar;C:\Users\Bayu\.m2\repository\io\netty\netty-handler-proxy\4.1.60.Final\netty-handler-proxy-4.1.60.Final.jar;C:\Users\Bayu\.m2\repository\io\netty\netty-transport-native-epoll\4.1.60.Final\netty-transport-native-epoll-4.1.60.Final-linux-x86_64.jar;C:\Users\Bayu\.m2\repository\io\netty\netty-transport-native-kqueue\4.1.60.Final\netty-transport-native-kqueue-4.1.60.Final-osx-x86_64.jar;C:\Users\Bayu\.m2\repository\org\reactivestreams\reactive-streams\1.0.3\reactive-streams-1.0.3.jar;C:\Users\Bayu\.m2\repository\com\typesafe\netty\netty-reactive-streams\2.0.4\netty-reactive-streams-2.0.4.jar;C:\Users\Bayu\.m2\repository\org\seleniumhq\selenium\selenium-http\4.1.2\selenium-http-4.1.2.jar;C:\Users\Bayu\.m2\repository\net\jodah\failsafe\2.4.4\failsafe-2.4.4.jar;C:\Users\Bayu\.m2\repository\org\seleniumhq\selenium\selenium-safari-driver\4.1.2\selenium-safari-driver-4.1.2.jar;C:\Users\Bayu\.m2\repository\org\seleniumhq\selenium\selenium-api\4.1.2\selenium-api-4.1.2.jar;C:\Users\Bayu\.m2\repository\org\seleniumhq\selenium\selenium-support\4.1.2\selenium-support-4.1.2.jar;C:\Users\Bayu\.m2\repository\com\google\auto\service\auto-service-annotations\1.0.1\auto-service-annotations-1.0.1.jar;C:\Users\Bayu\.m2\repository\com\google\auto\service\auto-service\1.0.1\auto-service-1.0.1.jar;C:\Users\Bayu\.m2\repository\com\google\auto\auto-common\1.2\auto-common-1.2.jar;C:\Users\Bayu\.m2\repository\org\seleniumhq\selenium\selenium-json\4.1.2\selenium-json-4.1.2.jar;C:\Users\Bayu\.m2\repository\org\seleniumhq\selenium\selenium-chrome-driver\4.1.2\selenium-chrome-driver-4.1.2.jar;C:\Users\Bayu\.m2\repository\org\seleniumhq\selenium\selenium-chromium-driver\4.1.2\selenium-chromium-driver-4.1.2.jar;C:\Users\Bayu\.m2\repository\org\seleniumhq\selenium\selenium-firefox-driver\4.1.2\selenium-firefox-driver-4.1.2.jar;C:\Users\Bayu\.m2\repository\org\seleniumhq\selenium\selenium-edge-driver\4.1.2\selenium-edge-driver-4.1.2.jar;C:\Users\Bayu\.m2\repository\org\seleniumhq\selenium\selenium-ie-driver\4.1.2\selenium-ie-driver-4.1.2.jar;C:\Users\Bayu\.m2\repository\org\projectlombok\lombok\1.18.20\lombok-1.18.20.jar;C:\Users\Bayu\.m2\repository\io\appium\java-client\8.0.0\java-client-8.0.0.jar;C:\Users\Bayu\.m2\repository\commons-validator\commons-validator\1.7\commons-validator-1.7.jar;C:\Users\Bayu\.m2\repository\commons-digester\commons-digester\2.1\commons-digester-2.1.jar;C:\Users\Bayu\.m2\repository\org\aspectj\aspectjweaver\1.9.8\aspectjweaver-1.9.8.jar;C:\Users\Bayu\.m2\repository\org\codehaus\groovy\groovy\3.0.10\groovy-3.0.10.jar;C:\Users\Bayu\.m2\repository\net\sf\opencsv\opencsv\2.0\opencsv-2.0.jar;C:\Users\Bayu\.m2\repository\commons-beanutils\commons-beanutils\1.9.4\commons-beanutils-1.9.4.jar;C:\Users\Bayu\.m2\repository\org\apache\commons\commons-lang3\3.12.0\commons-lang3-3.12.0.jar;C:\Users\Bayu\.m2\repository\commons-collections\commons-collections\3.2.2\commons-collections-3.2.2.jar;C:\Users\Bayu\.m2\repository\org\fluentlenium\fluentlenium-core\0.10.2\fluentlenium-core-0.10.2.jar;C:\Users\Bayu\.m2\repository\io\github\bonigarcia\webdrivermanager\5.1.0\webdrivermanager-5.1.0.jar;C:\Users\Bayu\.m2\repository\com\github\docker-java\docker-java\3.2.13\docker-java-3.2.13.jar;C:\Users\Bayu\.m2\repository\com\github\docker-java\docker-java-core\3.2.13\docker-java-core-3.2.13.jar;C:\Users\Bayu\.m2\repository\com\github\docker-java\docker-java-api\3.2.13\docker-java-api-3.2.13.jar;C:\Users\Bayu\.m2\repository\org\apache\commons\commons-compress\1.21\commons-compress-1.21.jar;C:\Users\Bayu\.m2\repository\org\bouncycastle\bcpkix-jdk15on\1.64\bcpkix-jdk15on-1.64.jar;C:\Users\Bayu\.m2\repository\org\bouncycastle\bcprov-jdk15on\1.64\bcprov-jdk15on-1.64.jar;C:\Users\Bayu\.m2\repository\org\slf4j\jcl-over-slf4j\1.7.30\jcl-over-slf4j-1.7.30.jar;C:\Users\Bayu\.m2\repository\com\github\docker-java\docker-java-transport-httpclient5\3.2.13\docker-java-transport-httpclient5-3.2.13.jar;C:\Users\Bayu\.m2\repository\com\github\docker-java\docker-java-transport\3.2.13\docker-java-transport-3.2.13.jar;C:\Users\Bayu\.m2\repository\org\apache\httpcomponents\client5\httpclient5\5.0.3\httpclient5-5.0.3.jar;C:\Users\Bayu\.m2\repository\org\apache\httpcomponents\core5\httpcore5\5.0.2\httpcore5-5.0.2.jar;C:\Users\Bayu\.m2\repository\net\java\dev\jna\jna\5.8.0\jna-5.8.0.jar;C:\Users\Bayu\.m2\repository\org\brotli\dec\0.1.2\dec-0.1.2.jar;C:\Users\Bayu\.m2\repository\com\jhlabs\filters\2.0.235\filters-2.0.235.jar;C:\Users\Bayu\.m2\repository\com\paulhammant\ngwebdriver\1.1.6\ngwebdriver-1.1.6.jar;C:\Users\Bayu\.m2\repository\joda-time\joda-time\2.8.2\joda-time-2.8.2.jar;C:\Users\Bayu\.m2\repository\org\hamcrest\hamcrest\2.2\hamcrest-2.2.jar;C:\Users\Bayu\.m2\repository\com\google\jimfs\jimfs\1.2\jimfs-1.2.jar;C:\Users\Bayu\.m2\repository\org\mockito\mockito-core\3.3.3\mockito-core-3.3.3.jar;C:\Users\Bayu\.m2\repository\javax\xml\bind\jaxb-api\2.3.1\jaxb-api-2.3.1.jar;C:\Users\Bayu\.m2\repository\javax\activation\javax.activation-api\1.2.0\javax.activation-api-1.2.0.jar;C:\Users\Bayu\.m2\repository\com\sun\xml\bind\jaxb-core\2.3.0.1\jaxb-core-2.3.0.1.jar;C:\Users\Bayu\.m2\repository\com\sun\xml\bind\jaxb-impl\2.3.3\jaxb-impl-2.3.3.jar;C:\Users\Bayu\.m2\repository\jakarta\xml\bind\jakarta.xml.bind-api\2.3.3\jakarta.xml.bind-api-2.3.3.jar;C:\Users\Bayu\.m2\repository\com\sun\activation\jakarta.activation\1.2.2\jakarta.activation-1.2.2.jar;C:\Users\Bayu\.m2\repository\javax\activation\activation\1.1.1\activation-1.1.1.jar;C:\Users\Bayu\.m2\repository\net\serenity-bdd\serenity-cucumber\3.2.1\serenity-cucumber-3.2.1.jar;C:\Users\Bayu\.m2\repository\io\cucumber\cucumber-core\7.2.3\cucumber-core-7.2.3.jar;C:\Users\Bayu\.m2\repository\io\cucumber\cucumber-gherkin\7.2.3\cucumber-gherkin-7.2.3.jar;C:\Users\Bayu\.m2\repository\io\cucumber\cucumber-gherkin-messages\7.2.3\cucumber-gherkin-messages-7.2.3.jar;C:\Users\Bayu\.m2\repository\io\cucumber\messages\17.1.1\messages-17.1.1.jar;C:\Users\Bayu\.m2\repository\io\cucumber\tag-expressions\4.1.0\tag-expressions-4.1.0.jar;C:\Users\Bayu\.m2\repository\io\cucumber\cucumber-expressions\15.0.1\cucumber-expressions-15.0.1.jar;C:\Users\Bayu\.m2\repository\io\cucumber\datatable\7.2.3\datatable-7.2.3.jar;C:\Users\Bayu\.m2\repository\io\cucumber\cucumber-plugin\7.2.3\cucumber-plugin-7.2.3.jar;C:\Users\Bayu\.m2\repository\io\cucumber\docstring\7.2.3\docstring-7.2.3.jar;C:\Users\Bayu\.m2\repository\io\cucumber\html-formatter\17.0.0\html-formatter-17.0.0.jar;C:\Users\Bayu\.m2\repository\io\cucumber\ci-environment\8.1.0\ci-environment-8.1.0.jar;C:\Users\Bayu\.m2\repository\io\cucumber\cucumber-junit\7.2.3\cucumber-junit-7.2.3.jar;C:\Users\Bayu\.m2\repository\org\apache\commons\commons-csv\1.5\commons-csv-1.5.jar;C:\Users\Bayu\.m2\repository\net\serenity-bdd\serenity-screenplay\3.2.1\serenity-screenplay-3.2.1.jar;C:\Users\Bayu\.m2\repository\net\serenity-bdd\serenity-screenplay-webdriver\3.2.1\serenity-screenplay-webdriver-3.2.1.jar;C:\Users\Bayu\.m2\repository\net\serenity-bdd\serenity-ensure\3.2.1\serenity-ensure-3.2.1.jar;C:\Users\Bayu\.m2\repository\net\serenity-bdd\serenity-junit\3.2.1\serenity-junit-3.2.1.jar;C:\Users\Bayu\.m2\repository\org\jetbrains\kotlin\kotlin-stdlib\1.6.0\kotlin-stdlib-1.6.0.jar;C:\Users\Bayu\.m2\repository\org\jetbrains\annotations\13.0\annotations-13.0.jar;C:\Users\Bayu\.m2\repository\org\jetbrains\kotlin\kotlin-stdlib-common\1.6.0\kotlin-stdlib-common-1.6.0.jar;C:\Users\Bayu\.m2\repository\org\junit\platform\junit-platform-launcher\1.8.1\junit-platform-launcher-1.8.1.jar;C:\Users\Bayu\.m2\repository\org\junit\platform\junit-platform-engine\1.8.1\junit-platform-engine-1.8.1.jar;C:\Users\Bayu\.m2\repository\org\opentest4j\opentest4j\1.2.0\opentest4j-1.2.0.jar;C:\Users\Bayu\.m2\repository\org\junit\platform\junit-platform-commons\1.8.1\junit-platform-commons-1.8.1.jar;C:\Users\Bayu\.m2\repository\org\apiguardian\apiguardian-api\1.1.2\apiguardian-api-1.1.2.jar;C:\Users\Bayu\.m2\repository\org\junit\jupiter\junit-jupiter-engine\5.8.2\junit-jupiter-engine-5.8.2.jar;C:\Users\Bayu\.m2\repository\org\junit\jupiter\junit-jupiter-api\5.8.2\junit-jupiter-api-5.8.2.jar;C:\Users\Bayu\.m2\repository\org\junit\vintage\junit-vintage-engine\5.8.2\junit-vintage-engine-5.8.2.jar;C:\Users\Bayu\.m2\repository\junit\junit\4.13.2\junit-4.13.2.jar;C:\Users\Bayu\.m2\repository\org\hamcrest\hamcrest-core\1.3\hamcrest-core-1.3.jar;C:\Users\Bayu\.m2\repository\ch\qos\logback\logback-classic\1.2.10\logback-classic-1.2.10.jar;C:\Users\Bayu\.m2\repository\ch\qos\logback\logback-core\1.2.10\logback-core-1.2.10.jar;C:\Users\Bayu\.m2\repository\org\slf4j\slf4j-api\1.7.32\slf4j-api-1.7.32.jar;C:\Users\Bayu\.m2\repository\org\assertj\assertj-core\3.6.2\assertj-core-3.6.2.jar;"/>
    <property name="java.vm.vendor" value="Oracle Corporation"/>
    <property name="sun.arch.data.model" value="64"/>
    <property name="user.variant" value=""/>
    <property name="java.vendor.url" value="https://openjdk.java.net/"/>
    <property name="user.timezone" value="Asia/Bangkok"/>
    <property name="log4j2.formatMsgNoLookups" value="true"/>
    <property name="java.vm.specification.version" value="11"/>
    <property name="os.name" value="Windows 10"/>
    <property name="sun.java.launcher" value="SUN_STANDARD"/>
    <property name="user.country" value="ID"/>
    <property name="sun.boot.library.path" value="C:\Program Files\Java\jdk-11.0.16\bin"/>
    <property name="sun.java.command" value="org.apache.maven.surefire.booter.ForkedBooter C:\Users\Bayu\AppData\Local\Temp\surefire15814611053177938533 2022-10-05T16-51-01_557-jvmRun1 surefire7235093042391410556tmp surefire_04573346778288579698tmp"/>
    <property name="jdk.debug" value="release"/>
    <property name="surefire.test.class.path" value="D:\File Baru\Kuliah\Quality Engineer\qe_Bayu-Septyan-Nur-Hidayat\21_Review_Web_UI_Testing_with_Serenity\Praktikum\untitled\target\test-classes;C:\Users\Bayu\.m2\repository\net\serenity-bdd\serenity-core\3.2.1\serenity-core-3.2.1.jar;C:\Users\Bayu\.m2\repository\net\serenity-bdd\serenity-model\3.2.1\serenity-model-3.2.1.jar;C:\Users\Bayu\.m2\repository\org\apache\commons\commons-text\1.9\commons-text-1.9.jar;C:\Users\Bayu\.m2\repository\commons-net\commons-net\3.8.0\commons-net-3.8.0.jar;C:\Users\Bayu\.m2\repository\com\google\guava\guava\31.1-jre\guava-31.1-jre.jar;C:\Users\Bayu\.m2\repository\com\google\guava\failureaccess\1.0.1\failureaccess-1.0.1.jar;C:\Users\Bayu\.m2\repository\com\google\guava\listenablefuture\9999.0-empty-to-avoid-conflict-with-guava\listenablefuture-9999.0-empty-to-avoid-conflict-with-guava.jar;C:\Users\Bayu\.m2\repository\com\google\code\findbugs\jsr305\3.0.2\jsr305-3.0.2.jar;C:\Users\Bayu\.m2\repository\org\checkerframework\checker-qual\3.12.0\checker-qual-3.12.0.jar;C:\Users\Bayu\.m2\repository\com\google\errorprone\error_prone_annotations\2.11.0\error_prone_annotations-2.11.0.jar;C:\Users\Bayu\.m2\repository\com\google\j2objc\j2objc-annotations\1.3\j2objc-annotations-1.3.jar;C:\Users\Bayu\.m2\repository\com\google\inject\guice\5.1.0\guice-5.1.0.jar;C:\Users\Bayu\.m2\repository\javax\inject\javax.inject\1\javax.inject-1.jar;C:\Users\Bayu\.m2\repository\aopalliance\aopalliance\1.0\aopalliance-1.0.jar;C:\Users\Bayu\.m2\repository\org\jsoup\jsoup\1.14.3\jsoup-1.14.3.jar;C:\Users\Bayu\.m2\repository\com\thoughtworks\xstream\xstream\1.4.19\xstream-1.4.19.jar;C:\Users\Bayu\.m2\repository\io\github\x-stream\mxparser\1.2.2\mxparser-1.2.2.jar;C:\Users\Bayu\.m2\repository\xmlpull\xmlpull\1.1.3.1\xmlpull-1.1.3.1.jar;C:\Users\Bayu\.m2\repository\io\cucumber\cucumber-java\7.2.3\cucumber-java-7.2.3.jar;C:\Users\Bayu\.m2\repository\com\typesafe\config\1.4.2\config-1.4.2.jar;C:\Users\Bayu\.m2\repository\org\imgscalr\imgscalr-lib\4.2\imgscalr-lib-4.2.jar;C:\Users\Bayu\.m2\repository\org\awaitility\awaitility\4.2.0\awaitility-4.2.0.jar;C:\Users\Bayu\.m2\repository\org\freemarker\freemarker\2.3.31\freemarker-2.3.31.jar;C:\Users\Bayu\.m2\repository\io\github\classgraph\classgraph\4.8.138\classgraph-4.8.138.jar;C:\Users\Bayu\.m2\repository\net\sourceforge\jexcelapi\jxl\2.6.12\jxl-2.6.12.jar;C:\Users\Bayu\.m2\repository\net\bytebuddy\byte-buddy\1.12.8\byte-buddy-1.12.8.jar;C:\Users\Bayu\.m2\repository\net\bytebuddy\byte-buddy-agent\1.12.8\byte-buddy-agent-1.12.8.jar;C:\Users\Bayu\.m2\repository\org\objenesis\objenesis\3.1\objenesis-3.1.jar;C:\Users\Bayu\.m2\repository\net\serenity-bdd\serenity-reports\3.2.1\serenity-reports-3.2.1.jar;C:\Users\Bayu\.m2\repository\net\serenity-bdd\serenity-stats\3.2.1\serenity-stats-3.2.1.jar;C:\Users\Bayu\.m2\repository\net\serenity-bdd\serenity-reports-configuration\3.2.1\serenity-reports-configuration-3.2.1.jar;C:\Users\Bayu\.m2\repository\com\vladsch\flexmark\flexmark-all\0.34.30\flexmark-all-0.34.30.jar;C:\Users\Bayu\.m2\repository\com\vladsch\flexmark\flexmark\0.34.30\flexmark-0.34.30.jar;C:\Users\Bayu\.m2\repository\com\vladsch\flexmark\flexmark-ext-abbreviation\0.34.30\flexmark-ext-abbreviation-0.34.30.jar;C:\Users\Bayu\.m2\repository\com\vladsch\flexmark\flexmark-ext-admonition\0.34.30\flexmark-ext-admonition-0.34.30.jar;C:\Users\Bayu\.m2\repository\com\vladsch\flexmark\flexmark-ext-anchorlink\0.34.30\flexmark-ext-anchorlink-0.34.30.jar;C:\Users\Bayu\.m2\repository\com\vladsch\flexmark\flexmark-ext-aside\0.34.30\flexmark-ext-aside-0.34.30.jar;C:\Users\Bayu\.m2\repository\com\vladsch\flexmark\flexmark-ext-attributes\0.34.30\flexmark-ext-attributes-0.34.30.jar;C:\Users\Bayu\.m2\repository\com\vladsch\flexmark\flexmark-ext-autolink\0.34.30\flexmark-ext-autolink-0.34.30.jar;C:\Users\Bayu\.m2\repository\org\nibor\autolink\autolink\0.6.0\autolink-0.6.0.jar;C:\Users\Bayu\.m2\repository\com\vladsch\flexmark\flexmark-ext-definition\0.34.30\flexmark-ext-definition-0.34.30.jar;C:\Users\Bayu\.m2\repository\com\vladsch\flexmark\flexmark-ext-emoji\0.34.30\flexmark-ext-emoji-0.34.30.jar;C:\Users\Bayu\.m2\repository\com\vladsch\flexmark\flexmark-ext-enumerated-reference\0.34.30\flexmark-ext-enumerated-reference-0.34.30.jar;C:\Users\Bayu\.m2\repository\com\vladsch\flexmark\flexmark-ext-escaped-character\0.34.30\flexmark-ext-escaped-character-0.34.30.jar;C:\Users\Bayu\.m2\repository\com\vladsch\flexmark\flexmark-ext-footnotes\0.34.30\flexmark-ext-footnotes-0.34.30.jar;C:\Users\Bayu\.m2\repository\com\vladsch\flexmark\flexmark-ext-gfm-issues\0.34.30\flexmark-ext-gfm-issues-0.34.30.jar;C:\Users\Bayu\.m2\repository\com\vladsch\flexmark\flexmark-ext-gfm-strikethrough\0.34.30\flexmark-ext-gfm-strikethrough-0.34.30.jar;C:\Users\Bayu\.m2\repository\com\vladsch\flexmark\flexmark-ext-gfm-tables\0.34.30\flexmark-ext-gfm-tables-0.34.30.jar;C:\Users\Bayu\.m2\repository\com\vladsch\flexmark\flexmark-ext-gfm-tasklist\0.34.30\flexmark-ext-gfm-tasklist-0.34.30.jar;C:\Users\Bayu\.m2\repository\com\vladsch\flexmark\flexmark-ext-gfm-users\0.34.30\flexmark-ext-gfm-users-0.34.30.jar;C:\Users\Bayu\.m2\repository\com\vladsch\flexmark\flexmark-ext-gitlab\0.34.30\flexmark-ext-gitlab-0.34.30.jar;C:\Users\Bayu\.m2\repository\com\vladsch\flexmark\flexmark-ext-jekyll-front-matter\0.34.30\flexmark-ext-jekyll-front-matter-0.34.30.jar;C:\Users\Bayu\.m2\repository\com\vladsch\flexmark\flexmark-ext-jekyll-tag\0.34.30\flexmark-ext-jekyll-tag-0.34.30.jar;C:\Users\Bayu\.m2\repository\com\vladsch\flexmark\flexmark-ext-media-tags\0.34.30\flexmark-ext-media-tags-0.34.30.jar;C:\Users\Bayu\.m2\repository\com\vladsch\flexmark\flexmark-test-util\0.34.30\flexmark-test-util-0.34.30.jar;C:\Users\Bayu\.m2\repository\com\vladsch\flexmark\flexmark-ext-ins\0.34.30\flexmark-ext-ins-0.34.30.jar;C:\Users\Bayu\.m2\repository\com\vladsch\flexmark\flexmark-ext-xwiki-macros\0.34.30\flexmark-ext-xwiki-macros-0.34.30.jar;C:\Users\Bayu\.m2\repository\com\vladsch\flexmark\flexmark-ext-superscript\0.34.30\flexmark-ext-superscript-0.34.30.jar;C:\Users\Bayu\.m2\repository\com\vladsch\flexmark\flexmark-ext-tables\0.34.30\flexmark-ext-tables-0.34.30.jar;C:\Users\Bayu\.m2\repository\com\vladsch\flexmark\flexmark-ext-toc\0.34.30\flexmark-ext-toc-0.34.30.jar;C:\Users\Bayu\.m2\repository\com\vladsch\flexmark\flexmark-ext-typographic\0.34.30\flexmark-ext-typographic-0.34.30.jar;C:\Users\Bayu\.m2\repository\com\vladsch\flexmark\flexmark-ext-wikilink\0.34.30\flexmark-ext-wikilink-0.34.30.jar;C:\Users\Bayu\.m2\repository\com\vladsch\flexmark\flexmark-ext-yaml-front-matter\0.34.30\flexmark-ext-yaml-front-matter-0.34.30.jar;C:\Users\Bayu\.m2\repository\com\vladsch\flexmark\flexmark-ext-youtube-embedded\0.34.30\flexmark-ext-youtube-embedded-0.34.30.jar;C:\Users\Bayu\.m2\repository\com\vladsch\flexmark\flexmark-formatter\0.34.30\flexmark-formatter-0.34.30.jar;C:\Users\Bayu\.m2\repository\com\vladsch\flexmark\flexmark-html-parser\0.34.30\flexmark-html-parser-0.34.30.jar;C:\Users\Bayu\.m2\repository\com\vladsch\flexmark\flexmark-jira-converter\0.34.30\flexmark-jira-converter-0.34.30.jar;C:\Users\Bayu\.m2\repository\com\vladsch\flexmark\flexmark-pdf-converter\0.34.30\flexmark-pdf-converter-0.34.30.jar;C:\Users\Bayu\.m2\repository\com\openhtmltopdf\openhtmltopdf-core\0.0.1-RC13\openhtmltopdf-core-0.0.1-RC13.jar;C:\Users\Bayu\.m2\repository\com\openhtmltopdf\openhtmltopdf-pdfbox\0.0.1-RC13\openhtmltopdf-pdfbox-0.0.1-RC13.jar;C:\Users\Bayu\.m2\repository\org\apache\pdfbox\pdfbox\2.0.8\pdfbox-2.0.8.jar;C:\Users\Bayu\.m2\repository\org\apache\pdfbox\fontbox\2.0.8\fontbox-2.0.8.jar;C:\Users\Bayu\.m2\repository\commons-logging\commons-logging\1.2\commons-logging-1.2.jar;C:\Users\Bayu\.m2\repository\org\apache\pdfbox\xmpbox\2.0.8\xmpbox-2.0.8.jar;C:\Users\Bayu\.m2\repository\de\rototor\pdfbox\graphics2d\0.12\graphics2d-0.12.jar;C:\Users\Bayu\.m2\repository\com\openhtmltopdf\openhtmltopdf-rtl-support\0.0.1-RC13\openhtmltopdf-rtl-support-0.0.1-RC13.jar;C:\Users\Bayu\.m2\repository\com\ibm\icu\icu4j\59.1\icu4j-59.1.jar;C:\Users\Bayu\.m2\repository\com\openhtmltopdf\openhtmltopdf-jsoup-dom-converter\0.0.1-RC13\openhtmltopdf-jsoup-dom-converter-0.0.1-RC13.jar;C:\Users\Bayu\.m2\repository\com\vladsch\flexmark\flexmark-profile-pegdown\0.34.30\flexmark-profile-pegdown-0.34.30.jar;C:\Users\Bayu\.m2\repository\com\vladsch\flexmark\flexmark-util\0.34.30\flexmark-util-0.34.30.jar;C:\Users\Bayu\.m2\repository\com\vladsch\flexmark\flexmark-youtrack-converter\0.34.30\flexmark-youtrack-converter-0.34.30.jar;C:\Users\Bayu\.m2\repository\es\nitaur\markdown\txtmark\0.16\txtmark-0.16.jar;C:\Users\Bayu\.m2\repository\net\serenity-bdd\serenity-report-resources\3.2.1\serenity-report-resources-3.2.1.jar;C:\Users\Bayu\.m2\repository\com\google\code\gson\gson\2.9.0\gson-2.9.0.jar;C:\Users\Bayu\.m2\repository\com\fasterxml\jackson\core\jackson-core\2.13.2\jackson-core-2.13.2.jar;C:\Users\Bayu\.m2\repository\com\fasterxml\jackson\core\jackson-databind\2.13.2\jackson-databind-2.13.2.jar;C:\Users\Bayu\.m2\repository\com\fasterxml\jackson\core\jackson-annotations\2.13.2\jackson-annotations-2.13.2.jar;C:\Users\Bayu\.m2\repository\commons-codec\commons-codec\1.15\commons-codec-1.15.jar;C:\Users\Bayu\.m2\repository\commons-io\commons-io\2.11.0\commons-io-2.11.0.jar;C:\Users\Bayu\.m2\repository\org\seleniumhq\selenium\selenium-java\4.1.2\selenium-java-4.1.2.jar;C:\Users\Bayu\.m2\repository\org\seleniumhq\selenium\selenium-devtools-v85\4.1.2\selenium-devtools-v85-4.1.2.jar;C:\Users\Bayu\.m2\repository\org\seleniumhq\selenium\selenium-devtools-v95\4.1.2\selenium-devtools-v95-4.1.2.jar;C:\Users\Bayu\.m2\repository\org\seleniumhq\selenium\selenium-devtools-v96\4.1.2\selenium-devtools-v96-4.1.2.jar;C:\Users\Bayu\.m2\repository\org\seleniumhq\selenium\selenium-devtools-v97\4.1.2\selenium-devtools-v97-4.1.2.jar;C:\Users\Bayu\.m2\repository\org\seleniumhq\selenium\selenium-firefox-xpi-driver\4.1.2\selenium-firefox-xpi-driver-4.1.2.jar;C:\Users\Bayu\.m2\repository\org\seleniumhq\selenium\selenium-opera-driver\4.1.2\selenium-opera-driver-4.1.2.jar;C:\Users\Bayu\.m2\repository\org\seleniumhq\selenium\selenium-remote-driver\4.1.2\selenium-remote-driver-4.1.2.jar;C:\Users\Bayu\.m2\repository\com\beust\jcommander\1.82\jcommander-1.82.jar;C:\Users\Bayu\.m2\repository\io\netty\netty-buffer\4.1.73.Final\netty-buffer-4.1.73.Final.jar;C:\Users\Bayu\.m2\repository\io\netty\netty-codec-http\4.1.73.Final\netty-codec-http-4.1.73.Final.jar;C:\Users\Bayu\.m2\repository\io\netty\netty-codec\4.1.73.Final\netty-codec-4.1.73.Final.jar;C:\Users\Bayu\.m2\repository\io\netty\netty-handler\4.1.73.Final\netty-handler-4.1.73.Final.jar;C:\Users\Bayu\.m2\repository\io\netty\netty-tcnative-classes\2.0.46.Final\netty-tcnative-classes-2.0.46.Final.jar;C:\Users\Bayu\.m2\repository\io\netty\netty-common\4.1.73.Final\netty-common-4.1.73.Final.jar;C:\Users\Bayu\.m2\repository\io\netty\netty-transport-classes-epoll\4.1.73.Final\netty-transport-classes-epoll-4.1.73.Final.jar;C:\Users\Bayu\.m2\repository\io\netty\netty-transport-classes-kqueue\4.1.73.Final\netty-transport-classes-kqueue-4.1.73.Final.jar;C:\Users\Bayu\.m2\repository\io\netty\netty-transport-native-epoll\4.1.73.Final\netty-transport-native-epoll-4.1.73.Final.jar;C:\Users\Bayu\.m2\repository\io\netty\netty-transport-native-kqueue\4.1.73.Final\netty-transport-native-kqueue-4.1.73.Final.jar;C:\Users\Bayu\.m2\repository\io\netty\netty-transport-native-unix-common\4.1.73.Final\netty-transport-native-unix-common-4.1.73.Final.jar;C:\Users\Bayu\.m2\repository\io\netty\netty-transport\4.1.73.Final\netty-transport-4.1.73.Final.jar;C:\Users\Bayu\.m2\repository\io\netty\netty-resolver\4.1.73.Final\netty-resolver-4.1.73.Final.jar;C:\Users\Bayu\.m2\repository\io\opentelemetry\opentelemetry-api\1.10.1\opentelemetry-api-1.10.1.jar;C:\Users\Bayu\.m2\repository\io\opentelemetry\opentelemetry-context\1.10.1\opentelemetry-context-1.10.1.jar;C:\Users\Bayu\.m2\repository\io\opentelemetry\opentelemetry-exporter-logging\1.10.1\opentelemetry-exporter-logging-1.10.1.jar;C:\Users\Bayu\.m2\repository\io\opentelemetry\opentelemetry-sdk-metrics\1.10.1-alpha\opentelemetry-sdk-metrics-1.10.1-alpha.jar;C:\Users\Bayu\.m2\repository\io\opentelemetry\opentelemetry-sdk-logs\1.10.1-alpha\opentelemetry-sdk-logs-1.10.1-alpha.jar;C:\Users\Bayu\.m2\repository\io\opentelemetry\opentelemetry-sdk-common\1.10.1\opentelemetry-sdk-common-1.10.1.jar;C:\Users\Bayu\.m2\repository\io\opentelemetry\opentelemetry-sdk-extension-autoconfigure-spi\1.10.1\opentelemetry-sdk-extension-autoconfigure-spi-1.10.1.jar;C:\Users\Bayu\.m2\repository\io\opentelemetry\opentelemetry-sdk-extension-autoconfigure\1.10.1-alpha\opentelemetry-sdk-extension-autoconfigure-1.10.1-alpha.jar;C:\Users\Bayu\.m2\repository\io\opentelemetry\opentelemetry-sdk-trace\1.10.1\opentelemetry-sdk-trace-1.10.1.jar;C:\Users\Bayu\.m2\repository\io\opentelemetry\opentelemetry-sdk\1.10.1\opentelemetry-sdk-1.10.1.jar;C:\Users\Bayu\.m2\repository\io\opentelemetry\opentelemetry-semconv\1.10.1-alpha\opentelemetry-semconv-1.10.1-alpha.jar;C:\Users\Bayu\.m2\repository\io\ous\jtoml\2.0.0\jtoml-2.0.0.jar;C:\Users\Bayu\.m2\repository\org\apache\commons\commons-exec\1.3\commons-exec-1.3.jar;C:\Users\Bayu\.m2\repository\org\asynchttpclient\async-http-client\2.12.3\async-http-client-2.12.3.jar;C:\Users\Bayu\.m2\repository\org\asynchttpclient\async-http-client-netty-utils\2.12.3\async-http-client-netty-utils-2.12.3.jar;C:\Users\Bayu\.m2\repository\io\netty\netty-codec-socks\4.1.60.Final\netty-codec-socks-4.1.60.Final.jar;C:\Users\Bayu\.m2\repository\io\netty\netty-handler-proxy\4.1.60.Final\netty-handler-proxy-4.1.60.Final.jar;C:\Users\Bayu\.m2\repository\io\netty\netty-transport-native-epoll\4.1.60.Final\netty-transport-native-epoll-4.1.60.Final-linux-x86_64.jar;C:\Users\Bayu\.m2\repository\io\netty\netty-transport-native-kqueue\4.1.60.Final\netty-transport-native-kqueue-4.1.60.Final-osx-x86_64.jar;C:\Users\Bayu\.m2\repository\org\reactivestreams\reactive-streams\1.0.3\reactive-streams-1.0.3.jar;C:\Users\Bayu\.m2\repository\com\typesafe\netty\netty-reactive-streams\2.0.4\netty-reactive-streams-2.0.4.jar;C:\Users\Bayu\.m2\repository\org\seleniumhq\selenium\selenium-http\4.1.2\selenium-http-4.1.2.jar;C:\Users\Bayu\.m2\repository\net\jodah\failsafe\2.4.4\failsafe-2.4.4.jar;C:\Users\Bayu\.m2\repository\org\seleniumhq\selenium\selenium-safari-driver\4.1.2\selenium-safari-driver-4.1.2.jar;C:\Users\Bayu\.m2\repository\org\seleniumhq\selenium\selenium-api\4.1.2\selenium-api-4.1.2.jar;C:\Users\Bayu\.m2\repository\org\seleniumhq\selenium\selenium-support\4.1.2\selenium-support-4.1.2.jar;C:\Users\Bayu\.m2\repository\com\google\auto\service\auto-service-annotations\1.0.1\auto-service-annotations-1.0.1.jar;C:\Users\Bayu\.m2\repository\com\google\auto\service\auto-service\1.0.1\auto-service-1.0.1.jar;C:\Users\Bayu\.m2\repository\com\google\auto\auto-common\1.2\auto-common-1.2.jar;C:\Users\Bayu\.m2\repository\org\seleniumhq\selenium\selenium-json\4.1.2\selenium-json-4.1.2.jar;C:\Users\Bayu\.m2\repository\org\seleniumhq\selenium\selenium-chrome-driver\4.1.2\selenium-chrome-driver-4.1.2.jar;C:\Users\Bayu\.m2\repository\org\seleniumhq\selenium\selenium-chromium-driver\4.1.2\selenium-chromium-driver-4.1.2.jar;C:\Users\Bayu\.m2\repository\org\seleniumhq\selenium\selenium-firefox-driver\4.1.2\selenium-firefox-driver-4.1.2.jar;C:\Users\Bayu\.m2\repository\org\seleniumhq\selenium\selenium-edge-driver\4.1.2\selenium-edge-driver-4.1.2.jar;C:\Users\Bayu\.m2\repository\org\seleniumhq\selenium\selenium-ie-driver\4.1.2\selenium-ie-driver-4.1.2.jar;C:\Users\Bayu\.m2\repository\org\projectlombok\lombok\1.18.20\lombok-1.18.20.jar;C:\Users\Bayu\.m2\repository\io\appium\java-client\8.0.0\java-client-8.0.0.jar;C:\Users\Bayu\.m2\repository\commons-validator\commons-validator\1.7\commons-validator-1.7.jar;C:\Users\Bayu\.m2\repository\commons-digester\commons-digester\2.1\commons-digester-2.1.jar;C:\Users\Bayu\.m2\repository\org\aspectj\aspectjweaver\1.9.8\aspectjweaver-1.9.8.jar;C:\Users\Bayu\.m2\repository\org\codehaus\groovy\groovy\3.0.10\groovy-3.0.10.jar;C:\Users\Bayu\.m2\repository\net\sf\opencsv\opencsv\2.0\opencsv-2.0.jar;C:\Users\Bayu\.m2\repository\commons-beanutils\commons-beanutils\1.9.4\commons-beanutils-1.9.4.jar;C:\Users\Bayu\.m2\repository\org\apache\commons\commons-lang3\3.12.0\commons-lang3-3.12.0.jar;C:\Users\Bayu\.m2\repository\commons-collections\commons-collections\3.2.2\commons-collections-3.2.2.jar;C:\Users\Bayu\.m2\repository\org\fluentlenium\fluentlenium-core\0.10.2\fluentlenium-core-0.10.2.jar;C:\Users\Bayu\.m2\repository\io\github\bonigarcia\webdrivermanager\5.1.0\webdrivermanager-5.1.0.jar;C:\Users\Bayu\.m2\repository\com\github\docker-java\docker-java\3.2.13\docker-java-3.2.13.jar;C:\Users\Bayu\.m2\repository\com\github\docker-java\docker-java-core\3.2.13\docker-java-core-3.2.13.jar;C:\Users\Bayu\.m2\repository\com\github\docker-java\docker-java-api\3.2.13\docker-java-api-3.2.13.jar;C:\Users\Bayu\.m2\repository\org\apache\commons\commons-compress\1.21\commons-compress-1.21.jar;C:\Users\Bayu\.m2\repository\org\bouncycastle\bcpkix-jdk15on\1.64\bcpkix-jdk15on-1.64.jar;C:\Users\Bayu\.m2\repository\org\bouncycastle\bcprov-jdk15on\1.64\bcprov-jdk15on-1.64.jar;C:\Users\Bayu\.m2\repository\org\slf4j\jcl-over-slf4j\1.7.30\jcl-over-slf4j-1.7.30.jar;C:\Users\Bayu\.m2\repository\com\github\docker-java\docker-java-transport-httpclient5\3.2.13\docker-java-transport-httpclient5-3.2.13.jar;C:\Users\Bayu\.m2\repository\com\github\docker-java\docker-java-transport\3.2.13\docker-java-transport-3.2.13.jar;C:\Users\Bayu\.m2\repository\org\apache\httpcomponents\client5\httpclient5\5.0.3\httpclient5-5.0.3.jar;C:\Users\Bayu\.m2\repository\org\apache\httpcomponents\core5\httpcore5\5.0.2\httpcore5-5.0.2.jar;C:\Users\Bayu\.m2\repository\net\java\dev\jna\jna\5.8.0\jna-5.8.0.jar;C:\Users\Bayu\.m2\repository\org\brotli\dec\0.1.2\dec-0.1.2.jar;C:\Users\Bayu\.m2\repository\com\jhlabs\filters\2.0.235\filters-2.0.235.jar;C:\Users\Bayu\.m2\repository\com\paulhammant\ngwebdriver\1.1.6\ngwebdriver-1.1.6.jar;C:\Users\Bayu\.m2\repository\joda-time\joda-time\2.8.2\joda-time-2.8.2.jar;C:\Users\Bayu\.m2\repository\org\hamcrest\hamcrest\2.2\hamcrest-2.2.jar;C:\Users\Bayu\.m2\repository\com\google\jimfs\jimfs\1.2\jimfs-1.2.jar;C:\Users\Bayu\.m2\repository\org\mockito\mockito-core\3.3.3\mockito-core-3.3.3.jar;C:\Users\Bayu\.m2\repository\javax\xml\bind\jaxb-api\2.3.1\jaxb-api-2.3.1.jar;C:\Users\Bayu\.m2\repository\javax\activation\javax.activation-api\1.2.0\javax.activation-api-1.2.0.jar;C:\Users\Bayu\.m2\repository\com\sun\xml\bind\jaxb-core\2.3.0.1\jaxb-core-2.3.0.1.jar;C:\Users\Bayu\.m2\repository\com\sun\xml\bind\jaxb-impl\2.3.3\jaxb-impl-2.3.3.jar;C:\Users\Bayu\.m2\repository\jakarta\xml\bind\jakarta.xml.bind-api\2.3.3\jakarta.xml.bind-api-2.3.3.jar;C:\Users\Bayu\.m2\repository\com\sun\activation\jakarta.activation\1.2.2\jakarta.activation-1.2.2.jar;C:\Users\Bayu\.m2\repository\javax\activation\activation\1.1.1\activation-1.1.1.jar;C:\Users\Bayu\.m2\repository\net\serenity-bdd\serenity-cucumber\3.2.1\serenity-cucumber-3.2.1.jar;C:\Users\Bayu\.m2\repository\io\cucumber\cucumber-core\7.2.3\cucumber-core-7.2.3.jar;C:\Users\Bayu\.m2\repository\io\cucumber\cucumber-gherkin\7.2.3\cucumber-gherkin-7.2.3.jar;C:\Users\Bayu\.m2\repository\io\cucumber\cucumber-gherkin-messages\7.2.3\cucumber-gherkin-messages-7.2.3.jar;C:\Users\Bayu\.m2\repository\io\cucumber\messages\17.1.1\messages-17.1.1.jar;C:\Users\Bayu\.m2\repository\io\cucumber\tag-expressions\4.1.0\tag-expressions-4.1.0.jar;C:\Users\Bayu\.m2\repository\io\cucumber\cucumber-expressions\15.0.1\cucumber-expressions-15.0.1.jar;C:\Users\Bayu\.m2\repository\io\cucumber\datatable\7.2.3\datatable-7.2.3.jar;C:\Users\Bayu\.m2\repository\io\cucumber\cucumber-plugin\7.2.3\cucumber-plugin-7.2.3.jar;C:\Users\Bayu\.m2\repository\io\cucumber\docstring\7.2.3\docstring-7.2.3.jar;C:\Users\Bayu\.m2\repository\io\cucumber\html-formatter\17.0.0\html-formatter-17.0.0.jar;C:\Users\Bayu\.m2\repository\io\cucumber\ci-environment\8.1.0\ci-environment-8.1.0.jar;C:\Users\Bayu\.m2\repository\io\cucumber\cucumber-junit\7.2.3\cucumber-junit-7.2.3.jar;C:\Users\Bayu\.m2\repository\org\apache\commons\commons-csv\1.5\commons-csv-1.5.jar;C:\Users\Bayu\.m2\repository\net\serenity-bdd\serenity-screenplay\3.2.1\serenity-screenplay-3.2.1.jar;C:\Users\Bayu\.m2\repository\net\serenity-bdd\serenity-screenplay-webdriver\3.2.1\serenity-screenplay-webdriver-3.2.1.jar;C:\Users\Bayu\.m2\repository\net\serenity-bdd\serenity-ensure\3.2.1\serenity-ensure-3.2.1.jar;C:\Users\Bayu\.m2\repository\net\serenity-bdd\serenity-junit\3.2.1\serenity-junit-3.2.1.jar;C:\Users\Bayu\.m2\repository\org\jetbrains\kotlin\kotlin-stdlib\1.6.0\kotlin-stdlib-1.6.0.jar;C:\Users\Bayu\.m2\repository\org\jetbrains\annotations\13.0\annotations-13.0.jar;C:\Users\Bayu\.m2\repository\org\jetbrains\kotlin\kotlin-stdlib-common\1.6.0\kotlin-stdlib-common-1.6.0.jar;C:\Users\Bayu\.m2\repository\org\junit\platform\junit-platform-launcher\1.8.1\junit-platform-launcher-1.8.1.jar;C:\Users\Bayu\.m2\repository\org\junit\platform\junit-platform-engine\1.8.1\junit-platform-engine-1.8.1.jar;C:\Users\Bayu\.m2\repository\org\opentest4j\opentest4j\1.2.0\opentest4j-1.2.0.jar;C:\Users\Bayu\.m2\repository\org\junit\platform\junit-platform-commons\1.8.1\junit-platform-commons-1.8.1.jar;C:\Users\Bayu\.m2\repository\org\apiguardian\apiguardian-api\1.1.2\apiguardian-api-1.1.2.jar;C:\Users\Bayu\.m2\repository\org\junit\jupiter\junit-jupiter-engine\5.8.2\junit-jupiter-engine-5.8.2.jar;C:\Users\Bayu\.m2\repository\org\junit\jupiter\junit-jupiter-api\5.8.2\junit-jupiter-api-5.8.2.jar;C:\Users\Bayu\.m2\repository\org\junit\vintage\junit-vintage-engine\5.8.2\junit-vintage-engine-5.8.2.jar;C:\Users\Bayu\.m2\repository\junit\junit\4.13.2\junit-4.13.2.jar;C:\Users\Bayu\.m2\repository\org\hamcrest\hamcrest-core\1.3\hamcrest-core-1.3.jar;C:\Users\Bayu\.m2\repository\ch\qos\logback\logback-classic\1.2.10\logback-classic-1.2.10.jar;C:\Users\Bayu\.m2\repository\ch\qos\logback\logback-core\1.2.10\logback-core-1.2.10.jar;C:\Users\Bayu\.m2\repository\org\slf4j\slf4j-api\1.7.32\slf4j-api-1.7.32.jar;C:\Users\Bayu\.m2\repository\org\assertj\assertj-core\3.6.2\assertj-core-3.6.2.jar;"/>
    <property name="sun.cpu.endian" value="little"/>
    <property name="user.home" value="C:\Users\Bayu"/>
    <property name="user.language" value="en"/>
    <property name="java.specification.vendor" value="Oracle Corporation"/>
    <property name="jdk.module.path" value="D:\File Baru\Kuliah\Quality Engineer\qe_Bayu-Septyan-Nur-Hidayat\21_Review_Web_UI_Testing_with_Serenity\Praktikum\untitled\target\untitled-1.0-SNAPSHOT.jar"/>
    <property name="java.version.date" value="2022-07-19"/>
    <property name="java.home" value="C:\Program Files\Java\jdk-11.0.16"/>
    <property name="file.separator" value="\"/>
    <property name="basedir" value="D:\File Baru\Kuliah\Quality Engineer\qe_Bayu-Septyan-Nur-Hidayat\21_Review_Web_UI_Testing_with_Serenity\Praktikum\untitled"/>
    <property name="java.vm.compressedOopsMode" value="32-bit"/>
    <property name="line.separator" value="&#10;"/>
    <property name="java.specification.name" value="Java Platform API Specification"/>
    <property name="java.vm.specification.vendor" value="Oracle Corporation"/>
    <property name="java.awt.graphicsenv" value="sun.awt.Win32GraphicsEnvironment"/>
    <property name="surefire.real.class.path" value="C:\Users\Bayu\.m2\repository\org\apache\maven\surefire\surefire-booter\3.0.0-M5\surefire-booter-3.0.0-M5.jar;C:\Users\Bayu\.m2\repository\org\apache\maven\surefire\surefire-api\3.0.0-M5\surefire-api-3.0.0-M5.jar;C:\Users\Bayu\.m2\repository\org\apache\maven\surefire\surefire-logger-api\3.0.0-M5\surefire-logger-api-3.0.0-M5.jar;C:\Users\Bayu\.m2\repository\org\apache\maven\surefire\surefire-shared-utils\3.0.0-M4\surefire-shared-utils-3.0.0-M4.jar;C:\Users\Bayu\.m2\repository\org\apache\maven\surefire\surefire-extensions-spi\3.0.0-M5\surefire-extensions-spi-3.0.0-M5.jar;D:\File Baru\Kuliah\Quality Engineer\qe_Bayu-Septyan-Nur-Hidayat\21_Review_Web_UI_Testing_with_Serenity\Praktikum\untitled\target\test-classes;C:\Users\Bayu\.m2\repository\net\serenity-bdd\serenity-core\3.2.1\serenity-core-3.2.1.jar;C:\Users\Bayu\.m2\repository\net\serenity-bdd\serenity-model\3.2.1\serenity-model-3.2.1.jar;C:\Users\Bayu\.m2\repository\org\apache\commons\commons-text\1.9\commons-text-1.9.jar;C:\Users\Bayu\.m2\repository\commons-net\commons-net\3.8.0\commons-net-3.8.0.jar;C:\Users\Bayu\.m2\repository\com\google\guava\guava\31.1-jre\guava-31.1-jre.jar;C:\Users\Bayu\.m2\repository\com\google\guava\failureaccess\1.0.1\failureaccess-1.0.1.jar;C:\Users\Bayu\.m2\repository\com\google\guava\listenablefuture\9999.0-empty-to-avoid-conflict-with-guava\listenablefuture-9999.0-empty-to-avoid-conflict-with-guava.jar;C:\Users\Bayu\.m2\repository\com\google\code\findbugs\jsr305\3.0.2\jsr305-3.0.2.jar;C:\Users\Bayu\.m2\repository\org\checkerframework\checker-qual\3.12.0\checker-qual-3.12.0.jar;C:\Users\Bayu\.m2\repository\com\google\errorprone\error_prone_annotations\2.11.0\error_prone_annotations-2.11.0.jar;C:\Users\Bayu\.m2\repository\com\google\j2objc\j2objc-annotations\1.3\j2objc-annotations-1.3.jar;C:\Users\Bayu\.m2\repository\com\google\inject\guice\5.1.0\guice-5.1.0.jar;C:\Users\Bayu\.m2\repository\javax\inject\javax.inject\1\javax.inject-1.jar;C:\Users\Bayu\.m2\repository\aopalliance\aopalliance\1.0\aopalliance-1.0.jar;C:\Users\Bayu\.m2\repository\org\jsoup\jsoup\1.14.3\jsoup-1.14.3.jar;C:\Users\Bayu\.m2\repository\com\thoughtworks\xstream\xstream\1.4.19\xstream-1.4.19.jar;C:\Users\Bayu\.m2\repository\io\github\x-stream\mxparser\1.2.2\mxparser-1.2.2.jar;C:\Users\Bayu\.m2\repository\xmlpull\xmlpull\1.1.3.1\xmlpull-1.1.3.1.jar;C:\Users\Bayu\.m2\repository\io\cucumber\cucumber-java\7.2.3\cucumber-java-7.2.3.jar;C:\Users\Bayu\.m2\repository\com\typesafe\config\1.4.2\config-1.4.2.jar;C:\Users\Bayu\.m2\repository\org\imgscalr\imgscalr-lib\4.2\imgscalr-lib-4.2.jar;C:\Users\Bayu\.m2\repository\org\awaitility\awaitility\4.2.0\awaitility-4.2.0.jar;C:\Users\Bayu\.m2\repository\org\freemarker\freemarker\2.3.31\freemarker-2.3.31.jar;C:\Users\Bayu\.m2\repository\io\github\classgraph\classgraph\4.8.138\classgraph-4.8.138.jar;C:\Users\Bayu\.m2\repository\net\sourceforge\jexcelapi\jxl\2.6.12\jxl-2.6.12.jar;C:\Users\Bayu\.m2\repository\net\bytebuddy\byte-buddy\1.12.8\byte-buddy-1.12.8.jar;C:\Users\Bayu\.m2\repository\net\bytebuddy\byte-buddy-agent\1.12.8\byte-buddy-agent-1.12.8.jar;C:\Users\Bayu\.m2\repository\org\objenesis\objenesis\3.1\objenesis-3.1.jar;C:\Users\Bayu\.m2\repository\net\serenity-bdd\serenity-reports\3.2.1\serenity-reports-3.2.1.jar;C:\Users\Bayu\.m2\repository\net\serenity-bdd\serenity-stats\3.2.1\serenity-stats-3.2.1.jar;C:\Users\Bayu\.m2\repository\net\serenity-bdd\serenity-reports-configuration\3.2.1\serenity-reports-configuration-3.2.1.jar;C:\Users\Bayu\.m2\repository\com\vladsch\flexmark\flexmark-all\0.34.30\flexmark-all-0.34.30.jar;C:\Users\Bayu\.m2\repository\com\vladsch\flexmark\flexmark\0.34.30\flexmark-0.34.30.jar;C:\Users\Bayu\.m2\repository\com\vladsch\flexmark\flexmark-ext-abbreviation\0.34.30\flexmark-ext-abbreviation-0.34.30.jar;C:\Users\Bayu\.m2\repository\com\vladsch\flexmark\flexmark-ext-admonition\0.34.30\flexmark-ext-admonition-0.34.30.jar;C:\Users\Bayu\.m2\repository\com\vladsch\flexmark\flexmark-ext-anchorlink\0.34.30\flexmark-ext-anchorlink-0.34.30.jar;C:\Users\Bayu\.m2\repository\com\vladsch\flexmark\flexmark-ext-aside\0.34.30\flexmark-ext-aside-0.34.30.jar;C:\Users\Bayu\.m2\repository\com\vladsch\flexmark\flexmark-ext-attributes\0.34.30\flexmark-ext-attributes-0.34.30.jar;C:\Users\Bayu\.m2\repository\com\vladsch\flexmark\flexmark-ext-autolink\0.34.30\flexmark-ext-autolink-0.34.30.jar;C:\Users\Bayu\.m2\repository\org\nibor\autolink\autolink\0.6.0\autolink-0.6.0.jar;C:\Users\Bayu\.m2\repository\com\vladsch\flexmark\flexmark-ext-definition\0.34.30\flexmark-ext-definition-0.34.30.jar;C:\Users\Bayu\.m2\repository\com\vladsch\flexmark\flexmark-ext-emoji\0.34.30\flexmark-ext-emoji-0.34.30.jar;C:\Users\Bayu\.m2\repository\com\vladsch\flexmark\flexmark-ext-enumerated-reference\0.34.30\flexmark-ext-enumerated-reference-0.34.30.jar;C:\Users\Bayu\.m2\repository\com\vladsch\flexmark\flexmark-ext-escaped-character\0.34.30\flexmark-ext-escaped-character-0.34.30.jar;C:\Users\Bayu\.m2\repository\com\vladsch\flexmark\flexmark-ext-footnotes\0.34.30\flexmark-ext-footnotes-0.34.30.jar;C:\Users\Bayu\.m2\repository\com\vladsch\flexmark\flexmark-ext-gfm-issues\0.34.30\flexmark-ext-gfm-issues-0.34.30.jar;C:\Users\Bayu\.m2\repository\com\vladsch\flexmark\flexmark-ext-gfm-strikethrough\0.34.30\flexmark-ext-gfm-strikethrough-0.34.30.jar;C:\Users\Bayu\.m2\repository\com\vladsch\flexmark\flexmark-ext-gfm-tables\0.34.30\flexmark-ext-gfm-tables-0.34.30.jar;C:\Users\Bayu\.m2\repository\com\vladsch\flexmark\flexmark-ext-gfm-tasklist\0.34.30\flexmark-ext-gfm-tasklist-0.34.30.jar;C:\Users\Bayu\.m2\repository\com\vladsch\flexmark\flexmark-ext-gfm-users\0.34.30\flexmark-ext-gfm-users-0.34.30.jar;C:\Users\Bayu\.m2\repository\com\vladsch\flexmark\flexmark-ext-gitlab\0.34.30\flexmark-ext-gitlab-0.34.30.jar;C:\Users\Bayu\.m2\repository\com\vladsch\flexmark\flexmark-ext-jekyll-front-matter\0.34.30\flexmark-ext-jekyll-front-matter-0.34.30.jar;C:\Users\Bayu\.m2\repository\com\vladsch\flexmark\flexmark-ext-jekyll-tag\0.34.30\flexmark-ext-jekyll-tag-0.34.30.jar;C:\Users\Bayu\.m2\repository\com\vladsch\flexmark\flexmark-ext-media-tags\0.34.30\flexmark-ext-media-tags-0.34.30.jar;C:\Users\Bayu\.m2\repository\com\vladsch\flexmark\flexmark-test-util\0.34.30\flexmark-test-util-0.34.30.jar;C:\Users\Bayu\.m2\repository\com\vladsch\flexmark\flexmark-ext-ins\0.34.30\flexmark-ext-ins-0.34.30.jar;C:\Users\Bayu\.m2\repository\com\vladsch\flexmark\flexmark-ext-xwiki-macros\0.34.30\flexmark-ext-xwiki-macros-0.34.30.jar;C:\Users\Bayu\.m2\repository\com\vladsch\flexmark\flexmark-ext-superscript\0.34.30\flexmark-ext-superscript-0.34.30.jar;C:\Users\Bayu\.m2\repository\com\vladsch\flexmark\flexmark-ext-tables\0.34.30\flexmark-ext-tables-0.34.30.jar;C:\Users\Bayu\.m2\repository\com\vladsch\flexmark\flexmark-ext-toc\0.34.30\flexmark-ext-toc-0.34.30.jar;C:\Users\Bayu\.m2\repository\com\vladsch\flexmark\flexmark-ext-typographic\0.34.30\flexmark-ext-typographic-0.34.30.jar;C:\Users\Bayu\.m2\repository\com\vladsch\flexmark\flexmark-ext-wikilink\0.34.30\flexmark-ext-wikilink-0.34.30.jar;C:\Users\Bayu\.m2\repository\com\vladsch\flexmark\flexmark-ext-yaml-front-matter\0.34.30\flexmark-ext-yaml-front-matter-0.34.30.jar;C:\Users\Bayu\.m2\repository\com\vladsch\flexmark\flexmark-ext-youtube-embedded\0.34.30\flexmark-ext-youtube-embedded-0.34.30.jar;C:\Users\Bayu\.m2\repository\com\vladsch\flexmark\flexmark-formatter\0.34.30\flexmark-formatter-0.34.30.jar;C:\Users\Bayu\.m2\repository\com\vladsch\flexmark\flexmark-html-parser\0.34.30\flexmark-html-parser-0.34.30.jar;C:\Users\Bayu\.m2\repository\com\vladsch\flexmark\flexmark-jira-converter\0.34.30\flexmark-jira-converter-0.34.30.jar;C:\Users\Bayu\.m2\repository\com\vladsch\flexmark\flexmark-pdf-converter\0.34.30\flexmark-pdf-converter-0.34.30.jar;C:\Users\Bayu\.m2\repository\com\openhtmltopdf\openhtmltopdf-core\0.0.1-RC13\openhtmltopdf-core-0.0.1-RC13.jar;C:\Users\Bayu\.m2\repository\com\openhtmltopdf\openhtmltopdf-pdfbox\0.0.1-RC13\openhtmltopdf-pdfbox-0.0.1-RC13.jar;C:\Users\Bayu\.m2\repository\org\apache\pdfbox\pdfbox\2.0.8\pdfbox-2.0.8.jar;C:\Users\Bayu\.m2\repository\org\apache\pdfbox\fontbox\2.0.8\fontbox-2.0.8.jar;C:\Users\Bayu\.m2\repository\commons-logging\commons-logging\1.2\commons-logging-1.2.jar;C:\Users\Bayu\.m2\repository\org\apache\pdfbox\xmpbox\2.0.8\xmpbox-2.0.8.jar;C:\Users\Bayu\.m2\repository\de\rototor\pdfbox\graphics2d\0.12\graphics2d-0.12.jar;C:\Users\Bayu\.m2\repository\com\openhtmltopdf\openhtmltopdf-rtl-support\0.0.1-RC13\openhtmltopdf-rtl-support-0.0.1-RC13.jar;C:\Users\Bayu\.m2\repository\com\ibm\icu\icu4j\59.1\icu4j-59.1.jar;C:\Users\Bayu\.m2\repository\com\openhtmltopdf\openhtmltopdf-jsoup-dom-converter\0.0.1-RC13\openhtmltopdf-jsoup-dom-converter-0.0.1-RC13.jar;C:\Users\Bayu\.m2\repository\com\vladsch\flexmark\flexmark-profile-pegdown\0.34.30\flexmark-profile-pegdown-0.34.30.jar;C:\Users\Bayu\.m2\repository\com\vladsch\flexmark\flexmark-util\0.34.30\flexmark-util-0.34.30.jar;C:\Users\Bayu\.m2\repository\com\vladsch\flexmark\flexmark-youtrack-converter\0.34.30\flexmark-youtrack-converter-0.34.30.jar;C:\Users\Bayu\.m2\repository\es\nitaur\markdown\txtmark\0.16\txtmark-0.16.jar;C:\Users\Bayu\.m2\repository\net\serenity-bdd\serenity-report-resources\3.2.1\serenity-report-resources-3.2.1.jar;C:\Users\Bayu\.m2\repository\com\google\code\gson\gson\2.9.0\gson-2.9.0.jar;C:\Users\Bayu\.m2\repository\com\fasterxml\jackson\core\jackson-core\2.13.2\jackson-core-2.13.2.jar;C:\Users\Bayu\.m2\repository\com\fasterxml\jackson\core\jackson-databind\2.13.2\jackson-databind-2.13.2.jar;C:\Users\Bayu\.m2\repository\com\fasterxml\jackson\core\jackson-annotations\2.13.2\jackson-annotations-2.13.2.jar;C:\Users\Bayu\.m2\repository\commons-codec\commons-codec\1.15\commons-codec-1.15.jar;C:\Users\Bayu\.m2\repository\commons-io\commons-io\2.11.0\commons-io-2.11.0.jar;C:\Users\Bayu\.m2\repository\org\seleniumhq\selenium\selenium-java\4.1.2\selenium-java-4.1.2.jar;C:\Users\Bayu\.m2\repository\org\seleniumhq\selenium\selenium-devtools-v85\4.1.2\selenium-devtools-v85-4.1.2.jar;C:\Users\Bayu\.m2\repository\org\seleniumhq\selenium\selenium-devtools-v95\4.1.2\selenium-devtools-v95-4.1.2.jar;C:\Users\Bayu\.m2\repository\org\seleniumhq\selenium\selenium-devtools-v96\4.1.2\selenium-devtools-v96-4.1.2.jar;C:\Users\Bayu\.m2\repository\org\seleniumhq\selenium\selenium-devtools-v97\4.1.2\selenium-devtools-v97-4.1.2.jar;C:\Users\Bayu\.m2\repository\org\seleniumhq\selenium\selenium-firefox-xpi-driver\4.1.2\selenium-firefox-xpi-driver-4.1.2.jar;C:\Users\Bayu\.m2\repository\org\seleniumhq\selenium\selenium-opera-driver\4.1.2\selenium-opera-driver-4.1.2.jar;C:\Users\Bayu\.m2\repository\org\seleniumhq\selenium\selenium-remote-driver\4.1.2\selenium-remote-driver-4.1.2.jar;C:\Users\Bayu\.m2\repository\com\beust\jcommander\1.82\jcommander-1.82.jar;C:\Users\Bayu\.m2\repository\io\netty\netty-buffer\4.1.73.Final\netty-buffer-4.1.73.Final.jar;C:\Users\Bayu\.m2\repository\io\netty\netty-codec-http\4.1.73.Final\netty-codec-http-4.1.73.Final.jar;C:\Users\Bayu\.m2\repository\io\netty\netty-codec\4.1.73.Final\netty-codec-4.1.73.Final.jar;C:\Users\Bayu\.m2\repository\io\netty\netty-handler\4.1.73.Final\netty-handler-4.1.73.Final.jar;C:\Users\Bayu\.m2\repository\io\netty\netty-tcnative-classes\2.0.46.Final\netty-tcnative-classes-2.0.46.Final.jar;C:\Users\Bayu\.m2\repository\io\netty\netty-common\4.1.73.Final\netty-common-4.1.73.Final.jar;C:\Users\Bayu\.m2\repository\io\netty\netty-transport-classes-epoll\4.1.73.Final\netty-transport-classes-epoll-4.1.73.Final.jar;C:\Users\Bayu\.m2\repository\io\netty\netty-transport-classes-kqueue\4.1.73.Final\netty-transport-classes-kqueue-4.1.73.Final.jar;C:\Users\Bayu\.m2\repository\io\netty\netty-transport-native-epoll\4.1.73.Final\netty-transport-native-epoll-4.1.73.Final.jar;C:\Users\Bayu\.m2\repository\io\netty\netty-transport-native-kqueue\4.1.73.Final\netty-transport-native-kqueue-4.1.73.Final.jar;C:\Users\Bayu\.m2\repository\io\netty\netty-transport-native-unix-common\4.1.73.Final\netty-transport-native-unix-common-4.1.73.Final.jar;C:\Users\Bayu\.m2\repository\io\netty\netty-transport\4.1.73.Final\netty-transport-4.1.73.Final.jar;C:\Users\Bayu\.m2\repository\io\netty\netty-resolver\4.1.73.Final\netty-resolver-4.1.73.Final.jar;C:\Users\Bayu\.m2\repository\io\opentelemetry\opentelemetry-api\1.10.1\opentelemetry-api-1.10.1.jar;C:\Users\Bayu\.m2\repository\io\opentelemetry\opentelemetry-context\1.10.1\opentelemetry-context-1.10.1.jar;C:\Users\Bayu\.m2\repository\io\opentelemetry\opentelemetry-exporter-logging\1.10.1\opentelemetry-exporter-logging-1.10.1.jar;C:\Users\Bayu\.m2\repository\io\opentelemetry\opentelemetry-sdk-metrics\1.10.1-alpha\opentelemetry-sdk-metrics-1.10.1-alpha.jar;C:\Users\Bayu\.m2\repository\io\opentelemetry\opentelemetry-sdk-logs\1.10.1-alpha\opentelemetry-sdk-logs-1.10.1-alpha.jar;C:\Users\Bayu\.m2\repository\io\opentelemetry\opentelemetry-sdk-common\1.10.1\opentelemetry-sdk-common-1.10.1.jar;C:\Users\Bayu\.m2\repository\io\opentelemetry\opentelemetry-sdk-extension-autoconfigure-spi\1.10.1\opentelemetry-sdk-extension-autoconfigure-spi-1.10.1.jar;C:\Users\Bayu\.m2\repository\io\opentelemetry\opentelemetry-sdk-extension-autoconfigure\1.10.1-alpha\opentelemetry-sdk-extension-autoconfigure-1.10.1-alpha.jar;C:\Users\Bayu\.m2\repository\io\opentelemetry\opentelemetry-sdk-trace\1.10.1\opentelemetry-sdk-trace-1.10.1.jar;C:\Users\Bayu\.m2\repository\io\opentelemetry\opentelemetry-sdk\1.10.1\opentelemetry-sdk-1.10.1.jar;C:\Users\Bayu\.m2\repository\io\opentelemetry\opentelemetry-semconv\1.10.1-alpha\opentelemetry-semconv-1.10.1-alpha.jar;C:\Users\Bayu\.m2\repository\io\ous\jtoml\2.0.0\jtoml-2.0.0.jar;C:\Users\Bayu\.m2\repository\org\apache\commons\commons-exec\1.3\commons-exec-1.3.jar;C:\Users\Bayu\.m2\repository\org\asynchttpclient\async-http-client\2.12.3\async-http-client-2.12.3.jar;C:\Users\Bayu\.m2\repository\org\asynchttpclient\async-http-client-netty-utils\2.12.3\async-http-client-netty-utils-2.12.3.jar;C:\Users\Bayu\.m2\repository\io\netty\netty-codec-socks\4.1.60.Final\netty-codec-socks-4.1.60.Final.jar;C:\Users\Bayu\.m2\repository\io\netty\netty-handler-proxy\4.1.60.Final\netty-handler-proxy-4.1.60.Final.jar;C:\Users\Bayu\.m2\repository\io\netty\netty-transport-native-epoll\4.1.60.Final\netty-transport-native-epoll-4.1.60.Final-linux-x86_64.jar;C:\Users\Bayu\.m2\repository\io\netty\netty-transport-native-kqueue\4.1.60.Final\netty-transport-native-kqueue-4.1.60.Final-osx-x86_64.jar;C:\Users\Bayu\.m2\repository\org\reactivestreams\reactive-streams\1.0.3\reactive-streams-1.0.3.jar;C:\Users\Bayu\.m2\repository\com\typesafe\netty\netty-reactive-streams\2.0.4\netty-reactive-streams-2.0.4.jar;C:\Users\Bayu\.m2\repository\org\seleniumhq\selenium\selenium-http\4.1.2\selenium-http-4.1.2.jar;C:\Users\Bayu\.m2\repository\net\jodah\failsafe\2.4.4\failsafe-2.4.4.jar;C:\Users\Bayu\.m2\repository\org\seleniumhq\selenium\selenium-safari-driver\4.1.2\selenium-safari-driver-4.1.2.jar;C:\Users\Bayu\.m2\repository\org\seleniumhq\selenium\selenium-api\4.1.2\selenium-api-4.1.2.jar;C:\Users\Bayu\.m2\repository\org\seleniumhq\selenium\selenium-support\4.1.2\selenium-support-4.1.2.jar;C:\Users\Bayu\.m2\repository\com\google\auto\service\auto-service-annotations\1.0.1\auto-service-annotations-1.0.1.jar;C:\Users\Bayu\.m2\repository\com\google\auto\service\auto-service\1.0.1\auto-service-1.0.1.jar;C:\Users\Bayu\.m2\repository\com\google\auto\auto-common\1.2\auto-common-1.2.jar;C:\Users\Bayu\.m2\repository\org\seleniumhq\selenium\selenium-json\4.1.2\selenium-json-4.1.2.jar;C:\Users\Bayu\.m2\repository\org\seleniumhq\selenium\selenium-chrome-driver\4.1.2\selenium-chrome-driver-4.1.2.jar;C:\Users\Bayu\.m2\repository\org\seleniumhq\selenium\selenium-chromium-driver\4.1.2\selenium-chromium-driver-4.1.2.jar;C:\Users\Bayu\.m2\repository\org\seleniumhq\selenium\selenium-firefox-driver\4.1.2\selenium-firefox-driver-4.1.2.jar;C:\Users\Bayu\.m2\repository\org\seleniumhq\selenium\selenium-edge-driver\4.1.2\selenium-edge-driver-4.1.2.jar;C:\Users\Bayu\.m2\repository\org\seleniumhq\selenium\selenium-ie-driver\4.1.2\selenium-ie-driver-4.1.2.jar;C:\Users\Bayu\.m2\repository\org\projectlombok\lombok\1.18.20\lombok-1.18.20.jar;C:\Users\Bayu\.m2\repository\io\appium\java-client\8.0.0\java-client-8.0.0.jar;C:\Users\Bayu\.m2\repository\commons-validator\commons-validator\1.7\commons-validator-1.7.jar;C:\Users\Bayu\.m2\repository\commons-digester\commons-digester\2.1\commons-digester-2.1.jar;C:\Users\Bayu\.m2\repository\org\aspectj\aspectjweaver\1.9.8\aspectjweaver-1.9.8.jar;C:\Users\Bayu\.m2\repository\org\codehaus\groovy\groovy\3.0.10\groovy-3.0.10.jar;C:\Users\Bayu\.m2\repository\net\sf\opencsv\opencsv\2.0\opencsv-2.0.jar;C:\Users\Bayu\.m2\repository\commons-beanutils\commons-beanutils\1.9.4\commons-beanutils-1.9.4.jar;C:\Users\Bayu\.m2\repository\org\apache\commons\commons-lang3\3.12.0\commons-lang3-3.12.0.jar;C:\Users\Bayu\.m2\repository\commons-collections\commons-collections\3.2.2\commons-collections-3.2.2.jar;C:\Users\Bayu\.m2\repository\org\fluentlenium\fluentlenium-core\0.10.2\fluentlenium-core-0.10.2.jar;C:\Users\Bayu\.m2\repository\io\github\bonigarcia\webdrivermanager\5.1.0\webdrivermanager-5.1.0.jar;C:\Users\Bayu\.m2\repository\com\github\docker-java\docker-java\3.2.13\docker-java-3.2.13.jar;C:\Users\Bayu\.m2\repository\com\github\docker-java\docker-java-core\3.2.13\docker-java-core-3.2.13.jar;C:\Users\Bayu\.m2\repository\com\github\docker-java\docker-java-api\3.2.13\docker-java-api-3.2.13.jar;C:\Users\Bayu\.m2\repository\org\apache\commons\commons-compress\1.21\commons-compress-1.21.jar;C:\Users\Bayu\.m2\repository\org\bouncycastle\bcpkix-jdk15on\1.64\bcpkix-jdk15on-1.64.jar;C:\Users\Bayu\.m2\repository\org\bouncycastle\bcprov-jdk15on\1.64\bcprov-jdk15on-1.64.jar;C:\Users\Bayu\.m2\repository\org\slf4j\jcl-over-slf4j\1.7.30\jcl-over-slf4j-1.7.30.jar;C:\Users\Bayu\.m2\repository\com\github\docker-java\docker-java-transport-httpclient5\3.2.13\docker-java-transport-httpclient5-3.2.13.jar;C:\Users\Bayu\.m2\repository\com\github\docker-java\docker-java-transport\3.2.13\docker-java-transport-3.2.13.jar;C:\Users\Bayu\.m2\repository\org\apache\httpcomponents\client5\httpclient5\5.0.3\httpclient5-5.0.3.jar;C:\Users\Bayu\.m2\repository\org\apache\httpcomponents\core5\httpcore5\5.0.2\httpcore5-5.0.2.jar;C:\Users\Bayu\.m2\repository\net\java\dev\jna\jna\5.8.0\jna-5.8.0.jar;C:\Users\Bayu\.m2\repository\org\brotli\dec\0.1.2\dec-0.1.2.jar;C:\Users\Bayu\.m2\repository\com\jhlabs\filters\2.0.235\filters-2.0.235.jar;C:\Users\Bayu\.m2\repository\com\paulhammant\ngwebdriver\1.1.6\ngwebdriver-1.1.6.jar;C:\Users\Bayu\.m2\repository\joda-time\joda-time\2.8.2\joda-time-2.8.2.jar;C:\Users\Bayu\.m2\repository\org\hamcrest\hamcrest\2.2\hamcrest-2.2.jar;C:\Users\Bayu\.m2\repository\com\google\jimfs\jimfs\1.2\jimfs-1.2.jar;C:\Users\Bayu\.m2\repository\org\mockito\mockito-core\3.3.3\mockito-core-3.3.3.jar;C:\Users\Bayu\.m2\repository\javax\xml\bind\jaxb-api\2.3.1\jaxb-api-2.3.1.jar;C:\Users\Bayu\.m2\repository\javax\activation\javax.activation-api\1.2.0\javax.activation-api-1.2.0.jar;C:\Users\Bayu\.m2\repository\com\sun\xml\bind\jaxb-core\2.3.0.1\jaxb-core-2.3.0.1.jar;C:\Users\Bayu\.m2\repository\com\sun\xml\bind\jaxb-impl\2.3.3\jaxb-impl-2.3.3.jar;C:\Users\Bayu\.m2\repository\jakarta\xml\bind\jakarta.xml.bind-api\2.3.3\jakarta.xml.bind-api-2.3.3.jar;C:\Users\Bayu\.m2\repository\com\sun\activation\jakarta.activation\1.2.2\jakarta.activation-1.2.2.jar;C:\Users\Bayu\.m2\repository\javax\activation\activation\1.1.1\activation-1.1.1.jar;C:\Users\Bayu\.m2\repository\net\serenity-bdd\serenity-cucumber\3.2.1\serenity-cucumber-3.2.1.jar;C:\Users\Bayu\.m2\repository\io\cucumber\cucumber-core\7.2.3\cucumber-core-7.2.3.jar;C:\Users\Bayu\.m2\repository\io\cucumber\cucumber-gherkin\7.2.3\cucumber-gherkin-7.2.3.jar;C:\Users\Bayu\.m2\repository\io\cucumber\cucumber-gherkin-messages\7.2.3\cucumber-gherkin-messages-7.2.3.jar;C:\Users\Bayu\.m2\repository\io\cucumber\messages\17.1.1\messages-17.1.1.jar;C:\Users\Bayu\.m2\repository\io\cucumber\tag-expressions\4.1.0\tag-expressions-4.1.0.jar;C:\Users\Bayu\.m2\repository\io\cucumber\cucumber-expressions\15.0.1\cucumber-expressions-15.0.1.jar;C:\Users\Bayu\.m2\repository\io\cucumber\datatable\7.2.3\datatable-7.2.3.jar;C:\Users\Bayu\.m2\repository\io\cucumber\cucumber-plugin\7.2.3\cucumber-plugin-7.2.3.jar;C:\Users\Bayu\.m2\repository\io\cucumber\docstring\7.2.3\docstring-7.2.3.jar;C:\Users\Bayu\.m2\repository\io\cucumber\html-formatter\17.0.0\html-formatter-17.0.0.jar;C:\Users\Bayu\.m2\repository\io\cucumber\ci-environment\8.1.0\ci-environment-8.1.0.jar;C:\Users\Bayu\.m2\repository\io\cucumber\cucumber-junit\7.2.3\cucumber-junit-7.2.3.jar;C:\Users\Bayu\.m2\repository\org\apache\commons\commons-csv\1.5\commons-csv-1.5.jar;C:\Users\Bayu\.m2\repository\net\serenity-bdd\serenity-screenplay\3.2.1\serenity-screenplay-3.2.1.jar;C:\Users\Bayu\.m2\repository\net\serenity-bdd\serenity-screenplay-webdriver\3.2.1\serenity-screenplay-webdriver-3.2.1.jar;C:\Users\Bayu\.m2\repository\net\serenity-bdd\serenity-ensure\3.2.1\serenity-ensure-3.2.1.jar;C:\Users\Bayu\.m2\repository\net\serenity-bdd\serenity-junit\3.2.1\serenity-junit-3.2.1.jar;C:\Users\Bayu\.m2\repository\org\jetbrains\kotlin\kotlin-stdlib\1.6.0\kotlin-stdlib-1.6.0.jar;C:\Users\Bayu\.m2\repository\org\jetbrains\annotations\13.0\annotations-13.0.jar;C:\Users\Bayu\.m2\repository\org\jetbrains\kotlin\kotlin-stdlib-common\1.6.0\kotlin-stdlib-common-1.6.0.jar;C:\Users\Bayu\.m2\repository\org\junit\platform\junit-platform-launcher\1.8.1\junit-platform-launcher-1.8.1.jar;C:\Users\Bayu\.m2\repository\org\junit\platform\junit-platform-engine\1.8.1\junit-platform-engine-1.8.1.jar;C:\Users\Bayu\.m2\repository\org\opentest4j\opentest4j\1.2.0\opentest4j-1.2.0.jar;C:\Users\Bayu\.m2\repository\org\junit\platform\junit-platform-commons\1.8.1\junit-platform-commons-1.8.1.jar;C:\Users\Bayu\.m2\repository\org\apiguardian\apiguardian-api\1.1.2\apiguardian-api-1.1.2.jar;C:\Users\Bayu\.m2\repository\org\junit\jupiter\junit-jupiter-engine\5.8.2\junit-jupiter-engine-5.8.2.jar;C:\Users\Bayu\.m2\repository\org\junit\jupiter\junit-jupiter-api\5.8.2\junit-jupiter-api-5.8.2.jar;C:\Users\Bayu\.m2\repository\org\junit\vintage\junit-vintage-engine\5.8.2\junit-vintage-engine-5.8.2.jar;C:\Users\Bayu\.m2\repository\junit\junit\4.13.2\junit-4.13.2.jar;C:\Users\Bayu\.m2\repository\org\hamcrest\hamcrest-core\1.3\hamcrest-core-1.3.jar;C:\Users\Bayu\.m2\repository\ch\qos\logback\logback-classic\1.2.10\logback-classic-1.2.10.jar;C:\Users\Bayu\.m2\repository\ch\qos\logback\logback-core\1.2.10\logback-core-1.2.10.jar;C:\Users\Bayu\.m2\repository\org\slf4j\slf4j-api\1.7.32\slf4j-api-1.7.32.jar;C:\Users\Bayu\.m2\repository\org\assertj\assertj-core\3.6.2\assertj-core-3.6.2.jar;C:\Users\Bayu\.m2\repository\org\apache\maven\surefire\surefire-junit-platform\3.0.0-M5\surefire-junit-platform-3.0.0-M5.jar;C:\Users\Bayu\.m2\repository\org\apache\maven\surefire\common-java5\3.0.0-M5\common-java5-3.0.0-M5.jar"/>
    <property name="user.script" value=""/>
    <property name="java.protocol.handler.pkgs" value="com.google.common"/>
    <property name="sun.management.compiler" value="HotSpot 64-Bit Tiered Compilers"/>
    <property name="java.runtime.version" value="11.0.16+11-LTS-199"/>
    <property name="webdriver.edge.driver" value="C:\Users\Bayu\.cache\selenium\msedgedriver\win64\105.0.1343.53\msedgedriver.exe"/>
    <property name="user.name" value="Bayu"/>
    <property name="path.separator" value=";"/>
    <property name="os.version" value="10.0"/>
    <property name="java.runtime.name" value="Java(TM) SE Runtime Environment"/>
    <property name="file.encoding" value="Cp1252"/>
    <property name="webdriver.base.url" value=""/>
    <property name="java.vm.name" value="Java HotSpot(TM) 64-Bit Server VM"/>
    <property name="java.vendor.version" value="18.9"/>
    <property name="localRepository" value="C:\Users\Bayu\.m2\repository"/>
    <property name="java.vendor.url.bug" value="https://bugreport.java.com/bugreport/"/>
    <property name="java.io.tmpdir" value="C:\Users\Bayu\AppData\Local\Temp\"/>
    <property name="java.version" value="11.0.16"/>
    <property name="user.dir" value="D:\File Baru\Kuliah\Quality Engineer\qe_Bayu-Septyan-Nur-Hidayat\21_Review_Web_UI_Testing_with_Serenity\Praktikum\untitled"/>
    <property name="os.arch" value="amd64"/>
    <property name="java.vm.specification.name" value="Java Virtual Machine Specification"/>
    <property name="java.awt.printerjob" value="sun.awt.windows.WPrinterJob"/>
    <property name="sun.os.patch.level" value=""/>
    <property name="java.library.path" value="C:\Program Files\Java\jdk-11.0.16\bin;C:\Windows\Sun\Java\bin;C:\Windows\system32;C:\Windows;C:\Program Files\Common Files\Oracle\Java\javapath;C:\Windows\system32;C:\Windows;C:\Windows\System32\Wbem;C:\Windows\System32\WindowsPowerShell\v1.0\;C:\Windows\System32\OpenSSH\;C:\Program Files\Git\cmd;C:\Program Files\java-se-8u41-ri\bin;C:\Program Files\apache-maven-3.8.6\bin;C:\Program Files\Java\jdk-11.0.16\bin;C:\Users\Bayu\AppData\Local\Microsoft\WindowsApps;C:\Users\Bayu\AppData\Local\Programs\Microsoft VS Code\bin;C:\Program Files\java-se-8u41-ri\bin;;."/>
    <property name="java.vendor" value="Oracle Corporation"/>
    <property name="java.vm.info" value="mixed mode"/>
    <property name="java.vm.version" value="11.0.16+11-LTS-199"/>
    <property name="sun.io.unicode.encoding" value="UnicodeLittle"/>
    <property name="java.class.version" value="55.0"/>
  </properties>
  <testcase name="See Information of Git Pocket Guide Book" classname="See Information" time="90.046">
    <system-out><![CDATA[16:51:08.660 [main] INFO io.cucumber.core.plugin.SerenityReporter - Running feature from file:///D:/File%20Baru/Kuliah/Quality%20Engineer/qe_Bayu-Septyan-Nur-Hidayat/21_Review_Web_UI_Testing_with_Serenity/Praktikum/untitled/src/test/resources/features/CartToCollection.feature
16:51:09.038 [main] INFO  - 

-------------------------------------------------------------------------------------
     _______. _______ .______       _______ .__   __.  __  .___________.____    ____ 
    /       ||   ____||   _  \     |   ____||  \ |  | |  | |           |\   \  /   / 
   |   (----`|  |__   |  |_)  |    |  |__   |   \|  | |  | `---|  |----` \   \/   /  
    \   \    |   __|  |      /     |   __|  |  . `  | |  |     |  |       \_    _/   
.----)   |   |  |____ |  |\  \----.|  |____ |  |\   | |  |     |  |         |  |     
|_______/    |_______|| _| `._____||_______||__| \__| |__|     |__|         |__|    
                                                                                     
 News and tutorials at http://www.serenity-bdd.info                                  
 Documentation at https://wakaleo.gitbooks.io/the-serenity-book/content/             
 Join the Serenity Community on Gitter: https://gitter.im/serenity-bdd/serenity-core 
 Serenity BDD Support and Training at http://serenity-bdd.info/#/trainingandsupport  
-------------------------------------------------------------------------------------

16:51:09.042 [main] DEBUG net.thucydides.core.steps.StepEventBus - Test suite started for story net.thucydides.core.model.Story@59e3786f
16:51:09.046 [main] INFO  - Test Suite Started: See Information
16:51:09.075 [main] INFO io.cucumber.core.plugin.SerenityReporter - Running feature from file:///D:/File%20Baru/Kuliah/Quality%20Engineer/qe_Bayu-Septyan-Nur-Hidayat/21_Review_Web_UI_Testing_with_Serenity/Praktikum/untitled/src/test/resources/features/Login.feature
16:51:09.084 [main] DEBUG net.thucydides.core.steps.StepEventBus - Test suite started for story net.thucydides.core.model.Story@23282f08
16:51:09.088 [main] INFO  - Test Suite Started: Login
16:51:09.090 [main] INFO io.cucumber.core.plugin.SerenityReporter - Running feature from file:///D:/File%20Baru/Kuliah/Quality%20Engineer/qe_Bayu-Septyan-Nur-Hidayat/21_Review_Web_UI_Testing_with_Serenity/Praktikum/untitled/src/test/resources/features/CartToCollection.feature
16:51:09.096 [main] DEBUG net.thucydides.core.steps.StepEventBus - Test suite started for story net.thucydides.core.model.Story@59e3786f
16:51:09.096 [main] INFO  - Test Suite Started: See Information

Scenario: See Information of Git Pocket Guide Book &amp#27;[90m# src/test/resources/features/CartToCollection.feature:6&amp#27;[0m
16:51:09.244 [main] INFO io.cucumber.core.plugin.SerenityReporter - Running feature from file:///D:/File%20Baru/Kuliah/Quality%20Engineer/qe_Bayu-Septyan-Nur-Hidayat/21_Review_Web_UI_Testing_with_Serenity/Praktikum/untitled/src/test/resources/features/CartToCollection.feature
16:51:09.430 [main] INFO  - 
  _____   ___   ___   _____     ___   _____     _     ___   _____   ___   ___  
 |_   _| | __| / __| |_   _|   / __| |_   _|   /_\   | _ \ |_   _| | __| |   \ 
   | |   | _|  \__ \   | |     \__ \   | |    / _ \  |   /   | |   | _|  | |) |
   |_|   |___| |___/   |_|     |___/   |_|   /_/ \_\ |_|_\   |_|   |___| |___/ 

See Information of Git Pocket Guide Book(see-information;see-information-of-git-pocket-guide-book)
--------------------------------------------------------------------------------
16:51:12.093 [main] DEBUG io.github.bonigarcia.wdm.cache.ResolutionCache - Removing resolution edge=105 from cache (expired on Wed Oct 05 16:48:55 ICT 2022)
16:51:12.136 [main] DEBUG org.apache.hc.client5.http.impl.classic.InternalHttpClient - ex-00000001: preparing request execution
16:51:12.145 [main] DEBUG org.apache.hc.client5.http.protocol.RequestAddCookies - Cookie spec selected: strict
16:51:12.155 [main] DEBUG org.apache.hc.client5.http.protocol.RequestAuthCache - Auth cache not set in the context
16:51:12.155 [main] DEBUG org.apache.hc.client5.http.impl.classic.ProtocolExec - ex-00000001: target auth state: UNCHALLENGED
16:51:12.156 [main] DEBUG org.apache.hc.client5.http.impl.classic.ProtocolExec - ex-00000001: proxy auth state: UNCHALLENGED
16:51:12.156 [main] DEBUG org.apache.hc.client5.http.impl.classic.ConnectExec - ex-00000001: acquiring connection with route {s}->https://raw.githubusercontent.com:443
16:51:12.156 [main] DEBUG org.apache.hc.client5.http.impl.classic.InternalHttpClient - ex-00000001: acquiring endpoint (3 MINUTES)
16:51:12.159 [main] DEBUG org.apache.hc.client5.http.impl.io.PoolingHttpClientConnectionManager - ex-00000001: endpoint lease request (3 MINUTES) [route: {s}->https://raw.githubusercontent.com:443][total available: 0; route allocated: 0 of 5; total allocated: 0 of 25]
16:51:12.167 [main] DEBUG org.apache.hc.client5.http.impl.io.PoolingHttpClientConnectionManager - ex-00000001: endpoint leased [route: {s}->https://raw.githubusercontent.com:443][total available: 0; route allocated: 1 of 5; total allocated: 1 of 25]
16:51:12.188 [main] DEBUG org.apache.hc.client5.http.impl.io.PoolingHttpClientConnectionManager - ex-00000001: acquired ep-00000000
16:51:12.188 [main] DEBUG org.apache.hc.client5.http.impl.classic.InternalHttpClient - ex-00000001: acquired endpoint ep-00000000
16:51:12.188 [main] DEBUG org.apache.hc.client5.http.impl.classic.ConnectExec - ex-00000001: opening connection {s}->https://raw.githubusercontent.com:443
16:51:12.190 [main] DEBUG org.apache.hc.client5.http.impl.classic.InternalHttpClient - ep-00000000: connecting endpoint (30 SECONDS)
16:51:12.190 [main] DEBUG org.apache.hc.client5.http.impl.io.PoolingHttpClientConnectionManager - ep-00000000: connecting endpoint to https://raw.githubusercontent.com:443 (30 SECONDS)
16:51:14.287 [main] DEBUG org.apache.hc.client5.http.impl.io.DefaultHttpClientConnectionOperator - http-outgoing-0: connecting to raw.githubusercontent.com/185.199.110.133:443
16:51:14.287 [main] DEBUG org.apache.hc.client5.http.ssl.SSLConnectionSocketFactory - Connecting socket to raw.githubusercontent.com/185.199.110.133:443 with timeout 30 SECONDS
16:51:14.485 [main] DEBUG org.apache.hc.client5.http.ssl.SSLConnectionSocketFactory - Enabled protocols: [TLSv1.3, TLSv1.2]
16:51:14.485 [main] DEBUG org.apache.hc.client5.http.ssl.SSLConnectionSocketFactory - Enabled cipher suites: [TLS_AES_256_GCM_SHA384, TLS_AES_128_GCM_SHA256, TLS_CHACHA20_POLY1305_SHA256, TLS_ECDHE_ECDSA_WITH_AES_256_GCM_SHA384, TLS_ECDHE_ECDSA_WITH_AES_128_GCM_SHA256, TLS_ECDHE_ECDSA_WITH_CHACHA20_POLY1305_SHA256, TLS_ECDHE_RSA_WITH_AES_256_GCM_SHA384, TLS_ECDHE_RSA_WITH_CHACHA20_POLY1305_SHA256, TLS_ECDHE_RSA_WITH_AES_128_GCM_SHA256, TLS_DHE_RSA_WITH_AES_256_GCM_SHA384, TLS_DHE_RSA_WITH_CHACHA20_POLY1305_SHA256, TLS_DHE_DSS_WITH_AES_256_GCM_SHA384, TLS_DHE_RSA_WITH_AES_128_GCM_SHA256, TLS_DHE_DSS_WITH_AES_128_GCM_SHA256, TLS_ECDHE_ECDSA_WITH_AES_256_CBC_SHA384, TLS_ECDHE_RSA_WITH_AES_256_CBC_SHA384, TLS_ECDHE_ECDSA_WITH_AES_128_CBC_SHA256, TLS_ECDHE_RSA_WITH_AES_128_CBC_SHA256, TLS_DHE_RSA_WITH_AES_256_CBC_SHA256, TLS_DHE_DSS_WITH_AES_256_CBC_SHA256, TLS_DHE_RSA_WITH_AES_128_CBC_SHA256, TLS_DHE_DSS_WITH_AES_128_CBC_SHA256, TLS_ECDH_ECDSA_WITH_AES_256_GCM_SHA384, TLS_ECDH_RSA_WITH_AES_256_GCM_SHA384, TLS_ECDH_ECDSA_WITH_AES_128_GCM_SHA256, TLS_ECDH_RSA_WITH_AES_128_GCM_SHA256, TLS_ECDH_ECDSA_WITH_AES_256_CBC_SHA384, TLS_ECDH_RSA_WITH_AES_256_CBC_SHA384, TLS_ECDH_ECDSA_WITH_AES_128_CBC_SHA256, TLS_ECDH_RSA_WITH_AES_128_CBC_SHA256, TLS_ECDHE_ECDSA_WITH_AES_256_CBC_SHA, TLS_ECDHE_RSA_WITH_AES_256_CBC_SHA, TLS_ECDHE_ECDSA_WITH_AES_128_CBC_SHA, TLS_ECDHE_RSA_WITH_AES_128_CBC_SHA, TLS_DHE_RSA_WITH_AES_256_CBC_SHA, TLS_DHE_DSS_WITH_AES_256_CBC_SHA, TLS_DHE_RSA_WITH_AES_128_CBC_SHA, TLS_DHE_DSS_WITH_AES_128_CBC_SHA, TLS_ECDH_ECDSA_WITH_AES_256_CBC_SHA, TLS_ECDH_RSA_WITH_AES_256_CBC_SHA, TLS_ECDH_ECDSA_WITH_AES_128_CBC_SHA, TLS_ECDH_RSA_WITH_AES_128_CBC_SHA, TLS_RSA_WITH_AES_256_GCM_SHA384, TLS_RSA_WITH_AES_128_GCM_SHA256, TLS_RSA_WITH_AES_256_CBC_SHA256, TLS_RSA_WITH_AES_128_CBC_SHA256, TLS_RSA_WITH_AES_256_CBC_SHA, TLS_RSA_WITH_AES_128_CBC_SHA, TLS_EMPTY_RENEGOTIATION_INFO_SCSV]
16:51:14.486 [main] DEBUG org.apache.hc.client5.http.ssl.SSLConnectionSocketFactory - Starting handshake
16:51:14.814 [main] DEBUG org.apache.hc.client5.http.ssl.SSLConnectionSocketFactory - Secure session established
16:51:14.814 [main] DEBUG org.apache.hc.client5.http.ssl.SSLConnectionSocketFactory -  negotiated protocol: TLSv1.3
16:51:14.814 [main] DEBUG org.apache.hc.client5.http.ssl.SSLConnectionSocketFactory -  negotiated cipher suite: TLS_AES_256_GCM_SHA384
16:51:14.815 [main] DEBUG org.apache.hc.client5.http.ssl.SSLConnectionSocketFactory -  peer principal: CN=*.github.io, O="GitHub, Inc.", L=San Francisco, ST=California, C=US
16:51:14.818 [main] DEBUG org.apache.hc.client5.http.ssl.SSLConnectionSocketFactory -  peer alternative names: [*.github.io, github.com, *.github.com, www.github.com, github.io, githubusercontent.com, *.githubusercontent.com]
16:51:14.818 [main] DEBUG org.apache.hc.client5.http.ssl.SSLConnectionSocketFactory -  issuer principal: CN=DigiCert TLS RSA SHA256 2020 CA1, O=DigiCert Inc, C=US
16:51:14.819 [main] DEBUG org.apache.hc.client5.http.impl.io.DefaultHttpClientConnectionOperator - http-outgoing-0: connection established 192.168.21.123:3310<->185.199.110.133:443
16:51:14.820 [main] DEBUG org.apache.hc.client5.http.impl.io.PoolingHttpClientConnectionManager - ep-00000000: connected http-outgoing-0
16:51:14.820 [main] DEBUG org.apache.hc.client5.http.impl.classic.InternalHttpClient - ep-00000000: endpoint connected
16:51:14.821 [main] DEBUG org.apache.hc.client5.http.impl.classic.MainClientExec - ex-00000001: executing GET /bonigarcia/webdrivermanager/master/src/main/resources/commands.properties HTTP/1.1
16:51:14.822 [main] DEBUG org.apache.hc.client5.http.impl.classic.InternalHttpClient - ep-00000000: start execution ex-00000001
16:51:14.822 [main] DEBUG org.apache.hc.client5.http.impl.io.PoolingHttpClientConnectionManager - ep-00000000: executing exchange ex-00000001 over http-outgoing-0
16:51:14.822 [main] DEBUG org.apache.hc.client5.http.headers - http-outgoing-0 >> GET /bonigarcia/webdrivermanager/master/src/main/resources/commands.properties HTTP/1.1
16:51:14.823 [main] DEBUG org.apache.hc.client5.http.headers - http-outgoing-0 >> user-agent: Apache-HttpClient/5.0
16:51:14.823 [main] DEBUG org.apache.hc.client5.http.headers - http-outgoing-0 >> accept-encoding: gzip, deflate, br
16:51:14.823 [main] DEBUG org.apache.hc.client5.http.headers - http-outgoing-0 >> cache-control: max-age=0
16:51:14.823 [main] DEBUG org.apache.hc.client5.http.headers - http-outgoing-0 >> connection: keep-alive
16:51:14.823 [main] DEBUG org.apache.hc.client5.http.headers - http-outgoing-0 >> Host: raw.githubusercontent.com
16:51:14.823 [main] DEBUG org.apache.hc.client5.http.wire - http-outgoing-0 >> "GET /bonigarcia/webdrivermanager/master/src/main/resources/commands.properties HTTP/1.1[\r][\n]"
16:51:14.823 [main] DEBUG org.apache.hc.client5.http.wire - http-outgoing-0 >> "user-agent: Apache-HttpClient/5.0[\r][\n]"
16:51:14.823 [main] DEBUG org.apache.hc.client5.http.wire - http-outgoing-0 >> "accept-encoding: gzip, deflate, br[\r][\n]"
16:51:14.823 [main] DEBUG org.apache.hc.client5.http.wire - http-outgoing-0 >> "cache-control: max-age=0[\r][\n]"
16:51:14.824 [main] DEBUG org.apache.hc.client5.http.wire - http-outgoing-0 >> "connection: keep-alive[\r][\n]"
16:51:14.824 [main] DEBUG org.apache.hc.client5.http.wire - http-outgoing-0 >> "Host: raw.githubusercontent.com[\r][\n]"
16:51:14.824 [main] DEBUG org.apache.hc.client5.http.wire - http-outgoing-0 >> "[\r][\n]"
16:51:14.892 [main] DEBUG org.apache.hc.client5.http.wire - http-outgoing-0 << "HTTP/1.1 200 OK[\r][\n]"
16:51:14.892 [main] DEBUG org.apache.hc.client5.http.wire - http-outgoing-0 << "Connection: keep-alive[\r][\n]"
16:51:14.892 [main] DEBUG org.apache.hc.client5.http.wire - http-outgoing-0 << "Content-Length: 723[\r][\n]"
16:51:14.892 [main] DEBUG org.apache.hc.client5.http.wire - http-outgoing-0 << "Cache-Control: max-age=300[\r][\n]"
16:51:14.892 [main] DEBUG org.apache.hc.client5.http.wire - http-outgoing-0 << "Content-Security-Policy: default-src 'none'; style-src 'unsafe-inline'; sandbox[\r][\n]"
16:51:14.892 [main] DEBUG org.apache.hc.client5.http.wire - http-outgoing-0 << "Content-Type: text/plain; charset=utf-8[\r][\n]"
16:51:14.893 [main] DEBUG org.apache.hc.client5.http.wire - http-outgoing-0 << "ETag: W/"e82b438271e9e8680c688b0b680efd0bdd22faa6d6f0a32fc1fd8accc486b67e"[\r][\n]"
16:51:14.893 [main] DEBUG org.apache.hc.client5.http.wire - http-outgoing-0 << "Strict-Transport-Security: max-age=31536000[\r][\n]"
16:51:14.893 [main] DEBUG org.apache.hc.client5.http.wire - http-outgoing-0 << "X-Content-Type-Options: nosniff[\r][\n]"
16:51:14.893 [main] DEBUG org.apache.hc.client5.http.wire - http-outgoing-0 << "X-Frame-Options: deny[\r][\n]"
16:51:14.894 [main] DEBUG org.apache.hc.client5.http.wire - http-outgoing-0 << "X-XSS-Protection: 1; mode=block[\r][\n]"
16:51:14.894 [main] DEBUG org.apache.hc.client5.http.wire - http-outgoing-0 << "X-GitHub-Request-Id: 0802:4CFA:2BC034:3A358D:633CB31E[\r][\n]"
16:51:14.894 [main] DEBUG org.apache.hc.client5.http.wire - http-outgoing-0 << "Content-Encoding: gzip[\r][\n]"
16:51:14.894 [main] DEBUG org.apache.hc.client5.http.wire - http-outgoing-0 << "Accept-Ranges: bytes[\r][\n]"
16:51:14.895 [main] DEBUG org.apache.hc.client5.http.wire - http-outgoing-0 << "Date: Wed, 05 Oct 2022 09:51:15 GMT[\r][\n]"
16:51:14.895 [main] DEBUG org.apache.hc.client5.http.wire - http-outgoing-0 << "Via: 1.1 varnish[\r][\n]"
16:51:14.895 [main] DEBUG org.apache.hc.client5.http.wire - http-outgoing-0 << "X-Served-By: cache-qpg1245-QPG[\r][\n]"
16:51:14.895 [main] DEBUG org.apache.hc.client5.http.wire - http-outgoing-0 << "X-Cache: HIT[\r][\n]"
16:51:14.896 [main] DEBUG org.apache.hc.client5.http.wire - http-outgoing-0 << "X-Cache-Hits: 3[\r][\n]"
16:51:14.896 [main] DEBUG org.apache.hc.client5.http.wire - http-outgoing-0 << "X-Timer: S1664963475.344995,VS0,VE0[\r][\n]"
16:51:14.896 [main] DEBUG org.apache.hc.client5.http.wire - http-outgoing-0 << "Vary: Authorization,Accept-Encoding,Origin[\r][\n]"
16:51:14.896 [main] DEBUG org.apache.hc.client5.http.wire - http-outgoing-0 << "Access-Control-Allow-Origin: *[\r][\n]"
16:51:14.897 [main] DEBUG org.apache.hc.client5.http.wire - http-outgoing-0 << "X-Fastly-Request-ID: 17beac8ee208eb8e817550939bc8d11b256537be[\r][\n]"
16:51:14.897 [main] DEBUG org.apache.hc.client5.http.wire - http-outgoing-0 << "Expires: Wed, 05 Oct 2022 09:56:15 GMT[\r][\n]"
16:51:14.897 [main] DEBUG org.apache.hc.client5.http.wire - http-outgoing-0 << "Source-Age: 235[\r][\n]"
16:51:14.897 [main] DEBUG org.apache.hc.client5.http.wire - http-outgoing-0 << "[\r][\n]"
16:51:14.906 [main] DEBUG org.apache.hc.client5.http.headers - http-outgoing-0 << HTTP/1.1 200 OK
16:51:14.907 [main] DEBUG org.apache.hc.client5.http.headers - http-outgoing-0 << Connection: keep-alive
16:51:14.907 [main] DEBUG org.apache.hc.client5.http.headers - http-outgoing-0 << Content-Length: 723
16:51:14.907 [main] DEBUG org.apache.hc.client5.http.headers - http-outgoing-0 << Cache-Control: max-age=300
16:51:14.907 [main] DEBUG org.apache.hc.client5.http.headers - http-outgoing-0 << Content-Security-Policy: default-src 'none'; style-src 'unsafe-inline'; sandbox
16:51:14.908 [main] DEBUG org.apache.hc.client5.http.headers - http-outgoing-0 << Content-Type: text/plain; charset=utf-8
16:51:14.908 [main] DEBUG org.apache.hc.client5.http.headers - http-outgoing-0 << ETag: W/"e82b438271e9e8680c688b0b680efd0bdd22faa6d6f0a32fc1fd8accc486b67e"
16:51:14.908 [main] DEBUG org.apache.hc.client5.http.headers - http-outgoing-0 << Strict-Transport-Security: max-age=31536000
16:51:14.908 [main] DEBUG org.apache.hc.client5.http.headers - http-outgoing-0 << X-Content-Type-Options: nosniff
16:51:14.908 [main] DEBUG org.apache.hc.client5.http.headers - http-outgoing-0 << X-Frame-Options: deny
16:51:14.908 [main] DEBUG org.apache.hc.client5.http.headers - http-outgoing-0 << X-XSS-Protection: 1; mode=block
16:51:14.908 [main] DEBUG org.apache.hc.client5.http.headers - http-outgoing-0 << X-GitHub-Request-Id: 0802:4CFA:2BC034:3A358D:633CB31E
16:51:14.908 [main] DEBUG org.apache.hc.client5.http.headers - http-outgoing-0 << Content-Encoding: gzip
16:51:14.909 [main] DEBUG org.apache.hc.client5.http.headers - http-outgoing-0 << Accept-Ranges: bytes
16:51:14.909 [main] DEBUG org.apache.hc.client5.http.headers - http-outgoing-0 << Date: Wed, 05 Oct 2022 09:51:15 GMT
16:51:14.909 [main] DEBUG org.apache.hc.client5.http.headers - http-outgoing-0 << Via: 1.1 varnish
16:51:14.909 [main] DEBUG org.apache.hc.client5.http.headers - http-outgoing-0 << X-Served-By: cache-qpg1245-QPG
16:51:14.909 [main] DEBUG org.apache.hc.client5.http.headers - http-outgoing-0 << X-Cache: HIT
16:51:14.909 [main] DEBUG org.apache.hc.client5.http.headers - http-outgoing-0 << X-Cache-Hits: 3
16:51:14.909 [main] DEBUG org.apache.hc.client5.http.headers - http-outgoing-0 << X-Timer: S1664963475.344995,VS0,VE0
16:51:14.910 [main] DEBUG org.apache.hc.client5.http.headers - http-outgoing-0 << Vary: Authorization,Accept-Encoding,Origin
16:51:14.910 [main] DEBUG org.apache.hc.client5.http.headers - http-outgoing-0 << Access-Control-Allow-Origin: *
16:51:14.910 [main] DEBUG org.apache.hc.client5.http.headers - http-outgoing-0 << X-Fastly-Request-ID: 17beac8ee208eb8e817550939bc8d11b256537be
16:51:14.910 [main] DEBUG org.apache.hc.client5.http.headers - http-outgoing-0 << Expires: Wed, 05 Oct 2022 09:56:15 GMT
16:51:14.910 [main] DEBUG org.apache.hc.client5.http.headers - http-outgoing-0 << Source-Age: 235
16:51:14.923 [main] DEBUG org.apache.hc.client5.http.impl.classic.MainClientExec - ex-00000001: connection can be kept alive for 3 MINUTES
16:51:14.931 [main] DEBUG org.apache.hc.client5.http.wire - http-outgoing-0 << "[0x1f][0xffffff8b][0x8][0x0][0x0][0x0][0x0][0x0][0x0][0x3][0xffffffb5]V]o[0xffffffda]0[0x14]}[0xffffffe7]W\[0xffffff81]*[0xffffffb5][0x12][0x1f][[M[0xffffffd3]$[0x1e]hF[0xffffffbb]i [0x18][0xffffffb4][0xffffffdd]&[0xfffffff9][0xffffffc5]$7[0xffffffc1]R[0x12]#;[0xffffff94]v[0xffffffbf]~[0xffffffb6][0xfffffff3]1[0xffffff92][0xffffff9a][0xffffffc1][0x1a]x[0xffffffcb][0xffffffb5][0xffffffaf][0xffffffcf]9[0xffffffbe][0xfffffff7]8v[0xb][0x1c][0x1e]E4[0xfffffff6]$x4[0xffffffa1][0xb]*[0xffffffb1][0xffffffd1][0xffffff82][0xfffffffb]%[0xffffff93][0xffffffe0][0xffffffb3][0x10][0xffffffc1][0xffffffe5]qBY,!Y[0xffffffea] KM8,[0x10][0xfffffff0][0x19][0xffffffdd]u[0xffffff82][0x1e][0xffffffb0][0xffffffd8]L[0xffffffcb]%[0xffffff86][0xffffffa1][0xe][0xffffffb8][0xfffffff0]P[0xffffffe8]$[0xf][0x13]t[0x13]3[0xfffffff9][0xffffff84]B2[0xffffffae][0xffffffe6]|@[0xfffffff5][0x1d][0x8][0xffffffc4][0x18][0x16][0xffffff82]o[0xffffffa4][0xffffff9a]P[0xffffff94][0xffffffe7][0xffffffce]R[0xfffffff0][0x8][0xffffffdb]p[0xffffffcb][0x4][0xfffffffa][0xfffffffc][0xffffffb9][\r][0xffffff93][0x15][\n]"
16:51:14.932 [main] DEBUG org.apache.hc.client5.http.wire - http-outgoing-0 << "[0xffffffda][0xffffff86][0xffffffa1][0x17][0xffffffa8]Q3[0xffffffcb][0xffffffd6][0xffffffd1][0xffffff85][0xffffffc6][0xfffffff7][0xffffff98][0xffffffef][0xffffffa3][0xffffffc0]8[0x1][0xffffffae]s[0x12][0x16][0x7] _d[0xffffff82][0xffffff91][0xffffff84][0xfffffff3][0x1f],[0xfffffff6][0x14]j[0x1b]F,^+[0xffffff98]1ua2[0xffffffbf]h([0xffffff8e][0xffffff94][0xffffffa2][0xffffff91]m[0xffffffa3][0xffffffeb][0xffffff9a][0xffffffb0][0xffffffbb]I[0x17]t[0xffffffdf][0xffffffbd][0xffffffef][0xffffffbb][0xffffff91][0xffffffd7]U[0xffffffbb][0xffffff82][0xffffff9e][0x3][0xffffff9b][0xffffff88][0xffffffb9][0xffffffa6]$[0xffffffa6][0xc][0xffffff9b][0xffffffa5][0xffffffe2][0xffffff83][0xffffff98]F[0xffffffd8]o[0xffffff9e]Mg[0xffffff93][0xffffffbb][0xffffffd9]`|[0xfffffffb]u4[0xffffff9c][0x7f]"}B[0xffffffce][0x8][0xffffffb9][0xffffffe3]<[0x8][0xffffff91][0xffffff90][0xffffff94][0xffffff82][0xffffff90][0xffffffc1]j[0x15]2WI[0xffffffe3]1![0x19][0xffffff91]BnB[0xffffff80][0x9]<f[0xffffffb5][0xffffffe8]=[0xffffffd1]p[0xffffffbd][[0xffffffcf][0xffffffe5][0x1b][0xfffffff4][0xffffff9c][0xffffffff][0xfffffffc][0xfffffff8][0xffffffe1][0xffffffe2][0xffffff94][0xffffffa2][0xffffffae][0xe][0x14]5[0xffffff9a]8[0xffffff83][0xffffffd1]`:[0xfffffffd]<[0xffffffb8][0x1f][0xffffff9c]R[0xffffffcf]u[0x7f]6[0xffffffbc][0xffffff83][0xffffffef][0xf][0xffffffc3][0xffffffd9]/[0xfffffff8][0xfffffff2][0xffffffcd]y s[0xffffffee]'[0x1b]*0g[0xffffffcb][0xffffffc8]nF7H][0xffffff83][0xffffff97]{[0xffffffb1]Q[0x5][\r][0xffffffb5]c[0xffffffb4][0xf][0x2][0xffffffb3][0xffffffb4][0xffffff93][0xe]C[0xffffffa7][0xffffffb3]kAD][0xffffff9d][0xffffffde][0xffffffdb][0xffffffda][0xffffff88][0xffffffec][0xffffffa5][0xffffffbc][0xffffff99][0xffffffd9][0xffffffba]t[0xffffffb5][0xffffffea]9[0xffffffea][0x10])[0xffffffb7][0xffffffca][0xffffff9e][0xfffffff2][0xffffffe2]d^N[0xffffffd8]FW[0x16][0xffffffcd][0xffffffdc]_[0x10][0xfffffff9]i|[0x1c][0xffffff93][0xffffff8e][0xfffffff9]o[0x16][0xffffff86]4'!$G[0xffffffdf]W[0xfffffff4]W*j[[0xfffffff3]xR[0xffffffae][0xffffffb6][0xc][0xffffffd0],; #[0xffffffa9][0xffffff92]5[0xffffffb5][0x7][0xffffff9c][0xffffffb5][0xffffffd0][0x7f][0xffffff90][0xffffffc7]jgs[0xfffffffc][0xffffffc2][0xb][0xffffffd9][0x0]t[0xffffff9e]^'Y[0xfffffffb][0xffffff9f][0xffffffb1][0xffffffd8]:[0xffffffbf][0xffffff8d][0xffffffa5][0xffffff9a][0xffffffad][0x7f]m[0x5]&[0xffffffaa][0xffffffa0]^[0xffffff9b][0xffffffcb][0x5]f[0xffffffae][0xffffffe0]RU[0xffffff82][0x10]MS9l[0xffffff91]4t[0xfffffffb][0xffffff8a]][0xffffffd6][0xfffffff4][0xffffff96][0xffffffa6][0xffffff9f]P[0xffffffce][0xffffffd5][0xffffffce][0xffffff93][0xffffffff][0xffffff97][0xffffffcc]p[0xfffffffd][0xfffffff3][0xffffffe8][0x1b][0xffffffcc][0xffffffa2][0xffffffd9]Q[0xffffffbe][0xffffffb2][0xffffffa3][0xffffffc7]m'[0xffffffdf][0xffffffe4][[0xfffffffb]^[0xffffffb0][0xffffff9a][0xffffffbe][0xffffffda][0xffffffda]_[0xffffffce][0xffffff80][0xffffffd2][0xffffffc1]7[0xffffffb7]][0xffffffc1]b[0xffffffee][0xffffffb5][0xffffffff]w[0xffffff83][0xffffffed][0xffffffa7];[0x15]<[0x10]4[0xffffff92][0xffffff84][0x18][\n]"
16:51:14.932 [main] DEBUG org.apache.hc.client5.http.wire - http-outgoing-0 << "BB[0xffffffba][0xffffff8e]][0xffffffb5]jo[0xffffffb9]+"[0xffffffea][0xffffffb4][0xffffffff]h"[0xffffffea]\?5[0xffffffa9][0xffffffaf]k[0xffffffec][0xffffffff]P[0xffffffea][\n]"
16:51:14.932 [main] DEBUG org.apache.hc.client5.http.wire - http-outgoing-0 << "w[0xffffffe1]K[0x13][0xffffffda][0xffffffec][0xffffff98][0xffffffe6]Y[0xfffffffd]h8m6[0xffffff9c]T[0xffffffc1][0xfffffff2][0xffffffa7][0xffffff91]z_[0xffffff95]o85p[0x1c][0x13][0xffffffe6][0xfffffff0]5[0xffffffee][0xfffffffc][0xffffff92][0xffffff96][0xffffffda][0xfffffff7][0xffffffcf][0xffffffb1][0x5][0x1d][0xffffffea]K[0xffffff9b]9[0xffffff8e][0xffffffad]e[0xfffffff7][0xffffff93][0xffffffa8]`[0xffffffda][0xffffffff][0x1a][0xffffffd2][0xffffff88][0xffffff85][0xfffffffd][0xfffffff2][0xffffff91]N[0xfffffff6]`[0xffffffdf]2[0xffffffcf][0xffffffae]E[0xffffff97][0xffffffc5][0xffffffa2][0xffffff9d][0xffffffef]'[0xffffff9d]mun.[0xffffffd3]f^[0xffffffc7][0xffffff82][0xffffffda][0xffffff82]9[0xfffffff5][0xffffffa9]`[0x5][0xffffffbc]4[0xffffffa1][0x1d]<M[0xffffffb5]A[0xffffffa7]3[[0xffffffc0][0x7f][0x0][0xffffffc1][0xffffffd0]$[0xffffff85][0x1d][\r][0x0][0x0]"
16:51:14.935 [main] DEBUG org.apache.hc.client5.http.impl.classic.InternalHttpClient - ep-00000000: releasing valid endpoint
16:51:14.935 [main] DEBUG org.apache.hc.client5.http.impl.io.PoolingHttpClientConnectionManager - ep-00000000: releasing endpoint
16:51:14.935 [main] DEBUG org.apache.hc.client5.http.impl.io.PoolingHttpClientConnectionManager - ep-00000000: connection http-outgoing-0 can be kept alive for 3 MINUTES
16:51:14.936 [main] DEBUG org.apache.hc.client5.http.impl.io.PoolingHttpClientConnectionManager - ep-00000000: connection released [route: {s}->https://raw.githubusercontent.com:443][total available: 1; route allocated: 1 of 5; total allocated: 1 of 25]
16:51:14.936 [main] DEBUG io.github.bonigarcia.wdm.versions.VersionDetector - Detecting edge version using online commands.properties
16:51:14.941 [main] DEBUG io.github.bonigarcia.wdm.versions.Shell - Running command on the shell: [cmd.exe, /C, wmic, datafile, where, name="%PROGRAMFILES(X86):\=\\%\\Microsoft\\Edge\\Application\\msedge.exe", get, Version, /value]
16:51:16.283 [main] DEBUG io.github.bonigarcia.wdm.versions.Shell - Result: Version=105.0.1343.53
16:51:16.290 [main] DEBUG io.github.bonigarcia.wdm.cache.ResolutionCache - Resolution edge105=105.0.1343.53 in cache (valid until 15:48:55 06/10/2022 ICT)
16:51:16.295 [main] INFO io.github.bonigarcia.wdm.WebDriverManager - Using msedgedriver 105.0.1343.53 (resolved driver for Edge 105)
16:51:16.306 [main] DEBUG io.github.bonigarcia.wdm.cache.ResolutionCache - Storing resolution edge=105 in cache (valid until 17:51:16 05/10/2022 ICT)
16:51:16.327 [main] DEBUG io.github.bonigarcia.wdm.WebDriverManager - Driver msedgedriver 105.0.1343.53 found in cache
16:51:16.328 [main] INFO io.github.bonigarcia.wdm.WebDriverManager - Exporting webdriver.edge.driver as C:\Users\Bayu\.cache\selenium\msedgedriver\win64\105.0.1343.53\msedgedriver.exe
16:51:17.523 [main] DEBUG net.thucydides.core.reflection.ClassFinder - Could not load class .CucumberTestSuite
16:51:17.523 [main] DEBUG net.thucydides.core.reflection.ClassFinder - Could not load class .starter.pages.CartPage
16:51:17.523 [main] DEBUG net.thucydides.core.reflection.ClassFinder - Could not load class .starter.pages.LoginPage
16:51:17.523 [main] DEBUG net.thucydides.core.reflection.ClassFinder - Could not load class .starter.stepdefinitions.CollectionStep
16:51:17.523 [main] DEBUG net.thucydides.core.reflection.ClassFinder - Could not load class .starter.stepdefinitions.LoginStep
16:51:17.524 [main] DEBUG net.thucydides.core.reflection.ClassFinder - Could not load class META-INF.versions.9.com.sun.istack.logging.StackHelper
16:51:17.525 [main] DEBUG net.thucydides.core.reflection.ClassFinder - Could not load class META-INF.versions.9.com.sun.xml.bind.v2.runtime.reflect.opt.AccessorInjector
16:51:17.525 [main] DEBUG net.thucydides.core.reflection.ClassFinder - Could not load class META-INF.versions.9.com.sun.xml.bind.v2.runtime.reflect.opt.Injector
16:51:17.526 [main] DEBUG net.thucydides.core.reflection.ClassFinder - Could not load class META-INF.versions.9.com.sun.xml.bind.v2.runtime.reflect.opt.OptimizedAccessorFactory
16:51:17.526 [main] DEBUG net.thucydides.core.reflection.ClassFinder - Could not load class META-INF.versions.9.com.sun.xml.bind.v2.runtime.reflect.opt.OptimizedTransducedAccessorFactory
16:51:17.527 [main] DEBUG net.thucydides.core.reflection.ClassFinder - Could not load class META-INF.versions.9.io.opentelemetry.sdk.internal.CurrentJavaVersionSpecific
16:51:17.527 [main] DEBUG net.thucydides.core.reflection.ClassFinder - Could not load class META-INF.versions.9.io.opentelemetry.sdk.internal.Java9VersionSpecific
16:51:17.528 [main] DEBUG net.thucydides.core.reflection.ClassFinder - Could not load class META-INF.versions.9.javax.xml.bind.ModuleUtil
16:51:17.528 [main] DEBUG net.thucydides.core.reflection.ClassFinder - Could not load class META-INF.versions.9.module-info
16:51:17.530 [main] DEBUG net.thucydides.core.reflection.ClassFinder - Could not load class META-INF.versions.9.org.junit.platform.commons.util.ModuleUtils
16:51:18.252 [main] DEBUG net.thucydides.core.reflection.ClassFinder - Could not load class com.google.gson.internal.
16:51:18.587 [main] DEBUG net.thucydides.core.reflection.ClassFinder - Could not load class com.sun.xml.bind.v2.runtime.output.FastInfosetStreamWriterOutput
16:51:19.493 [main] DEBUG net.thucydides.core.reflection.ClassFinder - Could not load class module-info
16:51:24.798 [main] DEBUG io.netty.util.internal.logging.InternalLoggerFactory - Using SLF4J as the default logging framework
16:51:24.805 [main] DEBUG io.netty.util.ResourceLeakDetector - -Dio.netty.leakDetection.level: simple
16:51:24.805 [main] DEBUG io.netty.util.ResourceLeakDetector - -Dio.netty.leakDetection.targetRecords: 4
16:51:24.812 [main] DEBUG io.netty.util.ResourceLeakDetectorFactory - Loaded default ResourceLeakDetector: io.netty.util.ResourceLeakDetector@46724526
16:51:24.852 [main] DEBUG io.netty.util.internal.PlatformDependent0 - -Dio.netty.noUnsafe: false
16:51:24.852 [main] DEBUG io.netty.util.internal.PlatformDependent0 - Java version: 11
16:51:24.854 [main] DEBUG io.netty.util.internal.PlatformDependent0 - sun.misc.Unsafe.theUnsafe: available
16:51:24.855 [main] DEBUG io.netty.util.internal.PlatformDependent0 - sun.misc.Unsafe.copyMemory: available
16:51:24.856 [main] DEBUG io.netty.util.internal.PlatformDependent0 - java.nio.Buffer.address: available
16:51:24.857 [main] DEBUG io.netty.util.internal.PlatformDependent0 - direct buffer constructor: unavailable: Reflective setAccessible(true) disabled
16:51:24.858 [main] DEBUG io.netty.util.internal.PlatformDependent0 - java.nio.Bits.unaligned: available, true
16:51:24.860 [main] DEBUG io.netty.util.internal.PlatformDependent0 - jdk.internal.misc.Unsafe.allocateUninitializedArray(int): unavailable: class io.netty.util.internal.PlatformDependent0$6 cannot access class jdk.internal.misc.Unsafe (in module java.base) because module java.base does not export jdk.internal.misc to unnamed module @d1f74b8
16:51:24.864 [main] DEBUG io.netty.util.internal.PlatformDependent0 - java.nio.DirectByteBuffer.<init>(long, int): unavailable
16:51:24.864 [main] DEBUG io.netty.util.internal.PlatformDependent - sun.misc.Unsafe: available
16:51:24.868 [main] DEBUG io.netty.util.internal.PlatformDependent - maxDirectMemory: 1040187392 bytes (maybe)
16:51:24.869 [main] DEBUG io.netty.util.internal.PlatformDependent - -Dio.netty.tmpdir: C:\Users\Bayu\AppData\Local\Temp (java.io.tmpdir)
16:51:24.869 [main] DEBUG io.netty.util.internal.PlatformDependent - -Dio.netty.bitMode: 64 (sun.arch.data.model)
16:51:24.869 [main] DEBUG io.netty.util.internal.PlatformDependent - Platform: Windows
16:51:24.870 [main] DEBUG io.netty.util.internal.PlatformDependent - -Dio.netty.maxDirectMemory: -1 bytes
16:51:24.870 [main] DEBUG io.netty.util.internal.PlatformDependent - -Dio.netty.uninitializedArrayAllocationThreshold: -1
16:51:24.872 [main] DEBUG io.netty.util.internal.CleanerJava9 - java.nio.ByteBuffer.cleaner(): available
16:51:24.872 [main] DEBUG io.netty.util.internal.PlatformDependent - -Dio.netty.noPreferDirect: false
16:51:25.004 [main] DEBUG io.netty.util.internal.PlatformDependent - org.jctools-core.MpscChunkedArrayQueue: available
16:51:25.051 [main] DEBUG io.netty.util.internal.InternalThreadLocalMap - -Dio.netty.threadLocalMap.stringBuilder.initialSize: 1024
16:51:25.051 [main] DEBUG io.netty.util.internal.InternalThreadLocalMap - -Dio.netty.threadLocalMap.stringBuilder.maxSize: 4096
16:51:25.090 [main] DEBUG io.netty.handler.ssl.JdkSslContext - Default protocols (JDK): [TLSv1.3, TLSv1.2] 
16:51:25.090 [main] DEBUG io.netty.handler.ssl.JdkSslContext - Default cipher suites (JDK): [TLS_ECDHE_ECDSA_WITH_AES_256_GCM_SHA384, TLS_ECDHE_ECDSA_WITH_AES_128_GCM_SHA256, TLS_ECDHE_RSA_WITH_AES_128_GCM_SHA256, TLS_ECDHE_RSA_WITH_AES_256_GCM_SHA384, TLS_ECDHE_RSA_WITH_AES_128_CBC_SHA, TLS_ECDHE_RSA_WITH_AES_256_CBC_SHA, TLS_RSA_WITH_AES_128_GCM_SHA256, TLS_RSA_WITH_AES_128_CBC_SHA, TLS_RSA_WITH_AES_256_CBC_SHA, TLS_AES_128_GCM_SHA256, TLS_AES_256_GCM_SHA384]
16:51:25.143 [main] DEBUG io.netty.channel.MultithreadEventLoopGroup - -Dio.netty.eventLoopThreads: 8
16:51:25.164 [main] DEBUG io.netty.channel.nio.NioEventLoop - -Dio.netty.noKeySetOptimization: false
16:51:25.164 [main] DEBUG io.netty.channel.nio.NioEventLoop - -Dio.netty.selectorAutoRebuildThreshold: 512
16:51:25.234 [main] DEBUG io.netty.buffer.PooledByteBufAllocator - -Dio.netty.allocator.numHeapArenas: 8
16:51:25.234 [main] DEBUG io.netty.buffer.PooledByteBufAllocator - -Dio.netty.allocator.numDirectArenas: 8
16:51:25.234 [main] DEBUG io.netty.buffer.PooledByteBufAllocator - -Dio.netty.allocator.pageSize: 8192
16:51:25.234 [main] DEBUG io.netty.buffer.PooledByteBufAllocator - -Dio.netty.allocator.maxOrder: 11
16:51:25.234 [main] DEBUG io.netty.buffer.PooledByteBufAllocator - -Dio.netty.allocator.chunkSize: 16777216
16:51:25.235 [main] DEBUG io.netty.buffer.PooledByteBufAllocator - -Dio.netty.allocator.smallCacheSize: 256
16:51:25.235 [main] DEBUG io.netty.buffer.PooledByteBufAllocator - -Dio.netty.allocator.normalCacheSize: 64
16:51:25.235 [main] DEBUG io.netty.buffer.PooledByteBufAllocator - -Dio.netty.allocator.maxCachedBufferCapacity: 32768
16:51:25.235 [main] DEBUG io.netty.buffer.PooledByteBufAllocator - -Dio.netty.allocator.cacheTrimInterval: 8192
16:51:25.235 [main] DEBUG io.netty.buffer.PooledByteBufAllocator - -Dio.netty.allocator.cacheTrimIntervalMillis: 0
16:51:25.235 [main] DEBUG io.netty.buffer.PooledByteBufAllocator - -Dio.netty.allocator.useCacheForAllThreads: true
16:51:25.235 [main] DEBUG io.netty.buffer.PooledByteBufAllocator - -Dio.netty.allocator.maxCachedByteBuffersPerChunk: 1023
16:51:25.255 [main] DEBUG io.netty.buffer.ByteBufUtil - -Dio.netty.allocator.type: pooled
16:51:25.255 [main] DEBUG io.netty.buffer.ByteBufUtil - -Dio.netty.threadLocalDirectBufferSize: 0
16:51:25.255 [main] DEBUG io.netty.buffer.ByteBufUtil - -Dio.netty.maxThreadLocalCharBufferSize: 16384
16:51:25.402 [main] DEBUG net.serenitybdd.core.webdriver.driverproviders.ProvideNewDriver - Instantiating driver
16:51:25.403 [main] DEBUG net.serenitybdd.core.webdriver.driverproviders.ProvideNewDriver - Driver capabilities: Capabilities {base.url: https://demoqa.com, driver: edge, edge.driver: src/test/resources/webdrive..., ms:edgeChromium: true, ms:edgeOptions: {}}
16:51:26.166 [Forwarding newSession on session null to remote] DEBUG io.netty.channel.DefaultChannelId - -Dio.netty.processId: 1168 (auto-detected)
16:51:26.170 [Forwarding newSession on session null to remote] DEBUG io.netty.util.NetUtil - -Djava.net.preferIPv4Stack: false
16:51:26.171 [Forwarding newSession on session null to remote] DEBUG io.netty.util.NetUtil - -Djava.net.preferIPv6Addresses: false
16:51:26.502 [Forwarding newSession on session null to remote] DEBUG io.netty.util.NetUtilInitializations - Loopback interface: lo (Software Loopback Interface 1, 127.0.0.1)
16:51:26.504 [Forwarding newSession on session null to remote] DEBUG io.netty.util.NetUtil - Failed to get SOMAXCONN from sysctl and file \proc\sys\net\core\somaxconn. Default: 200
16:51:26.764 [Forwarding newSession on session null to remote] DEBUG io.netty.channel.DefaultChannelId - -Dio.netty.machineId: d4:6a:6a:ff:fe:8b:ec:cb (auto-detected)
16:51:26.868 [AsyncHttpClient-1-2] DEBUG io.netty.buffer.AbstractByteBuf - -Dio.netty.buffer.checkAccessible: true
16:51:26.869 [AsyncHttpClient-1-2] DEBUG io.netty.buffer.AbstractByteBuf - -Dio.netty.buffer.checkBounds: true
16:51:26.869 [AsyncHttpClient-1-2] DEBUG io.netty.util.ResourceLeakDetectorFactory - Loaded default ResourceLeakDetector: io.netty.util.ResourceLeakDetector@19da5f77
16:51:26.898 [AsyncHttpClient-1-2] DEBUG org.asynchttpclient.netty.channel.NettyConnectListener - Using new Channel '[id: 0xd36286ed, L:/127.0.0.1:3339 - R:localhost/127.0.0.1:50257]' for 'POST' to '/session'
16:51:26.929 [AsyncHttpClient-1-2] DEBUG io.netty.util.Recycler - -Dio.netty.recycler.maxCapacityPerThread: 4096
16:51:26.929 [AsyncHttpClient-1-2] DEBUG io.netty.util.Recycler - -Dio.netty.recycler.ratio: 8
16:51:26.929 [AsyncHttpClient-1-2] DEBUG io.netty.util.Recycler - -Dio.netty.recycler.chunkSize: 32
16:51:26.929 [AsyncHttpClient-1-2] DEBUG io.netty.util.Recycler - -Dio.netty.recycler.blocking: false
16:51:31.260 [AsyncHttpClient-1-2] DEBUG io.netty.handler.codec.compression.Brotli - brotli4j not in the classpath; Brotli support will be unavailable.
16:51:31.261 [AsyncHttpClient-1-2] DEBUG org.asynchttpclient.netty.handler.HttpHandler - 

Request DefaultHttpRequest(decodeResult: success, version: HTTP/1.1)
POST /session HTTP/1.1
User-Agent: selenium/4.1.2 (java windows)
Content-Length: 591
Content-Type: application/json; charset=utf-8
host: localhost:50257
accept: */*

Response DefaultHttpResponse(decodeResult: success, version: HTTP/1.1)
HTTP/1.1 200 OK
Content-Type: application/json; charset=utf-8
cache-control: no-cache
content-length: 752

16:51:31.287 [AsyncHttpClient-1-2] DEBUG org.asynchttpclient.netty.channel.ChannelManager - Adding key: http://localhost:50257 for channel [id: 0xd36286ed, L:/127.0.0.1:3339 - R:localhost/127.0.0.1:50257]
16:51:31.485 [AsyncHttpClient-1-3] DEBUG org.asynchttpclient.netty.channel.NettyConnectListener - Using new Channel '[id: 0xbdd519f5, L:/127.0.0.1:3361 - R:localhost/127.0.0.1:3345]' for 'GET' to '/json/version'
16:51:31.501 [AsyncHttpClient-1-3] DEBUG org.asynchttpclient.netty.handler.HttpHandler - 

Request DefaultFullHttpRequest(decodeResult: success, version: HTTP/1.1, content: EmptyByteBufBE)
GET /json/version HTTP/1.1
User-Agent: selenium/4.1.2 (java windows)
host: localhost:3345
accept: */*

Response DefaultHttpResponse(decodeResult: success, version: HTTP/1.1)
HTTP/1.1 200 OK
Content-Type: application/json; charset=UTF-8
content-length: 435

16:51:31.503 [AsyncHttpClient-1-3] DEBUG org.asynchttpclient.netty.channel.ChannelManager - Adding key: http://localhost:3345 for channel [id: 0xbdd519f5, L:/127.0.0.1:3361 - R:localhost/127.0.0.1:3345]
16:51:31.519 [main] DEBUG io.netty.util.internal.ThreadLocalRandom - -Dio.netty.initialSeedUniquifier: 0x25e35c71671c4a4f
16:51:31.538 [AsyncHttpClient-1-4] DEBUG org.asynchttpclient.netty.channel.NettyConnectListener - Using new Channel '[id: 0xec31058f, L:/127.0.0.1:3362 - R:localhost/127.0.0.1:3345]' for 'GET' to '/devtools/browser/2c4880ba-7531-4940-848f-076c32c96bae'
16:51:31.556 [AsyncHttpClient-1-4] DEBUG org.asynchttpclient.netty.handler.WebSocketHandler - 

Request DefaultFullHttpRequest(decodeResult: success, version: HTTP/1.1, content: EmptyByteBufBE)
GET /devtools/browser/2c4880ba-7531-4940-848f-076c32c96bae HTTP/1.1
upgrade: websocket
connection: upgrade
sec-websocket-key: kCNp6d+7UjJS6yfB5eMeVw==
sec-websocket-version: 13
origin: http://localhost:3345
host: localhost:3345
accept: */*
user-agent: AHC/2.1

Response DefaultHttpResponse(decodeResult: success, version: HTTP/1.1)
HTTP/1.1 101 WebSocket Protocol Handshake
Upgrade: WebSocket
Connection: Upgrade
Sec-WebSocket-Accept: rBxElDH9yXV4/TzN3fZWY0n8ysw=

16:51:31.655 [AsyncHttpClient-1-1] DEBUG org.asynchttpclient.netty.channel.DefaultChannelPool - Entry count for : http://localhost:50257 : 1
16:51:31.656 [AsyncHttpClient-1-1] DEBUG org.asynchttpclient.netty.channel.DefaultChannelPool - Entry count for : http://localhost:3345 : 1
16:51:32.727 [AsyncHttpClient-1-1] DEBUG org.asynchttpclient.netty.channel.DefaultChannelPool - Entry count for : http://localhost:50257 : 1
16:51:32.728 [AsyncHttpClient-1-1] DEBUG org.asynchttpclient.netty.channel.DefaultChannelPool - Entry count for : http://localhost:3345 : 1
16:51:33.826 [AsyncHttpClient-1-1] DEBUG org.asynchttpclient.netty.channel.DefaultChannelPool - Entry count for : http://localhost:50257 : 1
16:51:33.827 [AsyncHttpClient-1-1] DEBUG org.asynchttpclient.netty.channel.DefaultChannelPool - Entry count for : http://localhost:3345 : 1
16:51:34.197 [main] DEBUG net.thucydides.core.reflection.ClassFinder - Could not load class .CucumberTestSuite
16:51:34.198 [main] DEBUG net.thucydides.core.reflection.ClassFinder - Could not load class .starter.pages.CartPage
16:51:34.199 [main] DEBUG net.thucydides.core.reflection.ClassFinder - Could not load class .starter.pages.LoginPage
16:51:34.199 [main] DEBUG net.thucydides.core.reflection.ClassFinder - Could not load class .starter.stepdefinitions.CollectionStep
16:51:34.200 [main] DEBUG net.thucydides.core.reflection.ClassFinder - Could not load class .starter.stepdefinitions.LoginStep
16:51:34.204 [main] DEBUG net.thucydides.core.reflection.ClassFinder - Could not load class META-INF.versions.9.com.sun.istack.logging.StackHelper
16:51:34.207 [main] DEBUG net.thucydides.core.reflection.ClassFinder - Could not load class META-INF.versions.9.com.sun.xml.bind.v2.runtime.reflect.opt.AccessorInjector
16:51:34.208 [main] DEBUG net.thucydides.core.reflection.ClassFinder - Could not load class META-INF.versions.9.com.sun.xml.bind.v2.runtime.reflect.opt.Injector
16:51:34.209 [main] DEBUG net.thucydides.core.reflection.ClassFinder - Could not load class META-INF.versions.9.com.sun.xml.bind.v2.runtime.reflect.opt.OptimizedAccessorFactory
16:51:34.211 [main] DEBUG net.thucydides.core.reflection.ClassFinder - Could not load class META-INF.versions.9.com.sun.xml.bind.v2.runtime.reflect.opt.OptimizedTransducedAccessorFactory
16:51:34.212 [main] DEBUG net.thucydides.core.reflection.ClassFinder - Could not load class META-INF.versions.9.io.opentelemetry.sdk.internal.CurrentJavaVersionSpecific
16:51:34.213 [main] DEBUG net.thucydides.core.reflection.ClassFinder - Could not load class META-INF.versions.9.io.opentelemetry.sdk.internal.Java9VersionSpecific
16:51:34.214 [main] DEBUG net.thucydides.core.reflection.ClassFinder - Could not load class META-INF.versions.9.javax.xml.bind.ModuleUtil
16:51:34.215 [main] DEBUG net.thucydides.core.reflection.ClassFinder - Could not load class META-INF.versions.9.module-info
16:51:34.217 [main] DEBUG net.thucydides.core.reflection.ClassFinder - Could not load class META-INF.versions.9.org.junit.platform.commons.util.ModuleUtils
16:51:34.222 [main] DEBUG net.thucydides.core.reflection.ClassFinder - Could not load class com.google.gson.internal.
16:51:34.224 [main] DEBUG net.thucydides.core.reflection.ClassFinder - Could not load class com.sun.xml.bind.v2.runtime.output.FastInfosetStreamWriterOutput
16:51:34.229 [main] DEBUG net.thucydides.core.reflection.ClassFinder - Could not load class module-info
16:51:34.307 [Forwarding get on session a363967fdc35f8b8aa36184b05a29270 to remote] DEBUG org.asynchttpclient.netty.request.NettyRequestSender - Using pooled Channel '[id: 0xd36286ed, L:/127.0.0.1:3339 - R:localhost/127.0.0.1:50257]' for 'POST' to 'http://localhost:50257/session/a363967fdc35f8b8aa36184b05a29270/url'
16:51:34.307 [Forwarding get on session a363967fdc35f8b8aa36184b05a29270 to remote] DEBUG org.asynchttpclient.netty.request.NettyRequestSender - Using open Channel [id: 0xd36286ed, L:/127.0.0.1:3339 - R:localhost/127.0.0.1:50257] for POST '/session/a363967fdc35f8b8aa36184b05a29270/url'
16:51:34.913 [AsyncHttpClient-1-1] DEBUG org.asynchttpclient.netty.channel.DefaultChannelPool - Entry count for : http://localhost:3345 : 1
16:51:36.024 [AsyncHttpClient-1-1] DEBUG org.asynchttpclient.netty.channel.DefaultChannelPool - Entry count for : http://localhost:3345 : 1
16:51:37.116 [AsyncHttpClient-1-1] DEBUG org.asynchttpclient.netty.channel.DefaultChannelPool - Entry count for : http://localhost:3345 : 1
16:51:38.246 [AsyncHttpClient-1-1] DEBUG org.asynchttpclient.netty.channel.DefaultChannelPool - Entry count for : http://localhost:3345 : 1
16:51:39.315 [AsyncHttpClient-1-1] DEBUG org.asynchttpclient.netty.channel.DefaultChannelPool - Entry count for : http://localhost:3345 : 1
16:51:40.453 [AsyncHttpClient-1-1] DEBUG org.asynchttpclient.netty.channel.DefaultChannelPool - Entry count for : http://localhost:3345 : 1
16:51:41.518 [AsyncHttpClient-1-1] DEBUG org.asynchttpclient.netty.channel.DefaultChannelPool - Entry count for : http://localhost:3345 : 1
16:51:42.613 [AsyncHttpClient-1-1] DEBUG org.asynchttpclient.netty.channel.DefaultChannelPool - Entry count for : http://localhost:3345 : 1
16:51:43.723 [AsyncHttpClient-1-1] DEBUG org.asynchttpclient.netty.channel.DefaultChannelPool - Entry count for : http://localhost:3345 : 1
16:51:44.815 [AsyncHttpClient-1-1] DEBUG org.asynchttpclient.netty.channel.DefaultChannelPool - Entry count for : http://localhost:3345 : 1
16:51:45.917 [AsyncHttpClient-1-1] DEBUG org.asynchttpclient.netty.channel.DefaultChannelPool - Entry count for : http://localhost:3345 : 1
16:51:47.022 [AsyncHttpClient-1-1] DEBUG org.asynchttpclient.netty.channel.DefaultChannelPool - Entry count for : http://localhost:3345 : 1
16:51:48.119 [AsyncHttpClient-1-1] DEBUG org.asynchttpclient.netty.channel.DefaultChannelPool - Entry count for : http://localhost:3345 : 1
16:51:49.213 [AsyncHttpClient-1-1] DEBUG org.asynchttpclient.netty.channel.DefaultChannelPool - Entry count for : http://localhost:3345 : 1
16:51:50.315 [AsyncHttpClient-1-1] DEBUG org.asynchttpclient.netty.channel.DefaultChannelPool - Entry count for : http://localhost:3345 : 1
16:51:51.414 [AsyncHttpClient-1-1] DEBUG org.asynchttpclient.netty.channel.DefaultChannelPool - Entry count for : http://localhost:3345 : 1
16:51:52.518 [AsyncHttpClient-1-1] DEBUG org.asynchttpclient.netty.channel.DefaultChannelPool - Entry count for : http://localhost:3345 : 1
16:51:53.621 [AsyncHttpClient-1-1] DEBUG org.asynchttpclient.netty.channel.DefaultChannelPool - Entry count for : http://localhost:3345 : 1
16:51:54.714 [AsyncHttpClient-1-1] DEBUG org.asynchttpclient.netty.channel.DefaultChannelPool - Entry count for : http://localhost:3345 : 1
16:51:55.815 [AsyncHttpClient-1-1] DEBUG org.asynchttpclient.netty.channel.DefaultChannelPool - Entry count for : http://localhost:3345 : 1
16:51:56.915 [AsyncHttpClient-1-1] DEBUG org.asynchttpclient.netty.channel.DefaultChannelPool - Entry count for : http://localhost:3345 : 1
16:51:58.017 [AsyncHttpClient-1-1] DEBUG org.asynchttpclient.netty.channel.DefaultChannelPool - Entry count for : http://localhost:3345 : 1
16:51:59.113 [AsyncHttpClient-1-1] DEBUG org.asynchttpclient.netty.channel.DefaultChannelPool - Entry count for : http://localhost:3345 : 1
16:52:00.221 [AsyncHttpClient-1-1] DEBUG org.asynchttpclient.netty.channel.DefaultChannelPool - Entry count for : http://localhost:3345 : 1
16:52:01.313 [AsyncHttpClient-1-1] DEBUG org.asynchttpclient.netty.channel.DefaultChannelPool - Entry count for : http://localhost:3345 : 1
16:52:02.415 [AsyncHttpClient-1-1] DEBUG org.asynchttpclient.netty.channel.DefaultChannelPool - Entry count for : http://localhost:3345 : 1
16:52:03.528 [AsyncHttpClient-1-1] DEBUG org.asynchttpclient.netty.channel.DefaultChannelPool - Entry count for : http://localhost:3345 : 1
16:52:04.613 [AsyncHttpClient-1-1] DEBUG org.asynchttpclient.netty.channel.DefaultChannelPool - Entry count for : http://localhost:3345 : 1
16:52:05.718 [AsyncHttpClient-1-1] DEBUG org.asynchttpclient.netty.channel.DefaultChannelPool - Entry count for : http://localhost:3345 : 1
16:52:06.813 [AsyncHttpClient-1-1] DEBUG org.asynchttpclient.netty.channel.DefaultChannelPool - Entry count for : http://localhost:3345 : 1
16:52:07.915 [AsyncHttpClient-1-1] DEBUG org.asynchttpclient.netty.channel.DefaultChannelPool - Entry count for : http://localhost:3345 : 1
16:52:09.013 [AsyncHttpClient-1-1] DEBUG org.asynchttpclient.netty.channel.DefaultChannelPool - Entry count for : http://localhost:3345 : 1
16:52:10.113 [AsyncHttpClient-1-1] DEBUG org.asynchttpclient.netty.channel.DefaultChannelPool - Entry count for : http://localhost:3345 : 1
16:52:11.221 [AsyncHttpClient-1-1] DEBUG org.asynchttpclient.netty.channel.DefaultChannelPool - Entry count for : http://localhost:3345 : 1
16:52:12.313 [AsyncHttpClient-1-1] DEBUG org.asynchttpclient.netty.channel.DefaultChannelPool - Entry count for : http://localhost:3345 : 1
16:52:13.420 [AsyncHttpClient-1-1] DEBUG org.asynchttpclient.netty.channel.DefaultChannelPool - Entry count for : http://localhost:3345 : 1
16:52:14.514 [AsyncHttpClient-1-1] DEBUG org.asynchttpclient.netty.channel.DefaultChannelPool - Entry count for : http://localhost:3345 : 1
16:52:15.621 [AsyncHttpClient-1-1] DEBUG org.asynchttpclient.netty.channel.DefaultChannelPool - Entry count for : http://localhost:3345 : 1
16:52:16.713 [AsyncHttpClient-1-1] DEBUG org.asynchttpclient.netty.channel.DefaultChannelPool - Entry count for : http://localhost:3345 : 1
16:52:17.813 [AsyncHttpClient-1-1] DEBUG org.asynchttpclient.netty.channel.DefaultChannelPool - Entry count for : http://localhost:3345 : 1
16:52:18.097 [AsyncHttpClient-1-2] DEBUG org.asynchttpclient.netty.handler.HttpHandler - 

Request DefaultHttpRequest(decodeResult: success, version: HTTP/1.1)
POST /session/a363967fdc35f8b8aa36184b05a29270/url HTTP/1.1
User-Agent: selenium/4.1.2 (java windows)
Content-Length: 54
Content-Type: application/json; charset=utf-8
host: localhost:50257
accept: */*

Response DefaultHttpResponse(decodeResult: success, version: HTTP/1.1)
HTTP/1.1 200 OK
Content-Type: application/json; charset=utf-8
cache-control: no-cache
content-length: 14

16:52:18.098 [AsyncHttpClient-1-2] DEBUG org.asynchttpclient.netty.channel.ChannelManager - Adding key: http://localhost:50257 for channel [id: 0xd36286ed, L:/127.0.0.1:3339 - R:localhost/127.0.0.1:50257]
16:52:18.112 [Forwarding setTimeout on session a363967fdc35f8b8aa36184b05a29270 to remote] DEBUG org.asynchttpclient.netty.request.NettyRequestSender - Using pooled Channel '[id: 0xd36286ed, L:/127.0.0.1:3339 - R:localhost/127.0.0.1:50257]' for 'POST' to 'http://localhost:50257/session/a363967fdc35f8b8aa36184b05a29270/timeouts'
16:52:18.112 [Forwarding setTimeout on session a363967fdc35f8b8aa36184b05a29270 to remote] DEBUG org.asynchttpclient.netty.request.NettyRequestSender - Using open Channel [id: 0xd36286ed, L:/127.0.0.1:3339 - R:localhost/127.0.0.1:50257] for POST '/session/a363967fdc35f8b8aa36184b05a29270/timeouts'
16:52:18.118 [AsyncHttpClient-1-2] DEBUG org.asynchttpclient.netty.handler.HttpHandler - 

Request DefaultHttpRequest(decodeResult: success, version: HTTP/1.1)
POST /session/a363967fdc35f8b8aa36184b05a29270/timeouts HTTP/1.1
User-Agent: selenium/4.1.2 (java windows)
Content-Length: 22
Content-Type: application/json; charset=utf-8
host: localhost:50257
accept: */*

Response DefaultHttpResponse(decodeResult: success, version: HTTP/1.1)
HTTP/1.1 200 OK
Content-Type: application/json; charset=utf-8
cache-control: no-cache
content-length: 14

16:52:18.120 [AsyncHttpClient-1-2] DEBUG org.asynchttpclient.netty.channel.ChannelManager - Adding key: http://localhost:50257 for channel [id: 0xd36286ed, L:/127.0.0.1:3339 - R:localhost/127.0.0.1:50257]
16:52:18.144 [Forwarding getCurrentUrl on session a363967fdc35f8b8aa36184b05a29270 to remote] DEBUG org.asynchttpclient.netty.request.NettyRequestSender - Using pooled Channel '[id: 0xd36286ed, L:/127.0.0.1:3339 - R:localhost/127.0.0.1:50257]' for 'GET' to 'http://localhost:50257/session/a363967fdc35f8b8aa36184b05a29270/url'
16:52:18.144 [Forwarding getCurrentUrl on session a363967fdc35f8b8aa36184b05a29270 to remote] DEBUG org.asynchttpclient.netty.request.NettyRequestSender - Using open Channel [id: 0xd36286ed, L:/127.0.0.1:3339 - R:localhost/127.0.0.1:50257] for GET '/session/a363967fdc35f8b8aa36184b05a29270/url'
16:52:18.153 [AsyncHttpClient-1-2] DEBUG org.asynchttpclient.netty.handler.HttpHandler - 

Request DefaultFullHttpRequest(decodeResult: success, version: HTTP/1.1, content: EmptyByteBufBE)
GET /session/a363967fdc35f8b8aa36184b05a29270/url HTTP/1.1
User-Agent: selenium/4.1.2 (java windows)
Cache-Control: no-cache
Content-Type: application/json; charset=utf-8
host: localhost:50257
accept: */*

Response DefaultHttpResponse(decodeResult: success, version: HTTP/1.1)
HTTP/1.1 200 OK
Content-Type: application/json; charset=utf-8
cache-control: no-cache
content-length: 36

16:52:18.154 [AsyncHttpClient-1-2] DEBUG org.asynchttpclient.netty.channel.ChannelManager - Adding key: http://localhost:50257 for channel [id: 0xd36286ed, L:/127.0.0.1:3339 - R:localhost/127.0.0.1:50257]
16:52:18.223 [Forwarding findElement on session a363967fdc35f8b8aa36184b05a29270 to remote] DEBUG org.asynchttpclient.netty.request.NettyRequestSender - Using pooled Channel '[id: 0xd36286ed, L:/127.0.0.1:3339 - R:localhost/127.0.0.1:50257]' for 'POST' to 'http://localhost:50257/session/a363967fdc35f8b8aa36184b05a29270/element'
16:52:18.224 [Forwarding findElement on session a363967fdc35f8b8aa36184b05a29270 to remote] DEBUG org.asynchttpclient.netty.request.NettyRequestSender - Using open Channel [id: 0xd36286ed, L:/127.0.0.1:3339 - R:localhost/127.0.0.1:50257] for POST '/session/a363967fdc35f8b8aa36184b05a29270/element'
16:52:18.255 [AsyncHttpClient-1-2] DEBUG org.asynchttpclient.netty.handler.HttpHandler - 

Request DefaultHttpRequest(decodeResult: success, version: HTTP/1.1)
POST /session/a363967fdc35f8b8aa36184b05a29270/element HTTP/1.1
User-Agent: selenium/4.1.2 (java windows)
Content-Length: 53
Content-Type: application/json; charset=utf-8
host: localhost:50257
accept: */*

Response DefaultHttpResponse(decodeResult: success, version: HTTP/1.1)
HTTP/1.1 200 OK
Content-Type: application/json; charset=utf-8
cache-control: no-cache
content-length: 88

16:52:18.255 [AsyncHttpClient-1-2] DEBUG org.asynchttpclient.netty.channel.ChannelManager - Adding key: http://localhost:50257 for channel [id: 0xd36286ed, L:/127.0.0.1:3339 - R:localhost/127.0.0.1:50257]
16:52:18.266 [Forwarding sendKeysToElement on session a363967fdc35f8b8aa36184b05a29270 to remote] DEBUG org.asynchttpclient.netty.request.NettyRequestSender - Using pooled Channel '[id: 0xd36286ed, L:/127.0.0.1:3339 - R:localhost/127.0.0.1:50257]' for 'POST' to 'http://localhost:50257/session/a363967fdc35f8b8aa36184b05a29270/element/7c3678a2-6961-4161-8031-1dff8bf1c67c/value'
16:52:18.267 [Forwarding sendKeysToElement on session a363967fdc35f8b8aa36184b05a29270 to remote] DEBUG org.asynchttpclient.netty.request.NettyRequestSender - Using open Channel [id: 0xd36286ed, L:/127.0.0.1:3339 - R:localhost/127.0.0.1:50257] for POST '/session/a363967fdc35f8b8aa36184b05a29270/element/7c3678a2-6961-4161-8031-1dff8bf1c67c/value'
16:52:18.340 [AsyncHttpClient-1-2] DEBUG org.asynchttpclient.netty.handler.HttpHandler - 

Request DefaultHttpRequest(decodeResult: success, version: HTTP/1.1)
POST /session/a363967fdc35f8b8aa36184b05a29270/element/7c3678a2-6961-4161-8031-1dff8bf1c67c/value HTTP/1.1
User-Agent: selenium/4.1.2 (java windows)
Content-Length: 95
Content-Type: application/json; charset=utf-8
host: localhost:50257
accept: */*

Response DefaultHttpResponse(decodeResult: success, version: HTTP/1.1)
HTTP/1.1 200 OK
Content-Type: application/json; charset=utf-8
cache-control: no-cache
content-length: 14

16:52:18.341 [AsyncHttpClient-1-2] DEBUG org.asynchttpclient.netty.channel.ChannelManager - Adding key: http://localhost:50257 for channel [id: 0xd36286ed, L:/127.0.0.1:3339 - R:localhost/127.0.0.1:50257]
  &amp#27;[32mGiven &amp#27;[0m&amp#27;[32mI am on the book page&amp#27;[0m                      &amp#27;[90m# starter.stepdefinitions.CollectionStep.iAmOnTheBookPage()&amp#27;[0m
16:52:18.499 [main] DEBUG net.serenitybdd.core.photography.Darkroom - Opening darkroom
16:52:18.500 [Darkroom Processing Line] DEBUG net.serenitybdd.core.photography.DarkroomProcessingLine - Darkroom processing line starting up
16:52:18.503 [Forwarding screenshot on session a363967fdc35f8b8aa36184b05a29270 to remote] DEBUG org.asynchttpclient.netty.request.NettyRequestSender - Using pooled Channel '[id: 0xd36286ed, L:/127.0.0.1:3339 - R:localhost/127.0.0.1:50257]' for 'GET' to 'http://localhost:50257/session/a363967fdc35f8b8aa36184b05a29270/screenshot'
16:52:18.504 [Forwarding screenshot on session a363967fdc35f8b8aa36184b05a29270 to remote] DEBUG org.asynchttpclient.netty.request.NettyRequestSender - Using open Channel [id: 0xd36286ed, L:/127.0.0.1:3339 - R:localhost/127.0.0.1:50257] for GET '/session/a363967fdc35f8b8aa36184b05a29270/screenshot'
16:52:18.731 [AsyncHttpClient-1-2] DEBUG org.asynchttpclient.netty.handler.HttpHandler - 

Request DefaultFullHttpRequest(decodeResult: success, version: HTTP/1.1, content: EmptyByteBufBE)
GET /session/a363967fdc35f8b8aa36184b05a29270/screenshot HTTP/1.1
User-Agent: selenium/4.1.2 (java windows)
Cache-Control: no-cache
Content-Type: application/json; charset=utf-8
host: localhost:50257
accept: */*

Response DefaultHttpResponse(decodeResult: success, version: HTTP/1.1)
HTTP/1.1 200 OK
Content-Type: application/json; charset=utf-8
cache-control: no-cache
content-length: 253684

16:52:18.739 [AsyncHttpClient-1-2] DEBUG org.asynchttpclient.netty.channel.ChannelManager - Adding key: http://localhost:50257 for channel [id: 0xd36286ed, L:/127.0.0.1:3339 - R:localhost/127.0.0.1:50257]
16:52:18.917 [AsyncHttpClient-1-1] DEBUG org.asynchttpclient.netty.channel.DefaultChannelPool - Entry count for : http://localhost:50257 : 1
16:52:18.918 [AsyncHttpClient-1-1] DEBUG org.asynchttpclient.netty.channel.DefaultChannelPool - Entry count for : http://localhost:3345 : 1
16:52:18.934 [main] DEBUG net.serenitybdd.core.photography.Darkroom - Send negative for processing for target\site\serenity\61482faecb91095fbbe2e7f3e7d1bb11a198c145009f81e7bc5ea09ff8ae734b.png
16:52:18.935 [Darkroom Processing Line] DEBUG net.serenitybdd.core.photography.DarkroomProcessingLine - Processing screenshot image in /var/screenshots/screenshot-4042081006107000894
16:52:18.935 [Darkroom Processing Line] DEBUG net.serenitybdd.core.photography.DarkroomProcessingLine - Saving screenshot to target\site\serenity\61482faecb91095fbbe2e7f3e7d1bb11a198c145009f81e7bc5ea09ff8ae734b.png
16:52:18.986 [Forwarding findElement on session a363967fdc35f8b8aa36184b05a29270 to remote] DEBUG org.asynchttpclient.netty.request.NettyRequestSender - Using pooled Channel '[id: 0xd36286ed, L:/127.0.0.1:3339 - R:localhost/127.0.0.1:50257]' for 'POST' to 'http://localhost:50257/session/a363967fdc35f8b8aa36184b05a29270/element'
16:52:18.986 [Forwarding findElement on session a363967fdc35f8b8aa36184b05a29270 to remote] DEBUG org.asynchttpclient.netty.request.NettyRequestSender - Using open Channel [id: 0xd36286ed, L:/127.0.0.1:3339 - R:localhost/127.0.0.1:50257] for POST '/session/a363967fdc35f8b8aa36184b05a29270/element'
16:52:19.003 [AsyncHttpClient-1-2] DEBUG org.asynchttpclient.netty.handler.HttpHandler - 

Request DefaultHttpRequest(decodeResult: success, version: HTTP/1.1)
POST /session/a363967fdc35f8b8aa36184b05a29270/element HTTP/1.1
User-Agent: selenium/4.1.2 (java windows)
Content-Length: 78
Content-Type: application/json; charset=utf-8
host: localhost:50257
accept: */*

Response DefaultHttpResponse(decodeResult: success, version: HTTP/1.1)
HTTP/1.1 200 OK
Content-Type: application/json; charset=utf-8
cache-control: no-cache
content-length: 88

16:52:19.004 [AsyncHttpClient-1-2] DEBUG org.asynchttpclient.netty.channel.ChannelManager - Adding key: http://localhost:50257 for channel [id: 0xd36286ed, L:/127.0.0.1:3339 - R:localhost/127.0.0.1:50257]
16:52:19.007 [Forwarding getElementTagName on session a363967fdc35f8b8aa36184b05a29270 to remote] DEBUG org.asynchttpclient.netty.request.NettyRequestSender - Using pooled Channel '[id: 0xd36286ed, L:/127.0.0.1:3339 - R:localhost/127.0.0.1:50257]' for 'GET' to 'http://localhost:50257/session/a363967fdc35f8b8aa36184b05a29270/element/b88940e0-8573-46f4-a036-d590bf4f70bc/name'
16:52:19.007 [Forwarding getElementTagName on session a363967fdc35f8b8aa36184b05a29270 to remote] DEBUG org.asynchttpclient.netty.request.NettyRequestSender - Using open Channel [id: 0xd36286ed, L:/127.0.0.1:3339 - R:localhost/127.0.0.1:50257] for GET '/session/a363967fdc35f8b8aa36184b05a29270/element/b88940e0-8573-46f4-a036-d590bf4f70bc/name'
16:52:19.012 [AsyncHttpClient-1-2] DEBUG org.asynchttpclient.netty.handler.HttpHandler - 

Request DefaultFullHttpRequest(decodeResult: success, version: HTTP/1.1, content: EmptyByteBufBE)
GET /session/a363967fdc35f8b8aa36184b05a29270/element/b88940e0-8573-46f4-a036-d590bf4f70bc/name HTTP/1.1
User-Agent: selenium/4.1.2 (java windows)
Cache-Control: no-cache
Content-Type: application/json; charset=utf-8
host: localhost:50257
accept: */*

Response DefaultHttpResponse(decodeResult: success, version: HTTP/1.1)
HTTP/1.1 200 OK
Content-Type: application/json; charset=utf-8
cache-control: no-cache
content-length: 16

16:52:19.013 [AsyncHttpClient-1-2] DEBUG org.asynchttpclient.netty.channel.ChannelManager - Adding key: http://localhost:50257 for channel [id: 0xd36286ed, L:/127.0.0.1:3339 - R:localhost/127.0.0.1:50257]
16:52:19.017 [Forwarding getElementTagName on session a363967fdc35f8b8aa36184b05a29270 to remote] DEBUG org.asynchttpclient.netty.request.NettyRequestSender - Using pooled Channel '[id: 0xd36286ed, L:/127.0.0.1:3339 - R:localhost/127.0.0.1:50257]' for 'GET' to 'http://localhost:50257/session/a363967fdc35f8b8aa36184b05a29270/element/b88940e0-8573-46f4-a036-d590bf4f70bc/name'
16:52:19.017 [Forwarding getElementTagName on session a363967fdc35f8b8aa36184b05a29270 to remote] DEBUG org.asynchttpclient.netty.request.NettyRequestSender - Using open Channel [id: 0xd36286ed, L:/127.0.0.1:3339 - R:localhost/127.0.0.1:50257] for GET '/session/a363967fdc35f8b8aa36184b05a29270/element/b88940e0-8573-46f4-a036-d590bf4f70bc/name'
16:52:19.023 [AsyncHttpClient-1-2] DEBUG org.asynchttpclient.netty.handler.HttpHandler - 

Request DefaultFullHttpRequest(decodeResult: success, version: HTTP/1.1, content: EmptyByteBufBE)
GET /session/a363967fdc35f8b8aa36184b05a29270/element/b88940e0-8573-46f4-a036-d590bf4f70bc/name HTTP/1.1
User-Agent: selenium/4.1.2 (java windows)
Cache-Control: no-cache
Content-Type: application/json; charset=utf-8
host: localhost:50257
accept: */*

Response DefaultHttpResponse(decodeResult: success, version: HTTP/1.1)
HTTP/1.1 200 OK
Content-Type: application/json; charset=utf-8
cache-control: no-cache
content-length: 16

16:52:19.024 [AsyncHttpClient-1-2] DEBUG org.asynchttpclient.netty.channel.ChannelManager - Adding key: http://localhost:50257 for channel [id: 0xd36286ed, L:/127.0.0.1:3339 - R:localhost/127.0.0.1:50257]
16:52:19.028 [Forwarding findElement on session a363967fdc35f8b8aa36184b05a29270 to remote] DEBUG org.asynchttpclient.netty.request.NettyRequestSender - Using pooled Channel '[id: 0xd36286ed, L:/127.0.0.1:3339 - R:localhost/127.0.0.1:50257]' for 'POST' to 'http://localhost:50257/session/a363967fdc35f8b8aa36184b05a29270/element'
16:52:19.028 [Forwarding findElement on session a363967fdc35f8b8aa36184b05a29270 to remote] DEBUG org.asynchttpclient.netty.request.NettyRequestSender - Using open Channel [id: 0xd36286ed, L:/127.0.0.1:3339 - R:localhost/127.0.0.1:50257] for POST '/session/a363967fdc35f8b8aa36184b05a29270/element'
16:52:19.042 [AsyncHttpClient-1-2] DEBUG org.asynchttpclient.netty.handler.HttpHandler - 

Request DefaultHttpRequest(decodeResult: success, version: HTTP/1.1)
POST /session/a363967fdc35f8b8aa36184b05a29270/element HTTP/1.1
User-Agent: selenium/4.1.2 (java windows)
Content-Length: 78
Content-Type: application/json; charset=utf-8
host: localhost:50257
accept: */*

Response DefaultHttpResponse(decodeResult: success, version: HTTP/1.1)
HTTP/1.1 200 OK
Content-Type: application/json; charset=utf-8
cache-control: no-cache
content-length: 88

16:52:19.042 [AsyncHttpClient-1-2] DEBUG org.asynchttpclient.netty.channel.ChannelManager - Adding key: http://localhost:50257 for channel [id: 0xd36286ed, L:/127.0.0.1:3339 - R:localhost/127.0.0.1:50257]
16:52:19.044 [Forwarding clickElement on session a363967fdc35f8b8aa36184b05a29270 to remote] DEBUG org.asynchttpclient.netty.request.NettyRequestSender - Using pooled Channel '[id: 0xd36286ed, L:/127.0.0.1:3339 - R:localhost/127.0.0.1:50257]' for 'POST' to 'http://localhost:50257/session/a363967fdc35f8b8aa36184b05a29270/element/b88940e0-8573-46f4-a036-d590bf4f70bc/click'
16:52:19.044 [Forwarding clickElement on session a363967fdc35f8b8aa36184b05a29270 to remote] DEBUG org.asynchttpclient.netty.request.NettyRequestSender - Using open Channel [id: 0xd36286ed, L:/127.0.0.1:3339 - R:localhost/127.0.0.1:50257] for POST '/session/a363967fdc35f8b8aa36184b05a29270/element/b88940e0-8573-46f4-a036-d590bf4f70bc/click'
16:52:20.013 [AsyncHttpClient-1-1] DEBUG org.asynchttpclient.netty.channel.DefaultChannelPool - Entry count for : http://localhost:3345 : 1
16:52:21.120 [AsyncHttpClient-1-1] DEBUG org.asynchttpclient.netty.channel.DefaultChannelPool - Entry count for : http://localhost:3345 : 1
16:52:22.221 [AsyncHttpClient-1-1] DEBUG org.asynchttpclient.netty.channel.DefaultChannelPool - Entry count for : http://localhost:3345 : 1
16:52:23.319 [AsyncHttpClient-1-1] DEBUG org.asynchttpclient.netty.channel.DefaultChannelPool - Entry count for : http://localhost:3345 : 1
16:52:24.415 [AsyncHttpClient-1-1] DEBUG org.asynchttpclient.netty.channel.DefaultChannelPool - Entry count for : http://localhost:3345 : 1
16:52:25.515 [AsyncHttpClient-1-1] DEBUG org.asynchttpclient.netty.channel.DefaultChannelPool - Entry count for : http://localhost:3345 : 1
16:52:26.613 [AsyncHttpClient-1-1] DEBUG org.asynchttpclient.netty.channel.DefaultChannelPool - Entry count for : http://localhost:3345 : 1
16:52:27.713 [AsyncHttpClient-1-1] DEBUG org.asynchttpclient.netty.channel.DefaultChannelPool - Entry count for : http://localhost:3345 : 1
16:52:28.813 [AsyncHttpClient-1-1] DEBUG org.asynchttpclient.netty.channel.DefaultChannelPool - Entry count for : http://localhost:3345 : 1
16:52:29.919 [AsyncHttpClient-1-1] DEBUG org.asynchttpclient.netty.channel.DefaultChannelPool - Entry count for : http://localhost:3345 : 1
16:52:31.020 [AsyncHttpClient-1-1] DEBUG org.asynchttpclient.netty.channel.DefaultChannelPool - Entry count for : http://localhost:3345 : 1
16:52:32.122 [AsyncHttpClient-1-1] DEBUG org.asynchttpclient.netty.channel.DefaultChannelPool - Entry count for : http://localhost:3345 : 1
16:52:32.122 [AsyncHttpClient-1-1] DEBUG org.asynchttpclient.netty.channel.DefaultChannelPool - Adding Candidate expired Channel [id: 0xbdd519f5, L:/127.0.0.1:3361 - R:localhost/127.0.0.1:3345] isIdleTimeoutExpired=true isRemotelyClosed=false isTtlExpired=false
16:52:32.123 [AsyncHttpClient-1-1] DEBUG org.asynchttpclient.netty.channel.DefaultChannelPool - Closing Idle Channel [id: 0xbdd519f5, L:/127.0.0.1:3361 - R:localhost/127.0.0.1:3345]
16:52:32.127 [AsyncHttpClient-1-1] DEBUG org.asynchttpclient.netty.channel.DefaultChannelPool - Closed 1 connections out of 1 in 5 ms
16:52:32.128 [AsyncHttpClient-1-3] DEBUG org.asynchttpclient.netty.handler.HttpHandler - Channel Closed: [id: 0xbdd519f5, L:/127.0.0.1:3361 ! R:localhost/127.0.0.1:3345] with attribute DISCARD
16:52:37.053 [AsyncHttpClient-1-2] DEBUG org.asynchttpclient.netty.handler.HttpHandler - 

Request DefaultHttpRequest(decodeResult: success, version: HTTP/1.1)
POST /session/a363967fdc35f8b8aa36184b05a29270/element/b88940e0-8573-46f4-a036-d590bf4f70bc/click HTTP/1.1
User-Agent: selenium/4.1.2 (java windows)
Content-Length: 50
Content-Type: application/json; charset=utf-8
host: localhost:50257
accept: */*

Response DefaultHttpResponse(decodeResult: success, version: HTTP/1.1)
HTTP/1.1 200 OK
Content-Type: application/json; charset=utf-8
cache-control: no-cache
content-length: 14

16:52:37.054 [AsyncHttpClient-1-2] DEBUG org.asynchttpclient.netty.channel.ChannelManager - Adding key: http://localhost:50257 for channel [id: 0xd36286ed, L:/127.0.0.1:3339 - R:localhost/127.0.0.1:50257]
  &amp#27;[32mWhen &amp#27;[0m&amp#27;[32mI click Git Pocket Guide&amp#27;[0m                    &amp#27;[90m# starter.stepdefinitions.CollectionStep.iClickGitPocketGuide()&amp#27;[0m
16:52:37.082 [Forwarding screenshot on session a363967fdc35f8b8aa36184b05a29270 to remote] DEBUG org.asynchttpclient.netty.request.NettyRequestSender - Using pooled Channel '[id: 0xd36286ed, L:/127.0.0.1:3339 - R:localhost/127.0.0.1:50257]' for 'GET' to 'http://localhost:50257/session/a363967fdc35f8b8aa36184b05a29270/screenshot'
16:52:37.082 [Forwarding screenshot on session a363967fdc35f8b8aa36184b05a29270 to remote] DEBUG org.asynchttpclient.netty.request.NettyRequestSender - Using open Channel [id: 0xd36286ed, L:/127.0.0.1:3339 - R:localhost/127.0.0.1:50257] for GET '/session/a363967fdc35f8b8aa36184b05a29270/screenshot'
16:52:37.944 [AsyncHttpClient-1-2] DEBUG org.asynchttpclient.netty.handler.HttpHandler - 

Request DefaultFullHttpRequest(decodeResult: success, version: HTTP/1.1, content: EmptyByteBufBE)
GET /session/a363967fdc35f8b8aa36184b05a29270/screenshot HTTP/1.1
User-Agent: selenium/4.1.2 (java windows)
Cache-Control: no-cache
Content-Type: application/json; charset=utf-8
host: localhost:50257
accept: */*

Response DefaultHttpResponse(decodeResult: success, version: HTTP/1.1)
HTTP/1.1 200 OK
Content-Type: application/json; charset=utf-8
cache-control: no-cache
content-length: 193284

16:52:37.947 [AsyncHttpClient-1-2] DEBUG org.asynchttpclient.netty.channel.ChannelManager - Adding key: http://localhost:50257 for channel [id: 0xd36286ed, L:/127.0.0.1:3339 - R:localhost/127.0.0.1:50257]
16:52:37.956 [main] DEBUG net.serenitybdd.core.photography.Darkroom - Send negative for processing for target\site\serenity\ffad4218f816421d6bd8da2113a5ca126ccea64f633b5d465aa354727a187bfd.png
16:52:37.957 [Darkroom Processing Line] DEBUG net.serenitybdd.core.photography.DarkroomProcessingLine - Processing screenshot image in /var/screenshots/screenshot-14269231393886444928
16:52:37.957 [Darkroom Processing Line] DEBUG net.serenitybdd.core.photography.DarkroomProcessingLine - Saving screenshot to target\site\serenity\ffad4218f816421d6bd8da2113a5ca126ccea64f633b5d465aa354727a187bfd.png
16:52:37.973 [Forwarding findElement on session a363967fdc35f8b8aa36184b05a29270 to remote] DEBUG org.asynchttpclient.netty.request.NettyRequestSender - Using pooled Channel '[id: 0xd36286ed, L:/127.0.0.1:3339 - R:localhost/127.0.0.1:50257]' for 'POST' to 'http://localhost:50257/session/a363967fdc35f8b8aa36184b05a29270/element'
16:52:37.973 [Forwarding findElement on session a363967fdc35f8b8aa36184b05a29270 to remote] DEBUG org.asynchttpclient.netty.request.NettyRequestSender - Using open Channel [id: 0xd36286ed, L:/127.0.0.1:3339 - R:localhost/127.0.0.1:50257] for POST '/session/a363967fdc35f8b8aa36184b05a29270/element'
16:52:37.997 [AsyncHttpClient-1-2] DEBUG org.asynchttpclient.netty.handler.HttpHandler - 

Request DefaultHttpRequest(decodeResult: success, version: HTTP/1.1)
POST /session/a363967fdc35f8b8aa36184b05a29270/element HTTP/1.1
User-Agent: selenium/4.1.2 (java windows)
Content-Length: 78
Content-Type: application/json; charset=utf-8
host: localhost:50257
accept: */*

Response DefaultHttpResponse(decodeResult: success, version: HTTP/1.1)
HTTP/1.1 200 OK
Content-Type: application/json; charset=utf-8
cache-control: no-cache
content-length: 88

16:52:37.998 [AsyncHttpClient-1-2] DEBUG org.asynchttpclient.netty.channel.ChannelManager - Adding key: http://localhost:50257 for channel [id: 0xd36286ed, L:/127.0.0.1:3339 - R:localhost/127.0.0.1:50257]
16:52:38.017 [Forwarding isElementDisplayed on session a363967fdc35f8b8aa36184b05a29270 to remote] DEBUG org.asynchttpclient.netty.request.NettyRequestSender - Using pooled Channel '[id: 0xd36286ed, L:/127.0.0.1:3339 - R:localhost/127.0.0.1:50257]' for 'POST' to 'http://localhost:50257/session/a363967fdc35f8b8aa36184b05a29270/execute/sync'
16:52:38.017 [Forwarding isElementDisplayed on session a363967fdc35f8b8aa36184b05a29270 to remote] DEBUG org.asynchttpclient.netty.request.NettyRequestSender - Using open Channel [id: 0xd36286ed, L:/127.0.0.1:3339 - R:localhost/127.0.0.1:50257] for POST '/session/a363967fdc35f8b8aa36184b05a29270/execute/sync'
16:52:38.046 [AsyncHttpClient-1-2] DEBUG org.asynchttpclient.netty.handler.HttpHandler - 

Request DefaultHttpRequest(decodeResult: success, version: HTTP/1.1)
POST /session/a363967fdc35f8b8aa36184b05a29270/execute/sync HTTP/1.1
User-Agent: selenium/4.1.2 (java windows)
Content-Length: 48780
Content-Type: application/json; charset=utf-8
host: localhost:50257
accept: */*

Response DefaultHttpResponse(decodeResult: success, version: HTTP/1.1)
HTTP/1.1 200 OK
Content-Type: application/json; charset=utf-8
cache-control: no-cache
content-length: 14

16:52:38.047 [AsyncHttpClient-1-2] DEBUG org.asynchttpclient.netty.channel.ChannelManager - Adding key: http://localhost:50257 for channel [id: 0xd36286ed, L:/127.0.0.1:3339 - R:localhost/127.0.0.1:50257]
  &amp#27;[32mThen &amp#27;[0m&amp#27;[32mI will get information&amp#27;[0m                      &amp#27;[90m# starter.stepdefinitions.CollectionStep.iWillGetPageMessage()&amp#27;[0m
16:52:38.063 [Forwarding screenshot on session a363967fdc35f8b8aa36184b05a29270 to remote] DEBUG org.asynchttpclient.netty.request.NettyRequestSender - Using pooled Channel '[id: 0xd36286ed, L:/127.0.0.1:3339 - R:localhost/127.0.0.1:50257]' for 'GET' to 'http://localhost:50257/session/a363967fdc35f8b8aa36184b05a29270/screenshot'
16:52:38.063 [Forwarding screenshot on session a363967fdc35f8b8aa36184b05a29270 to remote] DEBUG org.asynchttpclient.netty.request.NettyRequestSender - Using open Channel [id: 0xd36286ed, L:/127.0.0.1:3339 - R:localhost/127.0.0.1:50257] for GET '/session/a363967fdc35f8b8aa36184b05a29270/screenshot'
16:52:38.269 [AsyncHttpClient-1-2] DEBUG org.asynchttpclient.netty.handler.HttpHandler - 

Request DefaultFullHttpRequest(decodeResult: success, version: HTTP/1.1, content: EmptyByteBufBE)
GET /session/a363967fdc35f8b8aa36184b05a29270/screenshot HTTP/1.1
User-Agent: selenium/4.1.2 (java windows)
Cache-Control: no-cache
Content-Type: application/json; charset=utf-8
host: localhost:50257
accept: */*

Response DefaultHttpResponse(decodeResult: success, version: HTTP/1.1)
HTTP/1.1 200 OK
Content-Type: application/json; charset=utf-8
cache-control: no-cache
content-length: 175728

16:52:38.271 [AsyncHttpClient-1-2] DEBUG org.asynchttpclient.netty.channel.ChannelManager - Adding key: http://localhost:50257 for channel [id: 0xd36286ed, L:/127.0.0.1:3339 - R:localhost/127.0.0.1:50257]
16:52:38.279 [main] DEBUG net.serenitybdd.core.photography.Darkroom - Send negative for processing for target\site\serenity\4371e24a6b0385d0073b3fc1d16c54338d5b4db0bbda2130f5e4b3162630a7b0.png
16:52:38.282 [Darkroom Processing Line] DEBUG net.serenitybdd.core.photography.DarkroomProcessingLine - Processing screenshot image in /var/screenshots/screenshot-2556930244564145248
16:52:38.282 [Darkroom Processing Line] DEBUG net.serenitybdd.core.photography.DarkroomProcessingLine - Saving screenshot to target\site\serenity\4371e24a6b0385d0073b3fc1d16c54338d5b4db0bbda2130f5e4b3162630a7b0.png
16:52:38.297 [main] INFO  - 
  _____   ___   ___   _____     ___     _     ___   ___   ___   ___  
 |_   _| | __| / __| |_   _|   | _ \   /_\   / __| / __| | __| |   \ 
   | |   | _|  \__ \   | |     |  _/  / _ \  \__ \ \__ \ | _|  | |) |
   |_|   |___| |___/   |_|     |_|   /_/ \_\ |___/ |___/ |___| |___/ 

See Information of Git Pocket Guide Book
----------------------------------------------------------------------
16:52:38.506 [Driver Command Executor] DEBUG org.asynchttpclient.netty.request.NettyRequestSender - Using pooled Channel '[id: 0xd36286ed, L:/127.0.0.1:3339 - R:localhost/127.0.0.1:50257]' for 'DELETE' to 'http://localhost:50257/session/a363967fdc35f8b8aa36184b05a29270'
16:52:38.506 [Driver Command Executor] DEBUG org.asynchttpclient.netty.request.NettyRequestSender - Using open Channel [id: 0xd36286ed, L:/127.0.0.1:3339 - R:localhost/127.0.0.1:50257] for DELETE '/session/a363967fdc35f8b8aa36184b05a29270'
16:52:38.506 [AsyncHttpClient-1-4] DEBUG org.asynchttpclient.netty.handler.WebSocketHandler - Channel Closed: [id: 0xec31058f, L:/127.0.0.1:3362 ! R:localhost/127.0.0.1:3345] with attribute NettyResponseFuture{currentRetry=5,
	isDone=1,
	isCancelled=0,
	asyncHandler=org.asynchttpclient.ws.WebSocketUpgradeHandler@42b2943d,
	nettyRequest=org.asynchttpclient.netty.request.NettyRequest@547c7eaf,
	future=java.util.concurrent.CompletableFuture@68fe5fdc[Completed normally],
	uri=ws://localhost:3345/devtools/browser/2c4880ba-7531-4940-848f-076c32c96bae,
	keepAlive=true,
	redirectCount=0,
	timeoutsHolder=null,
	inAuth=0,
	touch=1664963491599}
16:52:38.507 [AsyncHttpClient-1-4] DEBUG org.asynchttpclient.netty.channel.ChannelManager - Closing Channel [id: 0xec31058f, L:/127.0.0.1:3362 ! R:localhost/127.0.0.1:3345] 
16:52:38.850 [AsyncHttpClient-1-2] DEBUG org.asynchttpclient.netty.handler.HttpHandler - 

Request DefaultFullHttpRequest(decodeResult: success, version: HTTP/1.1, content: EmptyByteBufBE)
DELETE /session/a363967fdc35f8b8aa36184b05a29270 HTTP/1.1
User-Agent: selenium/4.1.2 (java windows)
Content-Type: application/json; charset=utf-8
host: localhost:50257
accept: */*

Response DefaultHttpResponse(decodeResult: success, version: HTTP/1.1)
HTTP/1.1 200 OK
Content-Type: application/json; charset=utf-8
cache-control: no-cache
content-length: 14

16:52:38.851 [AsyncHttpClient-1-2] DEBUG org.asynchttpclient.netty.channel.ChannelManager - Adding key: http://localhost:50257 for channel [id: 0xd36286ed, L:/127.0.0.1:3339 - R:localhost/127.0.0.1:50257]
16:52:39.012 [AsyncHttpClient-1-2] DEBUG org.asynchttpclient.netty.handler.HttpHandler - Channel Closed: [id: 0xd36286ed, L:/127.0.0.1:3339 ! R:localhost/127.0.0.1:50257] with attribute DISCARD
]]></system-out>
    <system-err><![CDATA[Starting Microsoft Edge WebDriver 105.0.1343.53 (3a47f00402d579c8ba1fad7e143f9d73831b6765) on port 50257
To submit feedback, report a bug, or suggest new features, please visit https://github.com/MicrosoftEdge/EdgeWebDriver

Only local connections are allowed.
Please see https://aka.ms/WebDriverSecurity for suggestions on keeping Microsoft Edge WebDriver safe.

Microsoft Edge WebDriver was started successfully.
Oct 05, 2022 4:51:31 PM org.openqa.selenium.remote.ProtocolHandshake createSession
INFO: Detected dialect: W3C
Oct 05, 2022 4:51:31 PM org.openqa.selenium.devtools.CdpVersionFinder findNearestMatch
WARNING: Unable to find an exact match for CDP version 105, so returning the closest version found: a no-op implementation
Oct 05, 2022 4:51:31 PM org.openqa.selenium.devtools.CdpVersionFinder findNearestMatch
INFO: Unable to find CDP implementation matching 105.
Oct 05, 2022 4:51:31 PM org.openqa.selenium.chromium.ChromiumDriver lambda$new$3
WARNING: Unable to find version of CDP to use for . You may need to include a dependency on a specific version of the CDP using something similar to `org.seleniumhq.selenium:selenium-devtools-v86:4.1.2` where the version ("v86") matches the version of the chromium-based browser you're using and the version number of the artifact is the same as Selenium's.
]]></system-err>
  </testcase>
  <testcase name="See Information of Learning JavaScript Design Patterns Book" classname="See Information" time="83.924">
    <system-out><![CDATA[
Scenario: See Information of Learning JavaScript Design Patterns Book &amp#27;[90m# src/test/resources/features/CartToCollection.feature:11&amp#27;[0m
16:52:39.226 [main] INFO io.cucumber.core.plugin.SerenityReporter - Running feature from file:///D:/File%20Baru/Kuliah/Quality%20Engineer/qe_Bayu-Septyan-Nur-Hidayat/21_Review_Web_UI_Testing_with_Serenity/Praktikum/untitled/src/test/resources/features/CartToCollection.feature
16:52:39.237 [main] INFO  - 
  _____   ___   ___   _____     ___   _____     _     ___   _____   ___   ___  
 |_   _| | __| / __| |_   _|   / __| |_   _|   /_\   | _ \ |_   _| | __| |   \ 
   | |   | _|  \__ \   | |     \__ \   | |    / _ \  |   /   | |   | _|  | |) |
   |_|   |___| |___/   |_|     |___/   |_|   /_/ \_\ |_|_\   |_|   |___| |___/ 

See Information of Learning JavaScript Design Patterns Book(see-information;see-information-of-learning-javascript-design-patterns-book)
--------------------------------------------------------------------------------
16:52:39.955 [AsyncHttpClient-1-1] DEBUG org.asynchttpclient.netty.channel.DefaultChannelPool - Entry count for : http://localhost:50257 : 1
16:52:39.955 [AsyncHttpClient-1-1] DEBUG org.asynchttpclient.netty.channel.DefaultChannelPool - Adding Candidate expired Channel [id: 0xd36286ed, L:/127.0.0.1:3339 ! R:localhost/127.0.0.1:50257] isIdleTimeoutExpired=false isRemotelyClosed=true isTtlExpired=false
16:52:39.955 [AsyncHttpClient-1-1] DEBUG org.asynchttpclient.netty.channel.DefaultChannelPool - Closing Idle Channel [id: 0xd36286ed, L:/127.0.0.1:3339 ! R:localhost/127.0.0.1:50257]
16:52:39.955 [AsyncHttpClient-1-1] DEBUG org.asynchttpclient.netty.channel.DefaultChannelPool - Closed 1 connections out of 1 in 0 ms
16:52:40.123 [main] DEBUG io.github.bonigarcia.wdm.cache.ResolutionCache - Resolution edge=105 in cache (valid until 17:51:16 05/10/2022 ICT)
16:52:40.137 [main] DEBUG io.github.bonigarcia.wdm.cache.ResolutionCache - Resolution edge105=105.0.1343.53 in cache (valid until 15:48:55 06/10/2022 ICT)
16:52:40.144 [main] INFO io.github.bonigarcia.wdm.WebDriverManager - Using msedgedriver 105.0.1343.53 (resolved driver for Edge 105)
16:52:40.186 [main] DEBUG io.github.bonigarcia.wdm.WebDriverManager - Driver msedgedriver 105.0.1343.53 found in cache
16:52:40.188 [main] INFO io.github.bonigarcia.wdm.WebDriverManager - Exporting webdriver.edge.driver as C:\Users\Bayu\.cache\selenium\msedgedriver\win64\105.0.1343.53\msedgedriver.exe
16:52:40.237 [main] DEBUG net.serenitybdd.core.webdriver.driverproviders.ProvideNewDriver - Instantiating driver
16:52:40.237 [main] DEBUG net.serenitybdd.core.webdriver.driverproviders.ProvideNewDriver - Driver capabilities: Capabilities {base.url: https://demoqa.com, driver: edge, edge.driver: src/test/resources/webdrive..., ms:edgeChromium: true, ms:edgeOptions: {}}
16:52:41.030 [AsyncHttpClient-1-5] DEBUG org.asynchttpclient.netty.channel.NettyConnectListener - Using new Channel '[id: 0x29f5c61f, L:/127.0.0.1:3576 - R:localhost/127.0.0.1:52388]' for 'POST' to '/session'
16:52:43.169 [AsyncHttpClient-1-5] DEBUG org.asynchttpclient.netty.handler.HttpHandler - 

Request DefaultHttpRequest(decodeResult: success, version: HTTP/1.1)
POST /session HTTP/1.1
User-Agent: selenium/4.1.2 (java windows)
Content-Length: 591
Content-Type: application/json; charset=utf-8
host: localhost:52388
accept: */*

Response DefaultHttpResponse(decodeResult: success, version: HTTP/1.1)
HTTP/1.1 200 OK
Content-Type: application/json; charset=utf-8
cache-control: no-cache
content-length: 750

16:52:43.170 [AsyncHttpClient-1-5] DEBUG org.asynchttpclient.netty.channel.ChannelManager - Adding key: http://localhost:52388 for channel [id: 0x29f5c61f, L:/127.0.0.1:3576 - R:localhost/127.0.0.1:52388]
16:52:43.225 [AsyncHttpClient-1-6] DEBUG org.asynchttpclient.netty.channel.NettyConnectListener - Using new Channel '[id: 0x1aefaefa, L:/127.0.0.1:3588 - R:localhost/127.0.0.1:3581]' for 'GET' to '/json/version'
16:52:43.237 [AsyncHttpClient-1-6] DEBUG org.asynchttpclient.netty.handler.HttpHandler - 

Request DefaultFullHttpRequest(decodeResult: success, version: HTTP/1.1, content: EmptyByteBufBE)
GET /json/version HTTP/1.1
User-Agent: selenium/4.1.2 (java windows)
host: localhost:3581
accept: */*

Response DefaultHttpResponse(decodeResult: success, version: HTTP/1.1)
HTTP/1.1 200 OK
Content-Type: application/json; charset=UTF-8
content-length: 435

16:52:43.238 [AsyncHttpClient-1-6] DEBUG org.asynchttpclient.netty.channel.ChannelManager - Adding key: http://localhost:3581 for channel [id: 0x1aefaefa, L:/127.0.0.1:3588 - R:localhost/127.0.0.1:3581]
16:52:43.242 [AsyncHttpClient-1-1] DEBUG org.asynchttpclient.netty.channel.DefaultChannelPool - Entry count for : http://localhost:52388 : 1
16:52:43.242 [AsyncHttpClient-1-1] DEBUG org.asynchttpclient.netty.channel.DefaultChannelPool - Entry count for : http://localhost:3581 : 1
16:52:43.262 [AsyncHttpClient-1-7] DEBUG org.asynchttpclient.netty.channel.NettyConnectListener - Using new Channel '[id: 0xca95f9d1, L:/127.0.0.1:3589 - R:localhost/127.0.0.1:3581]' for 'GET' to '/devtools/browser/8fb98d3a-eb6e-4758-adf2-1bd272b4524d'
16:52:43.277 [AsyncHttpClient-1-7] DEBUG org.asynchttpclient.netty.handler.WebSocketHandler - 

Request DefaultFullHttpRequest(decodeResult: success, version: HTTP/1.1, content: EmptyByteBufBE)
GET /devtools/browser/8fb98d3a-eb6e-4758-adf2-1bd272b4524d HTTP/1.1
upgrade: websocket
connection: upgrade
sec-websocket-key: EOTXHb8f4WRuzq+8hVQIkw==
sec-websocket-version: 13
origin: http://localhost:3581
host: localhost:3581
accept: */*
user-agent: AHC/2.1

Response DefaultHttpResponse(decodeResult: success, version: HTTP/1.1)
HTTP/1.1 101 WebSocket Protocol Handshake
Upgrade: WebSocket
Connection: Upgrade
Sec-WebSocket-Accept: 2oEaGjoSuvlUmndhjCpBCygpqJw=

16:52:43.289 [Forwarding get on session 0abe64b607b161465be9a1eb507f5f8f to remote] DEBUG org.asynchttpclient.netty.request.NettyRequestSender - Using pooled Channel '[id: 0x29f5c61f, L:/127.0.0.1:3576 - R:localhost/127.0.0.1:52388]' for 'POST' to 'http://localhost:52388/session/0abe64b607b161465be9a1eb507f5f8f/url'
16:52:43.289 [Forwarding get on session 0abe64b607b161465be9a1eb507f5f8f to remote] DEBUG org.asynchttpclient.netty.request.NettyRequestSender - Using open Channel [id: 0x29f5c61f, L:/127.0.0.1:3576 - R:localhost/127.0.0.1:52388] for POST '/session/0abe64b607b161465be9a1eb507f5f8f/url'
16:52:44.321 [AsyncHttpClient-1-1] DEBUG org.asynchttpclient.netty.channel.DefaultChannelPool - Entry count for : http://localhost:3581 : 1
16:52:45.419 [AsyncHttpClient-1-1] DEBUG org.asynchttpclient.netty.channel.DefaultChannelPool - Entry count for : http://localhost:3581 : 1
16:52:46.522 [AsyncHttpClient-1-1] DEBUG org.asynchttpclient.netty.channel.DefaultChannelPool - Entry count for : http://localhost:3581 : 1
16:52:47.613 [AsyncHttpClient-1-1] DEBUG org.asynchttpclient.netty.channel.DefaultChannelPool - Entry count for : http://localhost:3581 : 1
16:52:48.713 [AsyncHttpClient-1-1] DEBUG org.asynchttpclient.netty.channel.DefaultChannelPool - Entry count for : http://localhost:3581 : 1
16:52:49.821 [AsyncHttpClient-1-1] DEBUG org.asynchttpclient.netty.channel.DefaultChannelPool - Entry count for : http://localhost:3581 : 1
16:52:50.914 [AsyncHttpClient-1-1] DEBUG org.asynchttpclient.netty.channel.DefaultChannelPool - Entry count for : http://localhost:3581 : 1
16:52:52.014 [AsyncHttpClient-1-1] DEBUG org.asynchttpclient.netty.channel.DefaultChannelPool - Entry count for : http://localhost:3581 : 1
16:52:53.114 [AsyncHttpClient-1-1] DEBUG org.asynchttpclient.netty.channel.DefaultChannelPool - Entry count for : http://localhost:3581 : 1
16:52:54.221 [AsyncHttpClient-1-1] DEBUG org.asynchttpclient.netty.channel.DefaultChannelPool - Entry count for : http://localhost:3581 : 1
16:52:55.313 [AsyncHttpClient-1-1] DEBUG org.asynchttpclient.netty.channel.DefaultChannelPool - Entry count for : http://localhost:3581 : 1
16:52:56.413 [AsyncHttpClient-1-1] DEBUG org.asynchttpclient.netty.channel.DefaultChannelPool - Entry count for : http://localhost:3581 : 1
16:52:57.514 [AsyncHttpClient-1-1] DEBUG org.asynchttpclient.netty.channel.DefaultChannelPool - Entry count for : http://localhost:3581 : 1
16:52:58.619 [AsyncHttpClient-1-1] DEBUG org.asynchttpclient.netty.channel.DefaultChannelPool - Entry count for : http://localhost:3581 : 1
16:52:59.714 [AsyncHttpClient-1-1] DEBUG org.asynchttpclient.netty.channel.DefaultChannelPool - Entry count for : http://localhost:3581 : 1
16:53:00.815 [AsyncHttpClient-1-1] DEBUG org.asynchttpclient.netty.channel.DefaultChannelPool - Entry count for : http://localhost:3581 : 1
16:53:01.923 [AsyncHttpClient-1-1] DEBUG org.asynchttpclient.netty.channel.DefaultChannelPool - Entry count for : http://localhost:3581 : 1
16:53:03.019 [AsyncHttpClient-1-1] DEBUG org.asynchttpclient.netty.channel.DefaultChannelPool - Entry count for : http://localhost:3581 : 1
16:53:04.114 [AsyncHttpClient-1-1] DEBUG org.asynchttpclient.netty.channel.DefaultChannelPool - Entry count for : http://localhost:3581 : 1
16:53:05.214 [AsyncHttpClient-1-1] DEBUG org.asynchttpclient.netty.channel.DefaultChannelPool - Entry count for : http://localhost:3581 : 1
16:53:06.314 [AsyncHttpClient-1-1] DEBUG org.asynchttpclient.netty.channel.DefaultChannelPool - Entry count for : http://localhost:3581 : 1
16:53:07.414 [AsyncHttpClient-1-1] DEBUG org.asynchttpclient.netty.channel.DefaultChannelPool - Entry count for : http://localhost:3581 : 1
16:53:08.522 [AsyncHttpClient-1-1] DEBUG org.asynchttpclient.netty.channel.DefaultChannelPool - Entry count for : http://localhost:3581 : 1
16:53:09.613 [AsyncHttpClient-1-1] DEBUG org.asynchttpclient.netty.channel.DefaultChannelPool - Entry count for : http://localhost:3581 : 1
16:53:10.717 [AsyncHttpClient-1-1] DEBUG org.asynchttpclient.netty.channel.DefaultChannelPool - Entry count for : http://localhost:3581 : 1
16:53:11.815 [AsyncHttpClient-1-1] DEBUG org.asynchttpclient.netty.channel.DefaultChannelPool - Entry count for : http://localhost:3581 : 1
16:53:12.916 [AsyncHttpClient-1-1] DEBUG org.asynchttpclient.netty.channel.DefaultChannelPool - Entry count for : http://localhost:3581 : 1
16:53:14.020 [AsyncHttpClient-1-1] DEBUG org.asynchttpclient.netty.channel.DefaultChannelPool - Entry count for : http://localhost:3581 : 1
16:53:15.114 [AsyncHttpClient-1-1] DEBUG org.asynchttpclient.netty.channel.DefaultChannelPool - Entry count for : http://localhost:3581 : 1
16:53:16.220 [AsyncHttpClient-1-1] DEBUG org.asynchttpclient.netty.channel.DefaultChannelPool - Entry count for : http://localhost:3581 : 1
16:53:17.314 [AsyncHttpClient-1-1] DEBUG org.asynchttpclient.netty.channel.DefaultChannelPool - Entry count for : http://localhost:3581 : 1
16:53:18.420 [AsyncHttpClient-1-1] DEBUG org.asynchttpclient.netty.channel.DefaultChannelPool - Entry count for : http://localhost:3581 : 1
16:53:19.514 [AsyncHttpClient-1-1] DEBUG org.asynchttpclient.netty.channel.DefaultChannelPool - Entry count for : http://localhost:3581 : 1
16:53:20.618 [AsyncHttpClient-1-1] DEBUG org.asynchttpclient.netty.channel.DefaultChannelPool - Entry count for : http://localhost:3581 : 1
16:53:21.720 [AsyncHttpClient-1-1] DEBUG org.asynchttpclient.netty.channel.DefaultChannelPool - Entry count for : http://localhost:3581 : 1
16:53:22.814 [AsyncHttpClient-1-1] DEBUG org.asynchttpclient.netty.channel.DefaultChannelPool - Entry count for : http://localhost:3581 : 1
16:53:23.918 [AsyncHttpClient-1-1] DEBUG org.asynchttpclient.netty.channel.DefaultChannelPool - Entry count for : http://localhost:3581 : 1
16:53:25.023 [AsyncHttpClient-1-1] DEBUG org.asynchttpclient.netty.channel.DefaultChannelPool - Entry count for : http://localhost:3581 : 1
16:53:26.114 [AsyncHttpClient-1-1] DEBUG org.asynchttpclient.netty.channel.DefaultChannelPool - Entry count for : http://localhost:3581 : 1
16:53:27.213 [AsyncHttpClient-1-1] DEBUG org.asynchttpclient.netty.channel.DefaultChannelPool - Entry count for : http://localhost:3581 : 1
16:53:28.314 [AsyncHttpClient-1-1] DEBUG org.asynchttpclient.netty.channel.DefaultChannelPool - Entry count for : http://localhost:3581 : 1
16:53:29.416 [AsyncHttpClient-1-1] DEBUG org.asynchttpclient.netty.channel.DefaultChannelPool - Entry count for : http://localhost:3581 : 1
16:53:30.513 [AsyncHttpClient-1-1] DEBUG org.asynchttpclient.netty.channel.DefaultChannelPool - Entry count for : http://localhost:3581 : 1
16:53:31.617 [AsyncHttpClient-1-1] DEBUG org.asynchttpclient.netty.channel.DefaultChannelPool - Entry count for : http://localhost:3581 : 1
16:53:32.719 [AsyncHttpClient-1-1] DEBUG org.asynchttpclient.netty.channel.DefaultChannelPool - Entry count for : http://localhost:3581 : 1
16:53:33.813 [AsyncHttpClient-1-1] DEBUG org.asynchttpclient.netty.channel.DefaultChannelPool - Entry count for : http://localhost:3581 : 1
16:53:34.913 [AsyncHttpClient-1-1] DEBUG org.asynchttpclient.netty.channel.DefaultChannelPool - Entry count for : http://localhost:3581 : 1
16:53:35.677 [AsyncHttpClient-1-5] DEBUG org.asynchttpclient.netty.handler.HttpHandler - 

Request DefaultHttpRequest(decodeResult: success, version: HTTP/1.1)
POST /session/0abe64b607b161465be9a1eb507f5f8f/url HTTP/1.1
User-Agent: selenium/4.1.2 (java windows)
Content-Length: 54
Content-Type: application/json; charset=utf-8
host: localhost:52388
accept: */*

Response DefaultHttpResponse(decodeResult: success, version: HTTP/1.1)
HTTP/1.1 200 OK
Content-Type: application/json; charset=utf-8
cache-control: no-cache
content-length: 14

16:53:35.678 [AsyncHttpClient-1-5] DEBUG org.asynchttpclient.netty.channel.ChannelManager - Adding key: http://localhost:52388 for channel [id: 0x29f5c61f, L:/127.0.0.1:3576 - R:localhost/127.0.0.1:52388]
16:53:35.681 [Forwarding setTimeout on session 0abe64b607b161465be9a1eb507f5f8f to remote] DEBUG org.asynchttpclient.netty.request.NettyRequestSender - Using pooled Channel '[id: 0x29f5c61f, L:/127.0.0.1:3576 - R:localhost/127.0.0.1:52388]' for 'POST' to 'http://localhost:52388/session/0abe64b607b161465be9a1eb507f5f8f/timeouts'
16:53:35.681 [Forwarding setTimeout on session 0abe64b607b161465be9a1eb507f5f8f to remote] DEBUG org.asynchttpclient.netty.request.NettyRequestSender - Using open Channel [id: 0x29f5c61f, L:/127.0.0.1:3576 - R:localhost/127.0.0.1:52388] for POST '/session/0abe64b607b161465be9a1eb507f5f8f/timeouts'
16:53:35.684 [AsyncHttpClient-1-5] DEBUG org.asynchttpclient.netty.handler.HttpHandler - 

Request DefaultHttpRequest(decodeResult: success, version: HTTP/1.1)
POST /session/0abe64b607b161465be9a1eb507f5f8f/timeouts HTTP/1.1
User-Agent: selenium/4.1.2 (java windows)
Content-Length: 22
Content-Type: application/json; charset=utf-8
host: localhost:52388
accept: */*

Response DefaultHttpResponse(decodeResult: success, version: HTTP/1.1)
HTTP/1.1 200 OK
Content-Type: application/json; charset=utf-8
cache-control: no-cache
content-length: 14

16:53:35.684 [AsyncHttpClient-1-5] DEBUG org.asynchttpclient.netty.channel.ChannelManager - Adding key: http://localhost:52388 for channel [id: 0x29f5c61f, L:/127.0.0.1:3576 - R:localhost/127.0.0.1:52388]
16:53:35.692 [Forwarding getCurrentUrl on session 0abe64b607b161465be9a1eb507f5f8f to remote] DEBUG org.asynchttpclient.netty.request.NettyRequestSender - Using pooled Channel '[id: 0x29f5c61f, L:/127.0.0.1:3576 - R:localhost/127.0.0.1:52388]' for 'GET' to 'http://localhost:52388/session/0abe64b607b161465be9a1eb507f5f8f/url'
16:53:35.692 [Forwarding getCurrentUrl on session 0abe64b607b161465be9a1eb507f5f8f to remote] DEBUG org.asynchttpclient.netty.request.NettyRequestSender - Using open Channel [id: 0x29f5c61f, L:/127.0.0.1:3576 - R:localhost/127.0.0.1:52388] for GET '/session/0abe64b607b161465be9a1eb507f5f8f/url'
16:53:35.699 [AsyncHttpClient-1-5] DEBUG org.asynchttpclient.netty.handler.HttpHandler - 

Request DefaultFullHttpRequest(decodeResult: success, version: HTTP/1.1, content: EmptyByteBufBE)
GET /session/0abe64b607b161465be9a1eb507f5f8f/url HTTP/1.1
User-Agent: selenium/4.1.2 (java windows)
Cache-Control: no-cache
Content-Type: application/json; charset=utf-8
host: localhost:52388
accept: */*

Response DefaultHttpResponse(decodeResult: success, version: HTTP/1.1)
HTTP/1.1 200 OK
Content-Type: application/json; charset=utf-8
cache-control: no-cache
content-length: 36

16:53:35.700 [AsyncHttpClient-1-5] DEBUG org.asynchttpclient.netty.channel.ChannelManager - Adding key: http://localhost:52388 for channel [id: 0x29f5c61f, L:/127.0.0.1:3576 - R:localhost/127.0.0.1:52388]
16:53:35.712 [Forwarding findElement on session 0abe64b607b161465be9a1eb507f5f8f to remote] DEBUG org.asynchttpclient.netty.request.NettyRequestSender - Using pooled Channel '[id: 0x29f5c61f, L:/127.0.0.1:3576 - R:localhost/127.0.0.1:52388]' for 'POST' to 'http://localhost:52388/session/0abe64b607b161465be9a1eb507f5f8f/element'
16:53:35.712 [Forwarding findElement on session 0abe64b607b161465be9a1eb507f5f8f to remote] DEBUG org.asynchttpclient.netty.request.NettyRequestSender - Using open Channel [id: 0x29f5c61f, L:/127.0.0.1:3576 - R:localhost/127.0.0.1:52388] for POST '/session/0abe64b607b161465be9a1eb507f5f8f/element'
16:53:35.737 [AsyncHttpClient-1-5] DEBUG org.asynchttpclient.netty.handler.HttpHandler - 

Request DefaultHttpRequest(decodeResult: success, version: HTTP/1.1)
POST /session/0abe64b607b161465be9a1eb507f5f8f/element HTTP/1.1
User-Agent: selenium/4.1.2 (java windows)
Content-Length: 53
Content-Type: application/json; charset=utf-8
host: localhost:52388
accept: */*

Response DefaultHttpResponse(decodeResult: success, version: HTTP/1.1)
HTTP/1.1 200 OK
Content-Type: application/json; charset=utf-8
cache-control: no-cache
content-length: 88

16:53:35.737 [AsyncHttpClient-1-5] DEBUG org.asynchttpclient.netty.channel.ChannelManager - Adding key: http://localhost:52388 for channel [id: 0x29f5c61f, L:/127.0.0.1:3576 - R:localhost/127.0.0.1:52388]
16:53:35.741 [Forwarding sendKeysToElement on session 0abe64b607b161465be9a1eb507f5f8f to remote] DEBUG org.asynchttpclient.netty.request.NettyRequestSender - Using pooled Channel '[id: 0x29f5c61f, L:/127.0.0.1:3576 - R:localhost/127.0.0.1:52388]' for 'POST' to 'http://localhost:52388/session/0abe64b607b161465be9a1eb507f5f8f/element/ec660c0e-ad29-44d6-8aa0-8167e2c884e7/value'
16:53:35.741 [Forwarding sendKeysToElement on session 0abe64b607b161465be9a1eb507f5f8f to remote] DEBUG org.asynchttpclient.netty.request.NettyRequestSender - Using open Channel [id: 0x29f5c61f, L:/127.0.0.1:3576 - R:localhost/127.0.0.1:52388] for POST '/session/0abe64b607b161465be9a1eb507f5f8f/element/ec660c0e-ad29-44d6-8aa0-8167e2c884e7/value'
16:53:35.872 [AsyncHttpClient-1-5] DEBUG org.asynchttpclient.netty.handler.HttpHandler - 

Request DefaultHttpRequest(decodeResult: success, version: HTTP/1.1)
POST /session/0abe64b607b161465be9a1eb507f5f8f/element/ec660c0e-ad29-44d6-8aa0-8167e2c884e7/value HTTP/1.1
User-Agent: selenium/4.1.2 (java windows)
Content-Length: 95
Content-Type: application/json; charset=utf-8
host: localhost:52388
accept: */*

Response DefaultHttpResponse(decodeResult: success, version: HTTP/1.1)
HTTP/1.1 200 OK
Content-Type: application/json; charset=utf-8
cache-control: no-cache
content-length: 14

16:53:35.873 [AsyncHttpClient-1-5] DEBUG org.asynchttpclient.netty.channel.ChannelManager - Adding key: http://localhost:52388 for channel [id: 0x29f5c61f, L:/127.0.0.1:3576 - R:localhost/127.0.0.1:52388]
  &amp#27;[32mGiven &amp#27;[0m&amp#27;[32mI am on the book page&amp#27;[0m                                         &amp#27;[90m# starter.stepdefinitions.CollectionStep.iAmOnTheBookPage()&amp#27;[0m
16:53:35.883 [Forwarding screenshot on session 0abe64b607b161465be9a1eb507f5f8f to remote] DEBUG org.asynchttpclient.netty.request.NettyRequestSender - Using pooled Channel '[id: 0x29f5c61f, L:/127.0.0.1:3576 - R:localhost/127.0.0.1:52388]' for 'GET' to 'http://localhost:52388/session/0abe64b607b161465be9a1eb507f5f8f/screenshot'
16:53:35.883 [Forwarding screenshot on session 0abe64b607b161465be9a1eb507f5f8f to remote] DEBUG org.asynchttpclient.netty.request.NettyRequestSender - Using open Channel [id: 0x29f5c61f, L:/127.0.0.1:3576 - R:localhost/127.0.0.1:52388] for GET '/session/0abe64b607b161465be9a1eb507f5f8f/screenshot'
16:53:36.016 [AsyncHttpClient-1-1] DEBUG org.asynchttpclient.netty.channel.DefaultChannelPool - Entry count for : http://localhost:3581 : 1
16:53:36.133 [AsyncHttpClient-1-5] DEBUG org.asynchttpclient.netty.handler.HttpHandler - 

Request DefaultFullHttpRequest(decodeResult: success, version: HTTP/1.1, content: EmptyByteBufBE)
GET /session/0abe64b607b161465be9a1eb507f5f8f/screenshot HTTP/1.1
User-Agent: selenium/4.1.2 (java windows)
Cache-Control: no-cache
Content-Type: application/json; charset=utf-8
host: localhost:52388
accept: */*

Response DefaultHttpResponse(decodeResult: success, version: HTTP/1.1)
HTTP/1.1 200 OK
Content-Type: application/json; charset=utf-8
cache-control: no-cache
content-length: 203984

16:53:36.136 [AsyncHttpClient-1-5] DEBUG org.asynchttpclient.netty.channel.ChannelManager - Adding key: http://localhost:52388 for channel [id: 0x29f5c61f, L:/127.0.0.1:3576 - R:localhost/127.0.0.1:52388]
16:53:36.151 [main] DEBUG net.serenitybdd.core.photography.Darkroom - Send negative for processing for target\site\serenity\f63baf920569a89be5c10c914f5e6912f3d35ed502ce13660daf2677de896896.png
16:53:36.152 [Darkroom Processing Line] DEBUG net.serenitybdd.core.photography.DarkroomProcessingLine - Processing screenshot image in /var/screenshots/screenshot-11148466994163079103
16:53:36.152 [Darkroom Processing Line] DEBUG net.serenitybdd.core.photography.DarkroomProcessingLine - Saving screenshot to target\site\serenity\f63baf920569a89be5c10c914f5e6912f3d35ed502ce13660daf2677de896896.png
16:53:36.177 [Forwarding findElement on session 0abe64b607b161465be9a1eb507f5f8f to remote] DEBUG org.asynchttpclient.netty.request.NettyRequestSender - Using pooled Channel '[id: 0x29f5c61f, L:/127.0.0.1:3576 - R:localhost/127.0.0.1:52388]' for 'POST' to 'http://localhost:52388/session/0abe64b607b161465be9a1eb507f5f8f/element'
16:53:36.177 [Forwarding findElement on session 0abe64b607b161465be9a1eb507f5f8f to remote] DEBUG org.asynchttpclient.netty.request.NettyRequestSender - Using open Channel [id: 0x29f5c61f, L:/127.0.0.1:3576 - R:localhost/127.0.0.1:52388] for POST '/session/0abe64b607b161465be9a1eb507f5f8f/element'
16:53:36.199 [AsyncHttpClient-1-5] DEBUG org.asynchttpclient.netty.handler.HttpHandler - 

Request DefaultHttpRequest(decodeResult: success, version: HTTP/1.1)
POST /session/0abe64b607b161465be9a1eb507f5f8f/element HTTP/1.1
User-Agent: selenium/4.1.2 (java windows)
Content-Length: 99
Content-Type: application/json; charset=utf-8
host: localhost:52388
accept: */*

Response DefaultHttpResponse(decodeResult: success, version: HTTP/1.1)
HTTP/1.1 200 OK
Content-Type: application/json; charset=utf-8
cache-control: no-cache
content-length: 88

16:53:36.199 [AsyncHttpClient-1-5] DEBUG org.asynchttpclient.netty.channel.ChannelManager - Adding key: http://localhost:52388 for channel [id: 0x29f5c61f, L:/127.0.0.1:3576 - R:localhost/127.0.0.1:52388]
16:53:36.202 [Forwarding getElementTagName on session 0abe64b607b161465be9a1eb507f5f8f to remote] DEBUG org.asynchttpclient.netty.request.NettyRequestSender - Using pooled Channel '[id: 0x29f5c61f, L:/127.0.0.1:3576 - R:localhost/127.0.0.1:52388]' for 'GET' to 'http://localhost:52388/session/0abe64b607b161465be9a1eb507f5f8f/element/aa5cc819-7b78-47cd-9026-9be5505eb485/name'
16:53:36.202 [Forwarding getElementTagName on session 0abe64b607b161465be9a1eb507f5f8f to remote] DEBUG org.asynchttpclient.netty.request.NettyRequestSender - Using open Channel [id: 0x29f5c61f, L:/127.0.0.1:3576 - R:localhost/127.0.0.1:52388] for GET '/session/0abe64b607b161465be9a1eb507f5f8f/element/aa5cc819-7b78-47cd-9026-9be5505eb485/name'
16:53:36.241 [AsyncHttpClient-1-5] DEBUG org.asynchttpclient.netty.handler.HttpHandler - 

Request DefaultFullHttpRequest(decodeResult: success, version: HTTP/1.1, content: EmptyByteBufBE)
GET /session/0abe64b607b161465be9a1eb507f5f8f/element/aa5cc819-7b78-47cd-9026-9be5505eb485/name HTTP/1.1
User-Agent: selenium/4.1.2 (java windows)
Cache-Control: no-cache
Content-Type: application/json; charset=utf-8
host: localhost:52388
accept: */*

Response DefaultHttpResponse(decodeResult: success, version: HTTP/1.1)
HTTP/1.1 200 OK
Content-Type: application/json; charset=utf-8
cache-control: no-cache
content-length: 16

16:53:36.241 [AsyncHttpClient-1-5] DEBUG org.asynchttpclient.netty.channel.ChannelManager - Adding key: http://localhost:52388 for channel [id: 0x29f5c61f, L:/127.0.0.1:3576 - R:localhost/127.0.0.1:52388]
16:53:36.257 [Forwarding getElementTagName on session 0abe64b607b161465be9a1eb507f5f8f to remote] DEBUG org.asynchttpclient.netty.request.NettyRequestSender - Using pooled Channel '[id: 0x29f5c61f, L:/127.0.0.1:3576 - R:localhost/127.0.0.1:52388]' for 'GET' to 'http://localhost:52388/session/0abe64b607b161465be9a1eb507f5f8f/element/aa5cc819-7b78-47cd-9026-9be5505eb485/name'
16:53:36.257 [Forwarding getElementTagName on session 0abe64b607b161465be9a1eb507f5f8f to remote] DEBUG org.asynchttpclient.netty.request.NettyRequestSender - Using open Channel [id: 0x29f5c61f, L:/127.0.0.1:3576 - R:localhost/127.0.0.1:52388] for GET '/session/0abe64b607b161465be9a1eb507f5f8f/element/aa5cc819-7b78-47cd-9026-9be5505eb485/name'
16:53:36.351 [AsyncHttpClient-1-5] DEBUG org.asynchttpclient.netty.handler.HttpHandler - 

Request DefaultFullHttpRequest(decodeResult: success, version: HTTP/1.1, content: EmptyByteBufBE)
GET /session/0abe64b607b161465be9a1eb507f5f8f/element/aa5cc819-7b78-47cd-9026-9be5505eb485/name HTTP/1.1
User-Agent: selenium/4.1.2 (java windows)
Cache-Control: no-cache
Content-Type: application/json; charset=utf-8
host: localhost:52388
accept: */*

Response DefaultHttpResponse(decodeResult: success, version: HTTP/1.1)
HTTP/1.1 200 OK
Content-Type: application/json; charset=utf-8
cache-control: no-cache
content-length: 16

16:53:36.352 [AsyncHttpClient-1-5] DEBUG org.asynchttpclient.netty.channel.ChannelManager - Adding key: http://localhost:52388 for channel [id: 0x29f5c61f, L:/127.0.0.1:3576 - R:localhost/127.0.0.1:52388]
16:53:36.364 [Forwarding findElement on session 0abe64b607b161465be9a1eb507f5f8f to remote] DEBUG org.asynchttpclient.netty.request.NettyRequestSender - Using pooled Channel '[id: 0x29f5c61f, L:/127.0.0.1:3576 - R:localhost/127.0.0.1:52388]' for 'POST' to 'http://localhost:52388/session/0abe64b607b161465be9a1eb507f5f8f/element'
16:53:36.364 [Forwarding findElement on session 0abe64b607b161465be9a1eb507f5f8f to remote] DEBUG org.asynchttpclient.netty.request.NettyRequestSender - Using open Channel [id: 0x29f5c61f, L:/127.0.0.1:3576 - R:localhost/127.0.0.1:52388] for POST '/session/0abe64b607b161465be9a1eb507f5f8f/element'
16:53:36.405 [AsyncHttpClient-1-5] DEBUG org.asynchttpclient.netty.handler.HttpHandler - 

Request DefaultHttpRequest(decodeResult: success, version: HTTP/1.1)
POST /session/0abe64b607b161465be9a1eb507f5f8f/element HTTP/1.1
User-Agent: selenium/4.1.2 (java windows)
Content-Length: 99
Content-Type: application/json; charset=utf-8
host: localhost:52388
accept: */*

Response DefaultHttpResponse(decodeResult: success, version: HTTP/1.1)
HTTP/1.1 200 OK
Content-Type: application/json; charset=utf-8
cache-control: no-cache
content-length: 88

16:53:36.406 [AsyncHttpClient-1-5] DEBUG org.asynchttpclient.netty.channel.ChannelManager - Adding key: http://localhost:52388 for channel [id: 0x29f5c61f, L:/127.0.0.1:3576 - R:localhost/127.0.0.1:52388]
16:53:36.410 [Forwarding clickElement on session 0abe64b607b161465be9a1eb507f5f8f to remote] DEBUG org.asynchttpclient.netty.request.NettyRequestSender - Using pooled Channel '[id: 0x29f5c61f, L:/127.0.0.1:3576 - R:localhost/127.0.0.1:52388]' for 'POST' to 'http://localhost:52388/session/0abe64b607b161465be9a1eb507f5f8f/element/aa5cc819-7b78-47cd-9026-9be5505eb485/click'
16:53:36.410 [Forwarding clickElement on session 0abe64b607b161465be9a1eb507f5f8f to remote] DEBUG org.asynchttpclient.netty.request.NettyRequestSender - Using open Channel [id: 0x29f5c61f, L:/127.0.0.1:3576 - R:localhost/127.0.0.1:52388] for POST '/session/0abe64b607b161465be9a1eb507f5f8f/element/aa5cc819-7b78-47cd-9026-9be5505eb485/click'
16:53:37.113 [AsyncHttpClient-1-1] DEBUG org.asynchttpclient.netty.channel.DefaultChannelPool - Entry count for : http://localhost:3581 : 1
16:53:38.213 [AsyncHttpClient-1-1] DEBUG org.asynchttpclient.netty.channel.DefaultChannelPool - Entry count for : http://localhost:3581 : 1
16:53:39.315 [AsyncHttpClient-1-1] DEBUG org.asynchttpclient.netty.channel.DefaultChannelPool - Entry count for : http://localhost:3581 : 1
16:53:40.414 [AsyncHttpClient-1-1] DEBUG org.asynchttpclient.netty.channel.DefaultChannelPool - Entry count for : http://localhost:3581 : 1
16:53:41.514 [AsyncHttpClient-1-1] DEBUG org.asynchttpclient.netty.channel.DefaultChannelPool - Entry count for : http://localhost:3581 : 1
16:53:42.615 [AsyncHttpClient-1-1] DEBUG org.asynchttpclient.netty.channel.DefaultChannelPool - Entry count for : http://localhost:3581 : 1
16:53:43.721 [AsyncHttpClient-1-1] DEBUG org.asynchttpclient.netty.channel.DefaultChannelPool - Entry count for : http://localhost:3581 : 1
16:53:43.721 [AsyncHttpClient-1-1] DEBUG org.asynchttpclient.netty.channel.DefaultChannelPool - Adding Candidate expired Channel [id: 0x1aefaefa, L:/127.0.0.1:3588 - R:localhost/127.0.0.1:3581] isIdleTimeoutExpired=true isRemotelyClosed=false isTtlExpired=false
16:53:43.721 [AsyncHttpClient-1-1] DEBUG org.asynchttpclient.netty.channel.DefaultChannelPool - Closing Idle Channel [id: 0x1aefaefa, L:/127.0.0.1:3588 - R:localhost/127.0.0.1:3581]
16:53:43.723 [AsyncHttpClient-1-6] DEBUG org.asynchttpclient.netty.handler.HttpHandler - Channel Closed: [id: 0x1aefaefa, L:/127.0.0.1:3588 ! R:localhost/127.0.0.1:3581] with attribute DISCARD
16:53:43.722 [AsyncHttpClient-1-1] DEBUG org.asynchttpclient.netty.channel.DefaultChannelPool - Closed 1 connections out of 1 in 1 ms
16:54:01.949 [AsyncHttpClient-1-5] DEBUG org.asynchttpclient.netty.handler.HttpHandler - 

Request DefaultHttpRequest(decodeResult: success, version: HTTP/1.1)
POST /session/0abe64b607b161465be9a1eb507f5f8f/element/aa5cc819-7b78-47cd-9026-9be5505eb485/click HTTP/1.1
User-Agent: selenium/4.1.2 (java windows)
Content-Length: 50
Content-Type: application/json; charset=utf-8
host: localhost:52388
accept: */*

Response DefaultHttpResponse(decodeResult: success, version: HTTP/1.1)
HTTP/1.1 200 OK
Content-Type: application/json; charset=utf-8
cache-control: no-cache
content-length: 14

16:54:01.950 [AsyncHttpClient-1-5] DEBUG org.asynchttpclient.netty.channel.ChannelManager - Adding key: http://localhost:52388 for channel [id: 0x29f5c61f, L:/127.0.0.1:3576 - R:localhost/127.0.0.1:52388]
  &amp#27;[32mWhen &amp#27;[0m&amp#27;[32mI click Learning JavaScript Design Patterns&amp#27;[0m                    &amp#27;[90m# starter.stepdefinitions.CollectionStep.iClickLearningJavaScriptDesignPatterns()&amp#27;[0m
16:54:01.967 [Forwarding screenshot on session 0abe64b607b161465be9a1eb507f5f8f to remote] DEBUG org.asynchttpclient.netty.request.NettyRequestSender - Using pooled Channel '[id: 0x29f5c61f, L:/127.0.0.1:3576 - R:localhost/127.0.0.1:52388]' for 'GET' to 'http://localhost:52388/session/0abe64b607b161465be9a1eb507f5f8f/screenshot'
16:54:01.967 [Forwarding screenshot on session 0abe64b607b161465be9a1eb507f5f8f to remote] DEBUG org.asynchttpclient.netty.request.NettyRequestSender - Using open Channel [id: 0x29f5c61f, L:/127.0.0.1:3576 - R:localhost/127.0.0.1:52388] for GET '/session/0abe64b607b161465be9a1eb507f5f8f/screenshot'
16:54:02.418 [AsyncHttpClient-1-5] DEBUG org.asynchttpclient.netty.handler.HttpHandler - 

Request DefaultFullHttpRequest(decodeResult: success, version: HTTP/1.1, content: EmptyByteBufBE)
GET /session/0abe64b607b161465be9a1eb507f5f8f/screenshot HTTP/1.1
User-Agent: selenium/4.1.2 (java windows)
Cache-Control: no-cache
Content-Type: application/json; charset=utf-8
host: localhost:52388
accept: */*

Response DefaultHttpResponse(decodeResult: success, version: HTTP/1.1)
HTTP/1.1 200 OK
Content-Type: application/json; charset=utf-8
cache-control: no-cache
content-length: 234628

16:54:02.422 [AsyncHttpClient-1-5] DEBUG org.asynchttpclient.netty.channel.ChannelManager - Adding key: http://localhost:52388 for channel [id: 0x29f5c61f, L:/127.0.0.1:3576 - R:localhost/127.0.0.1:52388]
16:54:02.438 [main] DEBUG net.serenitybdd.core.photography.Darkroom - Send negative for processing for target\site\serenity\66ae30dd5a2b5d77eb7fe1a1fcaadd745ca4aced67d82b66be8bb76f28e45b92.png
16:54:02.439 [Darkroom Processing Line] DEBUG net.serenitybdd.core.photography.DarkroomProcessingLine - Processing screenshot image in /var/screenshots/screenshot-18388118382445318822
16:54:02.439 [Darkroom Processing Line] DEBUG net.serenitybdd.core.photography.DarkroomProcessingLine - Saving screenshot to target\site\serenity\66ae30dd5a2b5d77eb7fe1a1fcaadd745ca4aced67d82b66be8bb76f28e45b92.png
16:54:02.456 [Forwarding findElement on session 0abe64b607b161465be9a1eb507f5f8f to remote] DEBUG org.asynchttpclient.netty.request.NettyRequestSender - Using pooled Channel '[id: 0x29f5c61f, L:/127.0.0.1:3576 - R:localhost/127.0.0.1:52388]' for 'POST' to 'http://localhost:52388/session/0abe64b607b161465be9a1eb507f5f8f/element'
16:54:02.457 [Forwarding findElement on session 0abe64b607b161465be9a1eb507f5f8f to remote] DEBUG org.asynchttpclient.netty.request.NettyRequestSender - Using open Channel [id: 0x29f5c61f, L:/127.0.0.1:3576 - R:localhost/127.0.0.1:52388] for POST '/session/0abe64b607b161465be9a1eb507f5f8f/element'
16:54:02.480 [AsyncHttpClient-1-5] DEBUG org.asynchttpclient.netty.handler.HttpHandler - 

Request DefaultHttpRequest(decodeResult: success, version: HTTP/1.1)
POST /session/0abe64b607b161465be9a1eb507f5f8f/element HTTP/1.1
User-Agent: selenium/4.1.2 (java windows)
Content-Length: 78
Content-Type: application/json; charset=utf-8
host: localhost:52388
accept: */*

Response DefaultHttpResponse(decodeResult: success, version: HTTP/1.1)
HTTP/1.1 200 OK
Content-Type: application/json; charset=utf-8
cache-control: no-cache
content-length: 88

16:54:02.481 [AsyncHttpClient-1-5] DEBUG org.asynchttpclient.netty.channel.ChannelManager - Adding key: http://localhost:52388 for channel [id: 0x29f5c61f, L:/127.0.0.1:3576 - R:localhost/127.0.0.1:52388]
16:54:02.492 [Forwarding isElementDisplayed on session 0abe64b607b161465be9a1eb507f5f8f to remote] DEBUG org.asynchttpclient.netty.request.NettyRequestSender - Using pooled Channel '[id: 0x29f5c61f, L:/127.0.0.1:3576 - R:localhost/127.0.0.1:52388]' for 'POST' to 'http://localhost:52388/session/0abe64b607b161465be9a1eb507f5f8f/execute/sync'
16:54:02.492 [Forwarding isElementDisplayed on session 0abe64b607b161465be9a1eb507f5f8f to remote] DEBUG org.asynchttpclient.netty.request.NettyRequestSender - Using open Channel [id: 0x29f5c61f, L:/127.0.0.1:3576 - R:localhost/127.0.0.1:52388] for POST '/session/0abe64b607b161465be9a1eb507f5f8f/execute/sync'
16:54:02.513 [AsyncHttpClient-1-5] DEBUG org.asynchttpclient.netty.handler.HttpHandler - 

Request DefaultHttpRequest(decodeResult: success, version: HTTP/1.1)
POST /session/0abe64b607b161465be9a1eb507f5f8f/execute/sync HTTP/1.1
User-Agent: selenium/4.1.2 (java windows)
Content-Length: 48780
Content-Type: application/json; charset=utf-8
host: localhost:52388
accept: */*

Response DefaultHttpResponse(decodeResult: success, version: HTTP/1.1)
HTTP/1.1 200 OK
Content-Type: application/json; charset=utf-8
cache-control: no-cache
content-length: 14

16:54:02.513 [AsyncHttpClient-1-5] DEBUG org.asynchttpclient.netty.channel.ChannelManager - Adding key: http://localhost:52388 for channel [id: 0x29f5c61f, L:/127.0.0.1:3576 - R:localhost/127.0.0.1:52388]
  &amp#27;[32mThen &amp#27;[0m&amp#27;[32mI will get information&amp#27;[0m                                         &amp#27;[90m# starter.stepdefinitions.CollectionStep.iWillGetPageMessage()&amp#27;[0m
16:54:02.521 [Forwarding screenshot on session 0abe64b607b161465be9a1eb507f5f8f to remote] DEBUG org.asynchttpclient.netty.request.NettyRequestSender - Using pooled Channel '[id: 0x29f5c61f, L:/127.0.0.1:3576 - R:localhost/127.0.0.1:52388]' for 'GET' to 'http://localhost:52388/session/0abe64b607b161465be9a1eb507f5f8f/screenshot'
16:54:02.521 [Forwarding screenshot on session 0abe64b607b161465be9a1eb507f5f8f to remote] DEBUG org.asynchttpclient.netty.request.NettyRequestSender - Using open Channel [id: 0x29f5c61f, L:/127.0.0.1:3576 - R:localhost/127.0.0.1:52388] for GET '/session/0abe64b607b161465be9a1eb507f5f8f/screenshot'
16:54:02.675 [AsyncHttpClient-1-5] DEBUG org.asynchttpclient.netty.handler.HttpHandler - 

Request DefaultFullHttpRequest(decodeResult: success, version: HTTP/1.1, content: EmptyByteBufBE)
GET /session/0abe64b607b161465be9a1eb507f5f8f/screenshot HTTP/1.1
User-Agent: selenium/4.1.2 (java windows)
Cache-Control: no-cache
Content-Type: application/json; charset=utf-8
host: localhost:52388
accept: */*

Response DefaultHttpResponse(decodeResult: success, version: HTTP/1.1)
HTTP/1.1 200 OK
Content-Type: application/json; charset=utf-8
cache-control: no-cache
content-length: 234628

16:54:02.677 [AsyncHttpClient-1-5] DEBUG org.asynchttpclient.netty.channel.ChannelManager - Adding key: http://localhost:52388 for channel [id: 0x29f5c61f, L:/127.0.0.1:3576 - R:localhost/127.0.0.1:52388]
16:54:02.689 [main] DEBUG net.serenitybdd.core.photography.Darkroom - Send negative for processing for target\site\serenity\66ae30dd5a2b5d77eb7fe1a1fcaadd745ca4aced67d82b66be8bb76f28e45b92.png
16:54:02.691 [main] INFO  - 
  _____   ___   ___   _____     ___     _     ___   ___   ___   ___  
 |_   _| | __| / __| |_   _|   | _ \   /_\   / __| / __| | __| |   \ 
   | |   | _|  \__ \   | |     |  _/  / _ \  \__ \ \__ \ | _|  | |) |
   |_|   |___| |___/   |_|     |_|   /_/ \_\ |___/ |___/ |___| |___/ 

See Information of Learning JavaScript Design Patterns Book
----------------------------------------------------------------------
16:54:02.693 [AsyncHttpClient-1-7] DEBUG org.asynchttpclient.netty.handler.WebSocketHandler - Channel Closed: [id: 0xca95f9d1, L:/127.0.0.1:3589 ! R:localhost/127.0.0.1:3581] with attribute NettyResponseFuture{currentRetry=5,
	isDone=1,
	isCancelled=0,
	asyncHandler=org.asynchttpclient.ws.WebSocketUpgradeHandler@21ae85a2,
	nettyRequest=org.asynchttpclient.netty.request.NettyRequest@64ac0ff3,
	future=java.util.concurrent.CompletableFuture@78905dca[Completed normally],
	uri=ws://localhost:3581/devtools/browser/8fb98d3a-eb6e-4758-adf2-1bd272b4524d,
	keepAlive=true,
	redirectCount=0,
	timeoutsHolder=null,
	inAuth=0,
	touch=1664963563278}
16:54:02.693 [AsyncHttpClient-1-7] DEBUG org.asynchttpclient.netty.channel.ChannelManager - Closing Channel [id: 0xca95f9d1, L:/127.0.0.1:3589 ! R:localhost/127.0.0.1:3581] 
16:54:02.695 [Driver Command Executor] DEBUG org.asynchttpclient.netty.request.NettyRequestSender - Using pooled Channel '[id: 0x29f5c61f, L:/127.0.0.1:3576 - R:localhost/127.0.0.1:52388]' for 'DELETE' to 'http://localhost:52388/session/0abe64b607b161465be9a1eb507f5f8f'
16:54:02.695 [Driver Command Executor] DEBUG org.asynchttpclient.netty.request.NettyRequestSender - Using open Channel [id: 0x29f5c61f, L:/127.0.0.1:3576 - R:localhost/127.0.0.1:52388] for DELETE '/session/0abe64b607b161465be9a1eb507f5f8f'
16:54:02.851 [AsyncHttpClient-1-5] DEBUG org.asynchttpclient.netty.handler.HttpHandler - 

Request DefaultFullHttpRequest(decodeResult: success, version: HTTP/1.1, content: EmptyByteBufBE)
DELETE /session/0abe64b607b161465be9a1eb507f5f8f HTTP/1.1
User-Agent: selenium/4.1.2 (java windows)
Content-Type: application/json; charset=utf-8
host: localhost:52388
accept: */*

Response DefaultHttpResponse(decodeResult: success, version: HTTP/1.1)
HTTP/1.1 200 OK
Content-Type: application/json; charset=utf-8
cache-control: no-cache
content-length: 14

16:54:02.851 [AsyncHttpClient-1-5] DEBUG org.asynchttpclient.netty.channel.ChannelManager - Adding key: http://localhost:52388 for channel [id: 0x29f5c61f, L:/127.0.0.1:3576 - R:localhost/127.0.0.1:52388]
16:54:03.013 [AsyncHttpClient-1-5] DEBUG org.asynchttpclient.netty.handler.HttpHandler - Channel Closed: [id: 0x29f5c61f, L:/127.0.0.1:3576 ! R:localhost/127.0.0.1:52388] with attribute DISCARD
]]></system-out>
    <system-err><![CDATA[Starting Microsoft Edge WebDriver 105.0.1343.53 (3a47f00402d579c8ba1fad7e143f9d73831b6765) on port 52388
To submit feedback, report a bug, or suggest new features, please visit https://github.com/MicrosoftEdge/EdgeWebDriver

Only local connections are allowed.
Please see https://aka.ms/WebDriverSecurity for suggestions on keeping Microsoft Edge WebDriver safe.

Microsoft Edge WebDriver was started successfully.
Oct 05, 2022 4:52:43 PM org.openqa.selenium.remote.ProtocolHandshake createSession
INFO: Detected dialect: W3C
Oct 05, 2022 4:52:43 PM org.openqa.selenium.devtools.CdpVersionFinder findNearestMatch
WARNING: Unable to find an exact match for CDP version 105, so returning the closest version found: a no-op implementation
Oct 05, 2022 4:52:43 PM org.openqa.selenium.devtools.CdpVersionFinder findNearestMatch
INFO: Unable to find CDP implementation matching 105.
Oct 05, 2022 4:52:43 PM org.openqa.selenium.chromium.ChromiumDriver lambda$new$3
WARNING: Unable to find version of CDP to use for . You may need to include a dependency on a specific version of the CDP using something similar to `org.seleniumhq.selenium:selenium-devtools-v86:4.1.2` where the version ("v86") matches the version of the chromium-based browser you're using and the version number of the artifact is the same as Selenium's.
]]></system-err>
  </testcase>
  <testcase name="See Information of Designing Evolvable Web APIs with ASP.NET Book" classname="See Information" time="72.873">
    <system-out><![CDATA[
Scenario: See Information of Designing Evolvable Web APIs with ASP.NET Book &amp#27;[90m# src/test/resources/features/CartToCollection.feature:16&amp#27;[0m
16:54:03.108 [main] INFO io.cucumber.core.plugin.SerenityReporter - Running feature from file:///D:/File%20Baru/Kuliah/Quality%20Engineer/qe_Bayu-Septyan-Nur-Hidayat/21_Review_Web_UI_Testing_with_Serenity/Praktikum/untitled/src/test/resources/features/CartToCollection.feature
16:54:03.112 [main] INFO  - 
  _____   ___   ___   _____     ___   _____     _     ___   _____   ___   ___  
 |_   _| | __| / __| |_   _|   / __| |_   _|   /_\   | _ \ |_   _| | __| |   \ 
   | |   | _|  \__ \   | |     \__ \   | |    / _ \  |   /   | |   | _|  | |) |
   |_|   |___| |___/   |_|     |___/   |_|   /_/ \_\ |_|_\   |_|   |___| |___/ 

See Information of Designing Evolvable Web APIs with ASP.NET Book(see-information;see-information-of-designing-evolvable-web-apis-with-asp.net-book)
--------------------------------------------------------------------------------
16:54:03.513 [AsyncHttpClient-1-1] DEBUG org.asynchttpclient.netty.channel.DefaultChannelPool - Entry count for : http://localhost:52388 : 1
16:54:03.513 [AsyncHttpClient-1-1] DEBUG org.asynchttpclient.netty.channel.DefaultChannelPool - Adding Candidate expired Channel [id: 0x29f5c61f, L:/127.0.0.1:3576 ! R:localhost/127.0.0.1:52388] isIdleTimeoutExpired=false isRemotelyClosed=true isTtlExpired=false
16:54:03.513 [AsyncHttpClient-1-1] DEBUG org.asynchttpclient.netty.channel.DefaultChannelPool - Closing Idle Channel [id: 0x29f5c61f, L:/127.0.0.1:3576 ! R:localhost/127.0.0.1:52388]
16:54:03.513 [AsyncHttpClient-1-1] DEBUG org.asynchttpclient.netty.channel.DefaultChannelPool - Closed 1 connections out of 1 in 0 ms
16:54:03.594 [main] DEBUG io.github.bonigarcia.wdm.cache.ResolutionCache - Resolution edge=105 in cache (valid until 17:51:16 05/10/2022 ICT)
16:54:03.608 [main] DEBUG io.github.bonigarcia.wdm.cache.ResolutionCache - Resolution edge105=105.0.1343.53 in cache (valid until 15:48:55 06/10/2022 ICT)
16:54:03.620 [main] INFO io.github.bonigarcia.wdm.WebDriverManager - Using msedgedriver 105.0.1343.53 (resolved driver for Edge 105)
16:54:04.029 [main] DEBUG io.github.bonigarcia.wdm.WebDriverManager - Driver msedgedriver 105.0.1343.53 found in cache
16:54:04.030 [main] INFO io.github.bonigarcia.wdm.WebDriverManager - Exporting webdriver.edge.driver as C:\Users\Bayu\.cache\selenium\msedgedriver\win64\105.0.1343.53\msedgedriver.exe
16:54:04.035 [main] DEBUG net.serenitybdd.core.webdriver.driverproviders.ProvideNewDriver - Instantiating driver
16:54:04.036 [main] DEBUG net.serenitybdd.core.webdriver.driverproviders.ProvideNewDriver - Driver capabilities: Capabilities {base.url: https://demoqa.com, driver: edge, edge.driver: src/test/resources/webdrive..., ms:edgeChromium: true, ms:edgeOptions: {}}
16:54:04.837 [AsyncHttpClient-1-8] DEBUG org.asynchttpclient.netty.channel.NettyConnectListener - Using new Channel '[id: 0xc0e22db7, L:/127.0.0.1:3799 - R:localhost/127.0.0.1:53472]' for 'POST' to '/session'
16:54:06.516 [AsyncHttpClient-1-8] DEBUG org.asynchttpclient.netty.handler.HttpHandler - 

Request DefaultHttpRequest(decodeResult: success, version: HTTP/1.1)
POST /session HTTP/1.1
User-Agent: selenium/4.1.2 (java windows)
Content-Length: 591
Content-Type: application/json; charset=utf-8
host: localhost:53472
accept: */*

Response DefaultHttpResponse(decodeResult: success, version: HTTP/1.1)
HTTP/1.1 200 OK
Content-Type: application/json; charset=utf-8
cache-control: no-cache
content-length: 753

16:54:06.517 [AsyncHttpClient-1-8] DEBUG org.asynchttpclient.netty.channel.ChannelManager - Adding key: http://localhost:53472 for channel [id: 0xc0e22db7, L:/127.0.0.1:3799 - R:localhost/127.0.0.1:53472]
16:54:06.574 [AsyncHttpClient-1-9] DEBUG org.asynchttpclient.netty.channel.NettyConnectListener - Using new Channel '[id: 0xb3185d97, L:/127.0.0.1:3810 - R:localhost/127.0.0.1:3800]' for 'GET' to '/json/version'
16:54:06.582 [AsyncHttpClient-1-9] DEBUG org.asynchttpclient.netty.handler.HttpHandler - 

Request DefaultFullHttpRequest(decodeResult: success, version: HTTP/1.1, content: EmptyByteBufBE)
GET /json/version HTTP/1.1
User-Agent: selenium/4.1.2 (java windows)
host: localhost:3800
accept: */*

Response DefaultHttpResponse(decodeResult: success, version: HTTP/1.1)
HTTP/1.1 200 OK
Content-Type: application/json; charset=UTF-8
content-length: 435

16:54:06.582 [AsyncHttpClient-1-9] DEBUG org.asynchttpclient.netty.channel.ChannelManager - Adding key: http://localhost:3800 for channel [id: 0xb3185d97, L:/127.0.0.1:3810 - R:localhost/127.0.0.1:3800]
16:54:06.588 [AsyncHttpClient-1-2] DEBUG org.asynchttpclient.netty.channel.NettyConnectListener - Using new Channel '[id: 0x5732d856, L:/127.0.0.1:3811 - R:localhost/127.0.0.1:3800]' for 'GET' to '/devtools/browser/0d5ee1a7-3502-43d2-aab1-097b168c586a'
16:54:06.589 [AsyncHttpClient-1-2] DEBUG org.asynchttpclient.netty.handler.WebSocketHandler - 

Request DefaultFullHttpRequest(decodeResult: success, version: HTTP/1.1, content: EmptyByteBufBE)
GET /devtools/browser/0d5ee1a7-3502-43d2-aab1-097b168c586a HTTP/1.1
upgrade: websocket
connection: upgrade
sec-websocket-key: rtoDQY9xY+lgeFSFByif3w==
sec-websocket-version: 13
origin: http://localhost:3800
host: localhost:3800
accept: */*
user-agent: AHC/2.1

Response DefaultHttpResponse(decodeResult: success, version: HTTP/1.1)
HTTP/1.1 101 WebSocket Protocol Handshake
Upgrade: WebSocket
Connection: Upgrade
Sec-WebSocket-Accept: IdnYRjXfg9gcg7k6B0p+XUqc9SI=

16:54:06.602 [Forwarding get on session 5fa9cf06ec8c40db60d16ff964e88ce6 to remote] DEBUG org.asynchttpclient.netty.request.NettyRequestSender - Using pooled Channel '[id: 0xc0e22db7, L:/127.0.0.1:3799 - R:localhost/127.0.0.1:53472]' for 'POST' to 'http://localhost:53472/session/5fa9cf06ec8c40db60d16ff964e88ce6/url'
16:54:06.602 [Forwarding get on session 5fa9cf06ec8c40db60d16ff964e88ce6 to remote] DEBUG org.asynchttpclient.netty.request.NettyRequestSender - Using open Channel [id: 0xc0e22db7, L:/127.0.0.1:3799 - R:localhost/127.0.0.1:53472] for POST '/session/5fa9cf06ec8c40db60d16ff964e88ce6/url'
16:54:06.932 [AsyncHttpClient-1-1] DEBUG org.asynchttpclient.netty.channel.DefaultChannelPool - Entry count for : http://localhost:3800 : 1
16:54:08.040 [AsyncHttpClient-1-1] DEBUG org.asynchttpclient.netty.channel.DefaultChannelPool - Entry count for : http://localhost:3800 : 1
16:54:09.115 [AsyncHttpClient-1-1] DEBUG org.asynchttpclient.netty.channel.DefaultChannelPool - Entry count for : http://localhost:3800 : 1
16:54:10.219 [AsyncHttpClient-1-1] DEBUG org.asynchttpclient.netty.channel.DefaultChannelPool - Entry count for : http://localhost:3800 : 1
16:54:11.322 [AsyncHttpClient-1-1] DEBUG org.asynchttpclient.netty.channel.DefaultChannelPool - Entry count for : http://localhost:3800 : 1
16:54:12.414 [AsyncHttpClient-1-1] DEBUG org.asynchttpclient.netty.channel.DefaultChannelPool - Entry count for : http://localhost:3800 : 1
16:54:13.514 [AsyncHttpClient-1-1] DEBUG org.asynchttpclient.netty.channel.DefaultChannelPool - Entry count for : http://localhost:3800 : 1
16:54:14.621 [AsyncHttpClient-1-1] DEBUG org.asynchttpclient.netty.channel.DefaultChannelPool - Entry count for : http://localhost:3800 : 1
16:54:15.718 [AsyncHttpClient-1-1] DEBUG org.asynchttpclient.netty.channel.DefaultChannelPool - Entry count for : http://localhost:3800 : 1
16:54:16.813 [AsyncHttpClient-1-1] DEBUG org.asynchttpclient.netty.channel.DefaultChannelPool - Entry count for : http://localhost:3800 : 1
16:54:17.915 [AsyncHttpClient-1-1] DEBUG org.asynchttpclient.netty.channel.DefaultChannelPool - Entry count for : http://localhost:3800 : 1
16:54:19.016 [AsyncHttpClient-1-1] DEBUG org.asynchttpclient.netty.channel.DefaultChannelPool - Entry count for : http://localhost:3800 : 1
16:54:20.114 [AsyncHttpClient-1-1] DEBUG org.asynchttpclient.netty.channel.DefaultChannelPool - Entry count for : http://localhost:3800 : 1
16:54:21.213 [AsyncHttpClient-1-1] DEBUG org.asynchttpclient.netty.channel.DefaultChannelPool - Entry count for : http://localhost:3800 : 1
16:54:22.317 [AsyncHttpClient-1-1] DEBUG org.asynchttpclient.netty.channel.DefaultChannelPool - Entry count for : http://localhost:3800 : 1
16:54:23.419 [AsyncHttpClient-1-1] DEBUG org.asynchttpclient.netty.channel.DefaultChannelPool - Entry count for : http://localhost:3800 : 1
16:54:24.515 [AsyncHttpClient-1-1] DEBUG org.asynchttpclient.netty.channel.DefaultChannelPool - Entry count for : http://localhost:3800 : 1
16:54:25.618 [AsyncHttpClient-1-1] DEBUG org.asynchttpclient.netty.channel.DefaultChannelPool - Entry count for : http://localhost:3800 : 1
16:54:26.723 [AsyncHttpClient-1-1] DEBUG org.asynchttpclient.netty.channel.DefaultChannelPool - Entry count for : http://localhost:3800 : 1
16:54:27.814 [AsyncHttpClient-1-1] DEBUG org.asynchttpclient.netty.channel.DefaultChannelPool - Entry count for : http://localhost:3800 : 1
16:54:28.914 [AsyncHttpClient-1-1] DEBUG org.asynchttpclient.netty.channel.DefaultChannelPool - Entry count for : http://localhost:3800 : 1
16:54:30.014 [AsyncHttpClient-1-1] DEBUG org.asynchttpclient.netty.channel.DefaultChannelPool - Entry count for : http://localhost:3800 : 1
16:54:31.113 [AsyncHttpClient-1-1] DEBUG org.asynchttpclient.netty.channel.DefaultChannelPool - Entry count for : http://localhost:3800 : 1
16:54:32.221 [AsyncHttpClient-1-1] DEBUG org.asynchttpclient.netty.channel.DefaultChannelPool - Entry count for : http://localhost:3800 : 1
16:54:33.319 [AsyncHttpClient-1-1] DEBUG org.asynchttpclient.netty.channel.DefaultChannelPool - Entry count for : http://localhost:3800 : 1
16:54:34.413 [AsyncHttpClient-1-1] DEBUG org.asynchttpclient.netty.channel.DefaultChannelPool - Entry count for : http://localhost:3800 : 1
16:54:35.515 [AsyncHttpClient-1-1] DEBUG org.asynchttpclient.netty.channel.DefaultChannelPool - Entry count for : http://localhost:3800 : 1
16:54:36.615 [AsyncHttpClient-1-1] DEBUG org.asynchttpclient.netty.channel.DefaultChannelPool - Entry count for : http://localhost:3800 : 1
16:54:37.715 [AsyncHttpClient-1-1] DEBUG org.asynchttpclient.netty.channel.DefaultChannelPool - Entry count for : http://localhost:3800 : 1
16:54:38.816 [AsyncHttpClient-1-1] DEBUG org.asynchttpclient.netty.channel.DefaultChannelPool - Entry count for : http://localhost:3800 : 1
16:54:39.918 [AsyncHttpClient-1-1] DEBUG org.asynchttpclient.netty.channel.DefaultChannelPool - Entry count for : http://localhost:3800 : 1
16:54:41.015 [AsyncHttpClient-1-1] DEBUG org.asynchttpclient.netty.channel.DefaultChannelPool - Entry count for : http://localhost:3800 : 1
16:54:42.114 [AsyncHttpClient-1-1] DEBUG org.asynchttpclient.netty.channel.DefaultChannelPool - Entry count for : http://localhost:3800 : 1
16:54:43.214 [AsyncHttpClient-1-1] DEBUG org.asynchttpclient.netty.channel.DefaultChannelPool - Entry count for : http://localhost:3800 : 1
16:54:44.317 [AsyncHttpClient-1-1] DEBUG org.asynchttpclient.netty.channel.DefaultChannelPool - Entry count for : http://localhost:3800 : 1
16:54:45.413 [AsyncHttpClient-1-1] DEBUG org.asynchttpclient.netty.channel.DefaultChannelPool - Entry count for : http://localhost:3800 : 1
16:54:46.517 [AsyncHttpClient-1-1] DEBUG org.asynchttpclient.netty.channel.DefaultChannelPool - Entry count for : http://localhost:3800 : 1
16:54:47.621 [AsyncHttpClient-1-1] DEBUG org.asynchttpclient.netty.channel.DefaultChannelPool - Entry count for : http://localhost:3800 : 1
16:54:48.717 [AsyncHttpClient-1-1] DEBUG org.asynchttpclient.netty.channel.DefaultChannelPool - Entry count for : http://localhost:3800 : 1
16:54:49.814 [AsyncHttpClient-1-1] DEBUG org.asynchttpclient.netty.channel.DefaultChannelPool - Entry count for : http://localhost:3800 : 1
16:54:50.913 [AsyncHttpClient-1-1] DEBUG org.asynchttpclient.netty.channel.DefaultChannelPool - Entry count for : http://localhost:3800 : 1
16:54:52.016 [AsyncHttpClient-1-1] DEBUG org.asynchttpclient.netty.channel.DefaultChannelPool - Entry count for : http://localhost:3800 : 1
16:54:53.123 [AsyncHttpClient-1-1] DEBUG org.asynchttpclient.netty.channel.DefaultChannelPool - Entry count for : http://localhost:3800 : 1
16:54:54.214 [AsyncHttpClient-1-1] DEBUG org.asynchttpclient.netty.channel.DefaultChannelPool - Entry count for : http://localhost:3800 : 1
16:54:55.317 [AsyncHttpClient-1-1] DEBUG org.asynchttpclient.netty.channel.DefaultChannelPool - Entry count for : http://localhost:3800 : 1
16:54:56.414 [AsyncHttpClient-1-1] DEBUG org.asynchttpclient.netty.channel.DefaultChannelPool - Entry count for : http://localhost:3800 : 1
16:54:57.519 [AsyncHttpClient-1-1] DEBUG org.asynchttpclient.netty.channel.DefaultChannelPool - Entry count for : http://localhost:3800 : 1
16:54:58.618 [AsyncHttpClient-1-1] DEBUG org.asynchttpclient.netty.channel.DefaultChannelPool - Entry count for : http://localhost:3800 : 1
16:54:59.714 [AsyncHttpClient-1-1] DEBUG org.asynchttpclient.netty.channel.DefaultChannelPool - Entry count for : http://localhost:3800 : 1
16:54:59.763 [AsyncHttpClient-1-8] DEBUG org.asynchttpclient.netty.handler.HttpHandler - 

Request DefaultHttpRequest(decodeResult: success, version: HTTP/1.1)
POST /session/5fa9cf06ec8c40db60d16ff964e88ce6/url HTTP/1.1
User-Agent: selenium/4.1.2 (java windows)
Content-Length: 54
Content-Type: application/json; charset=utf-8
host: localhost:53472
accept: */*

Response DefaultHttpResponse(decodeResult: success, version: HTTP/1.1)
HTTP/1.1 200 OK
Content-Type: application/json; charset=utf-8
cache-control: no-cache
content-length: 14

16:54:59.764 [AsyncHttpClient-1-8] DEBUG org.asynchttpclient.netty.channel.ChannelManager - Adding key: http://localhost:53472 for channel [id: 0xc0e22db7, L:/127.0.0.1:3799 - R:localhost/127.0.0.1:53472]
16:54:59.766 [Forwarding setTimeout on session 5fa9cf06ec8c40db60d16ff964e88ce6 to remote] DEBUG org.asynchttpclient.netty.request.NettyRequestSender - Using pooled Channel '[id: 0xc0e22db7, L:/127.0.0.1:3799 - R:localhost/127.0.0.1:53472]' for 'POST' to 'http://localhost:53472/session/5fa9cf06ec8c40db60d16ff964e88ce6/timeouts'
16:54:59.767 [Forwarding setTimeout on session 5fa9cf06ec8c40db60d16ff964e88ce6 to remote] DEBUG org.asynchttpclient.netty.request.NettyRequestSender - Using open Channel [id: 0xc0e22db7, L:/127.0.0.1:3799 - R:localhost/127.0.0.1:53472] for POST '/session/5fa9cf06ec8c40db60d16ff964e88ce6/timeouts'
16:54:59.770 [AsyncHttpClient-1-8] DEBUG org.asynchttpclient.netty.handler.HttpHandler - 

Request DefaultHttpRequest(decodeResult: success, version: HTTP/1.1)
POST /session/5fa9cf06ec8c40db60d16ff964e88ce6/timeouts HTTP/1.1
User-Agent: selenium/4.1.2 (java windows)
Content-Length: 22
Content-Type: application/json; charset=utf-8
host: localhost:53472
accept: */*

Response DefaultHttpResponse(decodeResult: success, version: HTTP/1.1)
HTTP/1.1 200 OK
Content-Type: application/json; charset=utf-8
cache-control: no-cache
content-length: 14

16:54:59.771 [AsyncHttpClient-1-8] DEBUG org.asynchttpclient.netty.channel.ChannelManager - Adding key: http://localhost:53472 for channel [id: 0xc0e22db7, L:/127.0.0.1:3799 - R:localhost/127.0.0.1:53472]
16:54:59.781 [Forwarding getCurrentUrl on session 5fa9cf06ec8c40db60d16ff964e88ce6 to remote] DEBUG org.asynchttpclient.netty.request.NettyRequestSender - Using pooled Channel '[id: 0xc0e22db7, L:/127.0.0.1:3799 - R:localhost/127.0.0.1:53472]' for 'GET' to 'http://localhost:53472/session/5fa9cf06ec8c40db60d16ff964e88ce6/url'
16:54:59.781 [Forwarding getCurrentUrl on session 5fa9cf06ec8c40db60d16ff964e88ce6 to remote] DEBUG org.asynchttpclient.netty.request.NettyRequestSender - Using open Channel [id: 0xc0e22db7, L:/127.0.0.1:3799 - R:localhost/127.0.0.1:53472] for GET '/session/5fa9cf06ec8c40db60d16ff964e88ce6/url'
16:54:59.788 [AsyncHttpClient-1-8] DEBUG org.asynchttpclient.netty.handler.HttpHandler - 

Request DefaultFullHttpRequest(decodeResult: success, version: HTTP/1.1, content: EmptyByteBufBE)
GET /session/5fa9cf06ec8c40db60d16ff964e88ce6/url HTTP/1.1
User-Agent: selenium/4.1.2 (java windows)
Cache-Control: no-cache
Content-Type: application/json; charset=utf-8
host: localhost:53472
accept: */*

Response DefaultHttpResponse(decodeResult: success, version: HTTP/1.1)
HTTP/1.1 200 OK
Content-Type: application/json; charset=utf-8
cache-control: no-cache
content-length: 36

16:54:59.788 [AsyncHttpClient-1-8] DEBUG org.asynchttpclient.netty.channel.ChannelManager - Adding key: http://localhost:53472 for channel [id: 0xc0e22db7, L:/127.0.0.1:3799 - R:localhost/127.0.0.1:53472]
16:54:59.796 [Forwarding findElement on session 5fa9cf06ec8c40db60d16ff964e88ce6 to remote] DEBUG org.asynchttpclient.netty.request.NettyRequestSender - Using pooled Channel '[id: 0xc0e22db7, L:/127.0.0.1:3799 - R:localhost/127.0.0.1:53472]' for 'POST' to 'http://localhost:53472/session/5fa9cf06ec8c40db60d16ff964e88ce6/element'
16:54:59.797 [Forwarding findElement on session 5fa9cf06ec8c40db60d16ff964e88ce6 to remote] DEBUG org.asynchttpclient.netty.request.NettyRequestSender - Using open Channel [id: 0xc0e22db7, L:/127.0.0.1:3799 - R:localhost/127.0.0.1:53472] for POST '/session/5fa9cf06ec8c40db60d16ff964e88ce6/element'
16:54:59.824 [AsyncHttpClient-1-8] DEBUG org.asynchttpclient.netty.handler.HttpHandler - 

Request DefaultHttpRequest(decodeResult: success, version: HTTP/1.1)
POST /session/5fa9cf06ec8c40db60d16ff964e88ce6/element HTTP/1.1
User-Agent: selenium/4.1.2 (java windows)
Content-Length: 53
Content-Type: application/json; charset=utf-8
host: localhost:53472
accept: */*

Response DefaultHttpResponse(decodeResult: success, version: HTTP/1.1)
HTTP/1.1 200 OK
Content-Type: application/json; charset=utf-8
cache-control: no-cache
content-length: 88

16:54:59.824 [AsyncHttpClient-1-8] DEBUG org.asynchttpclient.netty.channel.ChannelManager - Adding key: http://localhost:53472 for channel [id: 0xc0e22db7, L:/127.0.0.1:3799 - R:localhost/127.0.0.1:53472]
16:54:59.828 [Forwarding sendKeysToElement on session 5fa9cf06ec8c40db60d16ff964e88ce6 to remote] DEBUG org.asynchttpclient.netty.request.NettyRequestSender - Using pooled Channel '[id: 0xc0e22db7, L:/127.0.0.1:3799 - R:localhost/127.0.0.1:53472]' for 'POST' to 'http://localhost:53472/session/5fa9cf06ec8c40db60d16ff964e88ce6/element/4a66cb22-8dea-46f2-ab1e-b7eb513f9bce/value'
16:54:59.828 [Forwarding sendKeysToElement on session 5fa9cf06ec8c40db60d16ff964e88ce6 to remote] DEBUG org.asynchttpclient.netty.request.NettyRequestSender - Using open Channel [id: 0xc0e22db7, L:/127.0.0.1:3799 - R:localhost/127.0.0.1:53472] for POST '/session/5fa9cf06ec8c40db60d16ff964e88ce6/element/4a66cb22-8dea-46f2-ab1e-b7eb513f9bce/value'
16:54:59.945 [AsyncHttpClient-1-8] DEBUG org.asynchttpclient.netty.handler.HttpHandler - 

Request DefaultHttpRequest(decodeResult: success, version: HTTP/1.1)
POST /session/5fa9cf06ec8c40db60d16ff964e88ce6/element/4a66cb22-8dea-46f2-ab1e-b7eb513f9bce/value HTTP/1.1
User-Agent: selenium/4.1.2 (java windows)
Content-Length: 95
Content-Type: application/json; charset=utf-8
host: localhost:53472
accept: */*

Response DefaultHttpResponse(decodeResult: success, version: HTTP/1.1)
HTTP/1.1 200 OK
Content-Type: application/json; charset=utf-8
cache-control: no-cache
content-length: 14

16:54:59.945 [AsyncHttpClient-1-8] DEBUG org.asynchttpclient.netty.channel.ChannelManager - Adding key: http://localhost:53472 for channel [id: 0xc0e22db7, L:/127.0.0.1:3799 - R:localhost/127.0.0.1:53472]
  &amp#27;[32mGiven &amp#27;[0m&amp#27;[32mI am on the book page&amp#27;[0m                                               &amp#27;[90m# starter.stepdefinitions.CollectionStep.iAmOnTheBookPage()&amp#27;[0m
16:54:59.953 [Forwarding screenshot on session 5fa9cf06ec8c40db60d16ff964e88ce6 to remote] DEBUG org.asynchttpclient.netty.request.NettyRequestSender - Using pooled Channel '[id: 0xc0e22db7, L:/127.0.0.1:3799 - R:localhost/127.0.0.1:53472]' for 'GET' to 'http://localhost:53472/session/5fa9cf06ec8c40db60d16ff964e88ce6/screenshot'
16:54:59.953 [Forwarding screenshot on session 5fa9cf06ec8c40db60d16ff964e88ce6 to remote] DEBUG org.asynchttpclient.netty.request.NettyRequestSender - Using open Channel [id: 0xc0e22db7, L:/127.0.0.1:3799 - R:localhost/127.0.0.1:53472] for GET '/session/5fa9cf06ec8c40db60d16ff964e88ce6/screenshot'
16:55:00.334 [AsyncHttpClient-1-8] DEBUG org.asynchttpclient.netty.handler.HttpHandler - 

Request DefaultFullHttpRequest(decodeResult: success, version: HTTP/1.1, content: EmptyByteBufBE)
GET /session/5fa9cf06ec8c40db60d16ff964e88ce6/screenshot HTTP/1.1
User-Agent: selenium/4.1.2 (java windows)
Cache-Control: no-cache
Content-Type: application/json; charset=utf-8
host: localhost:53472
accept: */*

Response DefaultHttpResponse(decodeResult: success, version: HTTP/1.1)
HTTP/1.1 200 OK
Content-Type: application/json; charset=utf-8
cache-control: no-cache
content-length: 311416

16:55:00.340 [AsyncHttpClient-1-8] DEBUG org.asynchttpclient.netty.channel.ChannelManager - Adding key: http://localhost:53472 for channel [id: 0xc0e22db7, L:/127.0.0.1:3799 - R:localhost/127.0.0.1:53472]
16:55:00.378 [main] DEBUG net.serenitybdd.core.photography.Darkroom - Send negative for processing for target\site\serenity\5fdb7d0599cdbb0bc6baeb4856fe021eae7a56c84096a01a45cf27aa39c4cea6.png
16:55:00.379 [Darkroom Processing Line] DEBUG net.serenitybdd.core.photography.DarkroomProcessingLine - Processing screenshot image in /var/screenshots/screenshot-9575729102344737500
16:55:00.379 [Darkroom Processing Line] DEBUG net.serenitybdd.core.photography.DarkroomProcessingLine - Saving screenshot to target\site\serenity\5fdb7d0599cdbb0bc6baeb4856fe021eae7a56c84096a01a45cf27aa39c4cea6.png
16:55:00.415 [Forwarding findElement on session 5fa9cf06ec8c40db60d16ff964e88ce6 to remote] DEBUG org.asynchttpclient.netty.request.NettyRequestSender - Using pooled Channel '[id: 0xc0e22db7, L:/127.0.0.1:3799 - R:localhost/127.0.0.1:53472]' for 'POST' to 'http://localhost:53472/session/5fa9cf06ec8c40db60d16ff964e88ce6/element'
16:55:00.415 [Forwarding findElement on session 5fa9cf06ec8c40db60d16ff964e88ce6 to remote] DEBUG org.asynchttpclient.netty.request.NettyRequestSender - Using open Channel [id: 0xc0e22db7, L:/127.0.0.1:3799 - R:localhost/127.0.0.1:53472] for POST '/session/5fa9cf06ec8c40db60d16ff964e88ce6/element'
16:55:00.445 [AsyncHttpClient-1-8] DEBUG org.asynchttpclient.netty.handler.HttpHandler - 

Request DefaultHttpRequest(decodeResult: success, version: HTTP/1.1)
POST /session/5fa9cf06ec8c40db60d16ff964e88ce6/element HTTP/1.1
User-Agent: selenium/4.1.2 (java windows)
Content-Length: 111
Content-Type: application/json; charset=utf-8
host: localhost:53472
accept: */*

Response DefaultHttpResponse(decodeResult: success, version: HTTP/1.1)
HTTP/1.1 200 OK
Content-Type: application/json; charset=utf-8
cache-control: no-cache
content-length: 88

16:55:00.445 [AsyncHttpClient-1-8] DEBUG org.asynchttpclient.netty.channel.ChannelManager - Adding key: http://localhost:53472 for channel [id: 0xc0e22db7, L:/127.0.0.1:3799 - R:localhost/127.0.0.1:53472]
16:55:00.450 [Forwarding getElementTagName on session 5fa9cf06ec8c40db60d16ff964e88ce6 to remote] DEBUG org.asynchttpclient.netty.request.NettyRequestSender - Using pooled Channel '[id: 0xc0e22db7, L:/127.0.0.1:3799 - R:localhost/127.0.0.1:53472]' for 'GET' to 'http://localhost:53472/session/5fa9cf06ec8c40db60d16ff964e88ce6/element/0e5edb24-ce0c-41f1-abf4-16c73a51d173/name'
16:55:00.450 [Forwarding getElementTagName on session 5fa9cf06ec8c40db60d16ff964e88ce6 to remote] DEBUG org.asynchttpclient.netty.request.NettyRequestSender - Using open Channel [id: 0xc0e22db7, L:/127.0.0.1:3799 - R:localhost/127.0.0.1:53472] for GET '/session/5fa9cf06ec8c40db60d16ff964e88ce6/element/0e5edb24-ce0c-41f1-abf4-16c73a51d173/name'
16:55:00.511 [AsyncHttpClient-1-8] DEBUG org.asynchttpclient.netty.handler.HttpHandler - 

Request DefaultFullHttpRequest(decodeResult: success, version: HTTP/1.1, content: EmptyByteBufBE)
GET /session/5fa9cf06ec8c40db60d16ff964e88ce6/element/0e5edb24-ce0c-41f1-abf4-16c73a51d173/name HTTP/1.1
User-Agent: selenium/4.1.2 (java windows)
Cache-Control: no-cache
Content-Type: application/json; charset=utf-8
host: localhost:53472
accept: */*

Response DefaultHttpResponse(decodeResult: success, version: HTTP/1.1)
HTTP/1.1 200 OK
Content-Type: application/json; charset=utf-8
cache-control: no-cache
content-length: 16

16:55:00.511 [AsyncHttpClient-1-8] DEBUG org.asynchttpclient.netty.channel.ChannelManager - Adding key: http://localhost:53472 for channel [id: 0xc0e22db7, L:/127.0.0.1:3799 - R:localhost/127.0.0.1:53472]
16:55:00.520 [Forwarding getElementTagName on session 5fa9cf06ec8c40db60d16ff964e88ce6 to remote] DEBUG org.asynchttpclient.netty.request.NettyRequestSender - Using pooled Channel '[id: 0xc0e22db7, L:/127.0.0.1:3799 - R:localhost/127.0.0.1:53472]' for 'GET' to 'http://localhost:53472/session/5fa9cf06ec8c40db60d16ff964e88ce6/element/0e5edb24-ce0c-41f1-abf4-16c73a51d173/name'
16:55:00.521 [Forwarding getElementTagName on session 5fa9cf06ec8c40db60d16ff964e88ce6 to remote] DEBUG org.asynchttpclient.netty.request.NettyRequestSender - Using open Channel [id: 0xc0e22db7, L:/127.0.0.1:3799 - R:localhost/127.0.0.1:53472] for GET '/session/5fa9cf06ec8c40db60d16ff964e88ce6/element/0e5edb24-ce0c-41f1-abf4-16c73a51d173/name'
16:55:00.561 [AsyncHttpClient-1-8] DEBUG org.asynchttpclient.netty.handler.HttpHandler - 

Request DefaultFullHttpRequest(decodeResult: success, version: HTTP/1.1, content: EmptyByteBufBE)
GET /session/5fa9cf06ec8c40db60d16ff964e88ce6/element/0e5edb24-ce0c-41f1-abf4-16c73a51d173/name HTTP/1.1
User-Agent: selenium/4.1.2 (java windows)
Cache-Control: no-cache
Content-Type: application/json; charset=utf-8
host: localhost:53472
accept: */*

Response DefaultHttpResponse(decodeResult: success, version: HTTP/1.1)
HTTP/1.1 200 OK
Content-Type: application/json; charset=utf-8
cache-control: no-cache
content-length: 16

16:55:00.561 [AsyncHttpClient-1-8] DEBUG org.asynchttpclient.netty.channel.ChannelManager - Adding key: http://localhost:53472 for channel [id: 0xc0e22db7, L:/127.0.0.1:3799 - R:localhost/127.0.0.1:53472]
16:55:00.568 [Forwarding findElement on session 5fa9cf06ec8c40db60d16ff964e88ce6 to remote] DEBUG org.asynchttpclient.netty.request.NettyRequestSender - Using pooled Channel '[id: 0xc0e22db7, L:/127.0.0.1:3799 - R:localhost/127.0.0.1:53472]' for 'POST' to 'http://localhost:53472/session/5fa9cf06ec8c40db60d16ff964e88ce6/element'
16:55:00.569 [Forwarding findElement on session 5fa9cf06ec8c40db60d16ff964e88ce6 to remote] DEBUG org.asynchttpclient.netty.request.NettyRequestSender - Using open Channel [id: 0xc0e22db7, L:/127.0.0.1:3799 - R:localhost/127.0.0.1:53472] for POST '/session/5fa9cf06ec8c40db60d16ff964e88ce6/element'
16:55:00.584 [AsyncHttpClient-1-8] DEBUG org.asynchttpclient.netty.handler.HttpHandler - 

Request DefaultHttpRequest(decodeResult: success, version: HTTP/1.1)
POST /session/5fa9cf06ec8c40db60d16ff964e88ce6/element HTTP/1.1
User-Agent: selenium/4.1.2 (java windows)
Content-Length: 111
Content-Type: application/json; charset=utf-8
host: localhost:53472
accept: */*

Response DefaultHttpResponse(decodeResult: success, version: HTTP/1.1)
HTTP/1.1 200 OK
Content-Type: application/json; charset=utf-8
cache-control: no-cache
content-length: 88

16:55:00.585 [AsyncHttpClient-1-8] DEBUG org.asynchttpclient.netty.channel.ChannelManager - Adding key: http://localhost:53472 for channel [id: 0xc0e22db7, L:/127.0.0.1:3799 - R:localhost/127.0.0.1:53472]
16:55:00.587 [Forwarding clickElement on session 5fa9cf06ec8c40db60d16ff964e88ce6 to remote] DEBUG org.asynchttpclient.netty.request.NettyRequestSender - Using pooled Channel '[id: 0xc0e22db7, L:/127.0.0.1:3799 - R:localhost/127.0.0.1:53472]' for 'POST' to 'http://localhost:53472/session/5fa9cf06ec8c40db60d16ff964e88ce6/element/0e5edb24-ce0c-41f1-abf4-16c73a51d173/click'
16:55:00.588 [Forwarding clickElement on session 5fa9cf06ec8c40db60d16ff964e88ce6 to remote] DEBUG org.asynchttpclient.netty.request.NettyRequestSender - Using open Channel [id: 0xc0e22db7, L:/127.0.0.1:3799 - R:localhost/127.0.0.1:53472] for POST '/session/5fa9cf06ec8c40db60d16ff964e88ce6/element/0e5edb24-ce0c-41f1-abf4-16c73a51d173/click'
16:55:00.835 [AsyncHttpClient-1-1] DEBUG org.asynchttpclient.netty.channel.DefaultChannelPool - Entry count for : http://localhost:3800 : 1
16:55:01.915 [AsyncHttpClient-1-1] DEBUG org.asynchttpclient.netty.channel.DefaultChannelPool - Entry count for : http://localhost:3800 : 1
16:55:03.013 [AsyncHttpClient-1-1] DEBUG org.asynchttpclient.netty.channel.DefaultChannelPool - Entry count for : http://localhost:3800 : 1
16:55:04.115 [AsyncHttpClient-1-1] DEBUG org.asynchttpclient.netty.channel.DefaultChannelPool - Entry count for : http://localhost:3800 : 1
16:55:05.224 [AsyncHttpClient-1-1] DEBUG org.asynchttpclient.netty.channel.DefaultChannelPool - Entry count for : http://localhost:3800 : 1
16:55:06.313 [AsyncHttpClient-1-1] DEBUG org.asynchttpclient.netty.channel.DefaultChannelPool - Entry count for : http://localhost:3800 : 1
16:55:07.419 [AsyncHttpClient-1-1] DEBUG org.asynchttpclient.netty.channel.DefaultChannelPool - Entry count for : http://localhost:3800 : 1
16:55:07.419 [AsyncHttpClient-1-1] DEBUG org.asynchttpclient.netty.channel.DefaultChannelPool - Adding Candidate expired Channel [id: 0xb3185d97, L:/127.0.0.1:3810 - R:localhost/127.0.0.1:3800] isIdleTimeoutExpired=true isRemotelyClosed=false isTtlExpired=false
16:55:07.419 [AsyncHttpClient-1-1] DEBUG org.asynchttpclient.netty.channel.DefaultChannelPool - Closing Idle Channel [id: 0xb3185d97, L:/127.0.0.1:3810 - R:localhost/127.0.0.1:3800]
16:55:07.419 [AsyncHttpClient-1-1] DEBUG org.asynchttpclient.netty.channel.DefaultChannelPool - Closed 1 connections out of 1 in 0 ms
16:55:07.419 [AsyncHttpClient-1-9] DEBUG org.asynchttpclient.netty.handler.HttpHandler - Channel Closed: [id: 0xb3185d97, L:/127.0.0.1:3810 ! R:localhost/127.0.0.1:3800] with attribute DISCARD
16:55:14.552 [AsyncHttpClient-1-8] DEBUG org.asynchttpclient.netty.handler.HttpHandler - 

Request DefaultHttpRequest(decodeResult: success, version: HTTP/1.1)
POST /session/5fa9cf06ec8c40db60d16ff964e88ce6/element/0e5edb24-ce0c-41f1-abf4-16c73a51d173/click HTTP/1.1
User-Agent: selenium/4.1.2 (java windows)
Content-Length: 50
Content-Type: application/json; charset=utf-8
host: localhost:53472
accept: */*

Response DefaultHttpResponse(decodeResult: success, version: HTTP/1.1)
HTTP/1.1 200 OK
Content-Type: application/json; charset=utf-8
cache-control: no-cache
content-length: 14

16:55:14.552 [AsyncHttpClient-1-8] DEBUG org.asynchttpclient.netty.channel.ChannelManager - Adding key: http://localhost:53472 for channel [id: 0xc0e22db7, L:/127.0.0.1:3799 - R:localhost/127.0.0.1:53472]
  &amp#27;[32mWhen &amp#27;[0m&amp#27;[32mI click Designing Evolvable Web APIs with ASP.NET&amp#27;[0m                    &amp#27;[90m# starter.stepdefinitions.CollectionStep.iClickDesigningEvolvableWebAPIsWithASPNET()&amp#27;[0m
16:55:14.585 [Forwarding screenshot on session 5fa9cf06ec8c40db60d16ff964e88ce6 to remote] DEBUG org.asynchttpclient.netty.request.NettyRequestSender - Using pooled Channel '[id: 0xc0e22db7, L:/127.0.0.1:3799 - R:localhost/127.0.0.1:53472]' for 'GET' to 'http://localhost:53472/session/5fa9cf06ec8c40db60d16ff964e88ce6/screenshot'
16:55:14.585 [Forwarding screenshot on session 5fa9cf06ec8c40db60d16ff964e88ce6 to remote] DEBUG org.asynchttpclient.netty.request.NettyRequestSender - Using open Channel [id: 0xc0e22db7, L:/127.0.0.1:3799 - R:localhost/127.0.0.1:53472] for GET '/session/5fa9cf06ec8c40db60d16ff964e88ce6/screenshot'
16:55:14.811 [AsyncHttpClient-1-8] DEBUG org.asynchttpclient.netty.handler.HttpHandler - 

Request DefaultFullHttpRequest(decodeResult: success, version: HTTP/1.1, content: EmptyByteBufBE)
GET /session/5fa9cf06ec8c40db60d16ff964e88ce6/screenshot HTTP/1.1
User-Agent: selenium/4.1.2 (java windows)
Cache-Control: no-cache
Content-Type: application/json; charset=utf-8
host: localhost:53472
accept: */*

Response DefaultHttpResponse(decodeResult: success, version: HTTP/1.1)
HTTP/1.1 200 OK
Content-Type: application/json; charset=utf-8
cache-control: no-cache
content-length: 237048

16:55:14.813 [AsyncHttpClient-1-8] DEBUG org.asynchttpclient.netty.channel.ChannelManager - Adding key: http://localhost:53472 for channel [id: 0xc0e22db7, L:/127.0.0.1:3799 - R:localhost/127.0.0.1:53472]
16:55:14.825 [main] DEBUG net.serenitybdd.core.photography.Darkroom - Send negative for processing for target\site\serenity\48f10845b86e88988d4e4a68b91319d8b1b36254821719519a02d9280bd11470.png
16:55:14.826 [Darkroom Processing Line] DEBUG net.serenitybdd.core.photography.DarkroomProcessingLine - Processing screenshot image in /var/screenshots/screenshot-9149885301483861262
16:55:14.826 [Darkroom Processing Line] DEBUG net.serenitybdd.core.photography.DarkroomProcessingLine - Saving screenshot to target\site\serenity\48f10845b86e88988d4e4a68b91319d8b1b36254821719519a02d9280bd11470.png
16:55:14.841 [Forwarding findElement on session 5fa9cf06ec8c40db60d16ff964e88ce6 to remote] DEBUG org.asynchttpclient.netty.request.NettyRequestSender - Using pooled Channel '[id: 0xc0e22db7, L:/127.0.0.1:3799 - R:localhost/127.0.0.1:53472]' for 'POST' to 'http://localhost:53472/session/5fa9cf06ec8c40db60d16ff964e88ce6/element'
16:55:14.841 [Forwarding findElement on session 5fa9cf06ec8c40db60d16ff964e88ce6 to remote] DEBUG org.asynchttpclient.netty.request.NettyRequestSender - Using open Channel [id: 0xc0e22db7, L:/127.0.0.1:3799 - R:localhost/127.0.0.1:53472] for POST '/session/5fa9cf06ec8c40db60d16ff964e88ce6/element'
16:55:14.865 [AsyncHttpClient-1-8] DEBUG org.asynchttpclient.netty.handler.HttpHandler - 

Request DefaultHttpRequest(decodeResult: success, version: HTTP/1.1)
POST /session/5fa9cf06ec8c40db60d16ff964e88ce6/element HTTP/1.1
User-Agent: selenium/4.1.2 (java windows)
Content-Length: 78
Content-Type: application/json; charset=utf-8
host: localhost:53472
accept: */*

Response DefaultHttpResponse(decodeResult: success, version: HTTP/1.1)
HTTP/1.1 200 OK
Content-Type: application/json; charset=utf-8
cache-control: no-cache
content-length: 88

16:55:14.865 [AsyncHttpClient-1-8] DEBUG org.asynchttpclient.netty.channel.ChannelManager - Adding key: http://localhost:53472 for channel [id: 0xc0e22db7, L:/127.0.0.1:3799 - R:localhost/127.0.0.1:53472]
16:55:14.881 [Forwarding isElementDisplayed on session 5fa9cf06ec8c40db60d16ff964e88ce6 to remote] DEBUG org.asynchttpclient.netty.request.NettyRequestSender - Using pooled Channel '[id: 0xc0e22db7, L:/127.0.0.1:3799 - R:localhost/127.0.0.1:53472]' for 'POST' to 'http://localhost:53472/session/5fa9cf06ec8c40db60d16ff964e88ce6/execute/sync'
16:55:14.881 [Forwarding isElementDisplayed on session 5fa9cf06ec8c40db60d16ff964e88ce6 to remote] DEBUG org.asynchttpclient.netty.request.NettyRequestSender - Using open Channel [id: 0xc0e22db7, L:/127.0.0.1:3799 - R:localhost/127.0.0.1:53472] for POST '/session/5fa9cf06ec8c40db60d16ff964e88ce6/execute/sync'
16:55:14.924 [AsyncHttpClient-1-8] DEBUG org.asynchttpclient.netty.handler.HttpHandler - 

Request DefaultHttpRequest(decodeResult: success, version: HTTP/1.1)
POST /session/5fa9cf06ec8c40db60d16ff964e88ce6/execute/sync HTTP/1.1
User-Agent: selenium/4.1.2 (java windows)
Content-Length: 48780
Content-Type: application/json; charset=utf-8
host: localhost:53472
accept: */*

Response DefaultHttpResponse(decodeResult: success, version: HTTP/1.1)
HTTP/1.1 200 OK
Content-Type: application/json; charset=utf-8
cache-control: no-cache
content-length: 14

16:55:14.925 [AsyncHttpClient-1-8] DEBUG org.asynchttpclient.netty.channel.ChannelManager - Adding key: http://localhost:53472 for channel [id: 0xc0e22db7, L:/127.0.0.1:3799 - R:localhost/127.0.0.1:53472]
  &amp#27;[32mThen &amp#27;[0m&amp#27;[32mI will get information&amp#27;[0m                                               &amp#27;[90m# starter.stepdefinitions.CollectionStep.iWillGetPageMessage()&amp#27;[0m
16:55:14.939 [Forwarding screenshot on session 5fa9cf06ec8c40db60d16ff964e88ce6 to remote] DEBUG org.asynchttpclient.netty.request.NettyRequestSender - Using pooled Channel '[id: 0xc0e22db7, L:/127.0.0.1:3799 - R:localhost/127.0.0.1:53472]' for 'GET' to 'http://localhost:53472/session/5fa9cf06ec8c40db60d16ff964e88ce6/screenshot'
16:55:14.939 [Forwarding screenshot on session 5fa9cf06ec8c40db60d16ff964e88ce6 to remote] DEBUG org.asynchttpclient.netty.request.NettyRequestSender - Using open Channel [id: 0xc0e22db7, L:/127.0.0.1:3799 - R:localhost/127.0.0.1:53472] for GET '/session/5fa9cf06ec8c40db60d16ff964e88ce6/screenshot'
16:55:15.536 [AsyncHttpClient-1-8] DEBUG org.asynchttpclient.netty.handler.HttpHandler - 

Request DefaultFullHttpRequest(decodeResult: success, version: HTTP/1.1, content: EmptyByteBufBE)
GET /session/5fa9cf06ec8c40db60d16ff964e88ce6/screenshot HTTP/1.1
User-Agent: selenium/4.1.2 (java windows)
Cache-Control: no-cache
Content-Type: application/json; charset=utf-8
host: localhost:53472
accept: */*

Response DefaultHttpResponse(decodeResult: success, version: HTTP/1.1)
HTTP/1.1 200 OK
Content-Type: application/json; charset=utf-8
cache-control: no-cache
content-length: 237048

16:55:15.539 [AsyncHttpClient-1-8] DEBUG org.asynchttpclient.netty.channel.ChannelManager - Adding key: http://localhost:53472 for channel [id: 0xc0e22db7, L:/127.0.0.1:3799 - R:localhost/127.0.0.1:53472]
16:55:15.546 [main] DEBUG net.serenitybdd.core.photography.Darkroom - Send negative for processing for target\site\serenity\48f10845b86e88988d4e4a68b91319d8b1b36254821719519a02d9280bd11470.png
16:55:15.549 [main] INFO  - 
  _____   ___   ___   _____     ___     _     ___   ___   ___   ___  
 |_   _| | __| / __| |_   _|   | _ \   /_\   / __| / __| | __| |   \ 
   | |   | _|  \__ \   | |     |  _/  / _ \  \__ \ \__ \ | _|  | |) |
   |_|   |___| |___/   |_|     |_|   /_/ \_\ |___/ |___/ |___| |___/ 

See Information of Designing Evolvable Web APIs with ASP.NET Book
----------------------------------------------------------------------
16:55:15.554 [AsyncHttpClient-1-2] DEBUG org.asynchttpclient.netty.handler.WebSocketHandler - Channel Closed: [id: 0x5732d856, L:/127.0.0.1:3811 ! R:localhost/127.0.0.1:3800] with attribute NettyResponseFuture{currentRetry=5,
	isDone=1,
	isCancelled=0,
	asyncHandler=org.asynchttpclient.ws.WebSocketUpgradeHandler@591b089c,
	nettyRequest=org.asynchttpclient.netty.request.NettyRequest@44fe63f7,
	future=java.util.concurrent.CompletableFuture@1391990e[Completed normally],
	uri=ws://localhost:3800/devtools/browser/0d5ee1a7-3502-43d2-aab1-097b168c586a,
	keepAlive=true,
	redirectCount=0,
	timeoutsHolder=null,
	inAuth=0,
	touch=1664963646591}
16:55:15.555 [AsyncHttpClient-1-2] DEBUG org.asynchttpclient.netty.channel.ChannelManager - Closing Channel [id: 0x5732d856, L:/127.0.0.1:3811 ! R:localhost/127.0.0.1:3800] 
16:55:15.556 [Driver Command Executor] DEBUG org.asynchttpclient.netty.request.NettyRequestSender - Using pooled Channel '[id: 0xc0e22db7, L:/127.0.0.1:3799 - R:localhost/127.0.0.1:53472]' for 'DELETE' to 'http://localhost:53472/session/5fa9cf06ec8c40db60d16ff964e88ce6'
16:55:15.556 [Driver Command Executor] DEBUG org.asynchttpclient.netty.request.NettyRequestSender - Using open Channel [id: 0xc0e22db7, L:/127.0.0.1:3799 - R:localhost/127.0.0.1:53472] for DELETE '/session/5fa9cf06ec8c40db60d16ff964e88ce6'
16:55:15.748 [AsyncHttpClient-1-8] DEBUG org.asynchttpclient.netty.handler.HttpHandler - 

Request DefaultFullHttpRequest(decodeResult: success, version: HTTP/1.1, content: EmptyByteBufBE)
DELETE /session/5fa9cf06ec8c40db60d16ff964e88ce6 HTTP/1.1
User-Agent: selenium/4.1.2 (java windows)
Content-Type: application/json; charset=utf-8
host: localhost:53472
accept: */*

Response DefaultHttpResponse(decodeResult: success, version: HTTP/1.1)
HTTP/1.1 200 OK
Content-Type: application/json; charset=utf-8
cache-control: no-cache
content-length: 14

16:55:15.749 [AsyncHttpClient-1-8] DEBUG org.asynchttpclient.netty.channel.ChannelManager - Adding key: http://localhost:53472 for channel [id: 0xc0e22db7, L:/127.0.0.1:3799 - R:localhost/127.0.0.1:53472]
16:55:15.891 [AsyncHttpClient-1-8] DEBUG org.asynchttpclient.netty.handler.HttpHandler - Channel Closed: [id: 0xc0e22db7, L:/127.0.0.1:3799 ! R:localhost/127.0.0.1:53472] with attribute DISCARD
]]></system-out>
    <system-err><![CDATA[Starting Microsoft Edge WebDriver 105.0.1343.53 (3a47f00402d579c8ba1fad7e143f9d73831b6765) on port 53472
To submit feedback, report a bug, or suggest new features, please visit https://github.com/MicrosoftEdge/EdgeWebDriver

Only local connections are allowed.
Please see https://aka.ms/WebDriverSecurity for suggestions on keeping Microsoft Edge WebDriver safe.

Microsoft Edge WebDriver was started successfully.
Oct 05, 2022 4:54:06 PM org.openqa.selenium.remote.ProtocolHandshake createSession
INFO: Detected dialect: W3C
Oct 05, 2022 4:54:06 PM org.openqa.selenium.devtools.CdpVersionFinder findNearestMatch
WARNING: Unable to find an exact match for CDP version 105, so returning the closest version found: a no-op implementation
Oct 05, 2022 4:54:06 PM org.openqa.selenium.devtools.CdpVersionFinder findNearestMatch
INFO: Unable to find CDP implementation matching 105.
Oct 05, 2022 4:54:06 PM org.openqa.selenium.chromium.ChromiumDriver lambda$new$3
WARNING: Unable to find version of CDP to use for . You may need to include a dependency on a specific version of the CDP using something similar to `org.seleniumhq.selenium:selenium-devtools-v86:4.1.2` where the version ("v86") matches the version of the chromium-based browser you're using and the version number of the artifact is the same as Selenium's.
]]></system-err>
  </testcase>
  <testcase name="See Information of Speaking JavaScript Book" classname="See Information" time="75.471">
    <system-out><![CDATA[
Scenario: See Information of Speaking JavaScript Book &amp#27;[90m# src/test/resources/features/CartToCollection.feature:21&amp#27;[0m
16:55:16.021 [main] INFO io.cucumber.core.plugin.SerenityReporter - Running feature from file:///D:/File%20Baru/Kuliah/Quality%20Engineer/qe_Bayu-Septyan-Nur-Hidayat/21_Review_Web_UI_Testing_with_Serenity/Praktikum/untitled/src/test/resources/features/CartToCollection.feature
16:55:16.032 [main] INFO  - 
  _____   ___   ___   _____     ___   _____     _     ___   _____   ___   ___  
 |_   _| | __| / __| |_   _|   / __| |_   _|   /_\   | _ \ |_   _| | __| |   \ 
   | |   | _|  \__ \   | |     \__ \   | |    / _ \  |   /   | |   | _|  | |) |
   |_|   |___| |___/   |_|     |___/   |_|   /_/ \_\ |_|_\   |_|   |___| |___/ 

See Information of Speaking JavaScript Book(see-information;see-information-of-speaking-javascript-book)
--------------------------------------------------------------------------------
16:55:16.212 [AsyncHttpClient-1-1] DEBUG org.asynchttpclient.netty.channel.DefaultChannelPool - Entry count for : http://localhost:53472 : 1
16:55:16.212 [AsyncHttpClient-1-1] DEBUG org.asynchttpclient.netty.channel.DefaultChannelPool - Adding Candidate expired Channel [id: 0xc0e22db7, L:/127.0.0.1:3799 ! R:localhost/127.0.0.1:53472] isIdleTimeoutExpired=false isRemotelyClosed=true isTtlExpired=false
16:55:16.212 [AsyncHttpClient-1-1] DEBUG org.asynchttpclient.netty.channel.DefaultChannelPool - Closing Idle Channel [id: 0xc0e22db7, L:/127.0.0.1:3799 ! R:localhost/127.0.0.1:53472]
16:55:16.212 [AsyncHttpClient-1-1] DEBUG org.asynchttpclient.netty.channel.DefaultChannelPool - Closed 1 connections out of 1 in 0 ms
16:55:17.020 [main] DEBUG io.github.bonigarcia.wdm.cache.ResolutionCache - Resolution edge=105 in cache (valid until 17:51:16 05/10/2022 ICT)
16:55:17.051 [main] DEBUG io.github.bonigarcia.wdm.cache.ResolutionCache - Resolution edge105=105.0.1343.53 in cache (valid until 15:48:55 06/10/2022 ICT)
16:55:17.055 [main] INFO io.github.bonigarcia.wdm.WebDriverManager - Using msedgedriver 105.0.1343.53 (resolved driver for Edge 105)
16:55:17.096 [main] DEBUG io.github.bonigarcia.wdm.WebDriverManager - Driver msedgedriver 105.0.1343.53 found in cache
16:55:17.104 [main] INFO io.github.bonigarcia.wdm.WebDriverManager - Exporting webdriver.edge.driver as C:\Users\Bayu\.cache\selenium\msedgedriver\win64\105.0.1343.53\msedgedriver.exe
16:55:17.144 [main] DEBUG net.serenitybdd.core.webdriver.driverproviders.ProvideNewDriver - Instantiating driver
16:55:17.144 [main] DEBUG net.serenitybdd.core.webdriver.driverproviders.ProvideNewDriver - Driver capabilities: Capabilities {base.url: https://demoqa.com, driver: edge, edge.driver: src/test/resources/webdrive..., ms:edgeChromium: true, ms:edgeOptions: {}}
16:55:17.958 [AsyncHttpClient-1-3] DEBUG org.asynchttpclient.netty.channel.NettyConnectListener - Using new Channel '[id: 0x6ec97f66, L:/127.0.0.1:4073 - R:localhost/127.0.0.1:60825]' for 'POST' to '/session'
16:55:19.648 [AsyncHttpClient-1-3] DEBUG org.asynchttpclient.netty.handler.HttpHandler - 

Request DefaultHttpRequest(decodeResult: success, version: HTTP/1.1)
POST /session HTTP/1.1
User-Agent: selenium/4.1.2 (java windows)
Content-Length: 591
Content-Type: application/json; charset=utf-8
host: localhost:60825
accept: */*

Response DefaultHttpResponse(decodeResult: success, version: HTTP/1.1)
HTTP/1.1 200 OK
Content-Type: application/json; charset=utf-8
cache-control: no-cache
content-length: 754

16:55:19.649 [AsyncHttpClient-1-3] DEBUG org.asynchttpclient.netty.channel.ChannelManager - Adding key: http://localhost:60825 for channel [id: 0x6ec97f66, L:/127.0.0.1:4073 - R:localhost/127.0.0.1:60825]
16:55:19.668 [AsyncHttpClient-1-4] DEBUG org.asynchttpclient.netty.channel.NettyConnectListener - Using new Channel '[id: 0x99760945, L:/127.0.0.1:4093 - R:localhost/127.0.0.1:4074]' for 'GET' to '/json/version'
16:55:19.670 [AsyncHttpClient-1-4] DEBUG org.asynchttpclient.netty.handler.HttpHandler - 

Request DefaultFullHttpRequest(decodeResult: success, version: HTTP/1.1, content: EmptyByteBufBE)
GET /json/version HTTP/1.1
User-Agent: selenium/4.1.2 (java windows)
host: localhost:4074
accept: */*

Response DefaultHttpResponse(decodeResult: success, version: HTTP/1.1)
HTTP/1.1 200 OK
Content-Type: application/json; charset=UTF-8
content-length: 435

16:55:19.670 [AsyncHttpClient-1-4] DEBUG org.asynchttpclient.netty.channel.ChannelManager - Adding key: http://localhost:4074 for channel [id: 0x99760945, L:/127.0.0.1:4093 - R:localhost/127.0.0.1:4074]
16:55:19.678 [AsyncHttpClient-1-5] DEBUG org.asynchttpclient.netty.channel.NettyConnectListener - Using new Channel '[id: 0xb145433e, L:/127.0.0.1:4094 - R:localhost/127.0.0.1:4074]' for 'GET' to '/devtools/browser/88162fdf-9d59-4f42-b126-f86ba95f1d00'
16:55:19.680 [AsyncHttpClient-1-5] DEBUG org.asynchttpclient.netty.handler.WebSocketHandler - 

Request DefaultFullHttpRequest(decodeResult: success, version: HTTP/1.1, content: EmptyByteBufBE)
GET /devtools/browser/88162fdf-9d59-4f42-b126-f86ba95f1d00 HTTP/1.1
upgrade: websocket
connection: upgrade
sec-websocket-key: gXsrMmaS+9tWIDJtfAj/yg==
sec-websocket-version: 13
origin: http://localhost:4074
host: localhost:4074
accept: */*
user-agent: AHC/2.1

Response DefaultHttpResponse(decodeResult: success, version: HTTP/1.1)
HTTP/1.1 101 WebSocket Protocol Handshake
Upgrade: WebSocket
Connection: Upgrade
Sec-WebSocket-Accept: 2ZBOcHE2nz+gX6mzAMLQ0ph3XLQ=

16:55:19.705 [Forwarding get on session ac33c4532b5557232f0f6f6b19292878 to remote] DEBUG org.asynchttpclient.netty.request.NettyRequestSender - Using pooled Channel '[id: 0x6ec97f66, L:/127.0.0.1:4073 - R:localhost/127.0.0.1:60825]' for 'POST' to 'http://localhost:60825/session/ac33c4532b5557232f0f6f6b19292878/url'
16:55:19.705 [Forwarding get on session ac33c4532b5557232f0f6f6b19292878 to remote] DEBUG org.asynchttpclient.netty.request.NettyRequestSender - Using open Channel [id: 0x6ec97f66, L:/127.0.0.1:4073 - R:localhost/127.0.0.1:60825] for POST '/session/ac33c4532b5557232f0f6f6b19292878/url'
16:55:20.705 [AsyncHttpClient-1-1] DEBUG org.asynchttpclient.netty.channel.DefaultChannelPool - Entry count for : http://localhost:4074 : 1
16:55:21.776 [AsyncHttpClient-1-1] DEBUG org.asynchttpclient.netty.channel.DefaultChannelPool - Entry count for : http://localhost:4074 : 1
16:55:22.813 [AsyncHttpClient-1-1] DEBUG org.asynchttpclient.netty.channel.DefaultChannelPool - Entry count for : http://localhost:4074 : 1
16:55:23.920 [AsyncHttpClient-1-1] DEBUG org.asynchttpclient.netty.channel.DefaultChannelPool - Entry count for : http://localhost:4074 : 1
16:55:25.015 [AsyncHttpClient-1-1] DEBUG org.asynchttpclient.netty.channel.DefaultChannelPool - Entry count for : http://localhost:4074 : 1
16:55:26.114 [AsyncHttpClient-1-1] DEBUG org.asynchttpclient.netty.channel.DefaultChannelPool - Entry count for : http://localhost:4074 : 1
16:55:27.218 [AsyncHttpClient-1-1] DEBUG org.asynchttpclient.netty.channel.DefaultChannelPool - Entry count for : http://localhost:4074 : 1
16:55:28.313 [AsyncHttpClient-1-1] DEBUG org.asynchttpclient.netty.channel.DefaultChannelPool - Entry count for : http://localhost:4074 : 1
16:55:29.421 [AsyncHttpClient-1-1] DEBUG org.asynchttpclient.netty.channel.DefaultChannelPool - Entry count for : http://localhost:4074 : 1
16:55:30.523 [AsyncHttpClient-1-1] DEBUG org.asynchttpclient.netty.channel.DefaultChannelPool - Entry count for : http://localhost:4074 : 1
16:55:31.614 [AsyncHttpClient-1-1] DEBUG org.asynchttpclient.netty.channel.DefaultChannelPool - Entry count for : http://localhost:4074 : 1
16:55:32.715 [AsyncHttpClient-1-1] DEBUG org.asynchttpclient.netty.channel.DefaultChannelPool - Entry count for : http://localhost:4074 : 1
16:55:33.818 [AsyncHttpClient-1-1] DEBUG org.asynchttpclient.netty.channel.DefaultChannelPool - Entry count for : http://localhost:4074 : 1
16:55:34.914 [AsyncHttpClient-1-1] DEBUG org.asynchttpclient.netty.channel.DefaultChannelPool - Entry count for : http://localhost:4074 : 1
16:55:36.013 [AsyncHttpClient-1-1] DEBUG org.asynchttpclient.netty.channel.DefaultChannelPool - Entry count for : http://localhost:4074 : 1
16:55:37.115 [AsyncHttpClient-1-1] DEBUG org.asynchttpclient.netty.channel.DefaultChannelPool - Entry count for : http://localhost:4074 : 1
16:55:38.219 [AsyncHttpClient-1-1] DEBUG org.asynchttpclient.netty.channel.DefaultChannelPool - Entry count for : http://localhost:4074 : 1
16:55:39.313 [AsyncHttpClient-1-1] DEBUG org.asynchttpclient.netty.channel.DefaultChannelPool - Entry count for : http://localhost:4074 : 1
16:55:40.420 [AsyncHttpClient-1-1] DEBUG org.asynchttpclient.netty.channel.DefaultChannelPool - Entry count for : http://localhost:4074 : 1
16:55:41.514 [AsyncHttpClient-1-1] DEBUG org.asynchttpclient.netty.channel.DefaultChannelPool - Entry count for : http://localhost:4074 : 1
16:55:42.619 [AsyncHttpClient-1-1] DEBUG org.asynchttpclient.netty.channel.DefaultChannelPool - Entry count for : http://localhost:4074 : 1
16:55:43.713 [AsyncHttpClient-1-1] DEBUG org.asynchttpclient.netty.channel.DefaultChannelPool - Entry count for : http://localhost:4074 : 1
16:55:44.814 [AsyncHttpClient-1-1] DEBUG org.asynchttpclient.netty.channel.DefaultChannelPool - Entry count for : http://localhost:4074 : 1
16:55:45.917 [AsyncHttpClient-1-1] DEBUG org.asynchttpclient.netty.channel.DefaultChannelPool - Entry count for : http://localhost:4074 : 1
16:55:47.014 [AsyncHttpClient-1-1] DEBUG org.asynchttpclient.netty.channel.DefaultChannelPool - Entry count for : http://localhost:4074 : 1
16:55:48.118 [AsyncHttpClient-1-1] DEBUG org.asynchttpclient.netty.channel.DefaultChannelPool - Entry count for : http://localhost:4074 : 1
16:55:49.223 [AsyncHttpClient-1-1] DEBUG org.asynchttpclient.netty.channel.DefaultChannelPool - Entry count for : http://localhost:4074 : 1
16:55:50.315 [AsyncHttpClient-1-1] DEBUG org.asynchttpclient.netty.channel.DefaultChannelPool - Entry count for : http://localhost:4074 : 1
16:55:51.415 [AsyncHttpClient-1-1] DEBUG org.asynchttpclient.netty.channel.DefaultChannelPool - Entry count for : http://localhost:4074 : 1
16:55:52.513 [AsyncHttpClient-1-1] DEBUG org.asynchttpclient.netty.channel.DefaultChannelPool - Entry count for : http://localhost:4074 : 1
16:55:53.618 [AsyncHttpClient-1-1] DEBUG org.asynchttpclient.netty.channel.DefaultChannelPool - Entry count for : http://localhost:4074 : 1
16:55:54.714 [AsyncHttpClient-1-1] DEBUG org.asynchttpclient.netty.channel.DefaultChannelPool - Entry count for : http://localhost:4074 : 1
16:55:55.818 [AsyncHttpClient-1-1] DEBUG org.asynchttpclient.netty.channel.DefaultChannelPool - Entry count for : http://localhost:4074 : 1
16:55:56.916 [AsyncHttpClient-1-1] DEBUG org.asynchttpclient.netty.channel.DefaultChannelPool - Entry count for : http://localhost:4074 : 1
16:55:58.016 [AsyncHttpClient-1-1] DEBUG org.asynchttpclient.netty.channel.DefaultChannelPool - Entry count for : http://localhost:4074 : 1
16:55:59.115 [AsyncHttpClient-1-1] DEBUG org.asynchttpclient.netty.channel.DefaultChannelPool - Entry count for : http://localhost:4074 : 1
16:56:00.216 [AsyncHttpClient-1-1] DEBUG org.asynchttpclient.netty.channel.DefaultChannelPool - Entry count for : http://localhost:4074 : 1
16:56:01.314 [AsyncHttpClient-1-1] DEBUG org.asynchttpclient.netty.channel.DefaultChannelPool - Entry count for : http://localhost:4074 : 1
16:56:02.388 [AsyncHttpClient-1-3] DEBUG org.asynchttpclient.netty.handler.HttpHandler - 

Request DefaultHttpRequest(decodeResult: success, version: HTTP/1.1)
POST /session/ac33c4532b5557232f0f6f6b19292878/url HTTP/1.1
User-Agent: selenium/4.1.2 (java windows)
Content-Length: 54
Content-Type: application/json; charset=utf-8
host: localhost:60825
accept: */*

Response DefaultHttpResponse(decodeResult: success, version: HTTP/1.1)
HTTP/1.1 200 OK
Content-Type: application/json; charset=utf-8
cache-control: no-cache
content-length: 14

16:56:02.389 [AsyncHttpClient-1-3] DEBUG org.asynchttpclient.netty.channel.ChannelManager - Adding key: http://localhost:60825 for channel [id: 0x6ec97f66, L:/127.0.0.1:4073 - R:localhost/127.0.0.1:60825]
16:56:02.395 [Forwarding setTimeout on session ac33c4532b5557232f0f6f6b19292878 to remote] DEBUG org.asynchttpclient.netty.request.NettyRequestSender - Using pooled Channel '[id: 0x6ec97f66, L:/127.0.0.1:4073 - R:localhost/127.0.0.1:60825]' for 'POST' to 'http://localhost:60825/session/ac33c4532b5557232f0f6f6b19292878/timeouts'
16:56:02.396 [Forwarding setTimeout on session ac33c4532b5557232f0f6f6b19292878 to remote] DEBUG org.asynchttpclient.netty.request.NettyRequestSender - Using open Channel [id: 0x6ec97f66, L:/127.0.0.1:4073 - R:localhost/127.0.0.1:60825] for POST '/session/ac33c4532b5557232f0f6f6b19292878/timeouts'
16:56:02.421 [AsyncHttpClient-1-1] DEBUG org.asynchttpclient.netty.channel.DefaultChannelPool - Entry count for : http://localhost:4074 : 1
16:56:02.423 [AsyncHttpClient-1-3] DEBUG org.asynchttpclient.netty.handler.HttpHandler - 

Request DefaultHttpRequest(decodeResult: success, version: HTTP/1.1)
POST /session/ac33c4532b5557232f0f6f6b19292878/timeouts HTTP/1.1
User-Agent: selenium/4.1.2 (java windows)
Content-Length: 22
Content-Type: application/json; charset=utf-8
host: localhost:60825
accept: */*

Response DefaultHttpResponse(decodeResult: success, version: HTTP/1.1)
HTTP/1.1 200 OK
Content-Type: application/json; charset=utf-8
cache-control: no-cache
content-length: 14

16:56:02.423 [AsyncHttpClient-1-3] DEBUG org.asynchttpclient.netty.channel.ChannelManager - Adding key: http://localhost:60825 for channel [id: 0x6ec97f66, L:/127.0.0.1:4073 - R:localhost/127.0.0.1:60825]
16:56:02.433 [Forwarding getCurrentUrl on session ac33c4532b5557232f0f6f6b19292878 to remote] DEBUG org.asynchttpclient.netty.request.NettyRequestSender - Using pooled Channel '[id: 0x6ec97f66, L:/127.0.0.1:4073 - R:localhost/127.0.0.1:60825]' for 'GET' to 'http://localhost:60825/session/ac33c4532b5557232f0f6f6b19292878/url'
16:56:02.433 [Forwarding getCurrentUrl on session ac33c4532b5557232f0f6f6b19292878 to remote] DEBUG org.asynchttpclient.netty.request.NettyRequestSender - Using open Channel [id: 0x6ec97f66, L:/127.0.0.1:4073 - R:localhost/127.0.0.1:60825] for GET '/session/ac33c4532b5557232f0f6f6b19292878/url'
16:56:02.442 [AsyncHttpClient-1-3] DEBUG org.asynchttpclient.netty.handler.HttpHandler - 

Request DefaultFullHttpRequest(decodeResult: success, version: HTTP/1.1, content: EmptyByteBufBE)
GET /session/ac33c4532b5557232f0f6f6b19292878/url HTTP/1.1
User-Agent: selenium/4.1.2 (java windows)
Cache-Control: no-cache
Content-Type: application/json; charset=utf-8
host: localhost:60825
accept: */*

Response DefaultHttpResponse(decodeResult: success, version: HTTP/1.1)
HTTP/1.1 200 OK
Content-Type: application/json; charset=utf-8
cache-control: no-cache
content-length: 36

16:56:02.442 [AsyncHttpClient-1-3] DEBUG org.asynchttpclient.netty.channel.ChannelManager - Adding key: http://localhost:60825 for channel [id: 0x6ec97f66, L:/127.0.0.1:4073 - R:localhost/127.0.0.1:60825]
16:56:02.451 [Forwarding findElement on session ac33c4532b5557232f0f6f6b19292878 to remote] DEBUG org.asynchttpclient.netty.request.NettyRequestSender - Using pooled Channel '[id: 0x6ec97f66, L:/127.0.0.1:4073 - R:localhost/127.0.0.1:60825]' for 'POST' to 'http://localhost:60825/session/ac33c4532b5557232f0f6f6b19292878/element'
16:56:02.451 [Forwarding findElement on session ac33c4532b5557232f0f6f6b19292878 to remote] DEBUG org.asynchttpclient.netty.request.NettyRequestSender - Using open Channel [id: 0x6ec97f66, L:/127.0.0.1:4073 - R:localhost/127.0.0.1:60825] for POST '/session/ac33c4532b5557232f0f6f6b19292878/element'
16:56:02.476 [AsyncHttpClient-1-3] DEBUG org.asynchttpclient.netty.handler.HttpHandler - 

Request DefaultHttpRequest(decodeResult: success, version: HTTP/1.1)
POST /session/ac33c4532b5557232f0f6f6b19292878/element HTTP/1.1
User-Agent: selenium/4.1.2 (java windows)
Content-Length: 53
Content-Type: application/json; charset=utf-8
host: localhost:60825
accept: */*

Response DefaultHttpResponse(decodeResult: success, version: HTTP/1.1)
HTTP/1.1 200 OK
Content-Type: application/json; charset=utf-8
cache-control: no-cache
content-length: 88

16:56:02.477 [AsyncHttpClient-1-3] DEBUG org.asynchttpclient.netty.channel.ChannelManager - Adding key: http://localhost:60825 for channel [id: 0x6ec97f66, L:/127.0.0.1:4073 - R:localhost/127.0.0.1:60825]
16:56:02.480 [Forwarding sendKeysToElement on session ac33c4532b5557232f0f6f6b19292878 to remote] DEBUG org.asynchttpclient.netty.request.NettyRequestSender - Using pooled Channel '[id: 0x6ec97f66, L:/127.0.0.1:4073 - R:localhost/127.0.0.1:60825]' for 'POST' to 'http://localhost:60825/session/ac33c4532b5557232f0f6f6b19292878/element/5476eb5f-a4bc-4eff-9a0b-76023f4e0089/value'
16:56:02.480 [Forwarding sendKeysToElement on session ac33c4532b5557232f0f6f6b19292878 to remote] DEBUG org.asynchttpclient.netty.request.NettyRequestSender - Using open Channel [id: 0x6ec97f66, L:/127.0.0.1:4073 - R:localhost/127.0.0.1:60825] for POST '/session/ac33c4532b5557232f0f6f6b19292878/element/5476eb5f-a4bc-4eff-9a0b-76023f4e0089/value'
16:56:03.515 [AsyncHttpClient-1-1] DEBUG org.asynchttpclient.netty.channel.DefaultChannelPool - Entry count for : http://localhost:4074 : 1
16:56:04.095 [AsyncHttpClient-1-3] DEBUG org.asynchttpclient.netty.handler.HttpHandler - 

Request DefaultHttpRequest(decodeResult: success, version: HTTP/1.1)
POST /session/ac33c4532b5557232f0f6f6b19292878/element/5476eb5f-a4bc-4eff-9a0b-76023f4e0089/value HTTP/1.1
User-Agent: selenium/4.1.2 (java windows)
Content-Length: 95
Content-Type: application/json; charset=utf-8
host: localhost:60825
accept: */*

Response DefaultHttpResponse(decodeResult: success, version: HTTP/1.1)
HTTP/1.1 200 OK
Content-Type: application/json; charset=utf-8
cache-control: no-cache
content-length: 14

16:56:04.095 [AsyncHttpClient-1-3] DEBUG org.asynchttpclient.netty.channel.ChannelManager - Adding key: http://localhost:60825 for channel [id: 0x6ec97f66, L:/127.0.0.1:4073 - R:localhost/127.0.0.1:60825]
  &amp#27;[32mGiven &amp#27;[0m&amp#27;[32mI am on the book page&amp#27;[0m                         &amp#27;[90m# starter.stepdefinitions.CollectionStep.iAmOnTheBookPage()&amp#27;[0m
16:56:04.367 [Forwarding screenshot on session ac33c4532b5557232f0f6f6b19292878 to remote] DEBUG org.asynchttpclient.netty.request.NettyRequestSender - Using pooled Channel '[id: 0x6ec97f66, L:/127.0.0.1:4073 - R:localhost/127.0.0.1:60825]' for 'GET' to 'http://localhost:60825/session/ac33c4532b5557232f0f6f6b19292878/screenshot'
16:56:04.368 [Forwarding screenshot on session ac33c4532b5557232f0f6f6b19292878 to remote] DEBUG org.asynchttpclient.netty.request.NettyRequestSender - Using open Channel [id: 0x6ec97f66, L:/127.0.0.1:4073 - R:localhost/127.0.0.1:60825] for GET '/session/ac33c4532b5557232f0f6f6b19292878/screenshot'
16:56:04.618 [AsyncHttpClient-1-1] DEBUG org.asynchttpclient.netty.channel.DefaultChannelPool - Entry count for : http://localhost:4074 : 1
16:56:04.735 [AsyncHttpClient-1-3] DEBUG org.asynchttpclient.netty.handler.HttpHandler - 

Request DefaultFullHttpRequest(decodeResult: success, version: HTTP/1.1, content: EmptyByteBufBE)
GET /session/ac33c4532b5557232f0f6f6b19292878/screenshot HTTP/1.1
User-Agent: selenium/4.1.2 (java windows)
Cache-Control: no-cache
Content-Type: application/json; charset=utf-8
host: localhost:60825
accept: */*

Response DefaultHttpResponse(decodeResult: success, version: HTTP/1.1)
HTTP/1.1 200 OK
Content-Type: application/json; charset=utf-8
cache-control: no-cache
content-length: 167940

16:56:04.736 [AsyncHttpClient-1-3] DEBUG org.asynchttpclient.netty.channel.ChannelManager - Adding key: http://localhost:60825 for channel [id: 0x6ec97f66, L:/127.0.0.1:4073 - R:localhost/127.0.0.1:60825]
16:56:04.745 [main] DEBUG net.serenitybdd.core.photography.Darkroom - Send negative for processing for target\site\serenity\b98c3ab42383d85ccc5d0248b67e1f80b88f38b2d375673a10169b42a20d7367.png
16:56:04.746 [Darkroom Processing Line] DEBUG net.serenitybdd.core.photography.DarkroomProcessingLine - Processing screenshot image in /var/screenshots/screenshot-14796295520006587683
16:56:04.746 [Darkroom Processing Line] DEBUG net.serenitybdd.core.photography.DarkroomProcessingLine - Saving screenshot to target\site\serenity\b98c3ab42383d85ccc5d0248b67e1f80b88f38b2d375673a10169b42a20d7367.png
16:56:04.884 [Forwarding screenshot on session ac33c4532b5557232f0f6f6b19292878 to remote] DEBUG org.asynchttpclient.netty.request.NettyRequestSender - Using pooled Channel '[id: 0x6ec97f66, L:/127.0.0.1:4073 - R:localhost/127.0.0.1:60825]' for 'GET' to 'http://localhost:60825/session/ac33c4532b5557232f0f6f6b19292878/screenshot'
16:56:04.884 [Forwarding screenshot on session ac33c4532b5557232f0f6f6b19292878 to remote] DEBUG org.asynchttpclient.netty.request.NettyRequestSender - Using open Channel [id: 0x6ec97f66, L:/127.0.0.1:4073 - R:localhost/127.0.0.1:60825] for GET '/session/ac33c4532b5557232f0f6f6b19292878/screenshot'
16:56:05.032 [AsyncHttpClient-1-3] DEBUG org.asynchttpclient.netty.handler.HttpHandler - 

Request DefaultFullHttpRequest(decodeResult: success, version: HTTP/1.1, content: EmptyByteBufBE)
GET /session/ac33c4532b5557232f0f6f6b19292878/screenshot HTTP/1.1
User-Agent: selenium/4.1.2 (java windows)
Cache-Control: no-cache
Content-Type: application/json; charset=utf-8
host: localhost:60825
accept: */*

Response DefaultHttpResponse(decodeResult: success, version: HTTP/1.1)
HTTP/1.1 200 OK
Content-Type: application/json; charset=utf-8
cache-control: no-cache
content-length: 167940

16:56:05.033 [AsyncHttpClient-1-3] DEBUG org.asynchttpclient.netty.channel.ChannelManager - Adding key: http://localhost:60825 for channel [id: 0x6ec97f66, L:/127.0.0.1:4073 - R:localhost/127.0.0.1:60825]
16:56:05.119 [main] DEBUG net.serenitybdd.core.photography.Darkroom - Send negative for processing for target\site\serenity\b98c3ab42383d85ccc5d0248b67e1f80b88f38b2d375673a10169b42a20d7367.png
16:56:05.142 [Forwarding findElement on session ac33c4532b5557232f0f6f6b19292878 to remote] DEBUG org.asynchttpclient.netty.request.NettyRequestSender - Using pooled Channel '[id: 0x6ec97f66, L:/127.0.0.1:4073 - R:localhost/127.0.0.1:60825]' for 'POST' to 'http://localhost:60825/session/ac33c4532b5557232f0f6f6b19292878/element'
16:56:05.142 [Forwarding findElement on session ac33c4532b5557232f0f6f6b19292878 to remote] DEBUG org.asynchttpclient.netty.request.NettyRequestSender - Using open Channel [id: 0x6ec97f66, L:/127.0.0.1:4073 - R:localhost/127.0.0.1:60825] for POST '/session/ac33c4532b5557232f0f6f6b19292878/element'
16:56:05.168 [AsyncHttpClient-1-3] DEBUG org.asynchttpclient.netty.handler.HttpHandler - 

Request DefaultHttpRequest(decodeResult: success, version: HTTP/1.1)
POST /session/ac33c4532b5557232f0f6f6b19292878/element HTTP/1.1
User-Agent: selenium/4.1.2 (java windows)
Content-Length: 79
Content-Type: application/json; charset=utf-8
host: localhost:60825
accept: */*

Response DefaultHttpResponse(decodeResult: success, version: HTTP/1.1)
HTTP/1.1 200 OK
Content-Type: application/json; charset=utf-8
cache-control: no-cache
content-length: 88

16:56:05.169 [AsyncHttpClient-1-3] DEBUG org.asynchttpclient.netty.channel.ChannelManager - Adding key: http://localhost:60825 for channel [id: 0x6ec97f66, L:/127.0.0.1:4073 - R:localhost/127.0.0.1:60825]
16:56:05.171 [Forwarding getElementTagName on session ac33c4532b5557232f0f6f6b19292878 to remote] DEBUG org.asynchttpclient.netty.request.NettyRequestSender - Using pooled Channel '[id: 0x6ec97f66, L:/127.0.0.1:4073 - R:localhost/127.0.0.1:60825]' for 'GET' to 'http://localhost:60825/session/ac33c4532b5557232f0f6f6b19292878/element/a886bf48-d032-47ec-8571-5535efbd570f/name'
16:56:05.171 [Forwarding getElementTagName on session ac33c4532b5557232f0f6f6b19292878 to remote] DEBUG org.asynchttpclient.netty.request.NettyRequestSender - Using open Channel [id: 0x6ec97f66, L:/127.0.0.1:4073 - R:localhost/127.0.0.1:60825] for GET '/session/ac33c4532b5557232f0f6f6b19292878/element/a886bf48-d032-47ec-8571-5535efbd570f/name'
16:56:05.263 [AsyncHttpClient-1-3] DEBUG org.asynchttpclient.netty.handler.HttpHandler - 

Request DefaultFullHttpRequest(decodeResult: success, version: HTTP/1.1, content: EmptyByteBufBE)
GET /session/ac33c4532b5557232f0f6f6b19292878/element/a886bf48-d032-47ec-8571-5535efbd570f/name HTTP/1.1
User-Agent: selenium/4.1.2 (java windows)
Cache-Control: no-cache
Content-Type: application/json; charset=utf-8
host: localhost:60825
accept: */*

Response DefaultHttpResponse(decodeResult: success, version: HTTP/1.1)
HTTP/1.1 200 OK
Content-Type: application/json; charset=utf-8
cache-control: no-cache
content-length: 16

16:56:05.263 [AsyncHttpClient-1-3] DEBUG org.asynchttpclient.netty.channel.ChannelManager - Adding key: http://localhost:60825 for channel [id: 0x6ec97f66, L:/127.0.0.1:4073 - R:localhost/127.0.0.1:60825]
16:56:05.267 [Forwarding getElementTagName on session ac33c4532b5557232f0f6f6b19292878 to remote] DEBUG org.asynchttpclient.netty.request.NettyRequestSender - Using pooled Channel '[id: 0x6ec97f66, L:/127.0.0.1:4073 - R:localhost/127.0.0.1:60825]' for 'GET' to 'http://localhost:60825/session/ac33c4532b5557232f0f6f6b19292878/element/a886bf48-d032-47ec-8571-5535efbd570f/name'
16:56:05.267 [Forwarding getElementTagName on session ac33c4532b5557232f0f6f6b19292878 to remote] DEBUG org.asynchttpclient.netty.request.NettyRequestSender - Using open Channel [id: 0x6ec97f66, L:/127.0.0.1:4073 - R:localhost/127.0.0.1:60825] for GET '/session/ac33c4532b5557232f0f6f6b19292878/element/a886bf48-d032-47ec-8571-5535efbd570f/name'
16:56:05.286 [AsyncHttpClient-1-3] DEBUG org.asynchttpclient.netty.handler.HttpHandler - 

Request DefaultFullHttpRequest(decodeResult: success, version: HTTP/1.1, content: EmptyByteBufBE)
GET /session/ac33c4532b5557232f0f6f6b19292878/element/a886bf48-d032-47ec-8571-5535efbd570f/name HTTP/1.1
User-Agent: selenium/4.1.2 (java windows)
Cache-Control: no-cache
Content-Type: application/json; charset=utf-8
host: localhost:60825
accept: */*

Response DefaultHttpResponse(decodeResult: success, version: HTTP/1.1)
HTTP/1.1 200 OK
Content-Type: application/json; charset=utf-8
cache-control: no-cache
content-length: 16

16:56:05.286 [AsyncHttpClient-1-3] DEBUG org.asynchttpclient.netty.channel.ChannelManager - Adding key: http://localhost:60825 for channel [id: 0x6ec97f66, L:/127.0.0.1:4073 - R:localhost/127.0.0.1:60825]
16:56:05.294 [Forwarding findElement on session ac33c4532b5557232f0f6f6b19292878 to remote] DEBUG org.asynchttpclient.netty.request.NettyRequestSender - Using pooled Channel '[id: 0x6ec97f66, L:/127.0.0.1:4073 - R:localhost/127.0.0.1:60825]' for 'POST' to 'http://localhost:60825/session/ac33c4532b5557232f0f6f6b19292878/element'
16:56:05.294 [Forwarding findElement on session ac33c4532b5557232f0f6f6b19292878 to remote] DEBUG org.asynchttpclient.netty.request.NettyRequestSender - Using open Channel [id: 0x6ec97f66, L:/127.0.0.1:4073 - R:localhost/127.0.0.1:60825] for POST '/session/ac33c4532b5557232f0f6f6b19292878/element'
16:56:05.312 [AsyncHttpClient-1-3] DEBUG org.asynchttpclient.netty.handler.HttpHandler - 

Request DefaultHttpRequest(decodeResult: success, version: HTTP/1.1)
POST /session/ac33c4532b5557232f0f6f6b19292878/element HTTP/1.1
User-Agent: selenium/4.1.2 (java windows)
Content-Length: 79
Content-Type: application/json; charset=utf-8
host: localhost:60825
accept: */*

Response DefaultHttpResponse(decodeResult: success, version: HTTP/1.1)
HTTP/1.1 200 OK
Content-Type: application/json; charset=utf-8
cache-control: no-cache
content-length: 88

16:56:05.312 [AsyncHttpClient-1-3] DEBUG org.asynchttpclient.netty.channel.ChannelManager - Adding key: http://localhost:60825 for channel [id: 0x6ec97f66, L:/127.0.0.1:4073 - R:localhost/127.0.0.1:60825]
16:56:05.317 [Forwarding clickElement on session ac33c4532b5557232f0f6f6b19292878 to remote] DEBUG org.asynchttpclient.netty.request.NettyRequestSender - Using pooled Channel '[id: 0x6ec97f66, L:/127.0.0.1:4073 - R:localhost/127.0.0.1:60825]' for 'POST' to 'http://localhost:60825/session/ac33c4532b5557232f0f6f6b19292878/element/a886bf48-d032-47ec-8571-5535efbd570f/click'
16:56:05.317 [Forwarding clickElement on session ac33c4532b5557232f0f6f6b19292878 to remote] DEBUG org.asynchttpclient.netty.request.NettyRequestSender - Using open Channel [id: 0x6ec97f66, L:/127.0.0.1:4073 - R:localhost/127.0.0.1:60825] for POST '/session/ac33c4532b5557232f0f6f6b19292878/element/a886bf48-d032-47ec-8571-5535efbd570f/click'
16:56:05.715 [AsyncHttpClient-1-1] DEBUG org.asynchttpclient.netty.channel.DefaultChannelPool - Entry count for : http://localhost:4074 : 1
16:56:06.819 [AsyncHttpClient-1-1] DEBUG org.asynchttpclient.netty.channel.DefaultChannelPool - Entry count for : http://localhost:4074 : 1
16:56:07.915 [AsyncHttpClient-1-1] DEBUG org.asynchttpclient.netty.channel.DefaultChannelPool - Entry count for : http://localhost:4074 : 1
16:56:09.017 [AsyncHttpClient-1-1] DEBUG org.asynchttpclient.netty.channel.DefaultChannelPool - Entry count for : http://localhost:4074 : 1
16:56:10.113 [AsyncHttpClient-1-1] DEBUG org.asynchttpclient.netty.channel.DefaultChannelPool - Entry count for : http://localhost:4074 : 1
16:56:11.213 [AsyncHttpClient-1-1] DEBUG org.asynchttpclient.netty.channel.DefaultChannelPool - Entry count for : http://localhost:4074 : 1
16:56:12.323 [AsyncHttpClient-1-1] DEBUG org.asynchttpclient.netty.channel.DefaultChannelPool - Entry count for : http://localhost:4074 : 1
16:56:13.413 [AsyncHttpClient-1-1] DEBUG org.asynchttpclient.netty.channel.DefaultChannelPool - Entry count for : http://localhost:4074 : 1
16:56:14.516 [AsyncHttpClient-1-1] DEBUG org.asynchttpclient.netty.channel.DefaultChannelPool - Entry count for : http://localhost:4074 : 1
16:56:15.614 [AsyncHttpClient-1-1] DEBUG org.asynchttpclient.netty.channel.DefaultChannelPool - Entry count for : http://localhost:4074 : 1
16:56:16.718 [AsyncHttpClient-1-1] DEBUG org.asynchttpclient.netty.channel.DefaultChannelPool - Entry count for : http://localhost:4074 : 1
16:56:17.814 [AsyncHttpClient-1-1] DEBUG org.asynchttpclient.netty.channel.DefaultChannelPool - Entry count for : http://localhost:4074 : 1
16:56:18.915 [AsyncHttpClient-1-1] DEBUG org.asynchttpclient.netty.channel.DefaultChannelPool - Entry count for : http://localhost:4074 : 1
16:56:20.014 [AsyncHttpClient-1-1] DEBUG org.asynchttpclient.netty.channel.DefaultChannelPool - Entry count for : http://localhost:4074 : 1
16:56:20.014 [AsyncHttpClient-1-1] DEBUG org.asynchttpclient.netty.channel.DefaultChannelPool - Adding Candidate expired Channel [id: 0x99760945, L:/127.0.0.1:4093 - R:localhost/127.0.0.1:4074] isIdleTimeoutExpired=true isRemotelyClosed=false isTtlExpired=false
16:56:20.014 [AsyncHttpClient-1-1] DEBUG org.asynchttpclient.netty.channel.DefaultChannelPool - Closing Idle Channel [id: 0x99760945, L:/127.0.0.1:4093 - R:localhost/127.0.0.1:4074]
16:56:20.014 [AsyncHttpClient-1-1] DEBUG org.asynchttpclient.netty.channel.DefaultChannelPool - Closed 1 connections out of 1 in 0 ms
16:56:20.014 [AsyncHttpClient-1-4] DEBUG org.asynchttpclient.netty.handler.HttpHandler - Channel Closed: [id: 0x99760945, L:/127.0.0.1:4093 ! R:localhost/127.0.0.1:4074] with attribute DISCARD
16:56:29.673 [AsyncHttpClient-1-3] DEBUG org.asynchttpclient.netty.handler.HttpHandler - 

Request DefaultHttpRequest(decodeResult: success, version: HTTP/1.1)
POST /session/ac33c4532b5557232f0f6f6b19292878/element/a886bf48-d032-47ec-8571-5535efbd570f/click HTTP/1.1
User-Agent: selenium/4.1.2 (java windows)
Content-Length: 50
Content-Type: application/json; charset=utf-8
host: localhost:60825
accept: */*

Response DefaultHttpResponse(decodeResult: success, version: HTTP/1.1)
HTTP/1.1 200 OK
Content-Type: application/json; charset=utf-8
cache-control: no-cache
content-length: 14

16:56:29.673 [AsyncHttpClient-1-3] DEBUG org.asynchttpclient.netty.channel.ChannelManager - Adding key: http://localhost:60825 for channel [id: 0x6ec97f66, L:/127.0.0.1:4073 - R:localhost/127.0.0.1:60825]
  &amp#27;[32mWhen &amp#27;[0m&amp#27;[32mI click Speaking JavaScript&amp#27;[0m                    &amp#27;[90m# starter.stepdefinitions.CollectionStep.iClickSpeakingJavaScript()&amp#27;[0m
16:56:29.694 [Forwarding screenshot on session ac33c4532b5557232f0f6f6b19292878 to remote] DEBUG org.asynchttpclient.netty.request.NettyRequestSender - Using pooled Channel '[id: 0x6ec97f66, L:/127.0.0.1:4073 - R:localhost/127.0.0.1:60825]' for 'GET' to 'http://localhost:60825/session/ac33c4532b5557232f0f6f6b19292878/screenshot'
16:56:29.694 [Forwarding screenshot on session ac33c4532b5557232f0f6f6b19292878 to remote] DEBUG org.asynchttpclient.netty.request.NettyRequestSender - Using open Channel [id: 0x6ec97f66, L:/127.0.0.1:4073 - R:localhost/127.0.0.1:60825] for GET '/session/ac33c4532b5557232f0f6f6b19292878/screenshot'
16:56:30.390 [AsyncHttpClient-1-3] DEBUG org.asynchttpclient.netty.handler.HttpHandler - 

Request DefaultFullHttpRequest(decodeResult: success, version: HTTP/1.1, content: EmptyByteBufBE)
GET /session/ac33c4532b5557232f0f6f6b19292878/screenshot HTTP/1.1
User-Agent: selenium/4.1.2 (java windows)
Cache-Control: no-cache
Content-Type: application/json; charset=utf-8
host: localhost:60825
accept: */*

Response DefaultHttpResponse(decodeResult: success, version: HTTP/1.1)
HTTP/1.1 200 OK
Content-Type: application/json; charset=utf-8
cache-control: no-cache
content-length: 282196

16:56:30.394 [AsyncHttpClient-1-3] DEBUG org.asynchttpclient.netty.channel.ChannelManager - Adding key: http://localhost:60825 for channel [id: 0x6ec97f66, L:/127.0.0.1:4073 - R:localhost/127.0.0.1:60825]
16:56:30.409 [main] DEBUG net.serenitybdd.core.photography.Darkroom - Send negative for processing for target\site\serenity\1c6c46c4e33dce051420d9f38dd8f56c2acd392512ecb9defd06090d0e070169.png
16:56:30.410 [Darkroom Processing Line] DEBUG net.serenitybdd.core.photography.DarkroomProcessingLine - Processing screenshot image in /var/screenshots/screenshot-11814938820688959686
16:56:30.410 [Darkroom Processing Line] DEBUG net.serenitybdd.core.photography.DarkroomProcessingLine - Saving screenshot to target\site\serenity\1c6c46c4e33dce051420d9f38dd8f56c2acd392512ecb9defd06090d0e070169.png
16:56:30.423 [Forwarding findElement on session ac33c4532b5557232f0f6f6b19292878 to remote] DEBUG org.asynchttpclient.netty.request.NettyRequestSender - Using pooled Channel '[id: 0x6ec97f66, L:/127.0.0.1:4073 - R:localhost/127.0.0.1:60825]' for 'POST' to 'http://localhost:60825/session/ac33c4532b5557232f0f6f6b19292878/element'
16:56:30.423 [Forwarding findElement on session ac33c4532b5557232f0f6f6b19292878 to remote] DEBUG org.asynchttpclient.netty.request.NettyRequestSender - Using open Channel [id: 0x6ec97f66, L:/127.0.0.1:4073 - R:localhost/127.0.0.1:60825] for POST '/session/ac33c4532b5557232f0f6f6b19292878/element'
16:56:30.446 [AsyncHttpClient-1-3] DEBUG org.asynchttpclient.netty.handler.HttpHandler - 

Request DefaultHttpRequest(decodeResult: success, version: HTTP/1.1)
POST /session/ac33c4532b5557232f0f6f6b19292878/element HTTP/1.1
User-Agent: selenium/4.1.2 (java windows)
Content-Length: 78
Content-Type: application/json; charset=utf-8
host: localhost:60825
accept: */*

Response DefaultHttpResponse(decodeResult: success, version: HTTP/1.1)
HTTP/1.1 200 OK
Content-Type: application/json; charset=utf-8
cache-control: no-cache
content-length: 88

16:56:30.447 [AsyncHttpClient-1-3] DEBUG org.asynchttpclient.netty.channel.ChannelManager - Adding key: http://localhost:60825 for channel [id: 0x6ec97f66, L:/127.0.0.1:4073 - R:localhost/127.0.0.1:60825]
16:56:30.453 [Forwarding isElementDisplayed on session ac33c4532b5557232f0f6f6b19292878 to remote] DEBUG org.asynchttpclient.netty.request.NettyRequestSender - Using pooled Channel '[id: 0x6ec97f66, L:/127.0.0.1:4073 - R:localhost/127.0.0.1:60825]' for 'POST' to 'http://localhost:60825/session/ac33c4532b5557232f0f6f6b19292878/execute/sync'
16:56:30.453 [Forwarding isElementDisplayed on session ac33c4532b5557232f0f6f6b19292878 to remote] DEBUG org.asynchttpclient.netty.request.NettyRequestSender - Using open Channel [id: 0x6ec97f66, L:/127.0.0.1:4073 - R:localhost/127.0.0.1:60825] for POST '/session/ac33c4532b5557232f0f6f6b19292878/execute/sync'
16:56:30.481 [AsyncHttpClient-1-3] DEBUG org.asynchttpclient.netty.handler.HttpHandler - 

Request DefaultHttpRequest(decodeResult: success, version: HTTP/1.1)
POST /session/ac33c4532b5557232f0f6f6b19292878/execute/sync HTTP/1.1
User-Agent: selenium/4.1.2 (java windows)
Content-Length: 48780
Content-Type: application/json; charset=utf-8
host: localhost:60825
accept: */*

Response DefaultHttpResponse(decodeResult: success, version: HTTP/1.1)
HTTP/1.1 200 OK
Content-Type: application/json; charset=utf-8
cache-control: no-cache
content-length: 14

16:56:30.481 [AsyncHttpClient-1-3] DEBUG org.asynchttpclient.netty.channel.ChannelManager - Adding key: http://localhost:60825 for channel [id: 0x6ec97f66, L:/127.0.0.1:4073 - R:localhost/127.0.0.1:60825]
  &amp#27;[32mThen &amp#27;[0m&amp#27;[32mI will get information&amp#27;[0m                         &amp#27;[90m# starter.stepdefinitions.CollectionStep.iWillGetPageMessage()&amp#27;[0m
16:56:30.496 [Forwarding screenshot on session ac33c4532b5557232f0f6f6b19292878 to remote] DEBUG org.asynchttpclient.netty.request.NettyRequestSender - Using pooled Channel '[id: 0x6ec97f66, L:/127.0.0.1:4073 - R:localhost/127.0.0.1:60825]' for 'GET' to 'http://localhost:60825/session/ac33c4532b5557232f0f6f6b19292878/screenshot'
16:56:30.496 [Forwarding screenshot on session ac33c4532b5557232f0f6f6b19292878 to remote] DEBUG org.asynchttpclient.netty.request.NettyRequestSender - Using open Channel [id: 0x6ec97f66, L:/127.0.0.1:4073 - R:localhost/127.0.0.1:60825] for GET '/session/ac33c4532b5557232f0f6f6b19292878/screenshot'
16:56:30.693 [AsyncHttpClient-1-3] DEBUG org.asynchttpclient.netty.handler.HttpHandler - 

Request DefaultFullHttpRequest(decodeResult: success, version: HTTP/1.1, content: EmptyByteBufBE)
GET /session/ac33c4532b5557232f0f6f6b19292878/screenshot HTTP/1.1
User-Agent: selenium/4.1.2 (java windows)
Cache-Control: no-cache
Content-Type: application/json; charset=utf-8
host: localhost:60825
accept: */*

Response DefaultHttpResponse(decodeResult: success, version: HTTP/1.1)
HTTP/1.1 200 OK
Content-Type: application/json; charset=utf-8
cache-control: no-cache
content-length: 282196

16:56:30.694 [AsyncHttpClient-1-3] DEBUG org.asynchttpclient.netty.channel.ChannelManager - Adding key: http://localhost:60825 for channel [id: 0x6ec97f66, L:/127.0.0.1:4073 - R:localhost/127.0.0.1:60825]
16:56:30.717 [main] DEBUG net.serenitybdd.core.photography.Darkroom - Send negative for processing for target\site\serenity\1c6c46c4e33dce051420d9f38dd8f56c2acd392512ecb9defd06090d0e070169.png
16:56:30.719 [main] INFO  - 
  _____   ___   ___   _____     ___     _     ___   ___   ___   ___  
 |_   _| | __| / __| |_   _|   | _ \   /_\   / __| / __| | __| |   \ 
   | |   | _|  \__ \   | |     |  _/  / _ \  \__ \ \__ \ | _|  | |) |
   |_|   |___| |___/   |_|     |_|   /_/ \_\ |___/ |___/ |___| |___/ 

See Information of Speaking JavaScript Book
----------------------------------------------------------------------
16:56:30.724 [AsyncHttpClient-1-5] DEBUG org.asynchttpclient.netty.handler.WebSocketHandler - Channel Closed: [id: 0xb145433e, L:/127.0.0.1:4094 ! R:localhost/127.0.0.1:4074] with attribute NettyResponseFuture{currentRetry=5,
	isDone=1,
	isCancelled=0,
	asyncHandler=org.asynchttpclient.ws.WebSocketUpgradeHandler@8c7bb1a,
	nettyRequest=org.asynchttpclient.netty.request.NettyRequest@321b3dcf,
	future=java.util.concurrent.CompletableFuture@70e4c370[Completed normally],
	uri=ws://localhost:4074/devtools/browser/88162fdf-9d59-4f42-b126-f86ba95f1d00,
	keepAlive=true,
	redirectCount=0,
	timeoutsHolder=null,
	inAuth=0,
	touch=1664963719681}
16:56:30.724 [AsyncHttpClient-1-5] DEBUG org.asynchttpclient.netty.channel.ChannelManager - Closing Channel [id: 0xb145433e, L:/127.0.0.1:4094 ! R:localhost/127.0.0.1:4074] 
16:56:30.729 [Driver Command Executor] DEBUG org.asynchttpclient.netty.request.NettyRequestSender - Using pooled Channel '[id: 0x6ec97f66, L:/127.0.0.1:4073 - R:localhost/127.0.0.1:60825]' for 'DELETE' to 'http://localhost:60825/session/ac33c4532b5557232f0f6f6b19292878'
16:56:30.730 [Driver Command Executor] DEBUG org.asynchttpclient.netty.request.NettyRequestSender - Using open Channel [id: 0x6ec97f66, L:/127.0.0.1:4073 - R:localhost/127.0.0.1:60825] for DELETE '/session/ac33c4532b5557232f0f6f6b19292878'
16:56:31.027 [AsyncHttpClient-1-3] DEBUG org.asynchttpclient.netty.handler.HttpHandler - 

Request DefaultFullHttpRequest(decodeResult: success, version: HTTP/1.1, content: EmptyByteBufBE)
DELETE /session/ac33c4532b5557232f0f6f6b19292878 HTTP/1.1
User-Agent: selenium/4.1.2 (java windows)
Content-Type: application/json; charset=utf-8
host: localhost:60825
accept: */*

Response DefaultHttpResponse(decodeResult: success, version: HTTP/1.1)
HTTP/1.1 200 OK
Content-Type: application/json; charset=utf-8
cache-control: no-cache
content-length: 14

16:56:31.027 [AsyncHttpClient-1-3] DEBUG org.asynchttpclient.netty.channel.ChannelManager - Adding key: http://localhost:60825 for channel [id: 0x6ec97f66, L:/127.0.0.1:4073 - R:localhost/127.0.0.1:60825]
16:56:31.347 [AsyncHttpClient-1-3] DEBUG org.asynchttpclient.netty.handler.HttpHandler - Channel Closed: [id: 0x6ec97f66, L:/127.0.0.1:4073 ! R:localhost/127.0.0.1:60825] with attribute DISCARD
]]></system-out>
    <system-err><![CDATA[Starting Microsoft Edge WebDriver 105.0.1343.53 (3a47f00402d579c8ba1fad7e143f9d73831b6765) on port 60825
To submit feedback, report a bug, or suggest new features, please visit https://github.com/MicrosoftEdge/EdgeWebDriver

Only local connections are allowed.
Please see https://aka.ms/WebDriverSecurity for suggestions on keeping Microsoft Edge WebDriver safe.

Microsoft Edge WebDriver was started successfully.
Oct 05, 2022 4:55:19 PM org.openqa.selenium.remote.ProtocolHandshake createSession
INFO: Detected dialect: W3C
Oct 05, 2022 4:55:19 PM org.openqa.selenium.devtools.CdpVersionFinder findNearestMatch
WARNING: Unable to find an exact match for CDP version 105, so returning the closest version found: a no-op implementation
Oct 05, 2022 4:55:19 PM org.openqa.selenium.devtools.CdpVersionFinder findNearestMatch
INFO: Unable to find CDP implementation matching 105.
Oct 05, 2022 4:55:19 PM org.openqa.selenium.chromium.ChromiumDriver lambda$new$3
WARNING: Unable to find version of CDP to use for . You may need to include a dependency on a specific version of the CDP using something similar to `org.seleniumhq.selenium:selenium-devtools-v86:4.1.2` where the version ("v86") matches the version of the chromium-based browser you're using and the version number of the artifact is the same as Selenium's.
]]></system-err>
  </testcase>
  <testcase name="See Information of You Don&apos;t Know JS Book" classname="See Information" time="47.96">
    <system-out><![CDATA[
Scenario: See Information of You Don't Know JS Book &amp#27;[90m# src/test/resources/features/CartToCollection.feature:26&amp#27;[0m
16:56:31.460 [main] INFO io.cucumber.core.plugin.SerenityReporter - Running feature from file:///D:/File%20Baru/Kuliah/Quality%20Engineer/qe_Bayu-Septyan-Nur-Hidayat/21_Review_Web_UI_Testing_with_Serenity/Praktikum/untitled/src/test/resources/features/CartToCollection.feature
16:56:31.465 [main] INFO  - 
  _____   ___   ___   _____     ___   _____     _     ___   _____   ___   ___  
 |_   _| | __| / __| |_   _|   / __| |_   _|   /_\   | _ \ |_   _| | __| |   \ 
   | |   | _|  \__ \   | |     \__ \   | |    / _ \  |   /   | |   | _|  | |) |
   |_|   |___| |___/   |_|     |___/   |_|   /_/ \_\ |_|_\   |_|   |___| |___/ 

See Information of You Don't Know JS Book(see-information;see-information-of-you-don-t-know-js-book)
--------------------------------------------------------------------------------
16:56:32.118 [AsyncHttpClient-1-1] DEBUG org.asynchttpclient.netty.channel.DefaultChannelPool - Entry count for : http://localhost:60825 : 1
16:56:32.118 [AsyncHttpClient-1-1] DEBUG org.asynchttpclient.netty.channel.DefaultChannelPool - Adding Candidate expired Channel [id: 0x6ec97f66, L:/127.0.0.1:4073 ! R:localhost/127.0.0.1:60825] isIdleTimeoutExpired=false isRemotelyClosed=true isTtlExpired=false
16:56:32.118 [AsyncHttpClient-1-1] DEBUG org.asynchttpclient.netty.channel.DefaultChannelPool - Closing Idle Channel [id: 0x6ec97f66, L:/127.0.0.1:4073 ! R:localhost/127.0.0.1:60825]
16:56:32.119 [AsyncHttpClient-1-1] DEBUG org.asynchttpclient.netty.channel.DefaultChannelPool - Closed 1 connections out of 1 in 1 ms
16:56:32.522 [main] DEBUG io.github.bonigarcia.wdm.cache.ResolutionCache - Resolution edge=105 in cache (valid until 17:51:16 05/10/2022 ICT)
16:56:32.541 [main] DEBUG io.github.bonigarcia.wdm.cache.ResolutionCache - Resolution edge105=105.0.1343.53 in cache (valid until 15:48:55 06/10/2022 ICT)
16:56:32.548 [main] INFO io.github.bonigarcia.wdm.WebDriverManager - Using msedgedriver 105.0.1343.53 (resolved driver for Edge 105)
16:56:32.596 [main] DEBUG io.github.bonigarcia.wdm.WebDriverManager - Driver msedgedriver 105.0.1343.53 found in cache
16:56:32.599 [main] INFO io.github.bonigarcia.wdm.WebDriverManager - Exporting webdriver.edge.driver as C:\Users\Bayu\.cache\selenium\msedgedriver\win64\105.0.1343.53\msedgedriver.exe
16:56:32.608 [main] DEBUG net.serenitybdd.core.webdriver.driverproviders.ProvideNewDriver - Instantiating driver
16:56:32.609 [main] DEBUG net.serenitybdd.core.webdriver.driverproviders.ProvideNewDriver - Driver capabilities: Capabilities {base.url: https://demoqa.com, driver: edge, edge.driver: src/test/resources/webdrive..., ms:edgeChromium: true, ms:edgeOptions: {}}
16:56:33.411 [AsyncHttpClient-1-6] DEBUG org.asynchttpclient.netty.channel.NettyConnectListener - Using new Channel '[id: 0xf4c46312, L:/127.0.0.1:4330 - R:localhost/127.0.0.1:60192]' for 'POST' to '/session'
16:56:34.994 [AsyncHttpClient-1-6] DEBUG org.asynchttpclient.netty.handler.HttpHandler - 

Request DefaultHttpRequest(decodeResult: success, version: HTTP/1.1)
POST /session HTTP/1.1
User-Agent: selenium/4.1.2 (java windows)
Content-Length: 591
Content-Type: application/json; charset=utf-8
host: localhost:60192
accept: */*

Response DefaultHttpResponse(decodeResult: success, version: HTTP/1.1)
HTTP/1.1 200 OK
Content-Type: application/json; charset=utf-8
cache-control: no-cache
content-length: 753

16:56:34.995 [AsyncHttpClient-1-6] DEBUG org.asynchttpclient.netty.channel.ChannelManager - Adding key: http://localhost:60192 for channel [id: 0xf4c46312, L:/127.0.0.1:4330 - R:localhost/127.0.0.1:60192]
16:56:35.014 [AsyncHttpClient-1-7] DEBUG org.asynchttpclient.netty.channel.NettyConnectListener - Using new Channel '[id: 0x675ba5f6, L:/127.0.0.1:4347 - R:localhost/127.0.0.1:4333]' for 'GET' to '/json/version'
16:56:35.016 [AsyncHttpClient-1-7] DEBUG org.asynchttpclient.netty.handler.HttpHandler - 

Request DefaultFullHttpRequest(decodeResult: success, version: HTTP/1.1, content: EmptyByteBufBE)
GET /json/version HTTP/1.1
User-Agent: selenium/4.1.2 (java windows)
host: localhost:4333
accept: */*

Response DefaultHttpResponse(decodeResult: success, version: HTTP/1.1)
HTTP/1.1 200 OK
Content-Type: application/json; charset=UTF-8
content-length: 435

16:56:35.016 [AsyncHttpClient-1-7] DEBUG org.asynchttpclient.netty.channel.ChannelManager - Adding key: http://localhost:4333 for channel [id: 0x675ba5f6, L:/127.0.0.1:4347 - R:localhost/127.0.0.1:4333]
16:56:35.022 [AsyncHttpClient-1-8] DEBUG org.asynchttpclient.netty.channel.NettyConnectListener - Using new Channel '[id: 0xdac01172, L:/127.0.0.1:4348 - R:localhost/127.0.0.1:4333]' for 'GET' to '/devtools/browser/829425fd-2739-4670-b749-85e7a3213163'
16:56:35.024 [AsyncHttpClient-1-8] DEBUG org.asynchttpclient.netty.handler.WebSocketHandler - 

Request DefaultFullHttpRequest(decodeResult: success, version: HTTP/1.1, content: EmptyByteBufBE)
GET /devtools/browser/829425fd-2739-4670-b749-85e7a3213163 HTTP/1.1
upgrade: websocket
connection: upgrade
sec-websocket-key: fP/N8LJNzqk+j8SMervnQw==
sec-websocket-version: 13
origin: http://localhost:4333
host: localhost:4333
accept: */*
user-agent: AHC/2.1

Response DefaultHttpResponse(decodeResult: success, version: HTTP/1.1)
HTTP/1.1 101 WebSocket Protocol Handshake
Upgrade: WebSocket
Connection: Upgrade
Sec-WebSocket-Accept: IkNaFLoSIKxazoMtF9dWH6YqeDA=

16:56:35.036 [Forwarding get on session bde40129854ac4a505e2c1b5247c965d to remote] DEBUG org.asynchttpclient.netty.request.NettyRequestSender - Using pooled Channel '[id: 0xf4c46312, L:/127.0.0.1:4330 - R:localhost/127.0.0.1:60192]' for 'POST' to 'http://localhost:60192/session/bde40129854ac4a505e2c1b5247c965d/url'
16:56:35.037 [Forwarding get on session bde40129854ac4a505e2c1b5247c965d to remote] DEBUG org.asynchttpclient.netty.request.NettyRequestSender - Using open Channel [id: 0xf4c46312, L:/127.0.0.1:4330 - R:localhost/127.0.0.1:60192] for POST '/session/bde40129854ac4a505e2c1b5247c965d/url'
16:56:35.424 [AsyncHttpClient-1-1] DEBUG org.asynchttpclient.netty.channel.DefaultChannelPool - Entry count for : http://localhost:4333 : 1
16:56:36.616 [AsyncHttpClient-1-1] DEBUG org.asynchttpclient.netty.channel.DefaultChannelPool - Entry count for : http://localhost:4333 : 1
16:56:37.719 [AsyncHttpClient-1-1] DEBUG org.asynchttpclient.netty.channel.DefaultChannelPool - Entry count for : http://localhost:4333 : 1
16:56:38.819 [AsyncHttpClient-1-1] DEBUG org.asynchttpclient.netty.channel.DefaultChannelPool - Entry count for : http://localhost:4333 : 1
16:56:39.914 [AsyncHttpClient-1-1] DEBUG org.asynchttpclient.netty.channel.DefaultChannelPool - Entry count for : http://localhost:4333 : 1
16:56:41.015 [AsyncHttpClient-1-1] DEBUG org.asynchttpclient.netty.channel.DefaultChannelPool - Entry count for : http://localhost:4333 : 1
16:56:42.113 [AsyncHttpClient-1-1] DEBUG org.asynchttpclient.netty.channel.DefaultChannelPool - Entry count for : http://localhost:4333 : 1
16:56:43.219 [AsyncHttpClient-1-1] DEBUG org.asynchttpclient.netty.channel.DefaultChannelPool - Entry count for : http://localhost:4333 : 1
16:56:44.313 [AsyncHttpClient-1-1] DEBUG org.asynchttpclient.netty.channel.DefaultChannelPool - Entry count for : http://localhost:4333 : 1
16:56:45.413 [AsyncHttpClient-1-1] DEBUG org.asynchttpclient.netty.channel.DefaultChannelPool - Entry count for : http://localhost:4333 : 1
16:56:46.513 [AsyncHttpClient-1-1] DEBUG org.asynchttpclient.netty.channel.DefaultChannelPool - Entry count for : http://localhost:4333 : 1
16:56:47.620 [AsyncHttpClient-1-1] DEBUG org.asynchttpclient.netty.channel.DefaultChannelPool - Entry count for : http://localhost:4333 : 1
16:56:48.713 [AsyncHttpClient-1-1] DEBUG org.asynchttpclient.netty.channel.DefaultChannelPool - Entry count for : http://localhost:4333 : 1
16:56:49.822 [AsyncHttpClient-1-1] DEBUG org.asynchttpclient.netty.channel.DefaultChannelPool - Entry count for : http://localhost:4333 : 1
16:56:50.915 [AsyncHttpClient-1-1] DEBUG org.asynchttpclient.netty.channel.DefaultChannelPool - Entry count for : http://localhost:4333 : 1
16:56:52.014 [AsyncHttpClient-1-1] DEBUG org.asynchttpclient.netty.channel.DefaultChannelPool - Entry count for : http://localhost:4333 : 1
16:56:53.113 [AsyncHttpClient-1-1] DEBUG org.asynchttpclient.netty.channel.DefaultChannelPool - Entry count for : http://localhost:4333 : 1
16:56:54.214 [AsyncHttpClient-1-1] DEBUG org.asynchttpclient.netty.channel.DefaultChannelPool - Entry count for : http://localhost:4333 : 1
16:56:55.320 [AsyncHttpClient-1-1] DEBUG org.asynchttpclient.netty.channel.DefaultChannelPool - Entry count for : http://localhost:4333 : 1
16:56:56.413 [AsyncHttpClient-1-1] DEBUG org.asynchttpclient.netty.channel.DefaultChannelPool - Entry count for : http://localhost:4333 : 1
16:56:57.519 [AsyncHttpClient-1-1] DEBUG org.asynchttpclient.netty.channel.DefaultChannelPool - Entry count for : http://localhost:4333 : 1
16:56:58.323 [AsyncHttpClient-1-6] DEBUG org.asynchttpclient.netty.handler.HttpHandler - 

Request DefaultHttpRequest(decodeResult: success, version: HTTP/1.1)
POST /session/bde40129854ac4a505e2c1b5247c965d/url HTTP/1.1
User-Agent: selenium/4.1.2 (java windows)
Content-Length: 54
Content-Type: application/json; charset=utf-8
host: localhost:60192
accept: */*

Response DefaultHttpResponse(decodeResult: success, version: HTTP/1.1)
HTTP/1.1 200 OK
Content-Type: application/json; charset=utf-8
cache-control: no-cache
content-length: 14

16:56:58.328 [AsyncHttpClient-1-6] DEBUG org.asynchttpclient.netty.channel.ChannelManager - Adding key: http://localhost:60192 for channel [id: 0xf4c46312, L:/127.0.0.1:4330 - R:localhost/127.0.0.1:60192]
16:56:58.343 [Forwarding setTimeout on session bde40129854ac4a505e2c1b5247c965d to remote] DEBUG org.asynchttpclient.netty.request.NettyRequestSender - Using pooled Channel '[id: 0xf4c46312, L:/127.0.0.1:4330 - R:localhost/127.0.0.1:60192]' for 'POST' to 'http://localhost:60192/session/bde40129854ac4a505e2c1b5247c965d/timeouts'
16:56:58.346 [Forwarding setTimeout on session bde40129854ac4a505e2c1b5247c965d to remote] DEBUG org.asynchttpclient.netty.request.NettyRequestSender - Using open Channel [id: 0xf4c46312, L:/127.0.0.1:4330 - R:localhost/127.0.0.1:60192] for POST '/session/bde40129854ac4a505e2c1b5247c965d/timeouts'
16:56:58.353 [AsyncHttpClient-1-6] DEBUG org.asynchttpclient.netty.handler.HttpHandler - 

Request DefaultHttpRequest(decodeResult: success, version: HTTP/1.1)
POST /session/bde40129854ac4a505e2c1b5247c965d/timeouts HTTP/1.1
User-Agent: selenium/4.1.2 (java windows)
Content-Length: 22
Content-Type: application/json; charset=utf-8
host: localhost:60192
accept: */*

Response DefaultHttpResponse(decodeResult: success, version: HTTP/1.1)
HTTP/1.1 200 OK
Content-Type: application/json; charset=utf-8
cache-control: no-cache
content-length: 14

16:56:58.353 [AsyncHttpClient-1-6] DEBUG org.asynchttpclient.netty.channel.ChannelManager - Adding key: http://localhost:60192 for channel [id: 0xf4c46312, L:/127.0.0.1:4330 - R:localhost/127.0.0.1:60192]
16:56:58.369 [Forwarding getCurrentUrl on session bde40129854ac4a505e2c1b5247c965d to remote] DEBUG org.asynchttpclient.netty.request.NettyRequestSender - Using pooled Channel '[id: 0xf4c46312, L:/127.0.0.1:4330 - R:localhost/127.0.0.1:60192]' for 'GET' to 'http://localhost:60192/session/bde40129854ac4a505e2c1b5247c965d/url'
16:56:58.369 [Forwarding getCurrentUrl on session bde40129854ac4a505e2c1b5247c965d to remote] DEBUG org.asynchttpclient.netty.request.NettyRequestSender - Using open Channel [id: 0xf4c46312, L:/127.0.0.1:4330 - R:localhost/127.0.0.1:60192] for GET '/session/bde40129854ac4a505e2c1b5247c965d/url'
16:56:58.420 [AsyncHttpClient-1-6] DEBUG org.asynchttpclient.netty.handler.HttpHandler - 

Request DefaultFullHttpRequest(decodeResult: success, version: HTTP/1.1, content: EmptyByteBufBE)
GET /session/bde40129854ac4a505e2c1b5247c965d/url HTTP/1.1
User-Agent: selenium/4.1.2 (java windows)
Cache-Control: no-cache
Content-Type: application/json; charset=utf-8
host: localhost:60192
accept: */*

Response DefaultHttpResponse(decodeResult: success, version: HTTP/1.1)
HTTP/1.1 200 OK
Content-Type: application/json; charset=utf-8
cache-control: no-cache
content-length: 36

16:56:58.420 [AsyncHttpClient-1-6] DEBUG org.asynchttpclient.netty.channel.ChannelManager - Adding key: http://localhost:60192 for channel [id: 0xf4c46312, L:/127.0.0.1:4330 - R:localhost/127.0.0.1:60192]
16:56:58.454 [Forwarding findElement on session bde40129854ac4a505e2c1b5247c965d to remote] DEBUG org.asynchttpclient.netty.request.NettyRequestSender - Using pooled Channel '[id: 0xf4c46312, L:/127.0.0.1:4330 - R:localhost/127.0.0.1:60192]' for 'POST' to 'http://localhost:60192/session/bde40129854ac4a505e2c1b5247c965d/element'
16:56:58.455 [Forwarding findElement on session bde40129854ac4a505e2c1b5247c965d to remote] DEBUG org.asynchttpclient.netty.request.NettyRequestSender - Using open Channel [id: 0xf4c46312, L:/127.0.0.1:4330 - R:localhost/127.0.0.1:60192] for POST '/session/bde40129854ac4a505e2c1b5247c965d/element'
16:56:58.485 [AsyncHttpClient-1-6] DEBUG org.asynchttpclient.netty.handler.HttpHandler - 

Request DefaultHttpRequest(decodeResult: success, version: HTTP/1.1)
POST /session/bde40129854ac4a505e2c1b5247c965d/element HTTP/1.1
User-Agent: selenium/4.1.2 (java windows)
Content-Length: 53
Content-Type: application/json; charset=utf-8
host: localhost:60192
accept: */*

Response DefaultHttpResponse(decodeResult: success, version: HTTP/1.1)
HTTP/1.1 200 OK
Content-Type: application/json; charset=utf-8
cache-control: no-cache
content-length: 88

16:56:58.485 [AsyncHttpClient-1-6] DEBUG org.asynchttpclient.netty.channel.ChannelManager - Adding key: http://localhost:60192 for channel [id: 0xf4c46312, L:/127.0.0.1:4330 - R:localhost/127.0.0.1:60192]
16:56:58.490 [Forwarding sendKeysToElement on session bde40129854ac4a505e2c1b5247c965d to remote] DEBUG org.asynchttpclient.netty.request.NettyRequestSender - Using pooled Channel '[id: 0xf4c46312, L:/127.0.0.1:4330 - R:localhost/127.0.0.1:60192]' for 'POST' to 'http://localhost:60192/session/bde40129854ac4a505e2c1b5247c965d/element/d39fbd6a-5be3-4a7c-a15a-fdd177cf336a/value'
16:56:58.490 [Forwarding sendKeysToElement on session bde40129854ac4a505e2c1b5247c965d to remote] DEBUG org.asynchttpclient.netty.request.NettyRequestSender - Using open Channel [id: 0xf4c46312, L:/127.0.0.1:4330 - R:localhost/127.0.0.1:60192] for POST '/session/bde40129854ac4a505e2c1b5247c965d/element/d39fbd6a-5be3-4a7c-a15a-fdd177cf336a/value'
16:56:58.615 [AsyncHttpClient-1-1] DEBUG org.asynchttpclient.netty.channel.DefaultChannelPool - Entry count for : http://localhost:4333 : 1
16:56:59.451 [AsyncHttpClient-1-6] DEBUG org.asynchttpclient.netty.handler.HttpHandler - 

Request DefaultHttpRequest(decodeResult: success, version: HTTP/1.1)
POST /session/bde40129854ac4a505e2c1b5247c965d/element/d39fbd6a-5be3-4a7c-a15a-fdd177cf336a/value HTTP/1.1
User-Agent: selenium/4.1.2 (java windows)
Content-Length: 95
Content-Type: application/json; charset=utf-8
host: localhost:60192
accept: */*

Response DefaultHttpResponse(decodeResult: success, version: HTTP/1.1)
HTTP/1.1 200 OK
Content-Type: application/json; charset=utf-8
cache-control: no-cache
content-length: 14

16:56:59.452 [AsyncHttpClient-1-6] DEBUG org.asynchttpclient.netty.channel.ChannelManager - Adding key: http://localhost:60192 for channel [id: 0xf4c46312, L:/127.0.0.1:4330 - R:localhost/127.0.0.1:60192]
  &amp#27;[32mGiven &amp#27;[0m&amp#27;[32mI am on the book page&amp#27;[0m                       &amp#27;[90m# starter.stepdefinitions.CollectionStep.iAmOnTheBookPage()&amp#27;[0m
16:56:59.485 [Forwarding screenshot on session bde40129854ac4a505e2c1b5247c965d to remote] DEBUG org.asynchttpclient.netty.request.NettyRequestSender - Using pooled Channel '[id: 0xf4c46312, L:/127.0.0.1:4330 - R:localhost/127.0.0.1:60192]' for 'GET' to 'http://localhost:60192/session/bde40129854ac4a505e2c1b5247c965d/screenshot'
16:56:59.485 [Forwarding screenshot on session bde40129854ac4a505e2c1b5247c965d to remote] DEBUG org.asynchttpclient.netty.request.NettyRequestSender - Using open Channel [id: 0xf4c46312, L:/127.0.0.1:4330 - R:localhost/127.0.0.1:60192] for GET '/session/bde40129854ac4a505e2c1b5247c965d/screenshot'
16:56:59.689 [AsyncHttpClient-1-6] DEBUG org.asynchttpclient.netty.handler.HttpHandler - 

Request DefaultFullHttpRequest(decodeResult: success, version: HTTP/1.1, content: EmptyByteBufBE)
GET /session/bde40129854ac4a505e2c1b5247c965d/screenshot HTTP/1.1
User-Agent: selenium/4.1.2 (java windows)
Cache-Control: no-cache
Content-Type: application/json; charset=utf-8
host: localhost:60192
accept: */*

Response DefaultHttpResponse(decodeResult: success, version: HTTP/1.1)
HTTP/1.1 200 OK
Content-Type: application/json; charset=utf-8
cache-control: no-cache
content-length: 192760

16:56:59.695 [AsyncHttpClient-1-6] DEBUG org.asynchttpclient.netty.channel.ChannelManager - Adding key: http://localhost:60192 for channel [id: 0xf4c46312, L:/127.0.0.1:4330 - R:localhost/127.0.0.1:60192]
16:56:59.723 [AsyncHttpClient-1-1] DEBUG org.asynchttpclient.netty.channel.DefaultChannelPool - Entry count for : http://localhost:4333 : 1
16:56:59.723 [AsyncHttpClient-1-1] DEBUG org.asynchttpclient.netty.channel.DefaultChannelPool - Entry count for : http://localhost:60192 : 1
16:56:59.741 [main] DEBUG net.serenitybdd.core.photography.Darkroom - Send negative for processing for target\site\serenity\1c7b48d8d78392c02af41bc5c79b1ecbf034df5397d7a2aa276a918a6ed74841.png
16:56:59.746 [Darkroom Processing Line] DEBUG net.serenitybdd.core.photography.DarkroomProcessingLine - Processing screenshot image in /var/screenshots/screenshot-186088101905295474
16:56:59.747 [Darkroom Processing Line] DEBUG net.serenitybdd.core.photography.DarkroomProcessingLine - Saving screenshot to target\site\serenity\1c7b48d8d78392c02af41bc5c79b1ecbf034df5397d7a2aa276a918a6ed74841.png
16:56:59.774 [Forwarding findElement on session bde40129854ac4a505e2c1b5247c965d to remote] DEBUG org.asynchttpclient.netty.request.NettyRequestSender - Using pooled Channel '[id: 0xf4c46312, L:/127.0.0.1:4330 - R:localhost/127.0.0.1:60192]' for 'POST' to 'http://localhost:60192/session/bde40129854ac4a505e2c1b5247c965d/element'
16:56:59.774 [Forwarding findElement on session bde40129854ac4a505e2c1b5247c965d to remote] DEBUG org.asynchttpclient.netty.request.NettyRequestSender - Using open Channel [id: 0xf4c46312, L:/127.0.0.1:4330 - R:localhost/127.0.0.1:60192] for POST '/session/bde40129854ac4a505e2c1b5247c965d/element'
16:56:59.803 [AsyncHttpClient-1-6] DEBUG org.asynchttpclient.netty.handler.HttpHandler - 

Request DefaultHttpRequest(decodeResult: success, version: HTTP/1.1)
POST /session/bde40129854ac4a505e2c1b5247c965d/element HTTP/1.1
User-Agent: selenium/4.1.2 (java windows)
Content-Length: 83
Content-Type: application/json; charset=utf-8
host: localhost:60192
accept: */*

Response DefaultHttpResponse(decodeResult: success, version: HTTP/1.1)
HTTP/1.1 200 OK
Content-Type: application/json; charset=utf-8
cache-control: no-cache
content-length: 88

16:56:59.803 [AsyncHttpClient-1-6] DEBUG org.asynchttpclient.netty.channel.ChannelManager - Adding key: http://localhost:60192 for channel [id: 0xf4c46312, L:/127.0.0.1:4330 - R:localhost/127.0.0.1:60192]
16:56:59.805 [Forwarding getElementTagName on session bde40129854ac4a505e2c1b5247c965d to remote] DEBUG org.asynchttpclient.netty.request.NettyRequestSender - Using pooled Channel '[id: 0xf4c46312, L:/127.0.0.1:4330 - R:localhost/127.0.0.1:60192]' for 'GET' to 'http://localhost:60192/session/bde40129854ac4a505e2c1b5247c965d/element/886d7fda-0340-484f-855c-643fcfd99618/name'
16:56:59.805 [Forwarding getElementTagName on session bde40129854ac4a505e2c1b5247c965d to remote] DEBUG org.asynchttpclient.netty.request.NettyRequestSender - Using open Channel [id: 0xf4c46312, L:/127.0.0.1:4330 - R:localhost/127.0.0.1:60192] for GET '/session/bde40129854ac4a505e2c1b5247c965d/element/886d7fda-0340-484f-855c-643fcfd99618/name'
16:56:59.815 [AsyncHttpClient-1-6] DEBUG org.asynchttpclient.netty.handler.HttpHandler - 

Request DefaultFullHttpRequest(decodeResult: success, version: HTTP/1.1, content: EmptyByteBufBE)
GET /session/bde40129854ac4a505e2c1b5247c965d/element/886d7fda-0340-484f-855c-643fcfd99618/name HTTP/1.1
User-Agent: selenium/4.1.2 (java windows)
Cache-Control: no-cache
Content-Type: application/json; charset=utf-8
host: localhost:60192
accept: */*

Response DefaultHttpResponse(decodeResult: success, version: HTTP/1.1)
HTTP/1.1 200 OK
Content-Type: application/json; charset=utf-8
cache-control: no-cache
content-length: 16

16:56:59.815 [AsyncHttpClient-1-6] DEBUG org.asynchttpclient.netty.channel.ChannelManager - Adding key: http://localhost:60192 for channel [id: 0xf4c46312, L:/127.0.0.1:4330 - R:localhost/127.0.0.1:60192]
16:56:59.817 [Forwarding getElementTagName on session bde40129854ac4a505e2c1b5247c965d to remote] DEBUG org.asynchttpclient.netty.request.NettyRequestSender - Using pooled Channel '[id: 0xf4c46312, L:/127.0.0.1:4330 - R:localhost/127.0.0.1:60192]' for 'GET' to 'http://localhost:60192/session/bde40129854ac4a505e2c1b5247c965d/element/886d7fda-0340-484f-855c-643fcfd99618/name'
16:56:59.818 [Forwarding getElementTagName on session bde40129854ac4a505e2c1b5247c965d to remote] DEBUG org.asynchttpclient.netty.request.NettyRequestSender - Using open Channel [id: 0xf4c46312, L:/127.0.0.1:4330 - R:localhost/127.0.0.1:60192] for GET '/session/bde40129854ac4a505e2c1b5247c965d/element/886d7fda-0340-484f-855c-643fcfd99618/name'
16:56:59.822 [AsyncHttpClient-1-6] DEBUG org.asynchttpclient.netty.handler.HttpHandler - 

Request DefaultFullHttpRequest(decodeResult: success, version: HTTP/1.1, content: EmptyByteBufBE)
GET /session/bde40129854ac4a505e2c1b5247c965d/element/886d7fda-0340-484f-855c-643fcfd99618/name HTTP/1.1
User-Agent: selenium/4.1.2 (java windows)
Cache-Control: no-cache
Content-Type: application/json; charset=utf-8
host: localhost:60192
accept: */*

Response DefaultHttpResponse(decodeResult: success, version: HTTP/1.1)
HTTP/1.1 200 OK
Content-Type: application/json; charset=utf-8
cache-control: no-cache
content-length: 16

16:56:59.823 [AsyncHttpClient-1-6] DEBUG org.asynchttpclient.netty.channel.ChannelManager - Adding key: http://localhost:60192 for channel [id: 0xf4c46312, L:/127.0.0.1:4330 - R:localhost/127.0.0.1:60192]
16:56:59.833 [Forwarding findElement on session bde40129854ac4a505e2c1b5247c965d to remote] DEBUG org.asynchttpclient.netty.request.NettyRequestSender - Using pooled Channel '[id: 0xf4c46312, L:/127.0.0.1:4330 - R:localhost/127.0.0.1:60192]' for 'POST' to 'http://localhost:60192/session/bde40129854ac4a505e2c1b5247c965d/element'
16:56:59.833 [Forwarding findElement on session bde40129854ac4a505e2c1b5247c965d to remote] DEBUG org.asynchttpclient.netty.request.NettyRequestSender - Using open Channel [id: 0xf4c46312, L:/127.0.0.1:4330 - R:localhost/127.0.0.1:60192] for POST '/session/bde40129854ac4a505e2c1b5247c965d/element'
16:56:59.848 [AsyncHttpClient-1-6] DEBUG org.asynchttpclient.netty.handler.HttpHandler - 

Request DefaultHttpRequest(decodeResult: success, version: HTTP/1.1)
POST /session/bde40129854ac4a505e2c1b5247c965d/element HTTP/1.1
User-Agent: selenium/4.1.2 (java windows)
Content-Length: 83
Content-Type: application/json; charset=utf-8
host: localhost:60192
accept: */*

Response DefaultHttpResponse(decodeResult: success, version: HTTP/1.1)
HTTP/1.1 200 OK
Content-Type: application/json; charset=utf-8
cache-control: no-cache
content-length: 88

16:56:59.849 [AsyncHttpClient-1-6] DEBUG org.asynchttpclient.netty.channel.ChannelManager - Adding key: http://localhost:60192 for channel [id: 0xf4c46312, L:/127.0.0.1:4330 - R:localhost/127.0.0.1:60192]
16:56:59.852 [Forwarding clickElement on session bde40129854ac4a505e2c1b5247c965d to remote] DEBUG org.asynchttpclient.netty.request.NettyRequestSender - Using pooled Channel '[id: 0xf4c46312, L:/127.0.0.1:4330 - R:localhost/127.0.0.1:60192]' for 'POST' to 'http://localhost:60192/session/bde40129854ac4a505e2c1b5247c965d/element/886d7fda-0340-484f-855c-643fcfd99618/click'
16:56:59.852 [Forwarding clickElement on session bde40129854ac4a505e2c1b5247c965d to remote] DEBUG org.asynchttpclient.netty.request.NettyRequestSender - Using open Channel [id: 0xf4c46312, L:/127.0.0.1:4330 - R:localhost/127.0.0.1:60192] for POST '/session/bde40129854ac4a505e2c1b5247c965d/element/886d7fda-0340-484f-855c-643fcfd99618/click'
16:57:00.820 [AsyncHttpClient-1-1] DEBUG org.asynchttpclient.netty.channel.DefaultChannelPool - Entry count for : http://localhost:4333 : 1
16:57:01.916 [AsyncHttpClient-1-1] DEBUG org.asynchttpclient.netty.channel.DefaultChannelPool - Entry count for : http://localhost:4333 : 1
16:57:03.013 [AsyncHttpClient-1-1] DEBUG org.asynchttpclient.netty.channel.DefaultChannelPool - Entry count for : http://localhost:4333 : 1
16:57:04.122 [AsyncHttpClient-1-1] DEBUG org.asynchttpclient.netty.channel.DefaultChannelPool - Entry count for : http://localhost:4333 : 1
16:57:05.214 [AsyncHttpClient-1-1] DEBUG org.asynchttpclient.netty.channel.DefaultChannelPool - Entry count for : http://localhost:4333 : 1
16:57:06.315 [AsyncHttpClient-1-1] DEBUG org.asynchttpclient.netty.channel.DefaultChannelPool - Entry count for : http://localhost:4333 : 1
16:57:07.416 [AsyncHttpClient-1-1] DEBUG org.asynchttpclient.netty.channel.DefaultChannelPool - Entry count for : http://localhost:4333 : 1
16:57:08.522 [AsyncHttpClient-1-1] DEBUG org.asynchttpclient.netty.channel.DefaultChannelPool - Entry count for : http://localhost:4333 : 1
16:57:09.615 [AsyncHttpClient-1-1] DEBUG org.asynchttpclient.netty.channel.DefaultChannelPool - Entry count for : http://localhost:4333 : 1
16:57:10.713 [AsyncHttpClient-1-1] DEBUG org.asynchttpclient.netty.channel.DefaultChannelPool - Entry count for : http://localhost:4333 : 1
16:57:11.820 [AsyncHttpClient-1-1] DEBUG org.asynchttpclient.netty.channel.DefaultChannelPool - Entry count for : http://localhost:4333 : 1
16:57:12.917 [AsyncHttpClient-1-1] DEBUG org.asynchttpclient.netty.channel.DefaultChannelPool - Entry count for : http://localhost:4333 : 1
16:57:14.013 [AsyncHttpClient-1-1] DEBUG org.asynchttpclient.netty.channel.DefaultChannelPool - Entry count for : http://localhost:4333 : 1
16:57:15.121 [AsyncHttpClient-1-1] DEBUG org.asynchttpclient.netty.channel.DefaultChannelPool - Entry count for : http://localhost:4333 : 1
16:57:16.213 [AsyncHttpClient-1-1] DEBUG org.asynchttpclient.netty.channel.DefaultChannelPool - Entry count for : http://localhost:4333 : 1
16:57:17.315 [AsyncHttpClient-1-1] DEBUG org.asynchttpclient.netty.channel.DefaultChannelPool - Entry count for : http://localhost:4333 : 1
16:57:17.972 [AsyncHttpClient-1-6] DEBUG org.asynchttpclient.netty.handler.HttpHandler - 

Request DefaultHttpRequest(decodeResult: success, version: HTTP/1.1)
POST /session/bde40129854ac4a505e2c1b5247c965d/element/886d7fda-0340-484f-855c-643fcfd99618/click HTTP/1.1
User-Agent: selenium/4.1.2 (java windows)
Content-Length: 50
Content-Type: application/json; charset=utf-8
host: localhost:60192
accept: */*

Response DefaultHttpResponse(decodeResult: success, version: HTTP/1.1)
HTTP/1.1 200 OK
Content-Type: application/json; charset=utf-8
cache-control: no-cache
content-length: 14

16:57:17.972 [AsyncHttpClient-1-6] DEBUG org.asynchttpclient.netty.channel.ChannelManager - Adding key: http://localhost:60192 for channel [id: 0xf4c46312, L:/127.0.0.1:4330 - R:localhost/127.0.0.1:60192]
  &amp#27;[32mWhen &amp#27;[0m&amp#27;[32mI click You Don't Know JS&amp#27;[0m                    &amp#27;[90m# starter.stepdefinitions.CollectionStep.iClickYouDonTKnowJS()&amp#27;[0m
16:57:18.020 [Forwarding screenshot on session bde40129854ac4a505e2c1b5247c965d to remote] DEBUG org.asynchttpclient.netty.request.NettyRequestSender - Using pooled Channel '[id: 0xf4c46312, L:/127.0.0.1:4330 - R:localhost/127.0.0.1:60192]' for 'GET' to 'http://localhost:60192/session/bde40129854ac4a505e2c1b5247c965d/screenshot'
16:57:18.020 [Forwarding screenshot on session bde40129854ac4a505e2c1b5247c965d to remote] DEBUG org.asynchttpclient.netty.request.NettyRequestSender - Using open Channel [id: 0xf4c46312, L:/127.0.0.1:4330 - R:localhost/127.0.0.1:60192] for GET '/session/bde40129854ac4a505e2c1b5247c965d/screenshot'
16:57:18.288 [AsyncHttpClient-1-6] DEBUG org.asynchttpclient.netty.handler.HttpHandler - 

Request DefaultFullHttpRequest(decodeResult: success, version: HTTP/1.1, content: EmptyByteBufBE)
GET /session/bde40129854ac4a505e2c1b5247c965d/screenshot HTTP/1.1
User-Agent: selenium/4.1.2 (java windows)
Cache-Control: no-cache
Content-Type: application/json; charset=utf-8
host: localhost:60192
accept: */*

Response DefaultHttpResponse(decodeResult: success, version: HTTP/1.1)
HTTP/1.1 200 OK
Content-Type: application/json; charset=utf-8
cache-control: no-cache
content-length: 274044

16:57:18.291 [AsyncHttpClient-1-6] DEBUG org.asynchttpclient.netty.channel.ChannelManager - Adding key: http://localhost:60192 for channel [id: 0xf4c46312, L:/127.0.0.1:4330 - R:localhost/127.0.0.1:60192]
16:57:18.311 [main] DEBUG net.serenitybdd.core.photography.Darkroom - Send negative for processing for target\site\serenity\8fb8113c7d055ebffa339e2a1f26c09d818cb73768f923b7f2fba1501e2234fd.png
16:57:18.312 [Darkroom Processing Line] DEBUG net.serenitybdd.core.photography.DarkroomProcessingLine - Processing screenshot image in /var/screenshots/screenshot-12034989071044327458
16:57:18.312 [Darkroom Processing Line] DEBUG net.serenitybdd.core.photography.DarkroomProcessingLine - Saving screenshot to target\site\serenity\8fb8113c7d055ebffa339e2a1f26c09d818cb73768f923b7f2fba1501e2234fd.png
16:57:18.328 [Forwarding findElement on session bde40129854ac4a505e2c1b5247c965d to remote] DEBUG org.asynchttpclient.netty.request.NettyRequestSender - Using pooled Channel '[id: 0xf4c46312, L:/127.0.0.1:4330 - R:localhost/127.0.0.1:60192]' for 'POST' to 'http://localhost:60192/session/bde40129854ac4a505e2c1b5247c965d/element'
16:57:18.328 [Forwarding findElement on session bde40129854ac4a505e2c1b5247c965d to remote] DEBUG org.asynchttpclient.netty.request.NettyRequestSender - Using open Channel [id: 0xf4c46312, L:/127.0.0.1:4330 - R:localhost/127.0.0.1:60192] for POST '/session/bde40129854ac4a505e2c1b5247c965d/element'
16:57:18.413 [AsyncHttpClient-1-1] DEBUG org.asynchttpclient.netty.channel.DefaultChannelPool - Entry count for : http://localhost:4333 : 1
16:57:18.513 [AsyncHttpClient-1-6] DEBUG org.asynchttpclient.netty.handler.HttpHandler - 

Request DefaultHttpRequest(decodeResult: success, version: HTTP/1.1)
POST /session/bde40129854ac4a505e2c1b5247c965d/element HTTP/1.1
User-Agent: selenium/4.1.2 (java windows)
Content-Length: 78
Content-Type: application/json; charset=utf-8
host: localhost:60192
accept: */*

Response DefaultHttpResponse(decodeResult: success, version: HTTP/1.1)
HTTP/1.1 200 OK
Content-Type: application/json; charset=utf-8
cache-control: no-cache
content-length: 88

16:57:18.513 [AsyncHttpClient-1-6] DEBUG org.asynchttpclient.netty.channel.ChannelManager - Adding key: http://localhost:60192 for channel [id: 0xf4c46312, L:/127.0.0.1:4330 - R:localhost/127.0.0.1:60192]
16:57:18.523 [Forwarding isElementDisplayed on session bde40129854ac4a505e2c1b5247c965d to remote] DEBUG org.asynchttpclient.netty.request.NettyRequestSender - Using pooled Channel '[id: 0xf4c46312, L:/127.0.0.1:4330 - R:localhost/127.0.0.1:60192]' for 'POST' to 'http://localhost:60192/session/bde40129854ac4a505e2c1b5247c965d/execute/sync'
16:57:18.523 [Forwarding isElementDisplayed on session bde40129854ac4a505e2c1b5247c965d to remote] DEBUG org.asynchttpclient.netty.request.NettyRequestSender - Using open Channel [id: 0xf4c46312, L:/127.0.0.1:4330 - R:localhost/127.0.0.1:60192] for POST '/session/bde40129854ac4a505e2c1b5247c965d/execute/sync'
16:57:18.549 [AsyncHttpClient-1-6] DEBUG org.asynchttpclient.netty.handler.HttpHandler - 

Request DefaultHttpRequest(decodeResult: success, version: HTTP/1.1)
POST /session/bde40129854ac4a505e2c1b5247c965d/execute/sync HTTP/1.1
User-Agent: selenium/4.1.2 (java windows)
Content-Length: 48780
Content-Type: application/json; charset=utf-8
host: localhost:60192
accept: */*

Response DefaultHttpResponse(decodeResult: success, version: HTTP/1.1)
HTTP/1.1 200 OK
Content-Type: application/json; charset=utf-8
cache-control: no-cache
content-length: 14

16:57:18.549 [AsyncHttpClient-1-6] DEBUG org.asynchttpclient.netty.channel.ChannelManager - Adding key: http://localhost:60192 for channel [id: 0xf4c46312, L:/127.0.0.1:4330 - R:localhost/127.0.0.1:60192]
  &amp#27;[32mThen &amp#27;[0m&amp#27;[32mI will get information&amp#27;[0m                       &amp#27;[90m# starter.stepdefinitions.CollectionStep.iWillGetPageMessage()&amp#27;[0m
16:57:18.568 [Forwarding screenshot on session bde40129854ac4a505e2c1b5247c965d to remote] DEBUG org.asynchttpclient.netty.request.NettyRequestSender - Using pooled Channel '[id: 0xf4c46312, L:/127.0.0.1:4330 - R:localhost/127.0.0.1:60192]' for 'GET' to 'http://localhost:60192/session/bde40129854ac4a505e2c1b5247c965d/screenshot'
16:57:18.568 [Forwarding screenshot on session bde40129854ac4a505e2c1b5247c965d to remote] DEBUG org.asynchttpclient.netty.request.NettyRequestSender - Using open Channel [id: 0xf4c46312, L:/127.0.0.1:4330 - R:localhost/127.0.0.1:60192] for GET '/session/bde40129854ac4a505e2c1b5247c965d/screenshot'
16:57:18.815 [AsyncHttpClient-1-6] DEBUG org.asynchttpclient.netty.handler.HttpHandler - 

Request DefaultFullHttpRequest(decodeResult: success, version: HTTP/1.1, content: EmptyByteBufBE)
GET /session/bde40129854ac4a505e2c1b5247c965d/screenshot HTTP/1.1
User-Agent: selenium/4.1.2 (java windows)
Cache-Control: no-cache
Content-Type: application/json; charset=utf-8
host: localhost:60192
accept: */*

Response DefaultHttpResponse(decodeResult: success, version: HTTP/1.1)
HTTP/1.1 200 OK
Content-Type: application/json; charset=utf-8
cache-control: no-cache
content-length: 274044

16:57:18.818 [AsyncHttpClient-1-6] DEBUG org.asynchttpclient.netty.channel.ChannelManager - Adding key: http://localhost:60192 for channel [id: 0xf4c46312, L:/127.0.0.1:4330 - R:localhost/127.0.0.1:60192]
16:57:18.833 [main] DEBUG net.serenitybdd.core.photography.Darkroom - Send negative for processing for target\site\serenity\8fb8113c7d055ebffa339e2a1f26c09d818cb73768f923b7f2fba1501e2234fd.png
16:57:18.836 [main] INFO  - 
  _____   ___   ___   _____     ___     _     ___   ___   ___   ___  
 |_   _| | __| / __| |_   _|   | _ \   /_\   / __| / __| | __| |   \ 
   | |   | _|  \__ \   | |     |  _/  / _ \  \__ \ \__ \ | _|  | |) |
   |_|   |___| |___/   |_|     |_|   /_/ \_\ |___/ |___/ |___| |___/ 

See Information of You Don't Know JS Book
----------------------------------------------------------------------
16:57:18.838 [AsyncHttpClient-1-8] DEBUG org.asynchttpclient.netty.handler.WebSocketHandler - Channel Closed: [id: 0xdac01172, L:/127.0.0.1:4348 ! R:localhost/127.0.0.1:4333] with attribute NettyResponseFuture{currentRetry=5,
	isDone=1,
	isCancelled=0,
	asyncHandler=org.asynchttpclient.ws.WebSocketUpgradeHandler@6d42678a,
	nettyRequest=org.asynchttpclient.netty.request.NettyRequest@52871510,
	future=java.util.concurrent.CompletableFuture@15819b28[Completed normally],
	uri=ws://localhost:4333/devtools/browser/829425fd-2739-4670-b749-85e7a3213163,
	keepAlive=true,
	redirectCount=0,
	timeoutsHolder=null,
	inAuth=0,
	touch=1664963795026}
16:57:18.839 [AsyncHttpClient-1-8] DEBUG org.asynchttpclient.netty.channel.ChannelManager - Closing Channel [id: 0xdac01172, L:/127.0.0.1:4348 ! R:localhost/127.0.0.1:4333] 
16:57:18.841 [Driver Command Executor] DEBUG org.asynchttpclient.netty.request.NettyRequestSender - Using pooled Channel '[id: 0xf4c46312, L:/127.0.0.1:4330 - R:localhost/127.0.0.1:60192]' for 'DELETE' to 'http://localhost:60192/session/bde40129854ac4a505e2c1b5247c965d'
16:57:18.842 [Driver Command Executor] DEBUG org.asynchttpclient.netty.request.NettyRequestSender - Using open Channel [id: 0xf4c46312, L:/127.0.0.1:4330 - R:localhost/127.0.0.1:60192] for DELETE '/session/bde40129854ac4a505e2c1b5247c965d'
16:57:19.047 [AsyncHttpClient-1-7] DEBUG org.asynchttpclient.netty.handler.HttpHandler - Unexpected I/O exception on channel [id: 0x675ba5f6, L:/127.0.0.1:4347 - R:localhost/127.0.0.1:4333]
java.io.IOException: An existing connection was forcibly closed by the remote host
	at java.base/sun.nio.ch.SocketDispatcher.read0(Native Method)
	at java.base/sun.nio.ch.SocketDispatcher.read(SocketDispatcher.java:43)
	at java.base/sun.nio.ch.IOUtil.readIntoNativeBuffer(IOUtil.java:276)
	at java.base/sun.nio.ch.IOUtil.read(IOUtil.java:233)
	at java.base/sun.nio.ch.IOUtil.read(IOUtil.java:223)
	at java.base/sun.nio.ch.SocketChannelImpl.read(SocketChannelImpl.java:358)
	at io.netty.buffer.PooledByteBuf.setBytes(PooledByteBuf.java:258)
	at io.netty.buffer.AbstractByteBuf.writeBytes(AbstractByteBuf.java:1132)
	at io.netty.channel.socket.nio.NioSocketChannel.doReadBytes(NioSocketChannel.java:350)
	at io.netty.channel.nio.AbstractNioByteChannel$NioByteUnsafe.read(AbstractNioByteChannel.java:151)
	at io.netty.channel.nio.NioEventLoop.processSelectedKey(NioEventLoop.java:722)
	at io.netty.channel.nio.NioEventLoop.processSelectedKeysOptimized(NioEventLoop.java:658)
	at io.netty.channel.nio.NioEventLoop.processSelectedKeys(NioEventLoop.java:584)
	at io.netty.channel.nio.NioEventLoop.run(NioEventLoop.java:496)
	at io.netty.util.concurrent.SingleThreadEventExecutor$4.run(SingleThreadEventExecutor.java:986)
	at io.netty.util.internal.ThreadExecutorMap$2.run(ThreadExecutorMap.java:74)
	at io.netty.util.concurrent.FastThreadLocalRunnable.run(FastThreadLocalRunnable.java:30)
	at java.base/java.lang.Thread.run(Thread.java:834)
16:57:19.049 [AsyncHttpClient-1-7] DEBUG org.asynchttpclient.netty.channel.ChannelManager - Closing Channel [id: 0x675ba5f6, L:/127.0.0.1:4347 - R:localhost/127.0.0.1:4333] 
16:57:19.054 [AsyncHttpClient-1-6] DEBUG org.asynchttpclient.netty.handler.HttpHandler - 

Request DefaultFullHttpRequest(decodeResult: success, version: HTTP/1.1, content: EmptyByteBufBE)
DELETE /session/bde40129854ac4a505e2c1b5247c965d HTTP/1.1
User-Agent: selenium/4.1.2 (java windows)
Content-Type: application/json; charset=utf-8
host: localhost:60192
accept: */*

Response DefaultHttpResponse(decodeResult: success, version: HTTP/1.1)
HTTP/1.1 200 OK
Content-Type: application/json; charset=utf-8
cache-control: no-cache
content-length: 14

16:57:19.054 [AsyncHttpClient-1-6] DEBUG org.asynchttpclient.netty.channel.ChannelManager - Adding key: http://localhost:60192 for channel [id: 0xf4c46312, L:/127.0.0.1:4330 - R:localhost/127.0.0.1:60192]
16:57:19.057 [AsyncHttpClient-1-7] DEBUG org.asynchttpclient.netty.handler.HttpHandler - Channel Closed: [id: 0x675ba5f6, L:/127.0.0.1:4347 ! R:localhost/127.0.0.1:4333] with attribute DISCARD
16:57:19.270 [AsyncHttpClient-1-6] DEBUG org.asynchttpclient.netty.handler.HttpHandler - Channel Closed: [id: 0xf4c46312, L:/127.0.0.1:4330 ! R:localhost/127.0.0.1:60192] with attribute DISCARD
]]></system-out>
    <system-err><![CDATA[Starting Microsoft Edge WebDriver 105.0.1343.53 (3a47f00402d579c8ba1fad7e143f9d73831b6765) on port 60192
To submit feedback, report a bug, or suggest new features, please visit https://github.com/MicrosoftEdge/EdgeWebDriver

Only local connections are allowed.
Please see https://aka.ms/WebDriverSecurity for suggestions on keeping Microsoft Edge WebDriver safe.

Microsoft Edge WebDriver was started successfully.
Oct 05, 2022 4:56:34 PM org.openqa.selenium.remote.ProtocolHandshake createSession
INFO: Detected dialect: W3C
Oct 05, 2022 4:56:35 PM org.openqa.selenium.devtools.CdpVersionFinder findNearestMatch
WARNING: Unable to find an exact match for CDP version 105, so returning the closest version found: a no-op implementation
Oct 05, 2022 4:56:35 PM org.openqa.selenium.devtools.CdpVersionFinder findNearestMatch
INFO: Unable to find CDP implementation matching 105.
Oct 05, 2022 4:56:35 PM org.openqa.selenium.chromium.ChromiumDriver lambda$new$3
WARNING: Unable to find version of CDP to use for . You may need to include a dependency on a specific version of the CDP using something similar to `org.seleniumhq.selenium:selenium-devtools-v86:4.1.2` where the version ("v86") matches the version of the chromium-based browser you're using and the version number of the artifact is the same as Selenium's.
]]></system-err>
  </testcase>
  <testcase name="See Information of Programming JavaScript Applications Book" classname="See Information" time="43.106">
    <system-out><![CDATA[
Scenario: See Information of Programming JavaScript Applications Book &amp#27;[90m# src/test/resources/features/CartToCollection.feature:31&amp#27;[0m
16:57:19.420 [main] INFO io.cucumber.core.plugin.SerenityReporter - Running feature from file:///D:/File%20Baru/Kuliah/Quality%20Engineer/qe_Bayu-Septyan-Nur-Hidayat/21_Review_Web_UI_Testing_with_Serenity/Praktikum/untitled/src/test/resources/features/CartToCollection.feature
16:57:19.425 [main] INFO  - 
  _____   ___   ___   _____     ___   _____     _     ___   _____   ___   ___  
 |_   _| | __| / __| |_   _|   / __| |_   _|   /_\   | _ \ |_   _| | __| |   \ 
   | |   | _|  \__ \   | |     \__ \   | |    / _ \  |   /   | |   | _|  | |) |
   |_|   |___| |___/   |_|     |___/   |_|   /_/ \_\ |_|_\   |_|   |___| |___/ 

See Information of Programming JavaScript Applications Book(see-information;see-information-of-programming-javascript-applications-book)
--------------------------------------------------------------------------------
16:57:19.527 [AsyncHttpClient-1-1] DEBUG org.asynchttpclient.netty.channel.DefaultChannelPool - Entry count for : http://localhost:4333 : 1
16:57:19.527 [AsyncHttpClient-1-1] DEBUG org.asynchttpclient.netty.channel.DefaultChannelPool - Entry count for : http://localhost:60192 : 1
16:57:19.527 [AsyncHttpClient-1-1] DEBUG org.asynchttpclient.netty.channel.DefaultChannelPool - Adding Candidate expired Channel [id: 0x675ba5f6, L:/127.0.0.1:4347 ! R:localhost/127.0.0.1:4333] isIdleTimeoutExpired=false isRemotelyClosed=true isTtlExpired=false
16:57:19.527 [AsyncHttpClient-1-1] DEBUG org.asynchttpclient.netty.channel.DefaultChannelPool - Closing Idle Channel [id: 0x675ba5f6, L:/127.0.0.1:4347 ! R:localhost/127.0.0.1:4333]
16:57:19.527 [AsyncHttpClient-1-1] DEBUG org.asynchttpclient.netty.channel.DefaultChannelPool - Adding Candidate expired Channel [id: 0xf4c46312, L:/127.0.0.1:4330 ! R:localhost/127.0.0.1:60192] isIdleTimeoutExpired=false isRemotelyClosed=true isTtlExpired=false
16:57:19.527 [AsyncHttpClient-1-1] DEBUG org.asynchttpclient.netty.channel.DefaultChannelPool - Closing Idle Channel [id: 0xf4c46312, L:/127.0.0.1:4330 ! R:localhost/127.0.0.1:60192]
16:57:19.528 [AsyncHttpClient-1-1] DEBUG org.asynchttpclient.netty.channel.DefaultChannelPool - Closed 2 connections out of 2 in 1 ms
16:57:20.216 [main] DEBUG io.github.bonigarcia.wdm.cache.ResolutionCache - Resolution edge=105 in cache (valid until 17:51:16 05/10/2022 ICT)
16:57:20.226 [main] DEBUG io.github.bonigarcia.wdm.cache.ResolutionCache - Resolution edge105=105.0.1343.53 in cache (valid until 15:48:55 06/10/2022 ICT)
16:57:20.230 [main] INFO io.github.bonigarcia.wdm.WebDriverManager - Using msedgedriver 105.0.1343.53 (resolved driver for Edge 105)
16:57:20.261 [main] DEBUG io.github.bonigarcia.wdm.WebDriverManager - Driver msedgedriver 105.0.1343.53 found in cache
16:57:20.262 [main] INFO io.github.bonigarcia.wdm.WebDriverManager - Exporting webdriver.edge.driver as C:\Users\Bayu\.cache\selenium\msedgedriver\win64\105.0.1343.53\msedgedriver.exe
16:57:20.266 [main] DEBUG net.serenitybdd.core.webdriver.driverproviders.ProvideNewDriver - Instantiating driver
16:57:20.266 [main] DEBUG net.serenitybdd.core.webdriver.driverproviders.ProvideNewDriver - Driver capabilities: Capabilities {base.url: https://demoqa.com, driver: edge, edge.driver: src/test/resources/webdrive..., ms:edgeChromium: true, ms:edgeOptions: {}}
16:57:20.695 [AsyncHttpClient-1-9] DEBUG org.asynchttpclient.netty.channel.NettyConnectListener - Using new Channel '[id: 0xfb6af8c9, L:/127.0.0.1:4521 - R:localhost/127.0.0.1:52206]' for 'POST' to '/session'
16:57:22.996 [AsyncHttpClient-1-9] DEBUG org.asynchttpclient.netty.handler.HttpHandler - 

Request DefaultHttpRequest(decodeResult: success, version: HTTP/1.1)
POST /session HTTP/1.1
User-Agent: selenium/4.1.2 (java windows)
Content-Length: 591
Content-Type: application/json; charset=utf-8
host: localhost:52206
accept: */*

Response DefaultHttpResponse(decodeResult: success, version: HTTP/1.1)
HTTP/1.1 200 OK
Content-Type: application/json; charset=utf-8
cache-control: no-cache
content-length: 753

16:57:22.997 [AsyncHttpClient-1-9] DEBUG org.asynchttpclient.netty.channel.ChannelManager - Adding key: http://localhost:52206 for channel [id: 0xfb6af8c9, L:/127.0.0.1:4521 - R:localhost/127.0.0.1:52206]
16:57:23.015 [AsyncHttpClient-1-2] DEBUG org.asynchttpclient.netty.channel.NettyConnectListener - Using new Channel '[id: 0x8fe16c8b, L:/127.0.0.1:4532 - R:localhost/127.0.0.1:4526]' for 'GET' to '/json/version'
16:57:23.016 [AsyncHttpClient-1-2] DEBUG org.asynchttpclient.netty.handler.HttpHandler - 

Request DefaultFullHttpRequest(decodeResult: success, version: HTTP/1.1, content: EmptyByteBufBE)
GET /json/version HTTP/1.1
User-Agent: selenium/4.1.2 (java windows)
host: localhost:4526
accept: */*

Response DefaultHttpResponse(decodeResult: success, version: HTTP/1.1)
HTTP/1.1 200 OK
Content-Type: application/json; charset=UTF-8
content-length: 435

16:57:23.017 [AsyncHttpClient-1-2] DEBUG org.asynchttpclient.netty.channel.ChannelManager - Adding key: http://localhost:4526 for channel [id: 0x8fe16c8b, L:/127.0.0.1:4532 - R:localhost/127.0.0.1:4526]
16:57:23.025 [AsyncHttpClient-1-3] DEBUG org.asynchttpclient.netty.channel.NettyConnectListener - Using new Channel '[id: 0x9dfe5ecc, L:/127.0.0.1:4533 - R:localhost/127.0.0.1:4526]' for 'GET' to '/devtools/browser/8e8c544c-433b-4a1c-bb56-b39cb7f16487'
16:57:23.028 [AsyncHttpClient-1-3] DEBUG org.asynchttpclient.netty.handler.WebSocketHandler - 

Request DefaultFullHttpRequest(decodeResult: success, version: HTTP/1.1, content: EmptyByteBufBE)
GET /devtools/browser/8e8c544c-433b-4a1c-bb56-b39cb7f16487 HTTP/1.1
upgrade: websocket
connection: upgrade
sec-websocket-key: McrYsd6ybAllu6paC7WDYA==
sec-websocket-version: 13
origin: http://localhost:4526
host: localhost:4526
accept: */*
user-agent: AHC/2.1

Response DefaultHttpResponse(decodeResult: success, version: HTTP/1.1)
HTTP/1.1 101 WebSocket Protocol Handshake
Upgrade: WebSocket
Connection: Upgrade
Sec-WebSocket-Accept: 7LQcIj9HNAUdNQ3noLfzAR5kWPc=

16:57:23.048 [Forwarding get on session 8348d16ae234e0a6f4a4d389a2117223 to remote] DEBUG org.asynchttpclient.netty.request.NettyRequestSender - Using pooled Channel '[id: 0xfb6af8c9, L:/127.0.0.1:4521 - R:localhost/127.0.0.1:52206]' for 'POST' to 'http://localhost:52206/session/8348d16ae234e0a6f4a4d389a2117223/url'
16:57:23.048 [Forwarding get on session 8348d16ae234e0a6f4a4d389a2117223 to remote] DEBUG org.asynchttpclient.netty.request.NettyRequestSender - Using open Channel [id: 0xfb6af8c9, L:/127.0.0.1:4521 - R:localhost/127.0.0.1:52206] for POST '/session/8348d16ae234e0a6f4a4d389a2117223/url'
16:57:23.913 [AsyncHttpClient-1-1] DEBUG org.asynchttpclient.netty.channel.DefaultChannelPool - Entry count for : http://localhost:4526 : 1
16:57:25.050 [AsyncHttpClient-1-1] DEBUG org.asynchttpclient.netty.channel.DefaultChannelPool - Entry count for : http://localhost:4526 : 1
16:57:26.124 [AsyncHttpClient-1-1] DEBUG org.asynchttpclient.netty.channel.DefaultChannelPool - Entry count for : http://localhost:4526 : 1
16:57:27.213 [AsyncHttpClient-1-1] DEBUG org.asynchttpclient.netty.channel.DefaultChannelPool - Entry count for : http://localhost:4526 : 1
16:57:28.314 [AsyncHttpClient-1-1] DEBUG org.asynchttpclient.netty.channel.DefaultChannelPool - Entry count for : http://localhost:4526 : 1
16:57:29.420 [AsyncHttpClient-1-1] DEBUG org.asynchttpclient.netty.channel.DefaultChannelPool - Entry count for : http://localhost:4526 : 1
16:57:30.524 [AsyncHttpClient-1-1] DEBUG org.asynchttpclient.netty.channel.DefaultChannelPool - Entry count for : http://localhost:4526 : 1
16:57:31.614 [AsyncHttpClient-1-1] DEBUG org.asynchttpclient.netty.channel.DefaultChannelPool - Entry count for : http://localhost:4526 : 1
16:57:32.716 [AsyncHttpClient-1-1] DEBUG org.asynchttpclient.netty.channel.DefaultChannelPool - Entry count for : http://localhost:4526 : 1
16:57:33.815 [AsyncHttpClient-1-1] DEBUG org.asynchttpclient.netty.channel.DefaultChannelPool - Entry count for : http://localhost:4526 : 1
16:57:34.914 [AsyncHttpClient-1-1] DEBUG org.asynchttpclient.netty.channel.DefaultChannelPool - Entry count for : http://localhost:4526 : 1
16:57:36.018 [AsyncHttpClient-1-1] DEBUG org.asynchttpclient.netty.channel.DefaultChannelPool - Entry count for : http://localhost:4526 : 1
16:57:37.114 [AsyncHttpClient-1-1] DEBUG org.asynchttpclient.netty.channel.DefaultChannelPool - Entry count for : http://localhost:4526 : 1
16:57:38.214 [AsyncHttpClient-1-1] DEBUG org.asynchttpclient.netty.channel.DefaultChannelPool - Entry count for : http://localhost:4526 : 1
16:57:39.314 [AsyncHttpClient-1-1] DEBUG org.asynchttpclient.netty.channel.DefaultChannelPool - Entry count for : http://localhost:4526 : 1
16:57:40.420 [AsyncHttpClient-1-1] DEBUG org.asynchttpclient.netty.channel.DefaultChannelPool - Entry count for : http://localhost:4526 : 1
16:57:41.513 [AsyncHttpClient-1-1] DEBUG org.asynchttpclient.netty.channel.DefaultChannelPool - Entry count for : http://localhost:4526 : 1
16:57:42.614 [AsyncHttpClient-1-1] DEBUG org.asynchttpclient.netty.channel.DefaultChannelPool - Entry count for : http://localhost:4526 : 1
16:57:43.714 [AsyncHttpClient-1-1] DEBUG org.asynchttpclient.netty.channel.DefaultChannelPool - Entry count for : http://localhost:4526 : 1
16:57:44.813 [AsyncHttpClient-1-1] DEBUG org.asynchttpclient.netty.channel.DefaultChannelPool - Entry count for : http://localhost:4526 : 1
16:57:45.921 [AsyncHttpClient-1-1] DEBUG org.asynchttpclient.netty.channel.DefaultChannelPool - Entry count for : http://localhost:4526 : 1
16:57:47.018 [AsyncHttpClient-1-1] DEBUG org.asynchttpclient.netty.channel.DefaultChannelPool - Entry count for : http://localhost:4526 : 1
16:57:48.115 [AsyncHttpClient-1-1] DEBUG org.asynchttpclient.netty.channel.DefaultChannelPool - Entry count for : http://localhost:4526 : 1
16:57:49.225 [AsyncHttpClient-1-1] DEBUG org.asynchttpclient.netty.channel.DefaultChannelPool - Entry count for : http://localhost:4526 : 1
16:57:50.313 [AsyncHttpClient-1-1] DEBUG org.asynchttpclient.netty.channel.DefaultChannelPool - Entry count for : http://localhost:4526 : 1
16:57:51.422 [AsyncHttpClient-1-1] DEBUG org.asynchttpclient.netty.channel.DefaultChannelPool - Entry count for : http://localhost:4526 : 1
16:57:52.515 [AsyncHttpClient-1-1] DEBUG org.asynchttpclient.netty.channel.DefaultChannelPool - Entry count for : http://localhost:4526 : 1
16:57:52.848 [AsyncHttpClient-1-9] DEBUG org.asynchttpclient.netty.handler.HttpHandler - 

Request DefaultHttpRequest(decodeResult: success, version: HTTP/1.1)
POST /session/8348d16ae234e0a6f4a4d389a2117223/url HTTP/1.1
User-Agent: selenium/4.1.2 (java windows)
Content-Length: 54
Content-Type: application/json; charset=utf-8
host: localhost:52206
accept: */*

Response DefaultHttpResponse(decodeResult: success, version: HTTP/1.1)
HTTP/1.1 200 OK
Content-Type: application/json; charset=utf-8
cache-control: no-cache
content-length: 14

16:57:52.849 [AsyncHttpClient-1-9] DEBUG org.asynchttpclient.netty.channel.ChannelManager - Adding key: http://localhost:52206 for channel [id: 0xfb6af8c9, L:/127.0.0.1:4521 - R:localhost/127.0.0.1:52206]
16:57:52.854 [Forwarding setTimeout on session 8348d16ae234e0a6f4a4d389a2117223 to remote] DEBUG org.asynchttpclient.netty.request.NettyRequestSender - Using pooled Channel '[id: 0xfb6af8c9, L:/127.0.0.1:4521 - R:localhost/127.0.0.1:52206]' for 'POST' to 'http://localhost:52206/session/8348d16ae234e0a6f4a4d389a2117223/timeouts'
16:57:52.854 [Forwarding setTimeout on session 8348d16ae234e0a6f4a4d389a2117223 to remote] DEBUG org.asynchttpclient.netty.request.NettyRequestSender - Using open Channel [id: 0xfb6af8c9, L:/127.0.0.1:4521 - R:localhost/127.0.0.1:52206] for POST '/session/8348d16ae234e0a6f4a4d389a2117223/timeouts'
16:57:52.859 [AsyncHttpClient-1-9] DEBUG org.asynchttpclient.netty.handler.HttpHandler - 

Request DefaultHttpRequest(decodeResult: success, version: HTTP/1.1)
POST /session/8348d16ae234e0a6f4a4d389a2117223/timeouts HTTP/1.1
User-Agent: selenium/4.1.2 (java windows)
Content-Length: 22
Content-Type: application/json; charset=utf-8
host: localhost:52206
accept: */*

Response DefaultHttpResponse(decodeResult: success, version: HTTP/1.1)
HTTP/1.1 200 OK
Content-Type: application/json; charset=utf-8
cache-control: no-cache
content-length: 14

16:57:52.859 [AsyncHttpClient-1-9] DEBUG org.asynchttpclient.netty.channel.ChannelManager - Adding key: http://localhost:52206 for channel [id: 0xfb6af8c9, L:/127.0.0.1:4521 - R:localhost/127.0.0.1:52206]
16:57:52.866 [Forwarding getCurrentUrl on session 8348d16ae234e0a6f4a4d389a2117223 to remote] DEBUG org.asynchttpclient.netty.request.NettyRequestSender - Using pooled Channel '[id: 0xfb6af8c9, L:/127.0.0.1:4521 - R:localhost/127.0.0.1:52206]' for 'GET' to 'http://localhost:52206/session/8348d16ae234e0a6f4a4d389a2117223/url'
16:57:52.866 [Forwarding getCurrentUrl on session 8348d16ae234e0a6f4a4d389a2117223 to remote] DEBUG org.asynchttpclient.netty.request.NettyRequestSender - Using open Channel [id: 0xfb6af8c9, L:/127.0.0.1:4521 - R:localhost/127.0.0.1:52206] for GET '/session/8348d16ae234e0a6f4a4d389a2117223/url'
16:57:52.878 [AsyncHttpClient-1-9] DEBUG org.asynchttpclient.netty.handler.HttpHandler - 

Request DefaultFullHttpRequest(decodeResult: success, version: HTTP/1.1, content: EmptyByteBufBE)
GET /session/8348d16ae234e0a6f4a4d389a2117223/url HTTP/1.1
User-Agent: selenium/4.1.2 (java windows)
Cache-Control: no-cache
Content-Type: application/json; charset=utf-8
host: localhost:52206
accept: */*

Response DefaultHttpResponse(decodeResult: success, version: HTTP/1.1)
HTTP/1.1 200 OK
Content-Type: application/json; charset=utf-8
cache-control: no-cache
content-length: 36

16:57:52.878 [AsyncHttpClient-1-9] DEBUG org.asynchttpclient.netty.channel.ChannelManager - Adding key: http://localhost:52206 for channel [id: 0xfb6af8c9, L:/127.0.0.1:4521 - R:localhost/127.0.0.1:52206]
16:57:52.888 [Forwarding findElement on session 8348d16ae234e0a6f4a4d389a2117223 to remote] DEBUG org.asynchttpclient.netty.request.NettyRequestSender - Using pooled Channel '[id: 0xfb6af8c9, L:/127.0.0.1:4521 - R:localhost/127.0.0.1:52206]' for 'POST' to 'http://localhost:52206/session/8348d16ae234e0a6f4a4d389a2117223/element'
16:57:52.888 [Forwarding findElement on session 8348d16ae234e0a6f4a4d389a2117223 to remote] DEBUG org.asynchttpclient.netty.request.NettyRequestSender - Using open Channel [id: 0xfb6af8c9, L:/127.0.0.1:4521 - R:localhost/127.0.0.1:52206] for POST '/session/8348d16ae234e0a6f4a4d389a2117223/element'
16:57:52.917 [AsyncHttpClient-1-9] DEBUG org.asynchttpclient.netty.handler.HttpHandler - 

Request DefaultHttpRequest(decodeResult: success, version: HTTP/1.1)
POST /session/8348d16ae234e0a6f4a4d389a2117223/element HTTP/1.1
User-Agent: selenium/4.1.2 (java windows)
Content-Length: 53
Content-Type: application/json; charset=utf-8
host: localhost:52206
accept: */*

Response DefaultHttpResponse(decodeResult: success, version: HTTP/1.1)
HTTP/1.1 200 OK
Content-Type: application/json; charset=utf-8
cache-control: no-cache
content-length: 88

16:57:52.917 [AsyncHttpClient-1-9] DEBUG org.asynchttpclient.netty.channel.ChannelManager - Adding key: http://localhost:52206 for channel [id: 0xfb6af8c9, L:/127.0.0.1:4521 - R:localhost/127.0.0.1:52206]
16:57:52.919 [Forwarding sendKeysToElement on session 8348d16ae234e0a6f4a4d389a2117223 to remote] DEBUG org.asynchttpclient.netty.request.NettyRequestSender - Using pooled Channel '[id: 0xfb6af8c9, L:/127.0.0.1:4521 - R:localhost/127.0.0.1:52206]' for 'POST' to 'http://localhost:52206/session/8348d16ae234e0a6f4a4d389a2117223/element/951bcc51-618f-47d5-b586-e626ea1276b5/value'
16:57:52.919 [Forwarding sendKeysToElement on session 8348d16ae234e0a6f4a4d389a2117223 to remote] DEBUG org.asynchttpclient.netty.request.NettyRequestSender - Using open Channel [id: 0xfb6af8c9, L:/127.0.0.1:4521 - R:localhost/127.0.0.1:52206] for POST '/session/8348d16ae234e0a6f4a4d389a2117223/element/951bcc51-618f-47d5-b586-e626ea1276b5/value'
16:57:52.989 [AsyncHttpClient-1-9] DEBUG org.asynchttpclient.netty.handler.HttpHandler - 

Request DefaultHttpRequest(decodeResult: success, version: HTTP/1.1)
POST /session/8348d16ae234e0a6f4a4d389a2117223/element/951bcc51-618f-47d5-b586-e626ea1276b5/value HTTP/1.1
User-Agent: selenium/4.1.2 (java windows)
Content-Length: 95
Content-Type: application/json; charset=utf-8
host: localhost:52206
accept: */*

Response DefaultHttpResponse(decodeResult: success, version: HTTP/1.1)
HTTP/1.1 200 OK
Content-Type: application/json; charset=utf-8
cache-control: no-cache
content-length: 14

16:57:52.990 [AsyncHttpClient-1-9] DEBUG org.asynchttpclient.netty.channel.ChannelManager - Adding key: http://localhost:52206 for channel [id: 0xfb6af8c9, L:/127.0.0.1:4521 - R:localhost/127.0.0.1:52206]
  &amp#27;[32mGiven &amp#27;[0m&amp#27;[32mI am on the book page&amp#27;[0m                                         &amp#27;[90m# starter.stepdefinitions.CollectionStep.iAmOnTheBookPage()&amp#27;[0m
16:57:52.999 [Forwarding screenshot on session 8348d16ae234e0a6f4a4d389a2117223 to remote] DEBUG org.asynchttpclient.netty.request.NettyRequestSender - Using pooled Channel '[id: 0xfb6af8c9, L:/127.0.0.1:4521 - R:localhost/127.0.0.1:52206]' for 'GET' to 'http://localhost:52206/session/8348d16ae234e0a6f4a4d389a2117223/screenshot'
16:57:52.999 [Forwarding screenshot on session 8348d16ae234e0a6f4a4d389a2117223 to remote] DEBUG org.asynchttpclient.netty.request.NettyRequestSender - Using open Channel [id: 0xfb6af8c9, L:/127.0.0.1:4521 - R:localhost/127.0.0.1:52206] for GET '/session/8348d16ae234e0a6f4a4d389a2117223/screenshot'
16:57:53.268 [AsyncHttpClient-1-9] DEBUG org.asynchttpclient.netty.handler.HttpHandler - 

Request DefaultFullHttpRequest(decodeResult: success, version: HTTP/1.1, content: EmptyByteBufBE)
GET /session/8348d16ae234e0a6f4a4d389a2117223/screenshot HTTP/1.1
User-Agent: selenium/4.1.2 (java windows)
Cache-Control: no-cache
Content-Type: application/json; charset=utf-8
host: localhost:52206
accept: */*

Response DefaultHttpResponse(decodeResult: success, version: HTTP/1.1)
HTTP/1.1 200 OK
Content-Type: application/json; charset=utf-8
cache-control: no-cache
content-length: 324240

16:57:53.271 [AsyncHttpClient-1-9] DEBUG org.asynchttpclient.netty.channel.ChannelManager - Adding key: http://localhost:52206 for channel [id: 0xfb6af8c9, L:/127.0.0.1:4521 - R:localhost/127.0.0.1:52206]
16:57:53.306 [main] DEBUG net.serenitybdd.core.photography.Darkroom - Send negative for processing for target\site\serenity\ee5e6470e7a5b9337cddd82379cc279f37f2d0c79ede701205831b191b3108df.png
16:57:53.307 [Darkroom Processing Line] DEBUG net.serenitybdd.core.photography.DarkroomProcessingLine - Processing screenshot image in /var/screenshots/screenshot-17243459459080860
16:57:53.307 [Darkroom Processing Line] DEBUG net.serenitybdd.core.photography.DarkroomProcessingLine - Saving screenshot to target\site\serenity\ee5e6470e7a5b9337cddd82379cc279f37f2d0c79ede701205831b191b3108df.png
16:57:53.325 [Forwarding findElement on session 8348d16ae234e0a6f4a4d389a2117223 to remote] DEBUG org.asynchttpclient.netty.request.NettyRequestSender - Using pooled Channel '[id: 0xfb6af8c9, L:/127.0.0.1:4521 - R:localhost/127.0.0.1:52206]' for 'POST' to 'http://localhost:52206/session/8348d16ae234e0a6f4a4d389a2117223/element'
16:57:53.325 [Forwarding findElement on session 8348d16ae234e0a6f4a4d389a2117223 to remote] DEBUG org.asynchttpclient.netty.request.NettyRequestSender - Using open Channel [id: 0xfb6af8c9, L:/127.0.0.1:4521 - R:localhost/127.0.0.1:52206] for POST '/session/8348d16ae234e0a6f4a4d389a2117223/element'
16:57:53.351 [AsyncHttpClient-1-9] DEBUG org.asynchttpclient.netty.handler.HttpHandler - 

Request DefaultHttpRequest(decodeResult: success, version: HTTP/1.1)
POST /session/8348d16ae234e0a6f4a4d389a2117223/element HTTP/1.1
User-Agent: selenium/4.1.2 (java windows)
Content-Length: 97
Content-Type: application/json; charset=utf-8
host: localhost:52206
accept: */*

Response DefaultHttpResponse(decodeResult: success, version: HTTP/1.1)
HTTP/1.1 200 OK
Content-Type: application/json; charset=utf-8
cache-control: no-cache
content-length: 88

16:57:53.352 [AsyncHttpClient-1-9] DEBUG org.asynchttpclient.netty.channel.ChannelManager - Adding key: http://localhost:52206 for channel [id: 0xfb6af8c9, L:/127.0.0.1:4521 - R:localhost/127.0.0.1:52206]
16:57:53.354 [Forwarding getElementTagName on session 8348d16ae234e0a6f4a4d389a2117223 to remote] DEBUG org.asynchttpclient.netty.request.NettyRequestSender - Using pooled Channel '[id: 0xfb6af8c9, L:/127.0.0.1:4521 - R:localhost/127.0.0.1:52206]' for 'GET' to 'http://localhost:52206/session/8348d16ae234e0a6f4a4d389a2117223/element/b004ffea-e41a-40eb-9370-c48eab9834cb/name'
16:57:53.354 [Forwarding getElementTagName on session 8348d16ae234e0a6f4a4d389a2117223 to remote] DEBUG org.asynchttpclient.netty.request.NettyRequestSender - Using open Channel [id: 0xfb6af8c9, L:/127.0.0.1:4521 - R:localhost/127.0.0.1:52206] for GET '/session/8348d16ae234e0a6f4a4d389a2117223/element/b004ffea-e41a-40eb-9370-c48eab9834cb/name'
16:57:53.367 [AsyncHttpClient-1-9] DEBUG org.asynchttpclient.netty.handler.HttpHandler - 

Request DefaultFullHttpRequest(decodeResult: success, version: HTTP/1.1, content: EmptyByteBufBE)
GET /session/8348d16ae234e0a6f4a4d389a2117223/element/b004ffea-e41a-40eb-9370-c48eab9834cb/name HTTP/1.1
User-Agent: selenium/4.1.2 (java windows)
Cache-Control: no-cache
Content-Type: application/json; charset=utf-8
host: localhost:52206
accept: */*

Response DefaultHttpResponse(decodeResult: success, version: HTTP/1.1)
HTTP/1.1 200 OK
Content-Type: application/json; charset=utf-8
cache-control: no-cache
content-length: 16

16:57:53.367 [AsyncHttpClient-1-9] DEBUG org.asynchttpclient.netty.channel.ChannelManager - Adding key: http://localhost:52206 for channel [id: 0xfb6af8c9, L:/127.0.0.1:4521 - R:localhost/127.0.0.1:52206]
16:57:53.369 [Forwarding getElementTagName on session 8348d16ae234e0a6f4a4d389a2117223 to remote] DEBUG org.asynchttpclient.netty.request.NettyRequestSender - Using pooled Channel '[id: 0xfb6af8c9, L:/127.0.0.1:4521 - R:localhost/127.0.0.1:52206]' for 'GET' to 'http://localhost:52206/session/8348d16ae234e0a6f4a4d389a2117223/element/b004ffea-e41a-40eb-9370-c48eab9834cb/name'
16:57:53.369 [Forwarding getElementTagName on session 8348d16ae234e0a6f4a4d389a2117223 to remote] DEBUG org.asynchttpclient.netty.request.NettyRequestSender - Using open Channel [id: 0xfb6af8c9, L:/127.0.0.1:4521 - R:localhost/127.0.0.1:52206] for GET '/session/8348d16ae234e0a6f4a4d389a2117223/element/b004ffea-e41a-40eb-9370-c48eab9834cb/name'
16:57:53.375 [AsyncHttpClient-1-9] DEBUG org.asynchttpclient.netty.handler.HttpHandler - 

Request DefaultFullHttpRequest(decodeResult: success, version: HTTP/1.1, content: EmptyByteBufBE)
GET /session/8348d16ae234e0a6f4a4d389a2117223/element/b004ffea-e41a-40eb-9370-c48eab9834cb/name HTTP/1.1
User-Agent: selenium/4.1.2 (java windows)
Cache-Control: no-cache
Content-Type: application/json; charset=utf-8
host: localhost:52206
accept: */*

Response DefaultHttpResponse(decodeResult: success, version: HTTP/1.1)
HTTP/1.1 200 OK
Content-Type: application/json; charset=utf-8
cache-control: no-cache
content-length: 16

16:57:53.375 [AsyncHttpClient-1-9] DEBUG org.asynchttpclient.netty.channel.ChannelManager - Adding key: http://localhost:52206 for channel [id: 0xfb6af8c9, L:/127.0.0.1:4521 - R:localhost/127.0.0.1:52206]
16:57:53.384 [Forwarding findElement on session 8348d16ae234e0a6f4a4d389a2117223 to remote] DEBUG org.asynchttpclient.netty.request.NettyRequestSender - Using pooled Channel '[id: 0xfb6af8c9, L:/127.0.0.1:4521 - R:localhost/127.0.0.1:52206]' for 'POST' to 'http://localhost:52206/session/8348d16ae234e0a6f4a4d389a2117223/element'
16:57:53.385 [Forwarding findElement on session 8348d16ae234e0a6f4a4d389a2117223 to remote] DEBUG org.asynchttpclient.netty.request.NettyRequestSender - Using open Channel [id: 0xfb6af8c9, L:/127.0.0.1:4521 - R:localhost/127.0.0.1:52206] for POST '/session/8348d16ae234e0a6f4a4d389a2117223/element'
16:57:53.397 [AsyncHttpClient-1-9] DEBUG org.asynchttpclient.netty.handler.HttpHandler - 

Request DefaultHttpRequest(decodeResult: success, version: HTTP/1.1)
POST /session/8348d16ae234e0a6f4a4d389a2117223/element HTTP/1.1
User-Agent: selenium/4.1.2 (java windows)
Content-Length: 97
Content-Type: application/json; charset=utf-8
host: localhost:52206
accept: */*

Response DefaultHttpResponse(decodeResult: success, version: HTTP/1.1)
HTTP/1.1 200 OK
Content-Type: application/json; charset=utf-8
cache-control: no-cache
content-length: 88

16:57:53.397 [AsyncHttpClient-1-9] DEBUG org.asynchttpclient.netty.channel.ChannelManager - Adding key: http://localhost:52206 for channel [id: 0xfb6af8c9, L:/127.0.0.1:4521 - R:localhost/127.0.0.1:52206]
16:57:53.431 [Forwarding clickElement on session 8348d16ae234e0a6f4a4d389a2117223 to remote] DEBUG org.asynchttpclient.netty.request.NettyRequestSender - Using pooled Channel '[id: 0xfb6af8c9, L:/127.0.0.1:4521 - R:localhost/127.0.0.1:52206]' for 'POST' to 'http://localhost:52206/session/8348d16ae234e0a6f4a4d389a2117223/element/b004ffea-e41a-40eb-9370-c48eab9834cb/click'
16:57:53.431 [Forwarding clickElement on session 8348d16ae234e0a6f4a4d389a2117223 to remote] DEBUG org.asynchttpclient.netty.request.NettyRequestSender - Using open Channel [id: 0xfb6af8c9, L:/127.0.0.1:4521 - R:localhost/127.0.0.1:52206] for POST '/session/8348d16ae234e0a6f4a4d389a2117223/element/b004ffea-e41a-40eb-9370-c48eab9834cb/click'
16:57:53.622 [AsyncHttpClient-1-1] DEBUG org.asynchttpclient.netty.channel.DefaultChannelPool - Entry count for : http://localhost:4526 : 1
16:57:54.717 [AsyncHttpClient-1-1] DEBUG org.asynchttpclient.netty.channel.DefaultChannelPool - Entry count for : http://localhost:4526 : 1
16:57:55.814 [AsyncHttpClient-1-1] DEBUG org.asynchttpclient.netty.channel.DefaultChannelPool - Entry count for : http://localhost:4526 : 1
16:57:56.917 [AsyncHttpClient-1-1] DEBUG org.asynchttpclient.netty.channel.DefaultChannelPool - Entry count for : http://localhost:4526 : 1
16:57:58.015 [AsyncHttpClient-1-1] DEBUG org.asynchttpclient.netty.channel.DefaultChannelPool - Entry count for : http://localhost:4526 : 1
16:57:59.113 [AsyncHttpClient-1-1] DEBUG org.asynchttpclient.netty.channel.DefaultChannelPool - Entry count for : http://localhost:4526 : 1
16:58:00.217 [AsyncHttpClient-1-1] DEBUG org.asynchttpclient.netty.channel.DefaultChannelPool - Entry count for : http://localhost:4526 : 1
16:58:01.320 [AsyncHttpClient-1-1] DEBUG org.asynchttpclient.netty.channel.DefaultChannelPool - Entry count for : http://localhost:4526 : 1
16:58:01.370 [AsyncHttpClient-1-9] DEBUG org.asynchttpclient.netty.handler.HttpHandler - 

Request DefaultHttpRequest(decodeResult: success, version: HTTP/1.1)
POST /session/8348d16ae234e0a6f4a4d389a2117223/element/b004ffea-e41a-40eb-9370-c48eab9834cb/click HTTP/1.1
User-Agent: selenium/4.1.2 (java windows)
Content-Length: 50
Content-Type: application/json; charset=utf-8
host: localhost:52206
accept: */*

Response DefaultHttpResponse(decodeResult: success, version: HTTP/1.1)
HTTP/1.1 200 OK
Content-Type: application/json; charset=utf-8
cache-control: no-cache
content-length: 14

16:58:01.371 [AsyncHttpClient-1-9] DEBUG org.asynchttpclient.netty.channel.ChannelManager - Adding key: http://localhost:52206 for channel [id: 0xfb6af8c9, L:/127.0.0.1:4521 - R:localhost/127.0.0.1:52206]
  &amp#27;[32mWhen &amp#27;[0m&amp#27;[32mI click Programming JavaScript Applications&amp#27;[0m                    &amp#27;[90m# starter.stepdefinitions.CollectionStep.iClickProgrammingJavaScriptApplications()&amp#27;[0m
16:58:01.392 [Forwarding screenshot on session 8348d16ae234e0a6f4a4d389a2117223 to remote] DEBUG org.asynchttpclient.netty.request.NettyRequestSender - Using pooled Channel '[id: 0xfb6af8c9, L:/127.0.0.1:4521 - R:localhost/127.0.0.1:52206]' for 'GET' to 'http://localhost:52206/session/8348d16ae234e0a6f4a4d389a2117223/screenshot'
16:58:01.392 [Forwarding screenshot on session 8348d16ae234e0a6f4a4d389a2117223 to remote] DEBUG org.asynchttpclient.netty.request.NettyRequestSender - Using open Channel [id: 0xfb6af8c9, L:/127.0.0.1:4521 - R:localhost/127.0.0.1:52206] for GET '/session/8348d16ae234e0a6f4a4d389a2117223/screenshot'
16:58:01.806 [AsyncHttpClient-1-9] DEBUG org.asynchttpclient.netty.handler.HttpHandler - 

Request DefaultFullHttpRequest(decodeResult: success, version: HTTP/1.1, content: EmptyByteBufBE)
GET /session/8348d16ae234e0a6f4a4d389a2117223/screenshot HTTP/1.1
User-Agent: selenium/4.1.2 (java windows)
Cache-Control: no-cache
Content-Type: application/json; charset=utf-8
host: localhost:52206
accept: */*

Response DefaultHttpResponse(decodeResult: success, version: HTTP/1.1)
HTTP/1.1 200 OK
Content-Type: application/json; charset=utf-8
cache-control: no-cache
content-length: 304484

16:58:01.808 [AsyncHttpClient-1-9] DEBUG org.asynchttpclient.netty.channel.ChannelManager - Adding key: http://localhost:52206 for channel [id: 0xfb6af8c9, L:/127.0.0.1:4521 - R:localhost/127.0.0.1:52206]
16:58:01.829 [main] DEBUG net.serenitybdd.core.photography.Darkroom - Send negative for processing for target\site\serenity\548e492a55bf28336bc26405272e8b59a3203a46ac8447ad41b5f0dea2a856a3.png
16:58:01.830 [Darkroom Processing Line] DEBUG net.serenitybdd.core.photography.DarkroomProcessingLine - Processing screenshot image in /var/screenshots/screenshot-2684947770476435244
16:58:01.830 [Darkroom Processing Line] DEBUG net.serenitybdd.core.photography.DarkroomProcessingLine - Saving screenshot to target\site\serenity\548e492a55bf28336bc26405272e8b59a3203a46ac8447ad41b5f0dea2a856a3.png
16:58:01.842 [Forwarding findElement on session 8348d16ae234e0a6f4a4d389a2117223 to remote] DEBUG org.asynchttpclient.netty.request.NettyRequestSender - Using pooled Channel '[id: 0xfb6af8c9, L:/127.0.0.1:4521 - R:localhost/127.0.0.1:52206]' for 'POST' to 'http://localhost:52206/session/8348d16ae234e0a6f4a4d389a2117223/element'
16:58:01.842 [Forwarding findElement on session 8348d16ae234e0a6f4a4d389a2117223 to remote] DEBUG org.asynchttpclient.netty.request.NettyRequestSender - Using open Channel [id: 0xfb6af8c9, L:/127.0.0.1:4521 - R:localhost/127.0.0.1:52206] for POST '/session/8348d16ae234e0a6f4a4d389a2117223/element'
16:58:01.869 [AsyncHttpClient-1-9] DEBUG org.asynchttpclient.netty.handler.HttpHandler - 

Request DefaultHttpRequest(decodeResult: success, version: HTTP/1.1)
POST /session/8348d16ae234e0a6f4a4d389a2117223/element HTTP/1.1
User-Agent: selenium/4.1.2 (java windows)
Content-Length: 78
Content-Type: application/json; charset=utf-8
host: localhost:52206
accept: */*

Response DefaultHttpResponse(decodeResult: success, version: HTTP/1.1)
HTTP/1.1 200 OK
Content-Type: application/json; charset=utf-8
cache-control: no-cache
content-length: 88

16:58:01.870 [AsyncHttpClient-1-9] DEBUG org.asynchttpclient.netty.channel.ChannelManager - Adding key: http://localhost:52206 for channel [id: 0xfb6af8c9, L:/127.0.0.1:4521 - R:localhost/127.0.0.1:52206]
16:58:01.877 [Forwarding isElementDisplayed on session 8348d16ae234e0a6f4a4d389a2117223 to remote] DEBUG org.asynchttpclient.netty.request.NettyRequestSender - Using pooled Channel '[id: 0xfb6af8c9, L:/127.0.0.1:4521 - R:localhost/127.0.0.1:52206]' for 'POST' to 'http://localhost:52206/session/8348d16ae234e0a6f4a4d389a2117223/execute/sync'
16:58:01.877 [Forwarding isElementDisplayed on session 8348d16ae234e0a6f4a4d389a2117223 to remote] DEBUG org.asynchttpclient.netty.request.NettyRequestSender - Using open Channel [id: 0xfb6af8c9, L:/127.0.0.1:4521 - R:localhost/127.0.0.1:52206] for POST '/session/8348d16ae234e0a6f4a4d389a2117223/execute/sync'
16:58:01.904 [AsyncHttpClient-1-9] DEBUG org.asynchttpclient.netty.handler.HttpHandler - 

Request DefaultHttpRequest(decodeResult: success, version: HTTP/1.1)
POST /session/8348d16ae234e0a6f4a4d389a2117223/execute/sync HTTP/1.1
User-Agent: selenium/4.1.2 (java windows)
Content-Length: 48780
Content-Type: application/json; charset=utf-8
host: localhost:52206
accept: */*

Response DefaultHttpResponse(decodeResult: success, version: HTTP/1.1)
HTTP/1.1 200 OK
Content-Type: application/json; charset=utf-8
cache-control: no-cache
content-length: 14

16:58:01.905 [AsyncHttpClient-1-9] DEBUG org.asynchttpclient.netty.channel.ChannelManager - Adding key: http://localhost:52206 for channel [id: 0xfb6af8c9, L:/127.0.0.1:4521 - R:localhost/127.0.0.1:52206]
  &amp#27;[32mThen &amp#27;[0m&amp#27;[32mI will get information&amp#27;[0m                                         &amp#27;[90m# starter.stepdefinitions.CollectionStep.iWillGetPageMessage()&amp#27;[0m
16:58:01.915 [Forwarding screenshot on session 8348d16ae234e0a6f4a4d389a2117223 to remote] DEBUG org.asynchttpclient.netty.request.NettyRequestSender - Using pooled Channel '[id: 0xfb6af8c9, L:/127.0.0.1:4521 - R:localhost/127.0.0.1:52206]' for 'GET' to 'http://localhost:52206/session/8348d16ae234e0a6f4a4d389a2117223/screenshot'
16:58:01.915 [Forwarding screenshot on session 8348d16ae234e0a6f4a4d389a2117223 to remote] DEBUG org.asynchttpclient.netty.request.NettyRequestSender - Using open Channel [id: 0xfb6af8c9, L:/127.0.0.1:4521 - R:localhost/127.0.0.1:52206] for GET '/session/8348d16ae234e0a6f4a4d389a2117223/screenshot'
16:58:02.084 [AsyncHttpClient-1-9] DEBUG org.asynchttpclient.netty.handler.HttpHandler - 

Request DefaultFullHttpRequest(decodeResult: success, version: HTTP/1.1, content: EmptyByteBufBE)
GET /session/8348d16ae234e0a6f4a4d389a2117223/screenshot HTTP/1.1
User-Agent: selenium/4.1.2 (java windows)
Cache-Control: no-cache
Content-Type: application/json; charset=utf-8
host: localhost:52206
accept: */*

Response DefaultHttpResponse(decodeResult: success, version: HTTP/1.1)
HTTP/1.1 200 OK
Content-Type: application/json; charset=utf-8
cache-control: no-cache
content-length: 304484

16:58:02.089 [AsyncHttpClient-1-9] DEBUG org.asynchttpclient.netty.channel.ChannelManager - Adding key: http://localhost:52206 for channel [id: 0xfb6af8c9, L:/127.0.0.1:4521 - R:localhost/127.0.0.1:52206]
16:58:02.105 [main] DEBUG net.serenitybdd.core.photography.Darkroom - Send negative for processing for target\site\serenity\548e492a55bf28336bc26405272e8b59a3203a46ac8447ad41b5f0dea2a856a3.png
16:58:02.107 [main] INFO  - 
  _____   ___   ___   _____     ___     _     ___   ___   ___   ___  
 |_   _| | __| / __| |_   _|   | _ \   /_\   / __| / __| | __| |   \ 
   | |   | _|  \__ \   | |     |  _/  / _ \  \__ \ \__ \ | _|  | |) |
   |_|   |___| |___/   |_|     |_|   /_/ \_\ |___/ |___/ |___| |___/ 

See Information of Programming JavaScript Applications Book
----------------------------------------------------------------------
16:58:02.109 [AsyncHttpClient-1-3] DEBUG org.asynchttpclient.netty.handler.WebSocketHandler - Channel Closed: [id: 0x9dfe5ecc, L:/127.0.0.1:4533 ! R:localhost/127.0.0.1:4526] with attribute NettyResponseFuture{currentRetry=5,
	isDone=1,
	isCancelled=0,
	asyncHandler=org.asynchttpclient.ws.WebSocketUpgradeHandler@3b49dfc7,
	nettyRequest=org.asynchttpclient.netty.request.NettyRequest@4df59f51,
	future=java.util.concurrent.CompletableFuture@25725282[Completed normally],
	uri=ws://localhost:4526/devtools/browser/8e8c544c-433b-4a1c-bb56-b39cb7f16487,
	keepAlive=true,
	redirectCount=0,
	timeoutsHolder=null,
	inAuth=0,
	touch=1664963843032}
16:58:02.109 [AsyncHttpClient-1-3] DEBUG org.asynchttpclient.netty.channel.ChannelManager - Closing Channel [id: 0x9dfe5ecc, L:/127.0.0.1:4533 ! R:localhost/127.0.0.1:4526] 
16:58:02.111 [Driver Command Executor] DEBUG org.asynchttpclient.netty.request.NettyRequestSender - Using pooled Channel '[id: 0xfb6af8c9, L:/127.0.0.1:4521 - R:localhost/127.0.0.1:52206]' for 'DELETE' to 'http://localhost:52206/session/8348d16ae234e0a6f4a4d389a2117223'
16:58:02.111 [Driver Command Executor] DEBUG org.asynchttpclient.netty.request.NettyRequestSender - Using open Channel [id: 0xfb6af8c9, L:/127.0.0.1:4521 - R:localhost/127.0.0.1:52206] for DELETE '/session/8348d16ae234e0a6f4a4d389a2117223'
16:58:02.247 [AsyncHttpClient-1-2] DEBUG org.asynchttpclient.netty.handler.HttpHandler - Unexpected I/O exception on channel [id: 0x8fe16c8b, L:/127.0.0.1:4532 - R:localhost/127.0.0.1:4526]
java.io.IOException: An existing connection was forcibly closed by the remote host
	at java.base/sun.nio.ch.SocketDispatcher.read0(Native Method)
	at java.base/sun.nio.ch.SocketDispatcher.read(SocketDispatcher.java:43)
	at java.base/sun.nio.ch.IOUtil.readIntoNativeBuffer(IOUtil.java:276)
	at java.base/sun.nio.ch.IOUtil.read(IOUtil.java:233)
	at java.base/sun.nio.ch.IOUtil.read(IOUtil.java:223)
	at java.base/sun.nio.ch.SocketChannelImpl.read(SocketChannelImpl.java:358)
	at io.netty.buffer.PooledByteBuf.setBytes(PooledByteBuf.java:258)
	at io.netty.buffer.AbstractByteBuf.writeBytes(AbstractByteBuf.java:1132)
	at io.netty.channel.socket.nio.NioSocketChannel.doReadBytes(NioSocketChannel.java:350)
	at io.netty.channel.nio.AbstractNioByteChannel$NioByteUnsafe.read(AbstractNioByteChannel.java:151)
	at io.netty.channel.nio.NioEventLoop.processSelectedKey(NioEventLoop.java:722)
	at io.netty.channel.nio.NioEventLoop.processSelectedKeysOptimized(NioEventLoop.java:658)
	at io.netty.channel.nio.NioEventLoop.processSelectedKeys(NioEventLoop.java:584)
	at io.netty.channel.nio.NioEventLoop.run(NioEventLoop.java:496)
	at io.netty.util.concurrent.SingleThreadEventExecutor$4.run(SingleThreadEventExecutor.java:986)
	at io.netty.util.internal.ThreadExecutorMap$2.run(ThreadExecutorMap.java:74)
	at io.netty.util.concurrent.FastThreadLocalRunnable.run(FastThreadLocalRunnable.java:30)
	at java.base/java.lang.Thread.run(Thread.java:834)
16:58:02.247 [AsyncHttpClient-1-2] DEBUG org.asynchttpclient.netty.channel.ChannelManager - Closing Channel [id: 0x8fe16c8b, L:/127.0.0.1:4532 - R:localhost/127.0.0.1:4526] 
16:58:02.248 [AsyncHttpClient-1-2] DEBUG org.asynchttpclient.netty.handler.HttpHandler - Channel Closed: [id: 0x8fe16c8b, L:/127.0.0.1:4532 ! R:localhost/127.0.0.1:4526] with attribute DISCARD
16:58:02.281 [AsyncHttpClient-1-9] DEBUG org.asynchttpclient.netty.handler.HttpHandler - 

Request DefaultFullHttpRequest(decodeResult: success, version: HTTP/1.1, content: EmptyByteBufBE)
DELETE /session/8348d16ae234e0a6f4a4d389a2117223 HTTP/1.1
User-Agent: selenium/4.1.2 (java windows)
Content-Type: application/json; charset=utf-8
host: localhost:52206
accept: */*

Response DefaultHttpResponse(decodeResult: success, version: HTTP/1.1)
HTTP/1.1 200 OK
Content-Type: application/json; charset=utf-8
cache-control: no-cache
content-length: 14

16:58:02.281 [AsyncHttpClient-1-9] DEBUG org.asynchttpclient.netty.channel.ChannelManager - Adding key: http://localhost:52206 for channel [id: 0xfb6af8c9, L:/127.0.0.1:4521 - R:localhost/127.0.0.1:52206]
16:58:02.417 [AsyncHttpClient-1-1] DEBUG org.asynchttpclient.netty.channel.DefaultChannelPool - Entry count for : http://localhost:4526 : 1
16:58:02.417 [AsyncHttpClient-1-1] DEBUG org.asynchttpclient.netty.channel.DefaultChannelPool - Entry count for : http://localhost:52206 : 1
16:58:02.417 [AsyncHttpClient-1-1] DEBUG org.asynchttpclient.netty.channel.DefaultChannelPool - Adding Candidate expired Channel [id: 0x8fe16c8b, L:/127.0.0.1:4532 ! R:localhost/127.0.0.1:4526] isIdleTimeoutExpired=false isRemotelyClosed=true isTtlExpired=false
16:58:02.417 [AsyncHttpClient-1-1] DEBUG org.asynchttpclient.netty.channel.DefaultChannelPool - Closing Idle Channel [id: 0x8fe16c8b, L:/127.0.0.1:4532 ! R:localhost/127.0.0.1:4526]
16:58:02.417 [AsyncHttpClient-1-1] DEBUG org.asynchttpclient.netty.channel.DefaultChannelPool - Closed 1 connections out of 2 in 0 ms
16:58:02.424 [AsyncHttpClient-1-9] DEBUG org.asynchttpclient.netty.handler.HttpHandler - Channel Closed: [id: 0xfb6af8c9, L:/127.0.0.1:4521 ! R:localhost/127.0.0.1:52206] with attribute DISCARD
]]></system-out>
    <system-err><![CDATA[Starting Microsoft Edge WebDriver 105.0.1343.53 (3a47f00402d579c8ba1fad7e143f9d73831b6765) on port 52206
To submit feedback, report a bug, or suggest new features, please visit https://github.com/MicrosoftEdge/EdgeWebDriver

Only local connections are allowed.
Please see https://aka.ms/WebDriverSecurity for suggestions on keeping Microsoft Edge WebDriver safe.

Microsoft Edge WebDriver was started successfully.
Oct 05, 2022 4:57:22 PM org.openqa.selenium.remote.ProtocolHandshake createSession
INFO: Detected dialect: W3C
Oct 05, 2022 4:57:23 PM org.openqa.selenium.devtools.CdpVersionFinder findNearestMatch
WARNING: Unable to find an exact match for CDP version 105, so returning the closest version found: a no-op implementation
Oct 05, 2022 4:57:23 PM org.openqa.selenium.devtools.CdpVersionFinder findNearestMatch
INFO: Unable to find CDP implementation matching 105.
Oct 05, 2022 4:57:23 PM org.openqa.selenium.chromium.ChromiumDriver lambda$new$3
WARNING: Unable to find version of CDP to use for . You may need to include a dependency on a specific version of the CDP using something similar to `org.seleniumhq.selenium:selenium-devtools-v86:4.1.2` where the version ("v86") matches the version of the chromium-based browser you're using and the version number of the artifact is the same as Selenium's.
]]></system-err>
  </testcase>
  <testcase name="See Information of Eloquent JavaScript, Second Edition Book" classname="See Information" time="76.267">
    <error type="org.openqa.selenium.NoSuchElementException"><![CDATA[org.openqa.selenium.NoSuchElementException: 
no such element: Unable to locate element: {"method":"xpath","selector":"//div[@class='profile-wrapper']"}
  (Session info: MicrosoftEdge=105.0.1343.53)
For documentation on this error, please visit: https://selenium.dev/exceptions/#no_such_element
Build info: version: '4.1.2', revision: '9a5a329c5a'
System info: host: 'DESKTOP-2F464B0', ip: '192.168.21.123', os.name: 'Windows 10', os.arch: 'amd64', os.version: '10.0', java.version: '11.0.16'
Driver info: org.openqa.selenium.edge.EdgeDriver
Command: [09d552e54bb7bd8a03c26251f9f42cb4, findElement {using=xpath, value=//div[@class='profile-wrapper']}]
Capabilities {acceptInsecureCerts: false, browserName: msedge, browserVersion: 105.0.1343.53, javascriptEnabled: true, ms:edgeOptions: {debuggerAddress: localhost:4673}, msedge: {msedgedriverVersion: 105.0.1343.53 (3a47f00402d5..., userDataDir: C:\Users\Bayu\AppData\Local...}, networkConnectionEnabled: false, pageLoadStrategy: normal, platform: WINDOWS, platformName: WINDOWS, proxy: Proxy(), se:cdp: ws://localhost:4673/devtool..., se:cdpVersion: 105.0.1343.53, setWindowRect: true, strictFileInteractability: false, timeouts: {implicit: 0, pageLoad: 300000, script: 30000}, unhandledPromptBehavior: dismiss and notify, webauthn:extension:credBlob: true, webauthn:extension:largeBlob: true, webauthn:virtualAuthenticators: true}
Session ID: 09d552e54bb7bd8a03c26251f9f42cb4
]]></error>
    <system-out><![CDATA[
Scenario: See Information of Eloquent JavaScript, Second Edition Book &amp#27;[90m# src/test/resources/features/CartToCollection.feature:36&amp#27;[0m
16:58:02.534 [main] INFO io.cucumber.core.plugin.SerenityReporter - Running feature from file:///D:/File%20Baru/Kuliah/Quality%20Engineer/qe_Bayu-Septyan-Nur-Hidayat/21_Review_Web_UI_Testing_with_Serenity/Praktikum/untitled/src/test/resources/features/CartToCollection.feature
16:58:02.539 [main] INFO  - 
  _____   ___   ___   _____     ___   _____     _     ___   _____   ___   ___  
 |_   _| | __| / __| |_   _|   / __| |_   _|   /_\   | _ \ |_   _| | __| |   \ 
   | |   | _|  \__ \   | |     \__ \   | |    / _ \  |   /   | |   | _|  | |) |
   |_|   |___| |___/   |_|     |___/   |_|   /_/ \_\ |_|_\   |_|   |___| |___/ 

See Information of Eloquent JavaScript, Second Edition Book(see-information;see-information-of-eloquent-javascript--second-edition-book)
--------------------------------------------------------------------------------
16:58:03.365 [main] DEBUG io.github.bonigarcia.wdm.cache.ResolutionCache - Resolution edge=105 in cache (valid until 17:51:16 05/10/2022 ICT)
16:58:03.402 [main] DEBUG io.github.bonigarcia.wdm.cache.ResolutionCache - Resolution edge105=105.0.1343.53 in cache (valid until 15:48:55 06/10/2022 ICT)
16:58:03.406 [main] INFO io.github.bonigarcia.wdm.WebDriverManager - Using msedgedriver 105.0.1343.53 (resolved driver for Edge 105)
16:58:03.455 [main] DEBUG io.github.bonigarcia.wdm.WebDriverManager - Driver msedgedriver 105.0.1343.53 found in cache
16:58:03.456 [main] INFO io.github.bonigarcia.wdm.WebDriverManager - Exporting webdriver.edge.driver as C:\Users\Bayu\.cache\selenium\msedgedriver\win64\105.0.1343.53\msedgedriver.exe
16:58:03.461 [main] DEBUG net.serenitybdd.core.webdriver.driverproviders.ProvideNewDriver - Instantiating driver
16:58:03.461 [main] DEBUG net.serenitybdd.core.webdriver.driverproviders.ProvideNewDriver - Driver capabilities: Capabilities {base.url: https://demoqa.com, driver: edge, edge.driver: src/test/resources/webdrive..., ms:edgeChromium: true, ms:edgeOptions: {}}
16:58:03.517 [AsyncHttpClient-1-1] DEBUG org.asynchttpclient.netty.channel.DefaultChannelPool - Entry count for : http://localhost:52206 : 1
16:58:03.517 [AsyncHttpClient-1-1] DEBUG org.asynchttpclient.netty.channel.DefaultChannelPool - Adding Candidate expired Channel [id: 0xfb6af8c9, L:/127.0.0.1:4521 ! R:localhost/127.0.0.1:52206] isIdleTimeoutExpired=false isRemotelyClosed=true isTtlExpired=false
16:58:03.517 [AsyncHttpClient-1-1] DEBUG org.asynchttpclient.netty.channel.DefaultChannelPool - Closing Idle Channel [id: 0xfb6af8c9, L:/127.0.0.1:4521 ! R:localhost/127.0.0.1:52206]
16:58:03.517 [AsyncHttpClient-1-1] DEBUG org.asynchttpclient.netty.channel.DefaultChannelPool - Closed 1 connections out of 1 in 0 ms
16:58:04.230 [AsyncHttpClient-1-4] DEBUG org.asynchttpclient.netty.channel.NettyConnectListener - Using new Channel '[id: 0xcdf1ec09, L:/127.0.0.1:4669 - R:localhost/127.0.0.1:57296]' for 'POST' to '/session'
16:58:05.824 [AsyncHttpClient-1-4] DEBUG org.asynchttpclient.netty.handler.HttpHandler - 

Request DefaultHttpRequest(decodeResult: success, version: HTTP/1.1)
POST /session HTTP/1.1
User-Agent: selenium/4.1.2 (java windows)
Content-Length: 591
Content-Type: application/json; charset=utf-8
host: localhost:57296
accept: */*

Response DefaultHttpResponse(decodeResult: success, version: HTTP/1.1)
HTTP/1.1 200 OK
Content-Type: application/json; charset=utf-8
cache-control: no-cache
content-length: 752

16:58:05.824 [AsyncHttpClient-1-4] DEBUG org.asynchttpclient.netty.channel.ChannelManager - Adding key: http://localhost:57296 for channel [id: 0xcdf1ec09, L:/127.0.0.1:4669 - R:localhost/127.0.0.1:57296]
16:58:05.841 [AsyncHttpClient-1-5] DEBUG org.asynchttpclient.netty.channel.NettyConnectListener - Using new Channel '[id: 0x804ede39, L:/127.0.0.1:4680 - R:localhost/127.0.0.1:4673]' for 'GET' to '/json/version'
16:58:05.842 [AsyncHttpClient-1-5] DEBUG org.asynchttpclient.netty.handler.HttpHandler - 

Request DefaultFullHttpRequest(decodeResult: success, version: HTTP/1.1, content: EmptyByteBufBE)
GET /json/version HTTP/1.1
User-Agent: selenium/4.1.2 (java windows)
host: localhost:4673
accept: */*

Response DefaultHttpResponse(decodeResult: success, version: HTTP/1.1)
HTTP/1.1 200 OK
Content-Type: application/json; charset=UTF-8
content-length: 435

16:58:05.843 [AsyncHttpClient-1-5] DEBUG org.asynchttpclient.netty.channel.ChannelManager - Adding key: http://localhost:4673 for channel [id: 0x804ede39, L:/127.0.0.1:4680 - R:localhost/127.0.0.1:4673]
16:58:05.850 [AsyncHttpClient-1-6] DEBUG org.asynchttpclient.netty.channel.NettyConnectListener - Using new Channel '[id: 0x99143eae, L:/127.0.0.1:4681 - R:localhost/127.0.0.1:4673]' for 'GET' to '/devtools/browser/fb9a37ed-f32b-4cc0-8ba8-ef39b32515b0'
16:58:05.853 [AsyncHttpClient-1-6] DEBUG org.asynchttpclient.netty.handler.WebSocketHandler - 

Request DefaultFullHttpRequest(decodeResult: success, version: HTTP/1.1, content: EmptyByteBufBE)
GET /devtools/browser/fb9a37ed-f32b-4cc0-8ba8-ef39b32515b0 HTTP/1.1
upgrade: websocket
connection: upgrade
sec-websocket-key: XCzjTI2U6W4QjY+HzeWvEQ==
sec-websocket-version: 13
origin: http://localhost:4673
host: localhost:4673
accept: */*
user-agent: AHC/2.1

Response DefaultHttpResponse(decodeResult: success, version: HTTP/1.1)
HTTP/1.1 101 WebSocket Protocol Handshake
Upgrade: WebSocket
Connection: Upgrade
Sec-WebSocket-Accept: VwlX8luDNqsWeBEUmMorslYLT0M=

16:58:05.866 [Forwarding get on session 09d552e54bb7bd8a03c26251f9f42cb4 to remote] DEBUG org.asynchttpclient.netty.request.NettyRequestSender - Using pooled Channel '[id: 0xcdf1ec09, L:/127.0.0.1:4669 - R:localhost/127.0.0.1:57296]' for 'POST' to 'http://localhost:57296/session/09d552e54bb7bd8a03c26251f9f42cb4/url'
16:58:05.866 [Forwarding get on session 09d552e54bb7bd8a03c26251f9f42cb4 to remote] DEBUG org.asynchttpclient.netty.request.NettyRequestSender - Using open Channel [id: 0xcdf1ec09, L:/127.0.0.1:4669 - R:localhost/127.0.0.1:57296] for POST '/session/09d552e54bb7bd8a03c26251f9f42cb4/url'
16:58:06.817 [AsyncHttpClient-1-1] DEBUG org.asynchttpclient.netty.channel.DefaultChannelPool - Entry count for : http://localhost:4673 : 1
16:58:07.923 [AsyncHttpClient-1-1] DEBUG org.asynchttpclient.netty.channel.DefaultChannelPool - Entry count for : http://localhost:4673 : 1
16:58:09.014 [AsyncHttpClient-1-1] DEBUG org.asynchttpclient.netty.channel.DefaultChannelPool - Entry count for : http://localhost:4673 : 1
16:58:10.114 [AsyncHttpClient-1-1] DEBUG org.asynchttpclient.netty.channel.DefaultChannelPool - Entry count for : http://localhost:4673 : 1
16:58:11.215 [AsyncHttpClient-1-1] DEBUG org.asynchttpclient.netty.channel.DefaultChannelPool - Entry count for : http://localhost:4673 : 1
16:58:12.322 [AsyncHttpClient-1-1] DEBUG org.asynchttpclient.netty.channel.DefaultChannelPool - Entry count for : http://localhost:4673 : 1
16:58:13.414 [AsyncHttpClient-1-1] DEBUG org.asynchttpclient.netty.channel.DefaultChannelPool - Entry count for : http://localhost:4673 : 1
16:58:14.514 [AsyncHttpClient-1-1] DEBUG org.asynchttpclient.netty.channel.DefaultChannelPool - Entry count for : http://localhost:4673 : 1
16:58:15.622 [AsyncHttpClient-1-1] DEBUG org.asynchttpclient.netty.channel.DefaultChannelPool - Entry count for : http://localhost:4673 : 1
16:58:16.714 [AsyncHttpClient-1-1] DEBUG org.asynchttpclient.netty.channel.DefaultChannelPool - Entry count for : http://localhost:4673 : 1
16:58:17.819 [AsyncHttpClient-1-1] DEBUG org.asynchttpclient.netty.channel.DefaultChannelPool - Entry count for : http://localhost:4673 : 1
16:58:18.913 [AsyncHttpClient-1-1] DEBUG org.asynchttpclient.netty.channel.DefaultChannelPool - Entry count for : http://localhost:4673 : 1
16:58:20.027 [AsyncHttpClient-1-1] DEBUG org.asynchttpclient.netty.channel.DefaultChannelPool - Entry count for : http://localhost:4673 : 1
16:58:21.113 [AsyncHttpClient-1-1] DEBUG org.asynchttpclient.netty.channel.DefaultChannelPool - Entry count for : http://localhost:4673 : 1
16:58:22.215 [AsyncHttpClient-1-1] DEBUG org.asynchttpclient.netty.channel.DefaultChannelPool - Entry count for : http://localhost:4673 : 1
16:58:23.314 [AsyncHttpClient-1-1] DEBUG org.asynchttpclient.netty.channel.DefaultChannelPool - Entry count for : http://localhost:4673 : 1
16:58:24.413 [AsyncHttpClient-1-1] DEBUG org.asynchttpclient.netty.channel.DefaultChannelPool - Entry count for : http://localhost:4673 : 1
16:58:25.516 [AsyncHttpClient-1-1] DEBUG org.asynchttpclient.netty.channel.DefaultChannelPool - Entry count for : http://localhost:4673 : 1
16:58:26.613 [AsyncHttpClient-1-1] DEBUG org.asynchttpclient.netty.channel.DefaultChannelPool - Entry count for : http://localhost:4673 : 1
16:58:27.717 [AsyncHttpClient-1-1] DEBUG org.asynchttpclient.netty.channel.DefaultChannelPool - Entry count for : http://localhost:4673 : 1
16:58:28.814 [AsyncHttpClient-1-1] DEBUG org.asynchttpclient.netty.channel.DefaultChannelPool - Entry count for : http://localhost:4673 : 1
16:58:29.915 [AsyncHttpClient-1-1] DEBUG org.asynchttpclient.netty.channel.DefaultChannelPool - Entry count for : http://localhost:4673 : 1
16:58:31.022 [AsyncHttpClient-1-1] DEBUG org.asynchttpclient.netty.channel.DefaultChannelPool - Entry count for : http://localhost:4673 : 1
16:58:32.119 [AsyncHttpClient-1-1] DEBUG org.asynchttpclient.netty.channel.DefaultChannelPool - Entry count for : http://localhost:4673 : 1
16:58:33.213 [AsyncHttpClient-1-1] DEBUG org.asynchttpclient.netty.channel.DefaultChannelPool - Entry count for : http://localhost:4673 : 1
16:58:34.317 [AsyncHttpClient-1-1] DEBUG org.asynchttpclient.netty.channel.DefaultChannelPool - Entry count for : http://localhost:4673 : 1
16:58:35.413 [AsyncHttpClient-1-1] DEBUG org.asynchttpclient.netty.channel.DefaultChannelPool - Entry count for : http://localhost:4673 : 1
16:58:36.521 [AsyncHttpClient-1-1] DEBUG org.asynchttpclient.netty.channel.DefaultChannelPool - Entry count for : http://localhost:4673 : 1
16:58:37.615 [AsyncHttpClient-1-1] DEBUG org.asynchttpclient.netty.channel.DefaultChannelPool - Entry count for : http://localhost:4673 : 1
16:58:38.714 [AsyncHttpClient-1-1] DEBUG org.asynchttpclient.netty.channel.DefaultChannelPool - Entry count for : http://localhost:4673 : 1
16:58:39.814 [AsyncHttpClient-1-1] DEBUG org.asynchttpclient.netty.channel.DefaultChannelPool - Entry count for : http://localhost:4673 : 1
16:58:40.922 [AsyncHttpClient-1-1] DEBUG org.asynchttpclient.netty.channel.DefaultChannelPool - Entry count for : http://localhost:4673 : 1
16:58:42.014 [AsyncHttpClient-1-1] DEBUG org.asynchttpclient.netty.channel.DefaultChannelPool - Entry count for : http://localhost:4673 : 1
16:58:43.124 [AsyncHttpClient-1-1] DEBUG org.asynchttpclient.netty.channel.DefaultChannelPool - Entry count for : http://localhost:4673 : 1
16:58:44.221 [AsyncHttpClient-1-1] DEBUG org.asynchttpclient.netty.channel.DefaultChannelPool - Entry count for : http://localhost:4673 : 1
16:58:45.315 [AsyncHttpClient-1-1] DEBUG org.asynchttpclient.netty.channel.DefaultChannelPool - Entry count for : http://localhost:4673 : 1
16:58:46.414 [AsyncHttpClient-1-1] DEBUG org.asynchttpclient.netty.channel.DefaultChannelPool - Entry count for : http://localhost:4673 : 1
16:58:47.465 [AsyncHttpClient-1-4] DEBUG org.asynchttpclient.netty.handler.HttpHandler - 

Request DefaultHttpRequest(decodeResult: success, version: HTTP/1.1)
POST /session/09d552e54bb7bd8a03c26251f9f42cb4/url HTTP/1.1
User-Agent: selenium/4.1.2 (java windows)
Content-Length: 54
Content-Type: application/json; charset=utf-8
host: localhost:57296
accept: */*

Response DefaultHttpResponse(decodeResult: success, version: HTTP/1.1)
HTTP/1.1 200 OK
Content-Type: application/json; charset=utf-8
cache-control: no-cache
content-length: 14

16:58:47.466 [AsyncHttpClient-1-4] DEBUG org.asynchttpclient.netty.channel.ChannelManager - Adding key: http://localhost:57296 for channel [id: 0xcdf1ec09, L:/127.0.0.1:4669 - R:localhost/127.0.0.1:57296]
16:58:47.470 [Forwarding setTimeout on session 09d552e54bb7bd8a03c26251f9f42cb4 to remote] DEBUG org.asynchttpclient.netty.request.NettyRequestSender - Using pooled Channel '[id: 0xcdf1ec09, L:/127.0.0.1:4669 - R:localhost/127.0.0.1:57296]' for 'POST' to 'http://localhost:57296/session/09d552e54bb7bd8a03c26251f9f42cb4/timeouts'
16:58:47.471 [Forwarding setTimeout on session 09d552e54bb7bd8a03c26251f9f42cb4 to remote] DEBUG org.asynchttpclient.netty.request.NettyRequestSender - Using open Channel [id: 0xcdf1ec09, L:/127.0.0.1:4669 - R:localhost/127.0.0.1:57296] for POST '/session/09d552e54bb7bd8a03c26251f9f42cb4/timeouts'
16:58:47.474 [AsyncHttpClient-1-4] DEBUG org.asynchttpclient.netty.handler.HttpHandler - 

Request DefaultHttpRequest(decodeResult: success, version: HTTP/1.1)
POST /session/09d552e54bb7bd8a03c26251f9f42cb4/timeouts HTTP/1.1
User-Agent: selenium/4.1.2 (java windows)
Content-Length: 22
Content-Type: application/json; charset=utf-8
host: localhost:57296
accept: */*

Response DefaultHttpResponse(decodeResult: success, version: HTTP/1.1)
HTTP/1.1 200 OK
Content-Type: application/json; charset=utf-8
cache-control: no-cache
content-length: 14

16:58:47.474 [AsyncHttpClient-1-4] DEBUG org.asynchttpclient.netty.channel.ChannelManager - Adding key: http://localhost:57296 for channel [id: 0xcdf1ec09, L:/127.0.0.1:4669 - R:localhost/127.0.0.1:57296]
16:58:47.480 [Forwarding getCurrentUrl on session 09d552e54bb7bd8a03c26251f9f42cb4 to remote] DEBUG org.asynchttpclient.netty.request.NettyRequestSender - Using pooled Channel '[id: 0xcdf1ec09, L:/127.0.0.1:4669 - R:localhost/127.0.0.1:57296]' for 'GET' to 'http://localhost:57296/session/09d552e54bb7bd8a03c26251f9f42cb4/url'
16:58:47.480 [Forwarding getCurrentUrl on session 09d552e54bb7bd8a03c26251f9f42cb4 to remote] DEBUG org.asynchttpclient.netty.request.NettyRequestSender - Using open Channel [id: 0xcdf1ec09, L:/127.0.0.1:4669 - R:localhost/127.0.0.1:57296] for GET '/session/09d552e54bb7bd8a03c26251f9f42cb4/url'
16:58:47.490 [AsyncHttpClient-1-4] DEBUG org.asynchttpclient.netty.handler.HttpHandler - 

Request DefaultFullHttpRequest(decodeResult: success, version: HTTP/1.1, content: EmptyByteBufBE)
GET /session/09d552e54bb7bd8a03c26251f9f42cb4/url HTTP/1.1
User-Agent: selenium/4.1.2 (java windows)
Cache-Control: no-cache
Content-Type: application/json; charset=utf-8
host: localhost:57296
accept: */*

Response DefaultHttpResponse(decodeResult: success, version: HTTP/1.1)
HTTP/1.1 200 OK
Content-Type: application/json; charset=utf-8
cache-control: no-cache
content-length: 36

16:58:47.490 [AsyncHttpClient-1-4] DEBUG org.asynchttpclient.netty.channel.ChannelManager - Adding key: http://localhost:57296 for channel [id: 0xcdf1ec09, L:/127.0.0.1:4669 - R:localhost/127.0.0.1:57296]
16:58:47.496 [Forwarding findElement on session 09d552e54bb7bd8a03c26251f9f42cb4 to remote] DEBUG org.asynchttpclient.netty.request.NettyRequestSender - Using pooled Channel '[id: 0xcdf1ec09, L:/127.0.0.1:4669 - R:localhost/127.0.0.1:57296]' for 'POST' to 'http://localhost:57296/session/09d552e54bb7bd8a03c26251f9f42cb4/element'
16:58:47.496 [Forwarding findElement on session 09d552e54bb7bd8a03c26251f9f42cb4 to remote] DEBUG org.asynchttpclient.netty.request.NettyRequestSender - Using open Channel [id: 0xcdf1ec09, L:/127.0.0.1:4669 - R:localhost/127.0.0.1:57296] for POST '/session/09d552e54bb7bd8a03c26251f9f42cb4/element'
16:58:47.514 [AsyncHttpClient-1-1] DEBUG org.asynchttpclient.netty.channel.DefaultChannelPool - Entry count for : http://localhost:4673 : 1
16:58:47.531 [AsyncHttpClient-1-4] DEBUG org.asynchttpclient.netty.handler.HttpHandler - 

Request DefaultHttpRequest(decodeResult: success, version: HTTP/1.1)
POST /session/09d552e54bb7bd8a03c26251f9f42cb4/element HTTP/1.1
User-Agent: selenium/4.1.2 (java windows)
Content-Length: 53
Content-Type: application/json; charset=utf-8
host: localhost:57296
accept: */*

Response DefaultHttpResponse(decodeResult: success, version: HTTP/1.1)
HTTP/1.1 200 OK
Content-Type: application/json; charset=utf-8
cache-control: no-cache
content-length: 88

16:58:47.531 [AsyncHttpClient-1-4] DEBUG org.asynchttpclient.netty.channel.ChannelManager - Adding key: http://localhost:57296 for channel [id: 0xcdf1ec09, L:/127.0.0.1:4669 - R:localhost/127.0.0.1:57296]
16:58:47.534 [Forwarding sendKeysToElement on session 09d552e54bb7bd8a03c26251f9f42cb4 to remote] DEBUG org.asynchttpclient.netty.request.NettyRequestSender - Using pooled Channel '[id: 0xcdf1ec09, L:/127.0.0.1:4669 - R:localhost/127.0.0.1:57296]' for 'POST' to 'http://localhost:57296/session/09d552e54bb7bd8a03c26251f9f42cb4/element/f2b8359a-d8e7-4819-b668-0e830eeff331/value'
16:58:47.534 [Forwarding sendKeysToElement on session 09d552e54bb7bd8a03c26251f9f42cb4 to remote] DEBUG org.asynchttpclient.netty.request.NettyRequestSender - Using open Channel [id: 0xcdf1ec09, L:/127.0.0.1:4669 - R:localhost/127.0.0.1:57296] for POST '/session/09d552e54bb7bd8a03c26251f9f42cb4/element/f2b8359a-d8e7-4819-b668-0e830eeff331/value'
16:58:47.669 [AsyncHttpClient-1-4] DEBUG org.asynchttpclient.netty.handler.HttpHandler - 

Request DefaultHttpRequest(decodeResult: success, version: HTTP/1.1)
POST /session/09d552e54bb7bd8a03c26251f9f42cb4/element/f2b8359a-d8e7-4819-b668-0e830eeff331/value HTTP/1.1
User-Agent: selenium/4.1.2 (java windows)
Content-Length: 95
Content-Type: application/json; charset=utf-8
host: localhost:57296
accept: */*

Response DefaultHttpResponse(decodeResult: success, version: HTTP/1.1)
HTTP/1.1 200 OK
Content-Type: application/json; charset=utf-8
cache-control: no-cache
content-length: 14

16:58:47.669 [AsyncHttpClient-1-4] DEBUG org.asynchttpclient.netty.channel.ChannelManager - Adding key: http://localhost:57296 for channel [id: 0xcdf1ec09, L:/127.0.0.1:4669 - R:localhost/127.0.0.1:57296]
  &amp#27;[32mGiven &amp#27;[0m&amp#27;[32mI am on the book page&amp#27;[0m                                         &amp#27;[90m# starter.stepdefinitions.CollectionStep.iAmOnTheBookPage()&amp#27;[0m
16:58:47.676 [Forwarding screenshot on session 09d552e54bb7bd8a03c26251f9f42cb4 to remote] DEBUG org.asynchttpclient.netty.request.NettyRequestSender - Using pooled Channel '[id: 0xcdf1ec09, L:/127.0.0.1:4669 - R:localhost/127.0.0.1:57296]' for 'GET' to 'http://localhost:57296/session/09d552e54bb7bd8a03c26251f9f42cb4/screenshot'
16:58:47.677 [Forwarding screenshot on session 09d552e54bb7bd8a03c26251f9f42cb4 to remote] DEBUG org.asynchttpclient.netty.request.NettyRequestSender - Using open Channel [id: 0xcdf1ec09, L:/127.0.0.1:4669 - R:localhost/127.0.0.1:57296] for GET '/session/09d552e54bb7bd8a03c26251f9f42cb4/screenshot'
16:58:48.322 [AsyncHttpClient-1-4] DEBUG org.asynchttpclient.netty.handler.HttpHandler - 

Request DefaultFullHttpRequest(decodeResult: success, version: HTTP/1.1, content: EmptyByteBufBE)
GET /session/09d552e54bb7bd8a03c26251f9f42cb4/screenshot HTTP/1.1
User-Agent: selenium/4.1.2 (java windows)
Cache-Control: no-cache
Content-Type: application/json; charset=utf-8
host: localhost:57296
accept: */*

Response DefaultHttpResponse(decodeResult: success, version: HTTP/1.1)
HTTP/1.1 200 OK
Content-Type: application/json; charset=utf-8
cache-control: no-cache
content-length: 200068

16:58:48.325 [AsyncHttpClient-1-4] DEBUG org.asynchttpclient.netty.channel.ChannelManager - Adding key: http://localhost:57296 for channel [id: 0xcdf1ec09, L:/127.0.0.1:4669 - R:localhost/127.0.0.1:57296]
16:58:48.338 [main] DEBUG net.serenitybdd.core.photography.Darkroom - Send negative for processing for target\site\serenity\6f1f33f7fa2f2b5484dd232c6dff9e7842ec594a4a4d1fb4661687400de47693.png
16:58:48.338 [Darkroom Processing Line] DEBUG net.serenitybdd.core.photography.DarkroomProcessingLine - Processing screenshot image in /var/screenshots/screenshot-15514082552362489343
16:58:48.338 [Darkroom Processing Line] DEBUG net.serenitybdd.core.photography.DarkroomProcessingLine - Saving screenshot to target\site\serenity\6f1f33f7fa2f2b5484dd232c6dff9e7842ec594a4a4d1fb4661687400de47693.png
16:58:48.355 [Forwarding findElement on session 09d552e54bb7bd8a03c26251f9f42cb4 to remote] DEBUG org.asynchttpclient.netty.request.NettyRequestSender - Using pooled Channel '[id: 0xcdf1ec09, L:/127.0.0.1:4669 - R:localhost/127.0.0.1:57296]' for 'POST' to 'http://localhost:57296/session/09d552e54bb7bd8a03c26251f9f42cb4/element'
16:58:48.355 [Forwarding findElement on session 09d552e54bb7bd8a03c26251f9f42cb4 to remote] DEBUG org.asynchttpclient.netty.request.NettyRequestSender - Using open Channel [id: 0xcdf1ec09, L:/127.0.0.1:4669 - R:localhost/127.0.0.1:57296] for POST '/session/09d552e54bb7bd8a03c26251f9f42cb4/element'
16:58:48.374 [AsyncHttpClient-1-4] DEBUG org.asynchttpclient.netty.handler.HttpHandler - 

Request DefaultHttpRequest(decodeResult: success, version: HTTP/1.1)
POST /session/09d552e54bb7bd8a03c26251f9f42cb4/element HTTP/1.1
User-Agent: selenium/4.1.2 (java windows)
Content-Length: 101
Content-Type: application/json; charset=utf-8
host: localhost:57296
accept: */*

Response DefaultHttpResponse(decodeResult: success, version: HTTP/1.1)
HTTP/1.1 200 OK
Content-Type: application/json; charset=utf-8
cache-control: no-cache
content-length: 88

16:58:48.374 [AsyncHttpClient-1-4] DEBUG org.asynchttpclient.netty.channel.ChannelManager - Adding key: http://localhost:57296 for channel [id: 0xcdf1ec09, L:/127.0.0.1:4669 - R:localhost/127.0.0.1:57296]
16:58:48.376 [Forwarding getElementTagName on session 09d552e54bb7bd8a03c26251f9f42cb4 to remote] DEBUG org.asynchttpclient.netty.request.NettyRequestSender - Using pooled Channel '[id: 0xcdf1ec09, L:/127.0.0.1:4669 - R:localhost/127.0.0.1:57296]' for 'GET' to 'http://localhost:57296/session/09d552e54bb7bd8a03c26251f9f42cb4/element/3add420d-2029-4f08-b1a6-2f2b9fd1c74d/name'
16:58:48.376 [Forwarding getElementTagName on session 09d552e54bb7bd8a03c26251f9f42cb4 to remote] DEBUG org.asynchttpclient.netty.request.NettyRequestSender - Using open Channel [id: 0xcdf1ec09, L:/127.0.0.1:4669 - R:localhost/127.0.0.1:57296] for GET '/session/09d552e54bb7bd8a03c26251f9f42cb4/element/3add420d-2029-4f08-b1a6-2f2b9fd1c74d/name'
16:58:48.386 [AsyncHttpClient-1-4] DEBUG org.asynchttpclient.netty.handler.HttpHandler - 

Request DefaultFullHttpRequest(decodeResult: success, version: HTTP/1.1, content: EmptyByteBufBE)
GET /session/09d552e54bb7bd8a03c26251f9f42cb4/element/3add420d-2029-4f08-b1a6-2f2b9fd1c74d/name HTTP/1.1
User-Agent: selenium/4.1.2 (java windows)
Cache-Control: no-cache
Content-Type: application/json; charset=utf-8
host: localhost:57296
accept: */*

Response DefaultHttpResponse(decodeResult: success, version: HTTP/1.1)
HTTP/1.1 200 OK
Content-Type: application/json; charset=utf-8
cache-control: no-cache
content-length: 16

16:58:48.386 [AsyncHttpClient-1-4] DEBUG org.asynchttpclient.netty.channel.ChannelManager - Adding key: http://localhost:57296 for channel [id: 0xcdf1ec09, L:/127.0.0.1:4669 - R:localhost/127.0.0.1:57296]
16:58:48.388 [Forwarding getElementTagName on session 09d552e54bb7bd8a03c26251f9f42cb4 to remote] DEBUG org.asynchttpclient.netty.request.NettyRequestSender - Using pooled Channel '[id: 0xcdf1ec09, L:/127.0.0.1:4669 - R:localhost/127.0.0.1:57296]' for 'GET' to 'http://localhost:57296/session/09d552e54bb7bd8a03c26251f9f42cb4/element/3add420d-2029-4f08-b1a6-2f2b9fd1c74d/name'
16:58:48.388 [Forwarding getElementTagName on session 09d552e54bb7bd8a03c26251f9f42cb4 to remote] DEBUG org.asynchttpclient.netty.request.NettyRequestSender - Using open Channel [id: 0xcdf1ec09, L:/127.0.0.1:4669 - R:localhost/127.0.0.1:57296] for GET '/session/09d552e54bb7bd8a03c26251f9f42cb4/element/3add420d-2029-4f08-b1a6-2f2b9fd1c74d/name'
16:58:48.398 [AsyncHttpClient-1-4] DEBUG org.asynchttpclient.netty.handler.HttpHandler - 

Request DefaultFullHttpRequest(decodeResult: success, version: HTTP/1.1, content: EmptyByteBufBE)
GET /session/09d552e54bb7bd8a03c26251f9f42cb4/element/3add420d-2029-4f08-b1a6-2f2b9fd1c74d/name HTTP/1.1
User-Agent: selenium/4.1.2 (java windows)
Cache-Control: no-cache
Content-Type: application/json; charset=utf-8
host: localhost:57296
accept: */*

Response DefaultHttpResponse(decodeResult: success, version: HTTP/1.1)
HTTP/1.1 200 OK
Content-Type: application/json; charset=utf-8
cache-control: no-cache
content-length: 16

16:58:48.398 [AsyncHttpClient-1-4] DEBUG org.asynchttpclient.netty.channel.ChannelManager - Adding key: http://localhost:57296 for channel [id: 0xcdf1ec09, L:/127.0.0.1:4669 - R:localhost/127.0.0.1:57296]
16:58:48.401 [Forwarding findElement on session 09d552e54bb7bd8a03c26251f9f42cb4 to remote] DEBUG org.asynchttpclient.netty.request.NettyRequestSender - Using pooled Channel '[id: 0xcdf1ec09, L:/127.0.0.1:4669 - R:localhost/127.0.0.1:57296]' for 'POST' to 'http://localhost:57296/session/09d552e54bb7bd8a03c26251f9f42cb4/element'
16:58:48.402 [Forwarding findElement on session 09d552e54bb7bd8a03c26251f9f42cb4 to remote] DEBUG org.asynchttpclient.netty.request.NettyRequestSender - Using open Channel [id: 0xcdf1ec09, L:/127.0.0.1:4669 - R:localhost/127.0.0.1:57296] for POST '/session/09d552e54bb7bd8a03c26251f9f42cb4/element'
16:58:48.424 [AsyncHttpClient-1-4] DEBUG org.asynchttpclient.netty.handler.HttpHandler - 

Request DefaultHttpRequest(decodeResult: success, version: HTTP/1.1)
POST /session/09d552e54bb7bd8a03c26251f9f42cb4/element HTTP/1.1
User-Agent: selenium/4.1.2 (java windows)
Content-Length: 101
Content-Type: application/json; charset=utf-8
host: localhost:57296
accept: */*

Response DefaultHttpResponse(decodeResult: success, version: HTTP/1.1)
HTTP/1.1 200 OK
Content-Type: application/json; charset=utf-8
cache-control: no-cache
content-length: 88

16:58:48.424 [AsyncHttpClient-1-4] DEBUG org.asynchttpclient.netty.channel.ChannelManager - Adding key: http://localhost:57296 for channel [id: 0xcdf1ec09, L:/127.0.0.1:4669 - R:localhost/127.0.0.1:57296]
16:58:48.444 [Forwarding clickElement on session 09d552e54bb7bd8a03c26251f9f42cb4 to remote] DEBUG org.asynchttpclient.netty.request.NettyRequestSender - Using pooled Channel '[id: 0xcdf1ec09, L:/127.0.0.1:4669 - R:localhost/127.0.0.1:57296]' for 'POST' to 'http://localhost:57296/session/09d552e54bb7bd8a03c26251f9f42cb4/element/3add420d-2029-4f08-b1a6-2f2b9fd1c74d/click'
16:58:48.444 [Forwarding clickElement on session 09d552e54bb7bd8a03c26251f9f42cb4 to remote] DEBUG org.asynchttpclient.netty.request.NettyRequestSender - Using open Channel [id: 0xcdf1ec09, L:/127.0.0.1:4669 - R:localhost/127.0.0.1:57296] for POST '/session/09d552e54bb7bd8a03c26251f9f42cb4/element/3add420d-2029-4f08-b1a6-2f2b9fd1c74d/click'
16:58:48.628 [AsyncHttpClient-1-1] DEBUG org.asynchttpclient.netty.channel.DefaultChannelPool - Entry count for : http://localhost:4673 : 1
16:58:49.714 [AsyncHttpClient-1-1] DEBUG org.asynchttpclient.netty.channel.DefaultChannelPool - Entry count for : http://localhost:4673 : 1
16:58:50.813 [AsyncHttpClient-1-1] DEBUG org.asynchttpclient.netty.channel.DefaultChannelPool - Entry count for : http://localhost:4673 : 1
16:58:51.913 [AsyncHttpClient-1-1] DEBUG org.asynchttpclient.netty.channel.DefaultChannelPool - Entry count for : http://localhost:4673 : 1
16:58:53.022 [AsyncHttpClient-1-1] DEBUG org.asynchttpclient.netty.channel.DefaultChannelPool - Entry count for : http://localhost:4673 : 1
16:58:54.116 [AsyncHttpClient-1-1] DEBUG org.asynchttpclient.netty.channel.DefaultChannelPool - Entry count for : http://localhost:4673 : 1
16:58:55.215 [AsyncHttpClient-1-1] DEBUG org.asynchttpclient.netty.channel.DefaultChannelPool - Entry count for : http://localhost:4673 : 1
16:58:56.319 [AsyncHttpClient-1-1] DEBUG org.asynchttpclient.netty.channel.DefaultChannelPool - Entry count for : http://localhost:4673 : 1
16:58:57.413 [AsyncHttpClient-1-1] DEBUG org.asynchttpclient.netty.channel.DefaultChannelPool - Entry count for : http://localhost:4673 : 1
16:58:58.513 [AsyncHttpClient-1-1] DEBUG org.asynchttpclient.netty.channel.DefaultChannelPool - Entry count for : http://localhost:4673 : 1
16:58:59.619 [AsyncHttpClient-1-1] DEBUG org.asynchttpclient.netty.channel.DefaultChannelPool - Entry count for : http://localhost:4673 : 1
16:59:00.714 [AsyncHttpClient-1-1] DEBUG org.asynchttpclient.netty.channel.DefaultChannelPool - Entry count for : http://localhost:4673 : 1
16:59:01.817 [AsyncHttpClient-1-1] DEBUG org.asynchttpclient.netty.channel.DefaultChannelPool - Entry count for : http://localhost:4673 : 1
16:59:02.925 [AsyncHttpClient-1-1] DEBUG org.asynchttpclient.netty.channel.DefaultChannelPool - Entry count for : http://localhost:4673 : 1
16:59:04.014 [AsyncHttpClient-1-1] DEBUG org.asynchttpclient.netty.channel.DefaultChannelPool - Entry count for : http://localhost:4673 : 1
16:59:05.115 [AsyncHttpClient-1-1] DEBUG org.asynchttpclient.netty.channel.DefaultChannelPool - Entry count for : http://localhost:4673 : 1
16:59:06.293 [AsyncHttpClient-1-1] DEBUG org.asynchttpclient.netty.channel.DefaultChannelPool - Entry count for : http://localhost:4673 : 1
16:59:06.294 [AsyncHttpClient-1-1] DEBUG org.asynchttpclient.netty.channel.DefaultChannelPool - Adding Candidate expired Channel [id: 0x804ede39, L:/127.0.0.1:4680 - R:localhost/127.0.0.1:4673] isIdleTimeoutExpired=true isRemotelyClosed=false isTtlExpired=false
16:59:06.294 [AsyncHttpClient-1-1] DEBUG org.asynchttpclient.netty.channel.DefaultChannelPool - Closing Idle Channel [id: 0x804ede39, L:/127.0.0.1:4680 - R:localhost/127.0.0.1:4673]
16:59:06.294 [AsyncHttpClient-1-5] DEBUG org.asynchttpclient.netty.handler.HttpHandler - Channel Closed: [id: 0x804ede39, L:/127.0.0.1:4680 ! R:localhost/127.0.0.1:4673] with attribute DISCARD
16:59:06.302 [AsyncHttpClient-1-1] DEBUG org.asynchttpclient.netty.channel.DefaultChannelPool - Closed 1 connections out of 1 in 8 ms
16:59:10.911 [AsyncHttpClient-1-4] DEBUG org.asynchttpclient.netty.handler.HttpHandler - 

Request DefaultHttpRequest(decodeResult: success, version: HTTP/1.1)
POST /session/09d552e54bb7bd8a03c26251f9f42cb4/element/3add420d-2029-4f08-b1a6-2f2b9fd1c74d/click HTTP/1.1
User-Agent: selenium/4.1.2 (java windows)
Content-Length: 50
Content-Type: application/json; charset=utf-8
host: localhost:57296
accept: */*

Response DefaultHttpResponse(decodeResult: success, version: HTTP/1.1)
HTTP/1.1 200 OK
Content-Type: application/json; charset=utf-8
cache-control: no-cache
content-length: 14

16:59:10.911 [AsyncHttpClient-1-4] DEBUG org.asynchttpclient.netty.channel.ChannelManager - Adding key: http://localhost:57296 for channel [id: 0xcdf1ec09, L:/127.0.0.1:4669 - R:localhost/127.0.0.1:57296]
  &amp#27;[32mWhen &amp#27;[0m&amp#27;[32mI click Eloquent JavaScript, Second Edition&amp#27;[0m                    &amp#27;[90m# starter.stepdefinitions.CollectionStep.iClickEloquentJavaScriptSecondEdition()&amp#27;[0m
16:59:10.932 [Forwarding screenshot on session 09d552e54bb7bd8a03c26251f9f42cb4 to remote] DEBUG org.asynchttpclient.netty.request.NettyRequestSender - Using pooled Channel '[id: 0xcdf1ec09, L:/127.0.0.1:4669 - R:localhost/127.0.0.1:57296]' for 'GET' to 'http://localhost:57296/session/09d552e54bb7bd8a03c26251f9f42cb4/screenshot'
16:59:10.932 [Forwarding screenshot on session 09d552e54bb7bd8a03c26251f9f42cb4 to remote] DEBUG org.asynchttpclient.netty.request.NettyRequestSender - Using open Channel [id: 0xcdf1ec09, L:/127.0.0.1:4669 - R:localhost/127.0.0.1:57296] for GET '/session/09d552e54bb7bd8a03c26251f9f42cb4/screenshot'
16:59:12.699 [AsyncHttpClient-1-4] DEBUG org.asynchttpclient.netty.handler.HttpHandler - 

Request DefaultFullHttpRequest(decodeResult: success, version: HTTP/1.1, content: EmptyByteBufBE)
GET /session/09d552e54bb7bd8a03c26251f9f42cb4/screenshot HTTP/1.1
User-Agent: selenium/4.1.2 (java windows)
Cache-Control: no-cache
Content-Type: application/json; charset=utf-8
host: localhost:57296
accept: */*

Response DefaultHttpResponse(decodeResult: success, version: HTTP/1.1)
HTTP/1.1 200 OK
Content-Type: application/json; charset=utf-8
cache-control: no-cache
content-length: 216860

16:59:12.700 [AsyncHttpClient-1-4] DEBUG org.asynchttpclient.netty.channel.ChannelManager - Adding key: http://localhost:57296 for channel [id: 0xcdf1ec09, L:/127.0.0.1:4669 - R:localhost/127.0.0.1:57296]
16:59:12.732 [main] DEBUG net.serenitybdd.core.photography.Darkroom - Send negative for processing for target\site\serenity\d7d984d7fe9ee95f67121772aa143880a587a9e1f6fab8633f5623637faa17e0.png
16:59:12.733 [Darkroom Processing Line] DEBUG net.serenitybdd.core.photography.DarkroomProcessingLine - Processing screenshot image in /var/screenshots/screenshot-8070417304162594173
16:59:12.733 [Darkroom Processing Line] DEBUG net.serenitybdd.core.photography.DarkroomProcessingLine - Saving screenshot to target\site\serenity\d7d984d7fe9ee95f67121772aa143880a587a9e1f6fab8633f5623637faa17e0.png
16:59:12.752 [Forwarding findElement on session 09d552e54bb7bd8a03c26251f9f42cb4 to remote] DEBUG org.asynchttpclient.netty.request.NettyRequestSender - Using pooled Channel '[id: 0xcdf1ec09, L:/127.0.0.1:4669 - R:localhost/127.0.0.1:57296]' for 'POST' to 'http://localhost:57296/session/09d552e54bb7bd8a03c26251f9f42cb4/element'
16:59:12.752 [Forwarding findElement on session 09d552e54bb7bd8a03c26251f9f42cb4 to remote] DEBUG org.asynchttpclient.netty.request.NettyRequestSender - Using open Channel [id: 0xcdf1ec09, L:/127.0.0.1:4669 - R:localhost/127.0.0.1:57296] for POST '/session/09d552e54bb7bd8a03c26251f9f42cb4/element'
16:59:14.798 [AsyncHttpClient-1-4] DEBUG org.asynchttpclient.netty.handler.HttpHandler - 

Request DefaultHttpRequest(decodeResult: success, version: HTTP/1.1)
POST /session/09d552e54bb7bd8a03c26251f9f42cb4/element HTTP/1.1
User-Agent: selenium/4.1.2 (java windows)
Content-Length: 78
Content-Type: application/json; charset=utf-8
host: localhost:57296
accept: */*

Response DefaultHttpResponse(decodeResult: success, version: HTTP/1.1)
HTTP/1.1 404 Not Found
Content-Type: application/json; charset=utf-8
cache-control: no-cache
content-length: 1574

16:59:14.798 [AsyncHttpClient-1-4] DEBUG org.asynchttpclient.netty.channel.ChannelManager - Adding key: http://localhost:57296 for channel [id: 0xcdf1ec09, L:/127.0.0.1:4669 - R:localhost/127.0.0.1:57296]
16:59:15.065 [AsyncHttpClient-1-1] DEBUG org.asynchttpclient.netty.channel.DefaultChannelPool - Entry count for : http://localhost:57296 : 1
16:59:15.088 [Forwarding screenshot on session 09d552e54bb7bd8a03c26251f9f42cb4 to remote] DEBUG org.asynchttpclient.netty.request.NettyRequestSender - Using pooled Channel '[id: 0xcdf1ec09, L:/127.0.0.1:4669 - R:localhost/127.0.0.1:57296]' for 'GET' to 'http://localhost:57296/session/09d552e54bb7bd8a03c26251f9f42cb4/screenshot'
16:59:15.088 [Forwarding screenshot on session 09d552e54bb7bd8a03c26251f9f42cb4 to remote] DEBUG org.asynchttpclient.netty.request.NettyRequestSender - Using open Channel [id: 0xcdf1ec09, L:/127.0.0.1:4669 - R:localhost/127.0.0.1:57296] for GET '/session/09d552e54bb7bd8a03c26251f9f42cb4/screenshot'
16:59:15.534 [AsyncHttpClient-1-4] DEBUG org.asynchttpclient.netty.handler.HttpHandler - 

Request DefaultFullHttpRequest(decodeResult: success, version: HTTP/1.1, content: EmptyByteBufBE)
GET /session/09d552e54bb7bd8a03c26251f9f42cb4/screenshot HTTP/1.1
User-Agent: selenium/4.1.2 (java windows)
Cache-Control: no-cache
Content-Type: application/json; charset=utf-8
host: localhost:57296
accept: */*

Response DefaultHttpResponse(decodeResult: success, version: HTTP/1.1)
HTTP/1.1 200 OK
Content-Type: application/json; charset=utf-8
cache-control: no-cache
content-length: 255196

16:59:15.539 [AsyncHttpClient-1-4] DEBUG org.asynchttpclient.netty.channel.ChannelManager - Adding key: http://localhost:57296 for channel [id: 0xcdf1ec09, L:/127.0.0.1:4669 - R:localhost/127.0.0.1:57296]
16:59:15.585 [main] DEBUG net.serenitybdd.core.photography.Darkroom - Send negative for processing for target\site\serenity\bff5279e81f8b5d627918c2fb5d6b8188018cc119ab67add1d45c5c1a047c7e6.png
16:59:15.586 [Darkroom Processing Line] DEBUG net.serenitybdd.core.photography.DarkroomProcessingLine - Processing screenshot image in /var/screenshots/screenshot-7123251078655580902
16:59:15.586 [Darkroom Processing Line] DEBUG net.serenitybdd.core.photography.DarkroomProcessingLine - Saving screenshot to target\site\serenity\bff5279e81f8b5d627918c2fb5d6b8188018cc119ab67add1d45c5c1a047c7e6.png
16:59:15.855 [Forwarding screenshot on session 09d552e54bb7bd8a03c26251f9f42cb4 to remote] DEBUG org.asynchttpclient.netty.request.NettyRequestSender - Using pooled Channel '[id: 0xcdf1ec09, L:/127.0.0.1:4669 - R:localhost/127.0.0.1:57296]' for 'GET' to 'http://localhost:57296/session/09d552e54bb7bd8a03c26251f9f42cb4/screenshot'
16:59:15.855 [Forwarding screenshot on session 09d552e54bb7bd8a03c26251f9f42cb4 to remote] DEBUG org.asynchttpclient.netty.request.NettyRequestSender - Using open Channel [id: 0xcdf1ec09, L:/127.0.0.1:4669 - R:localhost/127.0.0.1:57296] for GET '/session/09d552e54bb7bd8a03c26251f9f42cb4/screenshot'
16:59:16.169 [AsyncHttpClient-1-4] DEBUG org.asynchttpclient.netty.handler.HttpHandler - 

Request DefaultFullHttpRequest(decodeResult: success, version: HTTP/1.1, content: EmptyByteBufBE)
GET /session/09d552e54bb7bd8a03c26251f9f42cb4/screenshot HTTP/1.1
User-Agent: selenium/4.1.2 (java windows)
Cache-Control: no-cache
Content-Type: application/json; charset=utf-8
host: localhost:57296
accept: */*

Response DefaultHttpResponse(decodeResult: success, version: HTTP/1.1)
HTTP/1.1 200 OK
Content-Type: application/json; charset=utf-8
cache-control: no-cache
content-length: 255068

16:59:16.171 [AsyncHttpClient-1-4] DEBUG org.asynchttpclient.netty.channel.ChannelManager - Adding key: http://localhost:57296 for channel [id: 0xcdf1ec09, L:/127.0.0.1:4669 - R:localhost/127.0.0.1:57296]
16:59:16.191 [main] DEBUG net.serenitybdd.core.photography.Darkroom - Send negative for processing for target\site\serenity\b7539507d5d6a86f94dc42033d9b6c43d5d25ba1174381c1edfe67b1d28cd5b4.png
16:59:16.191 [Darkroom Processing Line] DEBUG net.serenitybdd.core.photography.DarkroomProcessingLine - Processing screenshot image in /var/screenshots/screenshot-5392806066534992022
16:59:16.191 [Darkroom Processing Line] DEBUG net.serenitybdd.core.photography.DarkroomProcessingLine - Saving screenshot to target\site\serenity\b7539507d5d6a86f94dc42033d9b6c43d5d25ba1174381c1edfe67b1d28cd5b4.png
16:59:16.219 [Forwarding getPageSource on session 09d552e54bb7bd8a03c26251f9f42cb4 to remote] DEBUG org.asynchttpclient.netty.request.NettyRequestSender - Using pooled Channel '[id: 0xcdf1ec09, L:/127.0.0.1:4669 - R:localhost/127.0.0.1:57296]' for 'POST' to 'http://localhost:57296/session/09d552e54bb7bd8a03c26251f9f42cb4/execute/sync'
16:59:16.219 [Forwarding getPageSource on session 09d552e54bb7bd8a03c26251f9f42cb4 to remote] DEBUG org.asynchttpclient.netty.request.NettyRequestSender - Using open Channel [id: 0xcdf1ec09, L:/127.0.0.1:4669 - R:localhost/127.0.0.1:57296] for POST '/session/09d552e54bb7bd8a03c26251f9f42cb4/execute/sync'
16:59:16.248 [AsyncHttpClient-1-4] DEBUG org.asynchttpclient.netty.handler.HttpHandler - 

Request DefaultHttpRequest(decodeResult: success, version: HTTP/1.1)
POST /session/09d552e54bb7bd8a03c26251f9f42cb4/execute/sync HTTP/1.1
User-Agent: selenium/4.1.2 (java windows)
Content-Length: 176
Content-Type: application/json; charset=utf-8
host: localhost:57296
accept: */*

Response DefaultHttpResponse(decodeResult: success, version: HTTP/1.1)
HTTP/1.1 200 OK
Content-Type: application/json; charset=utf-8
cache-control: no-cache
content-length: 43902

16:59:16.248 [AsyncHttpClient-1-4] DEBUG org.asynchttpclient.netty.channel.ChannelManager - Adding key: http://localhost:57296 for channel [id: 0xcdf1ec09, L:/127.0.0.1:4669 - R:localhost/127.0.0.1:57296]
16:59:16.681 [Forwarding getCurrentUrl on session 09d552e54bb7bd8a03c26251f9f42cb4 to remote] DEBUG org.asynchttpclient.netty.request.NettyRequestSender - Using pooled Channel '[id: 0xcdf1ec09, L:/127.0.0.1:4669 - R:localhost/127.0.0.1:57296]' for 'GET' to 'http://localhost:57296/session/09d552e54bb7bd8a03c26251f9f42cb4/url'
16:59:16.682 [Forwarding getCurrentUrl on session 09d552e54bb7bd8a03c26251f9f42cb4 to remote] DEBUG org.asynchttpclient.netty.request.NettyRequestSender - Using open Channel [id: 0xcdf1ec09, L:/127.0.0.1:4669 - R:localhost/127.0.0.1:57296] for GET '/session/09d552e54bb7bd8a03c26251f9f42cb4/url'
16:59:16.688 [AsyncHttpClient-1-4] DEBUG org.asynchttpclient.netty.handler.HttpHandler - 

Request DefaultFullHttpRequest(decodeResult: success, version: HTTP/1.1, content: EmptyByteBufBE)
GET /session/09d552e54bb7bd8a03c26251f9f42cb4/url HTTP/1.1
User-Agent: selenium/4.1.2 (java windows)
Cache-Control: no-cache
Content-Type: application/json; charset=utf-8
host: localhost:57296
accept: */*

Response DefaultHttpResponse(decodeResult: success, version: HTTP/1.1)
HTTP/1.1 200 OK
Content-Type: application/json; charset=utf-8
cache-control: no-cache
content-length: 55

16:59:16.689 [AsyncHttpClient-1-4] DEBUG org.asynchttpclient.netty.channel.ChannelManager - Adding key: http://localhost:57296 for channel [id: 0xcdf1ec09, L:/127.0.0.1:4669 - R:localhost/127.0.0.1:57296]
  &amp#27;[31mThen &amp#27;[0m&amp#27;[31mI will get information&amp#27;[0m                                         &amp#27;[90m# starter.stepdefinitions.CollectionStep.iWillGetPageMessage()&amp#27;[0m
      &amp#27;[31morg.openqa.selenium.NoSuchElementException: no such element: Unable to locate element: {"method":"xpath","selector":"//div[@class='profile-wrapper']"}
  (Session info: MicrosoftEdge=105.0.1343.53)
For documentation on this error, please visit: https://selenium.dev/exceptions/#no_such_element
Build info: version: '4.1.2', revision: '9a5a329c5a'
System info: host: 'DESKTOP-2F464B0', ip: '192.168.21.123', os.name: 'Windows 10', os.arch: 'amd64', os.version: '10.0', java.version: '11.0.16'
Driver info: org.openqa.selenium.edge.EdgeDriver
Command: [09d552e54bb7bd8a03c26251f9f42cb4, findElement {using=xpath, value=//div[@class='profile-wrapper']}]
Capabilities {acceptInsecureCerts: false, browserName: msedge, browserVersion: 105.0.1343.53, javascriptEnabled: true, ms:edgeOptions: {debuggerAddress: localhost:4673}, msedge: {msedgedriverVersion: 105.0.1343.53 (3a47f00402d5..., userDataDir: C:\Users\Bayu\AppData\Local...}, networkConnectionEnabled: false, pageLoadStrategy: normal, platform: WINDOWS, platformName: WINDOWS, proxy: Proxy(), se:cdp: ws://localhost:4673/devtool..., se:cdpVersion: 105.0.1343.53, setWindowRect: true, strictFileInteractability: false, timeouts: {implicit: 0, pageLoad: 300000, script: 30000}, unhandledPromptBehavior: dismiss and notify, webauthn:extension:credBlob: true, webauthn:extension:largeBlob: true, webauthn:virtualAuthenticators: true}
Session ID: 09d552e54bb7bd8a03c26251f9f42cb4
	at java.base/jdk.internal.reflect.NativeConstructorAccessorImpl.newInstance0(Native Method)
	at java.base/jdk.internal.reflect.NativeConstructorAccessorImpl.newInstance(NativeConstructorAccessorImpl.java:62)
	at java.base/jdk.internal.reflect.DelegatingConstructorAccessorImpl.newInstance(DelegatingConstructorAccessorImpl.java:45)
	at java.base/java.lang.reflect.Constructor.newInstance(Constructor.java:490)
	at org.openqa.selenium.remote.codec.w3c.W3CHttpResponseCodec.createException(W3CHttpResponseCodec.java:200)
	at org.openqa.selenium.remote.codec.w3c.W3CHttpResponseCodec.decode(W3CHttpResponseCodec.java:133)
	at org.openqa.selenium.remote.codec.w3c.W3CHttpResponseCodec.decode(W3CHttpResponseCodec.java:53)
	at org.openqa.selenium.remote.HttpCommandExecutor.execute(HttpCommandExecutor.java:184)
	at org.openqa.selenium.remote.service.DriverCommandExecutor.invokeExecute(DriverCommandExecutor.java:167)
	at org.openqa.selenium.remote.service.DriverCommandExecutor.execute(DriverCommandExecutor.java:142)
	at org.openqa.selenium.remote.RemoteWebDriver.execute(RemoteWebDriver.java:558)
	at org.openqa.selenium.remote.ElementLocation$ElementFinder$2.findElement(ElementLocation.java:162)
	at org.openqa.selenium.remote.ElementLocation.findElement(ElementLocation.java:60)
	at org.openqa.selenium.remote.RemoteWebDriver.findElement(RemoteWebDriver.java:382)
	at org.openqa.selenium.remote.RemoteWebDriver.findElement(RemoteWebDriver.java:374)
	at net.thucydides.core.webdriver.WebDriverFacade.findElement(WebDriverFacade.java:224)
	at net.serenitybdd.core.pages.WebElementResolverByLocator.resolveForDriver(WebElementResolverByLocator.java:25)
	at net.serenitybdd.core.pages.WebElementFacadeImpl.getResolvedElement(WebElementFacadeImpl.java:191)
	at net.serenitybdd.core.pages.WebElementFacadeImpl.getElement(WebElementFacadeImpl.java:186)
	at net.serenitybdd.core.pages.WebElementFacadeImpl.isDisplayed(WebElementFacadeImpl.java:1289)
	at untitled@1.0-SNAPSHOT/starter.pages.CartPage.displayInfo(CartPage.java:55)
	at untitled@1.0-SNAPSHOT/starter.pages.CartPage$ByteBuddy$HSrwdoKP.displayInfo$accessor$rPkWB1zQ(Unknown Source)
	at java.base/jdk.internal.reflect.NativeMethodAccessorImpl.invoke0(Native Method)
	at java.base/jdk.internal.reflect.NativeMethodAccessorImpl.invoke(NativeMethodAccessorImpl.java:62)
	at java.base/jdk.internal.reflect.DelegatingMethodAccessorImpl.invoke(DelegatingMethodAccessorImpl.java:43)
	at java.base/java.lang.reflect.Method.invoke(Method.java:566)
	at net.thucydides.core.steps.BaseMethodRunner.invokeMethod(BaseMethodRunner.java:18)
	at net.thucydides.core.steps.NormalMethodRunner.invokeMethodAndNotifyFailures(NormalMethodRunner.java:18)
	at net.thucydides.core.steps.StepInterceptor.runNormalMethod(StepInterceptor.java:406)
	at net.thucydides.core.steps.StepInterceptor.testStepResult(StepInterceptor.java:191)
	at net.thucydides.core.steps.StepInterceptor.intercept(StepInterceptor.java:84)
	at net.thucydides.core.steps.ProxyConfiguration$InterceptorDispatcher.intercept(ProxyConfiguration.java:51)
	at untitled@1.0-SNAPSHOT/starter.pages.CartPage$ByteBuddy$HSrwdoKP.displayInfo(Unknown Source)
	at untitled@1.0-SNAPSHOT/starter.stepdefinitions.CollectionStep.iWillGetPageMessage(CollectionStep.java:27)
	at âœ½.I will get information(file:///D:/File%20Baru/Kuliah/Quality%20Engineer/qe_Bayu-Septyan-Nur-Hidayat/21_Review_Web_UI_Testing_with_Serenity/Praktikum/untitled/src/test/resources/features/CartToCollection.feature:39)
&amp#27;[0m
16:59:16.787 [main] ERROR  - 
  _____   ___   ___   _____     ___   ___   ___    ___    ___ 
 |_   _| | __| / __| |_   _|   | __| | _ \ | _ \  / _ \  | _ \
   | |   | _|  \__ \   | |     | _|  |   / |   / | (_) | |   /
   |_|   |___| |___/   |_|     |___| |_|_\ |_|_\  \___/  |_|_\

See Information of Eloquent JavaScript, Second Edition Book
---------------------------------------------------------------
16:59:16.792 [main] DEBUG  - RELATED ISSUES: 
16:59:16.796 [main] ERROR  -     Test failed at step: Display info
16:59:16.797 [main] ERROR  -     no such element: Unable to locate element: {"method":"xpath","selector":"//div[@class='profile-wrapper']"}
16:59:16.802 [AsyncHttpClient-1-6] DEBUG org.asynchttpclient.netty.handler.WebSocketHandler - Channel Closed: [id: 0x99143eae, L:/127.0.0.1:4681 ! R:localhost/127.0.0.1:4673] with attribute NettyResponseFuture{currentRetry=5,
	isDone=1,
	isCancelled=0,
	asyncHandler=org.asynchttpclient.ws.WebSocketUpgradeHandler@1362f6ac,
	nettyRequest=org.asynchttpclient.netty.request.NettyRequest@63e198f2,
	future=java.util.concurrent.CompletableFuture@16eaca[Completed normally],
	uri=ws://localhost:4673/devtools/browser/fb9a37ed-f32b-4cc0-8ba8-ef39b32515b0,
	keepAlive=true,
	redirectCount=0,
	timeoutsHolder=null,
	inAuth=0,
	touch=1664963885854}
16:59:16.802 [AsyncHttpClient-1-6] DEBUG org.asynchttpclient.netty.channel.ChannelManager - Closing Channel [id: 0x99143eae, L:/127.0.0.1:4681 ! R:localhost/127.0.0.1:4673] 
16:59:16.806 [Driver Command Executor] DEBUG org.asynchttpclient.netty.request.NettyRequestSender - Using pooled Channel '[id: 0xcdf1ec09, L:/127.0.0.1:4669 - R:localhost/127.0.0.1:57296]' for 'DELETE' to 'http://localhost:57296/session/09d552e54bb7bd8a03c26251f9f42cb4'
16:59:16.807 [Driver Command Executor] DEBUG org.asynchttpclient.netty.request.NettyRequestSender - Using open Channel [id: 0xcdf1ec09, L:/127.0.0.1:4669 - R:localhost/127.0.0.1:57296] for DELETE '/session/09d552e54bb7bd8a03c26251f9f42cb4'
16:59:17.181 [AsyncHttpClient-1-4] DEBUG org.asynchttpclient.netty.handler.HttpHandler - 

Request DefaultFullHttpRequest(decodeResult: success, version: HTTP/1.1, content: EmptyByteBufBE)
DELETE /session/09d552e54bb7bd8a03c26251f9f42cb4 HTTP/1.1
User-Agent: selenium/4.1.2 (java windows)
Content-Type: application/json; charset=utf-8
host: localhost:57296
accept: */*

Response DefaultHttpResponse(decodeResult: success, version: HTTP/1.1)
HTTP/1.1 200 OK
Content-Type: application/json; charset=utf-8
cache-control: no-cache
content-length: 14

16:59:17.181 [AsyncHttpClient-1-4] DEBUG org.asynchttpclient.netty.channel.ChannelManager - Adding key: http://localhost:57296 for channel [id: 0xcdf1ec09, L:/127.0.0.1:4669 - R:localhost/127.0.0.1:57296]
16:59:17.213 [AsyncHttpClient-1-1] DEBUG org.asynchttpclient.netty.channel.DefaultChannelPool - Entry count for : http://localhost:57296 : 1
16:59:18.325 [AsyncHttpClient-1-1] DEBUG org.asynchttpclient.netty.channel.DefaultChannelPool - Entry count for : http://localhost:57296 : 1
16:59:18.707 [AsyncHttpClient-1-4] DEBUG org.asynchttpclient.netty.handler.HttpHandler - Unexpected I/O exception on channel [id: 0xcdf1ec09, L:/127.0.0.1:4669 - R:localhost/127.0.0.1:57296]
java.io.IOException: An existing connection was forcibly closed by the remote host
	at java.base/sun.nio.ch.SocketDispatcher.read0(Native Method)
	at java.base/sun.nio.ch.SocketDispatcher.read(SocketDispatcher.java:43)
	at java.base/sun.nio.ch.IOUtil.readIntoNativeBuffer(IOUtil.java:276)
	at java.base/sun.nio.ch.IOUtil.read(IOUtil.java:233)
	at java.base/sun.nio.ch.IOUtil.read(IOUtil.java:223)
	at java.base/sun.nio.ch.SocketChannelImpl.read(SocketChannelImpl.java:358)
	at io.netty.buffer.PooledByteBuf.setBytes(PooledByteBuf.java:258)
	at io.netty.buffer.AbstractByteBuf.writeBytes(AbstractByteBuf.java:1132)
	at io.netty.channel.socket.nio.NioSocketChannel.doReadBytes(NioSocketChannel.java:350)
	at io.netty.channel.nio.AbstractNioByteChannel$NioByteUnsafe.read(AbstractNioByteChannel.java:151)
	at io.netty.channel.nio.NioEventLoop.processSelectedKey(NioEventLoop.java:722)
	at io.netty.channel.nio.NioEventLoop.processSelectedKeysOptimized(NioEventLoop.java:658)
	at io.netty.channel.nio.NioEventLoop.processSelectedKeys(NioEventLoop.java:584)
	at io.netty.channel.nio.NioEventLoop.run(NioEventLoop.java:496)
	at io.netty.util.concurrent.SingleThreadEventExecutor$4.run(SingleThreadEventExecutor.java:986)
	at io.netty.util.internal.ThreadExecutorMap$2.run(ThreadExecutorMap.java:74)
	at io.netty.util.concurrent.FastThreadLocalRunnable.run(FastThreadLocalRunnable.java:30)
	at java.base/java.lang.Thread.run(Thread.java:834)
16:59:18.707 [AsyncHttpClient-1-4] DEBUG org.asynchttpclient.netty.channel.ChannelManager - Closing Channel [id: 0xcdf1ec09, L:/127.0.0.1:4669 - R:localhost/127.0.0.1:57296] 
16:59:18.708 [AsyncHttpClient-1-4] DEBUG org.asynchttpclient.netty.handler.HttpHandler - Channel Closed: [id: 0xcdf1ec09, L:/127.0.0.1:4669 ! R:localhost/127.0.0.1:57296] with attribute DISCARD
]]></system-out>
    <system-err><![CDATA[Starting Microsoft Edge WebDriver 105.0.1343.53 (3a47f00402d579c8ba1fad7e143f9d73831b6765) on port 57296
To submit feedback, report a bug, or suggest new features, please visit https://github.com/MicrosoftEdge/EdgeWebDriver

Only local connections are allowed.
Please see https://aka.ms/WebDriverSecurity for suggestions on keeping Microsoft Edge WebDriver safe.

Microsoft Edge WebDriver was started successfully.
Oct 05, 2022 4:58:05 PM org.openqa.selenium.remote.ProtocolHandshake createSession
INFO: Detected dialect: W3C
Oct 05, 2022 4:58:05 PM org.openqa.selenium.devtools.CdpVersionFinder findNearestMatch
WARNING: Unable to find an exact match for CDP version 105, so returning the closest version found: a no-op implementation
Oct 05, 2022 4:58:05 PM org.openqa.selenium.devtools.CdpVersionFinder findNearestMatch
INFO: Unable to find CDP implementation matching 105.
Oct 05, 2022 4:58:05 PM org.openqa.selenium.chromium.ChromiumDriver lambda$new$3
WARNING: Unable to find version of CDP to use for . You may need to include a dependency on a specific version of the CDP using something similar to `org.seleniumhq.selenium:selenium-devtools-v86:4.1.2` where the version ("v86") matches the version of the chromium-based browser you're using and the version number of the artifact is the same as Selenium's.
]]></system-err>
  </testcase>
  <testcase name="See Information of Understanding ECMAScript 6 Book" classname="See Information" time="42.863">
    <system-out><![CDATA[
Scenario: See Information of Understanding ECMAScript 6 Book &amp#27;[90m# src/test/resources/features/CartToCollection.feature:41&amp#27;[0m
16:59:18.808 [main] INFO io.cucumber.core.plugin.SerenityReporter - Running feature from file:///D:/File%20Baru/Kuliah/Quality%20Engineer/qe_Bayu-Septyan-Nur-Hidayat/21_Review_Web_UI_Testing_with_Serenity/Praktikum/untitled/src/test/resources/features/CartToCollection.feature
16:59:18.813 [main] INFO  - 
  _____   ___   ___   _____     ___   _____     _     ___   _____   ___   ___  
 |_   _| | __| / __| |_   _|   / __| |_   _|   /_\   | _ \ |_   _| | __| |   \ 
   | |   | _|  \__ \   | |     \__ \   | |    / _ \  |   /   | |   | _|  | |) |
   |_|   |___| |___/   |_|     |___/   |_|   /_/ \_\ |_|_\   |_|   |___| |___/ 

See Information of Understanding ECMAScript 6 Book(see-information;see-information-of-understanding-ecmascript-6-book)
--------------------------------------------------------------------------------
16:59:19.376 [main] DEBUG io.github.bonigarcia.wdm.cache.ResolutionCache - Resolution edge=105 in cache (valid until 17:51:16 05/10/2022 ICT)
16:59:19.406 [main] DEBUG io.github.bonigarcia.wdm.cache.ResolutionCache - Resolution edge105=105.0.1343.53 in cache (valid until 15:48:55 06/10/2022 ICT)
16:59:19.419 [AsyncHttpClient-1-1] DEBUG org.asynchttpclient.netty.channel.DefaultChannelPool - Entry count for : http://localhost:57296 : 1
16:59:19.419 [AsyncHttpClient-1-1] DEBUG org.asynchttpclient.netty.channel.DefaultChannelPool - Adding Candidate expired Channel [id: 0xcdf1ec09, L:/127.0.0.1:4669 ! R:localhost/127.0.0.1:57296] isIdleTimeoutExpired=false isRemotelyClosed=true isTtlExpired=false
16:59:19.419 [AsyncHttpClient-1-1] DEBUG org.asynchttpclient.netty.channel.DefaultChannelPool - Closing Idle Channel [id: 0xcdf1ec09, L:/127.0.0.1:4669 ! R:localhost/127.0.0.1:57296]
16:59:19.419 [AsyncHttpClient-1-1] DEBUG org.asynchttpclient.netty.channel.DefaultChannelPool - Closed 1 connections out of 1 in 0 ms
16:59:19.420 [main] INFO io.github.bonigarcia.wdm.WebDriverManager - Using msedgedriver 105.0.1343.53 (resolved driver for Edge 105)
16:59:19.468 [main] DEBUG io.github.bonigarcia.wdm.WebDriverManager - Driver msedgedriver 105.0.1343.53 found in cache
16:59:19.469 [main] INFO io.github.bonigarcia.wdm.WebDriverManager - Exporting webdriver.edge.driver as C:\Users\Bayu\.cache\selenium\msedgedriver\win64\105.0.1343.53\msedgedriver.exe
16:59:19.475 [main] DEBUG net.serenitybdd.core.webdriver.driverproviders.ProvideNewDriver - Instantiating driver
16:59:19.478 [main] DEBUG net.serenitybdd.core.webdriver.driverproviders.ProvideNewDriver - Driver capabilities: Capabilities {base.url: https://demoqa.com, driver: edge, edge.driver: src/test/resources/webdrive..., ms:edgeChromium: true, ms:edgeOptions: {}}
16:59:20.266 [AsyncHttpClient-1-7] DEBUG org.asynchttpclient.netty.channel.NettyConnectListener - Using new Channel '[id: 0x45a2a419, L:/127.0.0.1:4943 - R:localhost/127.0.0.1:56249]' for 'POST' to '/session'
16:59:21.824 [AsyncHttpClient-1-7] DEBUG org.asynchttpclient.netty.handler.HttpHandler - 

Request DefaultHttpRequest(decodeResult: success, version: HTTP/1.1)
POST /session HTTP/1.1
User-Agent: selenium/4.1.2 (java windows)
Content-Length: 591
Content-Type: application/json; charset=utf-8
host: localhost:56249
accept: */*

Response DefaultHttpResponse(decodeResult: success, version: HTTP/1.1)
HTTP/1.1 200 OK
Content-Type: application/json; charset=utf-8
cache-control: no-cache
content-length: 754

16:59:21.824 [AsyncHttpClient-1-7] DEBUG org.asynchttpclient.netty.channel.ChannelManager - Adding key: http://localhost:56249 for channel [id: 0x45a2a419, L:/127.0.0.1:4943 - R:localhost/127.0.0.1:56249]
16:59:21.839 [AsyncHttpClient-1-8] DEBUG org.asynchttpclient.netty.channel.NettyConnectListener - Using new Channel '[id: 0xc47cbd17, L:/127.0.0.1:4953 - R:localhost/127.0.0.1:4944]' for 'GET' to '/json/version'
16:59:21.842 [AsyncHttpClient-1-8] DEBUG org.asynchttpclient.netty.handler.HttpHandler - 

Request DefaultFullHttpRequest(decodeResult: success, version: HTTP/1.1, content: EmptyByteBufBE)
GET /json/version HTTP/1.1
User-Agent: selenium/4.1.2 (java windows)
host: localhost:4944
accept: */*

Response DefaultHttpResponse(decodeResult: success, version: HTTP/1.1)
HTTP/1.1 200 OK
Content-Type: application/json; charset=UTF-8
content-length: 435

16:59:21.843 [AsyncHttpClient-1-8] DEBUG org.asynchttpclient.netty.channel.ChannelManager - Adding key: http://localhost:4944 for channel [id: 0xc47cbd17, L:/127.0.0.1:4953 - R:localhost/127.0.0.1:4944]
16:59:21.855 [AsyncHttpClient-1-9] DEBUG org.asynchttpclient.netty.channel.NettyConnectListener - Using new Channel '[id: 0x415c08f8, L:/127.0.0.1:4954 - R:localhost/127.0.0.1:4944]' for 'GET' to '/devtools/browser/ef454674-0978-4ac1-b814-6fffac8efe27'
16:59:21.859 [AsyncHttpClient-1-9] DEBUG org.asynchttpclient.netty.handler.WebSocketHandler - 

Request DefaultFullHttpRequest(decodeResult: success, version: HTTP/1.1, content: EmptyByteBufBE)
GET /devtools/browser/ef454674-0978-4ac1-b814-6fffac8efe27 HTTP/1.1
upgrade: websocket
connection: upgrade
sec-websocket-key: 4RNbV9yA9E1egrV8VieAMA==
sec-websocket-version: 13
origin: http://localhost:4944
host: localhost:4944
accept: */*
user-agent: AHC/2.1

Response DefaultHttpResponse(decodeResult: success, version: HTTP/1.1)
HTTP/1.1 101 WebSocket Protocol Handshake
Upgrade: WebSocket
Connection: Upgrade
Sec-WebSocket-Accept: Ay3oHx+yXxVFbTCYr7am/hbLCXg=

16:59:21.876 [Forwarding get on session 98492748f320068fedf0c2036728bcd9 to remote] DEBUG org.asynchttpclient.netty.request.NettyRequestSender - Using pooled Channel '[id: 0x45a2a419, L:/127.0.0.1:4943 - R:localhost/127.0.0.1:56249]' for 'POST' to 'http://localhost:56249/session/98492748f320068fedf0c2036728bcd9/url'
16:59:21.876 [Forwarding get on session 98492748f320068fedf0c2036728bcd9 to remote] DEBUG org.asynchttpclient.netty.request.NettyRequestSender - Using open Channel [id: 0x45a2a419, L:/127.0.0.1:4943 - R:localhost/127.0.0.1:56249] for POST '/session/98492748f320068fedf0c2036728bcd9/url'
16:59:22.749 [AsyncHttpClient-1-1] DEBUG org.asynchttpclient.netty.channel.DefaultChannelPool - Entry count for : http://localhost:4944 : 1
16:59:23.824 [AsyncHttpClient-1-1] DEBUG org.asynchttpclient.netty.channel.DefaultChannelPool - Entry count for : http://localhost:4944 : 1
16:59:24.914 [AsyncHttpClient-1-1] DEBUG org.asynchttpclient.netty.channel.DefaultChannelPool - Entry count for : http://localhost:4944 : 1
16:59:26.024 [AsyncHttpClient-1-1] DEBUG org.asynchttpclient.netty.channel.DefaultChannelPool - Entry count for : http://localhost:4944 : 1
16:59:27.118 [AsyncHttpClient-1-1] DEBUG org.asynchttpclient.netty.channel.DefaultChannelPool - Entry count for : http://localhost:4944 : 1
16:59:28.213 [AsyncHttpClient-1-1] DEBUG org.asynchttpclient.netty.channel.DefaultChannelPool - Entry count for : http://localhost:4944 : 1
16:59:29.317 [AsyncHttpClient-1-1] DEBUG org.asynchttpclient.netty.channel.DefaultChannelPool - Entry count for : http://localhost:4944 : 1
16:59:30.420 [AsyncHttpClient-1-1] DEBUG org.asynchttpclient.netty.channel.DefaultChannelPool - Entry count for : http://localhost:4944 : 1
16:59:31.527 [AsyncHttpClient-1-1] DEBUG org.asynchttpclient.netty.channel.DefaultChannelPool - Entry count for : http://localhost:4944 : 1
16:59:32.614 [AsyncHttpClient-1-1] DEBUG org.asynchttpclient.netty.channel.DefaultChannelPool - Entry count for : http://localhost:4944 : 1
16:59:33.723 [AsyncHttpClient-1-1] DEBUG org.asynchttpclient.netty.channel.DefaultChannelPool - Entry count for : http://localhost:4944 : 1
16:59:34.824 [AsyncHttpClient-1-1] DEBUG org.asynchttpclient.netty.channel.DefaultChannelPool - Entry count for : http://localhost:4944 : 1
16:59:35.916 [AsyncHttpClient-1-1] DEBUG org.asynchttpclient.netty.channel.DefaultChannelPool - Entry count for : http://localhost:4944 : 1
16:59:37.015 [AsyncHttpClient-1-1] DEBUG org.asynchttpclient.netty.channel.DefaultChannelPool - Entry count for : http://localhost:4944 : 1
16:59:38.185 [AsyncHttpClient-1-1] DEBUG org.asynchttpclient.netty.channel.DefaultChannelPool - Entry count for : http://localhost:4944 : 1
16:59:39.220 [AsyncHttpClient-1-1] DEBUG org.asynchttpclient.netty.channel.DefaultChannelPool - Entry count for : http://localhost:4944 : 1
16:59:40.318 [AsyncHttpClient-1-1] DEBUG org.asynchttpclient.netty.channel.DefaultChannelPool - Entry count for : http://localhost:4944 : 1
16:59:41.426 [AsyncHttpClient-1-1] DEBUG org.asynchttpclient.netty.channel.DefaultChannelPool - Entry count for : http://localhost:4944 : 1
16:59:42.514 [AsyncHttpClient-1-1] DEBUG org.asynchttpclient.netty.channel.DefaultChannelPool - Entry count for : http://localhost:4944 : 1
16:59:43.614 [AsyncHttpClient-1-1] DEBUG org.asynchttpclient.netty.channel.DefaultChannelPool - Entry count for : http://localhost:4944 : 1
16:59:44.717 [AsyncHttpClient-1-1] DEBUG org.asynchttpclient.netty.channel.DefaultChannelPool - Entry count for : http://localhost:4944 : 1
16:59:45.813 [AsyncHttpClient-1-1] DEBUG org.asynchttpclient.netty.channel.DefaultChannelPool - Entry count for : http://localhost:4944 : 1
16:59:46.919 [AsyncHttpClient-1-1] DEBUG org.asynchttpclient.netty.channel.DefaultChannelPool - Entry count for : http://localhost:4944 : 1
16:59:48.013 [AsyncHttpClient-1-1] DEBUG org.asynchttpclient.netty.channel.DefaultChannelPool - Entry count for : http://localhost:4944 : 1
16:59:49.118 [AsyncHttpClient-1-1] DEBUG org.asynchttpclient.netty.channel.DefaultChannelPool - Entry count for : http://localhost:4944 : 1
16:59:50.213 [AsyncHttpClient-1-1] DEBUG org.asynchttpclient.netty.channel.DefaultChannelPool - Entry count for : http://localhost:4944 : 1
16:59:51.335 [AsyncHttpClient-1-1] DEBUG org.asynchttpclient.netty.channel.DefaultChannelPool - Entry count for : http://localhost:4944 : 1
16:59:52.414 [AsyncHttpClient-1-1] DEBUG org.asynchttpclient.netty.channel.DefaultChannelPool - Entry count for : http://localhost:4944 : 1
16:59:53.514 [AsyncHttpClient-1-1] DEBUG org.asynchttpclient.netty.channel.DefaultChannelPool - Entry count for : http://localhost:4944 : 1
16:59:54.492 [AsyncHttpClient-1-7] DEBUG org.asynchttpclient.netty.handler.HttpHandler - 

Request DefaultHttpRequest(decodeResult: success, version: HTTP/1.1)
POST /session/98492748f320068fedf0c2036728bcd9/url HTTP/1.1
User-Agent: selenium/4.1.2 (java windows)
Content-Length: 54
Content-Type: application/json; charset=utf-8
host: localhost:56249
accept: */*

Response DefaultHttpResponse(decodeResult: success, version: HTTP/1.1)
HTTP/1.1 200 OK
Content-Type: application/json; charset=utf-8
cache-control: no-cache
content-length: 14

16:59:54.492 [AsyncHttpClient-1-7] DEBUG org.asynchttpclient.netty.channel.ChannelManager - Adding key: http://localhost:56249 for channel [id: 0x45a2a419, L:/127.0.0.1:4943 - R:localhost/127.0.0.1:56249]
16:59:54.495 [Forwarding setTimeout on session 98492748f320068fedf0c2036728bcd9 to remote] DEBUG org.asynchttpclient.netty.request.NettyRequestSender - Using pooled Channel '[id: 0x45a2a419, L:/127.0.0.1:4943 - R:localhost/127.0.0.1:56249]' for 'POST' to 'http://localhost:56249/session/98492748f320068fedf0c2036728bcd9/timeouts'
16:59:54.495 [Forwarding setTimeout on session 98492748f320068fedf0c2036728bcd9 to remote] DEBUG org.asynchttpclient.netty.request.NettyRequestSender - Using open Channel [id: 0x45a2a419, L:/127.0.0.1:4943 - R:localhost/127.0.0.1:56249] for POST '/session/98492748f320068fedf0c2036728bcd9/timeouts'
16:59:54.501 [AsyncHttpClient-1-7] DEBUG org.asynchttpclient.netty.handler.HttpHandler - 

Request DefaultHttpRequest(decodeResult: success, version: HTTP/1.1)
POST /session/98492748f320068fedf0c2036728bcd9/timeouts HTTP/1.1
User-Agent: selenium/4.1.2 (java windows)
Content-Length: 22
Content-Type: application/json; charset=utf-8
host: localhost:56249
accept: */*

Response DefaultHttpResponse(decodeResult: success, version: HTTP/1.1)
HTTP/1.1 200 OK
Content-Type: application/json; charset=utf-8
cache-control: no-cache
content-length: 14

16:59:54.501 [AsyncHttpClient-1-7] DEBUG org.asynchttpclient.netty.channel.ChannelManager - Adding key: http://localhost:56249 for channel [id: 0x45a2a419, L:/127.0.0.1:4943 - R:localhost/127.0.0.1:56249]
16:59:54.506 [Forwarding getCurrentUrl on session 98492748f320068fedf0c2036728bcd9 to remote] DEBUG org.asynchttpclient.netty.request.NettyRequestSender - Using pooled Channel '[id: 0x45a2a419, L:/127.0.0.1:4943 - R:localhost/127.0.0.1:56249]' for 'GET' to 'http://localhost:56249/session/98492748f320068fedf0c2036728bcd9/url'
16:59:54.506 [Forwarding getCurrentUrl on session 98492748f320068fedf0c2036728bcd9 to remote] DEBUG org.asynchttpclient.netty.request.NettyRequestSender - Using open Channel [id: 0x45a2a419, L:/127.0.0.1:4943 - R:localhost/127.0.0.1:56249] for GET '/session/98492748f320068fedf0c2036728bcd9/url'
16:59:54.515 [AsyncHttpClient-1-7] DEBUG org.asynchttpclient.netty.handler.HttpHandler - 

Request DefaultFullHttpRequest(decodeResult: success, version: HTTP/1.1, content: EmptyByteBufBE)
GET /session/98492748f320068fedf0c2036728bcd9/url HTTP/1.1
User-Agent: selenium/4.1.2 (java windows)
Cache-Control: no-cache
Content-Type: application/json; charset=utf-8
host: localhost:56249
accept: */*

Response DefaultHttpResponse(decodeResult: success, version: HTTP/1.1)
HTTP/1.1 200 OK
Content-Type: application/json; charset=utf-8
cache-control: no-cache
content-length: 36

16:59:54.515 [AsyncHttpClient-1-7] DEBUG org.asynchttpclient.netty.channel.ChannelManager - Adding key: http://localhost:56249 for channel [id: 0x45a2a419, L:/127.0.0.1:4943 - R:localhost/127.0.0.1:56249]
16:59:54.524 [Forwarding findElement on session 98492748f320068fedf0c2036728bcd9 to remote] DEBUG org.asynchttpclient.netty.request.NettyRequestSender - Using pooled Channel '[id: 0x45a2a419, L:/127.0.0.1:4943 - R:localhost/127.0.0.1:56249]' for 'POST' to 'http://localhost:56249/session/98492748f320068fedf0c2036728bcd9/element'
16:59:54.524 [Forwarding findElement on session 98492748f320068fedf0c2036728bcd9 to remote] DEBUG org.asynchttpclient.netty.request.NettyRequestSender - Using open Channel [id: 0x45a2a419, L:/127.0.0.1:4943 - R:localhost/127.0.0.1:56249] for POST '/session/98492748f320068fedf0c2036728bcd9/element'
16:59:54.578 [AsyncHttpClient-1-7] DEBUG org.asynchttpclient.netty.handler.HttpHandler - 

Request DefaultHttpRequest(decodeResult: success, version: HTTP/1.1)
POST /session/98492748f320068fedf0c2036728bcd9/element HTTP/1.1
User-Agent: selenium/4.1.2 (java windows)
Content-Length: 53
Content-Type: application/json; charset=utf-8
host: localhost:56249
accept: */*

Response DefaultHttpResponse(decodeResult: success, version: HTTP/1.1)
HTTP/1.1 200 OK
Content-Type: application/json; charset=utf-8
cache-control: no-cache
content-length: 88

16:59:54.578 [AsyncHttpClient-1-7] DEBUG org.asynchttpclient.netty.channel.ChannelManager - Adding key: http://localhost:56249 for channel [id: 0x45a2a419, L:/127.0.0.1:4943 - R:localhost/127.0.0.1:56249]
16:59:54.587 [Forwarding sendKeysToElement on session 98492748f320068fedf0c2036728bcd9 to remote] DEBUG org.asynchttpclient.netty.request.NettyRequestSender - Using pooled Channel '[id: 0x45a2a419, L:/127.0.0.1:4943 - R:localhost/127.0.0.1:56249]' for 'POST' to 'http://localhost:56249/session/98492748f320068fedf0c2036728bcd9/element/58d8929f-caab-4e70-bc5a-47f81e9e37bb/value'
16:59:54.588 [Forwarding sendKeysToElement on session 98492748f320068fedf0c2036728bcd9 to remote] DEBUG org.asynchttpclient.netty.request.NettyRequestSender - Using open Channel [id: 0x45a2a419, L:/127.0.0.1:4943 - R:localhost/127.0.0.1:56249] for POST '/session/98492748f320068fedf0c2036728bcd9/element/58d8929f-caab-4e70-bc5a-47f81e9e37bb/value'
16:59:54.616 [AsyncHttpClient-1-1] DEBUG org.asynchttpclient.netty.channel.DefaultChannelPool - Entry count for : http://localhost:4944 : 1
16:59:54.719 [AsyncHttpClient-1-7] DEBUG org.asynchttpclient.netty.handler.HttpHandler - 

Request DefaultHttpRequest(decodeResult: success, version: HTTP/1.1)
POST /session/98492748f320068fedf0c2036728bcd9/element/58d8929f-caab-4e70-bc5a-47f81e9e37bb/value HTTP/1.1
User-Agent: selenium/4.1.2 (java windows)
Content-Length: 95
Content-Type: application/json; charset=utf-8
host: localhost:56249
accept: */*

Response DefaultHttpResponse(decodeResult: success, version: HTTP/1.1)
HTTP/1.1 200 OK
Content-Type: application/json; charset=utf-8
cache-control: no-cache
content-length: 14

16:59:54.719 [AsyncHttpClient-1-7] DEBUG org.asynchttpclient.netty.channel.ChannelManager - Adding key: http://localhost:56249 for channel [id: 0x45a2a419, L:/127.0.0.1:4943 - R:localhost/127.0.0.1:56249]
  &amp#27;[32mGiven &amp#27;[0m&amp#27;[32mI am on the book page&amp#27;[0m                                &amp#27;[90m# starter.stepdefinitions.CollectionStep.iAmOnTheBookPage()&amp#27;[0m
16:59:54.743 [Forwarding screenshot on session 98492748f320068fedf0c2036728bcd9 to remote] DEBUG org.asynchttpclient.netty.request.NettyRequestSender - Using pooled Channel '[id: 0x45a2a419, L:/127.0.0.1:4943 - R:localhost/127.0.0.1:56249]' for 'GET' to 'http://localhost:56249/session/98492748f320068fedf0c2036728bcd9/screenshot'
16:59:54.743 [Forwarding screenshot on session 98492748f320068fedf0c2036728bcd9 to remote] DEBUG org.asynchttpclient.netty.request.NettyRequestSender - Using open Channel [id: 0x45a2a419, L:/127.0.0.1:4943 - R:localhost/127.0.0.1:56249] for GET '/session/98492748f320068fedf0c2036728bcd9/screenshot'
16:59:55.145 [AsyncHttpClient-1-7] DEBUG org.asynchttpclient.netty.handler.HttpHandler - 

Request DefaultFullHttpRequest(decodeResult: success, version: HTTP/1.1, content: EmptyByteBufBE)
GET /session/98492748f320068fedf0c2036728bcd9/screenshot HTTP/1.1
User-Agent: selenium/4.1.2 (java windows)
Cache-Control: no-cache
Content-Type: application/json; charset=utf-8
host: localhost:56249
accept: */*

Response DefaultHttpResponse(decodeResult: success, version: HTTP/1.1)
HTTP/1.1 200 OK
Content-Type: application/json; charset=utf-8
cache-control: no-cache
content-length: 109656

16:59:55.149 [AsyncHttpClient-1-7] DEBUG org.asynchttpclient.netty.channel.ChannelManager - Adding key: http://localhost:56249 for channel [id: 0x45a2a419, L:/127.0.0.1:4943 - R:localhost/127.0.0.1:56249]
16:59:55.155 [main] DEBUG net.serenitybdd.core.photography.Darkroom - Send negative for processing for target\site\serenity\5c136ea59352276d5b9de9fb78a6bbe4a370707dc878ea5188fb5cad7dbb34da.png
16:59:55.155 [Darkroom Processing Line] DEBUG net.serenitybdd.core.photography.DarkroomProcessingLine - Processing screenshot image in /var/screenshots/screenshot-6805150307027419616
16:59:55.155 [Darkroom Processing Line] DEBUG net.serenitybdd.core.photography.DarkroomProcessingLine - Saving screenshot to target\site\serenity\5c136ea59352276d5b9de9fb78a6bbe4a370707dc878ea5188fb5cad7dbb34da.png
16:59:55.175 [Forwarding findElement on session 98492748f320068fedf0c2036728bcd9 to remote] DEBUG org.asynchttpclient.netty.request.NettyRequestSender - Using pooled Channel '[id: 0x45a2a419, L:/127.0.0.1:4943 - R:localhost/127.0.0.1:56249]' for 'POST' to 'http://localhost:56249/session/98492748f320068fedf0c2036728bcd9/element'
16:59:55.175 [Forwarding findElement on session 98492748f320068fedf0c2036728bcd9 to remote] DEBUG org.asynchttpclient.netty.request.NettyRequestSender - Using open Channel [id: 0x45a2a419, L:/127.0.0.1:4943 - R:localhost/127.0.0.1:56249] for POST '/session/98492748f320068fedf0c2036728bcd9/element'
16:59:55.192 [AsyncHttpClient-1-7] DEBUG org.asynchttpclient.netty.handler.HttpHandler - 

Request DefaultHttpRequest(decodeResult: success, version: HTTP/1.1)
POST /session/98492748f320068fedf0c2036728bcd9/element HTTP/1.1
User-Agent: selenium/4.1.2 (java windows)
Content-Length: 88
Content-Type: application/json; charset=utf-8
host: localhost:56249
accept: */*

Response DefaultHttpResponse(decodeResult: success, version: HTTP/1.1)
HTTP/1.1 200 OK
Content-Type: application/json; charset=utf-8
cache-control: no-cache
content-length: 88

16:59:55.193 [AsyncHttpClient-1-7] DEBUG org.asynchttpclient.netty.channel.ChannelManager - Adding key: http://localhost:56249 for channel [id: 0x45a2a419, L:/127.0.0.1:4943 - R:localhost/127.0.0.1:56249]
16:59:55.194 [Forwarding getElementTagName on session 98492748f320068fedf0c2036728bcd9 to remote] DEBUG org.asynchttpclient.netty.request.NettyRequestSender - Using pooled Channel '[id: 0x45a2a419, L:/127.0.0.1:4943 - R:localhost/127.0.0.1:56249]' for 'GET' to 'http://localhost:56249/session/98492748f320068fedf0c2036728bcd9/element/db16250f-a0e8-420c-ab65-4c9f9a18d2f3/name'
16:59:55.194 [Forwarding getElementTagName on session 98492748f320068fedf0c2036728bcd9 to remote] DEBUG org.asynchttpclient.netty.request.NettyRequestSender - Using open Channel [id: 0x45a2a419, L:/127.0.0.1:4943 - R:localhost/127.0.0.1:56249] for GET '/session/98492748f320068fedf0c2036728bcd9/element/db16250f-a0e8-420c-ab65-4c9f9a18d2f3/name'
16:59:55.204 [AsyncHttpClient-1-7] DEBUG org.asynchttpclient.netty.handler.HttpHandler - 

Request DefaultFullHttpRequest(decodeResult: success, version: HTTP/1.1, content: EmptyByteBufBE)
GET /session/98492748f320068fedf0c2036728bcd9/element/db16250f-a0e8-420c-ab65-4c9f9a18d2f3/name HTTP/1.1
User-Agent: selenium/4.1.2 (java windows)
Cache-Control: no-cache
Content-Type: application/json; charset=utf-8
host: localhost:56249
accept: */*

Response DefaultHttpResponse(decodeResult: success, version: HTTP/1.1)
HTTP/1.1 200 OK
Content-Type: application/json; charset=utf-8
cache-control: no-cache
content-length: 16

16:59:55.204 [AsyncHttpClient-1-7] DEBUG org.asynchttpclient.netty.channel.ChannelManager - Adding key: http://localhost:56249 for channel [id: 0x45a2a419, L:/127.0.0.1:4943 - R:localhost/127.0.0.1:56249]
16:59:55.206 [Forwarding getElementTagName on session 98492748f320068fedf0c2036728bcd9 to remote] DEBUG org.asynchttpclient.netty.request.NettyRequestSender - Using pooled Channel '[id: 0x45a2a419, L:/127.0.0.1:4943 - R:localhost/127.0.0.1:56249]' for 'GET' to 'http://localhost:56249/session/98492748f320068fedf0c2036728bcd9/element/db16250f-a0e8-420c-ab65-4c9f9a18d2f3/name'
16:59:55.206 [Forwarding getElementTagName on session 98492748f320068fedf0c2036728bcd9 to remote] DEBUG org.asynchttpclient.netty.request.NettyRequestSender - Using open Channel [id: 0x45a2a419, L:/127.0.0.1:4943 - R:localhost/127.0.0.1:56249] for GET '/session/98492748f320068fedf0c2036728bcd9/element/db16250f-a0e8-420c-ab65-4c9f9a18d2f3/name'
16:59:55.210 [AsyncHttpClient-1-7] DEBUG org.asynchttpclient.netty.handler.HttpHandler - 

Request DefaultFullHttpRequest(decodeResult: success, version: HTTP/1.1, content: EmptyByteBufBE)
GET /session/98492748f320068fedf0c2036728bcd9/element/db16250f-a0e8-420c-ab65-4c9f9a18d2f3/name HTTP/1.1
User-Agent: selenium/4.1.2 (java windows)
Cache-Control: no-cache
Content-Type: application/json; charset=utf-8
host: localhost:56249
accept: */*

Response DefaultHttpResponse(decodeResult: success, version: HTTP/1.1)
HTTP/1.1 200 OK
Content-Type: application/json; charset=utf-8
cache-control: no-cache
content-length: 16

16:59:55.210 [AsyncHttpClient-1-7] DEBUG org.asynchttpclient.netty.channel.ChannelManager - Adding key: http://localhost:56249 for channel [id: 0x45a2a419, L:/127.0.0.1:4943 - R:localhost/127.0.0.1:56249]
16:59:55.212 [Forwarding findElement on session 98492748f320068fedf0c2036728bcd9 to remote] DEBUG org.asynchttpclient.netty.request.NettyRequestSender - Using pooled Channel '[id: 0x45a2a419, L:/127.0.0.1:4943 - R:localhost/127.0.0.1:56249]' for 'POST' to 'http://localhost:56249/session/98492748f320068fedf0c2036728bcd9/element'
16:59:55.212 [Forwarding findElement on session 98492748f320068fedf0c2036728bcd9 to remote] DEBUG org.asynchttpclient.netty.request.NettyRequestSender - Using open Channel [id: 0x45a2a419, L:/127.0.0.1:4943 - R:localhost/127.0.0.1:56249] for POST '/session/98492748f320068fedf0c2036728bcd9/element'
16:59:55.225 [AsyncHttpClient-1-7] DEBUG org.asynchttpclient.netty.handler.HttpHandler - 

Request DefaultHttpRequest(decodeResult: success, version: HTTP/1.1)
POST /session/98492748f320068fedf0c2036728bcd9/element HTTP/1.1
User-Agent: selenium/4.1.2 (java windows)
Content-Length: 88
Content-Type: application/json; charset=utf-8
host: localhost:56249
accept: */*

Response DefaultHttpResponse(decodeResult: success, version: HTTP/1.1)
HTTP/1.1 200 OK
Content-Type: application/json; charset=utf-8
cache-control: no-cache
content-length: 88

16:59:55.225 [AsyncHttpClient-1-7] DEBUG org.asynchttpclient.netty.channel.ChannelManager - Adding key: http://localhost:56249 for channel [id: 0x45a2a419, L:/127.0.0.1:4943 - R:localhost/127.0.0.1:56249]
16:59:55.227 [Forwarding clickElement on session 98492748f320068fedf0c2036728bcd9 to remote] DEBUG org.asynchttpclient.netty.request.NettyRequestSender - Using pooled Channel '[id: 0x45a2a419, L:/127.0.0.1:4943 - R:localhost/127.0.0.1:56249]' for 'POST' to 'http://localhost:56249/session/98492748f320068fedf0c2036728bcd9/element/db16250f-a0e8-420c-ab65-4c9f9a18d2f3/click'
16:59:55.227 [Forwarding clickElement on session 98492748f320068fedf0c2036728bcd9 to remote] DEBUG org.asynchttpclient.netty.request.NettyRequestSender - Using open Channel [id: 0x45a2a419, L:/127.0.0.1:4943 - R:localhost/127.0.0.1:56249] for POST '/session/98492748f320068fedf0c2036728bcd9/element/db16250f-a0e8-420c-ab65-4c9f9a18d2f3/click'
16:59:55.732 [AsyncHttpClient-1-1] DEBUG org.asynchttpclient.netty.channel.DefaultChannelPool - Entry count for : http://localhost:4944 : 1
16:59:56.924 [AsyncHttpClient-1-1] DEBUG org.asynchttpclient.netty.channel.DefaultChannelPool - Entry count for : http://localhost:4944 : 1
16:59:58.019 [AsyncHttpClient-1-1] DEBUG org.asynchttpclient.netty.channel.DefaultChannelPool - Entry count for : http://localhost:4944 : 1
16:59:59.115 [AsyncHttpClient-1-1] DEBUG org.asynchttpclient.netty.channel.DefaultChannelPool - Entry count for : http://localhost:4944 : 1
17:00:00.020 [AsyncHttpClient-1-7] DEBUG org.asynchttpclient.netty.handler.HttpHandler - 

Request DefaultHttpRequest(decodeResult: success, version: HTTP/1.1)
POST /session/98492748f320068fedf0c2036728bcd9/element/db16250f-a0e8-420c-ab65-4c9f9a18d2f3/click HTTP/1.1
User-Agent: selenium/4.1.2 (java windows)
Content-Length: 50
Content-Type: application/json; charset=utf-8
host: localhost:56249
accept: */*

Response DefaultHttpResponse(decodeResult: success, version: HTTP/1.1)
HTTP/1.1 200 OK
Content-Type: application/json; charset=utf-8
cache-control: no-cache
content-length: 14

17:00:00.020 [AsyncHttpClient-1-7] DEBUG org.asynchttpclient.netty.channel.ChannelManager - Adding key: http://localhost:56249 for channel [id: 0x45a2a419, L:/127.0.0.1:4943 - R:localhost/127.0.0.1:56249]
  &amp#27;[32mWhen &amp#27;[0m&amp#27;[32mI click Understanding ECMAScript 6&amp#27;[0m                    &amp#27;[90m# starter.stepdefinitions.CollectionStep.iClickUnderstandingECMAScript6()&amp#27;[0m
17:00:00.035 [Forwarding screenshot on session 98492748f320068fedf0c2036728bcd9 to remote] DEBUG org.asynchttpclient.netty.request.NettyRequestSender - Using pooled Channel '[id: 0x45a2a419, L:/127.0.0.1:4943 - R:localhost/127.0.0.1:56249]' for 'GET' to 'http://localhost:56249/session/98492748f320068fedf0c2036728bcd9/screenshot'
17:00:00.035 [Forwarding screenshot on session 98492748f320068fedf0c2036728bcd9 to remote] DEBUG org.asynchttpclient.netty.request.NettyRequestSender - Using open Channel [id: 0x45a2a419, L:/127.0.0.1:4943 - R:localhost/127.0.0.1:56249] for GET '/session/98492748f320068fedf0c2036728bcd9/screenshot'
17:00:00.219 [AsyncHttpClient-1-1] DEBUG org.asynchttpclient.netty.channel.DefaultChannelPool - Entry count for : http://localhost:4944 : 1
17:00:00.450 [AsyncHttpClient-1-7] DEBUG org.asynchttpclient.netty.handler.HttpHandler - 

Request DefaultFullHttpRequest(decodeResult: success, version: HTTP/1.1, content: EmptyByteBufBE)
GET /session/98492748f320068fedf0c2036728bcd9/screenshot HTTP/1.1
User-Agent: selenium/4.1.2 (java windows)
Cache-Control: no-cache
Content-Type: application/json; charset=utf-8
host: localhost:56249
accept: */*

Response DefaultHttpResponse(decodeResult: success, version: HTTP/1.1)
HTTP/1.1 200 OK
Content-Type: application/json; charset=utf-8
cache-control: no-cache
content-length: 364892

17:00:00.452 [AsyncHttpClient-1-7] DEBUG org.asynchttpclient.netty.channel.ChannelManager - Adding key: http://localhost:56249 for channel [id: 0x45a2a419, L:/127.0.0.1:4943 - R:localhost/127.0.0.1:56249]
17:00:00.557 [main] DEBUG net.serenitybdd.core.photography.Darkroom - Send negative for processing for target\site\serenity\0af283714626807b5429efd983a3cb2334230740c156d56a507df25a59b91b9e.png
17:00:00.558 [Darkroom Processing Line] DEBUG net.serenitybdd.core.photography.DarkroomProcessingLine - Processing screenshot image in /var/screenshots/screenshot-9390410037385183882
17:00:00.558 [Darkroom Processing Line] DEBUG net.serenitybdd.core.photography.DarkroomProcessingLine - Saving screenshot to target\site\serenity\0af283714626807b5429efd983a3cb2334230740c156d56a507df25a59b91b9e.png
17:00:00.573 [Forwarding findElement on session 98492748f320068fedf0c2036728bcd9 to remote] DEBUG org.asynchttpclient.netty.request.NettyRequestSender - Using pooled Channel '[id: 0x45a2a419, L:/127.0.0.1:4943 - R:localhost/127.0.0.1:56249]' for 'POST' to 'http://localhost:56249/session/98492748f320068fedf0c2036728bcd9/element'
17:00:00.573 [Forwarding findElement on session 98492748f320068fedf0c2036728bcd9 to remote] DEBUG org.asynchttpclient.netty.request.NettyRequestSender - Using open Channel [id: 0x45a2a419, L:/127.0.0.1:4943 - R:localhost/127.0.0.1:56249] for POST '/session/98492748f320068fedf0c2036728bcd9/element'
17:00:00.975 [AsyncHttpClient-1-7] DEBUG org.asynchttpclient.netty.handler.HttpHandler - 

Request DefaultHttpRequest(decodeResult: success, version: HTTP/1.1)
POST /session/98492748f320068fedf0c2036728bcd9/element HTTP/1.1
User-Agent: selenium/4.1.2 (java windows)
Content-Length: 78
Content-Type: application/json; charset=utf-8
host: localhost:56249
accept: */*

Response DefaultHttpResponse(decodeResult: success, version: HTTP/1.1)
HTTP/1.1 200 OK
Content-Type: application/json; charset=utf-8
cache-control: no-cache
content-length: 88

17:00:00.975 [AsyncHttpClient-1-7] DEBUG org.asynchttpclient.netty.channel.ChannelManager - Adding key: http://localhost:56249 for channel [id: 0x45a2a419, L:/127.0.0.1:4943 - R:localhost/127.0.0.1:56249]
17:00:00.983 [Forwarding isElementDisplayed on session 98492748f320068fedf0c2036728bcd9 to remote] DEBUG org.asynchttpclient.netty.request.NettyRequestSender - Using pooled Channel '[id: 0x45a2a419, L:/127.0.0.1:4943 - R:localhost/127.0.0.1:56249]' for 'POST' to 'http://localhost:56249/session/98492748f320068fedf0c2036728bcd9/execute/sync'
17:00:00.983 [Forwarding isElementDisplayed on session 98492748f320068fedf0c2036728bcd9 to remote] DEBUG org.asynchttpclient.netty.request.NettyRequestSender - Using open Channel [id: 0x45a2a419, L:/127.0.0.1:4943 - R:localhost/127.0.0.1:56249] for POST '/session/98492748f320068fedf0c2036728bcd9/execute/sync'
17:00:01.011 [AsyncHttpClient-1-7] DEBUG org.asynchttpclient.netty.handler.HttpHandler - 

Request DefaultHttpRequest(decodeResult: success, version: HTTP/1.1)
POST /session/98492748f320068fedf0c2036728bcd9/execute/sync HTTP/1.1
User-Agent: selenium/4.1.2 (java windows)
Content-Length: 48780
Content-Type: application/json; charset=utf-8
host: localhost:56249
accept: */*

Response DefaultHttpResponse(decodeResult: success, version: HTTP/1.1)
HTTP/1.1 200 OK
Content-Type: application/json; charset=utf-8
cache-control: no-cache
content-length: 14

17:00:01.011 [AsyncHttpClient-1-7] DEBUG org.asynchttpclient.netty.channel.ChannelManager - Adding key: http://localhost:56249 for channel [id: 0x45a2a419, L:/127.0.0.1:4943 - R:localhost/127.0.0.1:56249]
  &amp#27;[32mThen &amp#27;[0m&amp#27;[32mI will get information&amp#27;[0m                                &amp#27;[90m# starter.stepdefinitions.CollectionStep.iWillGetPageMessage()&amp#27;[0m
17:00:01.028 [Forwarding screenshot on session 98492748f320068fedf0c2036728bcd9 to remote] DEBUG org.asynchttpclient.netty.request.NettyRequestSender - Using pooled Channel '[id: 0x45a2a419, L:/127.0.0.1:4943 - R:localhost/127.0.0.1:56249]' for 'GET' to 'http://localhost:56249/session/98492748f320068fedf0c2036728bcd9/screenshot'
17:00:01.028 [Forwarding screenshot on session 98492748f320068fedf0c2036728bcd9 to remote] DEBUG org.asynchttpclient.netty.request.NettyRequestSender - Using open Channel [id: 0x45a2a419, L:/127.0.0.1:4943 - R:localhost/127.0.0.1:56249] for GET '/session/98492748f320068fedf0c2036728bcd9/screenshot'
17:00:01.265 [AsyncHttpClient-1-7] DEBUG org.asynchttpclient.netty.handler.HttpHandler - 

Request DefaultFullHttpRequest(decodeResult: success, version: HTTP/1.1, content: EmptyByteBufBE)
GET /session/98492748f320068fedf0c2036728bcd9/screenshot HTTP/1.1
User-Agent: selenium/4.1.2 (java windows)
Cache-Control: no-cache
Content-Type: application/json; charset=utf-8
host: localhost:56249
accept: */*

Response DefaultHttpResponse(decodeResult: success, version: HTTP/1.1)
HTTP/1.1 200 OK
Content-Type: application/json; charset=utf-8
cache-control: no-cache
content-length: 364892

17:00:01.267 [AsyncHttpClient-1-7] DEBUG org.asynchttpclient.netty.channel.ChannelManager - Adding key: http://localhost:56249 for channel [id: 0x45a2a419, L:/127.0.0.1:4943 - R:localhost/127.0.0.1:56249]
17:00:01.280 [main] DEBUG net.serenitybdd.core.photography.Darkroom - Send negative for processing for target\site\serenity\0af283714626807b5429efd983a3cb2334230740c156d56a507df25a59b91b9e.png
17:00:01.284 [main] INFO  - 
  _____   ___   ___   _____     ___     _     ___   ___   ___   ___  
 |_   _| | __| / __| |_   _|   | _ \   /_\   / __| / __| | __| |   \ 
   | |   | _|  \__ \   | |     |  _/  / _ \  \__ \ \__ \ | _|  | |) |
   |_|   |___| |___/   |_|     |_|   /_/ \_\ |___/ |___/ |___| |___/ 

See Information of Understanding ECMAScript 6 Book
----------------------------------------------------------------------
17:00:01.286 [AsyncHttpClient-1-9] DEBUG org.asynchttpclient.netty.handler.WebSocketHandler - Channel Closed: [id: 0x415c08f8, L:/127.0.0.1:4954 ! R:localhost/127.0.0.1:4944] with attribute NettyResponseFuture{currentRetry=5,
	isDone=1,
	isCancelled=0,
	asyncHandler=org.asynchttpclient.ws.WebSocketUpgradeHandler@5365d8e7,
	nettyRequest=org.asynchttpclient.netty.request.NettyRequest@7ae4fa55,
	future=java.util.concurrent.CompletableFuture@526ad92c[Completed normally],
	uri=ws://localhost:4944/devtools/browser/ef454674-0978-4ac1-b814-6fffac8efe27,
	keepAlive=true,
	redirectCount=0,
	timeoutsHolder=null,
	inAuth=0,
	touch=1664963961861}
17:00:01.286 [AsyncHttpClient-1-9] DEBUG org.asynchttpclient.netty.channel.ChannelManager - Closing Channel [id: 0x415c08f8, L:/127.0.0.1:4954 ! R:localhost/127.0.0.1:4944] 
17:00:01.287 [Driver Command Executor] DEBUG org.asynchttpclient.netty.request.NettyRequestSender - Using pooled Channel '[id: 0x45a2a419, L:/127.0.0.1:4943 - R:localhost/127.0.0.1:56249]' for 'DELETE' to 'http://localhost:56249/session/98492748f320068fedf0c2036728bcd9'
17:00:01.287 [Driver Command Executor] DEBUG org.asynchttpclient.netty.request.NettyRequestSender - Using open Channel [id: 0x45a2a419, L:/127.0.0.1:4943 - R:localhost/127.0.0.1:56249] for DELETE '/session/98492748f320068fedf0c2036728bcd9'
17:00:01.314 [AsyncHttpClient-1-1] DEBUG org.asynchttpclient.netty.channel.DefaultChannelPool - Entry count for : http://localhost:4944 : 1
17:00:01.436 [AsyncHttpClient-1-8] DEBUG org.asynchttpclient.netty.handler.HttpHandler - Unexpected I/O exception on channel [id: 0xc47cbd17, L:/127.0.0.1:4953 - R:localhost/127.0.0.1:4944]
java.io.IOException: An existing connection was forcibly closed by the remote host
	at java.base/sun.nio.ch.SocketDispatcher.read0(Native Method)
	at java.base/sun.nio.ch.SocketDispatcher.read(SocketDispatcher.java:43)
	at java.base/sun.nio.ch.IOUtil.readIntoNativeBuffer(IOUtil.java:276)
	at java.base/sun.nio.ch.IOUtil.read(IOUtil.java:233)
	at java.base/sun.nio.ch.IOUtil.read(IOUtil.java:223)
	at java.base/sun.nio.ch.SocketChannelImpl.read(SocketChannelImpl.java:358)
	at io.netty.buffer.PooledByteBuf.setBytes(PooledByteBuf.java:258)
	at io.netty.buffer.AbstractByteBuf.writeBytes(AbstractByteBuf.java:1132)
	at io.netty.channel.socket.nio.NioSocketChannel.doReadBytes(NioSocketChannel.java:350)
	at io.netty.channel.nio.AbstractNioByteChannel$NioByteUnsafe.read(AbstractNioByteChannel.java:151)
	at io.netty.channel.nio.NioEventLoop.processSelectedKey(NioEventLoop.java:722)
	at io.netty.channel.nio.NioEventLoop.processSelectedKeysOptimized(NioEventLoop.java:658)
	at io.netty.channel.nio.NioEventLoop.processSelectedKeys(NioEventLoop.java:584)
	at io.netty.channel.nio.NioEventLoop.run(NioEventLoop.java:496)
	at io.netty.util.concurrent.SingleThreadEventExecutor$4.run(SingleThreadEventExecutor.java:986)
	at io.netty.util.internal.ThreadExecutorMap$2.run(ThreadExecutorMap.java:74)
	at io.netty.util.concurrent.FastThreadLocalRunnable.run(FastThreadLocalRunnable.java:30)
	at java.base/java.lang.Thread.run(Thread.java:834)
17:00:01.436 [AsyncHttpClient-1-8] DEBUG org.asynchttpclient.netty.channel.ChannelManager - Closing Channel [id: 0xc47cbd17, L:/127.0.0.1:4953 - R:localhost/127.0.0.1:4944] 
17:00:01.437 [AsyncHttpClient-1-8] DEBUG org.asynchttpclient.netty.handler.HttpHandler - Channel Closed: [id: 0xc47cbd17, L:/127.0.0.1:4953 ! R:localhost/127.0.0.1:4944] with attribute DISCARD
17:00:01.465 [AsyncHttpClient-1-7] DEBUG org.asynchttpclient.netty.handler.HttpHandler - 

Request DefaultFullHttpRequest(decodeResult: success, version: HTTP/1.1, content: EmptyByteBufBE)
DELETE /session/98492748f320068fedf0c2036728bcd9 HTTP/1.1
User-Agent: selenium/4.1.2 (java windows)
Content-Type: application/json; charset=utf-8
host: localhost:56249
accept: */*

Response DefaultHttpResponse(decodeResult: success, version: HTTP/1.1)
HTTP/1.1 200 OK
Content-Type: application/json; charset=utf-8
cache-control: no-cache
content-length: 14

17:00:01.465 [AsyncHttpClient-1-7] DEBUG org.asynchttpclient.netty.channel.ChannelManager - Adding key: http://localhost:56249 for channel [id: 0x45a2a419, L:/127.0.0.1:4943 - R:localhost/127.0.0.1:56249]
17:00:01.580 [AsyncHttpClient-1-7] DEBUG org.asynchttpclient.netty.handler.HttpHandler - Channel Closed: [id: 0x45a2a419, L:/127.0.0.1:4943 ! R:localhost/127.0.0.1:56249] with attribute DISCARD
]]></system-out>
    <system-err><![CDATA[Starting Microsoft Edge WebDriver 105.0.1343.53 (3a47f00402d579c8ba1fad7e143f9d73831b6765) on port 56249
To submit feedback, report a bug, or suggest new features, please visit https://github.com/MicrosoftEdge/EdgeWebDriver

Only local connections are allowed.
Please see https://aka.ms/WebDriverSecurity for suggestions on keeping Microsoft Edge WebDriver safe.

Microsoft Edge WebDriver was started successfully.
Oct 05, 2022 4:59:21 PM org.openqa.selenium.remote.ProtocolHandshake createSession
INFO: Detected dialect: W3C
Oct 05, 2022 4:59:21 PM org.openqa.selenium.devtools.CdpVersionFinder findNearestMatch
WARNING: Unable to find an exact match for CDP version 105, so returning the closest version found: a no-op implementation
Oct 05, 2022 4:59:21 PM org.openqa.selenium.devtools.CdpVersionFinder findNearestMatch
INFO: Unable to find CDP implementation matching 105.
Oct 05, 2022 4:59:21 PM org.openqa.selenium.chromium.ChromiumDriver lambda$new$3
WARNING: Unable to find version of CDP to use for . You may need to include a dependency on a specific version of the CDP using something similar to `org.seleniumhq.selenium:selenium-devtools-v86:4.1.2` where the version ("v86") matches the version of the chromium-based browser you're using and the version number of the artifact is the same as Selenium's.
]]></system-err>
  </testcase>
  <testcase name="Login with valid userName and Password" classname="Login" time="52.591">
    <system-out><![CDATA[17:00:01.667 [main] INFO io.cucumber.core.plugin.SerenityReporter - Running feature from file:///D:/File%20Baru/Kuliah/Quality%20Engineer/qe_Bayu-Septyan-Nur-Hidayat/21_Review_Web_UI_Testing_with_Serenity/Praktikum/untitled/src/test/resources/features/Login.feature
17:00:01.675 [main] DEBUG net.thucydides.core.steps.StepEventBus - Test suite started for story net.thucydides.core.model.Story@23282f08
17:00:01.676 [main] INFO  - Test Suite Started: Login

Scenario: Login with valid userName and Password &amp#27;[90m# src/test/resources/features/Login.feature:6&amp#27;[0m
17:00:01.701 [main] INFO io.cucumber.core.plugin.SerenityReporter - Running feature from file:///D:/File%20Baru/Kuliah/Quality%20Engineer/qe_Bayu-Septyan-Nur-Hidayat/21_Review_Web_UI_Testing_with_Serenity/Praktikum/untitled/src/test/resources/features/Login.feature
17:00:01.704 [main] INFO  - 
  _____   ___   ___   _____     ___   _____     _     ___   _____   ___   ___  
 |_   _| | __| / __| |_   _|   / __| |_   _|   /_\   | _ \ |_   _| | __| |   \ 
   | |   | _|  \__ \   | |     \__ \   | |    / _ \  |   /   | |   | _|  | |) |
   |_|   |___| |___/   |_|     |___/   |_|   /_/ \_\ |_|_\   |_|   |___| |___/ 

Login with valid userName and Password(login;login-with-valid-username-and-password)
--------------------------------------------------------------------------------
17:00:02.500 [AsyncHttpClient-1-1] DEBUG org.asynchttpclient.netty.channel.DefaultChannelPool - Entry count for : http://localhost:4944 : 1
17:00:02.500 [AsyncHttpClient-1-1] DEBUG org.asynchttpclient.netty.channel.DefaultChannelPool - Entry count for : http://localhost:56249 : 1
17:00:02.500 [AsyncHttpClient-1-1] DEBUG org.asynchttpclient.netty.channel.DefaultChannelPool - Adding Candidate expired Channel [id: 0xc47cbd17, L:/127.0.0.1:4953 ! R:localhost/127.0.0.1:4944] isIdleTimeoutExpired=false isRemotelyClosed=true isTtlExpired=false
17:00:02.500 [AsyncHttpClient-1-1] DEBUG org.asynchttpclient.netty.channel.DefaultChannelPool - Closing Idle Channel [id: 0xc47cbd17, L:/127.0.0.1:4953 ! R:localhost/127.0.0.1:4944]
17:00:02.501 [AsyncHttpClient-1-1] DEBUG org.asynchttpclient.netty.channel.DefaultChannelPool - Adding Candidate expired Channel [id: 0x45a2a419, L:/127.0.0.1:4943 ! R:localhost/127.0.0.1:56249] isIdleTimeoutExpired=false isRemotelyClosed=true isTtlExpired=false
17:00:02.501 [AsyncHttpClient-1-1] DEBUG org.asynchttpclient.netty.channel.DefaultChannelPool - Closing Idle Channel [id: 0x45a2a419, L:/127.0.0.1:4943 ! R:localhost/127.0.0.1:56249]
17:00:02.501 [AsyncHttpClient-1-1] DEBUG org.asynchttpclient.netty.channel.DefaultChannelPool - Closed 2 connections out of 2 in 1 ms
17:00:02.821 [main] DEBUG io.github.bonigarcia.wdm.cache.ResolutionCache - Resolution edge=105 in cache (valid until 17:51:16 05/10/2022 ICT)
17:00:02.829 [main] DEBUG io.github.bonigarcia.wdm.cache.ResolutionCache - Resolution edge105=105.0.1343.53 in cache (valid until 15:48:55 06/10/2022 ICT)
17:00:02.833 [main] INFO io.github.bonigarcia.wdm.WebDriverManager - Using msedgedriver 105.0.1343.53 (resolved driver for Edge 105)
17:00:02.849 [main] DEBUG io.github.bonigarcia.wdm.WebDriverManager - Driver msedgedriver 105.0.1343.53 found in cache
17:00:02.851 [main] INFO io.github.bonigarcia.wdm.WebDriverManager - Exporting webdriver.edge.driver as C:\Users\Bayu\.cache\selenium\msedgedriver\win64\105.0.1343.53\msedgedriver.exe
17:00:02.854 [main] DEBUG net.serenitybdd.core.webdriver.driverproviders.ProvideNewDriver - Instantiating driver
17:00:02.854 [main] DEBUG net.serenitybdd.core.webdriver.driverproviders.ProvideNewDriver - Driver capabilities: Capabilities {base.url: https://demoqa.com, driver: edge, edge.driver: src/test/resources/webdrive..., ms:edgeChromium: true, ms:edgeOptions: {}}
17:00:03.099 [AsyncHttpClient-1-2] DEBUG org.asynchttpclient.netty.channel.NettyConnectListener - Using new Channel '[id: 0xedec7daa, L:/127.0.0.1:5128 - R:localhost/127.0.0.1:65449]' for 'POST' to '/session'
17:00:04.982 [AsyncHttpClient-1-2] DEBUG org.asynchttpclient.netty.handler.HttpHandler - 

Request DefaultHttpRequest(decodeResult: success, version: HTTP/1.1)
POST /session HTTP/1.1
User-Agent: selenium/4.1.2 (java windows)
Content-Length: 591
Content-Type: application/json; charset=utf-8
host: localhost:65449
accept: */*

Response DefaultHttpResponse(decodeResult: success, version: HTTP/1.1)
HTTP/1.1 200 OK
Content-Type: application/json; charset=utf-8
cache-control: no-cache
content-length: 753

17:00:04.983 [AsyncHttpClient-1-2] DEBUG org.asynchttpclient.netty.channel.ChannelManager - Adding key: http://localhost:65449 for channel [id: 0xedec7daa, L:/127.0.0.1:5128 - R:localhost/127.0.0.1:65449]
17:00:04.996 [AsyncHttpClient-1-3] DEBUG org.asynchttpclient.netty.channel.NettyConnectListener - Using new Channel '[id: 0x794ec973, L:/127.0.0.1:5140 - R:localhost/127.0.0.1:5132]' for 'GET' to '/json/version'
17:00:04.997 [AsyncHttpClient-1-3] DEBUG org.asynchttpclient.netty.handler.HttpHandler - 

Request DefaultFullHttpRequest(decodeResult: success, version: HTTP/1.1, content: EmptyByteBufBE)
GET /json/version HTTP/1.1
User-Agent: selenium/4.1.2 (java windows)
host: localhost:5132
accept: */*

Response DefaultHttpResponse(decodeResult: success, version: HTTP/1.1)
HTTP/1.1 200 OK
Content-Type: application/json; charset=UTF-8
content-length: 435

17:00:04.998 [AsyncHttpClient-1-3] DEBUG org.asynchttpclient.netty.channel.ChannelManager - Adding key: http://localhost:5132 for channel [id: 0x794ec973, L:/127.0.0.1:5140 - R:localhost/127.0.0.1:5132]
17:00:05.002 [AsyncHttpClient-1-4] DEBUG org.asynchttpclient.netty.channel.NettyConnectListener - Using new Channel '[id: 0x31dc383a, L:/127.0.0.1:5141 - R:localhost/127.0.0.1:5132]' for 'GET' to '/devtools/browser/a750ede2-4693-4a05-b079-bc09fc7c4102'
17:00:05.003 [AsyncHttpClient-1-4] DEBUG org.asynchttpclient.netty.handler.WebSocketHandler - 

Request DefaultFullHttpRequest(decodeResult: success, version: HTTP/1.1, content: EmptyByteBufBE)
GET /devtools/browser/a750ede2-4693-4a05-b079-bc09fc7c4102 HTTP/1.1
upgrade: websocket
connection: upgrade
sec-websocket-key: JaDqen+Qa+zrOQU7N+9UtA==
sec-websocket-version: 13
origin: http://localhost:5132
host: localhost:5132
accept: */*
user-agent: AHC/2.1

Response DefaultHttpResponse(decodeResult: success, version: HTTP/1.1)
HTTP/1.1 101 WebSocket Protocol Handshake
Upgrade: WebSocket
Connection: Upgrade
Sec-WebSocket-Accept: ho+SasTtWY1S8tXT68ldoelzKTA=

17:00:05.012 [Forwarding get on session 4ad12421f058a1bb6ff0447269cd79a6 to remote] DEBUG org.asynchttpclient.netty.request.NettyRequestSender - Using pooled Channel '[id: 0xedec7daa, L:/127.0.0.1:5128 - R:localhost/127.0.0.1:65449]' for 'POST' to 'http://localhost:65449/session/4ad12421f058a1bb6ff0447269cd79a6/url'
17:00:05.012 [Forwarding get on session 4ad12421f058a1bb6ff0447269cd79a6 to remote] DEBUG org.asynchttpclient.netty.request.NettyRequestSender - Using open Channel [id: 0xedec7daa, L:/127.0.0.1:5128 - R:localhost/127.0.0.1:65449] for POST '/session/4ad12421f058a1bb6ff0447269cd79a6/url'
17:00:05.719 [AsyncHttpClient-1-1] DEBUG org.asynchttpclient.netty.channel.DefaultChannelPool - Entry count for : http://localhost:5132 : 1
17:00:06.815 [AsyncHttpClient-1-1] DEBUG org.asynchttpclient.netty.channel.DefaultChannelPool - Entry count for : http://localhost:5132 : 1
17:00:07.913 [AsyncHttpClient-1-1] DEBUG org.asynchttpclient.netty.channel.DefaultChannelPool - Entry count for : http://localhost:5132 : 1
17:00:09.013 [AsyncHttpClient-1-1] DEBUG org.asynchttpclient.netty.channel.DefaultChannelPool - Entry count for : http://localhost:5132 : 1
17:00:10.114 [AsyncHttpClient-1-1] DEBUG org.asynchttpclient.netty.channel.DefaultChannelPool - Entry count for : http://localhost:5132 : 1
17:00:11.218 [AsyncHttpClient-1-1] DEBUG org.asynchttpclient.netty.channel.DefaultChannelPool - Entry count for : http://localhost:5132 : 1
17:00:12.327 [AsyncHttpClient-1-1] DEBUG org.asynchttpclient.netty.channel.DefaultChannelPool - Entry count for : http://localhost:5132 : 1
17:00:13.417 [AsyncHttpClient-1-1] DEBUG org.asynchttpclient.netty.channel.DefaultChannelPool - Entry count for : http://localhost:5132 : 1
17:00:14.517 [AsyncHttpClient-1-1] DEBUG org.asynchttpclient.netty.channel.DefaultChannelPool - Entry count for : http://localhost:5132 : 1
17:00:15.614 [AsyncHttpClient-1-1] DEBUG org.asynchttpclient.netty.channel.DefaultChannelPool - Entry count for : http://localhost:5132 : 1
17:00:16.720 [AsyncHttpClient-1-1] DEBUG org.asynchttpclient.netty.channel.DefaultChannelPool - Entry count for : http://localhost:5132 : 1
17:00:17.817 [AsyncHttpClient-1-1] DEBUG org.asynchttpclient.netty.channel.DefaultChannelPool - Entry count for : http://localhost:5132 : 1
17:00:18.917 [AsyncHttpClient-1-1] DEBUG org.asynchttpclient.netty.channel.DefaultChannelPool - Entry count for : http://localhost:5132 : 1
17:00:20.013 [AsyncHttpClient-1-1] DEBUG org.asynchttpclient.netty.channel.DefaultChannelPool - Entry count for : http://localhost:5132 : 1
17:00:21.116 [AsyncHttpClient-1-1] DEBUG org.asynchttpclient.netty.channel.DefaultChannelPool - Entry count for : http://localhost:5132 : 1
17:00:22.214 [AsyncHttpClient-1-1] DEBUG org.asynchttpclient.netty.channel.DefaultChannelPool - Entry count for : http://localhost:5132 : 1
17:00:23.313 [AsyncHttpClient-1-1] DEBUG org.asynchttpclient.netty.channel.DefaultChannelPool - Entry count for : http://localhost:5132 : 1
17:00:24.419 [AsyncHttpClient-1-1] DEBUG org.asynchttpclient.netty.channel.DefaultChannelPool - Entry count for : http://localhost:5132 : 1
17:00:25.513 [AsyncHttpClient-1-1] DEBUG org.asynchttpclient.netty.channel.DefaultChannelPool - Entry count for : http://localhost:5132 : 1
17:00:26.615 [AsyncHttpClient-1-1] DEBUG org.asynchttpclient.netty.channel.DefaultChannelPool - Entry count for : http://localhost:5132 : 1
17:00:27.713 [AsyncHttpClient-1-1] DEBUG org.asynchttpclient.netty.channel.DefaultChannelPool - Entry count for : http://localhost:5132 : 1
17:00:28.813 [AsyncHttpClient-1-1] DEBUG org.asynchttpclient.netty.channel.DefaultChannelPool - Entry count for : http://localhost:5132 : 1
17:00:29.926 [AsyncHttpClient-1-1] DEBUG org.asynchttpclient.netty.channel.DefaultChannelPool - Entry count for : http://localhost:5132 : 1
17:00:31.028 [AsyncHttpClient-1-1] DEBUG org.asynchttpclient.netty.channel.DefaultChannelPool - Entry count for : http://localhost:5132 : 1
17:00:32.129 [AsyncHttpClient-1-1] DEBUG org.asynchttpclient.netty.channel.DefaultChannelPool - Entry count for : http://localhost:5132 : 1
17:00:33.252 [AsyncHttpClient-1-1] DEBUG org.asynchttpclient.netty.channel.DefaultChannelPool - Entry count for : http://localhost:5132 : 1
17:00:34.315 [AsyncHttpClient-1-1] DEBUG org.asynchttpclient.netty.channel.DefaultChannelPool - Entry count for : http://localhost:5132 : 1
17:00:35.414 [AsyncHttpClient-1-1] DEBUG org.asynchttpclient.netty.channel.DefaultChannelPool - Entry count for : http://localhost:5132 : 1
17:00:36.513 [AsyncHttpClient-1-1] DEBUG org.asynchttpclient.netty.channel.DefaultChannelPool - Entry count for : http://localhost:5132 : 1
17:00:37.617 [AsyncHttpClient-1-1] DEBUG org.asynchttpclient.netty.channel.DefaultChannelPool - Entry count for : http://localhost:5132 : 1
17:00:38.713 [AsyncHttpClient-1-1] DEBUG org.asynchttpclient.netty.channel.DefaultChannelPool - Entry count for : http://localhost:5132 : 1
17:00:39.823 [AsyncHttpClient-1-1] DEBUG org.asynchttpclient.netty.channel.DefaultChannelPool - Entry count for : http://localhost:5132 : 1
17:00:40.918 [AsyncHttpClient-1-1] DEBUG org.asynchttpclient.netty.channel.DefaultChannelPool - Entry count for : http://localhost:5132 : 1
17:00:42.014 [AsyncHttpClient-1-1] DEBUG org.asynchttpclient.netty.channel.DefaultChannelPool - Entry count for : http://localhost:5132 : 1
17:00:43.114 [AsyncHttpClient-1-1] DEBUG org.asynchttpclient.netty.channel.DefaultChannelPool - Entry count for : http://localhost:5132 : 1
17:00:44.214 [AsyncHttpClient-1-1] DEBUG org.asynchttpclient.netty.channel.DefaultChannelPool - Entry count for : http://localhost:5132 : 1
17:00:45.313 [AsyncHttpClient-1-1] DEBUG org.asynchttpclient.netty.channel.DefaultChannelPool - Entry count for : http://localhost:5132 : 1
17:00:46.422 [AsyncHttpClient-1-1] DEBUG org.asynchttpclient.netty.channel.DefaultChannelPool - Entry count for : http://localhost:5132 : 1
17:00:47.518 [AsyncHttpClient-1-1] DEBUG org.asynchttpclient.netty.channel.DefaultChannelPool - Entry count for : http://localhost:5132 : 1
17:00:48.622 [AsyncHttpClient-1-1] DEBUG org.asynchttpclient.netty.channel.DefaultChannelPool - Entry count for : http://localhost:5132 : 1
17:00:49.311 [AsyncHttpClient-1-2] DEBUG org.asynchttpclient.netty.handler.HttpHandler - 

Request DefaultHttpRequest(decodeResult: success, version: HTTP/1.1)
POST /session/4ad12421f058a1bb6ff0447269cd79a6/url HTTP/1.1
User-Agent: selenium/4.1.2 (java windows)
Content-Length: 54
Content-Type: application/json; charset=utf-8
host: localhost:65449
accept: */*

Response DefaultHttpResponse(decodeResult: success, version: HTTP/1.1)
HTTP/1.1 200 OK
Content-Type: application/json; charset=utf-8
cache-control: no-cache
content-length: 14

17:00:49.311 [AsyncHttpClient-1-2] DEBUG org.asynchttpclient.netty.channel.ChannelManager - Adding key: http://localhost:65449 for channel [id: 0xedec7daa, L:/127.0.0.1:5128 - R:localhost/127.0.0.1:65449]
17:00:49.317 [Forwarding setTimeout on session 4ad12421f058a1bb6ff0447269cd79a6 to remote] DEBUG org.asynchttpclient.netty.request.NettyRequestSender - Using pooled Channel '[id: 0xedec7daa, L:/127.0.0.1:5128 - R:localhost/127.0.0.1:65449]' for 'POST' to 'http://localhost:65449/session/4ad12421f058a1bb6ff0447269cd79a6/timeouts'
17:00:49.317 [Forwarding setTimeout on session 4ad12421f058a1bb6ff0447269cd79a6 to remote] DEBUG org.asynchttpclient.netty.request.NettyRequestSender - Using open Channel [id: 0xedec7daa, L:/127.0.0.1:5128 - R:localhost/127.0.0.1:65449] for POST '/session/4ad12421f058a1bb6ff0447269cd79a6/timeouts'
17:00:49.342 [AsyncHttpClient-1-2] DEBUG org.asynchttpclient.netty.handler.HttpHandler - 

Request DefaultHttpRequest(decodeResult: success, version: HTTP/1.1)
POST /session/4ad12421f058a1bb6ff0447269cd79a6/timeouts HTTP/1.1
User-Agent: selenium/4.1.2 (java windows)
Content-Length: 22
Content-Type: application/json; charset=utf-8
host: localhost:65449
accept: */*

Response DefaultHttpResponse(decodeResult: success, version: HTTP/1.1)
HTTP/1.1 200 OK
Content-Type: application/json; charset=utf-8
cache-control: no-cache
content-length: 14

17:00:49.342 [AsyncHttpClient-1-2] DEBUG org.asynchttpclient.netty.channel.ChannelManager - Adding key: http://localhost:65449 for channel [id: 0xedec7daa, L:/127.0.0.1:5128 - R:localhost/127.0.0.1:65449]
17:00:49.353 [Forwarding getCurrentUrl on session 4ad12421f058a1bb6ff0447269cd79a6 to remote] DEBUG org.asynchttpclient.netty.request.NettyRequestSender - Using pooled Channel '[id: 0xedec7daa, L:/127.0.0.1:5128 - R:localhost/127.0.0.1:65449]' for 'GET' to 'http://localhost:65449/session/4ad12421f058a1bb6ff0447269cd79a6/url'
17:00:49.353 [Forwarding getCurrentUrl on session 4ad12421f058a1bb6ff0447269cd79a6 to remote] DEBUG org.asynchttpclient.netty.request.NettyRequestSender - Using open Channel [id: 0xedec7daa, L:/127.0.0.1:5128 - R:localhost/127.0.0.1:65449] for GET '/session/4ad12421f058a1bb6ff0447269cd79a6/url'
17:00:49.403 [AsyncHttpClient-1-2] DEBUG org.asynchttpclient.netty.handler.HttpHandler - 

Request DefaultFullHttpRequest(decodeResult: success, version: HTTP/1.1, content: EmptyByteBufBE)
GET /session/4ad12421f058a1bb6ff0447269cd79a6/url HTTP/1.1
User-Agent: selenium/4.1.2 (java windows)
Cache-Control: no-cache
Content-Type: application/json; charset=utf-8
host: localhost:65449
accept: */*

Response DefaultHttpResponse(decodeResult: success, version: HTTP/1.1)
HTTP/1.1 200 OK
Content-Type: application/json; charset=utf-8
cache-control: no-cache
content-length: 36

17:00:49.404 [AsyncHttpClient-1-2] DEBUG org.asynchttpclient.netty.channel.ChannelManager - Adding key: http://localhost:65449 for channel [id: 0xedec7daa, L:/127.0.0.1:5128 - R:localhost/127.0.0.1:65449]
17:00:49.757 [AsyncHttpClient-1-1] DEBUG org.asynchttpclient.netty.channel.DefaultChannelPool - Entry count for : http://localhost:65449 : 1
17:00:49.757 [AsyncHttpClient-1-1] DEBUG org.asynchttpclient.netty.channel.DefaultChannelPool - Entry count for : http://localhost:5132 : 1
17:00:49.770 [Forwarding findElement on session 4ad12421f058a1bb6ff0447269cd79a6 to remote] DEBUG org.asynchttpclient.netty.request.NettyRequestSender - Using pooled Channel '[id: 0xedec7daa, L:/127.0.0.1:5128 - R:localhost/127.0.0.1:65449]' for 'POST' to 'http://localhost:65449/session/4ad12421f058a1bb6ff0447269cd79a6/element'
17:00:49.770 [Forwarding findElement on session 4ad12421f058a1bb6ff0447269cd79a6 to remote] DEBUG org.asynchttpclient.netty.request.NettyRequestSender - Using open Channel [id: 0xedec7daa, L:/127.0.0.1:5128 - R:localhost/127.0.0.1:65449] for POST '/session/4ad12421f058a1bb6ff0447269cd79a6/element'
17:00:49.829 [AsyncHttpClient-1-2] DEBUG org.asynchttpclient.netty.handler.HttpHandler - 

Request DefaultHttpRequest(decodeResult: success, version: HTTP/1.1)
POST /session/4ad12421f058a1bb6ff0447269cd79a6/element HTTP/1.1
User-Agent: selenium/4.1.2 (java windows)
Content-Length: 53
Content-Type: application/json; charset=utf-8
host: localhost:65449
accept: */*

Response DefaultHttpResponse(decodeResult: success, version: HTTP/1.1)
HTTP/1.1 200 OK
Content-Type: application/json; charset=utf-8
cache-control: no-cache
content-length: 88

17:00:49.830 [AsyncHttpClient-1-2] DEBUG org.asynchttpclient.netty.channel.ChannelManager - Adding key: http://localhost:65449 for channel [id: 0xedec7daa, L:/127.0.0.1:5128 - R:localhost/127.0.0.1:65449]
17:00:49.834 [Forwarding sendKeysToElement on session 4ad12421f058a1bb6ff0447269cd79a6 to remote] DEBUG org.asynchttpclient.netty.request.NettyRequestSender - Using pooled Channel '[id: 0xedec7daa, L:/127.0.0.1:5128 - R:localhost/127.0.0.1:65449]' for 'POST' to 'http://localhost:65449/session/4ad12421f058a1bb6ff0447269cd79a6/element/bbfd3cd0-2518-43fb-93c1-06f7cf4bcde7/value'
17:00:49.834 [Forwarding sendKeysToElement on session 4ad12421f058a1bb6ff0447269cd79a6 to remote] DEBUG org.asynchttpclient.netty.request.NettyRequestSender - Using open Channel [id: 0xedec7daa, L:/127.0.0.1:5128 - R:localhost/127.0.0.1:65449] for POST '/session/4ad12421f058a1bb6ff0447269cd79a6/element/bbfd3cd0-2518-43fb-93c1-06f7cf4bcde7/value'
17:00:50.262 [AsyncHttpClient-1-2] DEBUG org.asynchttpclient.netty.handler.HttpHandler - 

Request DefaultHttpRequest(decodeResult: success, version: HTTP/1.1)
POST /session/4ad12421f058a1bb6ff0447269cd79a6/element/bbfd3cd0-2518-43fb-93c1-06f7cf4bcde7/value HTTP/1.1
User-Agent: selenium/4.1.2 (java windows)
Content-Length: 95
Content-Type: application/json; charset=utf-8
host: localhost:65449
accept: */*

Response DefaultHttpResponse(decodeResult: success, version: HTTP/1.1)
HTTP/1.1 200 OK
Content-Type: application/json; charset=utf-8
cache-control: no-cache
content-length: 14

17:00:50.262 [AsyncHttpClient-1-2] DEBUG org.asynchttpclient.netty.channel.ChannelManager - Adding key: http://localhost:65449 for channel [id: 0xedec7daa, L:/127.0.0.1:5128 - R:localhost/127.0.0.1:65449]
  &amp#27;[32mGiven &amp#27;[0m&amp#27;[32mI click login button on book store&amp#27;[0m       &amp#27;[90m# starter.stepdefinitions.LoginStep.iClickLoginButtonOnBookStore()&amp#27;[0m
17:00:50.279 [main] DEBUG net.serenitybdd.core.photography.Darkroom - Opening darkroom
17:00:50.280 [Forwarding screenshot on session 4ad12421f058a1bb6ff0447269cd79a6 to remote] DEBUG org.asynchttpclient.netty.request.NettyRequestSender - Using pooled Channel '[id: 0xedec7daa, L:/127.0.0.1:5128 - R:localhost/127.0.0.1:65449]' for 'GET' to 'http://localhost:65449/session/4ad12421f058a1bb6ff0447269cd79a6/screenshot'
17:00:50.280 [Forwarding screenshot on session 4ad12421f058a1bb6ff0447269cd79a6 to remote] DEBUG org.asynchttpclient.netty.request.NettyRequestSender - Using open Channel [id: 0xedec7daa, L:/127.0.0.1:5128 - R:localhost/127.0.0.1:65449] for GET '/session/4ad12421f058a1bb6ff0447269cd79a6/screenshot'
17:00:50.308 [Darkroom Processing Line] DEBUG net.serenitybdd.core.photography.DarkroomProcessingLine - Darkroom processing line starting up
17:00:50.834 [AsyncHttpClient-1-1] DEBUG org.asynchttpclient.netty.channel.DefaultChannelPool - Entry count for : http://localhost:5132 : 1
17:00:51.031 [AsyncHttpClient-1-2] DEBUG org.asynchttpclient.netty.handler.HttpHandler - 

Request DefaultFullHttpRequest(decodeResult: success, version: HTTP/1.1, content: EmptyByteBufBE)
GET /session/4ad12421f058a1bb6ff0447269cd79a6/screenshot HTTP/1.1
User-Agent: selenium/4.1.2 (java windows)
Cache-Control: no-cache
Content-Type: application/json; charset=utf-8
host: localhost:65449
accept: */*

Response DefaultHttpResponse(decodeResult: success, version: HTTP/1.1)
HTTP/1.1 200 OK
Content-Type: application/json; charset=utf-8
cache-control: no-cache
content-length: 290612

17:00:51.037 [AsyncHttpClient-1-2] DEBUG org.asynchttpclient.netty.channel.ChannelManager - Adding key: http://localhost:65449 for channel [id: 0xedec7daa, L:/127.0.0.1:5128 - R:localhost/127.0.0.1:65449]
17:00:51.055 [main] DEBUG net.serenitybdd.core.photography.Darkroom - Send negative for processing for target\site\serenity\2ed7123bdc58b2e4fc35c10cb5579090b43c7f23308abf243b058c90e8a0a5ea.png
17:00:51.058 [Darkroom Processing Line] DEBUG net.serenitybdd.core.photography.DarkroomProcessingLine - Processing screenshot image in /var/screenshots/screenshot-1378646590598532445
17:00:51.058 [Darkroom Processing Line] DEBUG net.serenitybdd.core.photography.DarkroomProcessingLine - Saving screenshot to target\site\serenity\2ed7123bdc58b2e4fc35c10cb5579090b43c7f23308abf243b058c90e8a0a5ea.png
17:00:51.076 [Forwarding findElement on session 4ad12421f058a1bb6ff0447269cd79a6 to remote] DEBUG org.asynchttpclient.netty.request.NettyRequestSender - Using pooled Channel '[id: 0xedec7daa, L:/127.0.0.1:5128 - R:localhost/127.0.0.1:65449]' for 'POST' to 'http://localhost:65449/session/4ad12421f058a1bb6ff0447269cd79a6/element'
17:00:51.076 [Forwarding findElement on session 4ad12421f058a1bb6ff0447269cd79a6 to remote] DEBUG org.asynchttpclient.netty.request.NettyRequestSender - Using open Channel [id: 0xedec7daa, L:/127.0.0.1:5128 - R:localhost/127.0.0.1:65449] for POST '/session/4ad12421f058a1bb6ff0447269cd79a6/element'
17:00:51.103 [AsyncHttpClient-1-2] DEBUG org.asynchttpclient.netty.handler.HttpHandler - 

Request DefaultHttpRequest(decodeResult: success, version: HTTP/1.1)
POST /session/4ad12421f058a1bb6ff0447269cd79a6/element HTTP/1.1
User-Agent: selenium/4.1.2 (java windows)
Content-Length: 53
Content-Type: application/json; charset=utf-8
host: localhost:65449
accept: */*

Response DefaultHttpResponse(decodeResult: success, version: HTTP/1.1)
HTTP/1.1 200 OK
Content-Type: application/json; charset=utf-8
cache-control: no-cache
content-length: 88

17:00:51.103 [AsyncHttpClient-1-2] DEBUG org.asynchttpclient.netty.channel.ChannelManager - Adding key: http://localhost:65449 for channel [id: 0xedec7daa, L:/127.0.0.1:5128 - R:localhost/127.0.0.1:65449]
17:00:51.108 [Forwarding clearElement on session 4ad12421f058a1bb6ff0447269cd79a6 to remote] DEBUG org.asynchttpclient.netty.request.NettyRequestSender - Using pooled Channel '[id: 0xedec7daa, L:/127.0.0.1:5128 - R:localhost/127.0.0.1:65449]' for 'POST' to 'http://localhost:65449/session/4ad12421f058a1bb6ff0447269cd79a6/element/6883edbe-3bc0-4e38-aa68-672957c9f688/clear'
17:00:51.109 [Forwarding clearElement on session 4ad12421f058a1bb6ff0447269cd79a6 to remote] DEBUG org.asynchttpclient.netty.request.NettyRequestSender - Using open Channel [id: 0xedec7daa, L:/127.0.0.1:5128 - R:localhost/127.0.0.1:65449] for POST '/session/4ad12421f058a1bb6ff0447269cd79a6/element/6883edbe-3bc0-4e38-aa68-672957c9f688/clear'
17:00:51.225 [AsyncHttpClient-1-2] DEBUG org.asynchttpclient.netty.handler.HttpHandler - 

Request DefaultHttpRequest(decodeResult: success, version: HTTP/1.1)
POST /session/4ad12421f058a1bb6ff0447269cd79a6/element/6883edbe-3bc0-4e38-aa68-672957c9f688/clear HTTP/1.1
User-Agent: selenium/4.1.2 (java windows)
Content-Length: 50
Content-Type: application/json; charset=utf-8
host: localhost:65449
accept: */*

Response DefaultHttpResponse(decodeResult: success, version: HTTP/1.1)
HTTP/1.1 200 OK
Content-Type: application/json; charset=utf-8
cache-control: no-cache
content-length: 14

17:00:51.226 [AsyncHttpClient-1-2] DEBUG org.asynchttpclient.netty.channel.ChannelManager - Adding key: http://localhost:65449 for channel [id: 0xedec7daa, L:/127.0.0.1:5128 - R:localhost/127.0.0.1:65449]
17:00:51.234 [Forwarding sendKeysToElement on session 4ad12421f058a1bb6ff0447269cd79a6 to remote] DEBUG org.asynchttpclient.netty.request.NettyRequestSender - Using pooled Channel '[id: 0xedec7daa, L:/127.0.0.1:5128 - R:localhost/127.0.0.1:65449]' for 'POST' to 'http://localhost:65449/session/4ad12421f058a1bb6ff0447269cd79a6/element/6883edbe-3bc0-4e38-aa68-672957c9f688/value'
17:00:51.234 [Forwarding sendKeysToElement on session 4ad12421f058a1bb6ff0447269cd79a6 to remote] DEBUG org.asynchttpclient.netty.request.NettyRequestSender - Using open Channel [id: 0xedec7daa, L:/127.0.0.1:5128 - R:localhost/127.0.0.1:65449] for POST '/session/4ad12421f058a1bb6ff0447269cd79a6/element/6883edbe-3bc0-4e38-aa68-672957c9f688/value'
17:00:51.925 [AsyncHttpClient-1-1] DEBUG org.asynchttpclient.netty.channel.DefaultChannelPool - Entry count for : http://localhost:5132 : 1
17:00:52.011 [AsyncHttpClient-1-2] DEBUG org.asynchttpclient.netty.handler.HttpHandler - 

Request DefaultHttpRequest(decodeResult: success, version: HTTP/1.1)
POST /session/4ad12421f058a1bb6ff0447269cd79a6/element/6883edbe-3bc0-4e38-aa68-672957c9f688/value HTTP/1.1
User-Agent: selenium/4.1.2 (java windows)
Content-Length: 191
Content-Type: application/json; charset=utf-8
host: localhost:65449
accept: */*

Response DefaultHttpResponse(decodeResult: success, version: HTTP/1.1)
HTTP/1.1 200 OK
Content-Type: application/json; charset=utf-8
cache-control: no-cache
content-length: 14

17:00:52.011 [AsyncHttpClient-1-2] DEBUG org.asynchttpclient.netty.channel.ChannelManager - Adding key: http://localhost:65449 for channel [id: 0xedec7daa, L:/127.0.0.1:5128 - R:localhost/127.0.0.1:65449]
  &amp#27;[32mWhen &amp#27;[0m&amp#27;[32mI input valid userName&amp#27;[0m                    &amp#27;[90m# starter.stepdefinitions.LoginStep.iInputValidUserName()&amp#27;[0m
17:00:52.026 [Forwarding screenshot on session 4ad12421f058a1bb6ff0447269cd79a6 to remote] DEBUG org.asynchttpclient.netty.request.NettyRequestSender - Using pooled Channel '[id: 0xedec7daa, L:/127.0.0.1:5128 - R:localhost/127.0.0.1:65449]' for 'GET' to 'http://localhost:65449/session/4ad12421f058a1bb6ff0447269cd79a6/screenshot'
17:00:52.026 [Forwarding screenshot on session 4ad12421f058a1bb6ff0447269cd79a6 to remote] DEBUG org.asynchttpclient.netty.request.NettyRequestSender - Using open Channel [id: 0xedec7daa, L:/127.0.0.1:5128 - R:localhost/127.0.0.1:65449] for GET '/session/4ad12421f058a1bb6ff0447269cd79a6/screenshot'
17:00:52.380 [AsyncHttpClient-1-2] DEBUG org.asynchttpclient.netty.handler.HttpHandler - 

Request DefaultFullHttpRequest(decodeResult: success, version: HTTP/1.1, content: EmptyByteBufBE)
GET /session/4ad12421f058a1bb6ff0447269cd79a6/screenshot HTTP/1.1
User-Agent: selenium/4.1.2 (java windows)
Cache-Control: no-cache
Content-Type: application/json; charset=utf-8
host: localhost:65449
accept: */*

Response DefaultHttpResponse(decodeResult: success, version: HTTP/1.1)
HTTP/1.1 200 OK
Content-Type: application/json; charset=utf-8
cache-control: no-cache
content-length: 292716

17:00:52.383 [AsyncHttpClient-1-2] DEBUG org.asynchttpclient.netty.channel.ChannelManager - Adding key: http://localhost:65449 for channel [id: 0xedec7daa, L:/127.0.0.1:5128 - R:localhost/127.0.0.1:65449]
17:00:52.443 [main] DEBUG net.serenitybdd.core.photography.Darkroom - Send negative for processing for target\site\serenity\97cec0a8b44613ad8f89766a6b05518df250a3ea57113f44a529bac339465a08.png
17:00:52.444 [Darkroom Processing Line] DEBUG net.serenitybdd.core.photography.DarkroomProcessingLine - Processing screenshot image in /var/screenshots/screenshot-997839108656654677
17:00:52.444 [Darkroom Processing Line] DEBUG net.serenitybdd.core.photography.DarkroomProcessingLine - Saving screenshot to target\site\serenity\97cec0a8b44613ad8f89766a6b05518df250a3ea57113f44a529bac339465a08.png
17:00:52.478 [Forwarding findElement on session 4ad12421f058a1bb6ff0447269cd79a6 to remote] DEBUG org.asynchttpclient.netty.request.NettyRequestSender - Using pooled Channel '[id: 0xedec7daa, L:/127.0.0.1:5128 - R:localhost/127.0.0.1:65449]' for 'POST' to 'http://localhost:65449/session/4ad12421f058a1bb6ff0447269cd79a6/element'
17:00:52.479 [Forwarding findElement on session 4ad12421f058a1bb6ff0447269cd79a6 to remote] DEBUG org.asynchttpclient.netty.request.NettyRequestSender - Using open Channel [id: 0xedec7daa, L:/127.0.0.1:5128 - R:localhost/127.0.0.1:65449] for POST '/session/4ad12421f058a1bb6ff0447269cd79a6/element'
17:00:52.521 [AsyncHttpClient-1-2] DEBUG org.asynchttpclient.netty.handler.HttpHandler - 

Request DefaultHttpRequest(decodeResult: success, version: HTTP/1.1)
POST /session/4ad12421f058a1bb6ff0447269cd79a6/element HTTP/1.1
User-Agent: selenium/4.1.2 (java windows)
Content-Length: 53
Content-Type: application/json; charset=utf-8
host: localhost:65449
accept: */*

Response DefaultHttpResponse(decodeResult: success, version: HTTP/1.1)
HTTP/1.1 200 OK
Content-Type: application/json; charset=utf-8
cache-control: no-cache
content-length: 88

17:00:52.521 [AsyncHttpClient-1-2] DEBUG org.asynchttpclient.netty.channel.ChannelManager - Adding key: http://localhost:65449 for channel [id: 0xedec7daa, L:/127.0.0.1:5128 - R:localhost/127.0.0.1:65449]
17:00:52.527 [Forwarding clearElement on session 4ad12421f058a1bb6ff0447269cd79a6 to remote] DEBUG org.asynchttpclient.netty.request.NettyRequestSender - Using pooled Channel '[id: 0xedec7daa, L:/127.0.0.1:5128 - R:localhost/127.0.0.1:65449]' for 'POST' to 'http://localhost:65449/session/4ad12421f058a1bb6ff0447269cd79a6/element/e39a3233-601f-44c2-be84-5f1a8d5e200e/clear'
17:00:52.527 [Forwarding clearElement on session 4ad12421f058a1bb6ff0447269cd79a6 to remote] DEBUG org.asynchttpclient.netty.request.NettyRequestSender - Using open Channel [id: 0xedec7daa, L:/127.0.0.1:5128 - R:localhost/127.0.0.1:65449] for POST '/session/4ad12421f058a1bb6ff0447269cd79a6/element/e39a3233-601f-44c2-be84-5f1a8d5e200e/clear'
17:00:52.632 [AsyncHttpClient-1-2] DEBUG org.asynchttpclient.netty.handler.HttpHandler - 

Request DefaultHttpRequest(decodeResult: success, version: HTTP/1.1)
POST /session/4ad12421f058a1bb6ff0447269cd79a6/element/e39a3233-601f-44c2-be84-5f1a8d5e200e/clear HTTP/1.1
User-Agent: selenium/4.1.2 (java windows)
Content-Length: 50
Content-Type: application/json; charset=utf-8
host: localhost:65449
accept: */*

Response DefaultHttpResponse(decodeResult: success, version: HTTP/1.1)
HTTP/1.1 200 OK
Content-Type: application/json; charset=utf-8
cache-control: no-cache
content-length: 14

17:00:52.632 [AsyncHttpClient-1-2] DEBUG org.asynchttpclient.netty.channel.ChannelManager - Adding key: http://localhost:65449 for channel [id: 0xedec7daa, L:/127.0.0.1:5128 - R:localhost/127.0.0.1:65449]
17:00:52.639 [Forwarding sendKeysToElement on session 4ad12421f058a1bb6ff0447269cd79a6 to remote] DEBUG org.asynchttpclient.netty.request.NettyRequestSender - Using pooled Channel '[id: 0xedec7daa, L:/127.0.0.1:5128 - R:localhost/127.0.0.1:65449]' for 'POST' to 'http://localhost:65449/session/4ad12421f058a1bb6ff0447269cd79a6/element/e39a3233-601f-44c2-be84-5f1a8d5e200e/value'
17:00:52.639 [Forwarding sendKeysToElement on session 4ad12421f058a1bb6ff0447269cd79a6 to remote] DEBUG org.asynchttpclient.netty.request.NettyRequestSender - Using open Channel [id: 0xedec7daa, L:/127.0.0.1:5128 - R:localhost/127.0.0.1:65449] for POST '/session/4ad12421f058a1bb6ff0447269cd79a6/element/e39a3233-601f-44c2-be84-5f1a8d5e200e/value'
17:00:52.904 [AsyncHttpClient-1-2] DEBUG org.asynchttpclient.netty.handler.HttpHandler - 

Request DefaultHttpRequest(decodeResult: success, version: HTTP/1.1)
POST /session/4ad12421f058a1bb6ff0447269cd79a6/element/e39a3233-601f-44c2-be84-5f1a8d5e200e/value HTTP/1.1
User-Agent: selenium/4.1.2 (java windows)
Content-Length: 191
Content-Type: application/json; charset=utf-8
host: localhost:65449
accept: */*

Response DefaultHttpResponse(decodeResult: success, version: HTTP/1.1)
HTTP/1.1 200 OK
Content-Type: application/json; charset=utf-8
cache-control: no-cache
content-length: 14

17:00:52.905 [AsyncHttpClient-1-2] DEBUG org.asynchttpclient.netty.channel.ChannelManager - Adding key: http://localhost:65449 for channel [id: 0xedec7daa, L:/127.0.0.1:5128 - R:localhost/127.0.0.1:65449]
  &amp#27;[32mAnd &amp#27;[0m&amp#27;[32mI input valid password&amp#27;[0m                     &amp#27;[90m# starter.stepdefinitions.LoginStep.iInputValidPassword()&amp#27;[0m
17:00:52.918 [Forwarding screenshot on session 4ad12421f058a1bb6ff0447269cd79a6 to remote] DEBUG org.asynchttpclient.netty.request.NettyRequestSender - Using pooled Channel '[id: 0xedec7daa, L:/127.0.0.1:5128 - R:localhost/127.0.0.1:65449]' for 'GET' to 'http://localhost:65449/session/4ad12421f058a1bb6ff0447269cd79a6/screenshot'
17:00:52.919 [Forwarding screenshot on session 4ad12421f058a1bb6ff0447269cd79a6 to remote] DEBUG org.asynchttpclient.netty.request.NettyRequestSender - Using open Channel [id: 0xedec7daa, L:/127.0.0.1:5128 - R:localhost/127.0.0.1:65449] for GET '/session/4ad12421f058a1bb6ff0447269cd79a6/screenshot'
17:00:53.023 [AsyncHttpClient-1-1] DEBUG org.asynchttpclient.netty.channel.DefaultChannelPool - Entry count for : http://localhost:5132 : 1
17:00:53.130 [AsyncHttpClient-1-2] DEBUG org.asynchttpclient.netty.handler.HttpHandler - 

Request DefaultFullHttpRequest(decodeResult: success, version: HTTP/1.1, content: EmptyByteBufBE)
GET /session/4ad12421f058a1bb6ff0447269cd79a6/screenshot HTTP/1.1
User-Agent: selenium/4.1.2 (java windows)
Cache-Control: no-cache
Content-Type: application/json; charset=utf-8
host: localhost:65449
accept: */*

Response DefaultHttpResponse(decodeResult: success, version: HTTP/1.1)
HTTP/1.1 200 OK
Content-Type: application/json; charset=utf-8
cache-control: no-cache
content-length: 228848

17:00:53.132 [AsyncHttpClient-1-2] DEBUG org.asynchttpclient.netty.channel.ChannelManager - Adding key: http://localhost:65449 for channel [id: 0xedec7daa, L:/127.0.0.1:5128 - R:localhost/127.0.0.1:65449]
17:00:53.153 [main] DEBUG net.serenitybdd.core.photography.Darkroom - Send negative for processing for target\site\serenity\8ceea31e82e53dd8ef054eba4b3b0a27197ad6b6f1262fa263344f049994232d.png
17:00:53.154 [Darkroom Processing Line] DEBUG net.serenitybdd.core.photography.DarkroomProcessingLine - Processing screenshot image in /var/screenshots/screenshot-9796394350245957956
17:00:53.154 [Darkroom Processing Line] DEBUG net.serenitybdd.core.photography.DarkroomProcessingLine - Saving screenshot to target\site\serenity\8ceea31e82e53dd8ef054eba4b3b0a27197ad6b6f1262fa263344f049994232d.png
17:00:53.169 [Forwarding findElement on session 4ad12421f058a1bb6ff0447269cd79a6 to remote] DEBUG org.asynchttpclient.netty.request.NettyRequestSender - Using pooled Channel '[id: 0xedec7daa, L:/127.0.0.1:5128 - R:localhost/127.0.0.1:65449]' for 'POST' to 'http://localhost:65449/session/4ad12421f058a1bb6ff0447269cd79a6/element'
17:00:53.169 [Forwarding findElement on session 4ad12421f058a1bb6ff0447269cd79a6 to remote] DEBUG org.asynchttpclient.netty.request.NettyRequestSender - Using open Channel [id: 0xedec7daa, L:/127.0.0.1:5128 - R:localhost/127.0.0.1:65449] for POST '/session/4ad12421f058a1bb6ff0447269cd79a6/element'
17:00:53.192 [AsyncHttpClient-1-2] DEBUG org.asynchttpclient.netty.handler.HttpHandler - 

Request DefaultHttpRequest(decodeResult: success, version: HTTP/1.1)
POST /session/4ad12421f058a1bb6ff0447269cd79a6/element HTTP/1.1
User-Agent: selenium/4.1.2 (java windows)
Content-Length: 50
Content-Type: application/json; charset=utf-8
host: localhost:65449
accept: */*

Response DefaultHttpResponse(decodeResult: success, version: HTTP/1.1)
HTTP/1.1 200 OK
Content-Type: application/json; charset=utf-8
cache-control: no-cache
content-length: 88

17:00:53.192 [AsyncHttpClient-1-2] DEBUG org.asynchttpclient.netty.channel.ChannelManager - Adding key: http://localhost:65449 for channel [id: 0xedec7daa, L:/127.0.0.1:5128 - R:localhost/127.0.0.1:65449]
17:00:53.194 [Forwarding getElementTagName on session 4ad12421f058a1bb6ff0447269cd79a6 to remote] DEBUG org.asynchttpclient.netty.request.NettyRequestSender - Using pooled Channel '[id: 0xedec7daa, L:/127.0.0.1:5128 - R:localhost/127.0.0.1:65449]' for 'GET' to 'http://localhost:65449/session/4ad12421f058a1bb6ff0447269cd79a6/element/616945d8-677e-429c-afba-e89ecd1d70e1/name'
17:00:53.195 [Forwarding getElementTagName on session 4ad12421f058a1bb6ff0447269cd79a6 to remote] DEBUG org.asynchttpclient.netty.request.NettyRequestSender - Using open Channel [id: 0xedec7daa, L:/127.0.0.1:5128 - R:localhost/127.0.0.1:65449] for GET '/session/4ad12421f058a1bb6ff0447269cd79a6/element/616945d8-677e-429c-afba-e89ecd1d70e1/name'
17:00:53.202 [AsyncHttpClient-1-2] DEBUG org.asynchttpclient.netty.handler.HttpHandler - 

Request DefaultFullHttpRequest(decodeResult: success, version: HTTP/1.1, content: EmptyByteBufBE)
GET /session/4ad12421f058a1bb6ff0447269cd79a6/element/616945d8-677e-429c-afba-e89ecd1d70e1/name HTTP/1.1
User-Agent: selenium/4.1.2 (java windows)
Cache-Control: no-cache
Content-Type: application/json; charset=utf-8
host: localhost:65449
accept: */*

Response DefaultHttpResponse(decodeResult: success, version: HTTP/1.1)
HTTP/1.1 200 OK
Content-Type: application/json; charset=utf-8
cache-control: no-cache
content-length: 18

17:00:53.202 [AsyncHttpClient-1-2] DEBUG org.asynchttpclient.netty.channel.ChannelManager - Adding key: http://localhost:65449 for channel [id: 0xedec7daa, L:/127.0.0.1:5128 - R:localhost/127.0.0.1:65449]
17:00:53.204 [Forwarding getElementTagName on session 4ad12421f058a1bb6ff0447269cd79a6 to remote] DEBUG org.asynchttpclient.netty.request.NettyRequestSender - Using pooled Channel '[id: 0xedec7daa, L:/127.0.0.1:5128 - R:localhost/127.0.0.1:65449]' for 'GET' to 'http://localhost:65449/session/4ad12421f058a1bb6ff0447269cd79a6/element/616945d8-677e-429c-afba-e89ecd1d70e1/name'
17:00:53.205 [Forwarding getElementTagName on session 4ad12421f058a1bb6ff0447269cd79a6 to remote] DEBUG org.asynchttpclient.netty.request.NettyRequestSender - Using open Channel [id: 0xedec7daa, L:/127.0.0.1:5128 - R:localhost/127.0.0.1:65449] for GET '/session/4ad12421f058a1bb6ff0447269cd79a6/element/616945d8-677e-429c-afba-e89ecd1d70e1/name'
17:00:53.210 [AsyncHttpClient-1-2] DEBUG org.asynchttpclient.netty.handler.HttpHandler - 

Request DefaultFullHttpRequest(decodeResult: success, version: HTTP/1.1, content: EmptyByteBufBE)
GET /session/4ad12421f058a1bb6ff0447269cd79a6/element/616945d8-677e-429c-afba-e89ecd1d70e1/name HTTP/1.1
User-Agent: selenium/4.1.2 (java windows)
Cache-Control: no-cache
Content-Type: application/json; charset=utf-8
host: localhost:65449
accept: */*

Response DefaultHttpResponse(decodeResult: success, version: HTTP/1.1)
HTTP/1.1 200 OK
Content-Type: application/json; charset=utf-8
cache-control: no-cache
content-length: 18

17:00:53.210 [AsyncHttpClient-1-2] DEBUG org.asynchttpclient.netty.channel.ChannelManager - Adding key: http://localhost:65449 for channel [id: 0xedec7daa, L:/127.0.0.1:5128 - R:localhost/127.0.0.1:65449]
17:00:53.220 [Forwarding isElementEnabled on session 4ad12421f058a1bb6ff0447269cd79a6 to remote] DEBUG org.asynchttpclient.netty.request.NettyRequestSender - Using pooled Channel '[id: 0xedec7daa, L:/127.0.0.1:5128 - R:localhost/127.0.0.1:65449]' for 'GET' to 'http://localhost:65449/session/4ad12421f058a1bb6ff0447269cd79a6/element/616945d8-677e-429c-afba-e89ecd1d70e1/enabled'
17:00:53.220 [Forwarding isElementEnabled on session 4ad12421f058a1bb6ff0447269cd79a6 to remote] DEBUG org.asynchttpclient.netty.request.NettyRequestSender - Using open Channel [id: 0xedec7daa, L:/127.0.0.1:5128 - R:localhost/127.0.0.1:65449] for GET '/session/4ad12421f058a1bb6ff0447269cd79a6/element/616945d8-677e-429c-afba-e89ecd1d70e1/enabled'
17:00:53.236 [AsyncHttpClient-1-2] DEBUG org.asynchttpclient.netty.handler.HttpHandler - 

Request DefaultFullHttpRequest(decodeResult: success, version: HTTP/1.1, content: EmptyByteBufBE)
GET /session/4ad12421f058a1bb6ff0447269cd79a6/element/616945d8-677e-429c-afba-e89ecd1d70e1/enabled HTTP/1.1
User-Agent: selenium/4.1.2 (java windows)
Cache-Control: no-cache
Content-Type: application/json; charset=utf-8
host: localhost:65449
accept: */*

Response DefaultHttpResponse(decodeResult: success, version: HTTP/1.1)
HTTP/1.1 200 OK
Content-Type: application/json; charset=utf-8
cache-control: no-cache
content-length: 14

17:00:53.236 [AsyncHttpClient-1-2] DEBUG org.asynchttpclient.netty.channel.ChannelManager - Adding key: http://localhost:65449 for channel [id: 0xedec7daa, L:/127.0.0.1:5128 - R:localhost/127.0.0.1:65449]
17:00:53.239 [Forwarding isElementEnabled on session 4ad12421f058a1bb6ff0447269cd79a6 to remote] DEBUG org.asynchttpclient.netty.request.NettyRequestSender - Using pooled Channel '[id: 0xedec7daa, L:/127.0.0.1:5128 - R:localhost/127.0.0.1:65449]' for 'GET' to 'http://localhost:65449/session/4ad12421f058a1bb6ff0447269cd79a6/element/616945d8-677e-429c-afba-e89ecd1d70e1/enabled'
17:00:53.239 [Forwarding isElementEnabled on session 4ad12421f058a1bb6ff0447269cd79a6 to remote] DEBUG org.asynchttpclient.netty.request.NettyRequestSender - Using open Channel [id: 0xedec7daa, L:/127.0.0.1:5128 - R:localhost/127.0.0.1:65449] for GET '/session/4ad12421f058a1bb6ff0447269cd79a6/element/616945d8-677e-429c-afba-e89ecd1d70e1/enabled'
17:00:53.247 [AsyncHttpClient-1-2] DEBUG org.asynchttpclient.netty.handler.HttpHandler - 

Request DefaultFullHttpRequest(decodeResult: success, version: HTTP/1.1, content: EmptyByteBufBE)
GET /session/4ad12421f058a1bb6ff0447269cd79a6/element/616945d8-677e-429c-afba-e89ecd1d70e1/enabled HTTP/1.1
User-Agent: selenium/4.1.2 (java windows)
Cache-Control: no-cache
Content-Type: application/json; charset=utf-8
host: localhost:65449
accept: */*

Response DefaultHttpResponse(decodeResult: success, version: HTTP/1.1)
HTTP/1.1 200 OK
Content-Type: application/json; charset=utf-8
cache-control: no-cache
content-length: 14

17:00:53.247 [AsyncHttpClient-1-2] DEBUG org.asynchttpclient.netty.channel.ChannelManager - Adding key: http://localhost:65449 for channel [id: 0xedec7daa, L:/127.0.0.1:5128 - R:localhost/127.0.0.1:65449]
17:00:53.251 [Forwarding findElement on session 4ad12421f058a1bb6ff0447269cd79a6 to remote] DEBUG org.asynchttpclient.netty.request.NettyRequestSender - Using pooled Channel '[id: 0xedec7daa, L:/127.0.0.1:5128 - R:localhost/127.0.0.1:65449]' for 'POST' to 'http://localhost:65449/session/4ad12421f058a1bb6ff0447269cd79a6/element'
17:00:53.251 [Forwarding findElement on session 4ad12421f058a1bb6ff0447269cd79a6 to remote] DEBUG org.asynchttpclient.netty.request.NettyRequestSender - Using open Channel [id: 0xedec7daa, L:/127.0.0.1:5128 - R:localhost/127.0.0.1:65449] for POST '/session/4ad12421f058a1bb6ff0447269cd79a6/element'
17:00:53.262 [AsyncHttpClient-1-2] DEBUG org.asynchttpclient.netty.handler.HttpHandler - 

Request DefaultHttpRequest(decodeResult: success, version: HTTP/1.1)
POST /session/4ad12421f058a1bb6ff0447269cd79a6/element HTTP/1.1
User-Agent: selenium/4.1.2 (java windows)
Content-Length: 50
Content-Type: application/json; charset=utf-8
host: localhost:65449
accept: */*

Response DefaultHttpResponse(decodeResult: success, version: HTTP/1.1)
HTTP/1.1 200 OK
Content-Type: application/json; charset=utf-8
cache-control: no-cache
content-length: 88

17:00:53.262 [AsyncHttpClient-1-2] DEBUG org.asynchttpclient.netty.channel.ChannelManager - Adding key: http://localhost:65449 for channel [id: 0xedec7daa, L:/127.0.0.1:5128 - R:localhost/127.0.0.1:65449]
17:00:53.266 [Forwarding clickElement on session 4ad12421f058a1bb6ff0447269cd79a6 to remote] DEBUG org.asynchttpclient.netty.request.NettyRequestSender - Using pooled Channel '[id: 0xedec7daa, L:/127.0.0.1:5128 - R:localhost/127.0.0.1:65449]' for 'POST' to 'http://localhost:65449/session/4ad12421f058a1bb6ff0447269cd79a6/element/616945d8-677e-429c-afba-e89ecd1d70e1/click'
17:00:53.266 [Forwarding clickElement on session 4ad12421f058a1bb6ff0447269cd79a6 to remote] DEBUG org.asynchttpclient.netty.request.NettyRequestSender - Using open Channel [id: 0xedec7daa, L:/127.0.0.1:5128 - R:localhost/127.0.0.1:65449] for POST '/session/4ad12421f058a1bb6ff0447269cd79a6/element/616945d8-677e-429c-afba-e89ecd1d70e1/click'
17:00:53.356 [AsyncHttpClient-1-2] DEBUG org.asynchttpclient.netty.handler.HttpHandler - 

Request DefaultHttpRequest(decodeResult: success, version: HTTP/1.1)
POST /session/4ad12421f058a1bb6ff0447269cd79a6/element/616945d8-677e-429c-afba-e89ecd1d70e1/click HTTP/1.1
User-Agent: selenium/4.1.2 (java windows)
Content-Length: 50
Content-Type: application/json; charset=utf-8
host: localhost:65449
accept: */*

Response DefaultHttpResponse(decodeResult: success, version: HTTP/1.1)
HTTP/1.1 200 OK
Content-Type: application/json; charset=utf-8
cache-control: no-cache
content-length: 14

17:00:53.356 [AsyncHttpClient-1-2] DEBUG org.asynchttpclient.netty.channel.ChannelManager - Adding key: http://localhost:65449 for channel [id: 0xedec7daa, L:/127.0.0.1:5128 - R:localhost/127.0.0.1:65449]
  &amp#27;[32mAnd &amp#27;[0m&amp#27;[32mI click Login button&amp#27;[0m                       &amp#27;[90m# starter.stepdefinitions.LoginStep.iClickLoginButton()&amp#27;[0m
17:00:53.367 [Forwarding screenshot on session 4ad12421f058a1bb6ff0447269cd79a6 to remote] DEBUG org.asynchttpclient.netty.request.NettyRequestSender - Using pooled Channel '[id: 0xedec7daa, L:/127.0.0.1:5128 - R:localhost/127.0.0.1:65449]' for 'GET' to 'http://localhost:65449/session/4ad12421f058a1bb6ff0447269cd79a6/screenshot'
17:00:53.367 [Forwarding screenshot on session 4ad12421f058a1bb6ff0447269cd79a6 to remote] DEBUG org.asynchttpclient.netty.request.NettyRequestSender - Using open Channel [id: 0xedec7daa, L:/127.0.0.1:5128 - R:localhost/127.0.0.1:65449] for GET '/session/4ad12421f058a1bb6ff0447269cd79a6/screenshot'
17:00:53.538 [AsyncHttpClient-1-2] DEBUG org.asynchttpclient.netty.handler.HttpHandler - 

Request DefaultFullHttpRequest(decodeResult: success, version: HTTP/1.1, content: EmptyByteBufBE)
GET /session/4ad12421f058a1bb6ff0447269cd79a6/screenshot HTTP/1.1
User-Agent: selenium/4.1.2 (java windows)
Cache-Control: no-cache
Content-Type: application/json; charset=utf-8
host: localhost:65449
accept: */*

Response DefaultHttpResponse(decodeResult: success, version: HTTP/1.1)
HTTP/1.1 200 OK
Content-Type: application/json; charset=utf-8
cache-control: no-cache
content-length: 210972

17:00:53.539 [AsyncHttpClient-1-2] DEBUG org.asynchttpclient.netty.channel.ChannelManager - Adding key: http://localhost:65449 for channel [id: 0xedec7daa, L:/127.0.0.1:5128 - R:localhost/127.0.0.1:65449]
17:00:53.556 [main] DEBUG net.serenitybdd.core.photography.Darkroom - Send negative for processing for target\site\serenity\4757ac4cb1eb53482387911cbd29b86a98588d53d6086cd2cc392a017808e0ec.png
17:00:53.557 [Darkroom Processing Line] DEBUG net.serenitybdd.core.photography.DarkroomProcessingLine - Processing screenshot image in /var/screenshots/screenshot-13979510445849342602
17:00:53.557 [Darkroom Processing Line] DEBUG net.serenitybdd.core.photography.DarkroomProcessingLine - Saving screenshot to target\site\serenity\4757ac4cb1eb53482387911cbd29b86a98588d53d6086cd2cc392a017808e0ec.png
17:00:53.578 [Forwarding findElement on session 4ad12421f058a1bb6ff0447269cd79a6 to remote] DEBUG org.asynchttpclient.netty.request.NettyRequestSender - Using pooled Channel '[id: 0xedec7daa, L:/127.0.0.1:5128 - R:localhost/127.0.0.1:65449]' for 'POST' to 'http://localhost:65449/session/4ad12421f058a1bb6ff0447269cd79a6/element'
17:00:53.578 [Forwarding findElement on session 4ad12421f058a1bb6ff0447269cd79a6 to remote] DEBUG org.asynchttpclient.netty.request.NettyRequestSender - Using open Channel [id: 0xedec7daa, L:/127.0.0.1:5128 - R:localhost/127.0.0.1:65449] for POST '/session/4ad12421f058a1bb6ff0447269cd79a6/element'
17:00:53.603 [AsyncHttpClient-1-2] DEBUG org.asynchttpclient.netty.handler.HttpHandler - 

Request DefaultHttpRequest(decodeResult: success, version: HTTP/1.1)
POST /session/4ad12421f058a1bb6ff0447269cd79a6/element HTTP/1.1
User-Agent: selenium/4.1.2 (java windows)
Content-Length: 74
Content-Type: application/json; charset=utf-8
host: localhost:65449
accept: */*

Response DefaultHttpResponse(decodeResult: success, version: HTTP/1.1)
HTTP/1.1 200 OK
Content-Type: application/json; charset=utf-8
cache-control: no-cache
content-length: 88

17:00:53.604 [AsyncHttpClient-1-2] DEBUG org.asynchttpclient.netty.channel.ChannelManager - Adding key: http://localhost:65449 for channel [id: 0xedec7daa, L:/127.0.0.1:5128 - R:localhost/127.0.0.1:65449]
17:00:53.611 [Forwarding isElementDisplayed on session 4ad12421f058a1bb6ff0447269cd79a6 to remote] DEBUG org.asynchttpclient.netty.request.NettyRequestSender - Using pooled Channel '[id: 0xedec7daa, L:/127.0.0.1:5128 - R:localhost/127.0.0.1:65449]' for 'POST' to 'http://localhost:65449/session/4ad12421f058a1bb6ff0447269cd79a6/execute/sync'
17:00:53.612 [Forwarding isElementDisplayed on session 4ad12421f058a1bb6ff0447269cd79a6 to remote] DEBUG org.asynchttpclient.netty.request.NettyRequestSender - Using open Channel [id: 0xedec7daa, L:/127.0.0.1:5128 - R:localhost/127.0.0.1:65449] for POST '/session/4ad12421f058a1bb6ff0447269cd79a6/execute/sync'
17:00:53.642 [AsyncHttpClient-1-2] DEBUG org.asynchttpclient.netty.handler.HttpHandler - 

Request DefaultHttpRequest(decodeResult: success, version: HTTP/1.1)
POST /session/4ad12421f058a1bb6ff0447269cd79a6/execute/sync HTTP/1.1
User-Agent: selenium/4.1.2 (java windows)
Content-Length: 48780
Content-Type: application/json; charset=utf-8
host: localhost:65449
accept: */*

Response DefaultHttpResponse(decodeResult: success, version: HTTP/1.1)
HTTP/1.1 200 OK
Content-Type: application/json; charset=utf-8
cache-control: no-cache
content-length: 14

17:00:53.642 [AsyncHttpClient-1-2] DEBUG org.asynchttpclient.netty.channel.ChannelManager - Adding key: http://localhost:65449 for channel [id: 0xedec7daa, L:/127.0.0.1:5128 - R:localhost/127.0.0.1:65449]
  &amp#27;[32mThen &amp#27;[0m&amp#27;[32mI will see Book Store Button&amp#27;[0m              &amp#27;[90m# starter.stepdefinitions.LoginStep.iWillSeeBookStoreButton()&amp#27;[0m
17:00:53.656 [Forwarding screenshot on session 4ad12421f058a1bb6ff0447269cd79a6 to remote] DEBUG org.asynchttpclient.netty.request.NettyRequestSender - Using pooled Channel '[id: 0xedec7daa, L:/127.0.0.1:5128 - R:localhost/127.0.0.1:65449]' for 'GET' to 'http://localhost:65449/session/4ad12421f058a1bb6ff0447269cd79a6/screenshot'
17:00:53.656 [Forwarding screenshot on session 4ad12421f058a1bb6ff0447269cd79a6 to remote] DEBUG org.asynchttpclient.netty.request.NettyRequestSender - Using open Channel [id: 0xedec7daa, L:/127.0.0.1:5128 - R:localhost/127.0.0.1:65449] for GET '/session/4ad12421f058a1bb6ff0447269cd79a6/screenshot'
17:00:53.852 [AsyncHttpClient-1-2] DEBUG org.asynchttpclient.netty.handler.HttpHandler - 

Request DefaultFullHttpRequest(decodeResult: success, version: HTTP/1.1, content: EmptyByteBufBE)
GET /session/4ad12421f058a1bb6ff0447269cd79a6/screenshot HTTP/1.1
User-Agent: selenium/4.1.2 (java windows)
Cache-Control: no-cache
Content-Type: application/json; charset=utf-8
host: localhost:65449
accept: */*

Response DefaultHttpResponse(decodeResult: success, version: HTTP/1.1)
HTTP/1.1 200 OK
Content-Type: application/json; charset=utf-8
cache-control: no-cache
content-length: 210972

17:00:53.853 [AsyncHttpClient-1-2] DEBUG org.asynchttpclient.netty.channel.ChannelManager - Adding key: http://localhost:65449 for channel [id: 0xedec7daa, L:/127.0.0.1:5128 - R:localhost/127.0.0.1:65449]
17:00:53.871 [main] DEBUG net.serenitybdd.core.photography.Darkroom - Send negative for processing for target\site\serenity\4757ac4cb1eb53482387911cbd29b86a98588d53d6086cd2cc392a017808e0ec.png
17:00:53.873 [main] INFO  - 
  _____   ___   ___   _____     ___     _     ___   ___   ___   ___  
 |_   _| | __| / __| |_   _|   | _ \   /_\   / __| / __| | __| |   \ 
   | |   | _|  \__ \   | |     |  _/  / _ \  \__ \ \__ \ | _|  | |) |
   |_|   |___| |___/   |_|     |_|   /_/ \_\ |___/ |___/ |___| |___/ 

Login with valid userName and Password
----------------------------------------------------------------------
17:00:53.875 [AsyncHttpClient-1-4] DEBUG org.asynchttpclient.netty.handler.WebSocketHandler - Channel Closed: [id: 0x31dc383a, L:/127.0.0.1:5141 ! R:localhost/127.0.0.1:5132] with attribute NettyResponseFuture{currentRetry=5,
	isDone=1,
	isCancelled=0,
	asyncHandler=org.asynchttpclient.ws.WebSocketUpgradeHandler@13e5bc4a,
	nettyRequest=org.asynchttpclient.netty.request.NettyRequest@266cb99f,
	future=java.util.concurrent.CompletableFuture@7bded125[Completed normally],
	uri=ws://localhost:5132/devtools/browser/a750ede2-4693-4a05-b079-bc09fc7c4102,
	keepAlive=true,
	redirectCount=0,
	timeoutsHolder=null,
	inAuth=0,
	touch=1664964005004}
17:00:53.875 [AsyncHttpClient-1-4] DEBUG org.asynchttpclient.netty.channel.ChannelManager - Closing Channel [id: 0x31dc383a, L:/127.0.0.1:5141 ! R:localhost/127.0.0.1:5132] 
17:00:53.875 [Driver Command Executor] DEBUG org.asynchttpclient.netty.request.NettyRequestSender - Using pooled Channel '[id: 0xedec7daa, L:/127.0.0.1:5128 - R:localhost/127.0.0.1:65449]' for 'DELETE' to 'http://localhost:65449/session/4ad12421f058a1bb6ff0447269cd79a6'
17:00:53.875 [Driver Command Executor] DEBUG org.asynchttpclient.netty.request.NettyRequestSender - Using open Channel [id: 0xedec7daa, L:/127.0.0.1:5128 - R:localhost/127.0.0.1:65449] for DELETE '/session/4ad12421f058a1bb6ff0447269cd79a6'
17:00:53.994 [AsyncHttpClient-1-3] DEBUG org.asynchttpclient.netty.handler.HttpHandler - Unexpected I/O exception on channel [id: 0x794ec973, L:/127.0.0.1:5140 - R:localhost/127.0.0.1:5132]
java.io.IOException: An existing connection was forcibly closed by the remote host
	at java.base/sun.nio.ch.SocketDispatcher.read0(Native Method)
	at java.base/sun.nio.ch.SocketDispatcher.read(SocketDispatcher.java:43)
	at java.base/sun.nio.ch.IOUtil.readIntoNativeBuffer(IOUtil.java:276)
	at java.base/sun.nio.ch.IOUtil.read(IOUtil.java:233)
	at java.base/sun.nio.ch.IOUtil.read(IOUtil.java:223)
	at java.base/sun.nio.ch.SocketChannelImpl.read(SocketChannelImpl.java:358)
	at io.netty.buffer.PooledByteBuf.setBytes(PooledByteBuf.java:258)
	at io.netty.buffer.AbstractByteBuf.writeBytes(AbstractByteBuf.java:1132)
	at io.netty.channel.socket.nio.NioSocketChannel.doReadBytes(NioSocketChannel.java:350)
	at io.netty.channel.nio.AbstractNioByteChannel$NioByteUnsafe.read(AbstractNioByteChannel.java:151)
	at io.netty.channel.nio.NioEventLoop.processSelectedKey(NioEventLoop.java:722)
	at io.netty.channel.nio.NioEventLoop.processSelectedKeysOptimized(NioEventLoop.java:658)
	at io.netty.channel.nio.NioEventLoop.processSelectedKeys(NioEventLoop.java:584)
	at io.netty.channel.nio.NioEventLoop.run(NioEventLoop.java:496)
	at io.netty.util.concurrent.SingleThreadEventExecutor$4.run(SingleThreadEventExecutor.java:986)
	at io.netty.util.internal.ThreadExecutorMap$2.run(ThreadExecutorMap.java:74)
	at io.netty.util.concurrent.FastThreadLocalRunnable.run(FastThreadLocalRunnable.java:30)
	at java.base/java.lang.Thread.run(Thread.java:834)
17:00:53.994 [AsyncHttpClient-1-3] DEBUG org.asynchttpclient.netty.channel.ChannelManager - Closing Channel [id: 0x794ec973, L:/127.0.0.1:5140 - R:localhost/127.0.0.1:5132] 
17:00:53.995 [AsyncHttpClient-1-3] DEBUG org.asynchttpclient.netty.handler.HttpHandler - Channel Closed: [id: 0x794ec973, L:/127.0.0.1:5140 ! R:localhost/127.0.0.1:5132] with attribute DISCARD
17:00:54.039 [AsyncHttpClient-1-2] DEBUG org.asynchttpclient.netty.handler.HttpHandler - 

Request DefaultFullHttpRequest(decodeResult: success, version: HTTP/1.1, content: EmptyByteBufBE)
DELETE /session/4ad12421f058a1bb6ff0447269cd79a6 HTTP/1.1
User-Agent: selenium/4.1.2 (java windows)
Content-Type: application/json; charset=utf-8
host: localhost:65449
accept: */*

Response DefaultHttpResponse(decodeResult: success, version: HTTP/1.1)
HTTP/1.1 200 OK
Content-Type: application/json; charset=utf-8
cache-control: no-cache
content-length: 14

17:00:54.039 [AsyncHttpClient-1-2] DEBUG org.asynchttpclient.netty.channel.ChannelManager - Adding key: http://localhost:65449 for channel [id: 0xedec7daa, L:/127.0.0.1:5128 - R:localhost/127.0.0.1:65449]
17:00:54.123 [AsyncHttpClient-1-1] DEBUG org.asynchttpclient.netty.channel.DefaultChannelPool - Entry count for : http://localhost:65449 : 1
17:00:54.123 [AsyncHttpClient-1-1] DEBUG org.asynchttpclient.netty.channel.DefaultChannelPool - Entry count for : http://localhost:5132 : 1
17:00:54.123 [AsyncHttpClient-1-1] DEBUG org.asynchttpclient.netty.channel.DefaultChannelPool - Adding Candidate expired Channel [id: 0x794ec973, L:/127.0.0.1:5140 ! R:localhost/127.0.0.1:5132] isIdleTimeoutExpired=false isRemotelyClosed=true isTtlExpired=false
17:00:54.123 [AsyncHttpClient-1-1] DEBUG org.asynchttpclient.netty.channel.DefaultChannelPool - Closing Idle Channel [id: 0x794ec973, L:/127.0.0.1:5140 ! R:localhost/127.0.0.1:5132]
17:00:54.123 [AsyncHttpClient-1-1] DEBUG org.asynchttpclient.netty.channel.DefaultChannelPool - Closed 1 connections out of 2 in 0 ms
17:00:54.195 [AsyncHttpClient-1-2] DEBUG org.asynchttpclient.netty.handler.HttpHandler - Channel Closed: [id: 0xedec7daa, L:/127.0.0.1:5128 ! R:localhost/127.0.0.1:65449] with attribute DISCARD
]]></system-out>
    <system-err><![CDATA[Starting Microsoft Edge WebDriver 105.0.1343.53 (3a47f00402d579c8ba1fad7e143f9d73831b6765) on port 65449
To submit feedback, report a bug, or suggest new features, please visit https://github.com/MicrosoftEdge/EdgeWebDriver

Only local connections are allowed.
Please see https://aka.ms/WebDriverSecurity for suggestions on keeping Microsoft Edge WebDriver safe.

Microsoft Edge WebDriver was started successfully.
Oct 05, 2022 5:00:04 PM org.openqa.selenium.remote.ProtocolHandshake createSession
INFO: Detected dialect: W3C
Oct 05, 2022 5:00:05 PM org.openqa.selenium.devtools.CdpVersionFinder findNearestMatch
WARNING: Unable to find an exact match for CDP version 105, so returning the closest version found: a no-op implementation
Oct 05, 2022 5:00:05 PM org.openqa.selenium.devtools.CdpVersionFinder findNearestMatch
INFO: Unable to find CDP implementation matching 105.
Oct 05, 2022 5:00:05 PM org.openqa.selenium.chromium.ChromiumDriver lambda$new$3
WARNING: Unable to find version of CDP to use for . You may need to include a dependency on a specific version of the CDP using something similar to `org.seleniumhq.selenium:selenium-devtools-v86:4.1.2` where the version ("v86") matches the version of the chromium-based browser you're using and the version number of the artifact is the same as Selenium's.
]]></system-err>
  </testcase>
  <testcase name="Login with valid username and invalid password" classname="Login" time="46.509">
    <system-out><![CDATA[
Scenario: Login with valid username and invalid password &amp#27;[90m# src/test/resources/features/Login.feature:13&amp#27;[0m
17:00:54.293 [main] INFO io.cucumber.core.plugin.SerenityReporter - Running feature from file:///D:/File%20Baru/Kuliah/Quality%20Engineer/qe_Bayu-Septyan-Nur-Hidayat/21_Review_Web_UI_Testing_with_Serenity/Praktikum/untitled/src/test/resources/features/Login.feature
17:00:54.297 [main] INFO  - 
  _____   ___   ___   _____     ___   _____     _     ___   _____   ___   ___  
 |_   _| | __| / __| |_   _|   / __| |_   _|   /_\   | _ \ |_   _| | __| |   \ 
   | |   | _|  \__ \   | |     \__ \   | |    / _ \  |   /   | |   | _|  | |) |
   |_|   |___| |___/   |_|     |___/   |_|   /_/ \_\ |_|_\   |_|   |___| |___/ 

Login with valid username and invalid password(login;login-with-valid-username-and-invalid-password)
--------------------------------------------------------------------------------
17:00:54.777 [main] DEBUG io.github.bonigarcia.wdm.cache.ResolutionCache - Resolution edge=105 in cache (valid until 17:51:16 05/10/2022 ICT)
17:00:54.788 [main] DEBUG io.github.bonigarcia.wdm.cache.ResolutionCache - Resolution edge105=105.0.1343.53 in cache (valid until 15:48:55 06/10/2022 ICT)
17:00:54.793 [main] INFO io.github.bonigarcia.wdm.WebDriverManager - Using msedgedriver 105.0.1343.53 (resolved driver for Edge 105)
17:00:54.823 [main] DEBUG io.github.bonigarcia.wdm.WebDriverManager - Driver msedgedriver 105.0.1343.53 found in cache
17:00:54.825 [main] INFO io.github.bonigarcia.wdm.WebDriverManager - Exporting webdriver.edge.driver as C:\Users\Bayu\.cache\selenium\msedgedriver\win64\105.0.1343.53\msedgedriver.exe
17:00:54.828 [main] DEBUG net.serenitybdd.core.webdriver.driverproviders.ProvideNewDriver - Instantiating driver
17:00:54.828 [main] DEBUG net.serenitybdd.core.webdriver.driverproviders.ProvideNewDriver - Driver capabilities: Capabilities {base.url: https://demoqa.com, driver: edge, edge.driver: src/test/resources/webdrive..., ms:edgeChromium: true, ms:edgeOptions: {}}
17:00:55.214 [AsyncHttpClient-1-1] DEBUG org.asynchttpclient.netty.channel.DefaultChannelPool - Entry count for : http://localhost:65449 : 1
17:00:55.214 [AsyncHttpClient-1-1] DEBUG org.asynchttpclient.netty.channel.DefaultChannelPool - Adding Candidate expired Channel [id: 0xedec7daa, L:/127.0.0.1:5128 ! R:localhost/127.0.0.1:65449] isIdleTimeoutExpired=false isRemotelyClosed=true isTtlExpired=false
17:00:55.214 [AsyncHttpClient-1-1] DEBUG org.asynchttpclient.netty.channel.DefaultChannelPool - Closing Idle Channel [id: 0xedec7daa, L:/127.0.0.1:5128 ! R:localhost/127.0.0.1:65449]
17:00:55.214 [AsyncHttpClient-1-1] DEBUG org.asynchttpclient.netty.channel.DefaultChannelPool - Closed 1 connections out of 1 in 0 ms
17:00:55.231 [AsyncHttpClient-1-5] DEBUG org.asynchttpclient.netty.channel.NettyConnectListener - Using new Channel '[id: 0x860594ba, L:/127.0.0.1:5302 - R:localhost/127.0.0.1:64966]' for 'POST' to '/session'
17:00:57.010 [AsyncHttpClient-1-5] DEBUG org.asynchttpclient.netty.handler.HttpHandler - 

Request DefaultHttpRequest(decodeResult: success, version: HTTP/1.1)
POST /session HTTP/1.1
User-Agent: selenium/4.1.2 (java windows)
Content-Length: 591
Content-Type: application/json; charset=utf-8
host: localhost:64966
accept: */*

Response DefaultHttpResponse(decodeResult: success, version: HTTP/1.1)
HTTP/1.1 200 OK
Content-Type: application/json; charset=utf-8
cache-control: no-cache
content-length: 751

17:00:57.010 [AsyncHttpClient-1-5] DEBUG org.asynchttpclient.netty.channel.ChannelManager - Adding key: http://localhost:64966 for channel [id: 0x860594ba, L:/127.0.0.1:5302 - R:localhost/127.0.0.1:64966]
17:00:57.028 [AsyncHttpClient-1-6] DEBUG org.asynchttpclient.netty.channel.NettyConnectListener - Using new Channel '[id: 0x0057f7c4, L:/127.0.0.1:5321 - R:localhost/127.0.0.1:5305]' for 'GET' to '/json/version'
17:00:57.030 [AsyncHttpClient-1-6] DEBUG org.asynchttpclient.netty.handler.HttpHandler - 

Request DefaultFullHttpRequest(decodeResult: success, version: HTTP/1.1, content: EmptyByteBufBE)
GET /json/version HTTP/1.1
User-Agent: selenium/4.1.2 (java windows)
host: localhost:5305
accept: */*

Response DefaultHttpResponse(decodeResult: success, version: HTTP/1.1)
HTTP/1.1 200 OK
Content-Type: application/json; charset=UTF-8
content-length: 435

17:00:57.030 [AsyncHttpClient-1-6] DEBUG org.asynchttpclient.netty.channel.ChannelManager - Adding key: http://localhost:5305 for channel [id: 0x0057f7c4, L:/127.0.0.1:5321 - R:localhost/127.0.0.1:5305]
17:00:57.038 [AsyncHttpClient-1-7] DEBUG org.asynchttpclient.netty.channel.NettyConnectListener - Using new Channel '[id: 0x12f2f2e3, L:/127.0.0.1:5322 - R:localhost/127.0.0.1:5305]' for 'GET' to '/devtools/browser/6f62b057-9f67-4d73-aa87-453b58f5021a'
17:00:57.040 [AsyncHttpClient-1-7] DEBUG org.asynchttpclient.netty.handler.WebSocketHandler - 

Request DefaultFullHttpRequest(decodeResult: success, version: HTTP/1.1, content: EmptyByteBufBE)
GET /devtools/browser/6f62b057-9f67-4d73-aa87-453b58f5021a HTTP/1.1
upgrade: websocket
connection: upgrade
sec-websocket-key: /MR42pjiOIIYO7qWSAG6Eg==
sec-websocket-version: 13
origin: http://localhost:5305
host: localhost:5305
accept: */*
user-agent: AHC/2.1

Response DefaultHttpResponse(decodeResult: success, version: HTTP/1.1)
HTTP/1.1 101 WebSocket Protocol Handshake
Upgrade: WebSocket
Connection: Upgrade
Sec-WebSocket-Accept: iU2WMZwdNkrxMRFVxBqbqiSw21k=

17:00:57.049 [Forwarding get on session 700386f874cbf6fd7f26a22548093d91 to remote] DEBUG org.asynchttpclient.netty.request.NettyRequestSender - Using pooled Channel '[id: 0x860594ba, L:/127.0.0.1:5302 - R:localhost/127.0.0.1:64966]' for 'POST' to 'http://localhost:64966/session/700386f874cbf6fd7f26a22548093d91/url'
17:00:57.049 [Forwarding get on session 700386f874cbf6fd7f26a22548093d91 to remote] DEBUG org.asynchttpclient.netty.request.NettyRequestSender - Using open Channel [id: 0x860594ba, L:/127.0.0.1:5302 - R:localhost/127.0.0.1:64966] for POST '/session/700386f874cbf6fd7f26a22548093d91/url'
17:00:57.415 [AsyncHttpClient-1-1] DEBUG org.asynchttpclient.netty.channel.DefaultChannelPool - Entry count for : http://localhost:5305 : 1
17:00:58.515 [AsyncHttpClient-1-1] DEBUG org.asynchttpclient.netty.channel.DefaultChannelPool - Entry count for : http://localhost:5305 : 1
17:00:59.628 [AsyncHttpClient-1-1] DEBUG org.asynchttpclient.netty.channel.DefaultChannelPool - Entry count for : http://localhost:5305 : 1
17:01:00.714 [AsyncHttpClient-1-1] DEBUG org.asynchttpclient.netty.channel.DefaultChannelPool - Entry count for : http://localhost:5305 : 1
17:01:01.813 [AsyncHttpClient-1-1] DEBUG org.asynchttpclient.netty.channel.DefaultChannelPool - Entry count for : http://localhost:5305 : 1
17:01:02.921 [AsyncHttpClient-1-1] DEBUG org.asynchttpclient.netty.channel.DefaultChannelPool - Entry count for : http://localhost:5305 : 1
17:01:04.022 [AsyncHttpClient-1-1] DEBUG org.asynchttpclient.netty.channel.DefaultChannelPool - Entry count for : http://localhost:5305 : 1
17:01:05.113 [AsyncHttpClient-1-1] DEBUG org.asynchttpclient.netty.channel.DefaultChannelPool - Entry count for : http://localhost:5305 : 1
17:01:06.219 [AsyncHttpClient-1-1] DEBUG org.asynchttpclient.netty.channel.DefaultChannelPool - Entry count for : http://localhost:5305 : 1
17:01:07.318 [AsyncHttpClient-1-1] DEBUG org.asynchttpclient.netty.channel.DefaultChannelPool - Entry count for : http://localhost:5305 : 1
17:01:08.423 [AsyncHttpClient-1-1] DEBUG org.asynchttpclient.netty.channel.DefaultChannelPool - Entry count for : http://localhost:5305 : 1
17:01:09.515 [AsyncHttpClient-1-1] DEBUG org.asynchttpclient.netty.channel.DefaultChannelPool - Entry count for : http://localhost:5305 : 1
17:01:10.617 [AsyncHttpClient-1-1] DEBUG org.asynchttpclient.netty.channel.DefaultChannelPool - Entry count for : http://localhost:5305 : 1
17:01:11.714 [AsyncHttpClient-1-1] DEBUG org.asynchttpclient.netty.channel.DefaultChannelPool - Entry count for : http://localhost:5305 : 1
17:01:12.818 [AsyncHttpClient-1-1] DEBUG org.asynchttpclient.netty.channel.DefaultChannelPool - Entry count for : http://localhost:5305 : 1
17:01:13.918 [AsyncHttpClient-1-1] DEBUG org.asynchttpclient.netty.channel.DefaultChannelPool - Entry count for : http://localhost:5305 : 1
17:01:15.019 [AsyncHttpClient-1-1] DEBUG org.asynchttpclient.netty.channel.DefaultChannelPool - Entry count for : http://localhost:5305 : 1
17:01:16.114 [AsyncHttpClient-1-1] DEBUG org.asynchttpclient.netty.channel.DefaultChannelPool - Entry count for : http://localhost:5305 : 1
17:01:17.214 [AsyncHttpClient-1-1] DEBUG org.asynchttpclient.netty.channel.DefaultChannelPool - Entry count for : http://localhost:5305 : 1
17:01:18.318 [AsyncHttpClient-1-1] DEBUG org.asynchttpclient.netty.channel.DefaultChannelPool - Entry count for : http://localhost:5305 : 1
17:01:19.420 [AsyncHttpClient-1-1] DEBUG org.asynchttpclient.netty.channel.DefaultChannelPool - Entry count for : http://localhost:5305 : 1
17:01:20.514 [AsyncHttpClient-1-1] DEBUG org.asynchttpclient.netty.channel.DefaultChannelPool - Entry count for : http://localhost:5305 : 1
17:01:21.615 [AsyncHttpClient-1-1] DEBUG org.asynchttpclient.netty.channel.DefaultChannelPool - Entry count for : http://localhost:5305 : 1
17:01:22.714 [AsyncHttpClient-1-1] DEBUG org.asynchttpclient.netty.channel.DefaultChannelPool - Entry count for : http://localhost:5305 : 1
17:01:23.818 [AsyncHttpClient-1-1] DEBUG org.asynchttpclient.netty.channel.DefaultChannelPool - Entry count for : http://localhost:5305 : 1
17:01:24.913 [AsyncHttpClient-1-1] DEBUG org.asynchttpclient.netty.channel.DefaultChannelPool - Entry count for : http://localhost:5305 : 1
17:01:26.014 [AsyncHttpClient-1-1] DEBUG org.asynchttpclient.netty.channel.DefaultChannelPool - Entry count for : http://localhost:5305 : 1
17:01:27.119 [AsyncHttpClient-1-1] DEBUG org.asynchttpclient.netty.channel.DefaultChannelPool - Entry count for : http://localhost:5305 : 1
17:01:28.215 [AsyncHttpClient-1-1] DEBUG org.asynchttpclient.netty.channel.DefaultChannelPool - Entry count for : http://localhost:5305 : 1
17:01:29.314 [AsyncHttpClient-1-1] DEBUG org.asynchttpclient.netty.channel.DefaultChannelPool - Entry count for : http://localhost:5305 : 1
17:01:30.414 [AsyncHttpClient-1-1] DEBUG org.asynchttpclient.netty.channel.DefaultChannelPool - Entry count for : http://localhost:5305 : 1
17:01:31.516 [AsyncHttpClient-1-1] DEBUG org.asynchttpclient.netty.channel.DefaultChannelPool - Entry count for : http://localhost:5305 : 1
17:01:32.613 [AsyncHttpClient-1-1] DEBUG org.asynchttpclient.netty.channel.DefaultChannelPool - Entry count for : http://localhost:5305 : 1
17:01:32.882 [AsyncHttpClient-1-5] DEBUG org.asynchttpclient.netty.handler.HttpHandler - 

Request DefaultHttpRequest(decodeResult: success, version: HTTP/1.1)
POST /session/700386f874cbf6fd7f26a22548093d91/url HTTP/1.1
User-Agent: selenium/4.1.2 (java windows)
Content-Length: 54
Content-Type: application/json; charset=utf-8
host: localhost:64966
accept: */*

Response DefaultHttpResponse(decodeResult: success, version: HTTP/1.1)
HTTP/1.1 200 OK
Content-Type: application/json; charset=utf-8
cache-control: no-cache
content-length: 14

17:01:32.883 [AsyncHttpClient-1-5] DEBUG org.asynchttpclient.netty.channel.ChannelManager - Adding key: http://localhost:64966 for channel [id: 0x860594ba, L:/127.0.0.1:5302 - R:localhost/127.0.0.1:64966]
17:01:32.887 [Forwarding setTimeout on session 700386f874cbf6fd7f26a22548093d91 to remote] DEBUG org.asynchttpclient.netty.request.NettyRequestSender - Using pooled Channel '[id: 0x860594ba, L:/127.0.0.1:5302 - R:localhost/127.0.0.1:64966]' for 'POST' to 'http://localhost:64966/session/700386f874cbf6fd7f26a22548093d91/timeouts'
17:01:32.887 [Forwarding setTimeout on session 700386f874cbf6fd7f26a22548093d91 to remote] DEBUG org.asynchttpclient.netty.request.NettyRequestSender - Using open Channel [id: 0x860594ba, L:/127.0.0.1:5302 - R:localhost/127.0.0.1:64966] for POST '/session/700386f874cbf6fd7f26a22548093d91/timeouts'
17:01:32.894 [AsyncHttpClient-1-5] DEBUG org.asynchttpclient.netty.handler.HttpHandler - 

Request DefaultHttpRequest(decodeResult: success, version: HTTP/1.1)
POST /session/700386f874cbf6fd7f26a22548093d91/timeouts HTTP/1.1
User-Agent: selenium/4.1.2 (java windows)
Content-Length: 22
Content-Type: application/json; charset=utf-8
host: localhost:64966
accept: */*

Response DefaultHttpResponse(decodeResult: success, version: HTTP/1.1)
HTTP/1.1 200 OK
Content-Type: application/json; charset=utf-8
cache-control: no-cache
content-length: 14

17:01:32.894 [AsyncHttpClient-1-5] DEBUG org.asynchttpclient.netty.channel.ChannelManager - Adding key: http://localhost:64966 for channel [id: 0x860594ba, L:/127.0.0.1:5302 - R:localhost/127.0.0.1:64966]
17:01:32.902 [Forwarding getCurrentUrl on session 700386f874cbf6fd7f26a22548093d91 to remote] DEBUG org.asynchttpclient.netty.request.NettyRequestSender - Using pooled Channel '[id: 0x860594ba, L:/127.0.0.1:5302 - R:localhost/127.0.0.1:64966]' for 'GET' to 'http://localhost:64966/session/700386f874cbf6fd7f26a22548093d91/url'
17:01:32.902 [Forwarding getCurrentUrl on session 700386f874cbf6fd7f26a22548093d91 to remote] DEBUG org.asynchttpclient.netty.request.NettyRequestSender - Using open Channel [id: 0x860594ba, L:/127.0.0.1:5302 - R:localhost/127.0.0.1:64966] for GET '/session/700386f874cbf6fd7f26a22548093d91/url'
17:01:32.911 [AsyncHttpClient-1-5] DEBUG org.asynchttpclient.netty.handler.HttpHandler - 

Request DefaultFullHttpRequest(decodeResult: success, version: HTTP/1.1, content: EmptyByteBufBE)
GET /session/700386f874cbf6fd7f26a22548093d91/url HTTP/1.1
User-Agent: selenium/4.1.2 (java windows)
Cache-Control: no-cache
Content-Type: application/json; charset=utf-8
host: localhost:64966
accept: */*

Response DefaultHttpResponse(decodeResult: success, version: HTTP/1.1)
HTTP/1.1 200 OK
Content-Type: application/json; charset=utf-8
cache-control: no-cache
content-length: 36

17:01:32.912 [AsyncHttpClient-1-5] DEBUG org.asynchttpclient.netty.channel.ChannelManager - Adding key: http://localhost:64966 for channel [id: 0x860594ba, L:/127.0.0.1:5302 - R:localhost/127.0.0.1:64966]
17:01:32.922 [Forwarding findElement on session 700386f874cbf6fd7f26a22548093d91 to remote] DEBUG org.asynchttpclient.netty.request.NettyRequestSender - Using pooled Channel '[id: 0x860594ba, L:/127.0.0.1:5302 - R:localhost/127.0.0.1:64966]' for 'POST' to 'http://localhost:64966/session/700386f874cbf6fd7f26a22548093d91/element'
17:01:32.923 [Forwarding findElement on session 700386f874cbf6fd7f26a22548093d91 to remote] DEBUG org.asynchttpclient.netty.request.NettyRequestSender - Using open Channel [id: 0x860594ba, L:/127.0.0.1:5302 - R:localhost/127.0.0.1:64966] for POST '/session/700386f874cbf6fd7f26a22548093d91/element'
17:01:32.975 [AsyncHttpClient-1-5] DEBUG org.asynchttpclient.netty.handler.HttpHandler - 

Request DefaultHttpRequest(decodeResult: success, version: HTTP/1.1)
POST /session/700386f874cbf6fd7f26a22548093d91/element HTTP/1.1
User-Agent: selenium/4.1.2 (java windows)
Content-Length: 53
Content-Type: application/json; charset=utf-8
host: localhost:64966
accept: */*

Response DefaultHttpResponse(decodeResult: success, version: HTTP/1.1)
HTTP/1.1 200 OK
Content-Type: application/json; charset=utf-8
cache-control: no-cache
content-length: 88

17:01:32.975 [AsyncHttpClient-1-5] DEBUG org.asynchttpclient.netty.channel.ChannelManager - Adding key: http://localhost:64966 for channel [id: 0x860594ba, L:/127.0.0.1:5302 - R:localhost/127.0.0.1:64966]
17:01:32.982 [Forwarding sendKeysToElement on session 700386f874cbf6fd7f26a22548093d91 to remote] DEBUG org.asynchttpclient.netty.request.NettyRequestSender - Using pooled Channel '[id: 0x860594ba, L:/127.0.0.1:5302 - R:localhost/127.0.0.1:64966]' for 'POST' to 'http://localhost:64966/session/700386f874cbf6fd7f26a22548093d91/element/4cd06690-a45f-4368-aac8-18ee469ad868/value'
17:01:32.984 [Forwarding sendKeysToElement on session 700386f874cbf6fd7f26a22548093d91 to remote] DEBUG org.asynchttpclient.netty.request.NettyRequestSender - Using open Channel [id: 0x860594ba, L:/127.0.0.1:5302 - R:localhost/127.0.0.1:64966] for POST '/session/700386f874cbf6fd7f26a22548093d91/element/4cd06690-a45f-4368-aac8-18ee469ad868/value'
17:01:33.388 [AsyncHttpClient-1-5] DEBUG org.asynchttpclient.netty.handler.HttpHandler - 

Request DefaultHttpRequest(decodeResult: success, version: HTTP/1.1)
POST /session/700386f874cbf6fd7f26a22548093d91/element/4cd06690-a45f-4368-aac8-18ee469ad868/value HTTP/1.1
User-Agent: selenium/4.1.2 (java windows)
Content-Length: 95
Content-Type: application/json; charset=utf-8
host: localhost:64966
accept: */*

Response DefaultHttpResponse(decodeResult: success, version: HTTP/1.1)
HTTP/1.1 200 OK
Content-Type: application/json; charset=utf-8
cache-control: no-cache
content-length: 14

17:01:33.388 [AsyncHttpClient-1-5] DEBUG org.asynchttpclient.netty.channel.ChannelManager - Adding key: http://localhost:64966 for channel [id: 0x860594ba, L:/127.0.0.1:5302 - R:localhost/127.0.0.1:64966]
  &amp#27;[32mGiven &amp#27;[0m&amp#27;[32mI click login button on book store&amp#27;[0m               &amp#27;[90m# starter.stepdefinitions.LoginStep.iClickLoginButtonOnBookStore()&amp#27;[0m
17:01:33.405 [Forwarding screenshot on session 700386f874cbf6fd7f26a22548093d91 to remote] DEBUG org.asynchttpclient.netty.request.NettyRequestSender - Using pooled Channel '[id: 0x860594ba, L:/127.0.0.1:5302 - R:localhost/127.0.0.1:64966]' for 'GET' to 'http://localhost:64966/session/700386f874cbf6fd7f26a22548093d91/screenshot'
17:01:33.405 [Forwarding screenshot on session 700386f874cbf6fd7f26a22548093d91 to remote] DEBUG org.asynchttpclient.netty.request.NettyRequestSender - Using open Channel [id: 0x860594ba, L:/127.0.0.1:5302 - R:localhost/127.0.0.1:64966] for GET '/session/700386f874cbf6fd7f26a22548093d91/screenshot'
17:01:33.718 [AsyncHttpClient-1-1] DEBUG org.asynchttpclient.netty.channel.DefaultChannelPool - Entry count for : http://localhost:5305 : 1
17:01:33.794 [AsyncHttpClient-1-5] DEBUG org.asynchttpclient.netty.handler.HttpHandler - 

Request DefaultFullHttpRequest(decodeResult: success, version: HTTP/1.1, content: EmptyByteBufBE)
GET /session/700386f874cbf6fd7f26a22548093d91/screenshot HTTP/1.1
User-Agent: selenium/4.1.2 (java windows)
Cache-Control: no-cache
Content-Type: application/json; charset=utf-8
host: localhost:64966
accept: */*

Response DefaultHttpResponse(decodeResult: success, version: HTTP/1.1)
HTTP/1.1 200 OK
Content-Type: application/json; charset=utf-8
cache-control: no-cache
content-length: 248332

17:01:33.801 [AsyncHttpClient-1-5] DEBUG org.asynchttpclient.netty.channel.ChannelManager - Adding key: http://localhost:64966 for channel [id: 0x860594ba, L:/127.0.0.1:5302 - R:localhost/127.0.0.1:64966]
17:01:33.837 [main] DEBUG net.serenitybdd.core.photography.Darkroom - Send negative for processing for target\site\serenity\7c2f48755f2de50dbfa2490be4578b1b3a498f53d921d56294af0c8efcdfb57c.png
17:01:33.840 [Darkroom Processing Line] DEBUG net.serenitybdd.core.photography.DarkroomProcessingLine - Processing screenshot image in /var/screenshots/screenshot-2136751179761411859
17:01:33.840 [Darkroom Processing Line] DEBUG net.serenitybdd.core.photography.DarkroomProcessingLine - Saving screenshot to target\site\serenity\7c2f48755f2de50dbfa2490be4578b1b3a498f53d921d56294af0c8efcdfb57c.png
17:01:33.856 [Forwarding findElement on session 700386f874cbf6fd7f26a22548093d91 to remote] DEBUG org.asynchttpclient.netty.request.NettyRequestSender - Using pooled Channel '[id: 0x860594ba, L:/127.0.0.1:5302 - R:localhost/127.0.0.1:64966]' for 'POST' to 'http://localhost:64966/session/700386f874cbf6fd7f26a22548093d91/element'
17:01:33.856 [Forwarding findElement on session 700386f874cbf6fd7f26a22548093d91 to remote] DEBUG org.asynchttpclient.netty.request.NettyRequestSender - Using open Channel [id: 0x860594ba, L:/127.0.0.1:5302 - R:localhost/127.0.0.1:64966] for POST '/session/700386f874cbf6fd7f26a22548093d91/element'
17:01:33.876 [AsyncHttpClient-1-5] DEBUG org.asynchttpclient.netty.handler.HttpHandler - 

Request DefaultHttpRequest(decodeResult: success, version: HTTP/1.1)
POST /session/700386f874cbf6fd7f26a22548093d91/element HTTP/1.1
User-Agent: selenium/4.1.2 (java windows)
Content-Length: 53
Content-Type: application/json; charset=utf-8
host: localhost:64966
accept: */*

Response DefaultHttpResponse(decodeResult: success, version: HTTP/1.1)
HTTP/1.1 200 OK
Content-Type: application/json; charset=utf-8
cache-control: no-cache
content-length: 88

17:01:33.876 [AsyncHttpClient-1-5] DEBUG org.asynchttpclient.netty.channel.ChannelManager - Adding key: http://localhost:64966 for channel [id: 0x860594ba, L:/127.0.0.1:5302 - R:localhost/127.0.0.1:64966]
17:01:33.879 [Forwarding clearElement on session 700386f874cbf6fd7f26a22548093d91 to remote] DEBUG org.asynchttpclient.netty.request.NettyRequestSender - Using pooled Channel '[id: 0x860594ba, L:/127.0.0.1:5302 - R:localhost/127.0.0.1:64966]' for 'POST' to 'http://localhost:64966/session/700386f874cbf6fd7f26a22548093d91/element/787658df-5994-46dc-a3aa-0d18e2b8ca34/clear'
17:01:33.879 [Forwarding clearElement on session 700386f874cbf6fd7f26a22548093d91 to remote] DEBUG org.asynchttpclient.netty.request.NettyRequestSender - Using open Channel [id: 0x860594ba, L:/127.0.0.1:5302 - R:localhost/127.0.0.1:64966] for POST '/session/700386f874cbf6fd7f26a22548093d91/element/787658df-5994-46dc-a3aa-0d18e2b8ca34/clear'
17:01:34.716 [AsyncHttpClient-1-5] DEBUG org.asynchttpclient.netty.handler.HttpHandler - 

Request DefaultHttpRequest(decodeResult: success, version: HTTP/1.1)
POST /session/700386f874cbf6fd7f26a22548093d91/element/787658df-5994-46dc-a3aa-0d18e2b8ca34/clear HTTP/1.1
User-Agent: selenium/4.1.2 (java windows)
Content-Length: 50
Content-Type: application/json; charset=utf-8
host: localhost:64966
accept: */*

Response DefaultHttpResponse(decodeResult: success, version: HTTP/1.1)
HTTP/1.1 200 OK
Content-Type: application/json; charset=utf-8
cache-control: no-cache
content-length: 14

17:01:34.717 [AsyncHttpClient-1-5] DEBUG org.asynchttpclient.netty.channel.ChannelManager - Adding key: http://localhost:64966 for channel [id: 0x860594ba, L:/127.0.0.1:5302 - R:localhost/127.0.0.1:64966]
17:01:34.724 [Forwarding sendKeysToElement on session 700386f874cbf6fd7f26a22548093d91 to remote] DEBUG org.asynchttpclient.netty.request.NettyRequestSender - Using pooled Channel '[id: 0x860594ba, L:/127.0.0.1:5302 - R:localhost/127.0.0.1:64966]' for 'POST' to 'http://localhost:64966/session/700386f874cbf6fd7f26a22548093d91/element/787658df-5994-46dc-a3aa-0d18e2b8ca34/value'
17:01:34.724 [Forwarding sendKeysToElement on session 700386f874cbf6fd7f26a22548093d91 to remote] DEBUG org.asynchttpclient.netty.request.NettyRequestSender - Using open Channel [id: 0x860594ba, L:/127.0.0.1:5302 - R:localhost/127.0.0.1:64966] for POST '/session/700386f874cbf6fd7f26a22548093d91/element/787658df-5994-46dc-a3aa-0d18e2b8ca34/value'
17:01:34.830 [AsyncHttpClient-1-1] DEBUG org.asynchttpclient.netty.channel.DefaultChannelPool - Entry count for : http://localhost:5305 : 1
17:01:35.316 [AsyncHttpClient-1-5] DEBUG org.asynchttpclient.netty.handler.HttpHandler - 

Request DefaultHttpRequest(decodeResult: success, version: HTTP/1.1)
POST /session/700386f874cbf6fd7f26a22548093d91/element/787658df-5994-46dc-a3aa-0d18e2b8ca34/value HTTP/1.1
User-Agent: selenium/4.1.2 (java windows)
Content-Length: 191
Content-Type: application/json; charset=utf-8
host: localhost:64966
accept: */*

Response DefaultHttpResponse(decodeResult: success, version: HTTP/1.1)
HTTP/1.1 200 OK
Content-Type: application/json; charset=utf-8
cache-control: no-cache
content-length: 14

17:01:35.316 [AsyncHttpClient-1-5] DEBUG org.asynchttpclient.netty.channel.ChannelManager - Adding key: http://localhost:64966 for channel [id: 0x860594ba, L:/127.0.0.1:5302 - R:localhost/127.0.0.1:64966]
  &amp#27;[32mWhen &amp#27;[0m&amp#27;[32mI input valid userName&amp#27;[0m                            &amp#27;[90m# starter.stepdefinitions.LoginStep.iInputValidUserName()&amp#27;[0m
17:01:35.339 [Forwarding screenshot on session 700386f874cbf6fd7f26a22548093d91 to remote] DEBUG org.asynchttpclient.netty.request.NettyRequestSender - Using pooled Channel '[id: 0x860594ba, L:/127.0.0.1:5302 - R:localhost/127.0.0.1:64966]' for 'GET' to 'http://localhost:64966/session/700386f874cbf6fd7f26a22548093d91/screenshot'
17:01:35.339 [Forwarding screenshot on session 700386f874cbf6fd7f26a22548093d91 to remote] DEBUG org.asynchttpclient.netty.request.NettyRequestSender - Using open Channel [id: 0x860594ba, L:/127.0.0.1:5302 - R:localhost/127.0.0.1:64966] for GET '/session/700386f874cbf6fd7f26a22548093d91/screenshot'
17:01:35.640 [AsyncHttpClient-1-5] DEBUG org.asynchttpclient.netty.handler.HttpHandler - 

Request DefaultFullHttpRequest(decodeResult: success, version: HTTP/1.1, content: EmptyByteBufBE)
GET /session/700386f874cbf6fd7f26a22548093d91/screenshot HTTP/1.1
User-Agent: selenium/4.1.2 (java windows)
Cache-Control: no-cache
Content-Type: application/json; charset=utf-8
host: localhost:64966
accept: */*

Response DefaultHttpResponse(decodeResult: success, version: HTTP/1.1)
HTTP/1.1 200 OK
Content-Type: application/json; charset=utf-8
cache-control: no-cache
content-length: 202164

17:01:35.641 [AsyncHttpClient-1-5] DEBUG org.asynchttpclient.netty.channel.ChannelManager - Adding key: http://localhost:64966 for channel [id: 0x860594ba, L:/127.0.0.1:5302 - R:localhost/127.0.0.1:64966]
17:01:35.679 [main] DEBUG net.serenitybdd.core.photography.Darkroom - Send negative for processing for target\site\serenity\e62990b81d0f26e1e0b0c65d1efda2f21a5e6234820adfe8f37ddd9050e76688.png
17:01:35.714 [Forwarding findElement on session 700386f874cbf6fd7f26a22548093d91 to remote] DEBUG org.asynchttpclient.netty.request.NettyRequestSender - Using pooled Channel '[id: 0x860594ba, L:/127.0.0.1:5302 - R:localhost/127.0.0.1:64966]' for 'POST' to 'http://localhost:64966/session/700386f874cbf6fd7f26a22548093d91/element'
17:01:35.714 [Forwarding findElement on session 700386f874cbf6fd7f26a22548093d91 to remote] DEBUG org.asynchttpclient.netty.request.NettyRequestSender - Using open Channel [id: 0x860594ba, L:/127.0.0.1:5302 - R:localhost/127.0.0.1:64966] for POST '/session/700386f874cbf6fd7f26a22548093d91/element'
17:01:35.719 [Darkroom Processing Line] DEBUG net.serenitybdd.core.photography.DarkroomProcessingLine - Processing screenshot image in /var/screenshots/screenshot-12510290528738454855
17:01:35.719 [Darkroom Processing Line] DEBUG net.serenitybdd.core.photography.DarkroomProcessingLine - Saving screenshot to target\site\serenity\e62990b81d0f26e1e0b0c65d1efda2f21a5e6234820adfe8f37ddd9050e76688.png
17:01:35.912 [AsyncHttpClient-1-5] DEBUG org.asynchttpclient.netty.handler.HttpHandler - 

Request DefaultHttpRequest(decodeResult: success, version: HTTP/1.1)
POST /session/700386f874cbf6fd7f26a22548093d91/element HTTP/1.1
User-Agent: selenium/4.1.2 (java windows)
Content-Length: 53
Content-Type: application/json; charset=utf-8
host: localhost:64966
accept: */*

Response DefaultHttpResponse(decodeResult: success, version: HTTP/1.1)
HTTP/1.1 200 OK
Content-Type: application/json; charset=utf-8
cache-control: no-cache
content-length: 88

17:01:35.913 [AsyncHttpClient-1-5] DEBUG org.asynchttpclient.netty.channel.ChannelManager - Adding key: http://localhost:64966 for channel [id: 0x860594ba, L:/127.0.0.1:5302 - R:localhost/127.0.0.1:64966]
17:01:35.917 [Forwarding clearElement on session 700386f874cbf6fd7f26a22548093d91 to remote] DEBUG org.asynchttpclient.netty.request.NettyRequestSender - Using pooled Channel '[id: 0x860594ba, L:/127.0.0.1:5302 - R:localhost/127.0.0.1:64966]' for 'POST' to 'http://localhost:64966/session/700386f874cbf6fd7f26a22548093d91/element/219ebec1-8375-4c03-aab9-1ec4f05014cd/clear'
17:01:35.917 [Forwarding clearElement on session 700386f874cbf6fd7f26a22548093d91 to remote] DEBUG org.asynchttpclient.netty.request.NettyRequestSender - Using open Channel [id: 0x860594ba, L:/127.0.0.1:5302 - R:localhost/127.0.0.1:64966] for POST '/session/700386f874cbf6fd7f26a22548093d91/element/219ebec1-8375-4c03-aab9-1ec4f05014cd/clear'
17:01:35.961 [AsyncHttpClient-1-1] DEBUG org.asynchttpclient.netty.channel.DefaultChannelPool - Entry count for : http://localhost:5305 : 1
17:01:36.161 [AsyncHttpClient-1-5] DEBUG org.asynchttpclient.netty.handler.HttpHandler - 

Request DefaultHttpRequest(decodeResult: success, version: HTTP/1.1)
POST /session/700386f874cbf6fd7f26a22548093d91/element/219ebec1-8375-4c03-aab9-1ec4f05014cd/clear HTTP/1.1
User-Agent: selenium/4.1.2 (java windows)
Content-Length: 50
Content-Type: application/json; charset=utf-8
host: localhost:64966
accept: */*

Response DefaultHttpResponse(decodeResult: success, version: HTTP/1.1)
HTTP/1.1 200 OK
Content-Type: application/json; charset=utf-8
cache-control: no-cache
content-length: 14

17:01:36.162 [AsyncHttpClient-1-5] DEBUG org.asynchttpclient.netty.channel.ChannelManager - Adding key: http://localhost:64966 for channel [id: 0x860594ba, L:/127.0.0.1:5302 - R:localhost/127.0.0.1:64966]
17:01:36.171 [Forwarding sendKeysToElement on session 700386f874cbf6fd7f26a22548093d91 to remote] DEBUG org.asynchttpclient.netty.request.NettyRequestSender - Using pooled Channel '[id: 0x860594ba, L:/127.0.0.1:5302 - R:localhost/127.0.0.1:64966]' for 'POST' to 'http://localhost:64966/session/700386f874cbf6fd7f26a22548093d91/element/219ebec1-8375-4c03-aab9-1ec4f05014cd/value'
17:01:36.171 [Forwarding sendKeysToElement on session 700386f874cbf6fd7f26a22548093d91 to remote] DEBUG org.asynchttpclient.netty.request.NettyRequestSender - Using open Channel [id: 0x860594ba, L:/127.0.0.1:5302 - R:localhost/127.0.0.1:64966] for POST '/session/700386f874cbf6fd7f26a22548093d91/element/219ebec1-8375-4c03-aab9-1ec4f05014cd/value'
17:01:36.715 [AsyncHttpClient-1-5] DEBUG org.asynchttpclient.netty.handler.HttpHandler - 

Request DefaultHttpRequest(decodeResult: success, version: HTTP/1.1)
POST /session/700386f874cbf6fd7f26a22548093d91/element/219ebec1-8375-4c03-aab9-1ec4f05014cd/value HTTP/1.1
User-Agent: selenium/4.1.2 (java windows)
Content-Length: 181
Content-Type: application/json; charset=utf-8
host: localhost:64966
accept: */*

Response DefaultHttpResponse(decodeResult: success, version: HTTP/1.1)
HTTP/1.1 200 OK
Content-Type: application/json; charset=utf-8
cache-control: no-cache
content-length: 14

17:01:36.716 [AsyncHttpClient-1-5] DEBUG org.asynchttpclient.netty.channel.ChannelManager - Adding key: http://localhost:64966 for channel [id: 0x860594ba, L:/127.0.0.1:5302 - R:localhost/127.0.0.1:64966]
  &amp#27;[32mAnd &amp#27;[0m&amp#27;[32mI input invalid password&amp#27;[0m                           &amp#27;[90m# starter.stepdefinitions.LoginStep.iInputInvalidPassword()&amp#27;[0m
17:01:36.737 [Forwarding screenshot on session 700386f874cbf6fd7f26a22548093d91 to remote] DEBUG org.asynchttpclient.netty.request.NettyRequestSender - Using pooled Channel '[id: 0x860594ba, L:/127.0.0.1:5302 - R:localhost/127.0.0.1:64966]' for 'GET' to 'http://localhost:64966/session/700386f874cbf6fd7f26a22548093d91/screenshot'
17:01:36.737 [Forwarding screenshot on session 700386f874cbf6fd7f26a22548093d91 to remote] DEBUG org.asynchttpclient.netty.request.NettyRequestSender - Using open Channel [id: 0x860594ba, L:/127.0.0.1:5302 - R:localhost/127.0.0.1:64966] for GET '/session/700386f874cbf6fd7f26a22548093d91/screenshot'
17:01:37.024 [AsyncHttpClient-1-1] DEBUG org.asynchttpclient.netty.channel.DefaultChannelPool - Entry count for : http://localhost:5305 : 1
17:01:37.159 [AsyncHttpClient-1-5] DEBUG org.asynchttpclient.netty.handler.HttpHandler - 

Request DefaultFullHttpRequest(decodeResult: success, version: HTTP/1.1, content: EmptyByteBufBE)
GET /session/700386f874cbf6fd7f26a22548093d91/screenshot HTTP/1.1
User-Agent: selenium/4.1.2 (java windows)
Cache-Control: no-cache
Content-Type: application/json; charset=utf-8
host: localhost:64966
accept: */*

Response DefaultHttpResponse(decodeResult: success, version: HTTP/1.1)
HTTP/1.1 200 OK
Content-Type: application/json; charset=utf-8
cache-control: no-cache
content-length: 200344

17:01:37.160 [AsyncHttpClient-1-5] DEBUG org.asynchttpclient.netty.channel.ChannelManager - Adding key: http://localhost:64966 for channel [id: 0x860594ba, L:/127.0.0.1:5302 - R:localhost/127.0.0.1:64966]
17:01:37.177 [main] DEBUG net.serenitybdd.core.photography.Darkroom - Send negative for processing for target\site\serenity\fd21b61b0d6ef6209da6c9e79c45ca02ce6d29dc74ac32f25446c0eb91bdad8c.png
17:01:37.178 [Darkroom Processing Line] DEBUG net.serenitybdd.core.photography.DarkroomProcessingLine - Processing screenshot image in /var/screenshots/screenshot-11386926853813357352
17:01:37.178 [Darkroom Processing Line] DEBUG net.serenitybdd.core.photography.DarkroomProcessingLine - Saving screenshot to target\site\serenity\fd21b61b0d6ef6209da6c9e79c45ca02ce6d29dc74ac32f25446c0eb91bdad8c.png
17:01:37.196 [Forwarding findElement on session 700386f874cbf6fd7f26a22548093d91 to remote] DEBUG org.asynchttpclient.netty.request.NettyRequestSender - Using pooled Channel '[id: 0x860594ba, L:/127.0.0.1:5302 - R:localhost/127.0.0.1:64966]' for 'POST' to 'http://localhost:64966/session/700386f874cbf6fd7f26a22548093d91/element'
17:01:37.196 [Forwarding findElement on session 700386f874cbf6fd7f26a22548093d91 to remote] DEBUG org.asynchttpclient.netty.request.NettyRequestSender - Using open Channel [id: 0x860594ba, L:/127.0.0.1:5302 - R:localhost/127.0.0.1:64966] for POST '/session/700386f874cbf6fd7f26a22548093d91/element'
17:01:37.213 [AsyncHttpClient-1-5] DEBUG org.asynchttpclient.netty.handler.HttpHandler - 

Request DefaultHttpRequest(decodeResult: success, version: HTTP/1.1)
POST /session/700386f874cbf6fd7f26a22548093d91/element HTTP/1.1
User-Agent: selenium/4.1.2 (java windows)
Content-Length: 50
Content-Type: application/json; charset=utf-8
host: localhost:64966
accept: */*

Response DefaultHttpResponse(decodeResult: success, version: HTTP/1.1)
HTTP/1.1 200 OK
Content-Type: application/json; charset=utf-8
cache-control: no-cache
content-length: 88

17:01:37.213 [AsyncHttpClient-1-5] DEBUG org.asynchttpclient.netty.channel.ChannelManager - Adding key: http://localhost:64966 for channel [id: 0x860594ba, L:/127.0.0.1:5302 - R:localhost/127.0.0.1:64966]
17:01:37.216 [Forwarding getElementTagName on session 700386f874cbf6fd7f26a22548093d91 to remote] DEBUG org.asynchttpclient.netty.request.NettyRequestSender - Using pooled Channel '[id: 0x860594ba, L:/127.0.0.1:5302 - R:localhost/127.0.0.1:64966]' for 'GET' to 'http://localhost:64966/session/700386f874cbf6fd7f26a22548093d91/element/7ba1fa6a-d3b5-46e5-a0c1-41137e0a874f/name'
17:01:37.216 [Forwarding getElementTagName on session 700386f874cbf6fd7f26a22548093d91 to remote] DEBUG org.asynchttpclient.netty.request.NettyRequestSender - Using open Channel [id: 0x860594ba, L:/127.0.0.1:5302 - R:localhost/127.0.0.1:64966] for GET '/session/700386f874cbf6fd7f26a22548093d91/element/7ba1fa6a-d3b5-46e5-a0c1-41137e0a874f/name'
17:01:37.223 [AsyncHttpClient-1-5] DEBUG org.asynchttpclient.netty.handler.HttpHandler - 

Request DefaultFullHttpRequest(decodeResult: success, version: HTTP/1.1, content: EmptyByteBufBE)
GET /session/700386f874cbf6fd7f26a22548093d91/element/7ba1fa6a-d3b5-46e5-a0c1-41137e0a874f/name HTTP/1.1
User-Agent: selenium/4.1.2 (java windows)
Cache-Control: no-cache
Content-Type: application/json; charset=utf-8
host: localhost:64966
accept: */*

Response DefaultHttpResponse(decodeResult: success, version: HTTP/1.1)
HTTP/1.1 200 OK
Content-Type: application/json; charset=utf-8
cache-control: no-cache
content-length: 18

17:01:37.223 [AsyncHttpClient-1-5] DEBUG org.asynchttpclient.netty.channel.ChannelManager - Adding key: http://localhost:64966 for channel [id: 0x860594ba, L:/127.0.0.1:5302 - R:localhost/127.0.0.1:64966]
17:01:37.225 [Forwarding getElementTagName on session 700386f874cbf6fd7f26a22548093d91 to remote] DEBUG org.asynchttpclient.netty.request.NettyRequestSender - Using pooled Channel '[id: 0x860594ba, L:/127.0.0.1:5302 - R:localhost/127.0.0.1:64966]' for 'GET' to 'http://localhost:64966/session/700386f874cbf6fd7f26a22548093d91/element/7ba1fa6a-d3b5-46e5-a0c1-41137e0a874f/name'
17:01:37.226 [Forwarding getElementTagName on session 700386f874cbf6fd7f26a22548093d91 to remote] DEBUG org.asynchttpclient.netty.request.NettyRequestSender - Using open Channel [id: 0x860594ba, L:/127.0.0.1:5302 - R:localhost/127.0.0.1:64966] for GET '/session/700386f874cbf6fd7f26a22548093d91/element/7ba1fa6a-d3b5-46e5-a0c1-41137e0a874f/name'
17:01:37.231 [AsyncHttpClient-1-5] DEBUG org.asynchttpclient.netty.handler.HttpHandler - 

Request DefaultFullHttpRequest(decodeResult: success, version: HTTP/1.1, content: EmptyByteBufBE)
GET /session/700386f874cbf6fd7f26a22548093d91/element/7ba1fa6a-d3b5-46e5-a0c1-41137e0a874f/name HTTP/1.1
User-Agent: selenium/4.1.2 (java windows)
Cache-Control: no-cache
Content-Type: application/json; charset=utf-8
host: localhost:64966
accept: */*

Response DefaultHttpResponse(decodeResult: success, version: HTTP/1.1)
HTTP/1.1 200 OK
Content-Type: application/json; charset=utf-8
cache-control: no-cache
content-length: 18

17:01:37.232 [AsyncHttpClient-1-5] DEBUG org.asynchttpclient.netty.channel.ChannelManager - Adding key: http://localhost:64966 for channel [id: 0x860594ba, L:/127.0.0.1:5302 - R:localhost/127.0.0.1:64966]
17:01:37.238 [Forwarding isElementEnabled on session 700386f874cbf6fd7f26a22548093d91 to remote] DEBUG org.asynchttpclient.netty.request.NettyRequestSender - Using pooled Channel '[id: 0x860594ba, L:/127.0.0.1:5302 - R:localhost/127.0.0.1:64966]' for 'GET' to 'http://localhost:64966/session/700386f874cbf6fd7f26a22548093d91/element/7ba1fa6a-d3b5-46e5-a0c1-41137e0a874f/enabled'
17:01:37.238 [Forwarding isElementEnabled on session 700386f874cbf6fd7f26a22548093d91 to remote] DEBUG org.asynchttpclient.netty.request.NettyRequestSender - Using open Channel [id: 0x860594ba, L:/127.0.0.1:5302 - R:localhost/127.0.0.1:64966] for GET '/session/700386f874cbf6fd7f26a22548093d91/element/7ba1fa6a-d3b5-46e5-a0c1-41137e0a874f/enabled'
17:01:37.258 [AsyncHttpClient-1-5] DEBUG org.asynchttpclient.netty.handler.HttpHandler - 

Request DefaultFullHttpRequest(decodeResult: success, version: HTTP/1.1, content: EmptyByteBufBE)
GET /session/700386f874cbf6fd7f26a22548093d91/element/7ba1fa6a-d3b5-46e5-a0c1-41137e0a874f/enabled HTTP/1.1
User-Agent: selenium/4.1.2 (java windows)
Cache-Control: no-cache
Content-Type: application/json; charset=utf-8
host: localhost:64966
accept: */*

Response DefaultHttpResponse(decodeResult: success, version: HTTP/1.1)
HTTP/1.1 200 OK
Content-Type: application/json; charset=utf-8
cache-control: no-cache
content-length: 14

17:01:37.258 [AsyncHttpClient-1-5] DEBUG org.asynchttpclient.netty.channel.ChannelManager - Adding key: http://localhost:64966 for channel [id: 0x860594ba, L:/127.0.0.1:5302 - R:localhost/127.0.0.1:64966]
17:01:37.262 [Forwarding isElementEnabled on session 700386f874cbf6fd7f26a22548093d91 to remote] DEBUG org.asynchttpclient.netty.request.NettyRequestSender - Using pooled Channel '[id: 0x860594ba, L:/127.0.0.1:5302 - R:localhost/127.0.0.1:64966]' for 'GET' to 'http://localhost:64966/session/700386f874cbf6fd7f26a22548093d91/element/7ba1fa6a-d3b5-46e5-a0c1-41137e0a874f/enabled'
17:01:37.262 [Forwarding isElementEnabled on session 700386f874cbf6fd7f26a22548093d91 to remote] DEBUG org.asynchttpclient.netty.request.NettyRequestSender - Using open Channel [id: 0x860594ba, L:/127.0.0.1:5302 - R:localhost/127.0.0.1:64966] for GET '/session/700386f874cbf6fd7f26a22548093d91/element/7ba1fa6a-d3b5-46e5-a0c1-41137e0a874f/enabled'
17:01:37.275 [AsyncHttpClient-1-5] DEBUG org.asynchttpclient.netty.handler.HttpHandler - 

Request DefaultFullHttpRequest(decodeResult: success, version: HTTP/1.1, content: EmptyByteBufBE)
GET /session/700386f874cbf6fd7f26a22548093d91/element/7ba1fa6a-d3b5-46e5-a0c1-41137e0a874f/enabled HTTP/1.1
User-Agent: selenium/4.1.2 (java windows)
Cache-Control: no-cache
Content-Type: application/json; charset=utf-8
host: localhost:64966
accept: */*

Response DefaultHttpResponse(decodeResult: success, version: HTTP/1.1)
HTTP/1.1 200 OK
Content-Type: application/json; charset=utf-8
cache-control: no-cache
content-length: 14

17:01:37.275 [AsyncHttpClient-1-5] DEBUG org.asynchttpclient.netty.channel.ChannelManager - Adding key: http://localhost:64966 for channel [id: 0x860594ba, L:/127.0.0.1:5302 - R:localhost/127.0.0.1:64966]
17:01:37.278 [Forwarding findElement on session 700386f874cbf6fd7f26a22548093d91 to remote] DEBUG org.asynchttpclient.netty.request.NettyRequestSender - Using pooled Channel '[id: 0x860594ba, L:/127.0.0.1:5302 - R:localhost/127.0.0.1:64966]' for 'POST' to 'http://localhost:64966/session/700386f874cbf6fd7f26a22548093d91/element'
17:01:37.278 [Forwarding findElement on session 700386f874cbf6fd7f26a22548093d91 to remote] DEBUG org.asynchttpclient.netty.request.NettyRequestSender - Using open Channel [id: 0x860594ba, L:/127.0.0.1:5302 - R:localhost/127.0.0.1:64966] for POST '/session/700386f874cbf6fd7f26a22548093d91/element'
17:01:37.296 [AsyncHttpClient-1-5] DEBUG org.asynchttpclient.netty.handler.HttpHandler - 

Request DefaultHttpRequest(decodeResult: success, version: HTTP/1.1)
POST /session/700386f874cbf6fd7f26a22548093d91/element HTTP/1.1
User-Agent: selenium/4.1.2 (java windows)
Content-Length: 50
Content-Type: application/json; charset=utf-8
host: localhost:64966
accept: */*

Response DefaultHttpResponse(decodeResult: success, version: HTTP/1.1)
HTTP/1.1 200 OK
Content-Type: application/json; charset=utf-8
cache-control: no-cache
content-length: 88

17:01:37.296 [AsyncHttpClient-1-5] DEBUG org.asynchttpclient.netty.channel.ChannelManager - Adding key: http://localhost:64966 for channel [id: 0x860594ba, L:/127.0.0.1:5302 - R:localhost/127.0.0.1:64966]
17:01:37.305 [Forwarding clickElement on session 700386f874cbf6fd7f26a22548093d91 to remote] DEBUG org.asynchttpclient.netty.request.NettyRequestSender - Using pooled Channel '[id: 0x860594ba, L:/127.0.0.1:5302 - R:localhost/127.0.0.1:64966]' for 'POST' to 'http://localhost:64966/session/700386f874cbf6fd7f26a22548093d91/element/7ba1fa6a-d3b5-46e5-a0c1-41137e0a874f/click'
17:01:37.305 [Forwarding clickElement on session 700386f874cbf6fd7f26a22548093d91 to remote] DEBUG org.asynchttpclient.netty.request.NettyRequestSender - Using open Channel [id: 0x860594ba, L:/127.0.0.1:5302 - R:localhost/127.0.0.1:64966] for POST '/session/700386f874cbf6fd7f26a22548093d91/element/7ba1fa6a-d3b5-46e5-a0c1-41137e0a874f/click'
17:01:37.459 [AsyncHttpClient-1-5] DEBUG org.asynchttpclient.netty.handler.HttpHandler - 

Request DefaultHttpRequest(decodeResult: success, version: HTTP/1.1)
POST /session/700386f874cbf6fd7f26a22548093d91/element/7ba1fa6a-d3b5-46e5-a0c1-41137e0a874f/click HTTP/1.1
User-Agent: selenium/4.1.2 (java windows)
Content-Length: 50
Content-Type: application/json; charset=utf-8
host: localhost:64966
accept: */*

Response DefaultHttpResponse(decodeResult: success, version: HTTP/1.1)
HTTP/1.1 200 OK
Content-Type: application/json; charset=utf-8
cache-control: no-cache
content-length: 14

17:01:37.460 [AsyncHttpClient-1-5] DEBUG org.asynchttpclient.netty.channel.ChannelManager - Adding key: http://localhost:64966 for channel [id: 0x860594ba, L:/127.0.0.1:5302 - R:localhost/127.0.0.1:64966]
  &amp#27;[32mAnd &amp#27;[0m&amp#27;[32mI click Login button&amp#27;[0m                               &amp#27;[90m# starter.stepdefinitions.LoginStep.iClickLoginButton()&amp#27;[0m
17:01:37.481 [Forwarding screenshot on session 700386f874cbf6fd7f26a22548093d91 to remote] DEBUG org.asynchttpclient.netty.request.NettyRequestSender - Using pooled Channel '[id: 0x860594ba, L:/127.0.0.1:5302 - R:localhost/127.0.0.1:64966]' for 'GET' to 'http://localhost:64966/session/700386f874cbf6fd7f26a22548093d91/screenshot'
17:01:37.481 [Forwarding screenshot on session 700386f874cbf6fd7f26a22548093d91 to remote] DEBUG org.asynchttpclient.netty.request.NettyRequestSender - Using open Channel [id: 0x860594ba, L:/127.0.0.1:5302 - R:localhost/127.0.0.1:64966] for GET '/session/700386f874cbf6fd7f26a22548093d91/screenshot'
17:01:37.746 [AsyncHttpClient-1-5] DEBUG org.asynchttpclient.netty.handler.HttpHandler - 

Request DefaultFullHttpRequest(decodeResult: success, version: HTTP/1.1, content: EmptyByteBufBE)
GET /session/700386f874cbf6fd7f26a22548093d91/screenshot HTTP/1.1
User-Agent: selenium/4.1.2 (java windows)
Cache-Control: no-cache
Content-Type: application/json; charset=utf-8
host: localhost:64966
accept: */*

Response DefaultHttpResponse(decodeResult: success, version: HTTP/1.1)
HTTP/1.1 200 OK
Content-Type: application/json; charset=utf-8
cache-control: no-cache
content-length: 186076

17:01:37.748 [AsyncHttpClient-1-5] DEBUG org.asynchttpclient.netty.channel.ChannelManager - Adding key: http://localhost:64966 for channel [id: 0x860594ba, L:/127.0.0.1:5302 - R:localhost/127.0.0.1:64966]
17:01:37.772 [main] DEBUG net.serenitybdd.core.photography.Darkroom - Send negative for processing for target\site\serenity\3fedc5414875a23d7d38435f700d23bb293c0888f92efddc831a3fcda7f2fb68.png
17:01:37.774 [Darkroom Processing Line] DEBUG net.serenitybdd.core.photography.DarkroomProcessingLine - Processing screenshot image in /var/screenshots/screenshot-12327021912143901437
17:01:37.774 [Darkroom Processing Line] DEBUG net.serenitybdd.core.photography.DarkroomProcessingLine - Saving screenshot to target\site\serenity\3fedc5414875a23d7d38435f700d23bb293c0888f92efddc831a3fcda7f2fb68.png
17:01:37.797 [Forwarding findElement on session 700386f874cbf6fd7f26a22548093d91 to remote] DEBUG org.asynchttpclient.netty.request.NettyRequestSender - Using pooled Channel '[id: 0x860594ba, L:/127.0.0.1:5302 - R:localhost/127.0.0.1:64966]' for 'POST' to 'http://localhost:64966/session/700386f874cbf6fd7f26a22548093d91/element'
17:01:37.797 [Forwarding findElement on session 700386f874cbf6fd7f26a22548093d91 to remote] DEBUG org.asynchttpclient.netty.request.NettyRequestSender - Using open Channel [id: 0x860594ba, L:/127.0.0.1:5302 - R:localhost/127.0.0.1:64966] for POST '/session/700386f874cbf6fd7f26a22548093d91/element'
17:01:38.126 [AsyncHttpClient-1-1] DEBUG org.asynchttpclient.netty.channel.DefaultChannelPool - Entry count for : http://localhost:5305 : 1
17:01:39.215 [AsyncHttpClient-1-1] DEBUG org.asynchttpclient.netty.channel.DefaultChannelPool - Entry count for : http://localhost:5305 : 1
17:01:39.823 [AsyncHttpClient-1-5] DEBUG org.asynchttpclient.netty.handler.HttpHandler - 

Request DefaultHttpRequest(decodeResult: success, version: HTTP/1.1)
POST /session/700386f874cbf6fd7f26a22548093d91/element HTTP/1.1
User-Agent: selenium/4.1.2 (java windows)
Content-Length: 65
Content-Type: application/json; charset=utf-8
host: localhost:64966
accept: */*

Response DefaultHttpResponse(decodeResult: success, version: HTTP/1.1)
HTTP/1.1 200 OK
Content-Type: application/json; charset=utf-8
cache-control: no-cache
content-length: 88

17:01:39.823 [AsyncHttpClient-1-5] DEBUG org.asynchttpclient.netty.channel.ChannelManager - Adding key: http://localhost:64966 for channel [id: 0x860594ba, L:/127.0.0.1:5302 - R:localhost/127.0.0.1:64966]
17:01:39.830 [Forwarding isElementDisplayed on session 700386f874cbf6fd7f26a22548093d91 to remote] DEBUG org.asynchttpclient.netty.request.NettyRequestSender - Using pooled Channel '[id: 0x860594ba, L:/127.0.0.1:5302 - R:localhost/127.0.0.1:64966]' for 'POST' to 'http://localhost:64966/session/700386f874cbf6fd7f26a22548093d91/execute/sync'
17:01:39.830 [Forwarding isElementDisplayed on session 700386f874cbf6fd7f26a22548093d91 to remote] DEBUG org.asynchttpclient.netty.request.NettyRequestSender - Using open Channel [id: 0x860594ba, L:/127.0.0.1:5302 - R:localhost/127.0.0.1:64966] for POST '/session/700386f874cbf6fd7f26a22548093d91/execute/sync'
17:01:39.877 [AsyncHttpClient-1-5] DEBUG org.asynchttpclient.netty.handler.HttpHandler - 

Request DefaultHttpRequest(decodeResult: success, version: HTTP/1.1)
POST /session/700386f874cbf6fd7f26a22548093d91/execute/sync HTTP/1.1
User-Agent: selenium/4.1.2 (java windows)
Content-Length: 48780
Content-Type: application/json; charset=utf-8
host: localhost:64966
accept: */*

Response DefaultHttpResponse(decodeResult: success, version: HTTP/1.1)
HTTP/1.1 200 OK
Content-Type: application/json; charset=utf-8
cache-control: no-cache
content-length: 14

17:01:39.877 [AsyncHttpClient-1-5] DEBUG org.asynchttpclient.netty.channel.ChannelManager - Adding key: http://localhost:64966 for channel [id: 0x860594ba, L:/127.0.0.1:5302 - R:localhost/127.0.0.1:64966]
  &amp#27;[32mThen &amp#27;[0m&amp#27;[32mI will get error message&amp#27;[0m                          &amp#27;[90m# starter.stepdefinitions.LoginStep.iWillGetErrorMessage()&amp#27;[0m
17:01:39.907 [Forwarding screenshot on session 700386f874cbf6fd7f26a22548093d91 to remote] DEBUG org.asynchttpclient.netty.request.NettyRequestSender - Using pooled Channel '[id: 0x860594ba, L:/127.0.0.1:5302 - R:localhost/127.0.0.1:64966]' for 'GET' to 'http://localhost:64966/session/700386f874cbf6fd7f26a22548093d91/screenshot'
17:01:39.907 [Forwarding screenshot on session 700386f874cbf6fd7f26a22548093d91 to remote] DEBUG org.asynchttpclient.netty.request.NettyRequestSender - Using open Channel [id: 0x860594ba, L:/127.0.0.1:5302 - R:localhost/127.0.0.1:64966] for GET '/session/700386f874cbf6fd7f26a22548093d91/screenshot'
17:01:40.231 [AsyncHttpClient-1-5] DEBUG org.asynchttpclient.netty.handler.HttpHandler - 

Request DefaultFullHttpRequest(decodeResult: success, version: HTTP/1.1, content: EmptyByteBufBE)
GET /session/700386f874cbf6fd7f26a22548093d91/screenshot HTTP/1.1
User-Agent: selenium/4.1.2 (java windows)
Cache-Control: no-cache
Content-Type: application/json; charset=utf-8
host: localhost:64966
accept: */*

Response DefaultHttpResponse(decodeResult: success, version: HTTP/1.1)
HTTP/1.1 200 OK
Content-Type: application/json; charset=utf-8
cache-control: no-cache
content-length: 235640

17:01:40.236 [AsyncHttpClient-1-5] DEBUG org.asynchttpclient.netty.channel.ChannelManager - Adding key: http://localhost:64966 for channel [id: 0x860594ba, L:/127.0.0.1:5302 - R:localhost/127.0.0.1:64966]
17:01:40.256 [main] DEBUG net.serenitybdd.core.photography.Darkroom - Send negative for processing for target\site\serenity\0765a92f72bfede47a1be527f4c68830df8d364df1015f45946029a6e050edc1.png
17:01:40.256 [Darkroom Processing Line] DEBUG net.serenitybdd.core.photography.DarkroomProcessingLine - Processing screenshot image in /var/screenshots/screenshot-3045606361533363606
17:01:40.256 [Darkroom Processing Line] DEBUG net.serenitybdd.core.photography.DarkroomProcessingLine - Saving screenshot to target\site\serenity\0765a92f72bfede47a1be527f4c68830df8d364df1015f45946029a6e050edc1.png
17:01:40.259 [main] INFO  - 
  _____   ___   ___   _____     ___     _     ___   ___   ___   ___  
 |_   _| | __| / __| |_   _|   | _ \   /_\   / __| / __| | __| |   \ 
   | |   | _|  \__ \   | |     |  _/  / _ \  \__ \ \__ \ | _|  | |) |
   |_|   |___| |___/   |_|     |_|   /_/ \_\ |___/ |___/ |___| |___/ 

Login with valid username and invalid password
----------------------------------------------------------------------
17:01:40.265 [AsyncHttpClient-1-7] DEBUG org.asynchttpclient.netty.handler.WebSocketHandler - Channel Closed: [id: 0x12f2f2e3, L:/127.0.0.1:5322 ! R:localhost/127.0.0.1:5305] with attribute NettyResponseFuture{currentRetry=5,
	isDone=1,
	isCancelled=0,
	asyncHandler=org.asynchttpclient.ws.WebSocketUpgradeHandler@61e022a5,
	nettyRequest=org.asynchttpclient.netty.request.NettyRequest@41d860d,
	future=java.util.concurrent.CompletableFuture@cca6302[Completed normally],
	uri=ws://localhost:5305/devtools/browser/6f62b057-9f67-4d73-aa87-453b58f5021a,
	keepAlive=true,
	redirectCount=0,
	timeoutsHolder=null,
	inAuth=0,
	touch=1664964057040}
17:01:40.266 [AsyncHttpClient-1-7] DEBUG org.asynchttpclient.netty.channel.ChannelManager - Closing Channel [id: 0x12f2f2e3, L:/127.0.0.1:5322 ! R:localhost/127.0.0.1:5305] 
17:01:40.278 [Driver Command Executor] DEBUG org.asynchttpclient.netty.request.NettyRequestSender - Using pooled Channel '[id: 0x860594ba, L:/127.0.0.1:5302 - R:localhost/127.0.0.1:64966]' for 'DELETE' to 'http://localhost:64966/session/700386f874cbf6fd7f26a22548093d91'
17:01:40.278 [Driver Command Executor] DEBUG org.asynchttpclient.netty.request.NettyRequestSender - Using open Channel [id: 0x860594ba, L:/127.0.0.1:5302 - R:localhost/127.0.0.1:64966] for DELETE '/session/700386f874cbf6fd7f26a22548093d91'
17:01:40.318 [AsyncHttpClient-1-1] DEBUG org.asynchttpclient.netty.channel.DefaultChannelPool - Entry count for : http://localhost:5305 : 1
17:01:40.421 [AsyncHttpClient-1-6] DEBUG org.asynchttpclient.netty.handler.HttpHandler - Unexpected I/O exception on channel [id: 0x0057f7c4, L:/127.0.0.1:5321 - R:localhost/127.0.0.1:5305]
java.io.IOException: An existing connection was forcibly closed by the remote host
	at java.base/sun.nio.ch.SocketDispatcher.read0(Native Method)
	at java.base/sun.nio.ch.SocketDispatcher.read(SocketDispatcher.java:43)
	at java.base/sun.nio.ch.IOUtil.readIntoNativeBuffer(IOUtil.java:276)
	at java.base/sun.nio.ch.IOUtil.read(IOUtil.java:233)
	at java.base/sun.nio.ch.IOUtil.read(IOUtil.java:223)
	at java.base/sun.nio.ch.SocketChannelImpl.read(SocketChannelImpl.java:358)
	at io.netty.buffer.PooledByteBuf.setBytes(PooledByteBuf.java:258)
	at io.netty.buffer.AbstractByteBuf.writeBytes(AbstractByteBuf.java:1132)
	at io.netty.channel.socket.nio.NioSocketChannel.doReadBytes(NioSocketChannel.java:350)
	at io.netty.channel.nio.AbstractNioByteChannel$NioByteUnsafe.read(AbstractNioByteChannel.java:151)
	at io.netty.channel.nio.NioEventLoop.processSelectedKey(NioEventLoop.java:722)
	at io.netty.channel.nio.NioEventLoop.processSelectedKeysOptimized(NioEventLoop.java:658)
	at io.netty.channel.nio.NioEventLoop.processSelectedKeys(NioEventLoop.java:584)
	at io.netty.channel.nio.NioEventLoop.run(NioEventLoop.java:496)
	at io.netty.util.concurrent.SingleThreadEventExecutor$4.run(SingleThreadEventExecutor.java:986)
	at io.netty.util.internal.ThreadExecutorMap$2.run(ThreadExecutorMap.java:74)
	at io.netty.util.concurrent.FastThreadLocalRunnable.run(FastThreadLocalRunnable.java:30)
	at java.base/java.lang.Thread.run(Thread.java:834)
17:01:40.421 [AsyncHttpClient-1-6] DEBUG org.asynchttpclient.netty.channel.ChannelManager - Closing Channel [id: 0x0057f7c4, L:/127.0.0.1:5321 - R:localhost/127.0.0.1:5305] 
17:01:40.422 [AsyncHttpClient-1-6] DEBUG org.asynchttpclient.netty.handler.HttpHandler - Channel Closed: [id: 0x0057f7c4, L:/127.0.0.1:5321 ! R:localhost/127.0.0.1:5305] with attribute DISCARD
17:01:40.478 [AsyncHttpClient-1-5] DEBUG org.asynchttpclient.netty.handler.HttpHandler - 

Request DefaultFullHttpRequest(decodeResult: success, version: HTTP/1.1, content: EmptyByteBufBE)
DELETE /session/700386f874cbf6fd7f26a22548093d91 HTTP/1.1
User-Agent: selenium/4.1.2 (java windows)
Content-Type: application/json; charset=utf-8
host: localhost:64966
accept: */*

Response DefaultHttpResponse(decodeResult: success, version: HTTP/1.1)
HTTP/1.1 200 OK
Content-Type: application/json; charset=utf-8
cache-control: no-cache
content-length: 14

17:01:40.478 [AsyncHttpClient-1-5] DEBUG org.asynchttpclient.netty.channel.ChannelManager - Adding key: http://localhost:64966 for channel [id: 0x860594ba, L:/127.0.0.1:5302 - R:localhost/127.0.0.1:64966]
17:01:40.714 [AsyncHttpClient-1-5] DEBUG org.asynchttpclient.netty.handler.HttpHandler - Channel Closed: [id: 0x860594ba, L:/127.0.0.1:5302 ! R:localhost/127.0.0.1:64966] with attribute DISCARD
]]></system-out>
    <system-err><![CDATA[Starting Microsoft Edge WebDriver 105.0.1343.53 (3a47f00402d579c8ba1fad7e143f9d73831b6765) on port 64966
To submit feedback, report a bug, or suggest new features, please visit https://github.com/MicrosoftEdge/EdgeWebDriver

Only local connections are allowed.
Please see https://aka.ms/WebDriverSecurity for suggestions on keeping Microsoft Edge WebDriver safe.

Microsoft Edge WebDriver was started successfully.
Oct 05, 2022 5:00:57 PM org.openqa.selenium.remote.ProtocolHandshake createSession
INFO: Detected dialect: W3C
Oct 05, 2022 5:00:57 PM org.openqa.selenium.devtools.CdpVersionFinder findNearestMatch
WARNING: Unable to find an exact match for CDP version 105, so returning the closest version found: a no-op implementation
Oct 05, 2022 5:00:57 PM org.openqa.selenium.devtools.CdpVersionFinder findNearestMatch
INFO: Unable to find CDP implementation matching 105.
Oct 05, 2022 5:00:57 PM org.openqa.selenium.chromium.ChromiumDriver lambda$new$3
WARNING: Unable to find version of CDP to use for . You may need to include a dependency on a specific version of the CDP using something similar to `org.seleniumhq.selenium:selenium-devtools-v86:4.1.2` where the version ("v86") matches the version of the chromium-based browser you're using and the version number of the artifact is the same as Selenium's.
]]></system-err>
  </testcase>
  <testcase name="Login with invalid username and invalid password" classname="Login" time="61.697">
    <system-out><![CDATA[
Scenario: Login with invalid username and invalid password &amp#27;[90m# src/test/resources/features/Login.feature:20&amp#27;[0m
17:01:40.809 [main] INFO io.cucumber.core.plugin.SerenityReporter - Running feature from file:///D:/File%20Baru/Kuliah/Quality%20Engineer/qe_Bayu-Septyan-Nur-Hidayat/21_Review_Web_UI_Testing_with_Serenity/Praktikum/untitled/src/test/resources/features/Login.feature
17:01:40.819 [main] INFO  - 
  _____   ___   ___   _____     ___   _____     _     ___   _____   ___   ___  
 |_   _| | __| / __| |_   _|   / __| |_   _|   /_\   | _ \ |_   _| | __| |   \ 
   | |   | _|  \__ \   | |     \__ \   | |    / _ \  |   /   | |   | _|  | |) |
   |_|   |___| |___/   |_|     |___/   |_|   /_/ \_\ |_|_\   |_|   |___| |___/ 

Login with invalid username and invalid password(login;login-with-invalid-username-and-invalid-password)
--------------------------------------------------------------------------------
17:01:41.212 [main] DEBUG io.github.bonigarcia.wdm.cache.ResolutionCache - Resolution edge=105 in cache (valid until 17:51:16 05/10/2022 ICT)
17:01:41.253 [main] DEBUG io.github.bonigarcia.wdm.cache.ResolutionCache - Resolution edge105=105.0.1343.53 in cache (valid until 15:48:55 06/10/2022 ICT)
17:01:41.258 [main] INFO io.github.bonigarcia.wdm.WebDriverManager - Using msedgedriver 105.0.1343.53 (resolved driver for Edge 105)
17:01:41.299 [main] DEBUG io.github.bonigarcia.wdm.WebDriverManager - Driver msedgedriver 105.0.1343.53 found in cache
17:01:41.307 [main] INFO io.github.bonigarcia.wdm.WebDriverManager - Exporting webdriver.edge.driver as C:\Users\Bayu\.cache\selenium\msedgedriver\win64\105.0.1343.53\msedgedriver.exe
17:01:41.322 [main] DEBUG net.serenitybdd.core.webdriver.driverproviders.ProvideNewDriver - Instantiating driver
17:01:41.322 [main] DEBUG net.serenitybdd.core.webdriver.driverproviders.ProvideNewDriver - Driver capabilities: Capabilities {base.url: https://demoqa.com, driver: edge, edge.driver: src/test/resources/webdrive..., ms:edgeChromium: true, ms:edgeOptions: {}}
17:01:41.426 [AsyncHttpClient-1-1] DEBUG org.asynchttpclient.netty.channel.DefaultChannelPool - Entry count for : http://localhost:5305 : 1
17:01:41.426 [AsyncHttpClient-1-1] DEBUG org.asynchttpclient.netty.channel.DefaultChannelPool - Entry count for : http://localhost:64966 : 1
17:01:41.426 [AsyncHttpClient-1-1] DEBUG org.asynchttpclient.netty.channel.DefaultChannelPool - Adding Candidate expired Channel [id: 0x0057f7c4, L:/127.0.0.1:5321 ! R:localhost/127.0.0.1:5305] isIdleTimeoutExpired=false isRemotelyClosed=true isTtlExpired=false
17:01:41.427 [AsyncHttpClient-1-1] DEBUG org.asynchttpclient.netty.channel.DefaultChannelPool - Closing Idle Channel [id: 0x0057f7c4, L:/127.0.0.1:5321 ! R:localhost/127.0.0.1:5305]
17:01:41.427 [AsyncHttpClient-1-1] DEBUG org.asynchttpclient.netty.channel.DefaultChannelPool - Adding Candidate expired Channel [id: 0x860594ba, L:/127.0.0.1:5302 ! R:localhost/127.0.0.1:64966] isIdleTimeoutExpired=false isRemotelyClosed=true isTtlExpired=false
17:01:41.427 [AsyncHttpClient-1-1] DEBUG org.asynchttpclient.netty.channel.DefaultChannelPool - Closing Idle Channel [id: 0x860594ba, L:/127.0.0.1:5302 ! R:localhost/127.0.0.1:64966]
17:01:41.427 [AsyncHttpClient-1-1] DEBUG org.asynchttpclient.netty.channel.DefaultChannelPool - Closed 2 connections out of 2 in 1 ms
17:01:42.112 [AsyncHttpClient-1-8] DEBUG org.asynchttpclient.netty.channel.NettyConnectListener - Using new Channel '[id: 0xae3b6f1d, L:/127.0.0.1:5489 - R:localhost/127.0.0.1:59344]' for 'POST' to '/session'
17:01:43.906 [AsyncHttpClient-1-8] DEBUG org.asynchttpclient.netty.handler.HttpHandler - 

Request DefaultHttpRequest(decodeResult: success, version: HTTP/1.1)
POST /session HTTP/1.1
User-Agent: selenium/4.1.2 (java windows)
Content-Length: 591
Content-Type: application/json; charset=utf-8
host: localhost:59344
accept: */*

Response DefaultHttpResponse(decodeResult: success, version: HTTP/1.1)
HTTP/1.1 200 OK
Content-Type: application/json; charset=utf-8
cache-control: no-cache
content-length: 753

17:01:43.906 [AsyncHttpClient-1-8] DEBUG org.asynchttpclient.netty.channel.ChannelManager - Adding key: http://localhost:59344 for channel [id: 0xae3b6f1d, L:/127.0.0.1:5489 - R:localhost/127.0.0.1:59344]
17:01:43.929 [AsyncHttpClient-1-9] DEBUG org.asynchttpclient.netty.channel.NettyConnectListener - Using new Channel '[id: 0xcf3a05da, L:/127.0.0.1:5500 - R:localhost/127.0.0.1:5491]' for 'GET' to '/json/version'
17:01:43.935 [AsyncHttpClient-1-9] DEBUG org.asynchttpclient.netty.handler.HttpHandler - 

Request DefaultFullHttpRequest(decodeResult: success, version: HTTP/1.1, content: EmptyByteBufBE)
GET /json/version HTTP/1.1
User-Agent: selenium/4.1.2 (java windows)
host: localhost:5491
accept: */*

Response DefaultHttpResponse(decodeResult: success, version: HTTP/1.1)
HTTP/1.1 200 OK
Content-Type: application/json; charset=UTF-8
content-length: 435

17:01:43.936 [AsyncHttpClient-1-9] DEBUG org.asynchttpclient.netty.channel.ChannelManager - Adding key: http://localhost:5491 for channel [id: 0xcf3a05da, L:/127.0.0.1:5500 - R:localhost/127.0.0.1:5491]
17:01:43.941 [AsyncHttpClient-1-2] DEBUG org.asynchttpclient.netty.channel.NettyConnectListener - Using new Channel '[id: 0xafac5ac2, L:/127.0.0.1:5501 - R:localhost/127.0.0.1:5491]' for 'GET' to '/devtools/browser/94268712-17e4-4635-b8cd-414593278d13'
17:01:43.943 [AsyncHttpClient-1-2] DEBUG org.asynchttpclient.netty.handler.WebSocketHandler - 

Request DefaultFullHttpRequest(decodeResult: success, version: HTTP/1.1, content: EmptyByteBufBE)
GET /devtools/browser/94268712-17e4-4635-b8cd-414593278d13 HTTP/1.1
upgrade: websocket
connection: upgrade
sec-websocket-key: jVONo6mhb9z7gPnbDV/gAQ==
sec-websocket-version: 13
origin: http://localhost:5491
host: localhost:5491
accept: */*
user-agent: AHC/2.1

Response DefaultHttpResponse(decodeResult: success, version: HTTP/1.1)
HTTP/1.1 101 WebSocket Protocol Handshake
Upgrade: WebSocket
Connection: Upgrade
Sec-WebSocket-Accept: PcHk0P9JCix9O3QH13FFZ79zH9M=

17:01:43.951 [Forwarding get on session 1a9956b15bc033b76fb3bcbea7b9b502 to remote] DEBUG org.asynchttpclient.netty.request.NettyRequestSender - Using pooled Channel '[id: 0xae3b6f1d, L:/127.0.0.1:5489 - R:localhost/127.0.0.1:59344]' for 'POST' to 'http://localhost:59344/session/1a9956b15bc033b76fb3bcbea7b9b502/url'
17:01:43.952 [Forwarding get on session 1a9956b15bc033b76fb3bcbea7b9b502 to remote] DEBUG org.asynchttpclient.netty.request.NettyRequestSender - Using open Channel [id: 0xae3b6f1d, L:/127.0.0.1:5489 - R:localhost/127.0.0.1:59344] for POST '/session/1a9956b15bc033b76fb3bcbea7b9b502/url'
17:01:44.713 [AsyncHttpClient-1-1] DEBUG org.asynchttpclient.netty.channel.DefaultChannelPool - Entry count for : http://localhost:5491 : 1
17:01:45.816 [AsyncHttpClient-1-1] DEBUG org.asynchttpclient.netty.channel.DefaultChannelPool - Entry count for : http://localhost:5491 : 1
17:01:46.918 [AsyncHttpClient-1-1] DEBUG org.asynchttpclient.netty.channel.DefaultChannelPool - Entry count for : http://localhost:5491 : 1
17:01:48.013 [AsyncHttpClient-1-1] DEBUG org.asynchttpclient.netty.channel.DefaultChannelPool - Entry count for : http://localhost:5491 : 1
17:01:49.118 [AsyncHttpClient-1-1] DEBUG org.asynchttpclient.netty.channel.DefaultChannelPool - Entry count for : http://localhost:5491 : 1
17:01:50.215 [AsyncHttpClient-1-1] DEBUG org.asynchttpclient.netty.channel.DefaultChannelPool - Entry count for : http://localhost:5491 : 1
17:01:51.313 [AsyncHttpClient-1-1] DEBUG org.asynchttpclient.netty.channel.DefaultChannelPool - Entry count for : http://localhost:5491 : 1
17:01:52.420 [AsyncHttpClient-1-1] DEBUG org.asynchttpclient.netty.channel.DefaultChannelPool - Entry count for : http://localhost:5491 : 1
17:01:53.520 [AsyncHttpClient-1-1] DEBUG org.asynchttpclient.netty.channel.DefaultChannelPool - Entry count for : http://localhost:5491 : 1
17:01:54.618 [AsyncHttpClient-1-1] DEBUG org.asynchttpclient.netty.channel.DefaultChannelPool - Entry count for : http://localhost:5491 : 1
17:01:55.715 [AsyncHttpClient-1-1] DEBUG org.asynchttpclient.netty.channel.DefaultChannelPool - Entry count for : http://localhost:5491 : 1
17:01:56.818 [AsyncHttpClient-1-1] DEBUG org.asynchttpclient.netty.channel.DefaultChannelPool - Entry count for : http://localhost:5491 : 1
17:01:57.920 [AsyncHttpClient-1-1] DEBUG org.asynchttpclient.netty.channel.DefaultChannelPool - Entry count for : http://localhost:5491 : 1
17:01:59.014 [AsyncHttpClient-1-1] DEBUG org.asynchttpclient.netty.channel.DefaultChannelPool - Entry count for : http://localhost:5491 : 1
17:02:00.113 [AsyncHttpClient-1-1] DEBUG org.asynchttpclient.netty.channel.DefaultChannelPool - Entry count for : http://localhost:5491 : 1
17:02:01.214 [AsyncHttpClient-1-1] DEBUG org.asynchttpclient.netty.channel.DefaultChannelPool - Entry count for : http://localhost:5491 : 1
17:02:02.325 [AsyncHttpClient-1-1] DEBUG org.asynchttpclient.netty.channel.DefaultChannelPool - Entry count for : http://localhost:5491 : 1
17:02:03.413 [AsyncHttpClient-1-1] DEBUG org.asynchttpclient.netty.channel.DefaultChannelPool - Entry count for : http://localhost:5491 : 1
17:02:04.523 [AsyncHttpClient-1-1] DEBUG org.asynchttpclient.netty.channel.DefaultChannelPool - Entry count for : http://localhost:5491 : 1
17:02:05.614 [AsyncHttpClient-1-1] DEBUG org.asynchttpclient.netty.channel.DefaultChannelPool - Entry count for : http://localhost:5491 : 1
17:02:06.723 [AsyncHttpClient-1-1] DEBUG org.asynchttpclient.netty.channel.DefaultChannelPool - Entry count for : http://localhost:5491 : 1
17:02:07.826 [AsyncHttpClient-1-1] DEBUG org.asynchttpclient.netty.channel.DefaultChannelPool - Entry count for : http://localhost:5491 : 1
17:02:08.913 [AsyncHttpClient-1-1] DEBUG org.asynchttpclient.netty.channel.DefaultChannelPool - Entry count for : http://localhost:5491 : 1
17:02:10.022 [AsyncHttpClient-1-1] DEBUG org.asynchttpclient.netty.channel.DefaultChannelPool - Entry count for : http://localhost:5491 : 1
17:02:11.113 [AsyncHttpClient-1-1] DEBUG org.asynchttpclient.netty.channel.DefaultChannelPool - Entry count for : http://localhost:5491 : 1
17:02:12.216 [AsyncHttpClient-1-1] DEBUG org.asynchttpclient.netty.channel.DefaultChannelPool - Entry count for : http://localhost:5491 : 1
17:02:13.318 [AsyncHttpClient-1-1] DEBUG org.asynchttpclient.netty.channel.DefaultChannelPool - Entry count for : http://localhost:5491 : 1
17:02:14.423 [AsyncHttpClient-1-1] DEBUG org.asynchttpclient.netty.channel.DefaultChannelPool - Entry count for : http://localhost:5491 : 1
17:02:15.521 [AsyncHttpClient-1-1] DEBUG org.asynchttpclient.netty.channel.DefaultChannelPool - Entry count for : http://localhost:5491 : 1
17:02:16.615 [AsyncHttpClient-1-1] DEBUG org.asynchttpclient.netty.channel.DefaultChannelPool - Entry count for : http://localhost:5491 : 1
17:02:17.715 [AsyncHttpClient-1-1] DEBUG org.asynchttpclient.netty.channel.DefaultChannelPool - Entry count for : http://localhost:5491 : 1
17:02:18.815 [AsyncHttpClient-1-1] DEBUG org.asynchttpclient.netty.channel.DefaultChannelPool - Entry count for : http://localhost:5491 : 1
17:02:19.914 [AsyncHttpClient-1-1] DEBUG org.asynchttpclient.netty.channel.DefaultChannelPool - Entry count for : http://localhost:5491 : 1
17:02:21.018 [AsyncHttpClient-1-1] DEBUG org.asynchttpclient.netty.channel.DefaultChannelPool - Entry count for : http://localhost:5491 : 1
17:02:22.115 [AsyncHttpClient-1-1] DEBUG org.asynchttpclient.netty.channel.DefaultChannelPool - Entry count for : http://localhost:5491 : 1
17:02:23.218 [AsyncHttpClient-1-1] DEBUG org.asynchttpclient.netty.channel.DefaultChannelPool - Entry count for : http://localhost:5491 : 1
17:02:24.321 [AsyncHttpClient-1-1] DEBUG org.asynchttpclient.netty.channel.DefaultChannelPool - Entry count for : http://localhost:5491 : 1
17:02:25.414 [AsyncHttpClient-1-1] DEBUG org.asynchttpclient.netty.channel.DefaultChannelPool - Entry count for : http://localhost:5491 : 1
17:02:26.514 [AsyncHttpClient-1-1] DEBUG org.asynchttpclient.netty.channel.DefaultChannelPool - Entry count for : http://localhost:5491 : 1
17:02:27.615 [AsyncHttpClient-1-1] DEBUG org.asynchttpclient.netty.channel.DefaultChannelPool - Entry count for : http://localhost:5491 : 1
17:02:28.713 [AsyncHttpClient-1-1] DEBUG org.asynchttpclient.netty.channel.DefaultChannelPool - Entry count for : http://localhost:5491 : 1
17:02:29.821 [AsyncHttpClient-1-1] DEBUG org.asynchttpclient.netty.channel.DefaultChannelPool - Entry count for : http://localhost:5491 : 1
17:02:30.917 [AsyncHttpClient-1-1] DEBUG org.asynchttpclient.netty.channel.DefaultChannelPool - Entry count for : http://localhost:5491 : 1
17:02:32.013 [AsyncHttpClient-1-1] DEBUG org.asynchttpclient.netty.channel.DefaultChannelPool - Entry count for : http://localhost:5491 : 1
17:02:33.121 [AsyncHttpClient-1-1] DEBUG org.asynchttpclient.netty.channel.DefaultChannelPool - Entry count for : http://localhost:5491 : 1
17:02:34.215 [AsyncHttpClient-1-1] DEBUG org.asynchttpclient.netty.channel.DefaultChannelPool - Entry count for : http://localhost:5491 : 1
17:02:35.319 [AsyncHttpClient-1-1] DEBUG org.asynchttpclient.netty.channel.DefaultChannelPool - Entry count for : http://localhost:5491 : 1
17:02:36.414 [AsyncHttpClient-1-1] DEBUG org.asynchttpclient.netty.channel.DefaultChannelPool - Entry count for : http://localhost:5491 : 1
17:02:37.514 [AsyncHttpClient-1-1] DEBUG org.asynchttpclient.netty.channel.DefaultChannelPool - Entry count for : http://localhost:5491 : 1
17:02:38.614 [AsyncHttpClient-1-1] DEBUG org.asynchttpclient.netty.channel.DefaultChannelPool - Entry count for : http://localhost:5491 : 1
17:02:39.365 [AsyncHttpClient-1-8] DEBUG org.asynchttpclient.netty.handler.HttpHandler - 

Request DefaultHttpRequest(decodeResult: success, version: HTTP/1.1)
POST /session/1a9956b15bc033b76fb3bcbea7b9b502/url HTTP/1.1
User-Agent: selenium/4.1.2 (java windows)
Content-Length: 54
Content-Type: application/json; charset=utf-8
host: localhost:59344
accept: */*

Response DefaultHttpResponse(decodeResult: success, version: HTTP/1.1)
HTTP/1.1 200 OK
Content-Type: application/json; charset=utf-8
cache-control: no-cache
content-length: 14

17:02:39.366 [AsyncHttpClient-1-8] DEBUG org.asynchttpclient.netty.channel.ChannelManager - Adding key: http://localhost:59344 for channel [id: 0xae3b6f1d, L:/127.0.0.1:5489 - R:localhost/127.0.0.1:59344]
17:02:39.367 [Forwarding setTimeout on session 1a9956b15bc033b76fb3bcbea7b9b502 to remote] DEBUG org.asynchttpclient.netty.request.NettyRequestSender - Using pooled Channel '[id: 0xae3b6f1d, L:/127.0.0.1:5489 - R:localhost/127.0.0.1:59344]' for 'POST' to 'http://localhost:59344/session/1a9956b15bc033b76fb3bcbea7b9b502/timeouts'
17:02:39.368 [Forwarding setTimeout on session 1a9956b15bc033b76fb3bcbea7b9b502 to remote] DEBUG org.asynchttpclient.netty.request.NettyRequestSender - Using open Channel [id: 0xae3b6f1d, L:/127.0.0.1:5489 - R:localhost/127.0.0.1:59344] for POST '/session/1a9956b15bc033b76fb3bcbea7b9b502/timeouts'
17:02:39.374 [AsyncHttpClient-1-8] DEBUG org.asynchttpclient.netty.handler.HttpHandler - 

Request DefaultHttpRequest(decodeResult: success, version: HTTP/1.1)
POST /session/1a9956b15bc033b76fb3bcbea7b9b502/timeouts HTTP/1.1
User-Agent: selenium/4.1.2 (java windows)
Content-Length: 22
Content-Type: application/json; charset=utf-8
host: localhost:59344
accept: */*

Response DefaultHttpResponse(decodeResult: success, version: HTTP/1.1)
HTTP/1.1 200 OK
Content-Type: application/json; charset=utf-8
cache-control: no-cache
content-length: 14

17:02:39.374 [AsyncHttpClient-1-8] DEBUG org.asynchttpclient.netty.channel.ChannelManager - Adding key: http://localhost:59344 for channel [id: 0xae3b6f1d, L:/127.0.0.1:5489 - R:localhost/127.0.0.1:59344]
17:02:39.382 [Forwarding getCurrentUrl on session 1a9956b15bc033b76fb3bcbea7b9b502 to remote] DEBUG org.asynchttpclient.netty.request.NettyRequestSender - Using pooled Channel '[id: 0xae3b6f1d, L:/127.0.0.1:5489 - R:localhost/127.0.0.1:59344]' for 'GET' to 'http://localhost:59344/session/1a9956b15bc033b76fb3bcbea7b9b502/url'
17:02:39.382 [Forwarding getCurrentUrl on session 1a9956b15bc033b76fb3bcbea7b9b502 to remote] DEBUG org.asynchttpclient.netty.request.NettyRequestSender - Using open Channel [id: 0xae3b6f1d, L:/127.0.0.1:5489 - R:localhost/127.0.0.1:59344] for GET '/session/1a9956b15bc033b76fb3bcbea7b9b502/url'
17:02:39.394 [AsyncHttpClient-1-8] DEBUG org.asynchttpclient.netty.handler.HttpHandler - 

Request DefaultFullHttpRequest(decodeResult: success, version: HTTP/1.1, content: EmptyByteBufBE)
GET /session/1a9956b15bc033b76fb3bcbea7b9b502/url HTTP/1.1
User-Agent: selenium/4.1.2 (java windows)
Cache-Control: no-cache
Content-Type: application/json; charset=utf-8
host: localhost:59344
accept: */*

Response DefaultHttpResponse(decodeResult: success, version: HTTP/1.1)
HTTP/1.1 200 OK
Content-Type: application/json; charset=utf-8
cache-control: no-cache
content-length: 36

17:02:39.394 [AsyncHttpClient-1-8] DEBUG org.asynchttpclient.netty.channel.ChannelManager - Adding key: http://localhost:59344 for channel [id: 0xae3b6f1d, L:/127.0.0.1:5489 - R:localhost/127.0.0.1:59344]
17:02:39.405 [Forwarding findElement on session 1a9956b15bc033b76fb3bcbea7b9b502 to remote] DEBUG org.asynchttpclient.netty.request.NettyRequestSender - Using pooled Channel '[id: 0xae3b6f1d, L:/127.0.0.1:5489 - R:localhost/127.0.0.1:59344]' for 'POST' to 'http://localhost:59344/session/1a9956b15bc033b76fb3bcbea7b9b502/element'
17:02:39.405 [Forwarding findElement on session 1a9956b15bc033b76fb3bcbea7b9b502 to remote] DEBUG org.asynchttpclient.netty.request.NettyRequestSender - Using open Channel [id: 0xae3b6f1d, L:/127.0.0.1:5489 - R:localhost/127.0.0.1:59344] for POST '/session/1a9956b15bc033b76fb3bcbea7b9b502/element'
17:02:39.448 [AsyncHttpClient-1-8] DEBUG org.asynchttpclient.netty.handler.HttpHandler - 

Request DefaultHttpRequest(decodeResult: success, version: HTTP/1.1)
POST /session/1a9956b15bc033b76fb3bcbea7b9b502/element HTTP/1.1
User-Agent: selenium/4.1.2 (java windows)
Content-Length: 53
Content-Type: application/json; charset=utf-8
host: localhost:59344
accept: */*

Response DefaultHttpResponse(decodeResult: success, version: HTTP/1.1)
HTTP/1.1 200 OK
Content-Type: application/json; charset=utf-8
cache-control: no-cache
content-length: 88

17:02:39.448 [AsyncHttpClient-1-8] DEBUG org.asynchttpclient.netty.channel.ChannelManager - Adding key: http://localhost:59344 for channel [id: 0xae3b6f1d, L:/127.0.0.1:5489 - R:localhost/127.0.0.1:59344]
17:02:39.452 [Forwarding sendKeysToElement on session 1a9956b15bc033b76fb3bcbea7b9b502 to remote] DEBUG org.asynchttpclient.netty.request.NettyRequestSender - Using pooled Channel '[id: 0xae3b6f1d, L:/127.0.0.1:5489 - R:localhost/127.0.0.1:59344]' for 'POST' to 'http://localhost:59344/session/1a9956b15bc033b76fb3bcbea7b9b502/element/c2ae7e0d-68b9-4e00-8984-8edfb751b10e/value'
17:02:39.452 [Forwarding sendKeysToElement on session 1a9956b15bc033b76fb3bcbea7b9b502 to remote] DEBUG org.asynchttpclient.netty.request.NettyRequestSender - Using open Channel [id: 0xae3b6f1d, L:/127.0.0.1:5489 - R:localhost/127.0.0.1:59344] for POST '/session/1a9956b15bc033b76fb3bcbea7b9b502/element/c2ae7e0d-68b9-4e00-8984-8edfb751b10e/value'
17:02:39.551 [AsyncHttpClient-1-8] DEBUG org.asynchttpclient.netty.handler.HttpHandler - 

Request DefaultHttpRequest(decodeResult: success, version: HTTP/1.1)
POST /session/1a9956b15bc033b76fb3bcbea7b9b502/element/c2ae7e0d-68b9-4e00-8984-8edfb751b10e/value HTTP/1.1
User-Agent: selenium/4.1.2 (java windows)
Content-Length: 95
Content-Type: application/json; charset=utf-8
host: localhost:59344
accept: */*

Response DefaultHttpResponse(decodeResult: success, version: HTTP/1.1)
HTTP/1.1 200 OK
Content-Type: application/json; charset=utf-8
cache-control: no-cache
content-length: 14

17:02:39.551 [AsyncHttpClient-1-8] DEBUG org.asynchttpclient.netty.channel.ChannelManager - Adding key: http://localhost:59344 for channel [id: 0xae3b6f1d, L:/127.0.0.1:5489 - R:localhost/127.0.0.1:59344]
  &amp#27;[32mGiven &amp#27;[0m&amp#27;[32mI click login button on book store&amp#27;[0m                 &amp#27;[90m# starter.stepdefinitions.LoginStep.iClickLoginButtonOnBookStore()&amp#27;[0m
17:02:39.568 [Forwarding screenshot on session 1a9956b15bc033b76fb3bcbea7b9b502 to remote] DEBUG org.asynchttpclient.netty.request.NettyRequestSender - Using pooled Channel '[id: 0xae3b6f1d, L:/127.0.0.1:5489 - R:localhost/127.0.0.1:59344]' for 'GET' to 'http://localhost:59344/session/1a9956b15bc033b76fb3bcbea7b9b502/screenshot'
17:02:39.569 [Forwarding screenshot on session 1a9956b15bc033b76fb3bcbea7b9b502 to remote] DEBUG org.asynchttpclient.netty.request.NettyRequestSender - Using open Channel [id: 0xae3b6f1d, L:/127.0.0.1:5489 - R:localhost/127.0.0.1:59344] for GET '/session/1a9956b15bc033b76fb3bcbea7b9b502/screenshot'
17:02:39.721 [AsyncHttpClient-1-1] DEBUG org.asynchttpclient.netty.channel.DefaultChannelPool - Entry count for : http://localhost:5491 : 1
17:02:39.804 [AsyncHttpClient-1-8] DEBUG org.asynchttpclient.netty.handler.HttpHandler - 

Request DefaultFullHttpRequest(decodeResult: success, version: HTTP/1.1, content: EmptyByteBufBE)
GET /session/1a9956b15bc033b76fb3bcbea7b9b502/screenshot HTTP/1.1
User-Agent: selenium/4.1.2 (java windows)
Cache-Control: no-cache
Content-Type: application/json; charset=utf-8
host: localhost:59344
accept: */*

Response DefaultHttpResponse(decodeResult: success, version: HTTP/1.1)
HTTP/1.1 200 OK
Content-Type: application/json; charset=utf-8
cache-control: no-cache
content-length: 167996

17:02:39.807 [AsyncHttpClient-1-8] DEBUG org.asynchttpclient.netty.channel.ChannelManager - Adding key: http://localhost:59344 for channel [id: 0xae3b6f1d, L:/127.0.0.1:5489 - R:localhost/127.0.0.1:59344]
17:02:39.816 [main] DEBUG net.serenitybdd.core.photography.Darkroom - Send negative for processing for target\site\serenity\babcbd15201dfd7f056d96c49818023ca0ad6d7c1dadaf630f1cbf769cb3b392.png
17:02:39.816 [Darkroom Processing Line] DEBUG net.serenitybdd.core.photography.DarkroomProcessingLine - Processing screenshot image in /var/screenshots/screenshot-4361471359895972009
17:02:39.816 [Darkroom Processing Line] DEBUG net.serenitybdd.core.photography.DarkroomProcessingLine - Saving screenshot to target\site\serenity\babcbd15201dfd7f056d96c49818023ca0ad6d7c1dadaf630f1cbf769cb3b392.png
17:02:39.839 [Forwarding findElement on session 1a9956b15bc033b76fb3bcbea7b9b502 to remote] DEBUG org.asynchttpclient.netty.request.NettyRequestSender - Using pooled Channel '[id: 0xae3b6f1d, L:/127.0.0.1:5489 - R:localhost/127.0.0.1:59344]' for 'POST' to 'http://localhost:59344/session/1a9956b15bc033b76fb3bcbea7b9b502/element'
17:02:39.839 [Forwarding findElement on session 1a9956b15bc033b76fb3bcbea7b9b502 to remote] DEBUG org.asynchttpclient.netty.request.NettyRequestSender - Using open Channel [id: 0xae3b6f1d, L:/127.0.0.1:5489 - R:localhost/127.0.0.1:59344] for POST '/session/1a9956b15bc033b76fb3bcbea7b9b502/element'
17:02:39.874 [AsyncHttpClient-1-8] DEBUG org.asynchttpclient.netty.handler.HttpHandler - 

Request DefaultHttpRequest(decodeResult: success, version: HTTP/1.1)
POST /session/1a9956b15bc033b76fb3bcbea7b9b502/element HTTP/1.1
User-Agent: selenium/4.1.2 (java windows)
Content-Length: 53
Content-Type: application/json; charset=utf-8
host: localhost:59344
accept: */*

Response DefaultHttpResponse(decodeResult: success, version: HTTP/1.1)
HTTP/1.1 200 OK
Content-Type: application/json; charset=utf-8
cache-control: no-cache
content-length: 88

17:02:39.874 [AsyncHttpClient-1-8] DEBUG org.asynchttpclient.netty.channel.ChannelManager - Adding key: http://localhost:59344 for channel [id: 0xae3b6f1d, L:/127.0.0.1:5489 - R:localhost/127.0.0.1:59344]
17:02:39.876 [Forwarding clearElement on session 1a9956b15bc033b76fb3bcbea7b9b502 to remote] DEBUG org.asynchttpclient.netty.request.NettyRequestSender - Using pooled Channel '[id: 0xae3b6f1d, L:/127.0.0.1:5489 - R:localhost/127.0.0.1:59344]' for 'POST' to 'http://localhost:59344/session/1a9956b15bc033b76fb3bcbea7b9b502/element/78639807-bc38-40e0-aa54-ad04165e9e83/clear'
17:02:39.876 [Forwarding clearElement on session 1a9956b15bc033b76fb3bcbea7b9b502 to remote] DEBUG org.asynchttpclient.netty.request.NettyRequestSender - Using open Channel [id: 0xae3b6f1d, L:/127.0.0.1:5489 - R:localhost/127.0.0.1:59344] for POST '/session/1a9956b15bc033b76fb3bcbea7b9b502/element/78639807-bc38-40e0-aa54-ad04165e9e83/clear'
17:02:40.009 [AsyncHttpClient-1-8] DEBUG org.asynchttpclient.netty.handler.HttpHandler - 

Request DefaultHttpRequest(decodeResult: success, version: HTTP/1.1)
POST /session/1a9956b15bc033b76fb3bcbea7b9b502/element/78639807-bc38-40e0-aa54-ad04165e9e83/clear HTTP/1.1
User-Agent: selenium/4.1.2 (java windows)
Content-Length: 50
Content-Type: application/json; charset=utf-8
host: localhost:59344
accept: */*

Response DefaultHttpResponse(decodeResult: success, version: HTTP/1.1)
HTTP/1.1 200 OK
Content-Type: application/json; charset=utf-8
cache-control: no-cache
content-length: 14

17:02:40.009 [AsyncHttpClient-1-8] DEBUG org.asynchttpclient.netty.channel.ChannelManager - Adding key: http://localhost:59344 for channel [id: 0xae3b6f1d, L:/127.0.0.1:5489 - R:localhost/127.0.0.1:59344]
17:02:40.014 [Forwarding sendKeysToElement on session 1a9956b15bc033b76fb3bcbea7b9b502 to remote] DEBUG org.asynchttpclient.netty.request.NettyRequestSender - Using pooled Channel '[id: 0xae3b6f1d, L:/127.0.0.1:5489 - R:localhost/127.0.0.1:59344]' for 'POST' to 'http://localhost:59344/session/1a9956b15bc033b76fb3bcbea7b9b502/element/78639807-bc38-40e0-aa54-ad04165e9e83/value'
17:02:40.014 [Forwarding sendKeysToElement on session 1a9956b15bc033b76fb3bcbea7b9b502 to remote] DEBUG org.asynchttpclient.netty.request.NettyRequestSender - Using open Channel [id: 0xae3b6f1d, L:/127.0.0.1:5489 - R:localhost/127.0.0.1:59344] for POST '/session/1a9956b15bc033b76fb3bcbea7b9b502/element/78639807-bc38-40e0-aa54-ad04165e9e83/value'
17:02:40.241 [AsyncHttpClient-1-8] DEBUG org.asynchttpclient.netty.handler.HttpHandler - 

Request DefaultHttpRequest(decodeResult: success, version: HTTP/1.1)
POST /session/1a9956b15bc033b76fb3bcbea7b9b502/element/78639807-bc38-40e0-aa54-ad04165e9e83/value HTTP/1.1
User-Agent: selenium/4.1.2 (java windows)
Content-Length: 161
Content-Type: application/json; charset=utf-8
host: localhost:59344
accept: */*

Response DefaultHttpResponse(decodeResult: success, version: HTTP/1.1)
HTTP/1.1 200 OK
Content-Type: application/json; charset=utf-8
cache-control: no-cache
content-length: 14

17:02:40.241 [AsyncHttpClient-1-8] DEBUG org.asynchttpclient.netty.channel.ChannelManager - Adding key: http://localhost:59344 for channel [id: 0xae3b6f1d, L:/127.0.0.1:5489 - R:localhost/127.0.0.1:59344]
  &amp#27;[32mWhen &amp#27;[0m&amp#27;[32mI input invalid userName&amp#27;[0m                            &amp#27;[90m# starter.stepdefinitions.LoginStep.iInputInvalidUsername()&amp#27;[0m
17:02:40.259 [Forwarding screenshot on session 1a9956b15bc033b76fb3bcbea7b9b502 to remote] DEBUG org.asynchttpclient.netty.request.NettyRequestSender - Using pooled Channel '[id: 0xae3b6f1d, L:/127.0.0.1:5489 - R:localhost/127.0.0.1:59344]' for 'GET' to 'http://localhost:59344/session/1a9956b15bc033b76fb3bcbea7b9b502/screenshot'
17:02:40.259 [Forwarding screenshot on session 1a9956b15bc033b76fb3bcbea7b9b502 to remote] DEBUG org.asynchttpclient.netty.request.NettyRequestSender - Using open Channel [id: 0xae3b6f1d, L:/127.0.0.1:5489 - R:localhost/127.0.0.1:59344] for GET '/session/1a9956b15bc033b76fb3bcbea7b9b502/screenshot'
17:02:40.527 [AsyncHttpClient-1-8] DEBUG org.asynchttpclient.netty.handler.HttpHandler - 

Request DefaultFullHttpRequest(decodeResult: success, version: HTTP/1.1, content: EmptyByteBufBE)
GET /session/1a9956b15bc033b76fb3bcbea7b9b502/screenshot HTTP/1.1
User-Agent: selenium/4.1.2 (java windows)
Cache-Control: no-cache
Content-Type: application/json; charset=utf-8
host: localhost:59344
accept: */*

Response DefaultHttpResponse(decodeResult: success, version: HTTP/1.1)
HTTP/1.1 200 OK
Content-Type: application/json; charset=utf-8
cache-control: no-cache
content-length: 140188

17:02:40.528 [AsyncHttpClient-1-8] DEBUG org.asynchttpclient.netty.channel.ChannelManager - Adding key: http://localhost:59344 for channel [id: 0xae3b6f1d, L:/127.0.0.1:5489 - R:localhost/127.0.0.1:59344]
17:02:40.536 [main] DEBUG net.serenitybdd.core.photography.Darkroom - Send negative for processing for target\site\serenity\217b3c6fde0ac5bcf7042055319bc8244d84837f962c186aaf6ef1ea92eac00d.png
17:02:40.536 [Darkroom Processing Line] DEBUG net.serenitybdd.core.photography.DarkroomProcessingLine - Processing screenshot image in /var/screenshots/screenshot-16754957477874569613
17:02:40.536 [Darkroom Processing Line] DEBUG net.serenitybdd.core.photography.DarkroomProcessingLine - Saving screenshot to target\site\serenity\217b3c6fde0ac5bcf7042055319bc8244d84837f962c186aaf6ef1ea92eac00d.png
17:02:40.548 [Forwarding findElement on session 1a9956b15bc033b76fb3bcbea7b9b502 to remote] DEBUG org.asynchttpclient.netty.request.NettyRequestSender - Using pooled Channel '[id: 0xae3b6f1d, L:/127.0.0.1:5489 - R:localhost/127.0.0.1:59344]' for 'POST' to 'http://localhost:59344/session/1a9956b15bc033b76fb3bcbea7b9b502/element'
17:02:40.548 [Forwarding findElement on session 1a9956b15bc033b76fb3bcbea7b9b502 to remote] DEBUG org.asynchttpclient.netty.request.NettyRequestSender - Using open Channel [id: 0xae3b6f1d, L:/127.0.0.1:5489 - R:localhost/127.0.0.1:59344] for POST '/session/1a9956b15bc033b76fb3bcbea7b9b502/element'
17:02:40.566 [AsyncHttpClient-1-8] DEBUG org.asynchttpclient.netty.handler.HttpHandler - 

Request DefaultHttpRequest(decodeResult: success, version: HTTP/1.1)
POST /session/1a9956b15bc033b76fb3bcbea7b9b502/element HTTP/1.1
User-Agent: selenium/4.1.2 (java windows)
Content-Length: 53
Content-Type: application/json; charset=utf-8
host: localhost:59344
accept: */*

Response DefaultHttpResponse(decodeResult: success, version: HTTP/1.1)
HTTP/1.1 200 OK
Content-Type: application/json; charset=utf-8
cache-control: no-cache
content-length: 88

17:02:40.567 [AsyncHttpClient-1-8] DEBUG org.asynchttpclient.netty.channel.ChannelManager - Adding key: http://localhost:59344 for channel [id: 0xae3b6f1d, L:/127.0.0.1:5489 - R:localhost/127.0.0.1:59344]
17:02:40.571 [Forwarding clearElement on session 1a9956b15bc033b76fb3bcbea7b9b502 to remote] DEBUG org.asynchttpclient.netty.request.NettyRequestSender - Using pooled Channel '[id: 0xae3b6f1d, L:/127.0.0.1:5489 - R:localhost/127.0.0.1:59344]' for 'POST' to 'http://localhost:59344/session/1a9956b15bc033b76fb3bcbea7b9b502/element/2ddd602c-d4fd-4491-b5f1-d94af2b6b1bc/clear'
17:02:40.571 [Forwarding clearElement on session 1a9956b15bc033b76fb3bcbea7b9b502 to remote] DEBUG org.asynchttpclient.netty.request.NettyRequestSender - Using open Channel [id: 0xae3b6f1d, L:/127.0.0.1:5489 - R:localhost/127.0.0.1:59344] for POST '/session/1a9956b15bc033b76fb3bcbea7b9b502/element/2ddd602c-d4fd-4491-b5f1-d94af2b6b1bc/clear'
17:02:40.628 [AsyncHttpClient-1-8] DEBUG org.asynchttpclient.netty.handler.HttpHandler - 

Request DefaultHttpRequest(decodeResult: success, version: HTTP/1.1)
POST /session/1a9956b15bc033b76fb3bcbea7b9b502/element/2ddd602c-d4fd-4491-b5f1-d94af2b6b1bc/clear HTTP/1.1
User-Agent: selenium/4.1.2 (java windows)
Content-Length: 50
Content-Type: application/json; charset=utf-8
host: localhost:59344
accept: */*

Response DefaultHttpResponse(decodeResult: success, version: HTTP/1.1)
HTTP/1.1 200 OK
Content-Type: application/json; charset=utf-8
cache-control: no-cache
content-length: 14

17:02:40.628 [AsyncHttpClient-1-8] DEBUG org.asynchttpclient.netty.channel.ChannelManager - Adding key: http://localhost:59344 for channel [id: 0xae3b6f1d, L:/127.0.0.1:5489 - R:localhost/127.0.0.1:59344]
17:02:40.631 [Forwarding sendKeysToElement on session 1a9956b15bc033b76fb3bcbea7b9b502 to remote] DEBUG org.asynchttpclient.netty.request.NettyRequestSender - Using pooled Channel '[id: 0xae3b6f1d, L:/127.0.0.1:5489 - R:localhost/127.0.0.1:59344]' for 'POST' to 'http://localhost:59344/session/1a9956b15bc033b76fb3bcbea7b9b502/element/2ddd602c-d4fd-4491-b5f1-d94af2b6b1bc/value'
17:02:40.632 [Forwarding sendKeysToElement on session 1a9956b15bc033b76fb3bcbea7b9b502 to remote] DEBUG org.asynchttpclient.netty.request.NettyRequestSender - Using open Channel [id: 0xae3b6f1d, L:/127.0.0.1:5489 - R:localhost/127.0.0.1:59344] for POST '/session/1a9956b15bc033b76fb3bcbea7b9b502/element/2ddd602c-d4fd-4491-b5f1-d94af2b6b1bc/value'
17:02:40.814 [AsyncHttpClient-1-1] DEBUG org.asynchttpclient.netty.channel.DefaultChannelPool - Entry count for : http://localhost:5491 : 1
17:02:40.814 [AsyncHttpClient-1-8] DEBUG org.asynchttpclient.netty.handler.HttpHandler - 

Request DefaultHttpRequest(decodeResult: success, version: HTTP/1.1)
POST /session/1a9956b15bc033b76fb3bcbea7b9b502/element/2ddd602c-d4fd-4491-b5f1-d94af2b6b1bc/value HTTP/1.1
User-Agent: selenium/4.1.2 (java windows)
Content-Length: 181
Content-Type: application/json; charset=utf-8
host: localhost:59344
accept: */*

Response DefaultHttpResponse(decodeResult: success, version: HTTP/1.1)
HTTP/1.1 200 OK
Content-Type: application/json; charset=utf-8
cache-control: no-cache
content-length: 14

17:02:40.814 [AsyncHttpClient-1-8] DEBUG org.asynchttpclient.netty.channel.ChannelManager - Adding key: http://localhost:59344 for channel [id: 0xae3b6f1d, L:/127.0.0.1:5489 - R:localhost/127.0.0.1:59344]
  &amp#27;[32mAnd &amp#27;[0m&amp#27;[32mI input invalid password&amp#27;[0m                             &amp#27;[90m# starter.stepdefinitions.LoginStep.iInputInvalidPassword()&amp#27;[0m
17:02:40.849 [Forwarding screenshot on session 1a9956b15bc033b76fb3bcbea7b9b502 to remote] DEBUG org.asynchttpclient.netty.request.NettyRequestSender - Using pooled Channel '[id: 0xae3b6f1d, L:/127.0.0.1:5489 - R:localhost/127.0.0.1:59344]' for 'GET' to 'http://localhost:59344/session/1a9956b15bc033b76fb3bcbea7b9b502/screenshot'
17:02:40.849 [Forwarding screenshot on session 1a9956b15bc033b76fb3bcbea7b9b502 to remote] DEBUG org.asynchttpclient.netty.request.NettyRequestSender - Using open Channel [id: 0xae3b6f1d, L:/127.0.0.1:5489 - R:localhost/127.0.0.1:59344] for GET '/session/1a9956b15bc033b76fb3bcbea7b9b502/screenshot'
17:02:41.071 [AsyncHttpClient-1-8] DEBUG org.asynchttpclient.netty.handler.HttpHandler - 

Request DefaultFullHttpRequest(decodeResult: success, version: HTTP/1.1, content: EmptyByteBufBE)
GET /session/1a9956b15bc033b76fb3bcbea7b9b502/screenshot HTTP/1.1
User-Agent: selenium/4.1.2 (java windows)
Cache-Control: no-cache
Content-Type: application/json; charset=utf-8
host: localhost:59344
accept: */*

Response DefaultHttpResponse(decodeResult: success, version: HTTP/1.1)
HTTP/1.1 200 OK
Content-Type: application/json; charset=utf-8
cache-control: no-cache
content-length: 139704

17:02:41.072 [AsyncHttpClient-1-8] DEBUG org.asynchttpclient.netty.channel.ChannelManager - Adding key: http://localhost:59344 for channel [id: 0xae3b6f1d, L:/127.0.0.1:5489 - R:localhost/127.0.0.1:59344]
17:02:41.083 [main] DEBUG net.serenitybdd.core.photography.Darkroom - Send negative for processing for target\site\serenity\9c9265cda3c5383461b6a5792cd2ca58731aba2ec34751abfec664bbc5e5f1e1.png
17:02:41.098 [Forwarding findElement on session 1a9956b15bc033b76fb3bcbea7b9b502 to remote] DEBUG org.asynchttpclient.netty.request.NettyRequestSender - Using pooled Channel '[id: 0xae3b6f1d, L:/127.0.0.1:5489 - R:localhost/127.0.0.1:59344]' for 'POST' to 'http://localhost:59344/session/1a9956b15bc033b76fb3bcbea7b9b502/element'
17:02:41.098 [Forwarding findElement on session 1a9956b15bc033b76fb3bcbea7b9b502 to remote] DEBUG org.asynchttpclient.netty.request.NettyRequestSender - Using open Channel [id: 0xae3b6f1d, L:/127.0.0.1:5489 - R:localhost/127.0.0.1:59344] for POST '/session/1a9956b15bc033b76fb3bcbea7b9b502/element'
17:02:41.129 [Darkroom Processing Line] DEBUG net.serenitybdd.core.photography.DarkroomProcessingLine - Processing screenshot image in /var/screenshots/screenshot-1713506805437088241
17:02:41.129 [Darkroom Processing Line] DEBUG net.serenitybdd.core.photography.DarkroomProcessingLine - Saving screenshot to target\site\serenity\9c9265cda3c5383461b6a5792cd2ca58731aba2ec34751abfec664bbc5e5f1e1.png
17:02:41.173 [AsyncHttpClient-1-8] DEBUG org.asynchttpclient.netty.handler.HttpHandler - 

Request DefaultHttpRequest(decodeResult: success, version: HTTP/1.1)
POST /session/1a9956b15bc033b76fb3bcbea7b9b502/element HTTP/1.1
User-Agent: selenium/4.1.2 (java windows)
Content-Length: 50
Content-Type: application/json; charset=utf-8
host: localhost:59344
accept: */*

Response DefaultHttpResponse(decodeResult: success, version: HTTP/1.1)
HTTP/1.1 200 OK
Content-Type: application/json; charset=utf-8
cache-control: no-cache
content-length: 88

17:02:41.174 [AsyncHttpClient-1-8] DEBUG org.asynchttpclient.netty.channel.ChannelManager - Adding key: http://localhost:59344 for channel [id: 0xae3b6f1d, L:/127.0.0.1:5489 - R:localhost/127.0.0.1:59344]
17:02:41.176 [Forwarding getElementTagName on session 1a9956b15bc033b76fb3bcbea7b9b502 to remote] DEBUG org.asynchttpclient.netty.request.NettyRequestSender - Using pooled Channel '[id: 0xae3b6f1d, L:/127.0.0.1:5489 - R:localhost/127.0.0.1:59344]' for 'GET' to 'http://localhost:59344/session/1a9956b15bc033b76fb3bcbea7b9b502/element/53bbf49f-1bff-421b-a35b-c4dc0e4a1c05/name'
17:02:41.176 [Forwarding getElementTagName on session 1a9956b15bc033b76fb3bcbea7b9b502 to remote] DEBUG org.asynchttpclient.netty.request.NettyRequestSender - Using open Channel [id: 0xae3b6f1d, L:/127.0.0.1:5489 - R:localhost/127.0.0.1:59344] for GET '/session/1a9956b15bc033b76fb3bcbea7b9b502/element/53bbf49f-1bff-421b-a35b-c4dc0e4a1c05/name'
17:02:41.185 [AsyncHttpClient-1-8] DEBUG org.asynchttpclient.netty.handler.HttpHandler - 

Request DefaultFullHttpRequest(decodeResult: success, version: HTTP/1.1, content: EmptyByteBufBE)
GET /session/1a9956b15bc033b76fb3bcbea7b9b502/element/53bbf49f-1bff-421b-a35b-c4dc0e4a1c05/name HTTP/1.1
User-Agent: selenium/4.1.2 (java windows)
Cache-Control: no-cache
Content-Type: application/json; charset=utf-8
host: localhost:59344
accept: */*

Response DefaultHttpResponse(decodeResult: success, version: HTTP/1.1)
HTTP/1.1 200 OK
Content-Type: application/json; charset=utf-8
cache-control: no-cache
content-length: 18

17:02:41.185 [AsyncHttpClient-1-8] DEBUG org.asynchttpclient.netty.channel.ChannelManager - Adding key: http://localhost:59344 for channel [id: 0xae3b6f1d, L:/127.0.0.1:5489 - R:localhost/127.0.0.1:59344]
17:02:41.188 [Forwarding getElementTagName on session 1a9956b15bc033b76fb3bcbea7b9b502 to remote] DEBUG org.asynchttpclient.netty.request.NettyRequestSender - Using pooled Channel '[id: 0xae3b6f1d, L:/127.0.0.1:5489 - R:localhost/127.0.0.1:59344]' for 'GET' to 'http://localhost:59344/session/1a9956b15bc033b76fb3bcbea7b9b502/element/53bbf49f-1bff-421b-a35b-c4dc0e4a1c05/name'
17:02:41.188 [Forwarding getElementTagName on session 1a9956b15bc033b76fb3bcbea7b9b502 to remote] DEBUG org.asynchttpclient.netty.request.NettyRequestSender - Using open Channel [id: 0xae3b6f1d, L:/127.0.0.1:5489 - R:localhost/127.0.0.1:59344] for GET '/session/1a9956b15bc033b76fb3bcbea7b9b502/element/53bbf49f-1bff-421b-a35b-c4dc0e4a1c05/name'
17:02:41.193 [AsyncHttpClient-1-8] DEBUG org.asynchttpclient.netty.handler.HttpHandler - 

Request DefaultFullHttpRequest(decodeResult: success, version: HTTP/1.1, content: EmptyByteBufBE)
GET /session/1a9956b15bc033b76fb3bcbea7b9b502/element/53bbf49f-1bff-421b-a35b-c4dc0e4a1c05/name HTTP/1.1
User-Agent: selenium/4.1.2 (java windows)
Cache-Control: no-cache
Content-Type: application/json; charset=utf-8
host: localhost:59344
accept: */*

Response DefaultHttpResponse(decodeResult: success, version: HTTP/1.1)
HTTP/1.1 200 OK
Content-Type: application/json; charset=utf-8
cache-control: no-cache
content-length: 18

17:02:41.194 [AsyncHttpClient-1-8] DEBUG org.asynchttpclient.netty.channel.ChannelManager - Adding key: http://localhost:59344 for channel [id: 0xae3b6f1d, L:/127.0.0.1:5489 - R:localhost/127.0.0.1:59344]
17:02:41.200 [Forwarding isElementEnabled on session 1a9956b15bc033b76fb3bcbea7b9b502 to remote] DEBUG org.asynchttpclient.netty.request.NettyRequestSender - Using pooled Channel '[id: 0xae3b6f1d, L:/127.0.0.1:5489 - R:localhost/127.0.0.1:59344]' for 'GET' to 'http://localhost:59344/session/1a9956b15bc033b76fb3bcbea7b9b502/element/53bbf49f-1bff-421b-a35b-c4dc0e4a1c05/enabled'
17:02:41.200 [Forwarding isElementEnabled on session 1a9956b15bc033b76fb3bcbea7b9b502 to remote] DEBUG org.asynchttpclient.netty.request.NettyRequestSender - Using open Channel [id: 0xae3b6f1d, L:/127.0.0.1:5489 - R:localhost/127.0.0.1:59344] for GET '/session/1a9956b15bc033b76fb3bcbea7b9b502/element/53bbf49f-1bff-421b-a35b-c4dc0e4a1c05/enabled'
17:02:41.219 [AsyncHttpClient-1-8] DEBUG org.asynchttpclient.netty.handler.HttpHandler - 

Request DefaultFullHttpRequest(decodeResult: success, version: HTTP/1.1, content: EmptyByteBufBE)
GET /session/1a9956b15bc033b76fb3bcbea7b9b502/element/53bbf49f-1bff-421b-a35b-c4dc0e4a1c05/enabled HTTP/1.1
User-Agent: selenium/4.1.2 (java windows)
Cache-Control: no-cache
Content-Type: application/json; charset=utf-8
host: localhost:59344
accept: */*

Response DefaultHttpResponse(decodeResult: success, version: HTTP/1.1)
HTTP/1.1 200 OK
Content-Type: application/json; charset=utf-8
cache-control: no-cache
content-length: 14

17:02:41.219 [AsyncHttpClient-1-8] DEBUG org.asynchttpclient.netty.channel.ChannelManager - Adding key: http://localhost:59344 for channel [id: 0xae3b6f1d, L:/127.0.0.1:5489 - R:localhost/127.0.0.1:59344]
17:02:41.222 [Forwarding isElementEnabled on session 1a9956b15bc033b76fb3bcbea7b9b502 to remote] DEBUG org.asynchttpclient.netty.request.NettyRequestSender - Using pooled Channel '[id: 0xae3b6f1d, L:/127.0.0.1:5489 - R:localhost/127.0.0.1:59344]' for 'GET' to 'http://localhost:59344/session/1a9956b15bc033b76fb3bcbea7b9b502/element/53bbf49f-1bff-421b-a35b-c4dc0e4a1c05/enabled'
17:02:41.222 [Forwarding isElementEnabled on session 1a9956b15bc033b76fb3bcbea7b9b502 to remote] DEBUG org.asynchttpclient.netty.request.NettyRequestSender - Using open Channel [id: 0xae3b6f1d, L:/127.0.0.1:5489 - R:localhost/127.0.0.1:59344] for GET '/session/1a9956b15bc033b76fb3bcbea7b9b502/element/53bbf49f-1bff-421b-a35b-c4dc0e4a1c05/enabled'
17:02:41.235 [AsyncHttpClient-1-8] DEBUG org.asynchttpclient.netty.handler.HttpHandler - 

Request DefaultFullHttpRequest(decodeResult: success, version: HTTP/1.1, content: EmptyByteBufBE)
GET /session/1a9956b15bc033b76fb3bcbea7b9b502/element/53bbf49f-1bff-421b-a35b-c4dc0e4a1c05/enabled HTTP/1.1
User-Agent: selenium/4.1.2 (java windows)
Cache-Control: no-cache
Content-Type: application/json; charset=utf-8
host: localhost:59344
accept: */*

Response DefaultHttpResponse(decodeResult: success, version: HTTP/1.1)
HTTP/1.1 200 OK
Content-Type: application/json; charset=utf-8
cache-control: no-cache
content-length: 14

17:02:41.235 [AsyncHttpClient-1-8] DEBUG org.asynchttpclient.netty.channel.ChannelManager - Adding key: http://localhost:59344 for channel [id: 0xae3b6f1d, L:/127.0.0.1:5489 - R:localhost/127.0.0.1:59344]
17:02:41.240 [Forwarding findElement on session 1a9956b15bc033b76fb3bcbea7b9b502 to remote] DEBUG org.asynchttpclient.netty.request.NettyRequestSender - Using pooled Channel '[id: 0xae3b6f1d, L:/127.0.0.1:5489 - R:localhost/127.0.0.1:59344]' for 'POST' to 'http://localhost:59344/session/1a9956b15bc033b76fb3bcbea7b9b502/element'
17:02:41.240 [Forwarding findElement on session 1a9956b15bc033b76fb3bcbea7b9b502 to remote] DEBUG org.asynchttpclient.netty.request.NettyRequestSender - Using open Channel [id: 0xae3b6f1d, L:/127.0.0.1:5489 - R:localhost/127.0.0.1:59344] for POST '/session/1a9956b15bc033b76fb3bcbea7b9b502/element'
17:02:41.255 [AsyncHttpClient-1-8] DEBUG org.asynchttpclient.netty.handler.HttpHandler - 

Request DefaultHttpRequest(decodeResult: success, version: HTTP/1.1)
POST /session/1a9956b15bc033b76fb3bcbea7b9b502/element HTTP/1.1
User-Agent: selenium/4.1.2 (java windows)
Content-Length: 50
Content-Type: application/json; charset=utf-8
host: localhost:59344
accept: */*

Response DefaultHttpResponse(decodeResult: success, version: HTTP/1.1)
HTTP/1.1 200 OK
Content-Type: application/json; charset=utf-8
cache-control: no-cache
content-length: 88

17:02:41.256 [AsyncHttpClient-1-8] DEBUG org.asynchttpclient.netty.channel.ChannelManager - Adding key: http://localhost:59344 for channel [id: 0xae3b6f1d, L:/127.0.0.1:5489 - R:localhost/127.0.0.1:59344]
17:02:41.260 [Forwarding clickElement on session 1a9956b15bc033b76fb3bcbea7b9b502 to remote] DEBUG org.asynchttpclient.netty.request.NettyRequestSender - Using pooled Channel '[id: 0xae3b6f1d, L:/127.0.0.1:5489 - R:localhost/127.0.0.1:59344]' for 'POST' to 'http://localhost:59344/session/1a9956b15bc033b76fb3bcbea7b9b502/element/53bbf49f-1bff-421b-a35b-c4dc0e4a1c05/click'
17:02:41.260 [Forwarding clickElement on session 1a9956b15bc033b76fb3bcbea7b9b502 to remote] DEBUG org.asynchttpclient.netty.request.NettyRequestSender - Using open Channel [id: 0xae3b6f1d, L:/127.0.0.1:5489 - R:localhost/127.0.0.1:59344] for POST '/session/1a9956b15bc033b76fb3bcbea7b9b502/element/53bbf49f-1bff-421b-a35b-c4dc0e4a1c05/click'
17:02:41.402 [AsyncHttpClient-1-8] DEBUG org.asynchttpclient.netty.handler.HttpHandler - 

Request DefaultHttpRequest(decodeResult: success, version: HTTP/1.1)
POST /session/1a9956b15bc033b76fb3bcbea7b9b502/element/53bbf49f-1bff-421b-a35b-c4dc0e4a1c05/click HTTP/1.1
User-Agent: selenium/4.1.2 (java windows)
Content-Length: 50
Content-Type: application/json; charset=utf-8
host: localhost:59344
accept: */*

Response DefaultHttpResponse(decodeResult: success, version: HTTP/1.1)
HTTP/1.1 200 OK
Content-Type: application/json; charset=utf-8
cache-control: no-cache
content-length: 14

17:02:41.403 [AsyncHttpClient-1-8] DEBUG org.asynchttpclient.netty.channel.ChannelManager - Adding key: http://localhost:59344 for channel [id: 0xae3b6f1d, L:/127.0.0.1:5489 - R:localhost/127.0.0.1:59344]
  &amp#27;[32mAnd &amp#27;[0m&amp#27;[32mI click Login button&amp#27;[0m                                 &amp#27;[90m# starter.stepdefinitions.LoginStep.iClickLoginButton()&amp#27;[0m
17:02:41.431 [Forwarding screenshot on session 1a9956b15bc033b76fb3bcbea7b9b502 to remote] DEBUG org.asynchttpclient.netty.request.NettyRequestSender - Using pooled Channel '[id: 0xae3b6f1d, L:/127.0.0.1:5489 - R:localhost/127.0.0.1:59344]' for 'GET' to 'http://localhost:59344/session/1a9956b15bc033b76fb3bcbea7b9b502/screenshot'
17:02:41.431 [Forwarding screenshot on session 1a9956b15bc033b76fb3bcbea7b9b502 to remote] DEBUG org.asynchttpclient.netty.request.NettyRequestSender - Using open Channel [id: 0xae3b6f1d, L:/127.0.0.1:5489 - R:localhost/127.0.0.1:59344] for GET '/session/1a9956b15bc033b76fb3bcbea7b9b502/screenshot'
17:02:41.631 [AsyncHttpClient-1-8] DEBUG org.asynchttpclient.netty.handler.HttpHandler - 

Request DefaultFullHttpRequest(decodeResult: success, version: HTTP/1.1, content: EmptyByteBufBE)
GET /session/1a9956b15bc033b76fb3bcbea7b9b502/screenshot HTTP/1.1
User-Agent: selenium/4.1.2 (java windows)
Cache-Control: no-cache
Content-Type: application/json; charset=utf-8
host: localhost:59344
accept: */*

Response DefaultHttpResponse(decodeResult: success, version: HTTP/1.1)
HTTP/1.1 200 OK
Content-Type: application/json; charset=utf-8
cache-control: no-cache
content-length: 124028

17:02:41.632 [AsyncHttpClient-1-8] DEBUG org.asynchttpclient.netty.channel.ChannelManager - Adding key: http://localhost:59344 for channel [id: 0xae3b6f1d, L:/127.0.0.1:5489 - R:localhost/127.0.0.1:59344]
17:02:41.643 [main] DEBUG net.serenitybdd.core.photography.Darkroom - Send negative for processing for target\site\serenity\3c1de7fae1a20203cfff9b0e181f24bcde9a2c54a806c19497da5a87baa2170a.png
17:02:41.644 [Darkroom Processing Line] DEBUG net.serenitybdd.core.photography.DarkroomProcessingLine - Processing screenshot image in /var/screenshots/screenshot-3965428557713757057
17:02:41.644 [Darkroom Processing Line] DEBUG net.serenitybdd.core.photography.DarkroomProcessingLine - Saving screenshot to target\site\serenity\3c1de7fae1a20203cfff9b0e181f24bcde9a2c54a806c19497da5a87baa2170a.png
17:02:41.662 [Forwarding findElement on session 1a9956b15bc033b76fb3bcbea7b9b502 to remote] DEBUG org.asynchttpclient.netty.request.NettyRequestSender - Using pooled Channel '[id: 0xae3b6f1d, L:/127.0.0.1:5489 - R:localhost/127.0.0.1:59344]' for 'POST' to 'http://localhost:59344/session/1a9956b15bc033b76fb3bcbea7b9b502/element'
17:02:41.662 [Forwarding findElement on session 1a9956b15bc033b76fb3bcbea7b9b502 to remote] DEBUG org.asynchttpclient.netty.request.NettyRequestSender - Using open Channel [id: 0xae3b6f1d, L:/127.0.0.1:5489 - R:localhost/127.0.0.1:59344] for POST '/session/1a9956b15bc033b76fb3bcbea7b9b502/element'
17:02:41.859 [AsyncHttpClient-1-8] DEBUG org.asynchttpclient.netty.handler.HttpHandler - 

Request DefaultHttpRequest(decodeResult: success, version: HTTP/1.1)
POST /session/1a9956b15bc033b76fb3bcbea7b9b502/element HTTP/1.1
User-Agent: selenium/4.1.2 (java windows)
Content-Length: 65
Content-Type: application/json; charset=utf-8
host: localhost:59344
accept: */*

Response DefaultHttpResponse(decodeResult: success, version: HTTP/1.1)
HTTP/1.1 200 OK
Content-Type: application/json; charset=utf-8
cache-control: no-cache
content-length: 88

17:02:41.859 [AsyncHttpClient-1-8] DEBUG org.asynchttpclient.netty.channel.ChannelManager - Adding key: http://localhost:59344 for channel [id: 0xae3b6f1d, L:/127.0.0.1:5489 - R:localhost/127.0.0.1:59344]
17:02:41.867 [Forwarding isElementDisplayed on session 1a9956b15bc033b76fb3bcbea7b9b502 to remote] DEBUG org.asynchttpclient.netty.request.NettyRequestSender - Using pooled Channel '[id: 0xae3b6f1d, L:/127.0.0.1:5489 - R:localhost/127.0.0.1:59344]' for 'POST' to 'http://localhost:59344/session/1a9956b15bc033b76fb3bcbea7b9b502/execute/sync'
17:02:41.867 [Forwarding isElementDisplayed on session 1a9956b15bc033b76fb3bcbea7b9b502 to remote] DEBUG org.asynchttpclient.netty.request.NettyRequestSender - Using open Channel [id: 0xae3b6f1d, L:/127.0.0.1:5489 - R:localhost/127.0.0.1:59344] for POST '/session/1a9956b15bc033b76fb3bcbea7b9b502/execute/sync'
17:02:41.912 [AsyncHttpClient-1-8] DEBUG org.asynchttpclient.netty.handler.HttpHandler - 

Request DefaultHttpRequest(decodeResult: success, version: HTTP/1.1)
POST /session/1a9956b15bc033b76fb3bcbea7b9b502/execute/sync HTTP/1.1
User-Agent: selenium/4.1.2 (java windows)
Content-Length: 48780
Content-Type: application/json; charset=utf-8
host: localhost:59344
accept: */*

Response DefaultHttpResponse(decodeResult: success, version: HTTP/1.1)
HTTP/1.1 200 OK
Content-Type: application/json; charset=utf-8
cache-control: no-cache
content-length: 14

17:02:41.913 [AsyncHttpClient-1-8] DEBUG org.asynchttpclient.netty.channel.ChannelManager - Adding key: http://localhost:59344 for channel [id: 0xae3b6f1d, L:/127.0.0.1:5489 - R:localhost/127.0.0.1:59344]
  &amp#27;[32mThen &amp#27;[0m&amp#27;[32mI will get error message&amp#27;[0m                            &amp#27;[90m# starter.stepdefinitions.LoginStep.iWillGetErrorMessage()&amp#27;[0m
17:02:41.924 [AsyncHttpClient-1-1] DEBUG org.asynchttpclient.netty.channel.DefaultChannelPool - Entry count for : http://localhost:59344 : 1
17:02:41.925 [AsyncHttpClient-1-1] DEBUG org.asynchttpclient.netty.channel.DefaultChannelPool - Entry count for : http://localhost:5491 : 1
17:02:41.926 [Forwarding screenshot on session 1a9956b15bc033b76fb3bcbea7b9b502 to remote] DEBUG org.asynchttpclient.netty.request.NettyRequestSender - Using pooled Channel '[id: 0xae3b6f1d, L:/127.0.0.1:5489 - R:localhost/127.0.0.1:59344]' for 'GET' to 'http://localhost:59344/session/1a9956b15bc033b76fb3bcbea7b9b502/screenshot'
17:02:41.926 [Forwarding screenshot on session 1a9956b15bc033b76fb3bcbea7b9b502 to remote] DEBUG org.asynchttpclient.netty.request.NettyRequestSender - Using open Channel [id: 0xae3b6f1d, L:/127.0.0.1:5489 - R:localhost/127.0.0.1:59344] for GET '/session/1a9956b15bc033b76fb3bcbea7b9b502/screenshot'
17:02:42.093 [AsyncHttpClient-1-8] DEBUG org.asynchttpclient.netty.handler.HttpHandler - 

Request DefaultFullHttpRequest(decodeResult: success, version: HTTP/1.1, content: EmptyByteBufBE)
GET /session/1a9956b15bc033b76fb3bcbea7b9b502/screenshot HTTP/1.1
User-Agent: selenium/4.1.2 (java windows)
Cache-Control: no-cache
Content-Type: application/json; charset=utf-8
host: localhost:59344
accept: */*

Response DefaultHttpResponse(decodeResult: success, version: HTTP/1.1)
HTTP/1.1 200 OK
Content-Type: application/json; charset=utf-8
cache-control: no-cache
content-length: 204680

17:02:42.094 [AsyncHttpClient-1-8] DEBUG org.asynchttpclient.netty.channel.ChannelManager - Adding key: http://localhost:59344 for channel [id: 0xae3b6f1d, L:/127.0.0.1:5489 - R:localhost/127.0.0.1:59344]
17:02:42.105 [main] DEBUG net.serenitybdd.core.photography.Darkroom - Send negative for processing for target\site\serenity\4a83dea0169e18d641e3e4ae146c06b31bae7544727f81e8a5729f35534f770d.png
17:02:42.105 [Darkroom Processing Line] DEBUG net.serenitybdd.core.photography.DarkroomProcessingLine - Processing screenshot image in /var/screenshots/screenshot-3797007093534790202
17:02:42.105 [Darkroom Processing Line] DEBUG net.serenitybdd.core.photography.DarkroomProcessingLine - Saving screenshot to target\site\serenity\4a83dea0169e18d641e3e4ae146c06b31bae7544727f81e8a5729f35534f770d.png
17:02:42.107 [main] INFO  - 
  _____   ___   ___   _____     ___     _     ___   ___   ___   ___  
 |_   _| | __| / __| |_   _|   | _ \   /_\   / __| / __| | __| |   \ 
   | |   | _|  \__ \   | |     |  _/  / _ \  \__ \ \__ \ | _|  | |) |
   |_|   |___| |___/   |_|     |_|   /_/ \_\ |___/ |___/ |___| |___/ 

Login with invalid username and invalid password
----------------------------------------------------------------------
17:02:42.109 [AsyncHttpClient-1-2] DEBUG org.asynchttpclient.netty.handler.WebSocketHandler - Channel Closed: [id: 0xafac5ac2, L:/127.0.0.1:5501 ! R:localhost/127.0.0.1:5491] with attribute NettyResponseFuture{currentRetry=5,
	isDone=1,
	isCancelled=0,
	asyncHandler=org.asynchttpclient.ws.WebSocketUpgradeHandler@6c7966b7,
	nettyRequest=org.asynchttpclient.netty.request.NettyRequest@514acc8c,
	future=java.util.concurrent.CompletableFuture@475707e5[Completed normally],
	uri=ws://localhost:5491/devtools/browser/94268712-17e4-4635-b8cd-414593278d13,
	keepAlive=true,
	redirectCount=0,
	timeoutsHolder=null,
	inAuth=0,
	touch=1664964103944}
17:02:42.109 [AsyncHttpClient-1-2] DEBUG org.asynchttpclient.netty.channel.ChannelManager - Closing Channel [id: 0xafac5ac2, L:/127.0.0.1:5501 ! R:localhost/127.0.0.1:5491] 
17:02:42.110 [Driver Command Executor] DEBUG org.asynchttpclient.netty.request.NettyRequestSender - Using pooled Channel '[id: 0xae3b6f1d, L:/127.0.0.1:5489 - R:localhost/127.0.0.1:59344]' for 'DELETE' to 'http://localhost:59344/session/1a9956b15bc033b76fb3bcbea7b9b502'
17:02:42.110 [Driver Command Executor] DEBUG org.asynchttpclient.netty.request.NettyRequestSender - Using open Channel [id: 0xae3b6f1d, L:/127.0.0.1:5489 - R:localhost/127.0.0.1:59344] for DELETE '/session/1a9956b15bc033b76fb3bcbea7b9b502'
17:02:42.231 [AsyncHttpClient-1-9] DEBUG org.asynchttpclient.netty.handler.HttpHandler - Unexpected I/O exception on channel [id: 0xcf3a05da, L:/127.0.0.1:5500 - R:localhost/127.0.0.1:5491]
java.io.IOException: An existing connection was forcibly closed by the remote host
	at java.base/sun.nio.ch.SocketDispatcher.read0(Native Method)
	at java.base/sun.nio.ch.SocketDispatcher.read(SocketDispatcher.java:43)
	at java.base/sun.nio.ch.IOUtil.readIntoNativeBuffer(IOUtil.java:276)
	at java.base/sun.nio.ch.IOUtil.read(IOUtil.java:233)
	at java.base/sun.nio.ch.IOUtil.read(IOUtil.java:223)
	at java.base/sun.nio.ch.SocketChannelImpl.read(SocketChannelImpl.java:358)
	at io.netty.buffer.PooledByteBuf.setBytes(PooledByteBuf.java:258)
	at io.netty.buffer.AbstractByteBuf.writeBytes(AbstractByteBuf.java:1132)
	at io.netty.channel.socket.nio.NioSocketChannel.doReadBytes(NioSocketChannel.java:350)
	at io.netty.channel.nio.AbstractNioByteChannel$NioByteUnsafe.read(AbstractNioByteChannel.java:151)
	at io.netty.channel.nio.NioEventLoop.processSelectedKey(NioEventLoop.java:722)
	at io.netty.channel.nio.NioEventLoop.processSelectedKeysOptimized(NioEventLoop.java:658)
	at io.netty.channel.nio.NioEventLoop.processSelectedKeys(NioEventLoop.java:584)
	at io.netty.channel.nio.NioEventLoop.run(NioEventLoop.java:496)
	at io.netty.util.concurrent.SingleThreadEventExecutor$4.run(SingleThreadEventExecutor.java:986)
	at io.netty.util.internal.ThreadExecutorMap$2.run(ThreadExecutorMap.java:74)
	at io.netty.util.concurrent.FastThreadLocalRunnable.run(FastThreadLocalRunnable.java:30)
	at java.base/java.lang.Thread.run(Thread.java:834)
17:02:42.231 [AsyncHttpClient-1-9] DEBUG org.asynchttpclient.netty.channel.ChannelManager - Closing Channel [id: 0xcf3a05da, L:/127.0.0.1:5500 - R:localhost/127.0.0.1:5491] 
17:02:42.232 [AsyncHttpClient-1-9] DEBUG org.asynchttpclient.netty.handler.HttpHandler - Channel Closed: [id: 0xcf3a05da, L:/127.0.0.1:5500 ! R:localhost/127.0.0.1:5491] with attribute DISCARD
17:02:42.276 [AsyncHttpClient-1-8] DEBUG org.asynchttpclient.netty.handler.HttpHandler - 

Request DefaultFullHttpRequest(decodeResult: success, version: HTTP/1.1, content: EmptyByteBufBE)
DELETE /session/1a9956b15bc033b76fb3bcbea7b9b502 HTTP/1.1
User-Agent: selenium/4.1.2 (java windows)
Content-Type: application/json; charset=utf-8
host: localhost:59344
accept: */*

Response DefaultHttpResponse(decodeResult: success, version: HTTP/1.1)
HTTP/1.1 200 OK
Content-Type: application/json; charset=utf-8
cache-control: no-cache
content-length: 14

17:02:42.277 [AsyncHttpClient-1-8] DEBUG org.asynchttpclient.netty.channel.ChannelManager - Adding key: http://localhost:59344 for channel [id: 0xae3b6f1d, L:/127.0.0.1:5489 - R:localhost/127.0.0.1:59344]
17:02:42.405 [AsyncHttpClient-1-8] DEBUG org.asynchttpclient.netty.handler.HttpHandler - Channel Closed: [id: 0xae3b6f1d, L:/127.0.0.1:5489 ! R:localhost/127.0.0.1:59344] with attribute DISCARD
]]></system-out>
    <system-err><![CDATA[Starting Microsoft Edge WebDriver 105.0.1343.53 (3a47f00402d579c8ba1fad7e143f9d73831b6765) on port 59344
To submit feedback, report a bug, or suggest new features, please visit https://github.com/MicrosoftEdge/EdgeWebDriver

Only local connections are allowed.
Please see https://aka.ms/WebDriverSecurity for suggestions on keeping Microsoft Edge WebDriver safe.

Microsoft Edge WebDriver was started successfully.
Oct 05, 2022 5:01:43 PM org.openqa.selenium.remote.ProtocolHandshake createSession
INFO: Detected dialect: W3C
Oct 05, 2022 5:01:43 PM org.openqa.selenium.devtools.CdpVersionFinder findNearestMatch
WARNING: Unable to find an exact match for CDP version 105, so returning the closest version found: a no-op implementation
Oct 05, 2022 5:01:43 PM org.openqa.selenium.devtools.CdpVersionFinder findNearestMatch
INFO: Unable to find CDP implementation matching 105.
Oct 05, 2022 5:01:43 PM org.openqa.selenium.chromium.ChromiumDriver lambda$new$3
WARNING: Unable to find version of CDP to use for . You may need to include a dependency on a specific version of the CDP using something similar to `org.seleniumhq.selenium:selenium-devtools-v86:4.1.2` where the version ("v86") matches the version of the chromium-based browser you're using and the version number of the artifact is the same as Selenium's.
]]></system-err>
  </testcase>
  <testcase name="Login with invalid username and valid password" classname="Login" time="40.445">
    <system-out><![CDATA[
Scenario: Login with invalid username and valid password &amp#27;[90m# src/test/resources/features/Login.feature:27&amp#27;[0m
17:02:42.500 [main] INFO io.cucumber.core.plugin.SerenityReporter - Running feature from file:///D:/File%20Baru/Kuliah/Quality%20Engineer/qe_Bayu-Septyan-Nur-Hidayat/21_Review_Web_UI_Testing_with_Serenity/Praktikum/untitled/src/test/resources/features/Login.feature
17:02:42.504 [main] INFO  - 
  _____   ___   ___   _____     ___   _____     _     ___   _____   ___   ___  
 |_   _| | __| / __| |_   _|   / __| |_   _|   /_\   | _ \ |_   _| | __| |   \ 
   | |   | _|  \__ \   | |     \__ \   | |    / _ \  |   /   | |   | _|  | |) |
   |_|   |___| |___/   |_|     |___/   |_|   /_/ \_\ |_|_\   |_|   |___| |___/ 

Login with invalid username and valid password(login;login-with-invalid-username-and-valid-password)
--------------------------------------------------------------------------------
17:02:42.724 [main] DEBUG io.github.bonigarcia.wdm.cache.ResolutionCache - Resolution edge=105 in cache (valid until 17:51:16 05/10/2022 ICT)
17:02:42.731 [main] DEBUG io.github.bonigarcia.wdm.cache.ResolutionCache - Resolution edge105=105.0.1343.53 in cache (valid until 15:48:55 06/10/2022 ICT)
17:02:42.735 [main] INFO io.github.bonigarcia.wdm.WebDriverManager - Using msedgedriver 105.0.1343.53 (resolved driver for Edge 105)
17:02:42.759 [main] DEBUG io.github.bonigarcia.wdm.WebDriverManager - Driver msedgedriver 105.0.1343.53 found in cache
17:02:42.760 [main] INFO io.github.bonigarcia.wdm.WebDriverManager - Exporting webdriver.edge.driver as C:\Users\Bayu\.cache\selenium\msedgedriver\win64\105.0.1343.53\msedgedriver.exe
17:02:42.764 [main] DEBUG net.serenitybdd.core.webdriver.driverproviders.ProvideNewDriver - Instantiating driver
17:02:42.764 [main] DEBUG net.serenitybdd.core.webdriver.driverproviders.ProvideNewDriver - Driver capabilities: Capabilities {base.url: https://demoqa.com, driver: edge, edge.driver: src/test/resources/webdrive..., ms:edgeChromium: true, ms:edgeOptions: {}}
17:02:43.017 [AsyncHttpClient-1-1] DEBUG org.asynchttpclient.netty.channel.DefaultChannelPool - Entry count for : http://localhost:59344 : 1
17:02:43.017 [AsyncHttpClient-1-1] DEBUG org.asynchttpclient.netty.channel.DefaultChannelPool - Entry count for : http://localhost:5491 : 1
17:02:43.017 [AsyncHttpClient-1-1] DEBUG org.asynchttpclient.netty.channel.DefaultChannelPool - Adding Candidate expired Channel [id: 0xae3b6f1d, L:/127.0.0.1:5489 ! R:localhost/127.0.0.1:59344] isIdleTimeoutExpired=false isRemotelyClosed=true isTtlExpired=false
17:02:43.017 [AsyncHttpClient-1-1] DEBUG org.asynchttpclient.netty.channel.DefaultChannelPool - Closing Idle Channel [id: 0xae3b6f1d, L:/127.0.0.1:5489 ! R:localhost/127.0.0.1:59344]
17:02:43.017 [AsyncHttpClient-1-1] DEBUG org.asynchttpclient.netty.channel.DefaultChannelPool - Adding Candidate expired Channel [id: 0xcf3a05da, L:/127.0.0.1:5500 ! R:localhost/127.0.0.1:5491] isIdleTimeoutExpired=false isRemotelyClosed=true isTtlExpired=false
17:02:43.017 [AsyncHttpClient-1-1] DEBUG org.asynchttpclient.netty.channel.DefaultChannelPool - Closing Idle Channel [id: 0xcf3a05da, L:/127.0.0.1:5500 ! R:localhost/127.0.0.1:5491]
17:02:43.017 [AsyncHttpClient-1-1] DEBUG org.asynchttpclient.netty.channel.DefaultChannelPool - Closed 2 connections out of 2 in 0 ms
17:02:43.285 [AsyncHttpClient-1-3] DEBUG org.asynchttpclient.netty.channel.NettyConnectListener - Using new Channel '[id: 0xee942aa9, L:/127.0.0.1:5666 - R:localhost/127.0.0.1:56184]' for 'POST' to '/session'
17:02:45.206 [AsyncHttpClient-1-3] DEBUG org.asynchttpclient.netty.handler.HttpHandler - 

Request DefaultHttpRequest(decodeResult: success, version: HTTP/1.1)
POST /session HTTP/1.1
User-Agent: selenium/4.1.2 (java windows)
Content-Length: 591
Content-Type: application/json; charset=utf-8
host: localhost:56184
accept: */*

Response DefaultHttpResponse(decodeResult: success, version: HTTP/1.1)
HTTP/1.1 200 OK
Content-Type: application/json; charset=utf-8
cache-control: no-cache
content-length: 754

17:02:45.206 [AsyncHttpClient-1-3] DEBUG org.asynchttpclient.netty.channel.ChannelManager - Adding key: http://localhost:56184 for channel [id: 0xee942aa9, L:/127.0.0.1:5666 - R:localhost/127.0.0.1:56184]
17:02:45.221 [AsyncHttpClient-1-1] DEBUG org.asynchttpclient.netty.channel.DefaultChannelPool - Entry count for : http://localhost:56184 : 1
17:02:45.229 [AsyncHttpClient-1-4] DEBUG org.asynchttpclient.netty.channel.NettyConnectListener - Using new Channel '[id: 0xc6e59e93, L:/127.0.0.1:5676 - R:localhost/127.0.0.1:5669]' for 'GET' to '/json/version'
17:02:45.231 [AsyncHttpClient-1-4] DEBUG org.asynchttpclient.netty.handler.HttpHandler - 

Request DefaultFullHttpRequest(decodeResult: success, version: HTTP/1.1, content: EmptyByteBufBE)
GET /json/version HTTP/1.1
User-Agent: selenium/4.1.2 (java windows)
host: localhost:5669
accept: */*

Response DefaultHttpResponse(decodeResult: success, version: HTTP/1.1)
HTTP/1.1 200 OK
Content-Type: application/json; charset=UTF-8
content-length: 435

17:02:45.231 [AsyncHttpClient-1-4] DEBUG org.asynchttpclient.netty.channel.ChannelManager - Adding key: http://localhost:5669 for channel [id: 0xc6e59e93, L:/127.0.0.1:5676 - R:localhost/127.0.0.1:5669]
17:02:45.241 [AsyncHttpClient-1-5] DEBUG org.asynchttpclient.netty.channel.NettyConnectListener - Using new Channel '[id: 0x7758e4cb, L:/127.0.0.1:5678 - R:localhost/127.0.0.1:5669]' for 'GET' to '/devtools/browser/efa8aef4-d347-4fc1-a1be-cf9124856b5c'
17:02:45.247 [AsyncHttpClient-1-5] DEBUG org.asynchttpclient.netty.handler.WebSocketHandler - 

Request DefaultFullHttpRequest(decodeResult: success, version: HTTP/1.1, content: EmptyByteBufBE)
GET /devtools/browser/efa8aef4-d347-4fc1-a1be-cf9124856b5c HTTP/1.1
upgrade: websocket
connection: upgrade
sec-websocket-key: 2i0H+vfgBuNAe+N8U7BtIA==
sec-websocket-version: 13
origin: http://localhost:5669
host: localhost:5669
accept: */*
user-agent: AHC/2.1

Response DefaultHttpResponse(decodeResult: success, version: HTTP/1.1)
HTTP/1.1 101 WebSocket Protocol Handshake
Upgrade: WebSocket
Connection: Upgrade
Sec-WebSocket-Accept: zPfnxOkB2JVqsiBgdvNq2PuvMSY=

17:02:45.257 [Forwarding get on session ed7e054953b6d31d535200d42c8ef93f to remote] DEBUG org.asynchttpclient.netty.request.NettyRequestSender - Using pooled Channel '[id: 0xee942aa9, L:/127.0.0.1:5666 - R:localhost/127.0.0.1:56184]' for 'POST' to 'http://localhost:56184/session/ed7e054953b6d31d535200d42c8ef93f/url'
17:02:45.257 [Forwarding get on session ed7e054953b6d31d535200d42c8ef93f to remote] DEBUG org.asynchttpclient.netty.request.NettyRequestSender - Using open Channel [id: 0xee942aa9, L:/127.0.0.1:5666 - R:localhost/127.0.0.1:56184] for POST '/session/ed7e054953b6d31d535200d42c8ef93f/url'
17:02:46.315 [AsyncHttpClient-1-1] DEBUG org.asynchttpclient.netty.channel.DefaultChannelPool - Entry count for : http://localhost:5669 : 1
17:02:47.420 [AsyncHttpClient-1-1] DEBUG org.asynchttpclient.netty.channel.DefaultChannelPool - Entry count for : http://localhost:5669 : 1
17:02:48.514 [AsyncHttpClient-1-1] DEBUG org.asynchttpclient.netty.channel.DefaultChannelPool - Entry count for : http://localhost:5669 : 1
17:02:49.617 [AsyncHttpClient-1-1] DEBUG org.asynchttpclient.netty.channel.DefaultChannelPool - Entry count for : http://localhost:5669 : 1
17:02:50.714 [AsyncHttpClient-1-1] DEBUG org.asynchttpclient.netty.channel.DefaultChannelPool - Entry count for : http://localhost:5669 : 1
17:02:51.813 [AsyncHttpClient-1-1] DEBUG org.asynchttpclient.netty.channel.DefaultChannelPool - Entry count for : http://localhost:5669 : 1
17:02:52.914 [AsyncHttpClient-1-1] DEBUG org.asynchttpclient.netty.channel.DefaultChannelPool - Entry count for : http://localhost:5669 : 1
17:02:54.014 [AsyncHttpClient-1-1] DEBUG org.asynchttpclient.netty.channel.DefaultChannelPool - Entry count for : http://localhost:5669 : 1
17:02:55.123 [AsyncHttpClient-1-1] DEBUG org.asynchttpclient.netty.channel.DefaultChannelPool - Entry count for : http://localhost:5669 : 1
17:02:56.215 [AsyncHttpClient-1-1] DEBUG org.asynchttpclient.netty.channel.DefaultChannelPool - Entry count for : http://localhost:5669 : 1
17:02:57.314 [AsyncHttpClient-1-1] DEBUG org.asynchttpclient.netty.channel.DefaultChannelPool - Entry count for : http://localhost:5669 : 1
17:02:58.420 [AsyncHttpClient-1-1] DEBUG org.asynchttpclient.netty.channel.DefaultChannelPool - Entry count for : http://localhost:5669 : 1
17:02:59.515 [AsyncHttpClient-1-1] DEBUG org.asynchttpclient.netty.channel.DefaultChannelPool - Entry count for : http://localhost:5669 : 1
17:03:00.613 [AsyncHttpClient-1-1] DEBUG org.asynchttpclient.netty.channel.DefaultChannelPool - Entry count for : http://localhost:5669 : 1
17:03:01.714 [AsyncHttpClient-1-1] DEBUG org.asynchttpclient.netty.channel.DefaultChannelPool - Entry count for : http://localhost:5669 : 1
17:03:02.821 [AsyncHttpClient-1-1] DEBUG org.asynchttpclient.netty.channel.DefaultChannelPool - Entry count for : http://localhost:5669 : 1
17:03:03.916 [AsyncHttpClient-1-1] DEBUG org.asynchttpclient.netty.channel.DefaultChannelPool - Entry count for : http://localhost:5669 : 1
17:03:05.042 [AsyncHttpClient-1-1] DEBUG org.asynchttpclient.netty.channel.DefaultChannelPool - Entry count for : http://localhost:5669 : 1
17:03:06.114 [AsyncHttpClient-1-1] DEBUG org.asynchttpclient.netty.channel.DefaultChannelPool - Entry count for : http://localhost:5669 : 1
17:03:07.217 [AsyncHttpClient-1-1] DEBUG org.asynchttpclient.netty.channel.DefaultChannelPool - Entry count for : http://localhost:5669 : 1
17:03:08.314 [AsyncHttpClient-1-1] DEBUG org.asynchttpclient.netty.channel.DefaultChannelPool - Entry count for : http://localhost:5669 : 1
17:03:09.414 [AsyncHttpClient-1-1] DEBUG org.asynchttpclient.netty.channel.DefaultChannelPool - Entry count for : http://localhost:5669 : 1
17:03:10.514 [AsyncHttpClient-1-1] DEBUG org.asynchttpclient.netty.channel.DefaultChannelPool - Entry count for : http://localhost:5669 : 1
17:03:11.616 [AsyncHttpClient-1-1] DEBUG org.asynchttpclient.netty.channel.DefaultChannelPool - Entry count for : http://localhost:5669 : 1
17:03:12.716 [AsyncHttpClient-1-1] DEBUG org.asynchttpclient.netty.channel.DefaultChannelPool - Entry count for : http://localhost:5669 : 1
17:03:13.821 [AsyncHttpClient-1-1] DEBUG org.asynchttpclient.netty.channel.DefaultChannelPool - Entry count for : http://localhost:5669 : 1
17:03:14.914 [AsyncHttpClient-1-1] DEBUG org.asynchttpclient.netty.channel.DefaultChannelPool - Entry count for : http://localhost:5669 : 1
17:03:16.019 [AsyncHttpClient-1-1] DEBUG org.asynchttpclient.netty.channel.DefaultChannelPool - Entry count for : http://localhost:5669 : 1
17:03:17.114 [AsyncHttpClient-1-1] DEBUG org.asynchttpclient.netty.channel.DefaultChannelPool - Entry count for : http://localhost:5669 : 1
17:03:17.230 [AsyncHttpClient-1-3] DEBUG org.asynchttpclient.netty.handler.HttpHandler - 

Request DefaultHttpRequest(decodeResult: success, version: HTTP/1.1)
POST /session/ed7e054953b6d31d535200d42c8ef93f/url HTTP/1.1
User-Agent: selenium/4.1.2 (java windows)
Content-Length: 54
Content-Type: application/json; charset=utf-8
host: localhost:56184
accept: */*

Response DefaultHttpResponse(decodeResult: success, version: HTTP/1.1)
HTTP/1.1 200 OK
Content-Type: application/json; charset=utf-8
cache-control: no-cache
content-length: 14

17:03:17.235 [AsyncHttpClient-1-3] DEBUG org.asynchttpclient.netty.channel.ChannelManager - Adding key: http://localhost:56184 for channel [id: 0xee942aa9, L:/127.0.0.1:5666 - R:localhost/127.0.0.1:56184]
17:03:17.287 [Forwarding setTimeout on session ed7e054953b6d31d535200d42c8ef93f to remote] DEBUG org.asynchttpclient.netty.request.NettyRequestSender - Using pooled Channel '[id: 0xee942aa9, L:/127.0.0.1:5666 - R:localhost/127.0.0.1:56184]' for 'POST' to 'http://localhost:56184/session/ed7e054953b6d31d535200d42c8ef93f/timeouts'
17:03:17.287 [Forwarding setTimeout on session ed7e054953b6d31d535200d42c8ef93f to remote] DEBUG org.asynchttpclient.netty.request.NettyRequestSender - Using open Channel [id: 0xee942aa9, L:/127.0.0.1:5666 - R:localhost/127.0.0.1:56184] for POST '/session/ed7e054953b6d31d535200d42c8ef93f/timeouts'
17:03:17.302 [AsyncHttpClient-1-3] DEBUG org.asynchttpclient.netty.handler.HttpHandler - 

Request DefaultHttpRequest(decodeResult: success, version: HTTP/1.1)
POST /session/ed7e054953b6d31d535200d42c8ef93f/timeouts HTTP/1.1
User-Agent: selenium/4.1.2 (java windows)
Content-Length: 22
Content-Type: application/json; charset=utf-8
host: localhost:56184
accept: */*

Response DefaultHttpResponse(decodeResult: success, version: HTTP/1.1)
HTTP/1.1 200 OK
Content-Type: application/json; charset=utf-8
cache-control: no-cache
content-length: 14

17:03:17.303 [AsyncHttpClient-1-3] DEBUG org.asynchttpclient.netty.channel.ChannelManager - Adding key: http://localhost:56184 for channel [id: 0xee942aa9, L:/127.0.0.1:5666 - R:localhost/127.0.0.1:56184]
17:03:17.342 [Forwarding getCurrentUrl on session ed7e054953b6d31d535200d42c8ef93f to remote] DEBUG org.asynchttpclient.netty.request.NettyRequestSender - Using pooled Channel '[id: 0xee942aa9, L:/127.0.0.1:5666 - R:localhost/127.0.0.1:56184]' for 'GET' to 'http://localhost:56184/session/ed7e054953b6d31d535200d42c8ef93f/url'
17:03:17.342 [Forwarding getCurrentUrl on session ed7e054953b6d31d535200d42c8ef93f to remote] DEBUG org.asynchttpclient.netty.request.NettyRequestSender - Using open Channel [id: 0xee942aa9, L:/127.0.0.1:5666 - R:localhost/127.0.0.1:56184] for GET '/session/ed7e054953b6d31d535200d42c8ef93f/url'
17:03:17.351 [AsyncHttpClient-1-3] DEBUG org.asynchttpclient.netty.handler.HttpHandler - 

Request DefaultFullHttpRequest(decodeResult: success, version: HTTP/1.1, content: EmptyByteBufBE)
GET /session/ed7e054953b6d31d535200d42c8ef93f/url HTTP/1.1
User-Agent: selenium/4.1.2 (java windows)
Cache-Control: no-cache
Content-Type: application/json; charset=utf-8
host: localhost:56184
accept: */*

Response DefaultHttpResponse(decodeResult: success, version: HTTP/1.1)
HTTP/1.1 200 OK
Content-Type: application/json; charset=utf-8
cache-control: no-cache
content-length: 36

17:03:17.352 [AsyncHttpClient-1-3] DEBUG org.asynchttpclient.netty.channel.ChannelManager - Adding key: http://localhost:56184 for channel [id: 0xee942aa9, L:/127.0.0.1:5666 - R:localhost/127.0.0.1:56184]
17:03:17.454 [Forwarding findElement on session ed7e054953b6d31d535200d42c8ef93f to remote] DEBUG org.asynchttpclient.netty.request.NettyRequestSender - Using pooled Channel '[id: 0xee942aa9, L:/127.0.0.1:5666 - R:localhost/127.0.0.1:56184]' for 'POST' to 'http://localhost:56184/session/ed7e054953b6d31d535200d42c8ef93f/element'
17:03:17.454 [Forwarding findElement on session ed7e054953b6d31d535200d42c8ef93f to remote] DEBUG org.asynchttpclient.netty.request.NettyRequestSender - Using open Channel [id: 0xee942aa9, L:/127.0.0.1:5666 - R:localhost/127.0.0.1:56184] for POST '/session/ed7e054953b6d31d535200d42c8ef93f/element'
17:03:17.483 [AsyncHttpClient-1-3] DEBUG org.asynchttpclient.netty.handler.HttpHandler - 

Request DefaultHttpRequest(decodeResult: success, version: HTTP/1.1)
POST /session/ed7e054953b6d31d535200d42c8ef93f/element HTTP/1.1
User-Agent: selenium/4.1.2 (java windows)
Content-Length: 53
Content-Type: application/json; charset=utf-8
host: localhost:56184
accept: */*

Response DefaultHttpResponse(decodeResult: success, version: HTTP/1.1)
HTTP/1.1 200 OK
Content-Type: application/json; charset=utf-8
cache-control: no-cache
content-length: 88

17:03:17.484 [AsyncHttpClient-1-3] DEBUG org.asynchttpclient.netty.channel.ChannelManager - Adding key: http://localhost:56184 for channel [id: 0xee942aa9, L:/127.0.0.1:5666 - R:localhost/127.0.0.1:56184]
17:03:17.489 [Forwarding sendKeysToElement on session ed7e054953b6d31d535200d42c8ef93f to remote] DEBUG org.asynchttpclient.netty.request.NettyRequestSender - Using pooled Channel '[id: 0xee942aa9, L:/127.0.0.1:5666 - R:localhost/127.0.0.1:56184]' for 'POST' to 'http://localhost:56184/session/ed7e054953b6d31d535200d42c8ef93f/element/c9337c2a-d2a7-4649-9409-185575ab5664/value'
17:03:17.489 [Forwarding sendKeysToElement on session ed7e054953b6d31d535200d42c8ef93f to remote] DEBUG org.asynchttpclient.netty.request.NettyRequestSender - Using open Channel [id: 0xee942aa9, L:/127.0.0.1:5666 - R:localhost/127.0.0.1:56184] for POST '/session/ed7e054953b6d31d535200d42c8ef93f/element/c9337c2a-d2a7-4649-9409-185575ab5664/value'
17:03:17.559 [AsyncHttpClient-1-3] DEBUG org.asynchttpclient.netty.handler.HttpHandler - 

Request DefaultHttpRequest(decodeResult: success, version: HTTP/1.1)
POST /session/ed7e054953b6d31d535200d42c8ef93f/element/c9337c2a-d2a7-4649-9409-185575ab5664/value HTTP/1.1
User-Agent: selenium/4.1.2 (java windows)
Content-Length: 95
Content-Type: application/json; charset=utf-8
host: localhost:56184
accept: */*

Response DefaultHttpResponse(decodeResult: success, version: HTTP/1.1)
HTTP/1.1 200 OK
Content-Type: application/json; charset=utf-8
cache-control: no-cache
content-length: 14

17:03:17.559 [AsyncHttpClient-1-3] DEBUG org.asynchttpclient.netty.channel.ChannelManager - Adding key: http://localhost:56184 for channel [id: 0xee942aa9, L:/127.0.0.1:5666 - R:localhost/127.0.0.1:56184]
  &amp#27;[32mGiven &amp#27;[0m&amp#27;[32mI click login button on book store&amp#27;[0m               &amp#27;[90m# starter.stepdefinitions.LoginStep.iClickLoginButtonOnBookStore()&amp#27;[0m
17:03:17.592 [Forwarding screenshot on session ed7e054953b6d31d535200d42c8ef93f to remote] DEBUG org.asynchttpclient.netty.request.NettyRequestSender - Using pooled Channel '[id: 0xee942aa9, L:/127.0.0.1:5666 - R:localhost/127.0.0.1:56184]' for 'GET' to 'http://localhost:56184/session/ed7e054953b6d31d535200d42c8ef93f/screenshot'
17:03:17.592 [Forwarding screenshot on session ed7e054953b6d31d535200d42c8ef93f to remote] DEBUG org.asynchttpclient.netty.request.NettyRequestSender - Using open Channel [id: 0xee942aa9, L:/127.0.0.1:5666 - R:localhost/127.0.0.1:56184] for GET '/session/ed7e054953b6d31d535200d42c8ef93f/screenshot'
17:03:17.816 [AsyncHttpClient-1-3] DEBUG org.asynchttpclient.netty.handler.HttpHandler - 

Request DefaultFullHttpRequest(decodeResult: success, version: HTTP/1.1, content: EmptyByteBufBE)
GET /session/ed7e054953b6d31d535200d42c8ef93f/screenshot HTTP/1.1
User-Agent: selenium/4.1.2 (java windows)
Cache-Control: no-cache
Content-Type: application/json; charset=utf-8
host: localhost:56184
accept: */*

Response DefaultHttpResponse(decodeResult: success, version: HTTP/1.1)
HTTP/1.1 200 OK
Content-Type: application/json; charset=utf-8
cache-control: no-cache
content-length: 260092

17:03:17.826 [AsyncHttpClient-1-3] DEBUG org.asynchttpclient.netty.channel.ChannelManager - Adding key: http://localhost:56184 for channel [id: 0xee942aa9, L:/127.0.0.1:5666 - R:localhost/127.0.0.1:56184]
17:03:17.846 [main] DEBUG net.serenitybdd.core.photography.Darkroom - Send negative for processing for target\site\serenity\c00e37ead52fe4a3399b0c1d7242da26d05f4efd3f6047802e6c610cef386797.png
17:03:17.849 [Darkroom Processing Line] DEBUG net.serenitybdd.core.photography.DarkroomProcessingLine - Processing screenshot image in /var/screenshots/screenshot-8545866786370095889
17:03:17.849 [Darkroom Processing Line] DEBUG net.serenitybdd.core.photography.DarkroomProcessingLine - Saving screenshot to target\site\serenity\c00e37ead52fe4a3399b0c1d7242da26d05f4efd3f6047802e6c610cef386797.png
17:03:17.893 [Forwarding findElement on session ed7e054953b6d31d535200d42c8ef93f to remote] DEBUG org.asynchttpclient.netty.request.NettyRequestSender - Using pooled Channel '[id: 0xee942aa9, L:/127.0.0.1:5666 - R:localhost/127.0.0.1:56184]' for 'POST' to 'http://localhost:56184/session/ed7e054953b6d31d535200d42c8ef93f/element'
17:03:17.893 [Forwarding findElement on session ed7e054953b6d31d535200d42c8ef93f to remote] DEBUG org.asynchttpclient.netty.request.NettyRequestSender - Using open Channel [id: 0xee942aa9, L:/127.0.0.1:5666 - R:localhost/127.0.0.1:56184] for POST '/session/ed7e054953b6d31d535200d42c8ef93f/element'
17:03:17.913 [AsyncHttpClient-1-3] DEBUG org.asynchttpclient.netty.handler.HttpHandler - 

Request DefaultHttpRequest(decodeResult: success, version: HTTP/1.1)
POST /session/ed7e054953b6d31d535200d42c8ef93f/element HTTP/1.1
User-Agent: selenium/4.1.2 (java windows)
Content-Length: 53
Content-Type: application/json; charset=utf-8
host: localhost:56184
accept: */*

Response DefaultHttpResponse(decodeResult: success, version: HTTP/1.1)
HTTP/1.1 200 OK
Content-Type: application/json; charset=utf-8
cache-control: no-cache
content-length: 88

17:03:17.913 [AsyncHttpClient-1-3] DEBUG org.asynchttpclient.netty.channel.ChannelManager - Adding key: http://localhost:56184 for channel [id: 0xee942aa9, L:/127.0.0.1:5666 - R:localhost/127.0.0.1:56184]
17:03:17.916 [Forwarding clearElement on session ed7e054953b6d31d535200d42c8ef93f to remote] DEBUG org.asynchttpclient.netty.request.NettyRequestSender - Using pooled Channel '[id: 0xee942aa9, L:/127.0.0.1:5666 - R:localhost/127.0.0.1:56184]' for 'POST' to 'http://localhost:56184/session/ed7e054953b6d31d535200d42c8ef93f/element/31fbf325-6a71-473c-bb91-6f6817cb5e08/clear'
17:03:17.916 [Forwarding clearElement on session ed7e054953b6d31d535200d42c8ef93f to remote] DEBUG org.asynchttpclient.netty.request.NettyRequestSender - Using open Channel [id: 0xee942aa9, L:/127.0.0.1:5666 - R:localhost/127.0.0.1:56184] for POST '/session/ed7e054953b6d31d535200d42c8ef93f/element/31fbf325-6a71-473c-bb91-6f6817cb5e08/clear'
17:03:18.062 [AsyncHttpClient-1-3] DEBUG org.asynchttpclient.netty.handler.HttpHandler - 

Request DefaultHttpRequest(decodeResult: success, version: HTTP/1.1)
POST /session/ed7e054953b6d31d535200d42c8ef93f/element/31fbf325-6a71-473c-bb91-6f6817cb5e08/clear HTTP/1.1
User-Agent: selenium/4.1.2 (java windows)
Content-Length: 50
Content-Type: application/json; charset=utf-8
host: localhost:56184
accept: */*

Response DefaultHttpResponse(decodeResult: success, version: HTTP/1.1)
HTTP/1.1 200 OK
Content-Type: application/json; charset=utf-8
cache-control: no-cache
content-length: 14

17:03:18.062 [AsyncHttpClient-1-3] DEBUG org.asynchttpclient.netty.channel.ChannelManager - Adding key: http://localhost:56184 for channel [id: 0xee942aa9, L:/127.0.0.1:5666 - R:localhost/127.0.0.1:56184]
17:03:18.065 [Forwarding sendKeysToElement on session ed7e054953b6d31d535200d42c8ef93f to remote] DEBUG org.asynchttpclient.netty.request.NettyRequestSender - Using pooled Channel '[id: 0xee942aa9, L:/127.0.0.1:5666 - R:localhost/127.0.0.1:56184]' for 'POST' to 'http://localhost:56184/session/ed7e054953b6d31d535200d42c8ef93f/element/31fbf325-6a71-473c-bb91-6f6817cb5e08/value'
17:03:18.065 [Forwarding sendKeysToElement on session ed7e054953b6d31d535200d42c8ef93f to remote] DEBUG org.asynchttpclient.netty.request.NettyRequestSender - Using open Channel [id: 0xee942aa9, L:/127.0.0.1:5666 - R:localhost/127.0.0.1:56184] for POST '/session/ed7e054953b6d31d535200d42c8ef93f/element/31fbf325-6a71-473c-bb91-6f6817cb5e08/value'
17:03:18.226 [AsyncHttpClient-1-1] DEBUG org.asynchttpclient.netty.channel.DefaultChannelPool - Entry count for : http://localhost:5669 : 1
17:03:18.371 [AsyncHttpClient-1-3] DEBUG org.asynchttpclient.netty.handler.HttpHandler - 

Request DefaultHttpRequest(decodeResult: success, version: HTTP/1.1)
POST /session/ed7e054953b6d31d535200d42c8ef93f/element/31fbf325-6a71-473c-bb91-6f6817cb5e08/value HTTP/1.1
User-Agent: selenium/4.1.2 (java windows)
Content-Length: 161
Content-Type: application/json; charset=utf-8
host: localhost:56184
accept: */*

Response DefaultHttpResponse(decodeResult: success, version: HTTP/1.1)
HTTP/1.1 200 OK
Content-Type: application/json; charset=utf-8
cache-control: no-cache
content-length: 14

17:03:18.371 [AsyncHttpClient-1-3] DEBUG org.asynchttpclient.netty.channel.ChannelManager - Adding key: http://localhost:56184 for channel [id: 0xee942aa9, L:/127.0.0.1:5666 - R:localhost/127.0.0.1:56184]
  &amp#27;[32mWhen &amp#27;[0m&amp#27;[32mI input invalid userName&amp#27;[0m                          &amp#27;[90m# starter.stepdefinitions.LoginStep.iInputInvalidUsername()&amp#27;[0m
17:03:18.387 [Forwarding screenshot on session ed7e054953b6d31d535200d42c8ef93f to remote] DEBUG org.asynchttpclient.netty.request.NettyRequestSender - Using pooled Channel '[id: 0xee942aa9, L:/127.0.0.1:5666 - R:localhost/127.0.0.1:56184]' for 'GET' to 'http://localhost:56184/session/ed7e054953b6d31d535200d42c8ef93f/screenshot'
17:03:18.387 [Forwarding screenshot on session ed7e054953b6d31d535200d42c8ef93f to remote] DEBUG org.asynchttpclient.netty.request.NettyRequestSender - Using open Channel [id: 0xee942aa9, L:/127.0.0.1:5666 - R:localhost/127.0.0.1:56184] for GET '/session/ed7e054953b6d31d535200d42c8ef93f/screenshot'
17:03:18.758 [AsyncHttpClient-1-3] DEBUG org.asynchttpclient.netty.handler.HttpHandler - 

Request DefaultFullHttpRequest(decodeResult: success, version: HTTP/1.1, content: EmptyByteBufBE)
GET /session/ed7e054953b6d31d535200d42c8ef93f/screenshot HTTP/1.1
User-Agent: selenium/4.1.2 (java windows)
Cache-Control: no-cache
Content-Type: application/json; charset=utf-8
host: localhost:56184
accept: */*

Response DefaultHttpResponse(decodeResult: success, version: HTTP/1.1)
HTTP/1.1 200 OK
Content-Type: application/json; charset=utf-8
cache-control: no-cache
content-length: 241084

17:03:18.759 [AsyncHttpClient-1-3] DEBUG org.asynchttpclient.netty.channel.ChannelManager - Adding key: http://localhost:56184 for channel [id: 0xee942aa9, L:/127.0.0.1:5666 - R:localhost/127.0.0.1:56184]
17:03:18.771 [main] DEBUG net.serenitybdd.core.photography.Darkroom - Send negative for processing for target\site\serenity\8226e6208c062e81f86ae64565d8df9bde33680ba2ebe7a75a8ab73c5f280e9e.png
17:03:18.772 [Darkroom Processing Line] DEBUG net.serenitybdd.core.photography.DarkroomProcessingLine - Processing screenshot image in /var/screenshots/screenshot-8396062264078225914
17:03:18.772 [Darkroom Processing Line] DEBUG net.serenitybdd.core.photography.DarkroomProcessingLine - Saving screenshot to target\site\serenity\8226e6208c062e81f86ae64565d8df9bde33680ba2ebe7a75a8ab73c5f280e9e.png
17:03:18.800 [Forwarding findElement on session ed7e054953b6d31d535200d42c8ef93f to remote] DEBUG org.asynchttpclient.netty.request.NettyRequestSender - Using pooled Channel '[id: 0xee942aa9, L:/127.0.0.1:5666 - R:localhost/127.0.0.1:56184]' for 'POST' to 'http://localhost:56184/session/ed7e054953b6d31d535200d42c8ef93f/element'
17:03:18.800 [Forwarding findElement on session ed7e054953b6d31d535200d42c8ef93f to remote] DEBUG org.asynchttpclient.netty.request.NettyRequestSender - Using open Channel [id: 0xee942aa9, L:/127.0.0.1:5666 - R:localhost/127.0.0.1:56184] for POST '/session/ed7e054953b6d31d535200d42c8ef93f/element'
17:03:18.830 [AsyncHttpClient-1-3] DEBUG org.asynchttpclient.netty.handler.HttpHandler - 

Request DefaultHttpRequest(decodeResult: success, version: HTTP/1.1)
POST /session/ed7e054953b6d31d535200d42c8ef93f/element HTTP/1.1
User-Agent: selenium/4.1.2 (java windows)
Content-Length: 53
Content-Type: application/json; charset=utf-8
host: localhost:56184
accept: */*

Response DefaultHttpResponse(decodeResult: success, version: HTTP/1.1)
HTTP/1.1 200 OK
Content-Type: application/json; charset=utf-8
cache-control: no-cache
content-length: 88

17:03:18.831 [AsyncHttpClient-1-3] DEBUG org.asynchttpclient.netty.channel.ChannelManager - Adding key: http://localhost:56184 for channel [id: 0xee942aa9, L:/127.0.0.1:5666 - R:localhost/127.0.0.1:56184]
17:03:18.833 [Forwarding clearElement on session ed7e054953b6d31d535200d42c8ef93f to remote] DEBUG org.asynchttpclient.netty.request.NettyRequestSender - Using pooled Channel '[id: 0xee942aa9, L:/127.0.0.1:5666 - R:localhost/127.0.0.1:56184]' for 'POST' to 'http://localhost:56184/session/ed7e054953b6d31d535200d42c8ef93f/element/e5791f76-d52b-4d76-b612-e264a91fb8d0/clear'
17:03:18.833 [Forwarding clearElement on session ed7e054953b6d31d535200d42c8ef93f to remote] DEBUG org.asynchttpclient.netty.request.NettyRequestSender - Using open Channel [id: 0xee942aa9, L:/127.0.0.1:5666 - R:localhost/127.0.0.1:56184] for POST '/session/ed7e054953b6d31d535200d42c8ef93f/element/e5791f76-d52b-4d76-b612-e264a91fb8d0/clear'
17:03:18.904 [AsyncHttpClient-1-3] DEBUG org.asynchttpclient.netty.handler.HttpHandler - 

Request DefaultHttpRequest(decodeResult: success, version: HTTP/1.1)
POST /session/ed7e054953b6d31d535200d42c8ef93f/element/e5791f76-d52b-4d76-b612-e264a91fb8d0/clear HTTP/1.1
User-Agent: selenium/4.1.2 (java windows)
Content-Length: 50
Content-Type: application/json; charset=utf-8
host: localhost:56184
accept: */*

Response DefaultHttpResponse(decodeResult: success, version: HTTP/1.1)
HTTP/1.1 200 OK
Content-Type: application/json; charset=utf-8
cache-control: no-cache
content-length: 14

17:03:18.904 [AsyncHttpClient-1-3] DEBUG org.asynchttpclient.netty.channel.ChannelManager - Adding key: http://localhost:56184 for channel [id: 0xee942aa9, L:/127.0.0.1:5666 - R:localhost/127.0.0.1:56184]
17:03:18.907 [Forwarding sendKeysToElement on session ed7e054953b6d31d535200d42c8ef93f to remote] DEBUG org.asynchttpclient.netty.request.NettyRequestSender - Using pooled Channel '[id: 0xee942aa9, L:/127.0.0.1:5666 - R:localhost/127.0.0.1:56184]' for 'POST' to 'http://localhost:56184/session/ed7e054953b6d31d535200d42c8ef93f/element/e5791f76-d52b-4d76-b612-e264a91fb8d0/value'
17:03:18.907 [Forwarding sendKeysToElement on session ed7e054953b6d31d535200d42c8ef93f to remote] DEBUG org.asynchttpclient.netty.request.NettyRequestSender - Using open Channel [id: 0xee942aa9, L:/127.0.0.1:5666 - R:localhost/127.0.0.1:56184] for POST '/session/ed7e054953b6d31d535200d42c8ef93f/element/e5791f76-d52b-4d76-b612-e264a91fb8d0/value'
17:03:19.132 [AsyncHttpClient-1-3] DEBUG org.asynchttpclient.netty.handler.HttpHandler - 

Request DefaultHttpRequest(decodeResult: success, version: HTTP/1.1)
POST /session/ed7e054953b6d31d535200d42c8ef93f/element/e5791f76-d52b-4d76-b612-e264a91fb8d0/value HTTP/1.1
User-Agent: selenium/4.1.2 (java windows)
Content-Length: 191
Content-Type: application/json; charset=utf-8
host: localhost:56184
accept: */*

Response DefaultHttpResponse(decodeResult: success, version: HTTP/1.1)
HTTP/1.1 200 OK
Content-Type: application/json; charset=utf-8
cache-control: no-cache
content-length: 14

17:03:19.132 [AsyncHttpClient-1-3] DEBUG org.asynchttpclient.netty.channel.ChannelManager - Adding key: http://localhost:56184 for channel [id: 0xee942aa9, L:/127.0.0.1:5666 - R:localhost/127.0.0.1:56184]
  &amp#27;[32mAnd &amp#27;[0m&amp#27;[32mI input valid password&amp#27;[0m                             &amp#27;[90m# starter.stepdefinitions.LoginStep.iInputValidPassword()&amp#27;[0m
17:03:19.153 [Forwarding screenshot on session ed7e054953b6d31d535200d42c8ef93f to remote] DEBUG org.asynchttpclient.netty.request.NettyRequestSender - Using pooled Channel '[id: 0xee942aa9, L:/127.0.0.1:5666 - R:localhost/127.0.0.1:56184]' for 'GET' to 'http://localhost:56184/session/ed7e054953b6d31d535200d42c8ef93f/screenshot'
17:03:19.154 [Forwarding screenshot on session ed7e054953b6d31d535200d42c8ef93f to remote] DEBUG org.asynchttpclient.netty.request.NettyRequestSender - Using open Channel [id: 0xee942aa9, L:/127.0.0.1:5666 - R:localhost/127.0.0.1:56184] for GET '/session/ed7e054953b6d31d535200d42c8ef93f/screenshot'
17:03:19.314 [AsyncHttpClient-1-1] DEBUG org.asynchttpclient.netty.channel.DefaultChannelPool - Entry count for : http://localhost:5669 : 1
17:03:19.362 [AsyncHttpClient-1-3] DEBUG org.asynchttpclient.netty.handler.HttpHandler - 

Request DefaultFullHttpRequest(decodeResult: success, version: HTTP/1.1, content: EmptyByteBufBE)
GET /session/ed7e054953b6d31d535200d42c8ef93f/screenshot HTTP/1.1
User-Agent: selenium/4.1.2 (java windows)
Cache-Control: no-cache
Content-Type: application/json; charset=utf-8
host: localhost:56184
accept: */*

Response DefaultHttpResponse(decodeResult: success, version: HTTP/1.1)
HTTP/1.1 200 OK
Content-Type: application/json; charset=utf-8
cache-control: no-cache
content-length: 182152

17:03:19.363 [AsyncHttpClient-1-3] DEBUG org.asynchttpclient.netty.channel.ChannelManager - Adding key: http://localhost:56184 for channel [id: 0xee942aa9, L:/127.0.0.1:5666 - R:localhost/127.0.0.1:56184]
17:03:19.373 [main] DEBUG net.serenitybdd.core.photography.Darkroom - Send negative for processing for target\site\serenity\13b820f2f0b29bc07769c438caed626e5d0668cf562d58407cce83abdf7b190f.png
17:03:19.373 [Darkroom Processing Line] DEBUG net.serenitybdd.core.photography.DarkroomProcessingLine - Processing screenshot image in /var/screenshots/screenshot-18139098469539831054
17:03:19.373 [Darkroom Processing Line] DEBUG net.serenitybdd.core.photography.DarkroomProcessingLine - Saving screenshot to target\site\serenity\13b820f2f0b29bc07769c438caed626e5d0668cf562d58407cce83abdf7b190f.png
17:03:19.387 [Forwarding findElement on session ed7e054953b6d31d535200d42c8ef93f to remote] DEBUG org.asynchttpclient.netty.request.NettyRequestSender - Using pooled Channel '[id: 0xee942aa9, L:/127.0.0.1:5666 - R:localhost/127.0.0.1:56184]' for 'POST' to 'http://localhost:56184/session/ed7e054953b6d31d535200d42c8ef93f/element'
17:03:19.387 [Forwarding findElement on session ed7e054953b6d31d535200d42c8ef93f to remote] DEBUG org.asynchttpclient.netty.request.NettyRequestSender - Using open Channel [id: 0xee942aa9, L:/127.0.0.1:5666 - R:localhost/127.0.0.1:56184] for POST '/session/ed7e054953b6d31d535200d42c8ef93f/element'
17:03:19.410 [AsyncHttpClient-1-3] DEBUG org.asynchttpclient.netty.handler.HttpHandler - 

Request DefaultHttpRequest(decodeResult: success, version: HTTP/1.1)
POST /session/ed7e054953b6d31d535200d42c8ef93f/element HTTP/1.1
User-Agent: selenium/4.1.2 (java windows)
Content-Length: 50
Content-Type: application/json; charset=utf-8
host: localhost:56184
accept: */*

Response DefaultHttpResponse(decodeResult: success, version: HTTP/1.1)
HTTP/1.1 200 OK
Content-Type: application/json; charset=utf-8
cache-control: no-cache
content-length: 88

17:03:19.410 [AsyncHttpClient-1-3] DEBUG org.asynchttpclient.netty.channel.ChannelManager - Adding key: http://localhost:56184 for channel [id: 0xee942aa9, L:/127.0.0.1:5666 - R:localhost/127.0.0.1:56184]
17:03:19.412 [Forwarding getElementTagName on session ed7e054953b6d31d535200d42c8ef93f to remote] DEBUG org.asynchttpclient.netty.request.NettyRequestSender - Using pooled Channel '[id: 0xee942aa9, L:/127.0.0.1:5666 - R:localhost/127.0.0.1:56184]' for 'GET' to 'http://localhost:56184/session/ed7e054953b6d31d535200d42c8ef93f/element/301ec4f8-317b-4487-847b-917e56cdc77b/name'
17:03:19.412 [Forwarding getElementTagName on session ed7e054953b6d31d535200d42c8ef93f to remote] DEBUG org.asynchttpclient.netty.request.NettyRequestSender - Using open Channel [id: 0xee942aa9, L:/127.0.0.1:5666 - R:localhost/127.0.0.1:56184] for GET '/session/ed7e054953b6d31d535200d42c8ef93f/element/301ec4f8-317b-4487-847b-917e56cdc77b/name'
17:03:19.422 [AsyncHttpClient-1-3] DEBUG org.asynchttpclient.netty.handler.HttpHandler - 

Request DefaultFullHttpRequest(decodeResult: success, version: HTTP/1.1, content: EmptyByteBufBE)
GET /session/ed7e054953b6d31d535200d42c8ef93f/element/301ec4f8-317b-4487-847b-917e56cdc77b/name HTTP/1.1
User-Agent: selenium/4.1.2 (java windows)
Cache-Control: no-cache
Content-Type: application/json; charset=utf-8
host: localhost:56184
accept: */*

Response DefaultHttpResponse(decodeResult: success, version: HTTP/1.1)
HTTP/1.1 200 OK
Content-Type: application/json; charset=utf-8
cache-control: no-cache
content-length: 18

17:03:19.422 [AsyncHttpClient-1-3] DEBUG org.asynchttpclient.netty.channel.ChannelManager - Adding key: http://localhost:56184 for channel [id: 0xee942aa9, L:/127.0.0.1:5666 - R:localhost/127.0.0.1:56184]
17:03:19.425 [Forwarding getElementTagName on session ed7e054953b6d31d535200d42c8ef93f to remote] DEBUG org.asynchttpclient.netty.request.NettyRequestSender - Using pooled Channel '[id: 0xee942aa9, L:/127.0.0.1:5666 - R:localhost/127.0.0.1:56184]' for 'GET' to 'http://localhost:56184/session/ed7e054953b6d31d535200d42c8ef93f/element/301ec4f8-317b-4487-847b-917e56cdc77b/name'
17:03:19.425 [Forwarding getElementTagName on session ed7e054953b6d31d535200d42c8ef93f to remote] DEBUG org.asynchttpclient.netty.request.NettyRequestSender - Using open Channel [id: 0xee942aa9, L:/127.0.0.1:5666 - R:localhost/127.0.0.1:56184] for GET '/session/ed7e054953b6d31d535200d42c8ef93f/element/301ec4f8-317b-4487-847b-917e56cdc77b/name'
17:03:19.436 [AsyncHttpClient-1-3] DEBUG org.asynchttpclient.netty.handler.HttpHandler - 

Request DefaultFullHttpRequest(decodeResult: success, version: HTTP/1.1, content: EmptyByteBufBE)
GET /session/ed7e054953b6d31d535200d42c8ef93f/element/301ec4f8-317b-4487-847b-917e56cdc77b/name HTTP/1.1
User-Agent: selenium/4.1.2 (java windows)
Cache-Control: no-cache
Content-Type: application/json; charset=utf-8
host: localhost:56184
accept: */*

Response DefaultHttpResponse(decodeResult: success, version: HTTP/1.1)
HTTP/1.1 200 OK
Content-Type: application/json; charset=utf-8
cache-control: no-cache
content-length: 18

17:03:19.438 [AsyncHttpClient-1-3] DEBUG org.asynchttpclient.netty.channel.ChannelManager - Adding key: http://localhost:56184 for channel [id: 0xee942aa9, L:/127.0.0.1:5666 - R:localhost/127.0.0.1:56184]
17:03:19.446 [Forwarding isElementEnabled on session ed7e054953b6d31d535200d42c8ef93f to remote] DEBUG org.asynchttpclient.netty.request.NettyRequestSender - Using pooled Channel '[id: 0xee942aa9, L:/127.0.0.1:5666 - R:localhost/127.0.0.1:56184]' for 'GET' to 'http://localhost:56184/session/ed7e054953b6d31d535200d42c8ef93f/element/301ec4f8-317b-4487-847b-917e56cdc77b/enabled'
17:03:19.446 [Forwarding isElementEnabled on session ed7e054953b6d31d535200d42c8ef93f to remote] DEBUG org.asynchttpclient.netty.request.NettyRequestSender - Using open Channel [id: 0xee942aa9, L:/127.0.0.1:5666 - R:localhost/127.0.0.1:56184] for GET '/session/ed7e054953b6d31d535200d42c8ef93f/element/301ec4f8-317b-4487-847b-917e56cdc77b/enabled'
17:03:19.464 [AsyncHttpClient-1-3] DEBUG org.asynchttpclient.netty.handler.HttpHandler - 

Request DefaultFullHttpRequest(decodeResult: success, version: HTTP/1.1, content: EmptyByteBufBE)
GET /session/ed7e054953b6d31d535200d42c8ef93f/element/301ec4f8-317b-4487-847b-917e56cdc77b/enabled HTTP/1.1
User-Agent: selenium/4.1.2 (java windows)
Cache-Control: no-cache
Content-Type: application/json; charset=utf-8
host: localhost:56184
accept: */*

Response DefaultHttpResponse(decodeResult: success, version: HTTP/1.1)
HTTP/1.1 200 OK
Content-Type: application/json; charset=utf-8
cache-control: no-cache
content-length: 14

17:03:19.464 [AsyncHttpClient-1-3] DEBUG org.asynchttpclient.netty.channel.ChannelManager - Adding key: http://localhost:56184 for channel [id: 0xee942aa9, L:/127.0.0.1:5666 - R:localhost/127.0.0.1:56184]
17:03:19.466 [Forwarding isElementEnabled on session ed7e054953b6d31d535200d42c8ef93f to remote] DEBUG org.asynchttpclient.netty.request.NettyRequestSender - Using pooled Channel '[id: 0xee942aa9, L:/127.0.0.1:5666 - R:localhost/127.0.0.1:56184]' for 'GET' to 'http://localhost:56184/session/ed7e054953b6d31d535200d42c8ef93f/element/301ec4f8-317b-4487-847b-917e56cdc77b/enabled'
17:03:19.466 [Forwarding isElementEnabled on session ed7e054953b6d31d535200d42c8ef93f to remote] DEBUG org.asynchttpclient.netty.request.NettyRequestSender - Using open Channel [id: 0xee942aa9, L:/127.0.0.1:5666 - R:localhost/127.0.0.1:56184] for GET '/session/ed7e054953b6d31d535200d42c8ef93f/element/301ec4f8-317b-4487-847b-917e56cdc77b/enabled'
17:03:19.559 [AsyncHttpClient-1-3] DEBUG org.asynchttpclient.netty.handler.HttpHandler - 

Request DefaultFullHttpRequest(decodeResult: success, version: HTTP/1.1, content: EmptyByteBufBE)
GET /session/ed7e054953b6d31d535200d42c8ef93f/element/301ec4f8-317b-4487-847b-917e56cdc77b/enabled HTTP/1.1
User-Agent: selenium/4.1.2 (java windows)
Cache-Control: no-cache
Content-Type: application/json; charset=utf-8
host: localhost:56184
accept: */*

Response DefaultHttpResponse(decodeResult: success, version: HTTP/1.1)
HTTP/1.1 200 OK
Content-Type: application/json; charset=utf-8
cache-control: no-cache
content-length: 14

17:03:19.560 [AsyncHttpClient-1-3] DEBUG org.asynchttpclient.netty.channel.ChannelManager - Adding key: http://localhost:56184 for channel [id: 0xee942aa9, L:/127.0.0.1:5666 - R:localhost/127.0.0.1:56184]
17:03:19.565 [Forwarding findElement on session ed7e054953b6d31d535200d42c8ef93f to remote] DEBUG org.asynchttpclient.netty.request.NettyRequestSender - Using pooled Channel '[id: 0xee942aa9, L:/127.0.0.1:5666 - R:localhost/127.0.0.1:56184]' for 'POST' to 'http://localhost:56184/session/ed7e054953b6d31d535200d42c8ef93f/element'
17:03:19.565 [Forwarding findElement on session ed7e054953b6d31d535200d42c8ef93f to remote] DEBUG org.asynchttpclient.netty.request.NettyRequestSender - Using open Channel [id: 0xee942aa9, L:/127.0.0.1:5666 - R:localhost/127.0.0.1:56184] for POST '/session/ed7e054953b6d31d535200d42c8ef93f/element'
17:03:19.654 [AsyncHttpClient-1-3] DEBUG org.asynchttpclient.netty.handler.HttpHandler - 

Request DefaultHttpRequest(decodeResult: success, version: HTTP/1.1)
POST /session/ed7e054953b6d31d535200d42c8ef93f/element HTTP/1.1
User-Agent: selenium/4.1.2 (java windows)
Content-Length: 50
Content-Type: application/json; charset=utf-8
host: localhost:56184
accept: */*

Response DefaultHttpResponse(decodeResult: success, version: HTTP/1.1)
HTTP/1.1 200 OK
Content-Type: application/json; charset=utf-8
cache-control: no-cache
content-length: 88

17:03:19.654 [AsyncHttpClient-1-3] DEBUG org.asynchttpclient.netty.channel.ChannelManager - Adding key: http://localhost:56184 for channel [id: 0xee942aa9, L:/127.0.0.1:5666 - R:localhost/127.0.0.1:56184]
17:03:19.657 [Forwarding clickElement on session ed7e054953b6d31d535200d42c8ef93f to remote] DEBUG org.asynchttpclient.netty.request.NettyRequestSender - Using pooled Channel '[id: 0xee942aa9, L:/127.0.0.1:5666 - R:localhost/127.0.0.1:56184]' for 'POST' to 'http://localhost:56184/session/ed7e054953b6d31d535200d42c8ef93f/element/301ec4f8-317b-4487-847b-917e56cdc77b/click'
17:03:19.657 [Forwarding clickElement on session ed7e054953b6d31d535200d42c8ef93f to remote] DEBUG org.asynchttpclient.netty.request.NettyRequestSender - Using open Channel [id: 0xee942aa9, L:/127.0.0.1:5666 - R:localhost/127.0.0.1:56184] for POST '/session/ed7e054953b6d31d535200d42c8ef93f/element/301ec4f8-317b-4487-847b-917e56cdc77b/click'
17:03:19.942 [AsyncHttpClient-1-3] DEBUG org.asynchttpclient.netty.handler.HttpHandler - 

Request DefaultHttpRequest(decodeResult: success, version: HTTP/1.1)
POST /session/ed7e054953b6d31d535200d42c8ef93f/element/301ec4f8-317b-4487-847b-917e56cdc77b/click HTTP/1.1
User-Agent: selenium/4.1.2 (java windows)
Content-Length: 50
Content-Type: application/json; charset=utf-8
host: localhost:56184
accept: */*

Response DefaultHttpResponse(decodeResult: success, version: HTTP/1.1)
HTTP/1.1 200 OK
Content-Type: application/json; charset=utf-8
cache-control: no-cache
content-length: 14

17:03:19.943 [AsyncHttpClient-1-3] DEBUG org.asynchttpclient.netty.channel.ChannelManager - Adding key: http://localhost:56184 for channel [id: 0xee942aa9, L:/127.0.0.1:5666 - R:localhost/127.0.0.1:56184]
  &amp#27;[32mAnd &amp#27;[0m&amp#27;[32mI click Login button&amp#27;[0m                               &amp#27;[90m# starter.stepdefinitions.LoginStep.iClickLoginButton()&amp#27;[0m
17:03:19.957 [Forwarding screenshot on session ed7e054953b6d31d535200d42c8ef93f to remote] DEBUG org.asynchttpclient.netty.request.NettyRequestSender - Using pooled Channel '[id: 0xee942aa9, L:/127.0.0.1:5666 - R:localhost/127.0.0.1:56184]' for 'GET' to 'http://localhost:56184/session/ed7e054953b6d31d535200d42c8ef93f/screenshot'
17:03:19.957 [Forwarding screenshot on session ed7e054953b6d31d535200d42c8ef93f to remote] DEBUG org.asynchttpclient.netty.request.NettyRequestSender - Using open Channel [id: 0xee942aa9, L:/127.0.0.1:5666 - R:localhost/127.0.0.1:56184] for GET '/session/ed7e054953b6d31d535200d42c8ef93f/screenshot'
17:03:20.116 [AsyncHttpClient-1-3] DEBUG org.asynchttpclient.netty.handler.HttpHandler - 

Request DefaultFullHttpRequest(decodeResult: success, version: HTTP/1.1, content: EmptyByteBufBE)
GET /session/ed7e054953b6d31d535200d42c8ef93f/screenshot HTTP/1.1
User-Agent: selenium/4.1.2 (java windows)
Cache-Control: no-cache
Content-Type: application/json; charset=utf-8
host: localhost:56184
accept: */*

Response DefaultHttpResponse(decodeResult: success, version: HTTP/1.1)
HTTP/1.1 200 OK
Content-Type: application/json; charset=utf-8
cache-control: no-cache
content-length: 168316

17:03:20.117 [AsyncHttpClient-1-3] DEBUG org.asynchttpclient.netty.channel.ChannelManager - Adding key: http://localhost:56184 for channel [id: 0xee942aa9, L:/127.0.0.1:5666 - R:localhost/127.0.0.1:56184]
17:03:20.126 [main] DEBUG net.serenitybdd.core.photography.Darkroom - Send negative for processing for target\site\serenity\ee488780f8f5c4249e03ef7ac8e0b7c1ed25a7e06c3d1b31b5ae0bd47e2f458d.png
17:03:20.127 [Darkroom Processing Line] DEBUG net.serenitybdd.core.photography.DarkroomProcessingLine - Processing screenshot image in /var/screenshots/screenshot-14066483817150684497
17:03:20.127 [Darkroom Processing Line] DEBUG net.serenitybdd.core.photography.DarkroomProcessingLine - Saving screenshot to target\site\serenity\ee488780f8f5c4249e03ef7ac8e0b7c1ed25a7e06c3d1b31b5ae0bd47e2f458d.png
17:03:20.142 [Forwarding findElement on session ed7e054953b6d31d535200d42c8ef93f to remote] DEBUG org.asynchttpclient.netty.request.NettyRequestSender - Using pooled Channel '[id: 0xee942aa9, L:/127.0.0.1:5666 - R:localhost/127.0.0.1:56184]' for 'POST' to 'http://localhost:56184/session/ed7e054953b6d31d535200d42c8ef93f/element'
17:03:20.142 [Forwarding findElement on session ed7e054953b6d31d535200d42c8ef93f to remote] DEBUG org.asynchttpclient.netty.request.NettyRequestSender - Using open Channel [id: 0xee942aa9, L:/127.0.0.1:5666 - R:localhost/127.0.0.1:56184] for POST '/session/ed7e054953b6d31d535200d42c8ef93f/element'
17:03:20.417 [AsyncHttpClient-1-1] DEBUG org.asynchttpclient.netty.channel.DefaultChannelPool - Entry count for : http://localhost:5669 : 1
17:03:21.516 [AsyncHttpClient-1-1] DEBUG org.asynchttpclient.netty.channel.DefaultChannelPool - Entry count for : http://localhost:5669 : 1
17:03:21.997 [AsyncHttpClient-1-3] DEBUG org.asynchttpclient.netty.handler.HttpHandler - 

Request DefaultHttpRequest(decodeResult: success, version: HTTP/1.1)
POST /session/ed7e054953b6d31d535200d42c8ef93f/element HTTP/1.1
User-Agent: selenium/4.1.2 (java windows)
Content-Length: 65
Content-Type: application/json; charset=utf-8
host: localhost:56184
accept: */*

Response DefaultHttpResponse(decodeResult: success, version: HTTP/1.1)
HTTP/1.1 200 OK
Content-Type: application/json; charset=utf-8
cache-control: no-cache
content-length: 88

17:03:21.997 [AsyncHttpClient-1-3] DEBUG org.asynchttpclient.netty.channel.ChannelManager - Adding key: http://localhost:56184 for channel [id: 0xee942aa9, L:/127.0.0.1:5666 - R:localhost/127.0.0.1:56184]
17:03:22.010 [Forwarding isElementDisplayed on session ed7e054953b6d31d535200d42c8ef93f to remote] DEBUG org.asynchttpclient.netty.request.NettyRequestSender - Using pooled Channel '[id: 0xee942aa9, L:/127.0.0.1:5666 - R:localhost/127.0.0.1:56184]' for 'POST' to 'http://localhost:56184/session/ed7e054953b6d31d535200d42c8ef93f/execute/sync'
17:03:22.010 [Forwarding isElementDisplayed on session ed7e054953b6d31d535200d42c8ef93f to remote] DEBUG org.asynchttpclient.netty.request.NettyRequestSender - Using open Channel [id: 0xee942aa9, L:/127.0.0.1:5666 - R:localhost/127.0.0.1:56184] for POST '/session/ed7e054953b6d31d535200d42c8ef93f/execute/sync'
17:03:22.037 [AsyncHttpClient-1-3] DEBUG org.asynchttpclient.netty.handler.HttpHandler - 

Request DefaultHttpRequest(decodeResult: success, version: HTTP/1.1)
POST /session/ed7e054953b6d31d535200d42c8ef93f/execute/sync HTTP/1.1
User-Agent: selenium/4.1.2 (java windows)
Content-Length: 48780
Content-Type: application/json; charset=utf-8
host: localhost:56184
accept: */*

Response DefaultHttpResponse(decodeResult: success, version: HTTP/1.1)
HTTP/1.1 200 OK
Content-Type: application/json; charset=utf-8
cache-control: no-cache
content-length: 14

17:03:22.037 [AsyncHttpClient-1-3] DEBUG org.asynchttpclient.netty.channel.ChannelManager - Adding key: http://localhost:56184 for channel [id: 0xee942aa9, L:/127.0.0.1:5666 - R:localhost/127.0.0.1:56184]
  &amp#27;[32mThen &amp#27;[0m&amp#27;[32mI will get error message&amp#27;[0m                          &amp#27;[90m# starter.stepdefinitions.LoginStep.iWillGetErrorMessage()&amp#27;[0m
17:03:22.044 [Forwarding screenshot on session ed7e054953b6d31d535200d42c8ef93f to remote] DEBUG org.asynchttpclient.netty.request.NettyRequestSender - Using pooled Channel '[id: 0xee942aa9, L:/127.0.0.1:5666 - R:localhost/127.0.0.1:56184]' for 'GET' to 'http://localhost:56184/session/ed7e054953b6d31d535200d42c8ef93f/screenshot'
17:03:22.044 [Forwarding screenshot on session ed7e054953b6d31d535200d42c8ef93f to remote] DEBUG org.asynchttpclient.netty.request.NettyRequestSender - Using open Channel [id: 0xee942aa9, L:/127.0.0.1:5666 - R:localhost/127.0.0.1:56184] for GET '/session/ed7e054953b6d31d535200d42c8ef93f/screenshot'
17:03:22.341 [AsyncHttpClient-1-3] DEBUG org.asynchttpclient.netty.handler.HttpHandler - 

Request DefaultFullHttpRequest(decodeResult: success, version: HTTP/1.1, content: EmptyByteBufBE)
GET /session/ed7e054953b6d31d535200d42c8ef93f/screenshot HTTP/1.1
User-Agent: selenium/4.1.2 (java windows)
Cache-Control: no-cache
Content-Type: application/json; charset=utf-8
host: localhost:56184
accept: */*

Response DefaultHttpResponse(decodeResult: success, version: HTTP/1.1)
HTTP/1.1 200 OK
Content-Type: application/json; charset=utf-8
cache-control: no-cache
content-length: 264052

17:03:22.342 [AsyncHttpClient-1-3] DEBUG org.asynchttpclient.netty.channel.ChannelManager - Adding key: http://localhost:56184 for channel [id: 0xee942aa9, L:/127.0.0.1:5666 - R:localhost/127.0.0.1:56184]
17:03:22.371 [main] DEBUG net.serenitybdd.core.photography.Darkroom - Send negative for processing for target\site\serenity\59469b7bd0f20abf5d6f0beaec5946eee99afbb5f16b7e2e2b42fd001c62118d.png
17:03:22.373 [Darkroom Processing Line] DEBUG net.serenitybdd.core.photography.DarkroomProcessingLine - Processing screenshot image in /var/screenshots/screenshot-2075470994758427829
17:03:22.373 [Darkroom Processing Line] DEBUG net.serenitybdd.core.photography.DarkroomProcessingLine - Saving screenshot to target\site\serenity\59469b7bd0f20abf5d6f0beaec5946eee99afbb5f16b7e2e2b42fd001c62118d.png
17:03:22.375 [main] INFO  - 
  _____   ___   ___   _____     ___     _     ___   ___   ___   ___  
 |_   _| | __| / __| |_   _|   | _ \   /_\   / __| / __| | __| |   \ 
   | |   | _|  \__ \   | |     |  _/  / _ \  \__ \ \__ \ | _|  | |) |
   |_|   |___| |___/   |_|     |_|   /_/ \_\ |___/ |___/ |___| |___/ 

Login with invalid username and valid password
----------------------------------------------------------------------
17:03:22.380 [AsyncHttpClient-1-5] DEBUG org.asynchttpclient.netty.handler.WebSocketHandler - Channel Closed: [id: 0x7758e4cb, L:/127.0.0.1:5678 ! R:localhost/127.0.0.1:5669] with attribute NettyResponseFuture{currentRetry=5,
	isDone=1,
	isCancelled=0,
	asyncHandler=org.asynchttpclient.ws.WebSocketUpgradeHandler@6e110c27,
	nettyRequest=org.asynchttpclient.netty.request.NettyRequest@467f38b,
	future=java.util.concurrent.CompletableFuture@75f26f42[Completed normally],
	uri=ws://localhost:5669/devtools/browser/efa8aef4-d347-4fc1-a1be-cf9124856b5c,
	keepAlive=true,
	redirectCount=0,
	timeoutsHolder=null,
	inAuth=0,
	touch=1664964165247}
17:03:22.381 [AsyncHttpClient-1-5] DEBUG org.asynchttpclient.netty.channel.ChannelManager - Closing Channel [id: 0x7758e4cb, L:/127.0.0.1:5678 ! R:localhost/127.0.0.1:5669] 
17:03:22.383 [Driver Command Executor] DEBUG org.asynchttpclient.netty.request.NettyRequestSender - Using pooled Channel '[id: 0xee942aa9, L:/127.0.0.1:5666 - R:localhost/127.0.0.1:56184]' for 'DELETE' to 'http://localhost:56184/session/ed7e054953b6d31d535200d42c8ef93f'
17:03:22.383 [Driver Command Executor] DEBUG org.asynchttpclient.netty.request.NettyRequestSender - Using open Channel [id: 0xee942aa9, L:/127.0.0.1:5666 - R:localhost/127.0.0.1:56184] for DELETE '/session/ed7e054953b6d31d535200d42c8ef93f'
17:03:22.548 [AsyncHttpClient-1-4] DEBUG org.asynchttpclient.netty.handler.HttpHandler - Unexpected I/O exception on channel [id: 0xc6e59e93, L:/127.0.0.1:5676 - R:localhost/127.0.0.1:5669]
java.io.IOException: An existing connection was forcibly closed by the remote host
	at java.base/sun.nio.ch.SocketDispatcher.read0(Native Method)
	at java.base/sun.nio.ch.SocketDispatcher.read(SocketDispatcher.java:43)
	at java.base/sun.nio.ch.IOUtil.readIntoNativeBuffer(IOUtil.java:276)
	at java.base/sun.nio.ch.IOUtil.read(IOUtil.java:233)
	at java.base/sun.nio.ch.IOUtil.read(IOUtil.java:223)
	at java.base/sun.nio.ch.SocketChannelImpl.read(SocketChannelImpl.java:358)
	at io.netty.buffer.PooledByteBuf.setBytes(PooledByteBuf.java:258)
	at io.netty.buffer.AbstractByteBuf.writeBytes(AbstractByteBuf.java:1132)
	at io.netty.channel.socket.nio.NioSocketChannel.doReadBytes(NioSocketChannel.java:350)
	at io.netty.channel.nio.AbstractNioByteChannel$NioByteUnsafe.read(AbstractNioByteChannel.java:151)
	at io.netty.channel.nio.NioEventLoop.processSelectedKey(NioEventLoop.java:722)
	at io.netty.channel.nio.NioEventLoop.processSelectedKeysOptimized(NioEventLoop.java:658)
	at io.netty.channel.nio.NioEventLoop.processSelectedKeys(NioEventLoop.java:584)
	at io.netty.channel.nio.NioEventLoop.run(NioEventLoop.java:496)
	at io.netty.util.concurrent.SingleThreadEventExecutor$4.run(SingleThreadEventExecutor.java:986)
	at io.netty.util.internal.ThreadExecutorMap$2.run(ThreadExecutorMap.java:74)
	at io.netty.util.concurrent.FastThreadLocalRunnable.run(FastThreadLocalRunnable.java:30)
	at java.base/java.lang.Thread.run(Thread.java:834)
17:03:22.549 [AsyncHttpClient-1-4] DEBUG org.asynchttpclient.netty.channel.ChannelManager - Closing Channel [id: 0xc6e59e93, L:/127.0.0.1:5676 - R:localhost/127.0.0.1:5669] 
17:03:22.549 [AsyncHttpClient-1-4] DEBUG org.asynchttpclient.netty.handler.HttpHandler - Channel Closed: [id: 0xc6e59e93, L:/127.0.0.1:5676 ! R:localhost/127.0.0.1:5669] with attribute DISCARD
17:03:22.614 [AsyncHttpClient-1-1] DEBUG org.asynchttpclient.netty.channel.DefaultChannelPool - Entry count for : http://localhost:5669 : 1
17:03:22.614 [AsyncHttpClient-1-1] DEBUG org.asynchttpclient.netty.channel.DefaultChannelPool - Adding Candidate expired Channel [id: 0xc6e59e93, L:/127.0.0.1:5676 ! R:localhost/127.0.0.1:5669] isIdleTimeoutExpired=false isRemotelyClosed=true isTtlExpired=false
17:03:22.614 [AsyncHttpClient-1-1] DEBUG org.asynchttpclient.netty.channel.DefaultChannelPool - Closing Idle Channel [id: 0xc6e59e93, L:/127.0.0.1:5676 ! R:localhost/127.0.0.1:5669]
17:03:22.614 [AsyncHttpClient-1-1] DEBUG org.asynchttpclient.netty.channel.DefaultChannelPool - Closed 1 connections out of 1 in 0 ms
17:03:22.619 [AsyncHttpClient-1-3] DEBUG org.asynchttpclient.netty.handler.HttpHandler - 

Request DefaultFullHttpRequest(decodeResult: success, version: HTTP/1.1, content: EmptyByteBufBE)
DELETE /session/ed7e054953b6d31d535200d42c8ef93f HTTP/1.1
User-Agent: selenium/4.1.2 (java windows)
Content-Type: application/json; charset=utf-8
host: localhost:56184
accept: */*

Response DefaultHttpResponse(decodeResult: success, version: HTTP/1.1)
HTTP/1.1 200 OK
Content-Type: application/json; charset=utf-8
cache-control: no-cache
content-length: 14

17:03:22.619 [AsyncHttpClient-1-3] DEBUG org.asynchttpclient.netty.channel.ChannelManager - Adding key: http://localhost:56184 for channel [id: 0xee942aa9, L:/127.0.0.1:5666 - R:localhost/127.0.0.1:56184]
17:03:22.833 [AsyncHttpClient-1-3] DEBUG org.asynchttpclient.netty.handler.HttpHandler - Channel Closed: [id: 0xee942aa9, L:/127.0.0.1:5666 ! R:localhost/127.0.0.1:56184] with attribute DISCARD
]]></system-out>
    <system-err><![CDATA[Starting Microsoft Edge WebDriver 105.0.1343.53 (3a47f00402d579c8ba1fad7e143f9d73831b6765) on port 56184
To submit feedback, report a bug, or suggest new features, please visit https://github.com/MicrosoftEdge/EdgeWebDriver

Only local connections are allowed.
Please see https://aka.ms/WebDriverSecurity for suggestions on keeping Microsoft Edge WebDriver safe.

Microsoft Edge WebDriver was started successfully.
Oct 05, 2022 5:02:45 PM org.openqa.selenium.remote.ProtocolHandshake createSession
INFO: Detected dialect: W3C
Oct 05, 2022 5:02:45 PM org.openqa.selenium.devtools.CdpVersionFinder findNearestMatch
WARNING: Unable to find an exact match for CDP version 105, so returning the closest version found: a no-op implementation
Oct 05, 2022 5:02:45 PM org.openqa.selenium.devtools.CdpVersionFinder findNearestMatch
INFO: Unable to find CDP implementation matching 105.
Oct 05, 2022 5:02:45 PM org.openqa.selenium.chromium.ChromiumDriver lambda$new$3
WARNING: Unable to find version of CDP to use for . You may need to include a dependency on a specific version of the CDP using something similar to `org.seleniumhq.selenium:selenium-devtools-v86:4.1.2` where the version ("v86") matches the version of the chromium-based browser you're using and the version number of the artifact is the same as Selenium's.
]]></system-err>
  </testcase>
</testsuite>