<?xml version="1.0" encoding="UTF-8"?>
<testsuite xmlns:xsi="http://www.w3.org/2001/XMLSchema-instance" xsi:noNamespaceSchemaLocation="https://maven.apache.org/surefire/maven-failsafe-plugin/xsd/failsafe-test-report-3.0.xsd" version="3.0" name="CucumberTestSuite" time="299.673" tests="12" errors="0" skipped="0" failures="0">
  <properties>
    <property name="sun.desktop" value="windows"/>
    <property name="awt.toolkit" value="sun.awt.windows.WToolkit"/>
    <property name="java.specification.version" value="11"/>
    <property name="sun.cpu.isalist" value="amd64"/>
    <property name="sun.jnu.encoding" value="Cp1252"/>
    <property name="java.class.path" value="D:\File Baru\Kuliah\Quality Engineer\qe_Bayu-Septyan-Nur-Hidayat\21_Review_Web_UI_Testing_with_Serenity\Praktikum\untitled\target\test-classes;C:\Users\Bayu\.m2\repository\net\serenity-bdd\serenity-core\3.2.1\serenity-core-3.2.1.jar;C:\Users\Bayu\.m2\repository\net\serenity-bdd\serenity-model\3.2.1\serenity-model-3.2.1.jar;C:\Users\Bayu\.m2\repository\org\apache\commons\commons-text\1.9\commons-text-1.9.jar;C:\Users\Bayu\.m2\repository\commons-net\commons-net\3.8.0\commons-net-3.8.0.jar;C:\Users\Bayu\.m2\repository\com\google\guava\guava\31.1-jre\guava-31.1-jre.jar;C:\Users\Bayu\.m2\repository\com\google\guava\failureaccess\1.0.1\failureaccess-1.0.1.jar;C:\Users\Bayu\.m2\repository\com\google\guava\listenablefuture\9999.0-empty-to-avoid-conflict-with-guava\listenablefuture-9999.0-empty-to-avoid-conflict-with-guava.jar;C:\Users\Bayu\.m2\repository\com\google\code\findbugs\jsr305\3.0.2\jsr305-3.0.2.jar;C:\Users\Bayu\.m2\repository\org\checkerframework\checker-qual\3.12.0\checker-qual-3.12.0.jar;C:\Users\Bayu\.m2\repository\com\google\errorprone\error_prone_annotations\2.11.0\error_prone_annotations-2.11.0.jar;C:\Users\Bayu\.m2\repository\com\google\j2objc\j2objc-annotations\1.3\j2objc-annotations-1.3.jar;C:\Users\Bayu\.m2\repository\com\google\inject\guice\5.1.0\guice-5.1.0.jar;C:\Users\Bayu\.m2\repository\javax\inject\javax.inject\1\javax.inject-1.jar;C:\Users\Bayu\.m2\repository\aopalliance\aopalliance\1.0\aopalliance-1.0.jar;C:\Users\Bayu\.m2\repository\org\jsoup\jsoup\1.14.3\jsoup-1.14.3.jar;C:\Users\Bayu\.m2\repository\com\thoughtworks\xstream\xstream\1.4.19\xstream-1.4.19.jar;C:\Users\Bayu\.m2\repository\io\github\x-stream\mxparser\1.2.2\mxparser-1.2.2.jar;C:\Users\Bayu\.m2\repository\xmlpull\xmlpull\1.1.3.1\xmlpull-1.1.3.1.jar;C:\Users\Bayu\.m2\repository\io\cucumber\cucumber-java\7.2.3\cucumber-java-7.2.3.jar;C:\Users\Bayu\.m2\repository\com\typesafe\config\1.4.2\config-1.4.2.jar;C:\Users\Bayu\.m2\repository\org\imgscalr\imgscalr-lib\4.2\imgscalr-lib-4.2.jar;C:\Users\Bayu\.m2\repository\org\awaitility\awaitility\4.2.0\awaitility-4.2.0.jar;C:\Users\Bayu\.m2\repository\org\freemarker\freemarker\2.3.31\freemarker-2.3.31.jar;C:\Users\Bayu\.m2\repository\io\github\classgraph\classgraph\4.8.138\classgraph-4.8.138.jar;C:\Users\Bayu\.m2\repository\net\sourceforge\jexcelapi\jxl\2.6.12\jxl-2.6.12.jar;C:\Users\Bayu\.m2\repository\net\bytebuddy\byte-buddy\1.12.8\byte-buddy-1.12.8.jar;C:\Users\Bayu\.m2\repository\net\bytebuddy\byte-buddy-agent\1.12.8\byte-buddy-agent-1.12.8.jar;C:\Users\Bayu\.m2\repository\org\objenesis\objenesis\3.1\objenesis-3.1.jar;C:\Users\Bayu\.m2\repository\net\serenity-bdd\serenity-reports\3.2.1\serenity-reports-3.2.1.jar;C:\Users\Bayu\.m2\repository\net\serenity-bdd\serenity-stats\3.2.1\serenity-stats-3.2.1.jar;C:\Users\Bayu\.m2\repository\net\serenity-bdd\serenity-reports-configuration\3.2.1\serenity-reports-configuration-3.2.1.jar;C:\Users\Bayu\.m2\repository\com\vladsch\flexmark\flexmark-all\0.34.30\flexmark-all-0.34.30.jar;C:\Users\Bayu\.m2\repository\com\vladsch\flexmark\flexmark\0.34.30\flexmark-0.34.30.jar;C:\Users\Bayu\.m2\repository\com\vladsch\flexmark\flexmark-ext-abbreviation\0.34.30\flexmark-ext-abbreviation-0.34.30.jar;C:\Users\Bayu\.m2\repository\com\vladsch\flexmark\flexmark-ext-admonition\0.34.30\flexmark-ext-admonition-0.34.30.jar;C:\Users\Bayu\.m2\repository\com\vladsch\flexmark\flexmark-ext-anchorlink\0.34.30\flexmark-ext-anchorlink-0.34.30.jar;C:\Users\Bayu\.m2\repository\com\vladsch\flexmark\flexmark-ext-aside\0.34.30\flexmark-ext-aside-0.34.30.jar;C:\Users\Bayu\.m2\repository\com\vladsch\flexmark\flexmark-ext-attributes\0.34.30\flexmark-ext-attributes-0.34.30.jar;C:\Users\Bayu\.m2\repository\com\vladsch\flexmark\flexmark-ext-autolink\0.34.30\flexmark-ext-autolink-0.34.30.jar;C:\Users\Bayu\.m2\repository\org\nibor\autolink\autolink\0.6.0\autolink-0.6.0.jar;C:\Users\Bayu\.m2\repository\com\vladsch\flexmark\flexmark-ext-definition\0.34.30\flexmark-ext-definition-0.34.30.jar;C:\Users\Bayu\.m2\repository\com\vladsch\flexmark\flexmark-ext-emoji\0.34.30\flexmark-ext-emoji-0.34.30.jar;C:\Users\Bayu\.m2\repository\com\vladsch\flexmark\flexmark-ext-enumerated-reference\0.34.30\flexmark-ext-enumerated-reference-0.34.30.jar;C:\Users\Bayu\.m2\repository\com\vladsch\flexmark\flexmark-ext-escaped-character\0.34.30\flexmark-ext-escaped-character-0.34.30.jar;C:\Users\Bayu\.m2\repository\com\vladsch\flexmark\flexmark-ext-footnotes\0.34.30\flexmark-ext-footnotes-0.34.30.jar;C:\Users\Bayu\.m2\repository\com\vladsch\flexmark\flexmark-ext-gfm-issues\0.34.30\flexmark-ext-gfm-issues-0.34.30.jar;C:\Users\Bayu\.m2\repository\com\vladsch\flexmark\flexmark-ext-gfm-strikethrough\0.34.30\flexmark-ext-gfm-strikethrough-0.34.30.jar;C:\Users\Bayu\.m2\repository\com\vladsch\flexmark\flexmark-ext-gfm-tables\0.34.30\flexmark-ext-gfm-tables-0.34.30.jar;C:\Users\Bayu\.m2\repository\com\vladsch\flexmark\flexmark-ext-gfm-tasklist\0.34.30\flexmark-ext-gfm-tasklist-0.34.30.jar;C:\Users\Bayu\.m2\repository\com\vladsch\flexmark\flexmark-ext-gfm-users\0.34.30\flexmark-ext-gfm-users-0.34.30.jar;C:\Users\Bayu\.m2\repository\com\vladsch\flexmark\flexmark-ext-gitlab\0.34.30\flexmark-ext-gitlab-0.34.30.jar;C:\Users\Bayu\.m2\repository\com\vladsch\flexmark\flexmark-ext-jekyll-front-matter\0.34.30\flexmark-ext-jekyll-front-matter-0.34.30.jar;C:\Users\Bayu\.m2\repository\com\vladsch\flexmark\flexmark-ext-jekyll-tag\0.34.30\flexmark-ext-jekyll-tag-0.34.30.jar;C:\Users\Bayu\.m2\repository\com\vladsch\flexmark\flexmark-ext-media-tags\0.34.30\flexmark-ext-media-tags-0.34.30.jar;C:\Users\Bayu\.m2\repository\com\vladsch\flexmark\flexmark-test-util\0.34.30\flexmark-test-util-0.34.30.jar;C:\Users\Bayu\.m2\repository\com\vladsch\flexmark\flexmark-ext-ins\0.34.30\flexmark-ext-ins-0.34.30.jar;C:\Users\Bayu\.m2\repository\com\vladsch\flexmark\flexmark-ext-xwiki-macros\0.34.30\flexmark-ext-xwiki-macros-0.34.30.jar;C:\Users\Bayu\.m2\repository\com\vladsch\flexmark\flexmark-ext-superscript\0.34.30\flexmark-ext-superscript-0.34.30.jar;C:\Users\Bayu\.m2\repository\com\vladsch\flexmark\flexmark-ext-tables\0.34.30\flexmark-ext-tables-0.34.30.jar;C:\Users\Bayu\.m2\repository\com\vladsch\flexmark\flexmark-ext-toc\0.34.30\flexmark-ext-toc-0.34.30.jar;C:\Users\Bayu\.m2\repository\com\vladsch\flexmark\flexmark-ext-typographic\0.34.30\flexmark-ext-typographic-0.34.30.jar;C:\Users\Bayu\.m2\repository\com\vladsch\flexmark\flexmark-ext-wikilink\0.34.30\flexmark-ext-wikilink-0.34.30.jar;C:\Users\Bayu\.m2\repository\com\vladsch\flexmark\flexmark-ext-yaml-front-matter\0.34.30\flexmark-ext-yaml-front-matter-0.34.30.jar;C:\Users\Bayu\.m2\repository\com\vladsch\flexmark\flexmark-ext-youtube-embedded\0.34.30\flexmark-ext-youtube-embedded-0.34.30.jar;C:\Users\Bayu\.m2\repository\com\vladsch\flexmark\flexmark-formatter\0.34.30\flexmark-formatter-0.34.30.jar;C:\Users\Bayu\.m2\repository\com\vladsch\flexmark\flexmark-html-parser\0.34.30\flexmark-html-parser-0.34.30.jar;C:\Users\Bayu\.m2\repository\com\vladsch\flexmark\flexmark-jira-converter\0.34.30\flexmark-jira-converter-0.34.30.jar;C:\Users\Bayu\.m2\repository\com\vladsch\flexmark\flexmark-pdf-converter\0.34.30\flexmark-pdf-converter-0.34.30.jar;C:\Users\Bayu\.m2\repository\com\openhtmltopdf\openhtmltopdf-core\0.0.1-RC13\openhtmltopdf-core-0.0.1-RC13.jar;C:\Users\Bayu\.m2\repository\com\openhtmltopdf\openhtmltopdf-pdfbox\0.0.1-RC13\openhtmltopdf-pdfbox-0.0.1-RC13.jar;C:\Users\Bayu\.m2\repository\org\apache\pdfbox\pdfbox\2.0.8\pdfbox-2.0.8.jar;C:\Users\Bayu\.m2\repository\org\apache\pdfbox\fontbox\2.0.8\fontbox-2.0.8.jar;C:\Users\Bayu\.m2\repository\commons-logging\commons-logging\1.2\commons-logging-1.2.jar;C:\Users\Bayu\.m2\repository\org\apache\pdfbox\xmpbox\2.0.8\xmpbox-2.0.8.jar;C:\Users\Bayu\.m2\repository\de\rototor\pdfbox\graphics2d\0.12\graphics2d-0.12.jar;C:\Users\Bayu\.m2\repository\com\openhtmltopdf\openhtmltopdf-rtl-support\0.0.1-RC13\openhtmltopdf-rtl-support-0.0.1-RC13.jar;C:\Users\Bayu\.m2\repository\com\ibm\icu\icu4j\59.1\icu4j-59.1.jar;C:\Users\Bayu\.m2\repository\com\openhtmltopdf\openhtmltopdf-jsoup-dom-converter\0.0.1-RC13\openhtmltopdf-jsoup-dom-converter-0.0.1-RC13.jar;C:\Users\Bayu\.m2\repository\com\vladsch\flexmark\flexmark-profile-pegdown\0.34.30\flexmark-profile-pegdown-0.34.30.jar;C:\Users\Bayu\.m2\repository\com\vladsch\flexmark\flexmark-util\0.34.30\flexmark-util-0.34.30.jar;C:\Users\Bayu\.m2\repository\com\vladsch\flexmark\flexmark-youtrack-converter\0.34.30\flexmark-youtrack-converter-0.34.30.jar;C:\Users\Bayu\.m2\repository\es\nitaur\markdown\txtmark\0.16\txtmark-0.16.jar;C:\Users\Bayu\.m2\repository\net\serenity-bdd\serenity-report-resources\3.2.1\serenity-report-resources-3.2.1.jar;C:\Users\Bayu\.m2\repository\com\google\code\gson\gson\2.9.0\gson-2.9.0.jar;C:\Users\Bayu\.m2\repository\com\fasterxml\jackson\core\jackson-core\2.13.2\jackson-core-2.13.2.jar;C:\Users\Bayu\.m2\repository\com\fasterxml\jackson\core\jackson-databind\2.13.2\jackson-databind-2.13.2.jar;C:\Users\Bayu\.m2\repository\com\fasterxml\jackson\core\jackson-annotations\2.13.2\jackson-annotations-2.13.2.jar;C:\Users\Bayu\.m2\repository\commons-codec\commons-codec\1.15\commons-codec-1.15.jar;C:\Users\Bayu\.m2\repository\commons-io\commons-io\2.11.0\commons-io-2.11.0.jar;C:\Users\Bayu\.m2\repository\org\seleniumhq\selenium\selenium-java\4.1.2\selenium-java-4.1.2.jar;C:\Users\Bayu\.m2\repository\org\seleniumhq\selenium\selenium-devtools-v85\4.1.2\selenium-devtools-v85-4.1.2.jar;C:\Users\Bayu\.m2\repository\org\seleniumhq\selenium\selenium-devtools-v95\4.1.2\selenium-devtools-v95-4.1.2.jar;C:\Users\Bayu\.m2\repository\org\seleniumhq\selenium\selenium-devtools-v96\4.1.2\selenium-devtools-v96-4.1.2.jar;C:\Users\Bayu\.m2\repository\org\seleniumhq\selenium\selenium-devtools-v97\4.1.2\selenium-devtools-v97-4.1.2.jar;C:\Users\Bayu\.m2\repository\org\seleniumhq\selenium\selenium-firefox-xpi-driver\4.1.2\selenium-firefox-xpi-driver-4.1.2.jar;C:\Users\Bayu\.m2\repository\org\seleniumhq\selenium\selenium-opera-driver\4.1.2\selenium-opera-driver-4.1.2.jar;C:\Users\Bayu\.m2\repository\org\seleniumhq\selenium\selenium-remote-driver\4.1.2\selenium-remote-driver-4.1.2.jar;C:\Users\Bayu\.m2\repository\com\beust\jcommander\1.82\jcommander-1.82.jar;C:\Users\Bayu\.m2\repository\io\netty\netty-buffer\4.1.73.Final\netty-buffer-4.1.73.Final.jar;C:\Users\Bayu\.m2\repository\io\netty\netty-codec-http\4.1.73.Final\netty-codec-http-4.1.73.Final.jar;C:\Users\Bayu\.m2\repository\io\netty\netty-codec\4.1.73.Final\netty-codec-4.1.73.Final.jar;C:\Users\Bayu\.m2\repository\io\netty\netty-handler\4.1.73.Final\netty-handler-4.1.73.Final.jar;C:\Users\Bayu\.m2\repository\io\netty\netty-tcnative-classes\2.0.46.Final\netty-tcnative-classes-2.0.46.Final.jar;C:\Users\Bayu\.m2\repository\io\netty\netty-common\4.1.73.Final\netty-common-4.1.73.Final.jar;C:\Users\Bayu\.m2\repository\io\netty\netty-transport-classes-epoll\4.1.73.Final\netty-transport-classes-epoll-4.1.73.Final.jar;C:\Users\Bayu\.m2\repository\io\netty\netty-transport-classes-kqueue\4.1.73.Final\netty-transport-classes-kqueue-4.1.73.Final.jar;C:\Users\Bayu\.m2\repository\io\netty\netty-transport-native-epoll\4.1.73.Final\netty-transport-native-epoll-4.1.73.Final.jar;C:\Users\Bayu\.m2\repository\io\netty\netty-transport-native-kqueue\4.1.73.Final\netty-transport-native-kqueue-4.1.73.Final.jar;C:\Users\Bayu\.m2\repository\io\netty\netty-transport-native-unix-common\4.1.73.Final\netty-transport-native-unix-common-4.1.73.Final.jar;C:\Users\Bayu\.m2\repository\io\netty\netty-transport\4.1.73.Final\netty-transport-4.1.73.Final.jar;C:\Users\Bayu\.m2\repository\io\netty\netty-resolver\4.1.73.Final\netty-resolver-4.1.73.Final.jar;C:\Users\Bayu\.m2\repository\io\opentelemetry\opentelemetry-api\1.10.1\opentelemetry-api-1.10.1.jar;C:\Users\Bayu\.m2\repository\io\opentelemetry\opentelemetry-context\1.10.1\opentelemetry-context-1.10.1.jar;C:\Users\Bayu\.m2\repository\io\opentelemetry\opentelemetry-exporter-logging\1.10.1\opentelemetry-exporter-logging-1.10.1.jar;C:\Users\Bayu\.m2\repository\io\opentelemetry\opentelemetry-sdk-metrics\1.10.1-alpha\opentelemetry-sdk-metrics-1.10.1-alpha.jar;C:\Users\Bayu\.m2\repository\io\opentelemetry\opentelemetry-sdk-logs\1.10.1-alpha\opentelemetry-sdk-logs-1.10.1-alpha.jar;C:\Users\Bayu\.m2\repository\io\opentelemetry\opentelemetry-sdk-common\1.10.1\opentelemetry-sdk-common-1.10.1.jar;C:\Users\Bayu\.m2\repository\io\opentelemetry\opentelemetry-sdk-extension-autoconfigure-spi\1.10.1\opentelemetry-sdk-extension-autoconfigure-spi-1.10.1.jar;C:\Users\Bayu\.m2\repository\io\opentelemetry\opentelemetry-sdk-extension-autoconfigure\1.10.1-alpha\opentelemetry-sdk-extension-autoconfigure-1.10.1-alpha.jar;C:\Users\Bayu\.m2\repository\io\opentelemetry\opentelemetry-sdk-trace\1.10.1\opentelemetry-sdk-trace-1.10.1.jar;C:\Users\Bayu\.m2\repository\io\opentelemetry\opentelemetry-sdk\1.10.1\opentelemetry-sdk-1.10.1.jar;C:\Users\Bayu\.m2\repository\io\opentelemetry\opentelemetry-semconv\1.10.1-alpha\opentelemetry-semconv-1.10.1-alpha.jar;C:\Users\Bayu\.m2\repository\io\ous\jtoml\2.0.0\jtoml-2.0.0.jar;C:\Users\Bayu\.m2\repository\org\apache\commons\commons-exec\1.3\commons-exec-1.3.jar;C:\Users\Bayu\.m2\repository\org\asynchttpclient\async-http-client\2.12.3\async-http-client-2.12.3.jar;C:\Users\Bayu\.m2\repository\org\asynchttpclient\async-http-client-netty-utils\2.12.3\async-http-client-netty-utils-2.12.3.jar;C:\Users\Bayu\.m2\repository\io\netty\netty-codec-socks\4.1.60.Final\netty-codec-socks-4.1.60.Final.jar;C:\Users\Bayu\.m2\repository\io\netty\netty-handler-proxy\4.1.60.Final\netty-handler-proxy-4.1.60.Final.jar;C:\Users\Bayu\.m2\repository\io\netty\netty-transport-native-epoll\4.1.60.Final\netty-transport-native-epoll-4.1.60.Final-linux-x86_64.jar;C:\Users\Bayu\.m2\repository\io\netty\netty-transport-native-kqueue\4.1.60.Final\netty-transport-native-kqueue-4.1.60.Final-osx-x86_64.jar;C:\Users\Bayu\.m2\repository\org\reactivestreams\reactive-streams\1.0.3\reactive-streams-1.0.3.jar;C:\Users\Bayu\.m2\repository\com\typesafe\netty\netty-reactive-streams\2.0.4\netty-reactive-streams-2.0.4.jar;C:\Users\Bayu\.m2\repository\org\seleniumhq\selenium\selenium-http\4.1.2\selenium-http-4.1.2.jar;C:\Users\Bayu\.m2\repository\net\jodah\failsafe\2.4.4\failsafe-2.4.4.jar;C:\Users\Bayu\.m2\repository\org\seleniumhq\selenium\selenium-safari-driver\4.1.2\selenium-safari-driver-4.1.2.jar;C:\Users\Bayu\.m2\repository\org\seleniumhq\selenium\selenium-api\4.1.2\selenium-api-4.1.2.jar;C:\Users\Bayu\.m2\repository\org\seleniumhq\selenium\selenium-support\4.1.2\selenium-support-4.1.2.jar;C:\Users\Bayu\.m2\repository\com\google\auto\service\auto-service-annotations\1.0.1\auto-service-annotations-1.0.1.jar;C:\Users\Bayu\.m2\repository\com\google\auto\service\auto-service\1.0.1\auto-service-1.0.1.jar;C:\Users\Bayu\.m2\repository\com\google\auto\auto-common\1.2\auto-common-1.2.jar;C:\Users\Bayu\.m2\repository\org\seleniumhq\selenium\selenium-json\4.1.2\selenium-json-4.1.2.jar;C:\Users\Bayu\.m2\repository\org\seleniumhq\selenium\selenium-chrome-driver\4.1.2\selenium-chrome-driver-4.1.2.jar;C:\Users\Bayu\.m2\repository\org\seleniumhq\selenium\selenium-chromium-driver\4.1.2\selenium-chromium-driver-4.1.2.jar;C:\Users\Bayu\.m2\repository\org\seleniumhq\selenium\selenium-firefox-driver\4.1.2\selenium-firefox-driver-4.1.2.jar;C:\Users\Bayu\.m2\repository\org\seleniumhq\selenium\selenium-edge-driver\4.1.2\selenium-edge-driver-4.1.2.jar;C:\Users\Bayu\.m2\repository\org\seleniumhq\selenium\selenium-ie-driver\4.1.2\selenium-ie-driver-4.1.2.jar;C:\Users\Bayu\.m2\repository\org\projectlombok\lombok\1.18.20\lombok-1.18.20.jar;C:\Users\Bayu\.m2\repository\io\appium\java-client\8.0.0\java-client-8.0.0.jar;C:\Users\Bayu\.m2\repository\commons-validator\commons-validator\1.7\commons-validator-1.7.jar;C:\Users\Bayu\.m2\repository\commons-digester\commons-digester\2.1\commons-digester-2.1.jar;C:\Users\Bayu\.m2\repository\org\aspectj\aspectjweaver\1.9.8\aspectjweaver-1.9.8.jar;C:\Users\Bayu\.m2\repository\org\codehaus\groovy\groovy\3.0.10\groovy-3.0.10.jar;C:\Users\Bayu\.m2\repository\net\sf\opencsv\opencsv\2.0\opencsv-2.0.jar;C:\Users\Bayu\.m2\repository\commons-beanutils\commons-beanutils\1.9.4\commons-beanutils-1.9.4.jar;C:\Users\Bayu\.m2\repository\org\apache\commons\commons-lang3\3.12.0\commons-lang3-3.12.0.jar;C:\Users\Bayu\.m2\repository\commons-collections\commons-collections\3.2.2\commons-collections-3.2.2.jar;C:\Users\Bayu\.m2\repository\org\fluentlenium\fluentlenium-core\0.10.2\fluentlenium-core-0.10.2.jar;C:\Users\Bayu\.m2\repository\io\github\bonigarcia\webdrivermanager\5.1.0\webdrivermanager-5.1.0.jar;C:\Users\Bayu\.m2\repository\com\github\docker-java\docker-java\3.2.13\docker-java-3.2.13.jar;C:\Users\Bayu\.m2\repository\com\github\docker-java\docker-java-core\3.2.13\docker-java-core-3.2.13.jar;C:\Users\Bayu\.m2\repository\com\github\docker-java\docker-java-api\3.2.13\docker-java-api-3.2.13.jar;C:\Users\Bayu\.m2\repository\org\apache\commons\commons-compress\1.21\commons-compress-1.21.jar;C:\Users\Bayu\.m2\repository\org\bouncycastle\bcpkix-jdk15on\1.64\bcpkix-jdk15on-1.64.jar;C:\Users\Bayu\.m2\repository\org\bouncycastle\bcprov-jdk15on\1.64\bcprov-jdk15on-1.64.jar;C:\Users\Bayu\.m2\repository\org\slf4j\jcl-over-slf4j\1.7.30\jcl-over-slf4j-1.7.30.jar;C:\Users\Bayu\.m2\repository\com\github\docker-java\docker-java-transport-httpclient5\3.2.13\docker-java-transport-httpclient5-3.2.13.jar;C:\Users\Bayu\.m2\repository\com\github\docker-java\docker-java-transport\3.2.13\docker-java-transport-3.2.13.jar;C:\Users\Bayu\.m2\repository\org\apache\httpcomponents\client5\httpclient5\5.0.3\httpclient5-5.0.3.jar;C:\Users\Bayu\.m2\repository\org\apache\httpcomponents\core5\httpcore5\5.0.2\httpcore5-5.0.2.jar;C:\Users\Bayu\.m2\repository\net\java\dev\jna\jna\5.8.0\jna-5.8.0.jar;C:\Users\Bayu\.m2\repository\org\brotli\dec\0.1.2\dec-0.1.2.jar;C:\Users\Bayu\.m2\repository\com\jhlabs\filters\2.0.235\filters-2.0.235.jar;C:\Users\Bayu\.m2\repository\com\paulhammant\ngwebdriver\1.1.6\ngwebdriver-1.1.6.jar;C:\Users\Bayu\.m2\repository\joda-time\joda-time\2.8.2\joda-time-2.8.2.jar;C:\Users\Bayu\.m2\repository\org\hamcrest\hamcrest\2.2\hamcrest-2.2.jar;C:\Users\Bayu\.m2\repository\com\google\jimfs\jimfs\1.2\jimfs-1.2.jar;C:\Users\Bayu\.m2\repository\org\mockito\mockito-core\3.3.3\mockito-core-3.3.3.jar;C:\Users\Bayu\.m2\repository\javax\xml\bind\jaxb-api\2.3.1\jaxb-api-2.3.1.jar;C:\Users\Bayu\.m2\repository\javax\activation\javax.activation-api\1.2.0\javax.activation-api-1.2.0.jar;C:\Users\Bayu\.m2\repository\com\sun\xml\bind\jaxb-core\2.3.0.1\jaxb-core-2.3.0.1.jar;C:\Users\Bayu\.m2\repository\com\sun\xml\bind\jaxb-impl\2.3.3\jaxb-impl-2.3.3.jar;C:\Users\Bayu\.m2\repository\jakarta\xml\bind\jakarta.xml.bind-api\2.3.3\jakarta.xml.bind-api-2.3.3.jar;C:\Users\Bayu\.m2\repository\com\sun\activation\jakarta.activation\1.2.2\jakarta.activation-1.2.2.jar;C:\Users\Bayu\.m2\repository\javax\activation\activation\1.1.1\activation-1.1.1.jar;C:\Users\Bayu\.m2\repository\net\serenity-bdd\serenity-cucumber\3.2.1\serenity-cucumber-3.2.1.jar;C:\Users\Bayu\.m2\repository\io\cucumber\cucumber-core\7.2.3\cucumber-core-7.2.3.jar;C:\Users\Bayu\.m2\repository\io\cucumber\cucumber-gherkin\7.2.3\cucumber-gherkin-7.2.3.jar;C:\Users\Bayu\.m2\repository\io\cucumber\cucumber-gherkin-messages\7.2.3\cucumber-gherkin-messages-7.2.3.jar;C:\Users\Bayu\.m2\repository\io\cucumber\messages\17.1.1\messages-17.1.1.jar;C:\Users\Bayu\.m2\repository\io\cucumber\tag-expressions\4.1.0\tag-expressions-4.1.0.jar;C:\Users\Bayu\.m2\repository\io\cucumber\cucumber-expressions\15.0.1\cucumber-expressions-15.0.1.jar;C:\Users\Bayu\.m2\repository\io\cucumber\datatable\7.2.3\datatable-7.2.3.jar;C:\Users\Bayu\.m2\repository\io\cucumber\cucumber-plugin\7.2.3\cucumber-plugin-7.2.3.jar;C:\Users\Bayu\.m2\repository\io\cucumber\docstring\7.2.3\docstring-7.2.3.jar;C:\Users\Bayu\.m2\repository\io\cucumber\html-formatter\17.0.0\html-formatter-17.0.0.jar;C:\Users\Bayu\.m2\repository\io\cucumber\ci-environment\8.1.0\ci-environment-8.1.0.jar;C:\Users\Bayu\.m2\repository\io\cucumber\cucumber-junit\7.2.3\cucumber-junit-7.2.3.jar;C:\Users\Bayu\.m2\repository\org\apache\commons\commons-csv\1.5\commons-csv-1.5.jar;C:\Users\Bayu\.m2\repository\net\serenity-bdd\serenity-screenplay\3.2.1\serenity-screenplay-3.2.1.jar;C:\Users\Bayu\.m2\repository\net\serenity-bdd\serenity-screenplay-webdriver\3.2.1\serenity-screenplay-webdriver-3.2.1.jar;C:\Users\Bayu\.m2\repository\net\serenity-bdd\serenity-ensure\3.2.1\serenity-ensure-3.2.1.jar;C:\Users\Bayu\.m2\repository\net\serenity-bdd\serenity-junit\3.2.1\serenity-junit-3.2.1.jar;C:\Users\Bayu\.m2\repository\org\jetbrains\kotlin\kotlin-stdlib\1.6.0\kotlin-stdlib-1.6.0.jar;C:\Users\Bayu\.m2\repository\org\jetbrains\annotations\13.0\annotations-13.0.jar;C:\Users\Bayu\.m2\repository\org\jetbrains\kotlin\kotlin-stdlib-common\1.6.0\kotlin-stdlib-common-1.6.0.jar;C:\Users\Bayu\.m2\repository\org\junit\platform\junit-platform-launcher\1.8.1\junit-platform-launcher-1.8.1.jar;C:\Users\Bayu\.m2\repository\org\junit\platform\junit-platform-engine\1.8.1\junit-platform-engine-1.8.1.jar;C:\Users\Bayu\.m2\repository\org\opentest4j\opentest4j\1.2.0\opentest4j-1.2.0.jar;C:\Users\Bayu\.m2\repository\org\junit\platform\junit-platform-commons\1.8.1\junit-platform-commons-1.8.1.jar;C:\Users\Bayu\.m2\repository\org\apiguardian\apiguardian-api\1.1.2\apiguardian-api-1.1.2.jar;C:\Users\Bayu\.m2\repository\org\junit\jupiter\junit-jupiter-engine\5.8.2\junit-jupiter-engine-5.8.2.jar;C:\Users\Bayu\.m2\repository\org\junit\jupiter\junit-jupiter-api\5.8.2\junit-jupiter-api-5.8.2.jar;C:\Users\Bayu\.m2\repository\org\junit\vintage\junit-vintage-engine\5.8.2\junit-vintage-engine-5.8.2.jar;C:\Users\Bayu\.m2\repository\junit\junit\4.13.2\junit-4.13.2.jar;C:\Users\Bayu\.m2\repository\org\hamcrest\hamcrest-core\1.3\hamcrest-core-1.3.jar;C:\Users\Bayu\.m2\repository\ch\qos\logback\logback-classic\1.2.10\logback-classic-1.2.10.jar;C:\Users\Bayu\.m2\repository\ch\qos\logback\logback-core\1.2.10\logback-core-1.2.10.jar;C:\Users\Bayu\.m2\repository\org\slf4j\slf4j-api\1.7.32\slf4j-api-1.7.32.jar;C:\Users\Bayu\.m2\repository\org\assertj\assertj-core\3.6.2\assertj-core-3.6.2.jar;"/>
    <property name="java.vm.vendor" value="Oracle Corporation"/>
    <property name="sun.arch.data.model" value="64"/>
    <property name="user.variant" value=""/>
    <property name="java.vendor.url" value="https://openjdk.java.net/"/>
    <property name="user.timezone" value="Asia/Bangkok"/>
    <property name="log4j2.formatMsgNoLookups" value="true"/>
    <property name="java.vm.specification.version" value="11"/>
    <property name="os.name" value="Windows 10"/>
    <property name="sun.java.launcher" value="SUN_STANDARD"/>
    <property name="user.country" value="ID"/>
    <property name="sun.boot.library.path" value="C:\Program Files\Java\jdk-11.0.16\bin"/>
    <property name="sun.java.command" value="org.apache.maven.surefire.booter.ForkedBooter C:\Users\Bayu\AppData\Local\Temp\surefire4463540379750739486 2022-10-04T16-19-09_417-jvmRun1 surefire18115642618928863898tmp surefire_01327657232313721419tmp"/>
    <property name="jdk.debug" value="release"/>
    <property name="surefire.test.class.path" value="D:\File Baru\Kuliah\Quality Engineer\qe_Bayu-Septyan-Nur-Hidayat\21_Review_Web_UI_Testing_with_Serenity\Praktikum\untitled\target\test-classes;C:\Users\Bayu\.m2\repository\net\serenity-bdd\serenity-core\3.2.1\serenity-core-3.2.1.jar;C:\Users\Bayu\.m2\repository\net\serenity-bdd\serenity-model\3.2.1\serenity-model-3.2.1.jar;C:\Users\Bayu\.m2\repository\org\apache\commons\commons-text\1.9\commons-text-1.9.jar;C:\Users\Bayu\.m2\repository\commons-net\commons-net\3.8.0\commons-net-3.8.0.jar;C:\Users\Bayu\.m2\repository\com\google\guava\guava\31.1-jre\guava-31.1-jre.jar;C:\Users\Bayu\.m2\repository\com\google\guava\failureaccess\1.0.1\failureaccess-1.0.1.jar;C:\Users\Bayu\.m2\repository\com\google\guava\listenablefuture\9999.0-empty-to-avoid-conflict-with-guava\listenablefuture-9999.0-empty-to-avoid-conflict-with-guava.jar;C:\Users\Bayu\.m2\repository\com\google\code\findbugs\jsr305\3.0.2\jsr305-3.0.2.jar;C:\Users\Bayu\.m2\repository\org\checkerframework\checker-qual\3.12.0\checker-qual-3.12.0.jar;C:\Users\Bayu\.m2\repository\com\google\errorprone\error_prone_annotations\2.11.0\error_prone_annotations-2.11.0.jar;C:\Users\Bayu\.m2\repository\com\google\j2objc\j2objc-annotations\1.3\j2objc-annotations-1.3.jar;C:\Users\Bayu\.m2\repository\com\google\inject\guice\5.1.0\guice-5.1.0.jar;C:\Users\Bayu\.m2\repository\javax\inject\javax.inject\1\javax.inject-1.jar;C:\Users\Bayu\.m2\repository\aopalliance\aopalliance\1.0\aopalliance-1.0.jar;C:\Users\Bayu\.m2\repository\org\jsoup\jsoup\1.14.3\jsoup-1.14.3.jar;C:\Users\Bayu\.m2\repository\com\thoughtworks\xstream\xstream\1.4.19\xstream-1.4.19.jar;C:\Users\Bayu\.m2\repository\io\github\x-stream\mxparser\1.2.2\mxparser-1.2.2.jar;C:\Users\Bayu\.m2\repository\xmlpull\xmlpull\1.1.3.1\xmlpull-1.1.3.1.jar;C:\Users\Bayu\.m2\repository\io\cucumber\cucumber-java\7.2.3\cucumber-java-7.2.3.jar;C:\Users\Bayu\.m2\repository\com\typesafe\config\1.4.2\config-1.4.2.jar;C:\Users\Bayu\.m2\repository\org\imgscalr\imgscalr-lib\4.2\imgscalr-lib-4.2.jar;C:\Users\Bayu\.m2\repository\org\awaitility\awaitility\4.2.0\awaitility-4.2.0.jar;C:\Users\Bayu\.m2\repository\org\freemarker\freemarker\2.3.31\freemarker-2.3.31.jar;C:\Users\Bayu\.m2\repository\io\github\classgraph\classgraph\4.8.138\classgraph-4.8.138.jar;C:\Users\Bayu\.m2\repository\net\sourceforge\jexcelapi\jxl\2.6.12\jxl-2.6.12.jar;C:\Users\Bayu\.m2\repository\net\bytebuddy\byte-buddy\1.12.8\byte-buddy-1.12.8.jar;C:\Users\Bayu\.m2\repository\net\bytebuddy\byte-buddy-agent\1.12.8\byte-buddy-agent-1.12.8.jar;C:\Users\Bayu\.m2\repository\org\objenesis\objenesis\3.1\objenesis-3.1.jar;C:\Users\Bayu\.m2\repository\net\serenity-bdd\serenity-reports\3.2.1\serenity-reports-3.2.1.jar;C:\Users\Bayu\.m2\repository\net\serenity-bdd\serenity-stats\3.2.1\serenity-stats-3.2.1.jar;C:\Users\Bayu\.m2\repository\net\serenity-bdd\serenity-reports-configuration\3.2.1\serenity-reports-configuration-3.2.1.jar;C:\Users\Bayu\.m2\repository\com\vladsch\flexmark\flexmark-all\0.34.30\flexmark-all-0.34.30.jar;C:\Users\Bayu\.m2\repository\com\vladsch\flexmark\flexmark\0.34.30\flexmark-0.34.30.jar;C:\Users\Bayu\.m2\repository\com\vladsch\flexmark\flexmark-ext-abbreviation\0.34.30\flexmark-ext-abbreviation-0.34.30.jar;C:\Users\Bayu\.m2\repository\com\vladsch\flexmark\flexmark-ext-admonition\0.34.30\flexmark-ext-admonition-0.34.30.jar;C:\Users\Bayu\.m2\repository\com\vladsch\flexmark\flexmark-ext-anchorlink\0.34.30\flexmark-ext-anchorlink-0.34.30.jar;C:\Users\Bayu\.m2\repository\com\vladsch\flexmark\flexmark-ext-aside\0.34.30\flexmark-ext-aside-0.34.30.jar;C:\Users\Bayu\.m2\repository\com\vladsch\flexmark\flexmark-ext-attributes\0.34.30\flexmark-ext-attributes-0.34.30.jar;C:\Users\Bayu\.m2\repository\com\vladsch\flexmark\flexmark-ext-autolink\0.34.30\flexmark-ext-autolink-0.34.30.jar;C:\Users\Bayu\.m2\repository\org\nibor\autolink\autolink\0.6.0\autolink-0.6.0.jar;C:\Users\Bayu\.m2\repository\com\vladsch\flexmark\flexmark-ext-definition\0.34.30\flexmark-ext-definition-0.34.30.jar;C:\Users\Bayu\.m2\repository\com\vladsch\flexmark\flexmark-ext-emoji\0.34.30\flexmark-ext-emoji-0.34.30.jar;C:\Users\Bayu\.m2\repository\com\vladsch\flexmark\flexmark-ext-enumerated-reference\0.34.30\flexmark-ext-enumerated-reference-0.34.30.jar;C:\Users\Bayu\.m2\repository\com\vladsch\flexmark\flexmark-ext-escaped-character\0.34.30\flexmark-ext-escaped-character-0.34.30.jar;C:\Users\Bayu\.m2\repository\com\vladsch\flexmark\flexmark-ext-footnotes\0.34.30\flexmark-ext-footnotes-0.34.30.jar;C:\Users\Bayu\.m2\repository\com\vladsch\flexmark\flexmark-ext-gfm-issues\0.34.30\flexmark-ext-gfm-issues-0.34.30.jar;C:\Users\Bayu\.m2\repository\com\vladsch\flexmark\flexmark-ext-gfm-strikethrough\0.34.30\flexmark-ext-gfm-strikethrough-0.34.30.jar;C:\Users\Bayu\.m2\repository\com\vladsch\flexmark\flexmark-ext-gfm-tables\0.34.30\flexmark-ext-gfm-tables-0.34.30.jar;C:\Users\Bayu\.m2\repository\com\vladsch\flexmark\flexmark-ext-gfm-tasklist\0.34.30\flexmark-ext-gfm-tasklist-0.34.30.jar;C:\Users\Bayu\.m2\repository\com\vladsch\flexmark\flexmark-ext-gfm-users\0.34.30\flexmark-ext-gfm-users-0.34.30.jar;C:\Users\Bayu\.m2\repository\com\vladsch\flexmark\flexmark-ext-gitlab\0.34.30\flexmark-ext-gitlab-0.34.30.jar;C:\Users\Bayu\.m2\repository\com\vladsch\flexmark\flexmark-ext-jekyll-front-matter\0.34.30\flexmark-ext-jekyll-front-matter-0.34.30.jar;C:\Users\Bayu\.m2\repository\com\vladsch\flexmark\flexmark-ext-jekyll-tag\0.34.30\flexmark-ext-jekyll-tag-0.34.30.jar;C:\Users\Bayu\.m2\repository\com\vladsch\flexmark\flexmark-ext-media-tags\0.34.30\flexmark-ext-media-tags-0.34.30.jar;C:\Users\Bayu\.m2\repository\com\vladsch\flexmark\flexmark-test-util\0.34.30\flexmark-test-util-0.34.30.jar;C:\Users\Bayu\.m2\repository\com\vladsch\flexmark\flexmark-ext-ins\0.34.30\flexmark-ext-ins-0.34.30.jar;C:\Users\Bayu\.m2\repository\com\vladsch\flexmark\flexmark-ext-xwiki-macros\0.34.30\flexmark-ext-xwiki-macros-0.34.30.jar;C:\Users\Bayu\.m2\repository\com\vladsch\flexmark\flexmark-ext-superscript\0.34.30\flexmark-ext-superscript-0.34.30.jar;C:\Users\Bayu\.m2\repository\com\vladsch\flexmark\flexmark-ext-tables\0.34.30\flexmark-ext-tables-0.34.30.jar;C:\Users\Bayu\.m2\repository\com\vladsch\flexmark\flexmark-ext-toc\0.34.30\flexmark-ext-toc-0.34.30.jar;C:\Users\Bayu\.m2\repository\com\vladsch\flexmark\flexmark-ext-typographic\0.34.30\flexmark-ext-typographic-0.34.30.jar;C:\Users\Bayu\.m2\repository\com\vladsch\flexmark\flexmark-ext-wikilink\0.34.30\flexmark-ext-wikilink-0.34.30.jar;C:\Users\Bayu\.m2\repository\com\vladsch\flexmark\flexmark-ext-yaml-front-matter\0.34.30\flexmark-ext-yaml-front-matter-0.34.30.jar;C:\Users\Bayu\.m2\repository\com\vladsch\flexmark\flexmark-ext-youtube-embedded\0.34.30\flexmark-ext-youtube-embedded-0.34.30.jar;C:\Users\Bayu\.m2\repository\com\vladsch\flexmark\flexmark-formatter\0.34.30\flexmark-formatter-0.34.30.jar;C:\Users\Bayu\.m2\repository\com\vladsch\flexmark\flexmark-html-parser\0.34.30\flexmark-html-parser-0.34.30.jar;C:\Users\Bayu\.m2\repository\com\vladsch\flexmark\flexmark-jira-converter\0.34.30\flexmark-jira-converter-0.34.30.jar;C:\Users\Bayu\.m2\repository\com\vladsch\flexmark\flexmark-pdf-converter\0.34.30\flexmark-pdf-converter-0.34.30.jar;C:\Users\Bayu\.m2\repository\com\openhtmltopdf\openhtmltopdf-core\0.0.1-RC13\openhtmltopdf-core-0.0.1-RC13.jar;C:\Users\Bayu\.m2\repository\com\openhtmltopdf\openhtmltopdf-pdfbox\0.0.1-RC13\openhtmltopdf-pdfbox-0.0.1-RC13.jar;C:\Users\Bayu\.m2\repository\org\apache\pdfbox\pdfbox\2.0.8\pdfbox-2.0.8.jar;C:\Users\Bayu\.m2\repository\org\apache\pdfbox\fontbox\2.0.8\fontbox-2.0.8.jar;C:\Users\Bayu\.m2\repository\commons-logging\commons-logging\1.2\commons-logging-1.2.jar;C:\Users\Bayu\.m2\repository\org\apache\pdfbox\xmpbox\2.0.8\xmpbox-2.0.8.jar;C:\Users\Bayu\.m2\repository\de\rototor\pdfbox\graphics2d\0.12\graphics2d-0.12.jar;C:\Users\Bayu\.m2\repository\com\openhtmltopdf\openhtmltopdf-rtl-support\0.0.1-RC13\openhtmltopdf-rtl-support-0.0.1-RC13.jar;C:\Users\Bayu\.m2\repository\com\ibm\icu\icu4j\59.1\icu4j-59.1.jar;C:\Users\Bayu\.m2\repository\com\openhtmltopdf\openhtmltopdf-jsoup-dom-converter\0.0.1-RC13\openhtmltopdf-jsoup-dom-converter-0.0.1-RC13.jar;C:\Users\Bayu\.m2\repository\com\vladsch\flexmark\flexmark-profile-pegdown\0.34.30\flexmark-profile-pegdown-0.34.30.jar;C:\Users\Bayu\.m2\repository\com\vladsch\flexmark\flexmark-util\0.34.30\flexmark-util-0.34.30.jar;C:\Users\Bayu\.m2\repository\com\vladsch\flexmark\flexmark-youtrack-converter\0.34.30\flexmark-youtrack-converter-0.34.30.jar;C:\Users\Bayu\.m2\repository\es\nitaur\markdown\txtmark\0.16\txtmark-0.16.jar;C:\Users\Bayu\.m2\repository\net\serenity-bdd\serenity-report-resources\3.2.1\serenity-report-resources-3.2.1.jar;C:\Users\Bayu\.m2\repository\com\google\code\gson\gson\2.9.0\gson-2.9.0.jar;C:\Users\Bayu\.m2\repository\com\fasterxml\jackson\core\jackson-core\2.13.2\jackson-core-2.13.2.jar;C:\Users\Bayu\.m2\repository\com\fasterxml\jackson\core\jackson-databind\2.13.2\jackson-databind-2.13.2.jar;C:\Users\Bayu\.m2\repository\com\fasterxml\jackson\core\jackson-annotations\2.13.2\jackson-annotations-2.13.2.jar;C:\Users\Bayu\.m2\repository\commons-codec\commons-codec\1.15\commons-codec-1.15.jar;C:\Users\Bayu\.m2\repository\commons-io\commons-io\2.11.0\commons-io-2.11.0.jar;C:\Users\Bayu\.m2\repository\org\seleniumhq\selenium\selenium-java\4.1.2\selenium-java-4.1.2.jar;C:\Users\Bayu\.m2\repository\org\seleniumhq\selenium\selenium-devtools-v85\4.1.2\selenium-devtools-v85-4.1.2.jar;C:\Users\Bayu\.m2\repository\org\seleniumhq\selenium\selenium-devtools-v95\4.1.2\selenium-devtools-v95-4.1.2.jar;C:\Users\Bayu\.m2\repository\org\seleniumhq\selenium\selenium-devtools-v96\4.1.2\selenium-devtools-v96-4.1.2.jar;C:\Users\Bayu\.m2\repository\org\seleniumhq\selenium\selenium-devtools-v97\4.1.2\selenium-devtools-v97-4.1.2.jar;C:\Users\Bayu\.m2\repository\org\seleniumhq\selenium\selenium-firefox-xpi-driver\4.1.2\selenium-firefox-xpi-driver-4.1.2.jar;C:\Users\Bayu\.m2\repository\org\seleniumhq\selenium\selenium-opera-driver\4.1.2\selenium-opera-driver-4.1.2.jar;C:\Users\Bayu\.m2\repository\org\seleniumhq\selenium\selenium-remote-driver\4.1.2\selenium-remote-driver-4.1.2.jar;C:\Users\Bayu\.m2\repository\com\beust\jcommander\1.82\jcommander-1.82.jar;C:\Users\Bayu\.m2\repository\io\netty\netty-buffer\4.1.73.Final\netty-buffer-4.1.73.Final.jar;C:\Users\Bayu\.m2\repository\io\netty\netty-codec-http\4.1.73.Final\netty-codec-http-4.1.73.Final.jar;C:\Users\Bayu\.m2\repository\io\netty\netty-codec\4.1.73.Final\netty-codec-4.1.73.Final.jar;C:\Users\Bayu\.m2\repository\io\netty\netty-handler\4.1.73.Final\netty-handler-4.1.73.Final.jar;C:\Users\Bayu\.m2\repository\io\netty\netty-tcnative-classes\2.0.46.Final\netty-tcnative-classes-2.0.46.Final.jar;C:\Users\Bayu\.m2\repository\io\netty\netty-common\4.1.73.Final\netty-common-4.1.73.Final.jar;C:\Users\Bayu\.m2\repository\io\netty\netty-transport-classes-epoll\4.1.73.Final\netty-transport-classes-epoll-4.1.73.Final.jar;C:\Users\Bayu\.m2\repository\io\netty\netty-transport-classes-kqueue\4.1.73.Final\netty-transport-classes-kqueue-4.1.73.Final.jar;C:\Users\Bayu\.m2\repository\io\netty\netty-transport-native-epoll\4.1.73.Final\netty-transport-native-epoll-4.1.73.Final.jar;C:\Users\Bayu\.m2\repository\io\netty\netty-transport-native-kqueue\4.1.73.Final\netty-transport-native-kqueue-4.1.73.Final.jar;C:\Users\Bayu\.m2\repository\io\netty\netty-transport-native-unix-common\4.1.73.Final\netty-transport-native-unix-common-4.1.73.Final.jar;C:\Users\Bayu\.m2\repository\io\netty\netty-transport\4.1.73.Final\netty-transport-4.1.73.Final.jar;C:\Users\Bayu\.m2\repository\io\netty\netty-resolver\4.1.73.Final\netty-resolver-4.1.73.Final.jar;C:\Users\Bayu\.m2\repository\io\opentelemetry\opentelemetry-api\1.10.1\opentelemetry-api-1.10.1.jar;C:\Users\Bayu\.m2\repository\io\opentelemetry\opentelemetry-context\1.10.1\opentelemetry-context-1.10.1.jar;C:\Users\Bayu\.m2\repository\io\opentelemetry\opentelemetry-exporter-logging\1.10.1\opentelemetry-exporter-logging-1.10.1.jar;C:\Users\Bayu\.m2\repository\io\opentelemetry\opentelemetry-sdk-metrics\1.10.1-alpha\opentelemetry-sdk-metrics-1.10.1-alpha.jar;C:\Users\Bayu\.m2\repository\io\opentelemetry\opentelemetry-sdk-logs\1.10.1-alpha\opentelemetry-sdk-logs-1.10.1-alpha.jar;C:\Users\Bayu\.m2\repository\io\opentelemetry\opentelemetry-sdk-common\1.10.1\opentelemetry-sdk-common-1.10.1.jar;C:\Users\Bayu\.m2\repository\io\opentelemetry\opentelemetry-sdk-extension-autoconfigure-spi\1.10.1\opentelemetry-sdk-extension-autoconfigure-spi-1.10.1.jar;C:\Users\Bayu\.m2\repository\io\opentelemetry\opentelemetry-sdk-extension-autoconfigure\1.10.1-alpha\opentelemetry-sdk-extension-autoconfigure-1.10.1-alpha.jar;C:\Users\Bayu\.m2\repository\io\opentelemetry\opentelemetry-sdk-trace\1.10.1\opentelemetry-sdk-trace-1.10.1.jar;C:\Users\Bayu\.m2\repository\io\opentelemetry\opentelemetry-sdk\1.10.1\opentelemetry-sdk-1.10.1.jar;C:\Users\Bayu\.m2\repository\io\opentelemetry\opentelemetry-semconv\1.10.1-alpha\opentelemetry-semconv-1.10.1-alpha.jar;C:\Users\Bayu\.m2\repository\io\ous\jtoml\2.0.0\jtoml-2.0.0.jar;C:\Users\Bayu\.m2\repository\org\apache\commons\commons-exec\1.3\commons-exec-1.3.jar;C:\Users\Bayu\.m2\repository\org\asynchttpclient\async-http-client\2.12.3\async-http-client-2.12.3.jar;C:\Users\Bayu\.m2\repository\org\asynchttpclient\async-http-client-netty-utils\2.12.3\async-http-client-netty-utils-2.12.3.jar;C:\Users\Bayu\.m2\repository\io\netty\netty-codec-socks\4.1.60.Final\netty-codec-socks-4.1.60.Final.jar;C:\Users\Bayu\.m2\repository\io\netty\netty-handler-proxy\4.1.60.Final\netty-handler-proxy-4.1.60.Final.jar;C:\Users\Bayu\.m2\repository\io\netty\netty-transport-native-epoll\4.1.60.Final\netty-transport-native-epoll-4.1.60.Final-linux-x86_64.jar;C:\Users\Bayu\.m2\repository\io\netty\netty-transport-native-kqueue\4.1.60.Final\netty-transport-native-kqueue-4.1.60.Final-osx-x86_64.jar;C:\Users\Bayu\.m2\repository\org\reactivestreams\reactive-streams\1.0.3\reactive-streams-1.0.3.jar;C:\Users\Bayu\.m2\repository\com\typesafe\netty\netty-reactive-streams\2.0.4\netty-reactive-streams-2.0.4.jar;C:\Users\Bayu\.m2\repository\org\seleniumhq\selenium\selenium-http\4.1.2\selenium-http-4.1.2.jar;C:\Users\Bayu\.m2\repository\net\jodah\failsafe\2.4.4\failsafe-2.4.4.jar;C:\Users\Bayu\.m2\repository\org\seleniumhq\selenium\selenium-safari-driver\4.1.2\selenium-safari-driver-4.1.2.jar;C:\Users\Bayu\.m2\repository\org\seleniumhq\selenium\selenium-api\4.1.2\selenium-api-4.1.2.jar;C:\Users\Bayu\.m2\repository\org\seleniumhq\selenium\selenium-support\4.1.2\selenium-support-4.1.2.jar;C:\Users\Bayu\.m2\repository\com\google\auto\service\auto-service-annotations\1.0.1\auto-service-annotations-1.0.1.jar;C:\Users\Bayu\.m2\repository\com\google\auto\service\auto-service\1.0.1\auto-service-1.0.1.jar;C:\Users\Bayu\.m2\repository\com\google\auto\auto-common\1.2\auto-common-1.2.jar;C:\Users\Bayu\.m2\repository\org\seleniumhq\selenium\selenium-json\4.1.2\selenium-json-4.1.2.jar;C:\Users\Bayu\.m2\repository\org\seleniumhq\selenium\selenium-chrome-driver\4.1.2\selenium-chrome-driver-4.1.2.jar;C:\Users\Bayu\.m2\repository\org\seleniumhq\selenium\selenium-chromium-driver\4.1.2\selenium-chromium-driver-4.1.2.jar;C:\Users\Bayu\.m2\repository\org\seleniumhq\selenium\selenium-firefox-driver\4.1.2\selenium-firefox-driver-4.1.2.jar;C:\Users\Bayu\.m2\repository\org\seleniumhq\selenium\selenium-edge-driver\4.1.2\selenium-edge-driver-4.1.2.jar;C:\Users\Bayu\.m2\repository\org\seleniumhq\selenium\selenium-ie-driver\4.1.2\selenium-ie-driver-4.1.2.jar;C:\Users\Bayu\.m2\repository\org\projectlombok\lombok\1.18.20\lombok-1.18.20.jar;C:\Users\Bayu\.m2\repository\io\appium\java-client\8.0.0\java-client-8.0.0.jar;C:\Users\Bayu\.m2\repository\commons-validator\commons-validator\1.7\commons-validator-1.7.jar;C:\Users\Bayu\.m2\repository\commons-digester\commons-digester\2.1\commons-digester-2.1.jar;C:\Users\Bayu\.m2\repository\org\aspectj\aspectjweaver\1.9.8\aspectjweaver-1.9.8.jar;C:\Users\Bayu\.m2\repository\org\codehaus\groovy\groovy\3.0.10\groovy-3.0.10.jar;C:\Users\Bayu\.m2\repository\net\sf\opencsv\opencsv\2.0\opencsv-2.0.jar;C:\Users\Bayu\.m2\repository\commons-beanutils\commons-beanutils\1.9.4\commons-beanutils-1.9.4.jar;C:\Users\Bayu\.m2\repository\org\apache\commons\commons-lang3\3.12.0\commons-lang3-3.12.0.jar;C:\Users\Bayu\.m2\repository\commons-collections\commons-collections\3.2.2\commons-collections-3.2.2.jar;C:\Users\Bayu\.m2\repository\org\fluentlenium\fluentlenium-core\0.10.2\fluentlenium-core-0.10.2.jar;C:\Users\Bayu\.m2\repository\io\github\bonigarcia\webdrivermanager\5.1.0\webdrivermanager-5.1.0.jar;C:\Users\Bayu\.m2\repository\com\github\docker-java\docker-java\3.2.13\docker-java-3.2.13.jar;C:\Users\Bayu\.m2\repository\com\github\docker-java\docker-java-core\3.2.13\docker-java-core-3.2.13.jar;C:\Users\Bayu\.m2\repository\com\github\docker-java\docker-java-api\3.2.13\docker-java-api-3.2.13.jar;C:\Users\Bayu\.m2\repository\org\apache\commons\commons-compress\1.21\commons-compress-1.21.jar;C:\Users\Bayu\.m2\repository\org\bouncycastle\bcpkix-jdk15on\1.64\bcpkix-jdk15on-1.64.jar;C:\Users\Bayu\.m2\repository\org\bouncycastle\bcprov-jdk15on\1.64\bcprov-jdk15on-1.64.jar;C:\Users\Bayu\.m2\repository\org\slf4j\jcl-over-slf4j\1.7.30\jcl-over-slf4j-1.7.30.jar;C:\Users\Bayu\.m2\repository\com\github\docker-java\docker-java-transport-httpclient5\3.2.13\docker-java-transport-httpclient5-3.2.13.jar;C:\Users\Bayu\.m2\repository\com\github\docker-java\docker-java-transport\3.2.13\docker-java-transport-3.2.13.jar;C:\Users\Bayu\.m2\repository\org\apache\httpcomponents\client5\httpclient5\5.0.3\httpclient5-5.0.3.jar;C:\Users\Bayu\.m2\repository\org\apache\httpcomponents\core5\httpcore5\5.0.2\httpcore5-5.0.2.jar;C:\Users\Bayu\.m2\repository\net\java\dev\jna\jna\5.8.0\jna-5.8.0.jar;C:\Users\Bayu\.m2\repository\org\brotli\dec\0.1.2\dec-0.1.2.jar;C:\Users\Bayu\.m2\repository\com\jhlabs\filters\2.0.235\filters-2.0.235.jar;C:\Users\Bayu\.m2\repository\com\paulhammant\ngwebdriver\1.1.6\ngwebdriver-1.1.6.jar;C:\Users\Bayu\.m2\repository\joda-time\joda-time\2.8.2\joda-time-2.8.2.jar;C:\Users\Bayu\.m2\repository\org\hamcrest\hamcrest\2.2\hamcrest-2.2.jar;C:\Users\Bayu\.m2\repository\com\google\jimfs\jimfs\1.2\jimfs-1.2.jar;C:\Users\Bayu\.m2\repository\org\mockito\mockito-core\3.3.3\mockito-core-3.3.3.jar;C:\Users\Bayu\.m2\repository\javax\xml\bind\jaxb-api\2.3.1\jaxb-api-2.3.1.jar;C:\Users\Bayu\.m2\repository\javax\activation\javax.activation-api\1.2.0\javax.activation-api-1.2.0.jar;C:\Users\Bayu\.m2\repository\com\sun\xml\bind\jaxb-core\2.3.0.1\jaxb-core-2.3.0.1.jar;C:\Users\Bayu\.m2\repository\com\sun\xml\bind\jaxb-impl\2.3.3\jaxb-impl-2.3.3.jar;C:\Users\Bayu\.m2\repository\jakarta\xml\bind\jakarta.xml.bind-api\2.3.3\jakarta.xml.bind-api-2.3.3.jar;C:\Users\Bayu\.m2\repository\com\sun\activation\jakarta.activation\1.2.2\jakarta.activation-1.2.2.jar;C:\Users\Bayu\.m2\repository\javax\activation\activation\1.1.1\activation-1.1.1.jar;C:\Users\Bayu\.m2\repository\net\serenity-bdd\serenity-cucumber\3.2.1\serenity-cucumber-3.2.1.jar;C:\Users\Bayu\.m2\repository\io\cucumber\cucumber-core\7.2.3\cucumber-core-7.2.3.jar;C:\Users\Bayu\.m2\repository\io\cucumber\cucumber-gherkin\7.2.3\cucumber-gherkin-7.2.3.jar;C:\Users\Bayu\.m2\repository\io\cucumber\cucumber-gherkin-messages\7.2.3\cucumber-gherkin-messages-7.2.3.jar;C:\Users\Bayu\.m2\repository\io\cucumber\messages\17.1.1\messages-17.1.1.jar;C:\Users\Bayu\.m2\repository\io\cucumber\tag-expressions\4.1.0\tag-expressions-4.1.0.jar;C:\Users\Bayu\.m2\repository\io\cucumber\cucumber-expressions\15.0.1\cucumber-expressions-15.0.1.jar;C:\Users\Bayu\.m2\repository\io\cucumber\datatable\7.2.3\datatable-7.2.3.jar;C:\Users\Bayu\.m2\repository\io\cucumber\cucumber-plugin\7.2.3\cucumber-plugin-7.2.3.jar;C:\Users\Bayu\.m2\repository\io\cucumber\docstring\7.2.3\docstring-7.2.3.jar;C:\Users\Bayu\.m2\repository\io\cucumber\html-formatter\17.0.0\html-formatter-17.0.0.jar;C:\Users\Bayu\.m2\repository\io\cucumber\ci-environment\8.1.0\ci-environment-8.1.0.jar;C:\Users\Bayu\.m2\repository\io\cucumber\cucumber-junit\7.2.3\cucumber-junit-7.2.3.jar;C:\Users\Bayu\.m2\repository\org\apache\commons\commons-csv\1.5\commons-csv-1.5.jar;C:\Users\Bayu\.m2\repository\net\serenity-bdd\serenity-screenplay\3.2.1\serenity-screenplay-3.2.1.jar;C:\Users\Bayu\.m2\repository\net\serenity-bdd\serenity-screenplay-webdriver\3.2.1\serenity-screenplay-webdriver-3.2.1.jar;C:\Users\Bayu\.m2\repository\net\serenity-bdd\serenity-ensure\3.2.1\serenity-ensure-3.2.1.jar;C:\Users\Bayu\.m2\repository\net\serenity-bdd\serenity-junit\3.2.1\serenity-junit-3.2.1.jar;C:\Users\Bayu\.m2\repository\org\jetbrains\kotlin\kotlin-stdlib\1.6.0\kotlin-stdlib-1.6.0.jar;C:\Users\Bayu\.m2\repository\org\jetbrains\annotations\13.0\annotations-13.0.jar;C:\Users\Bayu\.m2\repository\org\jetbrains\kotlin\kotlin-stdlib-common\1.6.0\kotlin-stdlib-common-1.6.0.jar;C:\Users\Bayu\.m2\repository\org\junit\platform\junit-platform-launcher\1.8.1\junit-platform-launcher-1.8.1.jar;C:\Users\Bayu\.m2\repository\org\junit\platform\junit-platform-engine\1.8.1\junit-platform-engine-1.8.1.jar;C:\Users\Bayu\.m2\repository\org\opentest4j\opentest4j\1.2.0\opentest4j-1.2.0.jar;C:\Users\Bayu\.m2\repository\org\junit\platform\junit-platform-commons\1.8.1\junit-platform-commons-1.8.1.jar;C:\Users\Bayu\.m2\repository\org\apiguardian\apiguardian-api\1.1.2\apiguardian-api-1.1.2.jar;C:\Users\Bayu\.m2\repository\org\junit\jupiter\junit-jupiter-engine\5.8.2\junit-jupiter-engine-5.8.2.jar;C:\Users\Bayu\.m2\repository\org\junit\jupiter\junit-jupiter-api\5.8.2\junit-jupiter-api-5.8.2.jar;C:\Users\Bayu\.m2\repository\org\junit\vintage\junit-vintage-engine\5.8.2\junit-vintage-engine-5.8.2.jar;C:\Users\Bayu\.m2\repository\junit\junit\4.13.2\junit-4.13.2.jar;C:\Users\Bayu\.m2\repository\org\hamcrest\hamcrest-core\1.3\hamcrest-core-1.3.jar;C:\Users\Bayu\.m2\repository\ch\qos\logback\logback-classic\1.2.10\logback-classic-1.2.10.jar;C:\Users\Bayu\.m2\repository\ch\qos\logback\logback-core\1.2.10\logback-core-1.2.10.jar;C:\Users\Bayu\.m2\repository\org\slf4j\slf4j-api\1.7.32\slf4j-api-1.7.32.jar;C:\Users\Bayu\.m2\repository\org\assertj\assertj-core\3.6.2\assertj-core-3.6.2.jar;"/>
    <property name="sun.cpu.endian" value="little"/>
    <property name="user.home" value="C:\Users\Bayu"/>
    <property name="user.language" value="en"/>
    <property name="java.specification.vendor" value="Oracle Corporation"/>
    <property name="jdk.module.path" value="D:\File Baru\Kuliah\Quality Engineer\qe_Bayu-Septyan-Nur-Hidayat\21_Review_Web_UI_Testing_with_Serenity\Praktikum\untitled\target\untitled-1.0-SNAPSHOT.jar"/>
    <property name="java.version.date" value="2022-07-19"/>
    <property name="java.home" value="C:\Program Files\Java\jdk-11.0.16"/>
    <property name="file.separator" value="\"/>
    <property name="basedir" value="D:\File Baru\Kuliah\Quality Engineer\qe_Bayu-Septyan-Nur-Hidayat\21_Review_Web_UI_Testing_with_Serenity\Praktikum\untitled"/>
    <property name="java.vm.compressedOopsMode" value="32-bit"/>
    <property name="line.separator" value="&#10;"/>
    <property name="java.specification.name" value="Java Platform API Specification"/>
    <property name="java.vm.specification.vendor" value="Oracle Corporation"/>
    <property name="java.awt.graphicsenv" value="sun.awt.Win32GraphicsEnvironment"/>
    <property name="surefire.real.class.path" value="C:\Users\Bayu\.m2\repository\org\apache\maven\surefire\surefire-booter\3.0.0-M5\surefire-booter-3.0.0-M5.jar;C:\Users\Bayu\.m2\repository\org\apache\maven\surefire\surefire-api\3.0.0-M5\surefire-api-3.0.0-M5.jar;C:\Users\Bayu\.m2\repository\org\apache\maven\surefire\surefire-logger-api\3.0.0-M5\surefire-logger-api-3.0.0-M5.jar;C:\Users\Bayu\.m2\repository\org\apache\maven\surefire\surefire-shared-utils\3.0.0-M4\surefire-shared-utils-3.0.0-M4.jar;C:\Users\Bayu\.m2\repository\org\apache\maven\surefire\surefire-extensions-spi\3.0.0-M5\surefire-extensions-spi-3.0.0-M5.jar;D:\File Baru\Kuliah\Quality Engineer\qe_Bayu-Septyan-Nur-Hidayat\21_Review_Web_UI_Testing_with_Serenity\Praktikum\untitled\target\test-classes;C:\Users\Bayu\.m2\repository\net\serenity-bdd\serenity-core\3.2.1\serenity-core-3.2.1.jar;C:\Users\Bayu\.m2\repository\net\serenity-bdd\serenity-model\3.2.1\serenity-model-3.2.1.jar;C:\Users\Bayu\.m2\repository\org\apache\commons\commons-text\1.9\commons-text-1.9.jar;C:\Users\Bayu\.m2\repository\commons-net\commons-net\3.8.0\commons-net-3.8.0.jar;C:\Users\Bayu\.m2\repository\com\google\guava\guava\31.1-jre\guava-31.1-jre.jar;C:\Users\Bayu\.m2\repository\com\google\guava\failureaccess\1.0.1\failureaccess-1.0.1.jar;C:\Users\Bayu\.m2\repository\com\google\guava\listenablefuture\9999.0-empty-to-avoid-conflict-with-guava\listenablefuture-9999.0-empty-to-avoid-conflict-with-guava.jar;C:\Users\Bayu\.m2\repository\com\google\code\findbugs\jsr305\3.0.2\jsr305-3.0.2.jar;C:\Users\Bayu\.m2\repository\org\checkerframework\checker-qual\3.12.0\checker-qual-3.12.0.jar;C:\Users\Bayu\.m2\repository\com\google\errorprone\error_prone_annotations\2.11.0\error_prone_annotations-2.11.0.jar;C:\Users\Bayu\.m2\repository\com\google\j2objc\j2objc-annotations\1.3\j2objc-annotations-1.3.jar;C:\Users\Bayu\.m2\repository\com\google\inject\guice\5.1.0\guice-5.1.0.jar;C:\Users\Bayu\.m2\repository\javax\inject\javax.inject\1\javax.inject-1.jar;C:\Users\Bayu\.m2\repository\aopalliance\aopalliance\1.0\aopalliance-1.0.jar;C:\Users\Bayu\.m2\repository\org\jsoup\jsoup\1.14.3\jsoup-1.14.3.jar;C:\Users\Bayu\.m2\repository\com\thoughtworks\xstream\xstream\1.4.19\xstream-1.4.19.jar;C:\Users\Bayu\.m2\repository\io\github\x-stream\mxparser\1.2.2\mxparser-1.2.2.jar;C:\Users\Bayu\.m2\repository\xmlpull\xmlpull\1.1.3.1\xmlpull-1.1.3.1.jar;C:\Users\Bayu\.m2\repository\io\cucumber\cucumber-java\7.2.3\cucumber-java-7.2.3.jar;C:\Users\Bayu\.m2\repository\com\typesafe\config\1.4.2\config-1.4.2.jar;C:\Users\Bayu\.m2\repository\org\imgscalr\imgscalr-lib\4.2\imgscalr-lib-4.2.jar;C:\Users\Bayu\.m2\repository\org\awaitility\awaitility\4.2.0\awaitility-4.2.0.jar;C:\Users\Bayu\.m2\repository\org\freemarker\freemarker\2.3.31\freemarker-2.3.31.jar;C:\Users\Bayu\.m2\repository\io\github\classgraph\classgraph\4.8.138\classgraph-4.8.138.jar;C:\Users\Bayu\.m2\repository\net\sourceforge\jexcelapi\jxl\2.6.12\jxl-2.6.12.jar;C:\Users\Bayu\.m2\repository\net\bytebuddy\byte-buddy\1.12.8\byte-buddy-1.12.8.jar;C:\Users\Bayu\.m2\repository\net\bytebuddy\byte-buddy-agent\1.12.8\byte-buddy-agent-1.12.8.jar;C:\Users\Bayu\.m2\repository\org\objenesis\objenesis\3.1\objenesis-3.1.jar;C:\Users\Bayu\.m2\repository\net\serenity-bdd\serenity-reports\3.2.1\serenity-reports-3.2.1.jar;C:\Users\Bayu\.m2\repository\net\serenity-bdd\serenity-stats\3.2.1\serenity-stats-3.2.1.jar;C:\Users\Bayu\.m2\repository\net\serenity-bdd\serenity-reports-configuration\3.2.1\serenity-reports-configuration-3.2.1.jar;C:\Users\Bayu\.m2\repository\com\vladsch\flexmark\flexmark-all\0.34.30\flexmark-all-0.34.30.jar;C:\Users\Bayu\.m2\repository\com\vladsch\flexmark\flexmark\0.34.30\flexmark-0.34.30.jar;C:\Users\Bayu\.m2\repository\com\vladsch\flexmark\flexmark-ext-abbreviation\0.34.30\flexmark-ext-abbreviation-0.34.30.jar;C:\Users\Bayu\.m2\repository\com\vladsch\flexmark\flexmark-ext-admonition\0.34.30\flexmark-ext-admonition-0.34.30.jar;C:\Users\Bayu\.m2\repository\com\vladsch\flexmark\flexmark-ext-anchorlink\0.34.30\flexmark-ext-anchorlink-0.34.30.jar;C:\Users\Bayu\.m2\repository\com\vladsch\flexmark\flexmark-ext-aside\0.34.30\flexmark-ext-aside-0.34.30.jar;C:\Users\Bayu\.m2\repository\com\vladsch\flexmark\flexmark-ext-attributes\0.34.30\flexmark-ext-attributes-0.34.30.jar;C:\Users\Bayu\.m2\repository\com\vladsch\flexmark\flexmark-ext-autolink\0.34.30\flexmark-ext-autolink-0.34.30.jar;C:\Users\Bayu\.m2\repository\org\nibor\autolink\autolink\0.6.0\autolink-0.6.0.jar;C:\Users\Bayu\.m2\repository\com\vladsch\flexmark\flexmark-ext-definition\0.34.30\flexmark-ext-definition-0.34.30.jar;C:\Users\Bayu\.m2\repository\com\vladsch\flexmark\flexmark-ext-emoji\0.34.30\flexmark-ext-emoji-0.34.30.jar;C:\Users\Bayu\.m2\repository\com\vladsch\flexmark\flexmark-ext-enumerated-reference\0.34.30\flexmark-ext-enumerated-reference-0.34.30.jar;C:\Users\Bayu\.m2\repository\com\vladsch\flexmark\flexmark-ext-escaped-character\0.34.30\flexmark-ext-escaped-character-0.34.30.jar;C:\Users\Bayu\.m2\repository\com\vladsch\flexmark\flexmark-ext-footnotes\0.34.30\flexmark-ext-footnotes-0.34.30.jar;C:\Users\Bayu\.m2\repository\com\vladsch\flexmark\flexmark-ext-gfm-issues\0.34.30\flexmark-ext-gfm-issues-0.34.30.jar;C:\Users\Bayu\.m2\repository\com\vladsch\flexmark\flexmark-ext-gfm-strikethrough\0.34.30\flexmark-ext-gfm-strikethrough-0.34.30.jar;C:\Users\Bayu\.m2\repository\com\vladsch\flexmark\flexmark-ext-gfm-tables\0.34.30\flexmark-ext-gfm-tables-0.34.30.jar;C:\Users\Bayu\.m2\repository\com\vladsch\flexmark\flexmark-ext-gfm-tasklist\0.34.30\flexmark-ext-gfm-tasklist-0.34.30.jar;C:\Users\Bayu\.m2\repository\com\vladsch\flexmark\flexmark-ext-gfm-users\0.34.30\flexmark-ext-gfm-users-0.34.30.jar;C:\Users\Bayu\.m2\repository\com\vladsch\flexmark\flexmark-ext-gitlab\0.34.30\flexmark-ext-gitlab-0.34.30.jar;C:\Users\Bayu\.m2\repository\com\vladsch\flexmark\flexmark-ext-jekyll-front-matter\0.34.30\flexmark-ext-jekyll-front-matter-0.34.30.jar;C:\Users\Bayu\.m2\repository\com\vladsch\flexmark\flexmark-ext-jekyll-tag\0.34.30\flexmark-ext-jekyll-tag-0.34.30.jar;C:\Users\Bayu\.m2\repository\com\vladsch\flexmark\flexmark-ext-media-tags\0.34.30\flexmark-ext-media-tags-0.34.30.jar;C:\Users\Bayu\.m2\repository\com\vladsch\flexmark\flexmark-test-util\0.34.30\flexmark-test-util-0.34.30.jar;C:\Users\Bayu\.m2\repository\com\vladsch\flexmark\flexmark-ext-ins\0.34.30\flexmark-ext-ins-0.34.30.jar;C:\Users\Bayu\.m2\repository\com\vladsch\flexmark\flexmark-ext-xwiki-macros\0.34.30\flexmark-ext-xwiki-macros-0.34.30.jar;C:\Users\Bayu\.m2\repository\com\vladsch\flexmark\flexmark-ext-superscript\0.34.30\flexmark-ext-superscript-0.34.30.jar;C:\Users\Bayu\.m2\repository\com\vladsch\flexmark\flexmark-ext-tables\0.34.30\flexmark-ext-tables-0.34.30.jar;C:\Users\Bayu\.m2\repository\com\vladsch\flexmark\flexmark-ext-toc\0.34.30\flexmark-ext-toc-0.34.30.jar;C:\Users\Bayu\.m2\repository\com\vladsch\flexmark\flexmark-ext-typographic\0.34.30\flexmark-ext-typographic-0.34.30.jar;C:\Users\Bayu\.m2\repository\com\vladsch\flexmark\flexmark-ext-wikilink\0.34.30\flexmark-ext-wikilink-0.34.30.jar;C:\Users\Bayu\.m2\repository\com\vladsch\flexmark\flexmark-ext-yaml-front-matter\0.34.30\flexmark-ext-yaml-front-matter-0.34.30.jar;C:\Users\Bayu\.m2\repository\com\vladsch\flexmark\flexmark-ext-youtube-embedded\0.34.30\flexmark-ext-youtube-embedded-0.34.30.jar;C:\Users\Bayu\.m2\repository\com\vladsch\flexmark\flexmark-formatter\0.34.30\flexmark-formatter-0.34.30.jar;C:\Users\Bayu\.m2\repository\com\vladsch\flexmark\flexmark-html-parser\0.34.30\flexmark-html-parser-0.34.30.jar;C:\Users\Bayu\.m2\repository\com\vladsch\flexmark\flexmark-jira-converter\0.34.30\flexmark-jira-converter-0.34.30.jar;C:\Users\Bayu\.m2\repository\com\vladsch\flexmark\flexmark-pdf-converter\0.34.30\flexmark-pdf-converter-0.34.30.jar;C:\Users\Bayu\.m2\repository\com\openhtmltopdf\openhtmltopdf-core\0.0.1-RC13\openhtmltopdf-core-0.0.1-RC13.jar;C:\Users\Bayu\.m2\repository\com\openhtmltopdf\openhtmltopdf-pdfbox\0.0.1-RC13\openhtmltopdf-pdfbox-0.0.1-RC13.jar;C:\Users\Bayu\.m2\repository\org\apache\pdfbox\pdfbox\2.0.8\pdfbox-2.0.8.jar;C:\Users\Bayu\.m2\repository\org\apache\pdfbox\fontbox\2.0.8\fontbox-2.0.8.jar;C:\Users\Bayu\.m2\repository\commons-logging\commons-logging\1.2\commons-logging-1.2.jar;C:\Users\Bayu\.m2\repository\org\apache\pdfbox\xmpbox\2.0.8\xmpbox-2.0.8.jar;C:\Users\Bayu\.m2\repository\de\rototor\pdfbox\graphics2d\0.12\graphics2d-0.12.jar;C:\Users\Bayu\.m2\repository\com\openhtmltopdf\openhtmltopdf-rtl-support\0.0.1-RC13\openhtmltopdf-rtl-support-0.0.1-RC13.jar;C:\Users\Bayu\.m2\repository\com\ibm\icu\icu4j\59.1\icu4j-59.1.jar;C:\Users\Bayu\.m2\repository\com\openhtmltopdf\openhtmltopdf-jsoup-dom-converter\0.0.1-RC13\openhtmltopdf-jsoup-dom-converter-0.0.1-RC13.jar;C:\Users\Bayu\.m2\repository\com\vladsch\flexmark\flexmark-profile-pegdown\0.34.30\flexmark-profile-pegdown-0.34.30.jar;C:\Users\Bayu\.m2\repository\com\vladsch\flexmark\flexmark-util\0.34.30\flexmark-util-0.34.30.jar;C:\Users\Bayu\.m2\repository\com\vladsch\flexmark\flexmark-youtrack-converter\0.34.30\flexmark-youtrack-converter-0.34.30.jar;C:\Users\Bayu\.m2\repository\es\nitaur\markdown\txtmark\0.16\txtmark-0.16.jar;C:\Users\Bayu\.m2\repository\net\serenity-bdd\serenity-report-resources\3.2.1\serenity-report-resources-3.2.1.jar;C:\Users\Bayu\.m2\repository\com\google\code\gson\gson\2.9.0\gson-2.9.0.jar;C:\Users\Bayu\.m2\repository\com\fasterxml\jackson\core\jackson-core\2.13.2\jackson-core-2.13.2.jar;C:\Users\Bayu\.m2\repository\com\fasterxml\jackson\core\jackson-databind\2.13.2\jackson-databind-2.13.2.jar;C:\Users\Bayu\.m2\repository\com\fasterxml\jackson\core\jackson-annotations\2.13.2\jackson-annotations-2.13.2.jar;C:\Users\Bayu\.m2\repository\commons-codec\commons-codec\1.15\commons-codec-1.15.jar;C:\Users\Bayu\.m2\repository\commons-io\commons-io\2.11.0\commons-io-2.11.0.jar;C:\Users\Bayu\.m2\repository\org\seleniumhq\selenium\selenium-java\4.1.2\selenium-java-4.1.2.jar;C:\Users\Bayu\.m2\repository\org\seleniumhq\selenium\selenium-devtools-v85\4.1.2\selenium-devtools-v85-4.1.2.jar;C:\Users\Bayu\.m2\repository\org\seleniumhq\selenium\selenium-devtools-v95\4.1.2\selenium-devtools-v95-4.1.2.jar;C:\Users\Bayu\.m2\repository\org\seleniumhq\selenium\selenium-devtools-v96\4.1.2\selenium-devtools-v96-4.1.2.jar;C:\Users\Bayu\.m2\repository\org\seleniumhq\selenium\selenium-devtools-v97\4.1.2\selenium-devtools-v97-4.1.2.jar;C:\Users\Bayu\.m2\repository\org\seleniumhq\selenium\selenium-firefox-xpi-driver\4.1.2\selenium-firefox-xpi-driver-4.1.2.jar;C:\Users\Bayu\.m2\repository\org\seleniumhq\selenium\selenium-opera-driver\4.1.2\selenium-opera-driver-4.1.2.jar;C:\Users\Bayu\.m2\repository\org\seleniumhq\selenium\selenium-remote-driver\4.1.2\selenium-remote-driver-4.1.2.jar;C:\Users\Bayu\.m2\repository\com\beust\jcommander\1.82\jcommander-1.82.jar;C:\Users\Bayu\.m2\repository\io\netty\netty-buffer\4.1.73.Final\netty-buffer-4.1.73.Final.jar;C:\Users\Bayu\.m2\repository\io\netty\netty-codec-http\4.1.73.Final\netty-codec-http-4.1.73.Final.jar;C:\Users\Bayu\.m2\repository\io\netty\netty-codec\4.1.73.Final\netty-codec-4.1.73.Final.jar;C:\Users\Bayu\.m2\repository\io\netty\netty-handler\4.1.73.Final\netty-handler-4.1.73.Final.jar;C:\Users\Bayu\.m2\repository\io\netty\netty-tcnative-classes\2.0.46.Final\netty-tcnative-classes-2.0.46.Final.jar;C:\Users\Bayu\.m2\repository\io\netty\netty-common\4.1.73.Final\netty-common-4.1.73.Final.jar;C:\Users\Bayu\.m2\repository\io\netty\netty-transport-classes-epoll\4.1.73.Final\netty-transport-classes-epoll-4.1.73.Final.jar;C:\Users\Bayu\.m2\repository\io\netty\netty-transport-classes-kqueue\4.1.73.Final\netty-transport-classes-kqueue-4.1.73.Final.jar;C:\Users\Bayu\.m2\repository\io\netty\netty-transport-native-epoll\4.1.73.Final\netty-transport-native-epoll-4.1.73.Final.jar;C:\Users\Bayu\.m2\repository\io\netty\netty-transport-native-kqueue\4.1.73.Final\netty-transport-native-kqueue-4.1.73.Final.jar;C:\Users\Bayu\.m2\repository\io\netty\netty-transport-native-unix-common\4.1.73.Final\netty-transport-native-unix-common-4.1.73.Final.jar;C:\Users\Bayu\.m2\repository\io\netty\netty-transport\4.1.73.Final\netty-transport-4.1.73.Final.jar;C:\Users\Bayu\.m2\repository\io\netty\netty-resolver\4.1.73.Final\netty-resolver-4.1.73.Final.jar;C:\Users\Bayu\.m2\repository\io\opentelemetry\opentelemetry-api\1.10.1\opentelemetry-api-1.10.1.jar;C:\Users\Bayu\.m2\repository\io\opentelemetry\opentelemetry-context\1.10.1\opentelemetry-context-1.10.1.jar;C:\Users\Bayu\.m2\repository\io\opentelemetry\opentelemetry-exporter-logging\1.10.1\opentelemetry-exporter-logging-1.10.1.jar;C:\Users\Bayu\.m2\repository\io\opentelemetry\opentelemetry-sdk-metrics\1.10.1-alpha\opentelemetry-sdk-metrics-1.10.1-alpha.jar;C:\Users\Bayu\.m2\repository\io\opentelemetry\opentelemetry-sdk-logs\1.10.1-alpha\opentelemetry-sdk-logs-1.10.1-alpha.jar;C:\Users\Bayu\.m2\repository\io\opentelemetry\opentelemetry-sdk-common\1.10.1\opentelemetry-sdk-common-1.10.1.jar;C:\Users\Bayu\.m2\repository\io\opentelemetry\opentelemetry-sdk-extension-autoconfigure-spi\1.10.1\opentelemetry-sdk-extension-autoconfigure-spi-1.10.1.jar;C:\Users\Bayu\.m2\repository\io\opentelemetry\opentelemetry-sdk-extension-autoconfigure\1.10.1-alpha\opentelemetry-sdk-extension-autoconfigure-1.10.1-alpha.jar;C:\Users\Bayu\.m2\repository\io\opentelemetry\opentelemetry-sdk-trace\1.10.1\opentelemetry-sdk-trace-1.10.1.jar;C:\Users\Bayu\.m2\repository\io\opentelemetry\opentelemetry-sdk\1.10.1\opentelemetry-sdk-1.10.1.jar;C:\Users\Bayu\.m2\repository\io\opentelemetry\opentelemetry-semconv\1.10.1-alpha\opentelemetry-semconv-1.10.1-alpha.jar;C:\Users\Bayu\.m2\repository\io\ous\jtoml\2.0.0\jtoml-2.0.0.jar;C:\Users\Bayu\.m2\repository\org\apache\commons\commons-exec\1.3\commons-exec-1.3.jar;C:\Users\Bayu\.m2\repository\org\asynchttpclient\async-http-client\2.12.3\async-http-client-2.12.3.jar;C:\Users\Bayu\.m2\repository\org\asynchttpclient\async-http-client-netty-utils\2.12.3\async-http-client-netty-utils-2.12.3.jar;C:\Users\Bayu\.m2\repository\io\netty\netty-codec-socks\4.1.60.Final\netty-codec-socks-4.1.60.Final.jar;C:\Users\Bayu\.m2\repository\io\netty\netty-handler-proxy\4.1.60.Final\netty-handler-proxy-4.1.60.Final.jar;C:\Users\Bayu\.m2\repository\io\netty\netty-transport-native-epoll\4.1.60.Final\netty-transport-native-epoll-4.1.60.Final-linux-x86_64.jar;C:\Users\Bayu\.m2\repository\io\netty\netty-transport-native-kqueue\4.1.60.Final\netty-transport-native-kqueue-4.1.60.Final-osx-x86_64.jar;C:\Users\Bayu\.m2\repository\org\reactivestreams\reactive-streams\1.0.3\reactive-streams-1.0.3.jar;C:\Users\Bayu\.m2\repository\com\typesafe\netty\netty-reactive-streams\2.0.4\netty-reactive-streams-2.0.4.jar;C:\Users\Bayu\.m2\repository\org\seleniumhq\selenium\selenium-http\4.1.2\selenium-http-4.1.2.jar;C:\Users\Bayu\.m2\repository\net\jodah\failsafe\2.4.4\failsafe-2.4.4.jar;C:\Users\Bayu\.m2\repository\org\seleniumhq\selenium\selenium-safari-driver\4.1.2\selenium-safari-driver-4.1.2.jar;C:\Users\Bayu\.m2\repository\org\seleniumhq\selenium\selenium-api\4.1.2\selenium-api-4.1.2.jar;C:\Users\Bayu\.m2\repository\org\seleniumhq\selenium\selenium-support\4.1.2\selenium-support-4.1.2.jar;C:\Users\Bayu\.m2\repository\com\google\auto\service\auto-service-annotations\1.0.1\auto-service-annotations-1.0.1.jar;C:\Users\Bayu\.m2\repository\com\google\auto\service\auto-service\1.0.1\auto-service-1.0.1.jar;C:\Users\Bayu\.m2\repository\com\google\auto\auto-common\1.2\auto-common-1.2.jar;C:\Users\Bayu\.m2\repository\org\seleniumhq\selenium\selenium-json\4.1.2\selenium-json-4.1.2.jar;C:\Users\Bayu\.m2\repository\org\seleniumhq\selenium\selenium-chrome-driver\4.1.2\selenium-chrome-driver-4.1.2.jar;C:\Users\Bayu\.m2\repository\org\seleniumhq\selenium\selenium-chromium-driver\4.1.2\selenium-chromium-driver-4.1.2.jar;C:\Users\Bayu\.m2\repository\org\seleniumhq\selenium\selenium-firefox-driver\4.1.2\selenium-firefox-driver-4.1.2.jar;C:\Users\Bayu\.m2\repository\org\seleniumhq\selenium\selenium-edge-driver\4.1.2\selenium-edge-driver-4.1.2.jar;C:\Users\Bayu\.m2\repository\org\seleniumhq\selenium\selenium-ie-driver\4.1.2\selenium-ie-driver-4.1.2.jar;C:\Users\Bayu\.m2\repository\org\projectlombok\lombok\1.18.20\lombok-1.18.20.jar;C:\Users\Bayu\.m2\repository\io\appium\java-client\8.0.0\java-client-8.0.0.jar;C:\Users\Bayu\.m2\repository\commons-validator\commons-validator\1.7\commons-validator-1.7.jar;C:\Users\Bayu\.m2\repository\commons-digester\commons-digester\2.1\commons-digester-2.1.jar;C:\Users\Bayu\.m2\repository\org\aspectj\aspectjweaver\1.9.8\aspectjweaver-1.9.8.jar;C:\Users\Bayu\.m2\repository\org\codehaus\groovy\groovy\3.0.10\groovy-3.0.10.jar;C:\Users\Bayu\.m2\repository\net\sf\opencsv\opencsv\2.0\opencsv-2.0.jar;C:\Users\Bayu\.m2\repository\commons-beanutils\commons-beanutils\1.9.4\commons-beanutils-1.9.4.jar;C:\Users\Bayu\.m2\repository\org\apache\commons\commons-lang3\3.12.0\commons-lang3-3.12.0.jar;C:\Users\Bayu\.m2\repository\commons-collections\commons-collections\3.2.2\commons-collections-3.2.2.jar;C:\Users\Bayu\.m2\repository\org\fluentlenium\fluentlenium-core\0.10.2\fluentlenium-core-0.10.2.jar;C:\Users\Bayu\.m2\repository\io\github\bonigarcia\webdrivermanager\5.1.0\webdrivermanager-5.1.0.jar;C:\Users\Bayu\.m2\repository\com\github\docker-java\docker-java\3.2.13\docker-java-3.2.13.jar;C:\Users\Bayu\.m2\repository\com\github\docker-java\docker-java-core\3.2.13\docker-java-core-3.2.13.jar;C:\Users\Bayu\.m2\repository\com\github\docker-java\docker-java-api\3.2.13\docker-java-api-3.2.13.jar;C:\Users\Bayu\.m2\repository\org\apache\commons\commons-compress\1.21\commons-compress-1.21.jar;C:\Users\Bayu\.m2\repository\org\bouncycastle\bcpkix-jdk15on\1.64\bcpkix-jdk15on-1.64.jar;C:\Users\Bayu\.m2\repository\org\bouncycastle\bcprov-jdk15on\1.64\bcprov-jdk15on-1.64.jar;C:\Users\Bayu\.m2\repository\org\slf4j\jcl-over-slf4j\1.7.30\jcl-over-slf4j-1.7.30.jar;C:\Users\Bayu\.m2\repository\com\github\docker-java\docker-java-transport-httpclient5\3.2.13\docker-java-transport-httpclient5-3.2.13.jar;C:\Users\Bayu\.m2\repository\com\github\docker-java\docker-java-transport\3.2.13\docker-java-transport-3.2.13.jar;C:\Users\Bayu\.m2\repository\org\apache\httpcomponents\client5\httpclient5\5.0.3\httpclient5-5.0.3.jar;C:\Users\Bayu\.m2\repository\org\apache\httpcomponents\core5\httpcore5\5.0.2\httpcore5-5.0.2.jar;C:\Users\Bayu\.m2\repository\net\java\dev\jna\jna\5.8.0\jna-5.8.0.jar;C:\Users\Bayu\.m2\repository\org\brotli\dec\0.1.2\dec-0.1.2.jar;C:\Users\Bayu\.m2\repository\com\jhlabs\filters\2.0.235\filters-2.0.235.jar;C:\Users\Bayu\.m2\repository\com\paulhammant\ngwebdriver\1.1.6\ngwebdriver-1.1.6.jar;C:\Users\Bayu\.m2\repository\joda-time\joda-time\2.8.2\joda-time-2.8.2.jar;C:\Users\Bayu\.m2\repository\org\hamcrest\hamcrest\2.2\hamcrest-2.2.jar;C:\Users\Bayu\.m2\repository\com\google\jimfs\jimfs\1.2\jimfs-1.2.jar;C:\Users\Bayu\.m2\repository\org\mockito\mockito-core\3.3.3\mockito-core-3.3.3.jar;C:\Users\Bayu\.m2\repository\javax\xml\bind\jaxb-api\2.3.1\jaxb-api-2.3.1.jar;C:\Users\Bayu\.m2\repository\javax\activation\javax.activation-api\1.2.0\javax.activation-api-1.2.0.jar;C:\Users\Bayu\.m2\repository\com\sun\xml\bind\jaxb-core\2.3.0.1\jaxb-core-2.3.0.1.jar;C:\Users\Bayu\.m2\repository\com\sun\xml\bind\jaxb-impl\2.3.3\jaxb-impl-2.3.3.jar;C:\Users\Bayu\.m2\repository\jakarta\xml\bind\jakarta.xml.bind-api\2.3.3\jakarta.xml.bind-api-2.3.3.jar;C:\Users\Bayu\.m2\repository\com\sun\activation\jakarta.activation\1.2.2\jakarta.activation-1.2.2.jar;C:\Users\Bayu\.m2\repository\javax\activation\activation\1.1.1\activation-1.1.1.jar;C:\Users\Bayu\.m2\repository\net\serenity-bdd\serenity-cucumber\3.2.1\serenity-cucumber-3.2.1.jar;C:\Users\Bayu\.m2\repository\io\cucumber\cucumber-core\7.2.3\cucumber-core-7.2.3.jar;C:\Users\Bayu\.m2\repository\io\cucumber\cucumber-gherkin\7.2.3\cucumber-gherkin-7.2.3.jar;C:\Users\Bayu\.m2\repository\io\cucumber\cucumber-gherkin-messages\7.2.3\cucumber-gherkin-messages-7.2.3.jar;C:\Users\Bayu\.m2\repository\io\cucumber\messages\17.1.1\messages-17.1.1.jar;C:\Users\Bayu\.m2\repository\io\cucumber\tag-expressions\4.1.0\tag-expressions-4.1.0.jar;C:\Users\Bayu\.m2\repository\io\cucumber\cucumber-expressions\15.0.1\cucumber-expressions-15.0.1.jar;C:\Users\Bayu\.m2\repository\io\cucumber\datatable\7.2.3\datatable-7.2.3.jar;C:\Users\Bayu\.m2\repository\io\cucumber\cucumber-plugin\7.2.3\cucumber-plugin-7.2.3.jar;C:\Users\Bayu\.m2\repository\io\cucumber\docstring\7.2.3\docstring-7.2.3.jar;C:\Users\Bayu\.m2\repository\io\cucumber\html-formatter\17.0.0\html-formatter-17.0.0.jar;C:\Users\Bayu\.m2\repository\io\cucumber\ci-environment\8.1.0\ci-environment-8.1.0.jar;C:\Users\Bayu\.m2\repository\io\cucumber\cucumber-junit\7.2.3\cucumber-junit-7.2.3.jar;C:\Users\Bayu\.m2\repository\org\apache\commons\commons-csv\1.5\commons-csv-1.5.jar;C:\Users\Bayu\.m2\repository\net\serenity-bdd\serenity-screenplay\3.2.1\serenity-screenplay-3.2.1.jar;C:\Users\Bayu\.m2\repository\net\serenity-bdd\serenity-screenplay-webdriver\3.2.1\serenity-screenplay-webdriver-3.2.1.jar;C:\Users\Bayu\.m2\repository\net\serenity-bdd\serenity-ensure\3.2.1\serenity-ensure-3.2.1.jar;C:\Users\Bayu\.m2\repository\net\serenity-bdd\serenity-junit\3.2.1\serenity-junit-3.2.1.jar;C:\Users\Bayu\.m2\repository\org\jetbrains\kotlin\kotlin-stdlib\1.6.0\kotlin-stdlib-1.6.0.jar;C:\Users\Bayu\.m2\repository\org\jetbrains\annotations\13.0\annotations-13.0.jar;C:\Users\Bayu\.m2\repository\org\jetbrains\kotlin\kotlin-stdlib-common\1.6.0\kotlin-stdlib-common-1.6.0.jar;C:\Users\Bayu\.m2\repository\org\junit\platform\junit-platform-launcher\1.8.1\junit-platform-launcher-1.8.1.jar;C:\Users\Bayu\.m2\repository\org\junit\platform\junit-platform-engine\1.8.1\junit-platform-engine-1.8.1.jar;C:\Users\Bayu\.m2\repository\org\opentest4j\opentest4j\1.2.0\opentest4j-1.2.0.jar;C:\Users\Bayu\.m2\repository\org\junit\platform\junit-platform-commons\1.8.1\junit-platform-commons-1.8.1.jar;C:\Users\Bayu\.m2\repository\org\apiguardian\apiguardian-api\1.1.2\apiguardian-api-1.1.2.jar;C:\Users\Bayu\.m2\repository\org\junit\jupiter\junit-jupiter-engine\5.8.2\junit-jupiter-engine-5.8.2.jar;C:\Users\Bayu\.m2\repository\org\junit\jupiter\junit-jupiter-api\5.8.2\junit-jupiter-api-5.8.2.jar;C:\Users\Bayu\.m2\repository\org\junit\vintage\junit-vintage-engine\5.8.2\junit-vintage-engine-5.8.2.jar;C:\Users\Bayu\.m2\repository\junit\junit\4.13.2\junit-4.13.2.jar;C:\Users\Bayu\.m2\repository\org\hamcrest\hamcrest-core\1.3\hamcrest-core-1.3.jar;C:\Users\Bayu\.m2\repository\ch\qos\logback\logback-classic\1.2.10\logback-classic-1.2.10.jar;C:\Users\Bayu\.m2\repository\ch\qos\logback\logback-core\1.2.10\logback-core-1.2.10.jar;C:\Users\Bayu\.m2\repository\org\slf4j\slf4j-api\1.7.32\slf4j-api-1.7.32.jar;C:\Users\Bayu\.m2\repository\org\assertj\assertj-core\3.6.2\assertj-core-3.6.2.jar;C:\Users\Bayu\.m2\repository\org\apache\maven\surefire\surefire-junit-platform\3.0.0-M5\surefire-junit-platform-3.0.0-M5.jar;C:\Users\Bayu\.m2\repository\org\apache\maven\surefire\common-java5\3.0.0-M5\common-java5-3.0.0-M5.jar"/>
    <property name="user.script" value=""/>
    <property name="java.protocol.handler.pkgs" value="com.google.common"/>
    <property name="sun.management.compiler" value="HotSpot 64-Bit Tiered Compilers"/>
    <property name="java.runtime.version" value="11.0.16+11-LTS-199"/>
    <property name="webdriver.edge.driver" value="C:\Users\Bayu\.cache\selenium\msedgedriver\win64\105.0.1343.53\msedgedriver.exe"/>
    <property name="user.name" value="Bayu"/>
    <property name="path.separator" value=";"/>
    <property name="os.version" value="10.0"/>
    <property name="java.runtime.name" value="Java(TM) SE Runtime Environment"/>
    <property name="file.encoding" value="Cp1252"/>
    <property name="webdriver.base.url" value=""/>
    <property name="java.vm.name" value="Java HotSpot(TM) 64-Bit Server VM"/>
    <property name="java.vendor.version" value="18.9"/>
    <property name="localRepository" value="C:\Users\Bayu\.m2\repository"/>
    <property name="java.vendor.url.bug" value="https://bugreport.java.com/bugreport/"/>
    <property name="java.io.tmpdir" value="C:\Users\Bayu\AppData\Local\Temp\"/>
    <property name="java.version" value="11.0.16"/>
    <property name="user.dir" value="D:\File Baru\Kuliah\Quality Engineer\qe_Bayu-Septyan-Nur-Hidayat\21_Review_Web_UI_Testing_with_Serenity\Praktikum\untitled"/>
    <property name="os.arch" value="amd64"/>
    <property name="java.vm.specification.name" value="Java Virtual Machine Specification"/>
    <property name="java.awt.printerjob" value="sun.awt.windows.WPrinterJob"/>
    <property name="sun.os.patch.level" value=""/>
    <property name="java.library.path" value="C:\Program Files\Java\jdk-11.0.16\bin;C:\Windows\Sun\Java\bin;C:\Windows\system32;C:\Windows;C:\Program Files\Common Files\Oracle\Java\javapath;C:\Windows\system32;C:\Windows;C:\Windows\System32\Wbem;C:\Windows\System32\WindowsPowerShell\v1.0\;C:\Windows\System32\OpenSSH\;C:\Program Files\Git\cmd;C:\Program Files\java-se-8u41-ri\bin;C:\Program Files\apache-maven-3.8.6\bin;C:\Program Files\Java\jdk-11.0.16\bin;C:\Users\Bayu\AppData\Local\Microsoft\WindowsApps;C:\Users\Bayu\AppData\Local\Programs\Microsoft VS Code\bin;C:\Program Files\java-se-8u41-ri\bin;;."/>
    <property name="java.vendor" value="Oracle Corporation"/>
    <property name="java.vm.info" value="mixed mode"/>
    <property name="java.vm.version" value="11.0.16+11-LTS-199"/>
    <property name="sun.io.unicode.encoding" value="UnicodeLittle"/>
    <property name="java.class.version" value="55.0"/>
  </properties>
  <testcase name="See Information of Git Pocket Guide Book" classname="See Information" time="52.229">
    <system-out><![CDATA[16:19:16.756 [main] INFO io.cucumber.core.plugin.SerenityReporter - Running feature from file:///D:/File%20Baru/Kuliah/Quality%20Engineer/qe_Bayu-Septyan-Nur-Hidayat/21_Review_Web_UI_Testing_with_Serenity/Praktikum/untitled/src/test/resources/features/CartToCollection.feature
16:19:17.071 [main] INFO  - 

-------------------------------------------------------------------------------------
     _______. _______ .______       _______ .__   __.  __  .___________.____    ____ 
    /       ||   ____||   _  \     |   ____||  \ |  | |  | |           |\   \  /   / 
   |   (----`|  |__   |  |_)  |    |  |__   |   \|  | |  | `---|  |----` \   \/   /  
    \   \    |   __|  |      /     |   __|  |  . `  | |  |     |  |       \_    _/   
.----)   |   |  |____ |  |\  \----.|  |____ |  |\   | |  |     |  |         |  |     
|_______/    |_______|| _| `._____||_______||__| \__| |__|     |__|         |__|    
                                                                                     
 News and tutorials at http://www.serenity-bdd.info                                  
 Documentation at https://wakaleo.gitbooks.io/the-serenity-book/content/             
 Join the Serenity Community on Gitter: https://gitter.im/serenity-bdd/serenity-core 
 Serenity BDD Support and Training at http://serenity-bdd.info/#/trainingandsupport  
-------------------------------------------------------------------------------------

16:19:17.076 [main] DEBUG net.thucydides.core.steps.StepEventBus - Test suite started for story net.thucydides.core.model.Story@59e3786f
16:19:17.082 [main] INFO  - Test Suite Started: See Information
16:19:17.108 [main] INFO io.cucumber.core.plugin.SerenityReporter - Running feature from file:///D:/File%20Baru/Kuliah/Quality%20Engineer/qe_Bayu-Septyan-Nur-Hidayat/21_Review_Web_UI_Testing_with_Serenity/Praktikum/untitled/src/test/resources/features/Login.feature
16:19:17.118 [main] DEBUG net.thucydides.core.steps.StepEventBus - Test suite started for story net.thucydides.core.model.Story@23282f08
16:19:17.121 [main] INFO  - Test Suite Started: Login
16:19:17.121 [main] INFO io.cucumber.core.plugin.SerenityReporter - Running feature from file:///D:/File%20Baru/Kuliah/Quality%20Engineer/qe_Bayu-Septyan-Nur-Hidayat/21_Review_Web_UI_Testing_with_Serenity/Praktikum/untitled/src/test/resources/features/CartToCollection.feature
16:19:17.127 [main] DEBUG net.thucydides.core.steps.StepEventBus - Test suite started for story net.thucydides.core.model.Story@59e3786f
16:19:17.128 [main] INFO  - Test Suite Started: See Information

Scenario: See Information of Git Pocket Guide Book &amp#27;[90m# src/test/resources/features/CartToCollection.feature:6&amp#27;[0m
16:19:17.292 [main] INFO io.cucumber.core.plugin.SerenityReporter - Running feature from file:///D:/File%20Baru/Kuliah/Quality%20Engineer/qe_Bayu-Septyan-Nur-Hidayat/21_Review_Web_UI_Testing_with_Serenity/Praktikum/untitled/src/test/resources/features/CartToCollection.feature
16:19:17.492 [main] INFO  - 
  _____   ___   ___   _____     ___   _____     _     ___   _____   ___   ___  
 |_   _| | __| / __| |_   _|   / __| |_   _|   /_\   | _ \ |_   _| | __| |   \ 
   | |   | _|  \__ \   | |     \__ \   | |    / _ \  |   /   | |   | _|  | |) |
   |_|   |___| |___/   |_|     |___/   |_|   /_/ \_\ |_|_\   |_|   |___| |___/ 

See Information of Git Pocket Guide Book(see-information;see-information-of-git-pocket-guide-book)
--------------------------------------------------------------------------------
16:19:20.147 [main] DEBUG io.github.bonigarcia.wdm.cache.ResolutionCache - Removing resolution edge=105 from cache (expired on Tue Oct 04 11:25:24 ICT 2022)
16:19:20.189 [main] DEBUG org.apache.hc.client5.http.impl.classic.InternalHttpClient - ex-00000001: preparing request execution
16:19:20.198 [main] DEBUG org.apache.hc.client5.http.protocol.RequestAddCookies - Cookie spec selected: strict
16:19:20.209 [main] DEBUG org.apache.hc.client5.http.protocol.RequestAuthCache - Auth cache not set in the context
16:19:20.209 [main] DEBUG org.apache.hc.client5.http.impl.classic.ProtocolExec - ex-00000001: target auth state: UNCHALLENGED
16:19:20.211 [main] DEBUG org.apache.hc.client5.http.impl.classic.ProtocolExec - ex-00000001: proxy auth state: UNCHALLENGED
16:19:20.211 [main] DEBUG org.apache.hc.client5.http.impl.classic.ConnectExec - ex-00000001: acquiring connection with route {s}->https://raw.githubusercontent.com:443
16:19:20.211 [main] DEBUG org.apache.hc.client5.http.impl.classic.InternalHttpClient - ex-00000001: acquiring endpoint (3 MINUTES)
16:19:20.216 [main] DEBUG org.apache.hc.client5.http.impl.io.PoolingHttpClientConnectionManager - ex-00000001: endpoint lease request (3 MINUTES) [route: {s}->https://raw.githubusercontent.com:443][total available: 0; route allocated: 0 of 5; total allocated: 0 of 25]
16:19:20.226 [main] DEBUG org.apache.hc.client5.http.impl.io.PoolingHttpClientConnectionManager - ex-00000001: endpoint leased [route: {s}->https://raw.githubusercontent.com:443][total available: 0; route allocated: 1 of 5; total allocated: 1 of 25]
16:19:20.256 [main] DEBUG org.apache.hc.client5.http.impl.io.PoolingHttpClientConnectionManager - ex-00000001: acquired ep-00000000
16:19:20.256 [main] DEBUG org.apache.hc.client5.http.impl.classic.InternalHttpClient - ex-00000001: acquired endpoint ep-00000000
16:19:20.256 [main] DEBUG org.apache.hc.client5.http.impl.classic.ConnectExec - ex-00000001: opening connection {s}->https://raw.githubusercontent.com:443
16:19:20.259 [main] DEBUG org.apache.hc.client5.http.impl.classic.InternalHttpClient - ep-00000000: connecting endpoint (30 SECONDS)
16:19:20.261 [main] DEBUG org.apache.hc.client5.http.impl.io.PoolingHttpClientConnectionManager - ep-00000000: connecting endpoint to https://raw.githubusercontent.com:443 (30 SECONDS)
16:19:20.589 [main] DEBUG org.apache.hc.client5.http.impl.io.DefaultHttpClientConnectionOperator - http-outgoing-0: connecting to raw.githubusercontent.com/185.199.110.133:443
16:19:20.590 [main] DEBUG org.apache.hc.client5.http.ssl.SSLConnectionSocketFactory - Connecting socket to raw.githubusercontent.com/185.199.110.133:443 with timeout 30 SECONDS
16:19:20.745 [main] DEBUG org.apache.hc.client5.http.ssl.SSLConnectionSocketFactory - Enabled protocols: [TLSv1.3, TLSv1.2]
16:19:20.746 [main] DEBUG org.apache.hc.client5.http.ssl.SSLConnectionSocketFactory - Enabled cipher suites: [TLS_AES_256_GCM_SHA384, TLS_AES_128_GCM_SHA256, TLS_CHACHA20_POLY1305_SHA256, TLS_ECDHE_ECDSA_WITH_AES_256_GCM_SHA384, TLS_ECDHE_ECDSA_WITH_AES_128_GCM_SHA256, TLS_ECDHE_ECDSA_WITH_CHACHA20_POLY1305_SHA256, TLS_ECDHE_RSA_WITH_AES_256_GCM_SHA384, TLS_ECDHE_RSA_WITH_CHACHA20_POLY1305_SHA256, TLS_ECDHE_RSA_WITH_AES_128_GCM_SHA256, TLS_DHE_RSA_WITH_AES_256_GCM_SHA384, TLS_DHE_RSA_WITH_CHACHA20_POLY1305_SHA256, TLS_DHE_DSS_WITH_AES_256_GCM_SHA384, TLS_DHE_RSA_WITH_AES_128_GCM_SHA256, TLS_DHE_DSS_WITH_AES_128_GCM_SHA256, TLS_ECDHE_ECDSA_WITH_AES_256_CBC_SHA384, TLS_ECDHE_RSA_WITH_AES_256_CBC_SHA384, TLS_ECDHE_ECDSA_WITH_AES_128_CBC_SHA256, TLS_ECDHE_RSA_WITH_AES_128_CBC_SHA256, TLS_DHE_RSA_WITH_AES_256_CBC_SHA256, TLS_DHE_DSS_WITH_AES_256_CBC_SHA256, TLS_DHE_RSA_WITH_AES_128_CBC_SHA256, TLS_DHE_DSS_WITH_AES_128_CBC_SHA256, TLS_ECDH_ECDSA_WITH_AES_256_GCM_SHA384, TLS_ECDH_RSA_WITH_AES_256_GCM_SHA384, TLS_ECDH_ECDSA_WITH_AES_128_GCM_SHA256, TLS_ECDH_RSA_WITH_AES_128_GCM_SHA256, TLS_ECDH_ECDSA_WITH_AES_256_CBC_SHA384, TLS_ECDH_RSA_WITH_AES_256_CBC_SHA384, TLS_ECDH_ECDSA_WITH_AES_128_CBC_SHA256, TLS_ECDH_RSA_WITH_AES_128_CBC_SHA256, TLS_ECDHE_ECDSA_WITH_AES_256_CBC_SHA, TLS_ECDHE_RSA_WITH_AES_256_CBC_SHA, TLS_ECDHE_ECDSA_WITH_AES_128_CBC_SHA, TLS_ECDHE_RSA_WITH_AES_128_CBC_SHA, TLS_DHE_RSA_WITH_AES_256_CBC_SHA, TLS_DHE_DSS_WITH_AES_256_CBC_SHA, TLS_DHE_RSA_WITH_AES_128_CBC_SHA, TLS_DHE_DSS_WITH_AES_128_CBC_SHA, TLS_ECDH_ECDSA_WITH_AES_256_CBC_SHA, TLS_ECDH_RSA_WITH_AES_256_CBC_SHA, TLS_ECDH_ECDSA_WITH_AES_128_CBC_SHA, TLS_ECDH_RSA_WITH_AES_128_CBC_SHA, TLS_RSA_WITH_AES_256_GCM_SHA384, TLS_RSA_WITH_AES_128_GCM_SHA256, TLS_RSA_WITH_AES_256_CBC_SHA256, TLS_RSA_WITH_AES_128_CBC_SHA256, TLS_RSA_WITH_AES_256_CBC_SHA, TLS_RSA_WITH_AES_128_CBC_SHA, TLS_EMPTY_RENEGOTIATION_INFO_SCSV]
16:19:20.747 [main] DEBUG org.apache.hc.client5.http.ssl.SSLConnectionSocketFactory - Starting handshake
16:19:21.063 [main] DEBUG org.apache.hc.client5.http.ssl.SSLConnectionSocketFactory - Secure session established
16:19:21.063 [main] DEBUG org.apache.hc.client5.http.ssl.SSLConnectionSocketFactory -  negotiated protocol: TLSv1.3
16:19:21.063 [main] DEBUG org.apache.hc.client5.http.ssl.SSLConnectionSocketFactory -  negotiated cipher suite: TLS_AES_256_GCM_SHA384
16:19:21.063 [main] DEBUG org.apache.hc.client5.http.ssl.SSLConnectionSocketFactory -  peer principal: CN=*.github.io, O="GitHub, Inc.", L=San Francisco, ST=California, C=US
16:19:21.067 [main] DEBUG org.apache.hc.client5.http.ssl.SSLConnectionSocketFactory -  peer alternative names: [*.github.io, github.com, *.github.com, www.github.com, github.io, githubusercontent.com, *.githubusercontent.com]
16:19:21.067 [main] DEBUG org.apache.hc.client5.http.ssl.SSLConnectionSocketFactory -  issuer principal: CN=DigiCert TLS RSA SHA256 2020 CA1, O=DigiCert Inc, C=US
16:19:21.068 [main] DEBUG org.apache.hc.client5.http.impl.io.DefaultHttpClientConnectionOperator - http-outgoing-0: connection established 192.168.245.234:8955<->185.199.110.133:443
16:19:21.070 [main] DEBUG org.apache.hc.client5.http.impl.io.PoolingHttpClientConnectionManager - ep-00000000: connected http-outgoing-0
16:19:21.070 [main] DEBUG org.apache.hc.client5.http.impl.classic.InternalHttpClient - ep-00000000: endpoint connected
16:19:21.071 [main] DEBUG org.apache.hc.client5.http.impl.classic.MainClientExec - ex-00000001: executing GET /bonigarcia/webdrivermanager/master/src/main/resources/commands.properties HTTP/1.1
16:19:21.072 [main] DEBUG org.apache.hc.client5.http.impl.classic.InternalHttpClient - ep-00000000: start execution ex-00000001
16:19:21.072 [main] DEBUG org.apache.hc.client5.http.impl.io.PoolingHttpClientConnectionManager - ep-00000000: executing exchange ex-00000001 over http-outgoing-0
16:19:21.072 [main] DEBUG org.apache.hc.client5.http.headers - http-outgoing-0 >> GET /bonigarcia/webdrivermanager/master/src/main/resources/commands.properties HTTP/1.1
16:19:21.073 [main] DEBUG org.apache.hc.client5.http.headers - http-outgoing-0 >> user-agent: Apache-HttpClient/5.0
16:19:21.073 [main] DEBUG org.apache.hc.client5.http.headers - http-outgoing-0 >> accept-encoding: gzip, deflate, br
16:19:21.073 [main] DEBUG org.apache.hc.client5.http.headers - http-outgoing-0 >> cache-control: max-age=0
16:19:21.073 [main] DEBUG org.apache.hc.client5.http.headers - http-outgoing-0 >> connection: keep-alive
16:19:21.073 [main] DEBUG org.apache.hc.client5.http.headers - http-outgoing-0 >> Host: raw.githubusercontent.com
16:19:21.073 [main] DEBUG org.apache.hc.client5.http.wire - http-outgoing-0 >> "GET /bonigarcia/webdrivermanager/master/src/main/resources/commands.properties HTTP/1.1[\r][\n]"
16:19:21.073 [main] DEBUG org.apache.hc.client5.http.wire - http-outgoing-0 >> "user-agent: Apache-HttpClient/5.0[\r][\n]"
16:19:21.073 [main] DEBUG org.apache.hc.client5.http.wire - http-outgoing-0 >> "accept-encoding: gzip, deflate, br[\r][\n]"
16:19:21.073 [main] DEBUG org.apache.hc.client5.http.wire - http-outgoing-0 >> "cache-control: max-age=0[\r][\n]"
16:19:21.073 [main] DEBUG org.apache.hc.client5.http.wire - http-outgoing-0 >> "connection: keep-alive[\r][\n]"
16:19:21.074 [main] DEBUG org.apache.hc.client5.http.wire - http-outgoing-0 >> "Host: raw.githubusercontent.com[\r][\n]"
16:19:21.074 [main] DEBUG org.apache.hc.client5.http.wire - http-outgoing-0 >> "[\r][\n]"
16:19:21.143 [main] DEBUG org.apache.hc.client5.http.wire - http-outgoing-0 << "HTTP/1.1 200 OK[\r][\n]"
16:19:21.144 [main] DEBUG org.apache.hc.client5.http.wire - http-outgoing-0 << "Connection: keep-alive[\r][\n]"
16:19:21.144 [main] DEBUG org.apache.hc.client5.http.wire - http-outgoing-0 << "Content-Length: 723[\r][\n]"
16:19:21.144 [main] DEBUG org.apache.hc.client5.http.wire - http-outgoing-0 << "Cache-Control: max-age=300[\r][\n]"
16:19:21.144 [main] DEBUG org.apache.hc.client5.http.wire - http-outgoing-0 << "Content-Security-Policy: default-src 'none'; style-src 'unsafe-inline'; sandbox[\r][\n]"
16:19:21.145 [main] DEBUG org.apache.hc.client5.http.wire - http-outgoing-0 << "Content-Type: text/plain; charset=utf-8[\r][\n]"
16:19:21.145 [main] DEBUG org.apache.hc.client5.http.wire - http-outgoing-0 << "ETag: W/"e82b438271e9e8680c688b0b680efd0bdd22faa6d6f0a32fc1fd8accc486b67e"[\r][\n]"
16:19:21.145 [main] DEBUG org.apache.hc.client5.http.wire - http-outgoing-0 << "Strict-Transport-Security: max-age=31536000[\r][\n]"
16:19:21.146 [main] DEBUG org.apache.hc.client5.http.wire - http-outgoing-0 << "X-Content-Type-Options: nosniff[\r][\n]"
16:19:21.146 [main] DEBUG org.apache.hc.client5.http.wire - http-outgoing-0 << "X-Frame-Options: deny[\r][\n]"
16:19:21.146 [main] DEBUG org.apache.hc.client5.http.wire - http-outgoing-0 << "X-XSS-Protection: 1; mode=block[\r][\n]"
16:19:21.146 [main] DEBUG org.apache.hc.client5.http.wire - http-outgoing-0 << "X-GitHub-Request-Id: DA46:43B9:557FD4:72D56C:6326560A[\r][\n]"
16:19:21.146 [main] DEBUG org.apache.hc.client5.http.wire - http-outgoing-0 << "Content-Encoding: gzip[\r][\n]"
16:19:21.147 [main] DEBUG org.apache.hc.client5.http.wire - http-outgoing-0 << "Accept-Ranges: bytes[\r][\n]"
16:19:21.147 [main] DEBUG org.apache.hc.client5.http.wire - http-outgoing-0 << "Date: Tue, 04 Oct 2022 09:19:21 GMT[\r][\n]"
16:19:21.147 [main] DEBUG org.apache.hc.client5.http.wire - http-outgoing-0 << "Via: 1.1 varnish[\r][\n]"
16:19:21.147 [main] DEBUG org.apache.hc.client5.http.wire - http-outgoing-0 << "X-Served-By: cache-qpg1268-QPG[\r][\n]"
16:19:21.147 [main] DEBUG org.apache.hc.client5.http.wire - http-outgoing-0 << "X-Cache: HIT[\r][\n]"
16:19:21.148 [main] DEBUG org.apache.hc.client5.http.wire - http-outgoing-0 << "X-Cache-Hits: 1[\r][\n]"
16:19:21.148 [main] DEBUG org.apache.hc.client5.http.wire - http-outgoing-0 << "X-Timer: S1664875161.081595,VS0,VE3[\r][\n]"
16:19:21.148 [main] DEBUG org.apache.hc.client5.http.wire - http-outgoing-0 << "Vary: Authorization,Accept-Encoding,Origin[\r][\n]"
16:19:21.148 [main] DEBUG org.apache.hc.client5.http.wire - http-outgoing-0 << "Access-Control-Allow-Origin: *[\r][\n]"
16:19:21.149 [main] DEBUG org.apache.hc.client5.http.wire - http-outgoing-0 << "X-Fastly-Request-ID: c6f1b998dfa74a3a86aca4f9ec78419678f27a55[\r][\n]"
16:19:21.149 [main] DEBUG org.apache.hc.client5.http.wire - http-outgoing-0 << "Expires: Tue, 04 Oct 2022 09:24:21 GMT[\r][\n]"
16:19:21.149 [main] DEBUG org.apache.hc.client5.http.wire - http-outgoing-0 << "Source-Age: 187[\r][\n]"
16:19:21.150 [main] DEBUG org.apache.hc.client5.http.wire - http-outgoing-0 << "[\r][\n]"
16:19:21.160 [main] DEBUG org.apache.hc.client5.http.headers - http-outgoing-0 << HTTP/1.1 200 OK
16:19:21.160 [main] DEBUG org.apache.hc.client5.http.headers - http-outgoing-0 << Connection: keep-alive
16:19:21.160 [main] DEBUG org.apache.hc.client5.http.headers - http-outgoing-0 << Content-Length: 723
16:19:21.161 [main] DEBUG org.apache.hc.client5.http.headers - http-outgoing-0 << Cache-Control: max-age=300
16:19:21.161 [main] DEBUG org.apache.hc.client5.http.headers - http-outgoing-0 << Content-Security-Policy: default-src 'none'; style-src 'unsafe-inline'; sandbox
16:19:21.161 [main] DEBUG org.apache.hc.client5.http.headers - http-outgoing-0 << Content-Type: text/plain; charset=utf-8
16:19:21.161 [main] DEBUG org.apache.hc.client5.http.headers - http-outgoing-0 << ETag: W/"e82b438271e9e8680c688b0b680efd0bdd22faa6d6f0a32fc1fd8accc486b67e"
16:19:21.161 [main] DEBUG org.apache.hc.client5.http.headers - http-outgoing-0 << Strict-Transport-Security: max-age=31536000
16:19:21.161 [main] DEBUG org.apache.hc.client5.http.headers - http-outgoing-0 << X-Content-Type-Options: nosniff
16:19:21.161 [main] DEBUG org.apache.hc.client5.http.headers - http-outgoing-0 << X-Frame-Options: deny
16:19:21.161 [main] DEBUG org.apache.hc.client5.http.headers - http-outgoing-0 << X-XSS-Protection: 1; mode=block
16:19:21.162 [main] DEBUG org.apache.hc.client5.http.headers - http-outgoing-0 << X-GitHub-Request-Id: DA46:43B9:557FD4:72D56C:6326560A
16:19:21.162 [main] DEBUG org.apache.hc.client5.http.headers - http-outgoing-0 << Content-Encoding: gzip
16:19:21.162 [main] DEBUG org.apache.hc.client5.http.headers - http-outgoing-0 << Accept-Ranges: bytes
16:19:21.162 [main] DEBUG org.apache.hc.client5.http.headers - http-outgoing-0 << Date: Tue, 04 Oct 2022 09:19:21 GMT
16:19:21.162 [main] DEBUG org.apache.hc.client5.http.headers - http-outgoing-0 << Via: 1.1 varnish
16:19:21.162 [main] DEBUG org.apache.hc.client5.http.headers - http-outgoing-0 << X-Served-By: cache-qpg1268-QPG
16:19:21.162 [main] DEBUG org.apache.hc.client5.http.headers - http-outgoing-0 << X-Cache: HIT
16:19:21.162 [main] DEBUG org.apache.hc.client5.http.headers - http-outgoing-0 << X-Cache-Hits: 1
16:19:21.163 [main] DEBUG org.apache.hc.client5.http.headers - http-outgoing-0 << X-Timer: S1664875161.081595,VS0,VE3
16:19:21.163 [main] DEBUG org.apache.hc.client5.http.headers - http-outgoing-0 << Vary: Authorization,Accept-Encoding,Origin
16:19:21.163 [main] DEBUG org.apache.hc.client5.http.headers - http-outgoing-0 << Access-Control-Allow-Origin: *
16:19:21.163 [main] DEBUG org.apache.hc.client5.http.headers - http-outgoing-0 << X-Fastly-Request-ID: c6f1b998dfa74a3a86aca4f9ec78419678f27a55
16:19:21.163 [main] DEBUG org.apache.hc.client5.http.headers - http-outgoing-0 << Expires: Tue, 04 Oct 2022 09:24:21 GMT
16:19:21.163 [main] DEBUG org.apache.hc.client5.http.headers - http-outgoing-0 << Source-Age: 187
16:19:21.176 [main] DEBUG org.apache.hc.client5.http.impl.classic.MainClientExec - ex-00000001: connection can be kept alive for 3 MINUTES
16:19:21.189 [main] DEBUG org.apache.hc.client5.http.wire - http-outgoing-0 << "[0x1f][0xffffff8b][0x8][0x0][0x0][0x0][0x0][0x0][0x0][0x3][0xffffffb5]V]o[0xffffffda]0[0x14]}[0xffffffe7]W\[0xffffff81]*[0xffffffb5][0x12][0x1f][[M[0xffffffd3]$[0x1e]hF[0xffffffbb]i [0x18][0xffffffb4][0xffffffdd]&[0xfffffff9][0xffffffc5]$7[0xffffffc1]R[0x12]#;[0xffffff94]v[0xffffffbf]~[0xffffffb6][0xfffffff3]1[0xffffff92][0xffffff9a][0xffffffc1][0x1a]x[0xffffffcb][0xffffffb5][0xffffffaf][0xffffffcf]9[0xffffffbe][0xfffffff7]8v[0xb][0x1c][0x1e]E4[0xfffffff6]$x4[0xffffffa1][0xb]*[0xffffffb1][0xffffffd1][0xffffff82][0xfffffffb]%[0xffffff93][0xffffffe0][0xffffffb3][0x10][0xffffffc1][0xffffffe5]qBY,!Y[0xffffffea] KM8,[0x10][0xfffffff0][0x19][0xffffffdd]u[0xffffff82][0x1e][0xffffffb0][0xffffffd8]L[0xffffffcb]%[0xffffff86][0xffffffa1][0xe][0xffffffb8][0xfffffff0]P[0xffffffe8]$[0xf][0x13]t[0x13]3[0xfffffff9][0xffffff84]B2[0xffffffae][0xffffffe6]|@[0xfffffff5][0x1d][0x8][0xffffffc4][0x18][0x16][0xffffff82]o[0xffffffa4][0xffffff9a]P[0xffffff94][0xffffffe7][0xffffffce]R[0xfffffff0][0x8][0xffffffdb]p[0xffffffcb][0x4][0xfffffffa][0xfffffffc][0xffffffb9][\r][0xffffff93][0x15][\n]"
16:19:21.190 [main] DEBUG org.apache.hc.client5.http.wire - http-outgoing-0 << "[0xffffffda][0xffffff86][0xffffffa1][0x17][0xffffffa8]Q3[0xffffffcb][0xffffffd6][0xffffffd1][0xffffff85][0xffffffc6][0xfffffff7][0xffffff98][0xffffffef][0xffffffa3][0xffffffc0]8[0x1][0xffffffae]s[0x12][0x16][0x7] _d[0xffffff82][0xffffff91][0xffffff84][0xfffffff3][0x1f],[0xfffffff6][0x14]j[0x1b]F,^+[0xffffff98]1ua2[0xffffffbf]h([0xffffff8e][0xffffff94][0xffffffa2][0xffffff91]m[0xffffffa3][0xffffffeb][0xffffff9a][0xffffffb0][0xffffffbb]I[0x17]t[0xffffffdf][0xffffffbd][0xffffffef][0xffffffbb][0xffffff91][0xffffffd7]U[0xffffffbb][0xffffff82][0xffffff9e][0x3][0xffffff9b][0xffffff88][0xffffffb9][0xffffffa6]$[0xffffffa6][0xc][0xffffff9b][0xffffffa5][0xffffffe2][0xffffff83][0xffffff98]F[0xffffffd8]o[0xffffff9e]Mg[0xffffff93][0xffffffbb][0xffffffd9]`|[0xfffffffb]u4[0xffffff9c][0x7f]"}B[0xffffffce][0x8][0xffffffb9][0xffffffe3]<[0x8][0xffffff91][0xffffff90][0xffffff94][0xffffff82][0xffffff90][0xffffffc1]j[0x15]2WI[0xffffffe3]1![0x19][0xffffff91]BnB[0xffffff80][0x9]<f[0xffffffb5][0xffffffe8]=[0xffffffd1]p[0xffffffbd][[0xffffffcf][0xffffffe5][0x1b][0xfffffff4][0xffffff9c][0xffffffff][0xfffffffc][0xfffffff8][0xffffffe1][0xffffffe2][0xffffff94][0xffffffa2][0xffffffae][0xe][0x14]5[0xffffff9a]8[0xffffff83][0xffffffd1]`:[0xfffffffd]<[0xffffffb8][0x1f][0xffffff9c]R[0xffffffcf]u[0x7f]6[0xffffffbc][0xffffff83][0xffffffef][0xf][0xffffffc3][0xffffffd9]/[0xfffffff8][0xfffffff2][0xffffffcd]y s[0xffffffee]'[0x1b]*0g[0xffffffcb][0xffffffc8]nF7H][0xffffff83][0xffffff97]{[0xffffffb1]Q[0x5][\r][0xffffffb5]c[0xffffffb4][0xf][0x2][0xffffffb3][0xffffffb4][0xffffff93][0xe]C[0xffffffa7][0xffffffb3]kAD][0xffffff9d][0xffffffde][0xffffffdb][0xffffffda][0xffffff88][0xffffffec][0xffffffa5][0xffffffbc][0xffffff99][0xffffffd9][0xffffffba]t[0xffffffb5][0xffffffea]9[0xffffffea][0x10])[0xffffffb7][0xffffffca][0xffffff9e][0xfffffff2][0xffffffe2]d^N[0xffffffd8]FW[0x16][0xffffffcd][0xffffffdc]_[0x10][0xfffffff9]i|[0x1c][0xffffff93][0xffffff8e][0xfffffff9]o[0x16][0xffffff86]4'!$G[0xffffffdf]W[0xfffffff4]W*j[[0xfffffff3]xR[0xffffffae][0xffffffb6][0xc][0xffffffd0],; #[0xffffffa9][0xffffff92]5[0xffffffb5][0x7][0xffffff9c][0xffffffb5][0xffffffd0][0x7f][0xffffff90][0xffffffc7]jgs[0xfffffffc][0xffffffc2][0xb][0xffffffd9][0x0]t[0xffffff9e]^'Y[0xfffffffb][0xffffff9f][0xffffffb1][0xffffffd8]:[0xffffffbf][0xffffff8d][0xffffffa5][0xffffff9a][0xffffffad][0x7f]m[0x5]&[0xffffffaa][0xffffffa0]^[0xffffff9b][0xffffffcb][0x5]f[0xffffffae][0xffffffe0]RU[0xffffff82][0x10]MS9l[0xffffff91]4t[0xfffffffb][0xffffff8a]][0xffffffd6][0xfffffff4][0xffffff96][0xffffffa6][0xffffff9f]P[0xffffffce][0xffffffd5][0xffffffce][0xffffff93][0xffffffff][0xffffff97][0xffffffcc]p[0xfffffffd][0xfffffff3][0xffffffe8][0x1b][0xffffffcc][0xffffffa2][0xffffffd9]Q[0xffffffbe][0xffffffb2][0xffffffa3][0xffffffc7]m'[0xffffffdf][0xffffffe4][[0xfffffffb]^[0xffffffb0][0xffffff9a][0xffffffbe][0xffffffda][0xffffffda]_[0xffffffce][0xffffff80][0xffffffd2][0xffffffc1]7[0xffffffb7]][0xffffffc1]b[0xffffffee][0xffffffb5][0xffffffff]w[0xffffff83][0xffffffed][0xffffffa7];[0x15]<[0x10]4[0xffffff92][0xffffff84][0x18][\n]"
16:19:21.190 [main] DEBUG org.apache.hc.client5.http.wire - http-outgoing-0 << "BB[0xffffffba][0xffffff8e]][0xffffffb5]jo[0xffffffb9]+"[0xffffffea][0xffffffb4][0xffffffff]h"[0xffffffea]\?5[0xffffffa9][0xffffffaf]k[0xffffffec][0xffffffff]P[0xffffffea][\n]"
16:19:21.190 [main] DEBUG org.apache.hc.client5.http.wire - http-outgoing-0 << "w[0xffffffe1]K[0x13][0xffffffda][0xffffffec][0xffffff98][0xffffffe6]Y[0xfffffffd]h8m6[0xffffff9c]T[0xffffffc1][0xfffffff2][0xffffffa7][0xffffff91]z_[0xffffff95]o85p[0x1c][0x13][0xffffffe6][0xfffffff0]5[0xffffffee][0xfffffffc][0xffffff92][0xffffff96][0xffffffda][0xfffffff7][0xffffffcf][0xffffffb1][0x5][0x1d][0xffffffea]K[0xffffff9b]9[0xffffff8e][0xffffffad]e[0xfffffff7][0xffffff93][0xffffffa8]`[0xffffffda][0xffffffff][0x1a][0xffffffd2][0xffffff88][0xffffff85][0xfffffffd][0xfffffff2][0xffffff91]N[0xfffffff6]`[0xffffffdf]2[0xffffffcf][0xffffffae]E[0xffffff97][0xffffffc5][0xffffffa2][0xffffff9d][0xffffffef]'[0xffffff9d]mun.[0xffffffd3]f^[0xffffffc7][0xffffff82][0xffffffda][0xffffff82]9[0xfffffff5][0xffffffa9]`[0x5][0xffffffbc]4[0xffffffa1][0x1d]<M[0xffffffb5]A[0xffffffa7]3[[0xffffffc0][0x7f][0x0][0xffffffc1][0xffffffd0]$[0xffffff85][0x1d][\r][0x0][0x0]"
16:19:21.192 [main] DEBUG org.apache.hc.client5.http.impl.classic.InternalHttpClient - ep-00000000: releasing valid endpoint
16:19:21.193 [main] DEBUG org.apache.hc.client5.http.impl.io.PoolingHttpClientConnectionManager - ep-00000000: releasing endpoint
16:19:21.193 [main] DEBUG org.apache.hc.client5.http.impl.io.PoolingHttpClientConnectionManager - ep-00000000: connection http-outgoing-0 can be kept alive for 3 MINUTES
16:19:21.194 [main] DEBUG org.apache.hc.client5.http.impl.io.PoolingHttpClientConnectionManager - ep-00000000: connection released [route: {s}->https://raw.githubusercontent.com:443][total available: 1; route allocated: 1 of 5; total allocated: 1 of 25]
16:19:21.195 [main] DEBUG io.github.bonigarcia.wdm.versions.VersionDetector - Detecting edge version using online commands.properties
16:19:21.199 [main] DEBUG io.github.bonigarcia.wdm.versions.Shell - Running command on the shell: [cmd.exe, /C, wmic, datafile, where, name="%PROGRAMFILES(X86):\=\\%\\Microsoft\\Edge\\Application\\msedge.exe", get, Version, /value]
16:19:21.960 [main] DEBUG io.github.bonigarcia.wdm.versions.Shell - Result: Version=105.0.1343.53
16:19:21.968 [main] DEBUG io.github.bonigarcia.wdm.cache.ResolutionCache - Resolution edge105=105.0.1343.53 in cache (valid until 22:15:59 04/10/2022 ICT)
16:19:21.972 [main] INFO io.github.bonigarcia.wdm.WebDriverManager - Using msedgedriver 105.0.1343.53 (resolved driver for Edge 105)
16:19:21.981 [main] DEBUG io.github.bonigarcia.wdm.cache.ResolutionCache - Storing resolution edge=105 in cache (valid until 17:19:21 04/10/2022 ICT)
16:19:22.001 [main] DEBUG io.github.bonigarcia.wdm.WebDriverManager - Driver msedgedriver 105.0.1343.53 found in cache
16:19:22.002 [main] INFO io.github.bonigarcia.wdm.WebDriverManager - Exporting webdriver.edge.driver as C:\Users\Bayu\.cache\selenium\msedgedriver\win64\105.0.1343.53\msedgedriver.exe
16:19:23.139 [main] DEBUG net.thucydides.core.reflection.ClassFinder - Could not load class .CucumberTestSuite
16:19:23.139 [main] DEBUG net.thucydides.core.reflection.ClassFinder - Could not load class .starter.pages.CartPage
16:19:23.140 [main] DEBUG net.thucydides.core.reflection.ClassFinder - Could not load class .starter.pages.LoginPage
16:19:23.140 [main] DEBUG net.thucydides.core.reflection.ClassFinder - Could not load class .starter.stepdefinitions.CollectionStep
16:19:23.140 [main] DEBUG net.thucydides.core.reflection.ClassFinder - Could not load class .starter.stepdefinitions.LoginStep
16:19:23.141 [main] DEBUG net.thucydides.core.reflection.ClassFinder - Could not load class META-INF.versions.9.com.sun.istack.logging.StackHelper
16:19:23.142 [main] DEBUG net.thucydides.core.reflection.ClassFinder - Could not load class META-INF.versions.9.com.sun.xml.bind.v2.runtime.reflect.opt.AccessorInjector
16:19:23.142 [main] DEBUG net.thucydides.core.reflection.ClassFinder - Could not load class META-INF.versions.9.com.sun.xml.bind.v2.runtime.reflect.opt.Injector
16:19:23.143 [main] DEBUG net.thucydides.core.reflection.ClassFinder - Could not load class META-INF.versions.9.com.sun.xml.bind.v2.runtime.reflect.opt.OptimizedAccessorFactory
16:19:23.144 [main] DEBUG net.thucydides.core.reflection.ClassFinder - Could not load class META-INF.versions.9.com.sun.xml.bind.v2.runtime.reflect.opt.OptimizedTransducedAccessorFactory
16:19:23.144 [main] DEBUG net.thucydides.core.reflection.ClassFinder - Could not load class META-INF.versions.9.io.opentelemetry.sdk.internal.CurrentJavaVersionSpecific
16:19:23.145 [main] DEBUG net.thucydides.core.reflection.ClassFinder - Could not load class META-INF.versions.9.io.opentelemetry.sdk.internal.Java9VersionSpecific
16:19:23.145 [main] DEBUG net.thucydides.core.reflection.ClassFinder - Could not load class META-INF.versions.9.javax.xml.bind.ModuleUtil
16:19:23.146 [main] DEBUG net.thucydides.core.reflection.ClassFinder - Could not load class META-INF.versions.9.module-info
16:19:23.147 [main] DEBUG net.thucydides.core.reflection.ClassFinder - Could not load class META-INF.versions.9.org.junit.platform.commons.util.ModuleUtils
16:19:23.858 [main] DEBUG net.thucydides.core.reflection.ClassFinder - Could not load class com.google.gson.internal.
16:19:24.249 [main] DEBUG net.thucydides.core.reflection.ClassFinder - Could not load class com.sun.xml.bind.v2.runtime.output.FastInfosetStreamWriterOutput
16:19:25.038 [main] DEBUG net.thucydides.core.reflection.ClassFinder - Could not load class module-info
16:19:30.139 [main] DEBUG io.netty.util.internal.logging.InternalLoggerFactory - Using SLF4J as the default logging framework
16:19:30.151 [main] DEBUG io.netty.util.ResourceLeakDetector - -Dio.netty.leakDetection.level: simple
16:19:30.151 [main] DEBUG io.netty.util.ResourceLeakDetector - -Dio.netty.leakDetection.targetRecords: 4
16:19:30.166 [main] DEBUG io.netty.util.ResourceLeakDetectorFactory - Loaded default ResourceLeakDetector: io.netty.util.ResourceLeakDetector@3db8bbbe
16:19:30.210 [main] DEBUG io.netty.util.internal.PlatformDependent0 - -Dio.netty.noUnsafe: false
16:19:30.211 [main] DEBUG io.netty.util.internal.PlatformDependent0 - Java version: 11
16:19:30.212 [main] DEBUG io.netty.util.internal.PlatformDependent0 - sun.misc.Unsafe.theUnsafe: available
16:19:30.213 [main] DEBUG io.netty.util.internal.PlatformDependent0 - sun.misc.Unsafe.copyMemory: available
16:19:30.214 [main] DEBUG io.netty.util.internal.PlatformDependent0 - java.nio.Buffer.address: available
16:19:30.215 [main] DEBUG io.netty.util.internal.PlatformDependent0 - direct buffer constructor: unavailable: Reflective setAccessible(true) disabled
16:19:30.216 [main] DEBUG io.netty.util.internal.PlatformDependent0 - java.nio.Bits.unaligned: available, true
16:19:30.218 [main] DEBUG io.netty.util.internal.PlatformDependent0 - jdk.internal.misc.Unsafe.allocateUninitializedArray(int): unavailable: class io.netty.util.internal.PlatformDependent0$6 cannot access class jdk.internal.misc.Unsafe (in module java.base) because module java.base does not export jdk.internal.misc to unnamed module @d1f74b8
16:19:30.221 [main] DEBUG io.netty.util.internal.PlatformDependent0 - java.nio.DirectByteBuffer.<init>(long, int): unavailable
16:19:30.221 [main] DEBUG io.netty.util.internal.PlatformDependent - sun.misc.Unsafe: available
16:19:30.226 [main] DEBUG io.netty.util.internal.PlatformDependent - maxDirectMemory: 1040187392 bytes (maybe)
16:19:30.227 [main] DEBUG io.netty.util.internal.PlatformDependent - -Dio.netty.tmpdir: C:\Users\Bayu\AppData\Local\Temp (java.io.tmpdir)
16:19:30.228 [main] DEBUG io.netty.util.internal.PlatformDependent - -Dio.netty.bitMode: 64 (sun.arch.data.model)
16:19:30.229 [main] DEBUG io.netty.util.internal.PlatformDependent - Platform: Windows
16:19:30.231 [main] DEBUG io.netty.util.internal.PlatformDependent - -Dio.netty.maxDirectMemory: -1 bytes
16:19:30.231 [main] DEBUG io.netty.util.internal.PlatformDependent - -Dio.netty.uninitializedArrayAllocationThreshold: -1
16:19:30.233 [main] DEBUG io.netty.util.internal.CleanerJava9 - java.nio.ByteBuffer.cleaner(): available
16:19:30.233 [main] DEBUG io.netty.util.internal.PlatformDependent - -Dio.netty.noPreferDirect: false
16:19:30.251 [main] DEBUG io.netty.util.internal.PlatformDependent - org.jctools-core.MpscChunkedArrayQueue: available
16:19:30.302 [main] DEBUG io.netty.util.internal.InternalThreadLocalMap - -Dio.netty.threadLocalMap.stringBuilder.initialSize: 1024
16:19:30.302 [main] DEBUG io.netty.util.internal.InternalThreadLocalMap - -Dio.netty.threadLocalMap.stringBuilder.maxSize: 4096
16:19:30.333 [main] DEBUG io.netty.handler.ssl.JdkSslContext - Default protocols (JDK): [TLSv1.3, TLSv1.2] 
16:19:30.333 [main] DEBUG io.netty.handler.ssl.JdkSslContext - Default cipher suites (JDK): [TLS_ECDHE_ECDSA_WITH_AES_256_GCM_SHA384, TLS_ECDHE_ECDSA_WITH_AES_128_GCM_SHA256, TLS_ECDHE_RSA_WITH_AES_128_GCM_SHA256, TLS_ECDHE_RSA_WITH_AES_256_GCM_SHA384, TLS_ECDHE_RSA_WITH_AES_128_CBC_SHA, TLS_ECDHE_RSA_WITH_AES_256_CBC_SHA, TLS_RSA_WITH_AES_128_GCM_SHA256, TLS_RSA_WITH_AES_128_CBC_SHA, TLS_RSA_WITH_AES_256_CBC_SHA, TLS_AES_128_GCM_SHA256, TLS_AES_256_GCM_SHA384]
16:19:30.388 [main] DEBUG io.netty.channel.MultithreadEventLoopGroup - -Dio.netty.eventLoopThreads: 8
16:19:30.406 [main] DEBUG io.netty.channel.nio.NioEventLoop - -Dio.netty.noKeySetOptimization: false
16:19:30.406 [main] DEBUG io.netty.channel.nio.NioEventLoop - -Dio.netty.selectorAutoRebuildThreshold: 512
16:19:30.482 [main] DEBUG io.netty.buffer.PooledByteBufAllocator - -Dio.netty.allocator.numHeapArenas: 8
16:19:30.482 [main] DEBUG io.netty.buffer.PooledByteBufAllocator - -Dio.netty.allocator.numDirectArenas: 8
16:19:30.482 [main] DEBUG io.netty.buffer.PooledByteBufAllocator - -Dio.netty.allocator.pageSize: 8192
16:19:30.482 [main] DEBUG io.netty.buffer.PooledByteBufAllocator - -Dio.netty.allocator.maxOrder: 11
16:19:30.482 [main] DEBUG io.netty.buffer.PooledByteBufAllocator - -Dio.netty.allocator.chunkSize: 16777216
16:19:30.482 [main] DEBUG io.netty.buffer.PooledByteBufAllocator - -Dio.netty.allocator.smallCacheSize: 256
16:19:30.483 [main] DEBUG io.netty.buffer.PooledByteBufAllocator - -Dio.netty.allocator.normalCacheSize: 64
16:19:30.483 [main] DEBUG io.netty.buffer.PooledByteBufAllocator - -Dio.netty.allocator.maxCachedBufferCapacity: 32768
16:19:30.483 [main] DEBUG io.netty.buffer.PooledByteBufAllocator - -Dio.netty.allocator.cacheTrimInterval: 8192
16:19:30.483 [main] DEBUG io.netty.buffer.PooledByteBufAllocator - -Dio.netty.allocator.cacheTrimIntervalMillis: 0
16:19:30.483 [main] DEBUG io.netty.buffer.PooledByteBufAllocator - -Dio.netty.allocator.useCacheForAllThreads: true
16:19:30.483 [main] DEBUG io.netty.buffer.PooledByteBufAllocator - -Dio.netty.allocator.maxCachedByteBuffersPerChunk: 1023
16:19:30.503 [main] DEBUG io.netty.buffer.ByteBufUtil - -Dio.netty.allocator.type: pooled
16:19:30.503 [main] DEBUG io.netty.buffer.ByteBufUtil - -Dio.netty.threadLocalDirectBufferSize: 0
16:19:30.504 [main] DEBUG io.netty.buffer.ByteBufUtil - -Dio.netty.maxThreadLocalCharBufferSize: 16384
16:19:30.644 [main] DEBUG net.serenitybdd.core.webdriver.driverproviders.ProvideNewDriver - Instantiating driver
16:19:30.644 [main] DEBUG net.serenitybdd.core.webdriver.driverproviders.ProvideNewDriver - Driver capabilities: Capabilities {base.url: https://demoqa.com, driver: edge, edge.driver: src/test/resources/webdrive..., ms:edgeChromium: true, ms:edgeOptions: {}}
16:19:31.523 [Forwarding newSession on session null to remote] DEBUG io.netty.channel.DefaultChannelId - -Dio.netty.processId: 10168 (auto-detected)
16:19:31.527 [Forwarding newSession on session null to remote] DEBUG io.netty.util.NetUtil - -Djava.net.preferIPv4Stack: false
16:19:31.527 [Forwarding newSession on session null to remote] DEBUG io.netty.util.NetUtil - -Djava.net.preferIPv6Addresses: false
16:19:31.783 [Forwarding newSession on session null to remote] DEBUG io.netty.util.NetUtilInitializations - Loopback interface: lo (Software Loopback Interface 1, 127.0.0.1)
16:19:31.785 [Forwarding newSession on session null to remote] DEBUG io.netty.util.NetUtil - Failed to get SOMAXCONN from sysctl and file \proc\sys\net\core\somaxconn. Default: 200
16:19:32.058 [Forwarding newSession on session null to remote] DEBUG io.netty.channel.DefaultChannelId - -Dio.netty.machineId: d4:6a:6a:ff:fe:8b:ec:cb (auto-detected)
16:19:32.168 [AsyncHttpClient-1-2] DEBUG io.netty.buffer.AbstractByteBuf - -Dio.netty.buffer.checkAccessible: true
16:19:32.169 [AsyncHttpClient-1-2] DEBUG io.netty.buffer.AbstractByteBuf - -Dio.netty.buffer.checkBounds: true
16:19:32.169 [AsyncHttpClient-1-2] DEBUG io.netty.util.ResourceLeakDetectorFactory - Loaded default ResourceLeakDetector: io.netty.util.ResourceLeakDetector@26047b96
16:19:32.201 [AsyncHttpClient-1-2] DEBUG org.asynchttpclient.netty.channel.NettyConnectListener - Using new Channel '[id: 0xaff1c1f2, L:/127.0.0.1:8978 - R:localhost/127.0.0.1:54632]' for 'POST' to '/session'
16:19:32.244 [AsyncHttpClient-1-2] DEBUG io.netty.util.Recycler - -Dio.netty.recycler.maxCapacityPerThread: 4096
16:19:32.244 [AsyncHttpClient-1-2] DEBUG io.netty.util.Recycler - -Dio.netty.recycler.ratio: 8
16:19:32.244 [AsyncHttpClient-1-2] DEBUG io.netty.util.Recycler - -Dio.netty.recycler.chunkSize: 32
16:19:32.244 [AsyncHttpClient-1-2] DEBUG io.netty.util.Recycler - -Dio.netty.recycler.blocking: false
16:19:38.504 [AsyncHttpClient-1-2] DEBUG io.netty.handler.codec.compression.Brotli - brotli4j not in the classpath; Brotli support will be unavailable.
16:19:38.504 [AsyncHttpClient-1-2] DEBUG org.asynchttpclient.netty.handler.HttpHandler - 

Request DefaultHttpRequest(decodeResult: success, version: HTTP/1.1)
POST /session HTTP/1.1
User-Agent: selenium/4.1.2 (java windows)
Content-Length: 591
Content-Type: application/json; charset=utf-8
host: localhost:54632
accept: */*

Response DefaultHttpResponse(decodeResult: success, version: HTTP/1.1)
HTTP/1.1 200 OK
Content-Type: application/json; charset=utf-8
cache-control: no-cache
content-length: 753

16:19:38.524 [AsyncHttpClient-1-2] DEBUG org.asynchttpclient.netty.channel.ChannelManager - Adding key: http://localhost:54632 for channel [id: 0xaff1c1f2, L:/127.0.0.1:8978 - R:localhost/127.0.0.1:54632]
16:19:38.888 [AsyncHttpClient-1-3] DEBUG org.asynchttpclient.netty.channel.NettyConnectListener - Using new Channel '[id: 0x268717d6, L:/127.0.0.1:8999 - R:localhost/127.0.0.1:8982]' for 'GET' to '/json/version'
16:19:38.902 [AsyncHttpClient-1-3] DEBUG org.asynchttpclient.netty.handler.HttpHandler - 

Request DefaultFullHttpRequest(decodeResult: success, version: HTTP/1.1, content: EmptyByteBufBE)
GET /json/version HTTP/1.1
User-Agent: selenium/4.1.2 (java windows)
host: localhost:8982
accept: */*

Response DefaultHttpResponse(decodeResult: success, version: HTTP/1.1)
HTTP/1.1 200 OK
Content-Type: application/json; charset=UTF-8
content-length: 435

16:19:38.903 [AsyncHttpClient-1-3] DEBUG org.asynchttpclient.netty.channel.ChannelManager - Adding key: http://localhost:8982 for channel [id: 0x268717d6, L:/127.0.0.1:8999 - R:localhost/127.0.0.1:8982]
16:19:38.916 [main] DEBUG io.netty.util.internal.ThreadLocalRandom - -Dio.netty.initialSeedUniquifier: 0xea1748cb71b40f6a
16:19:38.941 [AsyncHttpClient-1-4] DEBUG org.asynchttpclient.netty.channel.NettyConnectListener - Using new Channel '[id: 0x3089c682, L:/127.0.0.1:9000 - R:localhost/127.0.0.1:8982]' for 'GET' to '/devtools/browser/e18e50ee-284d-4229-8d3b-38266b120a56'
16:19:38.959 [AsyncHttpClient-1-4] DEBUG org.asynchttpclient.netty.handler.WebSocketHandler - 

Request DefaultFullHttpRequest(decodeResult: success, version: HTTP/1.1, content: EmptyByteBufBE)
GET /devtools/browser/e18e50ee-284d-4229-8d3b-38266b120a56 HTTP/1.1
upgrade: websocket
connection: upgrade
sec-websocket-key: HmtU1OvFnjLFa6LRln3img==
sec-websocket-version: 13
origin: http://localhost:8982
host: localhost:8982
accept: */*
user-agent: AHC/2.1

Response DefaultHttpResponse(decodeResult: success, version: HTTP/1.1)
HTTP/1.1 101 WebSocket Protocol Handshake
Upgrade: WebSocket
Connection: Upgrade
Sec-WebSocket-Accept: 9z4/UYI5v4rL63OT2ws1vN3Hr8g=

16:19:39.073 [AsyncHttpClient-1-1] DEBUG org.asynchttpclient.netty.channel.DefaultChannelPool - Entry count for : http://localhost:8982 : 1
16:19:39.073 [AsyncHttpClient-1-1] DEBUG org.asynchttpclient.netty.channel.DefaultChannelPool - Entry count for : http://localhost:54632 : 1
16:19:40.163 [AsyncHttpClient-1-1] DEBUG org.asynchttpclient.netty.channel.DefaultChannelPool - Entry count for : http://localhost:8982 : 1
16:19:40.164 [AsyncHttpClient-1-1] DEBUG org.asynchttpclient.netty.channel.DefaultChannelPool - Entry count for : http://localhost:54632 : 1
16:19:41.267 [AsyncHttpClient-1-1] DEBUG org.asynchttpclient.netty.channel.DefaultChannelPool - Entry count for : http://localhost:8982 : 1
16:19:41.268 [AsyncHttpClient-1-1] DEBUG org.asynchttpclient.netty.channel.DefaultChannelPool - Entry count for : http://localhost:54632 : 1
16:19:41.366 [main] DEBUG net.thucydides.core.reflection.ClassFinder - Could not load class .CucumberTestSuite
16:19:41.366 [main] DEBUG net.thucydides.core.reflection.ClassFinder - Could not load class .starter.pages.CartPage
16:19:41.366 [main] DEBUG net.thucydides.core.reflection.ClassFinder - Could not load class .starter.pages.LoginPage
16:19:41.366 [main] DEBUG net.thucydides.core.reflection.ClassFinder - Could not load class .starter.stepdefinitions.CollectionStep
16:19:41.366 [main] DEBUG net.thucydides.core.reflection.ClassFinder - Could not load class .starter.stepdefinitions.LoginStep
16:19:41.367 [main] DEBUG net.thucydides.core.reflection.ClassFinder - Could not load class META-INF.versions.9.com.sun.istack.logging.StackHelper
16:19:41.368 [main] DEBUG net.thucydides.core.reflection.ClassFinder - Could not load class META-INF.versions.9.com.sun.xml.bind.v2.runtime.reflect.opt.AccessorInjector
16:19:41.369 [main] DEBUG net.thucydides.core.reflection.ClassFinder - Could not load class META-INF.versions.9.com.sun.xml.bind.v2.runtime.reflect.opt.Injector
16:19:41.370 [main] DEBUG net.thucydides.core.reflection.ClassFinder - Could not load class META-INF.versions.9.com.sun.xml.bind.v2.runtime.reflect.opt.OptimizedAccessorFactory
16:19:41.371 [main] DEBUG net.thucydides.core.reflection.ClassFinder - Could not load class META-INF.versions.9.com.sun.xml.bind.v2.runtime.reflect.opt.OptimizedTransducedAccessorFactory
16:19:41.373 [main] DEBUG net.thucydides.core.reflection.ClassFinder - Could not load class META-INF.versions.9.io.opentelemetry.sdk.internal.CurrentJavaVersionSpecific
16:19:41.373 [main] DEBUG net.thucydides.core.reflection.ClassFinder - Could not load class META-INF.versions.9.io.opentelemetry.sdk.internal.Java9VersionSpecific
16:19:41.374 [main] DEBUG net.thucydides.core.reflection.ClassFinder - Could not load class META-INF.versions.9.javax.xml.bind.ModuleUtil
16:19:41.375 [main] DEBUG net.thucydides.core.reflection.ClassFinder - Could not load class META-INF.versions.9.module-info
16:19:41.377 [main] DEBUG net.thucydides.core.reflection.ClassFinder - Could not load class META-INF.versions.9.org.junit.platform.commons.util.ModuleUtils
16:19:41.382 [main] DEBUG net.thucydides.core.reflection.ClassFinder - Could not load class com.google.gson.internal.
16:19:41.386 [main] DEBUG net.thucydides.core.reflection.ClassFinder - Could not load class com.sun.xml.bind.v2.runtime.output.FastInfosetStreamWriterOutput
16:19:41.391 [main] DEBUG net.thucydides.core.reflection.ClassFinder - Could not load class module-info
16:19:41.441 [Forwarding get on session 8acfd83c2f99f121fbd1f1537d0a4965 to remote] DEBUG org.asynchttpclient.netty.request.NettyRequestSender - Using pooled Channel '[id: 0xaff1c1f2, L:/127.0.0.1:8978 - R:localhost/127.0.0.1:54632]' for 'POST' to 'http://localhost:54632/session/8acfd83c2f99f121fbd1f1537d0a4965/url'
16:19:41.442 [Forwarding get on session 8acfd83c2f99f121fbd1f1537d0a4965 to remote] DEBUG org.asynchttpclient.netty.request.NettyRequestSender - Using open Channel [id: 0xaff1c1f2, L:/127.0.0.1:8978 - R:localhost/127.0.0.1:54632] for POST '/session/8acfd83c2f99f121fbd1f1537d0a4965/url'
16:19:42.361 [AsyncHttpClient-1-1] DEBUG org.asynchttpclient.netty.channel.DefaultChannelPool - Entry count for : http://localhost:8982 : 1
16:19:43.461 [AsyncHttpClient-1-1] DEBUG org.asynchttpclient.netty.channel.DefaultChannelPool - Entry count for : http://localhost:8982 : 1
16:19:44.591 [AsyncHttpClient-1-1] DEBUG org.asynchttpclient.netty.channel.DefaultChannelPool - Entry count for : http://localhost:8982 : 1
16:19:45.663 [AsyncHttpClient-1-1] DEBUG org.asynchttpclient.netty.channel.DefaultChannelPool - Entry count for : http://localhost:8982 : 1
16:19:46.761 [AsyncHttpClient-1-1] DEBUG org.asynchttpclient.netty.channel.DefaultChannelPool - Entry count for : http://localhost:8982 : 1
16:19:47.862 [AsyncHttpClient-1-1] DEBUG org.asynchttpclient.netty.channel.DefaultChannelPool - Entry count for : http://localhost:8982 : 1
16:19:48.967 [AsyncHttpClient-1-1] DEBUG org.asynchttpclient.netty.channel.DefaultChannelPool - Entry count for : http://localhost:8982 : 1
16:19:50.061 [AsyncHttpClient-1-1] DEBUG org.asynchttpclient.netty.channel.DefaultChannelPool - Entry count for : http://localhost:8982 : 1
16:19:51.168 [AsyncHttpClient-1-1] DEBUG org.asynchttpclient.netty.channel.DefaultChannelPool - Entry count for : http://localhost:8982 : 1
16:19:52.290 [AsyncHttpClient-1-1] DEBUG org.asynchttpclient.netty.channel.DefaultChannelPool - Entry count for : http://localhost:8982 : 1
16:19:53.362 [AsyncHttpClient-1-1] DEBUG org.asynchttpclient.netty.channel.DefaultChannelPool - Entry count for : http://localhost:8982 : 1
16:19:54.512 [AsyncHttpClient-1-1] DEBUG org.asynchttpclient.netty.channel.DefaultChannelPool - Entry count for : http://localhost:8982 : 1
16:19:55.561 [AsyncHttpClient-1-1] DEBUG org.asynchttpclient.netty.channel.DefaultChannelPool - Entry count for : http://localhost:8982 : 1
16:19:56.661 [AsyncHttpClient-1-1] DEBUG org.asynchttpclient.netty.channel.DefaultChannelPool - Entry count for : http://localhost:8982 : 1
16:19:56.845 [AsyncHttpClient-1-2] DEBUG org.asynchttpclient.netty.handler.HttpHandler - 

Request DefaultHttpRequest(decodeResult: success, version: HTTP/1.1)
POST /session/8acfd83c2f99f121fbd1f1537d0a4965/url HTTP/1.1
User-Agent: selenium/4.1.2 (java windows)
Content-Length: 54
Content-Type: application/json; charset=utf-8
host: localhost:54632
accept: */*

Response DefaultHttpResponse(decodeResult: success, version: HTTP/1.1)
HTTP/1.1 200 OK
Content-Type: application/json; charset=utf-8
cache-control: no-cache
content-length: 14

16:19:56.848 [AsyncHttpClient-1-2] DEBUG org.asynchttpclient.netty.channel.ChannelManager - Adding key: http://localhost:54632 for channel [id: 0xaff1c1f2, L:/127.0.0.1:8978 - R:localhost/127.0.0.1:54632]
16:19:56.871 [Forwarding setTimeout on session 8acfd83c2f99f121fbd1f1537d0a4965 to remote] DEBUG org.asynchttpclient.netty.request.NettyRequestSender - Using pooled Channel '[id: 0xaff1c1f2, L:/127.0.0.1:8978 - R:localhost/127.0.0.1:54632]' for 'POST' to 'http://localhost:54632/session/8acfd83c2f99f121fbd1f1537d0a4965/timeouts'
16:19:56.872 [Forwarding setTimeout on session 8acfd83c2f99f121fbd1f1537d0a4965 to remote] DEBUG org.asynchttpclient.netty.request.NettyRequestSender - Using open Channel [id: 0xaff1c1f2, L:/127.0.0.1:8978 - R:localhost/127.0.0.1:54632] for POST '/session/8acfd83c2f99f121fbd1f1537d0a4965/timeouts'
16:19:56.906 [AsyncHttpClient-1-2] DEBUG org.asynchttpclient.netty.handler.HttpHandler - 

Request DefaultHttpRequest(decodeResult: success, version: HTTP/1.1)
POST /session/8acfd83c2f99f121fbd1f1537d0a4965/timeouts HTTP/1.1
User-Agent: selenium/4.1.2 (java windows)
Content-Length: 22
Content-Type: application/json; charset=utf-8
host: localhost:54632
accept: */*

Response DefaultHttpResponse(decodeResult: success, version: HTTP/1.1)
HTTP/1.1 200 OK
Content-Type: application/json; charset=utf-8
cache-control: no-cache
content-length: 14

16:19:56.907 [AsyncHttpClient-1-2] DEBUG org.asynchttpclient.netty.channel.ChannelManager - Adding key: http://localhost:54632 for channel [id: 0xaff1c1f2, L:/127.0.0.1:8978 - R:localhost/127.0.0.1:54632]
16:19:56.962 [Forwarding getCurrentUrl on session 8acfd83c2f99f121fbd1f1537d0a4965 to remote] DEBUG org.asynchttpclient.netty.request.NettyRequestSender - Using pooled Channel '[id: 0xaff1c1f2, L:/127.0.0.1:8978 - R:localhost/127.0.0.1:54632]' for 'GET' to 'http://localhost:54632/session/8acfd83c2f99f121fbd1f1537d0a4965/url'
16:19:56.963 [Forwarding getCurrentUrl on session 8acfd83c2f99f121fbd1f1537d0a4965 to remote] DEBUG org.asynchttpclient.netty.request.NettyRequestSender - Using open Channel [id: 0xaff1c1f2, L:/127.0.0.1:8978 - R:localhost/127.0.0.1:54632] for GET '/session/8acfd83c2f99f121fbd1f1537d0a4965/url'
16:19:57.055 [AsyncHttpClient-1-2] DEBUG org.asynchttpclient.netty.handler.HttpHandler - 

Request DefaultFullHttpRequest(decodeResult: success, version: HTTP/1.1, content: EmptyByteBufBE)
GET /session/8acfd83c2f99f121fbd1f1537d0a4965/url HTTP/1.1
User-Agent: selenium/4.1.2 (java windows)
Cache-Control: no-cache
Content-Type: application/json; charset=utf-8
host: localhost:54632
accept: */*

Response DefaultHttpResponse(decodeResult: success, version: HTTP/1.1)
HTTP/1.1 200 OK
Content-Type: application/json; charset=utf-8
cache-control: no-cache
content-length: 36

16:19:57.056 [AsyncHttpClient-1-2] DEBUG org.asynchttpclient.netty.channel.ChannelManager - Adding key: http://localhost:54632 for channel [id: 0xaff1c1f2, L:/127.0.0.1:8978 - R:localhost/127.0.0.1:54632]
  &amp#27;[32mGiven &amp#27;[0m&amp#27;[32mI am on the book page&amp#27;[0m                      &amp#27;[90m# starter.stepdefinitions.CollectionStep.iAmOnTheBookPage()&amp#27;[0m
16:19:57.607 [main] DEBUG net.serenitybdd.core.photography.Darkroom - Opening darkroom
16:19:57.613 [Forwarding screenshot on session 8acfd83c2f99f121fbd1f1537d0a4965 to remote] DEBUG org.asynchttpclient.netty.request.NettyRequestSender - Using pooled Channel '[id: 0xaff1c1f2, L:/127.0.0.1:8978 - R:localhost/127.0.0.1:54632]' for 'GET' to 'http://localhost:54632/session/8acfd83c2f99f121fbd1f1537d0a4965/screenshot'
16:19:57.613 [Forwarding screenshot on session 8acfd83c2f99f121fbd1f1537d0a4965 to remote] DEBUG org.asynchttpclient.netty.request.NettyRequestSender - Using open Channel [id: 0xaff1c1f2, L:/127.0.0.1:8978 - R:localhost/127.0.0.1:54632] for GET '/session/8acfd83c2f99f121fbd1f1537d0a4965/screenshot'
16:19:57.618 [Darkroom Processing Line] DEBUG net.serenitybdd.core.photography.DarkroomProcessingLine - Darkroom processing line starting up
16:19:57.764 [AsyncHttpClient-1-1] DEBUG org.asynchttpclient.netty.channel.DefaultChannelPool - Entry count for : http://localhost:8982 : 1
16:19:58.316 [AsyncHttpClient-1-2] DEBUG org.asynchttpclient.netty.handler.HttpHandler - 

Request DefaultFullHttpRequest(decodeResult: success, version: HTTP/1.1, content: EmptyByteBufBE)
GET /session/8acfd83c2f99f121fbd1f1537d0a4965/screenshot HTTP/1.1
User-Agent: selenium/4.1.2 (java windows)
Cache-Control: no-cache
Content-Type: application/json; charset=utf-8
host: localhost:54632
accept: */*

Response DefaultHttpResponse(decodeResult: success, version: HTTP/1.1)
HTTP/1.1 200 OK
Content-Type: application/json; charset=utf-8
cache-control: no-cache
content-length: 280220

16:19:58.323 [AsyncHttpClient-1-2] DEBUG org.asynchttpclient.netty.channel.ChannelManager - Adding key: http://localhost:54632 for channel [id: 0xaff1c1f2, L:/127.0.0.1:8978 - R:localhost/127.0.0.1:54632]
16:19:58.861 [AsyncHttpClient-1-1] DEBUG org.asynchttpclient.netty.channel.DefaultChannelPool - Entry count for : http://localhost:8982 : 1
16:19:58.861 [AsyncHttpClient-1-1] DEBUG org.asynchttpclient.netty.channel.DefaultChannelPool - Entry count for : http://localhost:54632 : 1
16:19:59.019 [main] DEBUG net.serenitybdd.core.photography.Darkroom - Send negative for processing for target\site\serenity\ef3b17e0f481f95f1a8f5b0165700361dc2c54849fb39bbbb92a4937990c654e.png
16:19:59.021 [Darkroom Processing Line] DEBUG net.serenitybdd.core.photography.DarkroomProcessingLine - Processing screenshot image in /var/screenshots/screenshot-17802554833658782931
16:19:59.021 [Darkroom Processing Line] DEBUG net.serenitybdd.core.photography.DarkroomProcessingLine - Saving screenshot to target\site\serenity\ef3b17e0f481f95f1a8f5b0165700361dc2c54849fb39bbbb92a4937990c654e.png
16:19:59.064 [Forwarding findElement on session 8acfd83c2f99f121fbd1f1537d0a4965 to remote] DEBUG org.asynchttpclient.netty.request.NettyRequestSender - Using pooled Channel '[id: 0xaff1c1f2, L:/127.0.0.1:8978 - R:localhost/127.0.0.1:54632]' for 'POST' to 'http://localhost:54632/session/8acfd83c2f99f121fbd1f1537d0a4965/element'
16:19:59.064 [Forwarding findElement on session 8acfd83c2f99f121fbd1f1537d0a4965 to remote] DEBUG org.asynchttpclient.netty.request.NettyRequestSender - Using open Channel [id: 0xaff1c1f2, L:/127.0.0.1:8978 - R:localhost/127.0.0.1:54632] for POST '/session/8acfd83c2f99f121fbd1f1537d0a4965/element'
16:19:59.087 [AsyncHttpClient-1-2] DEBUG org.asynchttpclient.netty.handler.HttpHandler - 

Request DefaultHttpRequest(decodeResult: success, version: HTTP/1.1)
POST /session/8acfd83c2f99f121fbd1f1537d0a4965/element HTTP/1.1
User-Agent: selenium/4.1.2 (java windows)
Content-Length: 78
Content-Type: application/json; charset=utf-8
host: localhost:54632
accept: */*

Response DefaultHttpResponse(decodeResult: success, version: HTTP/1.1)
HTTP/1.1 200 OK
Content-Type: application/json; charset=utf-8
cache-control: no-cache
content-length: 88

16:19:59.087 [AsyncHttpClient-1-2] DEBUG org.asynchttpclient.netty.channel.ChannelManager - Adding key: http://localhost:54632 for channel [id: 0xaff1c1f2, L:/127.0.0.1:8978 - R:localhost/127.0.0.1:54632]
16:19:59.090 [Forwarding getElementTagName on session 8acfd83c2f99f121fbd1f1537d0a4965 to remote] DEBUG org.asynchttpclient.netty.request.NettyRequestSender - Using pooled Channel '[id: 0xaff1c1f2, L:/127.0.0.1:8978 - R:localhost/127.0.0.1:54632]' for 'GET' to 'http://localhost:54632/session/8acfd83c2f99f121fbd1f1537d0a4965/element/47cf34ee-5e33-4904-85e0-5b341e52c491/name'
16:19:59.090 [Forwarding getElementTagName on session 8acfd83c2f99f121fbd1f1537d0a4965 to remote] DEBUG org.asynchttpclient.netty.request.NettyRequestSender - Using open Channel [id: 0xaff1c1f2, L:/127.0.0.1:8978 - R:localhost/127.0.0.1:54632] for GET '/session/8acfd83c2f99f121fbd1f1537d0a4965/element/47cf34ee-5e33-4904-85e0-5b341e52c491/name'
16:19:59.098 [AsyncHttpClient-1-2] DEBUG org.asynchttpclient.netty.handler.HttpHandler - 

Request DefaultFullHttpRequest(decodeResult: success, version: HTTP/1.1, content: EmptyByteBufBE)
GET /session/8acfd83c2f99f121fbd1f1537d0a4965/element/47cf34ee-5e33-4904-85e0-5b341e52c491/name HTTP/1.1
User-Agent: selenium/4.1.2 (java windows)
Cache-Control: no-cache
Content-Type: application/json; charset=utf-8
host: localhost:54632
accept: */*

Response DefaultHttpResponse(decodeResult: success, version: HTTP/1.1)
HTTP/1.1 200 OK
Content-Type: application/json; charset=utf-8
cache-control: no-cache
content-length: 16

16:19:59.098 [AsyncHttpClient-1-2] DEBUG org.asynchttpclient.netty.channel.ChannelManager - Adding key: http://localhost:54632 for channel [id: 0xaff1c1f2, L:/127.0.0.1:8978 - R:localhost/127.0.0.1:54632]
16:19:59.101 [Forwarding getElementTagName on session 8acfd83c2f99f121fbd1f1537d0a4965 to remote] DEBUG org.asynchttpclient.netty.request.NettyRequestSender - Using pooled Channel '[id: 0xaff1c1f2, L:/127.0.0.1:8978 - R:localhost/127.0.0.1:54632]' for 'GET' to 'http://localhost:54632/session/8acfd83c2f99f121fbd1f1537d0a4965/element/47cf34ee-5e33-4904-85e0-5b341e52c491/name'
16:19:59.101 [Forwarding getElementTagName on session 8acfd83c2f99f121fbd1f1537d0a4965 to remote] DEBUG org.asynchttpclient.netty.request.NettyRequestSender - Using open Channel [id: 0xaff1c1f2, L:/127.0.0.1:8978 - R:localhost/127.0.0.1:54632] for GET '/session/8acfd83c2f99f121fbd1f1537d0a4965/element/47cf34ee-5e33-4904-85e0-5b341e52c491/name'
16:19:59.107 [AsyncHttpClient-1-2] DEBUG org.asynchttpclient.netty.handler.HttpHandler - 

Request DefaultFullHttpRequest(decodeResult: success, version: HTTP/1.1, content: EmptyByteBufBE)
GET /session/8acfd83c2f99f121fbd1f1537d0a4965/element/47cf34ee-5e33-4904-85e0-5b341e52c491/name HTTP/1.1
User-Agent: selenium/4.1.2 (java windows)
Cache-Control: no-cache
Content-Type: application/json; charset=utf-8
host: localhost:54632
accept: */*

Response DefaultHttpResponse(decodeResult: success, version: HTTP/1.1)
HTTP/1.1 200 OK
Content-Type: application/json; charset=utf-8
cache-control: no-cache
content-length: 16

16:19:59.107 [AsyncHttpClient-1-2] DEBUG org.asynchttpclient.netty.channel.ChannelManager - Adding key: http://localhost:54632 for channel [id: 0xaff1c1f2, L:/127.0.0.1:8978 - R:localhost/127.0.0.1:54632]
16:19:59.111 [Forwarding findElement on session 8acfd83c2f99f121fbd1f1537d0a4965 to remote] DEBUG org.asynchttpclient.netty.request.NettyRequestSender - Using pooled Channel '[id: 0xaff1c1f2, L:/127.0.0.1:8978 - R:localhost/127.0.0.1:54632]' for 'POST' to 'http://localhost:54632/session/8acfd83c2f99f121fbd1f1537d0a4965/element'
16:19:59.111 [Forwarding findElement on session 8acfd83c2f99f121fbd1f1537d0a4965 to remote] DEBUG org.asynchttpclient.netty.request.NettyRequestSender - Using open Channel [id: 0xaff1c1f2, L:/127.0.0.1:8978 - R:localhost/127.0.0.1:54632] for POST '/session/8acfd83c2f99f121fbd1f1537d0a4965/element'
16:19:59.125 [AsyncHttpClient-1-2] DEBUG org.asynchttpclient.netty.handler.HttpHandler - 

Request DefaultHttpRequest(decodeResult: success, version: HTTP/1.1)
POST /session/8acfd83c2f99f121fbd1f1537d0a4965/element HTTP/1.1
User-Agent: selenium/4.1.2 (java windows)
Content-Length: 78
Content-Type: application/json; charset=utf-8
host: localhost:54632
accept: */*

Response DefaultHttpResponse(decodeResult: success, version: HTTP/1.1)
HTTP/1.1 200 OK
Content-Type: application/json; charset=utf-8
cache-control: no-cache
content-length: 88

16:19:59.125 [AsyncHttpClient-1-2] DEBUG org.asynchttpclient.netty.channel.ChannelManager - Adding key: http://localhost:54632 for channel [id: 0xaff1c1f2, L:/127.0.0.1:8978 - R:localhost/127.0.0.1:54632]
16:19:59.128 [Forwarding clickElement on session 8acfd83c2f99f121fbd1f1537d0a4965 to remote] DEBUG org.asynchttpclient.netty.request.NettyRequestSender - Using pooled Channel '[id: 0xaff1c1f2, L:/127.0.0.1:8978 - R:localhost/127.0.0.1:54632]' for 'POST' to 'http://localhost:54632/session/8acfd83c2f99f121fbd1f1537d0a4965/element/47cf34ee-5e33-4904-85e0-5b341e52c491/click'
16:19:59.128 [Forwarding clickElement on session 8acfd83c2f99f121fbd1f1537d0a4965 to remote] DEBUG org.asynchttpclient.netty.request.NettyRequestSender - Using open Channel [id: 0xaff1c1f2, L:/127.0.0.1:8978 - R:localhost/127.0.0.1:54632] for POST '/session/8acfd83c2f99f121fbd1f1537d0a4965/element/47cf34ee-5e33-4904-85e0-5b341e52c491/click'
16:19:59.964 [AsyncHttpClient-1-1] DEBUG org.asynchttpclient.netty.channel.DefaultChannelPool - Entry count for : http://localhost:8982 : 1
16:20:01.065 [AsyncHttpClient-1-1] DEBUG org.asynchttpclient.netty.channel.DefaultChannelPool - Entry count for : http://localhost:8982 : 1
16:20:02.161 [AsyncHttpClient-1-1] DEBUG org.asynchttpclient.netty.channel.DefaultChannelPool - Entry count for : http://localhost:8982 : 1
16:20:03.262 [AsyncHttpClient-1-1] DEBUG org.asynchttpclient.netty.channel.DefaultChannelPool - Entry count for : http://localhost:8982 : 1
16:20:04.370 [AsyncHttpClient-1-1] DEBUG org.asynchttpclient.netty.channel.DefaultChannelPool - Entry count for : http://localhost:8982 : 1
16:20:04.507 [AsyncHttpClient-1-2] DEBUG org.asynchttpclient.netty.handler.HttpHandler - 

Request DefaultHttpRequest(decodeResult: success, version: HTTP/1.1)
POST /session/8acfd83c2f99f121fbd1f1537d0a4965/element/47cf34ee-5e33-4904-85e0-5b341e52c491/click HTTP/1.1
User-Agent: selenium/4.1.2 (java windows)
Content-Length: 50
Content-Type: application/json; charset=utf-8
host: localhost:54632
accept: */*

Response DefaultHttpResponse(decodeResult: success, version: HTTP/1.1)
HTTP/1.1 200 OK
Content-Type: application/json; charset=utf-8
cache-control: no-cache
content-length: 14

16:20:04.507 [AsyncHttpClient-1-2] DEBUG org.asynchttpclient.netty.channel.ChannelManager - Adding key: http://localhost:54632 for channel [id: 0xaff1c1f2, L:/127.0.0.1:8978 - R:localhost/127.0.0.1:54632]
  &amp#27;[32mWhen &amp#27;[0m&amp#27;[32mI click Git Pocket Guide&amp#27;[0m                    &amp#27;[90m# starter.stepdefinitions.CollectionStep.iClickGitPocketGuide()&amp#27;[0m
16:20:04.541 [Forwarding screenshot on session 8acfd83c2f99f121fbd1f1537d0a4965 to remote] DEBUG org.asynchttpclient.netty.request.NettyRequestSender - Using pooled Channel '[id: 0xaff1c1f2, L:/127.0.0.1:8978 - R:localhost/127.0.0.1:54632]' for 'GET' to 'http://localhost:54632/session/8acfd83c2f99f121fbd1f1537d0a4965/screenshot'
16:20:04.541 [Forwarding screenshot on session 8acfd83c2f99f121fbd1f1537d0a4965 to remote] DEBUG org.asynchttpclient.netty.request.NettyRequestSender - Using open Channel [id: 0xaff1c1f2, L:/127.0.0.1:8978 - R:localhost/127.0.0.1:54632] for GET '/session/8acfd83c2f99f121fbd1f1537d0a4965/screenshot'
16:20:04.856 [AsyncHttpClient-1-2] DEBUG org.asynchttpclient.netty.handler.HttpHandler - 

Request DefaultFullHttpRequest(decodeResult: success, version: HTTP/1.1, content: EmptyByteBufBE)
GET /session/8acfd83c2f99f121fbd1f1537d0a4965/screenshot HTTP/1.1
User-Agent: selenium/4.1.2 (java windows)
Cache-Control: no-cache
Content-Type: application/json; charset=utf-8
host: localhost:54632
accept: */*

Response DefaultHttpResponse(decodeResult: success, version: HTTP/1.1)
HTTP/1.1 200 OK
Content-Type: application/json; charset=utf-8
cache-control: no-cache
content-length: 115468

16:20:04.860 [AsyncHttpClient-1-2] DEBUG org.asynchttpclient.netty.channel.ChannelManager - Adding key: http://localhost:54632 for channel [id: 0xaff1c1f2, L:/127.0.0.1:8978 - R:localhost/127.0.0.1:54632]
16:20:04.921 [main] DEBUG net.serenitybdd.core.photography.Darkroom - Send negative for processing for target\site\serenity\08b6af97b03cb5df2fb2f1174ed76d2352613213d32f2840daa17ce81922f18a.png
16:20:04.935 [Darkroom Processing Line] DEBUG net.serenitybdd.core.photography.DarkroomProcessingLine - Processing screenshot image in /var/screenshots/screenshot-7906858723578232734
16:20:04.936 [Darkroom Processing Line] DEBUG net.serenitybdd.core.photography.DarkroomProcessingLine - Saving screenshot to target\site\serenity\08b6af97b03cb5df2fb2f1174ed76d2352613213d32f2840daa17ce81922f18a.png
16:20:04.976 [Forwarding findElement on session 8acfd83c2f99f121fbd1f1537d0a4965 to remote] DEBUG org.asynchttpclient.netty.request.NettyRequestSender - Using pooled Channel '[id: 0xaff1c1f2, L:/127.0.0.1:8978 - R:localhost/127.0.0.1:54632]' for 'POST' to 'http://localhost:54632/session/8acfd83c2f99f121fbd1f1537d0a4965/element'
16:20:04.976 [Forwarding findElement on session 8acfd83c2f99f121fbd1f1537d0a4965 to remote] DEBUG org.asynchttpclient.netty.request.NettyRequestSender - Using open Channel [id: 0xaff1c1f2, L:/127.0.0.1:8978 - R:localhost/127.0.0.1:54632] for POST '/session/8acfd83c2f99f121fbd1f1537d0a4965/element'
16:20:05.463 [AsyncHttpClient-1-1] DEBUG org.asynchttpclient.netty.channel.DefaultChannelPool - Entry count for : http://localhost:8982 : 1
16:20:06.565 [AsyncHttpClient-1-1] DEBUG org.asynchttpclient.netty.channel.DefaultChannelPool - Entry count for : http://localhost:8982 : 1
16:20:06.709 [AsyncHttpClient-1-2] DEBUG org.asynchttpclient.netty.handler.HttpHandler - 

Request DefaultHttpRequest(decodeResult: success, version: HTTP/1.1)
POST /session/8acfd83c2f99f121fbd1f1537d0a4965/element HTTP/1.1
User-Agent: selenium/4.1.2 (java windows)
Content-Length: 81
Content-Type: application/json; charset=utf-8
host: localhost:54632
accept: */*

Response DefaultHttpResponse(decodeResult: success, version: HTTP/1.1)
HTTP/1.1 200 OK
Content-Type: application/json; charset=utf-8
cache-control: no-cache
content-length: 88

16:20:06.710 [AsyncHttpClient-1-2] DEBUG org.asynchttpclient.netty.channel.ChannelManager - Adding key: http://localhost:54632 for channel [id: 0xaff1c1f2, L:/127.0.0.1:8978 - R:localhost/127.0.0.1:54632]
16:20:06.720 [Forwarding getElementTagName on session 8acfd83c2f99f121fbd1f1537d0a4965 to remote] DEBUG org.asynchttpclient.netty.request.NettyRequestSender - Using pooled Channel '[id: 0xaff1c1f2, L:/127.0.0.1:8978 - R:localhost/127.0.0.1:54632]' for 'GET' to 'http://localhost:54632/session/8acfd83c2f99f121fbd1f1537d0a4965/element/ac94aa96-a67e-4d6b-80e4-f8853d008676/name'
16:20:06.720 [Forwarding getElementTagName on session 8acfd83c2f99f121fbd1f1537d0a4965 to remote] DEBUG org.asynchttpclient.netty.request.NettyRequestSender - Using open Channel [id: 0xaff1c1f2, L:/127.0.0.1:8978 - R:localhost/127.0.0.1:54632] for GET '/session/8acfd83c2f99f121fbd1f1537d0a4965/element/ac94aa96-a67e-4d6b-80e4-f8853d008676/name'
16:20:06.727 [AsyncHttpClient-1-2] DEBUG org.asynchttpclient.netty.handler.HttpHandler - 

Request DefaultFullHttpRequest(decodeResult: success, version: HTTP/1.1, content: EmptyByteBufBE)
GET /session/8acfd83c2f99f121fbd1f1537d0a4965/element/ac94aa96-a67e-4d6b-80e4-f8853d008676/name HTTP/1.1
User-Agent: selenium/4.1.2 (java windows)
Cache-Control: no-cache
Content-Type: application/json; charset=utf-8
host: localhost:54632
accept: */*

Response DefaultHttpResponse(decodeResult: success, version: HTTP/1.1)
HTTP/1.1 200 OK
Content-Type: application/json; charset=utf-8
cache-control: no-cache
content-length: 15

16:20:06.727 [AsyncHttpClient-1-2] DEBUG org.asynchttpclient.netty.channel.ChannelManager - Adding key: http://localhost:54632 for channel [id: 0xaff1c1f2, L:/127.0.0.1:8978 - R:localhost/127.0.0.1:54632]
16:20:06.735 [Forwarding getElementTagName on session 8acfd83c2f99f121fbd1f1537d0a4965 to remote] DEBUG org.asynchttpclient.netty.request.NettyRequestSender - Using pooled Channel '[id: 0xaff1c1f2, L:/127.0.0.1:8978 - R:localhost/127.0.0.1:54632]' for 'GET' to 'http://localhost:54632/session/8acfd83c2f99f121fbd1f1537d0a4965/element/ac94aa96-a67e-4d6b-80e4-f8853d008676/name'
16:20:06.735 [Forwarding getElementTagName on session 8acfd83c2f99f121fbd1f1537d0a4965 to remote] DEBUG org.asynchttpclient.netty.request.NettyRequestSender - Using open Channel [id: 0xaff1c1f2, L:/127.0.0.1:8978 - R:localhost/127.0.0.1:54632] for GET '/session/8acfd83c2f99f121fbd1f1537d0a4965/element/ac94aa96-a67e-4d6b-80e4-f8853d008676/name'
16:20:06.741 [AsyncHttpClient-1-2] DEBUG org.asynchttpclient.netty.handler.HttpHandler - 

Request DefaultFullHttpRequest(decodeResult: success, version: HTTP/1.1, content: EmptyByteBufBE)
GET /session/8acfd83c2f99f121fbd1f1537d0a4965/element/ac94aa96-a67e-4d6b-80e4-f8853d008676/name HTTP/1.1
User-Agent: selenium/4.1.2 (java windows)
Cache-Control: no-cache
Content-Type: application/json; charset=utf-8
host: localhost:54632
accept: */*

Response DefaultHttpResponse(decodeResult: success, version: HTTP/1.1)
HTTP/1.1 200 OK
Content-Type: application/json; charset=utf-8
cache-control: no-cache
content-length: 15

16:20:06.742 [AsyncHttpClient-1-2] DEBUG org.asynchttpclient.netty.channel.ChannelManager - Adding key: http://localhost:54632 for channel [id: 0xaff1c1f2, L:/127.0.0.1:8978 - R:localhost/127.0.0.1:54632]
16:20:06.747 [Forwarding findElement on session 8acfd83c2f99f121fbd1f1537d0a4965 to remote] DEBUG org.asynchttpclient.netty.request.NettyRequestSender - Using pooled Channel '[id: 0xaff1c1f2, L:/127.0.0.1:8978 - R:localhost/127.0.0.1:54632]' for 'POST' to 'http://localhost:54632/session/8acfd83c2f99f121fbd1f1537d0a4965/element'
16:20:06.747 [Forwarding findElement on session 8acfd83c2f99f121fbd1f1537d0a4965 to remote] DEBUG org.asynchttpclient.netty.request.NettyRequestSender - Using open Channel [id: 0xaff1c1f2, L:/127.0.0.1:8978 - R:localhost/127.0.0.1:54632] for POST '/session/8acfd83c2f99f121fbd1f1537d0a4965/element'
16:20:06.768 [AsyncHttpClient-1-2] DEBUG org.asynchttpclient.netty.handler.HttpHandler - 

Request DefaultHttpRequest(decodeResult: success, version: HTTP/1.1)
POST /session/8acfd83c2f99f121fbd1f1537d0a4965/element HTTP/1.1
User-Agent: selenium/4.1.2 (java windows)
Content-Length: 81
Content-Type: application/json; charset=utf-8
host: localhost:54632
accept: */*

Response DefaultHttpResponse(decodeResult: success, version: HTTP/1.1)
HTTP/1.1 200 OK
Content-Type: application/json; charset=utf-8
cache-control: no-cache
content-length: 88

16:20:06.768 [AsyncHttpClient-1-2] DEBUG org.asynchttpclient.netty.channel.ChannelManager - Adding key: http://localhost:54632 for channel [id: 0xaff1c1f2, L:/127.0.0.1:8978 - R:localhost/127.0.0.1:54632]
16:20:06.788 [Forwarding clickElement on session 8acfd83c2f99f121fbd1f1537d0a4965 to remote] DEBUG org.asynchttpclient.netty.request.NettyRequestSender - Using pooled Channel '[id: 0xaff1c1f2, L:/127.0.0.1:8978 - R:localhost/127.0.0.1:54632]' for 'POST' to 'http://localhost:54632/session/8acfd83c2f99f121fbd1f1537d0a4965/element/ac94aa96-a67e-4d6b-80e4-f8853d008676/click'
16:20:06.790 [Forwarding clickElement on session 8acfd83c2f99f121fbd1f1537d0a4965 to remote] DEBUG org.asynchttpclient.netty.request.NettyRequestSender - Using open Channel [id: 0xaff1c1f2, L:/127.0.0.1:8978 - R:localhost/127.0.0.1:54632] for POST '/session/8acfd83c2f99f121fbd1f1537d0a4965/element/ac94aa96-a67e-4d6b-80e4-f8853d008676/click'
16:20:07.264 [AsyncHttpClient-1-2] DEBUG org.asynchttpclient.netty.handler.HttpHandler - 

Request DefaultHttpRequest(decodeResult: success, version: HTTP/1.1)
POST /session/8acfd83c2f99f121fbd1f1537d0a4965/element/ac94aa96-a67e-4d6b-80e4-f8853d008676/click HTTP/1.1
User-Agent: selenium/4.1.2 (java windows)
Content-Length: 50
Content-Type: application/json; charset=utf-8
host: localhost:54632
accept: */*

Response DefaultHttpResponse(decodeResult: success, version: HTTP/1.1)
HTTP/1.1 200 OK
Content-Type: application/json; charset=utf-8
cache-control: no-cache
content-length: 14

16:20:07.266 [AsyncHttpClient-1-2] DEBUG org.asynchttpclient.netty.channel.ChannelManager - Adding key: http://localhost:54632 for channel [id: 0xaff1c1f2, L:/127.0.0.1:8978 - R:localhost/127.0.0.1:54632]
  &amp#27;[32mThen &amp#27;[0m&amp#27;[32mI will get information&amp#27;[0m                      &amp#27;[90m# starter.stepdefinitions.CollectionStep.iWillGetPageMessage()&amp#27;[0m
16:20:07.291 [Forwarding screenshot on session 8acfd83c2f99f121fbd1f1537d0a4965 to remote] DEBUG org.asynchttpclient.netty.request.NettyRequestSender - Using pooled Channel '[id: 0xaff1c1f2, L:/127.0.0.1:8978 - R:localhost/127.0.0.1:54632]' for 'GET' to 'http://localhost:54632/session/8acfd83c2f99f121fbd1f1537d0a4965/screenshot'
16:20:07.291 [Forwarding screenshot on session 8acfd83c2f99f121fbd1f1537d0a4965 to remote] DEBUG org.asynchttpclient.netty.request.NettyRequestSender - Using open Channel [id: 0xaff1c1f2, L:/127.0.0.1:8978 - R:localhost/127.0.0.1:54632] for GET '/session/8acfd83c2f99f121fbd1f1537d0a4965/screenshot'
16:20:07.606 [AsyncHttpClient-1-2] DEBUG org.asynchttpclient.netty.handler.HttpHandler - 

Request DefaultFullHttpRequest(decodeResult: success, version: HTTP/1.1, content: EmptyByteBufBE)
GET /session/8acfd83c2f99f121fbd1f1537d0a4965/screenshot HTTP/1.1
User-Agent: selenium/4.1.2 (java windows)
Cache-Control: no-cache
Content-Type: application/json; charset=utf-8
host: localhost:54632
accept: */*

Response DefaultHttpResponse(decodeResult: success, version: HTTP/1.1)
HTTP/1.1 200 OK
Content-Type: application/json; charset=utf-8
cache-control: no-cache
content-length: 173248

16:20:07.609 [AsyncHttpClient-1-2] DEBUG org.asynchttpclient.netty.channel.ChannelManager - Adding key: http://localhost:54632 for channel [id: 0xaff1c1f2, L:/127.0.0.1:8978 - R:localhost/127.0.0.1:54632]
16:20:07.621 [main] DEBUG net.serenitybdd.core.photography.Darkroom - Send negative for processing for target\site\serenity\de4bce3ef01e218743ad4051f5e47b94f69b8340af436538dd7acc59a6cd2f7c.png
16:20:07.633 [main] INFO  - 
  _____   ___   ___   _____     ___     _     ___   ___   ___   ___  
 |_   _| | __| / __| |_   _|   | _ \   /_\   / __| / __| | __| |   \ 
   | |   | _|  \__ \   | |     |  _/  / _ \  \__ \ \__ \ | _|  | |) |
   |_|   |___| |___/   |_|     |_|   /_/ \_\ |___/ |___/ |___| |___/ 

See Information of Git Pocket Guide Book
----------------------------------------------------------------------
16:20:07.638 [Darkroom Processing Line] DEBUG net.serenitybdd.core.photography.DarkroomProcessingLine - Processing screenshot image in /var/screenshots/screenshot-1264932392964153178
16:20:07.651 [Darkroom Processing Line] DEBUG net.serenitybdd.core.photography.DarkroomProcessingLine - Saving screenshot to target\site\serenity\de4bce3ef01e218743ad4051f5e47b94f69b8340af436538dd7acc59a6cd2f7c.png
16:20:07.689 [AsyncHttpClient-1-1] DEBUG org.asynchttpclient.netty.channel.DefaultChannelPool - Entry count for : http://localhost:8982 : 1
16:20:07.689 [AsyncHttpClient-1-1] DEBUG org.asynchttpclient.netty.channel.DefaultChannelPool - Entry count for : http://localhost:54632 : 1
16:20:08.169 [AsyncHttpClient-1-4] DEBUG org.asynchttpclient.netty.handler.WebSocketHandler - Channel Closed: [id: 0x3089c682, L:/127.0.0.1:9000 ! R:localhost/127.0.0.1:8982] with attribute NettyResponseFuture{currentRetry=5,
	isDone=1,
	isCancelled=0,
	asyncHandler=org.asynchttpclient.ws.WebSocketUpgradeHandler@b9533ac,
	nettyRequest=org.asynchttpclient.netty.request.NettyRequest@e05c249,
	future=java.util.concurrent.CompletableFuture@4c6a7881[Completed normally],
	uri=ws://localhost:8982/devtools/browser/e18e50ee-284d-4229-8d3b-38266b120a56,
	keepAlive=true,
	redirectCount=0,
	timeoutsHolder=null,
	inAuth=0,
	touch=1664875178998}
16:20:08.170 [AsyncHttpClient-1-4] DEBUG org.asynchttpclient.netty.channel.ChannelManager - Closing Channel [id: 0x3089c682, L:/127.0.0.1:9000 ! R:localhost/127.0.0.1:8982] 
16:20:08.181 [Driver Command Executor] DEBUG org.asynchttpclient.netty.request.NettyRequestSender - Using pooled Channel '[id: 0xaff1c1f2, L:/127.0.0.1:8978 - R:localhost/127.0.0.1:54632]' for 'DELETE' to 'http://localhost:54632/session/8acfd83c2f99f121fbd1f1537d0a4965'
16:20:08.181 [Driver Command Executor] DEBUG org.asynchttpclient.netty.request.NettyRequestSender - Using open Channel [id: 0xaff1c1f2, L:/127.0.0.1:8978 - R:localhost/127.0.0.1:54632] for DELETE '/session/8acfd83c2f99f121fbd1f1537d0a4965'
16:20:08.800 [AsyncHttpClient-1-1] DEBUG org.asynchttpclient.netty.channel.DefaultChannelPool - Entry count for : http://localhost:8982 : 1
16:20:08.972 [AsyncHttpClient-1-3] DEBUG org.asynchttpclient.netty.handler.HttpHandler - Unexpected I/O exception on channel [id: 0x268717d6, L:/127.0.0.1:8999 - R:localhost/127.0.0.1:8982]
java.io.IOException: An existing connection was forcibly closed by the remote host
	at java.base/sun.nio.ch.SocketDispatcher.read0(Native Method)
	at java.base/sun.nio.ch.SocketDispatcher.read(SocketDispatcher.java:43)
	at java.base/sun.nio.ch.IOUtil.readIntoNativeBuffer(IOUtil.java:276)
	at java.base/sun.nio.ch.IOUtil.read(IOUtil.java:233)
	at java.base/sun.nio.ch.IOUtil.read(IOUtil.java:223)
	at java.base/sun.nio.ch.SocketChannelImpl.read(SocketChannelImpl.java:358)
	at io.netty.buffer.PooledByteBuf.setBytes(PooledByteBuf.java:258)
	at io.netty.buffer.AbstractByteBuf.writeBytes(AbstractByteBuf.java:1132)
	at io.netty.channel.socket.nio.NioSocketChannel.doReadBytes(NioSocketChannel.java:350)
	at io.netty.channel.nio.AbstractNioByteChannel$NioByteUnsafe.read(AbstractNioByteChannel.java:151)
	at io.netty.channel.nio.NioEventLoop.processSelectedKey(NioEventLoop.java:722)
	at io.netty.channel.nio.NioEventLoop.processSelectedKeysOptimized(NioEventLoop.java:658)
	at io.netty.channel.nio.NioEventLoop.processSelectedKeys(NioEventLoop.java:584)
	at io.netty.channel.nio.NioEventLoop.run(NioEventLoop.java:496)
	at io.netty.util.concurrent.SingleThreadEventExecutor$4.run(SingleThreadEventExecutor.java:986)
	at io.netty.util.internal.ThreadExecutorMap$2.run(ThreadExecutorMap.java:74)
	at io.netty.util.concurrent.FastThreadLocalRunnable.run(FastThreadLocalRunnable.java:30)
	at java.base/java.lang.Thread.run(Thread.java:834)
16:20:08.972 [AsyncHttpClient-1-3] DEBUG org.asynchttpclient.netty.channel.ChannelManager - Closing Channel [id: 0x268717d6, L:/127.0.0.1:8999 - R:localhost/127.0.0.1:8982] 
16:20:08.975 [AsyncHttpClient-1-3] DEBUG org.asynchttpclient.netty.handler.HttpHandler - Channel Closed: [id: 0x268717d6, L:/127.0.0.1:8999 ! R:localhost/127.0.0.1:8982] with attribute DISCARD
16:20:09.002 [AsyncHttpClient-1-2] DEBUG org.asynchttpclient.netty.handler.HttpHandler - 

Request DefaultFullHttpRequest(decodeResult: success, version: HTTP/1.1, content: EmptyByteBufBE)
DELETE /session/8acfd83c2f99f121fbd1f1537d0a4965 HTTP/1.1
User-Agent: selenium/4.1.2 (java windows)
Content-Type: application/json; charset=utf-8
host: localhost:54632
accept: */*

Response DefaultHttpResponse(decodeResult: success, version: HTTP/1.1)
HTTP/1.1 200 OK
Content-Type: application/json; charset=utf-8
cache-control: no-cache
content-length: 14

16:20:09.002 [AsyncHttpClient-1-2] DEBUG org.asynchttpclient.netty.channel.ChannelManager - Adding key: http://localhost:54632 for channel [id: 0xaff1c1f2, L:/127.0.0.1:8978 - R:localhost/127.0.0.1:54632]
16:20:09.234 [AsyncHttpClient-1-2] DEBUG org.asynchttpclient.netty.handler.HttpHandler - Channel Closed: [id: 0xaff1c1f2, L:/127.0.0.1:8978 ! R:localhost/127.0.0.1:54632] with attribute DISCARD
]]></system-out>
    <system-err><![CDATA[Starting Microsoft Edge WebDriver 105.0.1343.53 (3a47f00402d579c8ba1fad7e143f9d73831b6765) on port 54632
To submit feedback, report a bug, or suggest new features, please visit https://github.com/MicrosoftEdge/EdgeWebDriver

Only local connections are allowed.
Please see https://aka.ms/WebDriverSecurity for suggestions on keeping Microsoft Edge WebDriver safe.

Microsoft Edge WebDriver was started successfully.
Oct 04, 2022 4:19:38 PM org.openqa.selenium.remote.ProtocolHandshake createSession
INFO: Detected dialect: W3C
Oct 04, 2022 4:19:39 PM org.openqa.selenium.devtools.CdpVersionFinder findNearestMatch
WARNING: Unable to find an exact match for CDP version 105, so returning the closest version found: a no-op implementation
Oct 04, 2022 4:19:39 PM org.openqa.selenium.devtools.CdpVersionFinder findNearestMatch
INFO: Unable to find CDP implementation matching 105.
Oct 04, 2022 4:19:39 PM org.openqa.selenium.chromium.ChromiumDriver lambda$new$3
WARNING: Unable to find version of CDP to use for . You may need to include a dependency on a specific version of the CDP using something similar to `org.seleniumhq.selenium:selenium-devtools-v86:4.1.2` where the version ("v86") matches the version of the chromium-based browser you're using and the version number of the artifact is the same as Selenium's.
]]></system-err>
  </testcase>
  <testcase name="See Information of Learning JavaScript Design Patterns Book" classname="See Information" time="19.713">
    <system-out><![CDATA[
Scenario: See Information of Learning JavaScript Design Patterns Book &amp#27;[90m# src/test/resources/features/CartToCollection.feature:11&amp#27;[0m
16:20:09.394 [main] INFO io.cucumber.core.plugin.SerenityReporter - Running feature from file:///D:/File%20Baru/Kuliah/Quality%20Engineer/qe_Bayu-Septyan-Nur-Hidayat/21_Review_Web_UI_Testing_with_Serenity/Praktikum/untitled/src/test/resources/features/CartToCollection.feature
16:20:09.402 [main] INFO  - 
  _____   ___   ___   _____     ___   _____     _     ___   _____   ___   ___  
 |_   _| | __| / __| |_   _|   / __| |_   _|   /_\   | _ \ |_   _| | __| |   \ 
   | |   | _|  \__ \   | |     \__ \   | |    / _ \  |   /   | |   | _|  | |) |
   |_|   |___| |___/   |_|     |___/   |_|   /_/ \_\ |_|_\   |_|   |___| |___/ 

See Information of Learning JavaScript Design Patterns Book(see-information;see-information-of-learning-javascript-design-patterns-book)
--------------------------------------------------------------------------------
16:20:09.863 [AsyncHttpClient-1-1] DEBUG org.asynchttpclient.netty.channel.DefaultChannelPool - Entry count for : http://localhost:8982 : 1
16:20:09.863 [AsyncHttpClient-1-1] DEBUG org.asynchttpclient.netty.channel.DefaultChannelPool - Entry count for : http://localhost:54632 : 1
16:20:09.863 [AsyncHttpClient-1-1] DEBUG org.asynchttpclient.netty.channel.DefaultChannelPool - Adding Candidate expired Channel [id: 0x268717d6, L:/127.0.0.1:8999 ! R:localhost/127.0.0.1:8982] isIdleTimeoutExpired=false isRemotelyClosed=true isTtlExpired=false
16:20:09.863 [AsyncHttpClient-1-1] DEBUG org.asynchttpclient.netty.channel.DefaultChannelPool - Closing Idle Channel [id: 0x268717d6, L:/127.0.0.1:8999 ! R:localhost/127.0.0.1:8982]
16:20:09.864 [AsyncHttpClient-1-1] DEBUG org.asynchttpclient.netty.channel.DefaultChannelPool - Adding Candidate expired Channel [id: 0xaff1c1f2, L:/127.0.0.1:8978 ! R:localhost/127.0.0.1:54632] isIdleTimeoutExpired=false isRemotelyClosed=true isTtlExpired=false
16:20:09.865 [AsyncHttpClient-1-1] DEBUG org.asynchttpclient.netty.channel.DefaultChannelPool - Closing Idle Channel [id: 0xaff1c1f2, L:/127.0.0.1:8978 ! R:localhost/127.0.0.1:54632]
16:20:09.866 [AsyncHttpClient-1-1] DEBUG org.asynchttpclient.netty.channel.DefaultChannelPool - Closed 2 connections out of 2 in 3 ms
16:20:09.878 [main] DEBUG io.github.bonigarcia.wdm.cache.ResolutionCache - Resolution edge=105 in cache (valid until 17:19:21 04/10/2022 ICT)
16:20:09.890 [main] DEBUG io.github.bonigarcia.wdm.cache.ResolutionCache - Resolution edge105=105.0.1343.53 in cache (valid until 22:15:59 04/10/2022 ICT)
16:20:09.893 [main] INFO io.github.bonigarcia.wdm.WebDriverManager - Using msedgedriver 105.0.1343.53 (resolved driver for Edge 105)
16:20:09.920 [main] DEBUG io.github.bonigarcia.wdm.WebDriverManager - Driver msedgedriver 105.0.1343.53 found in cache
16:20:09.922 [main] INFO io.github.bonigarcia.wdm.WebDriverManager - Exporting webdriver.edge.driver as C:\Users\Bayu\.cache\selenium\msedgedriver\win64\105.0.1343.53\msedgedriver.exe
16:20:09.929 [main] DEBUG net.serenitybdd.core.webdriver.driverproviders.ProvideNewDriver - Instantiating driver
16:20:09.929 [main] DEBUG net.serenitybdd.core.webdriver.driverproviders.ProvideNewDriver - Driver capabilities: Capabilities {base.url: https://demoqa.com, driver: edge, edge.driver: src/test/resources/webdrive..., ms:edgeChromium: true, ms:edgeOptions: {}}
16:20:10.152 [AsyncHttpClient-1-5] DEBUG org.asynchttpclient.netty.channel.NettyConnectListener - Using new Channel '[id: 0x859376b4, L:/127.0.0.1:9144 - R:localhost/127.0.0.1:53930]' for 'POST' to '/session'
16:20:12.132 [AsyncHttpClient-1-5] DEBUG org.asynchttpclient.netty.handler.HttpHandler - 

Request DefaultHttpRequest(decodeResult: success, version: HTTP/1.1)
POST /session HTTP/1.1
User-Agent: selenium/4.1.2 (java windows)
Content-Length: 591
Content-Type: application/json; charset=utf-8
host: localhost:53930
accept: */*

Response DefaultHttpResponse(decodeResult: success, version: HTTP/1.1)
HTTP/1.1 200 OK
Content-Type: application/json; charset=utf-8
cache-control: no-cache
content-length: 752

16:20:12.133 [AsyncHttpClient-1-5] DEBUG org.asynchttpclient.netty.channel.ChannelManager - Adding key: http://localhost:53930 for channel [id: 0x859376b4, L:/127.0.0.1:9144 - R:localhost/127.0.0.1:53930]
16:20:12.165 [AsyncHttpClient-1-6] DEBUG org.asynchttpclient.netty.channel.NettyConnectListener - Using new Channel '[id: 0xa011bd9a, L:/127.0.0.1:9163 - R:localhost/127.0.0.1:9148]' for 'GET' to '/json/version'
16:20:12.175 [AsyncHttpClient-1-6] DEBUG org.asynchttpclient.netty.handler.HttpHandler - 

Request DefaultFullHttpRequest(decodeResult: success, version: HTTP/1.1, content: EmptyByteBufBE)
GET /json/version HTTP/1.1
User-Agent: selenium/4.1.2 (java windows)
host: localhost:9148
accept: */*

Response DefaultHttpResponse(decodeResult: success, version: HTTP/1.1)
HTTP/1.1 200 OK
Content-Type: application/json; charset=UTF-8
content-length: 435

16:20:12.176 [AsyncHttpClient-1-6] DEBUG org.asynchttpclient.netty.channel.ChannelManager - Adding key: http://localhost:9148 for channel [id: 0xa011bd9a, L:/127.0.0.1:9163 - R:localhost/127.0.0.1:9148]
16:20:12.184 [AsyncHttpClient-1-7] DEBUG org.asynchttpclient.netty.channel.NettyConnectListener - Using new Channel '[id: 0x4137824a, L:/127.0.0.1:9164 - R:localhost/127.0.0.1:9148]' for 'GET' to '/devtools/browser/4aeb3584-416f-43aa-bd22-dff7994e86a0'
16:20:12.193 [AsyncHttpClient-1-7] DEBUG org.asynchttpclient.netty.handler.WebSocketHandler - 

Request DefaultFullHttpRequest(decodeResult: success, version: HTTP/1.1, content: EmptyByteBufBE)
GET /devtools/browser/4aeb3584-416f-43aa-bd22-dff7994e86a0 HTTP/1.1
upgrade: websocket
connection: upgrade
sec-websocket-key: 5njfPhCF94mzDVybxTMNZw==
sec-websocket-version: 13
origin: http://localhost:9148
host: localhost:9148
accept: */*
user-agent: AHC/2.1

Response DefaultHttpResponse(decodeResult: success, version: HTTP/1.1)
HTTP/1.1 101 WebSocket Protocol Handshake
Upgrade: WebSocket
Connection: Upgrade
Sec-WebSocket-Accept: 7D8SfjVkopsRjpPTJ1Kzyd/m8Zc=

16:20:12.209 [Forwarding get on session bb3bb1af1860ee56fe62f7315d794a8a to remote] DEBUG org.asynchttpclient.netty.request.NettyRequestSender - Using pooled Channel '[id: 0x859376b4, L:/127.0.0.1:9144 - R:localhost/127.0.0.1:53930]' for 'POST' to 'http://localhost:53930/session/bb3bb1af1860ee56fe62f7315d794a8a/url'
16:20:12.209 [Forwarding get on session bb3bb1af1860ee56fe62f7315d794a8a to remote] DEBUG org.asynchttpclient.netty.request.NettyRequestSender - Using open Channel [id: 0x859376b4, L:/127.0.0.1:9144 - R:localhost/127.0.0.1:53930] for POST '/session/bb3bb1af1860ee56fe62f7315d794a8a/url'
16:20:13.171 [AsyncHttpClient-1-1] DEBUG org.asynchttpclient.netty.channel.DefaultChannelPool - Entry count for : http://localhost:9148 : 1
16:20:14.262 [AsyncHttpClient-1-1] DEBUG org.asynchttpclient.netty.channel.DefaultChannelPool - Entry count for : http://localhost:9148 : 1
16:20:15.361 [AsyncHttpClient-1-1] DEBUG org.asynchttpclient.netty.channel.DefaultChannelPool - Entry count for : http://localhost:9148 : 1
16:20:16.468 [AsyncHttpClient-1-1] DEBUG org.asynchttpclient.netty.channel.DefaultChannelPool - Entry count for : http://localhost:9148 : 1
16:20:17.567 [AsyncHttpClient-1-1] DEBUG org.asynchttpclient.netty.channel.DefaultChannelPool - Entry count for : http://localhost:9148 : 1
16:20:18.662 [AsyncHttpClient-1-1] DEBUG org.asynchttpclient.netty.channel.DefaultChannelPool - Entry count for : http://localhost:9148 : 1
16:20:19.762 [AsyncHttpClient-1-1] DEBUG org.asynchttpclient.netty.channel.DefaultChannelPool - Entry count for : http://localhost:9148 : 1
16:20:20.862 [AsyncHttpClient-1-1] DEBUG org.asynchttpclient.netty.channel.DefaultChannelPool - Entry count for : http://localhost:9148 : 1
16:20:21.961 [AsyncHttpClient-1-1] DEBUG org.asynchttpclient.netty.channel.DefaultChannelPool - Entry count for : http://localhost:9148 : 1
16:20:23.070 [AsyncHttpClient-1-1] DEBUG org.asynchttpclient.netty.channel.DefaultChannelPool - Entry count for : http://localhost:9148 : 1
16:20:23.718 [AsyncHttpClient-1-5] DEBUG org.asynchttpclient.netty.handler.HttpHandler - 

Request DefaultHttpRequest(decodeResult: success, version: HTTP/1.1)
POST /session/bb3bb1af1860ee56fe62f7315d794a8a/url HTTP/1.1
User-Agent: selenium/4.1.2 (java windows)
Content-Length: 54
Content-Type: application/json; charset=utf-8
host: localhost:53930
accept: */*

Response DefaultHttpResponse(decodeResult: success, version: HTTP/1.1)
HTTP/1.1 200 OK
Content-Type: application/json; charset=utf-8
cache-control: no-cache
content-length: 14

16:20:23.719 [AsyncHttpClient-1-5] DEBUG org.asynchttpclient.netty.channel.ChannelManager - Adding key: http://localhost:53930 for channel [id: 0x859376b4, L:/127.0.0.1:9144 - R:localhost/127.0.0.1:53930]
16:20:23.727 [Forwarding setTimeout on session bb3bb1af1860ee56fe62f7315d794a8a to remote] DEBUG org.asynchttpclient.netty.request.NettyRequestSender - Using pooled Channel '[id: 0x859376b4, L:/127.0.0.1:9144 - R:localhost/127.0.0.1:53930]' for 'POST' to 'http://localhost:53930/session/bb3bb1af1860ee56fe62f7315d794a8a/timeouts'
16:20:23.728 [Forwarding setTimeout on session bb3bb1af1860ee56fe62f7315d794a8a to remote] DEBUG org.asynchttpclient.netty.request.NettyRequestSender - Using open Channel [id: 0x859376b4, L:/127.0.0.1:9144 - R:localhost/127.0.0.1:53930] for POST '/session/bb3bb1af1860ee56fe62f7315d794a8a/timeouts'
16:20:23.737 [AsyncHttpClient-1-5] DEBUG org.asynchttpclient.netty.handler.HttpHandler - 

Request DefaultHttpRequest(decodeResult: success, version: HTTP/1.1)
POST /session/bb3bb1af1860ee56fe62f7315d794a8a/timeouts HTTP/1.1
User-Agent: selenium/4.1.2 (java windows)
Content-Length: 22
Content-Type: application/json; charset=utf-8
host: localhost:53930
accept: */*

Response DefaultHttpResponse(decodeResult: success, version: HTTP/1.1)
HTTP/1.1 200 OK
Content-Type: application/json; charset=utf-8
cache-control: no-cache
content-length: 14

16:20:23.738 [AsyncHttpClient-1-5] DEBUG org.asynchttpclient.netty.channel.ChannelManager - Adding key: http://localhost:53930 for channel [id: 0x859376b4, L:/127.0.0.1:9144 - R:localhost/127.0.0.1:53930]
16:20:23.747 [Forwarding getCurrentUrl on session bb3bb1af1860ee56fe62f7315d794a8a to remote] DEBUG org.asynchttpclient.netty.request.NettyRequestSender - Using pooled Channel '[id: 0x859376b4, L:/127.0.0.1:9144 - R:localhost/127.0.0.1:53930]' for 'GET' to 'http://localhost:53930/session/bb3bb1af1860ee56fe62f7315d794a8a/url'
16:20:23.748 [Forwarding getCurrentUrl on session bb3bb1af1860ee56fe62f7315d794a8a to remote] DEBUG org.asynchttpclient.netty.request.NettyRequestSender - Using open Channel [id: 0x859376b4, L:/127.0.0.1:9144 - R:localhost/127.0.0.1:53930] for GET '/session/bb3bb1af1860ee56fe62f7315d794a8a/url'
16:20:23.760 [AsyncHttpClient-1-5] DEBUG org.asynchttpclient.netty.handler.HttpHandler - 

Request DefaultFullHttpRequest(decodeResult: success, version: HTTP/1.1, content: EmptyByteBufBE)
GET /session/bb3bb1af1860ee56fe62f7315d794a8a/url HTTP/1.1
User-Agent: selenium/4.1.2 (java windows)
Cache-Control: no-cache
Content-Type: application/json; charset=utf-8
host: localhost:53930
accept: */*

Response DefaultHttpResponse(decodeResult: success, version: HTTP/1.1)
HTTP/1.1 200 OK
Content-Type: application/json; charset=utf-8
cache-control: no-cache
content-length: 36

16:20:23.760 [AsyncHttpClient-1-5] DEBUG org.asynchttpclient.netty.channel.ChannelManager - Adding key: http://localhost:53930 for channel [id: 0x859376b4, L:/127.0.0.1:9144 - R:localhost/127.0.0.1:53930]
  &amp#27;[32mGiven &amp#27;[0m&amp#27;[32mI am on the book page&amp#27;[0m                                         &amp#27;[90m# starter.stepdefinitions.CollectionStep.iAmOnTheBookPage()&amp#27;[0m
16:20:23.772 [Forwarding screenshot on session bb3bb1af1860ee56fe62f7315d794a8a to remote] DEBUG org.asynchttpclient.netty.request.NettyRequestSender - Using pooled Channel '[id: 0x859376b4, L:/127.0.0.1:9144 - R:localhost/127.0.0.1:53930]' for 'GET' to 'http://localhost:53930/session/bb3bb1af1860ee56fe62f7315d794a8a/screenshot'
16:20:23.772 [Forwarding screenshot on session bb3bb1af1860ee56fe62f7315d794a8a to remote] DEBUG org.asynchttpclient.netty.request.NettyRequestSender - Using open Channel [id: 0x859376b4, L:/127.0.0.1:9144 - R:localhost/127.0.0.1:53930] for GET '/session/bb3bb1af1860ee56fe62f7315d794a8a/screenshot'
16:20:24.036 [AsyncHttpClient-1-5] DEBUG org.asynchttpclient.netty.handler.HttpHandler - 

Request DefaultFullHttpRequest(decodeResult: success, version: HTTP/1.1, content: EmptyByteBufBE)
GET /session/bb3bb1af1860ee56fe62f7315d794a8a/screenshot HTTP/1.1
User-Agent: selenium/4.1.2 (java windows)
Cache-Control: no-cache
Content-Type: application/json; charset=utf-8
host: localhost:53930
accept: */*

Response DefaultHttpResponse(decodeResult: success, version: HTTP/1.1)
HTTP/1.1 200 OK
Content-Type: application/json; charset=utf-8
cache-control: no-cache
content-length: 315640

16:20:24.041 [AsyncHttpClient-1-5] DEBUG org.asynchttpclient.netty.channel.ChannelManager - Adding key: http://localhost:53930 for channel [id: 0x859376b4, L:/127.0.0.1:9144 - R:localhost/127.0.0.1:53930]
16:20:24.079 [main] DEBUG net.serenitybdd.core.photography.Darkroom - Send negative for processing for target\site\serenity\76c1bea8bc6f3d11cc1f77e7ce7b1ea7c4f448d1437c3b77d6ad914a2426f396.png
16:20:24.086 [Darkroom Processing Line] DEBUG net.serenitybdd.core.photography.DarkroomProcessingLine - Processing screenshot image in /var/screenshots/screenshot-12613991626809177952
16:20:24.086 [Darkroom Processing Line] DEBUG net.serenitybdd.core.photography.DarkroomProcessingLine - Saving screenshot to target\site\serenity\76c1bea8bc6f3d11cc1f77e7ce7b1ea7c4f448d1437c3b77d6ad914a2426f396.png
16:20:24.124 [Forwarding findElement on session bb3bb1af1860ee56fe62f7315d794a8a to remote] DEBUG org.asynchttpclient.netty.request.NettyRequestSender - Using pooled Channel '[id: 0x859376b4, L:/127.0.0.1:9144 - R:localhost/127.0.0.1:53930]' for 'POST' to 'http://localhost:53930/session/bb3bb1af1860ee56fe62f7315d794a8a/element'
16:20:24.124 [Forwarding findElement on session bb3bb1af1860ee56fe62f7315d794a8a to remote] DEBUG org.asynchttpclient.netty.request.NettyRequestSender - Using open Channel [id: 0x859376b4, L:/127.0.0.1:9144 - R:localhost/127.0.0.1:53930] for POST '/session/bb3bb1af1860ee56fe62f7315d794a8a/element'
16:20:24.162 [AsyncHttpClient-1-1] DEBUG org.asynchttpclient.netty.channel.DefaultChannelPool - Entry count for : http://localhost:9148 : 1
16:20:24.200 [AsyncHttpClient-1-5] DEBUG org.asynchttpclient.netty.handler.HttpHandler - 

Request DefaultHttpRequest(decodeResult: success, version: HTTP/1.1)
POST /session/bb3bb1af1860ee56fe62f7315d794a8a/element HTTP/1.1
User-Agent: selenium/4.1.2 (java windows)
Content-Length: 99
Content-Type: application/json; charset=utf-8
host: localhost:53930
accept: */*

Response DefaultHttpResponse(decodeResult: success, version: HTTP/1.1)
HTTP/1.1 200 OK
Content-Type: application/json; charset=utf-8
cache-control: no-cache
content-length: 88

16:20:24.200 [AsyncHttpClient-1-5] DEBUG org.asynchttpclient.netty.channel.ChannelManager - Adding key: http://localhost:53930 for channel [id: 0x859376b4, L:/127.0.0.1:9144 - R:localhost/127.0.0.1:53930]
16:20:24.204 [Forwarding getElementTagName on session bb3bb1af1860ee56fe62f7315d794a8a to remote] DEBUG org.asynchttpclient.netty.request.NettyRequestSender - Using pooled Channel '[id: 0x859376b4, L:/127.0.0.1:9144 - R:localhost/127.0.0.1:53930]' for 'GET' to 'http://localhost:53930/session/bb3bb1af1860ee56fe62f7315d794a8a/element/fcdf1de3-30db-4a0f-afde-a6a3d6884d1e/name'
16:20:24.204 [Forwarding getElementTagName on session bb3bb1af1860ee56fe62f7315d794a8a to remote] DEBUG org.asynchttpclient.netty.request.NettyRequestSender - Using open Channel [id: 0x859376b4, L:/127.0.0.1:9144 - R:localhost/127.0.0.1:53930] for GET '/session/bb3bb1af1860ee56fe62f7315d794a8a/element/fcdf1de3-30db-4a0f-afde-a6a3d6884d1e/name'
16:20:24.275 [AsyncHttpClient-1-5] DEBUG org.asynchttpclient.netty.handler.HttpHandler - 

Request DefaultFullHttpRequest(decodeResult: success, version: HTTP/1.1, content: EmptyByteBufBE)
GET /session/bb3bb1af1860ee56fe62f7315d794a8a/element/fcdf1de3-30db-4a0f-afde-a6a3d6884d1e/name HTTP/1.1
User-Agent: selenium/4.1.2 (java windows)
Cache-Control: no-cache
Content-Type: application/json; charset=utf-8
host: localhost:53930
accept: */*

Response DefaultHttpResponse(decodeResult: success, version: HTTP/1.1)
HTTP/1.1 200 OK
Content-Type: application/json; charset=utf-8
cache-control: no-cache
content-length: 16

16:20:24.275 [AsyncHttpClient-1-5] DEBUG org.asynchttpclient.netty.channel.ChannelManager - Adding key: http://localhost:53930 for channel [id: 0x859376b4, L:/127.0.0.1:9144 - R:localhost/127.0.0.1:53930]
16:20:24.279 [Forwarding getElementTagName on session bb3bb1af1860ee56fe62f7315d794a8a to remote] DEBUG org.asynchttpclient.netty.request.NettyRequestSender - Using pooled Channel '[id: 0x859376b4, L:/127.0.0.1:9144 - R:localhost/127.0.0.1:53930]' for 'GET' to 'http://localhost:53930/session/bb3bb1af1860ee56fe62f7315d794a8a/element/fcdf1de3-30db-4a0f-afde-a6a3d6884d1e/name'
16:20:24.279 [Forwarding getElementTagName on session bb3bb1af1860ee56fe62f7315d794a8a to remote] DEBUG org.asynchttpclient.netty.request.NettyRequestSender - Using open Channel [id: 0x859376b4, L:/127.0.0.1:9144 - R:localhost/127.0.0.1:53930] for GET '/session/bb3bb1af1860ee56fe62f7315d794a8a/element/fcdf1de3-30db-4a0f-afde-a6a3d6884d1e/name'
16:20:24.288 [AsyncHttpClient-1-5] DEBUG org.asynchttpclient.netty.handler.HttpHandler - 

Request DefaultFullHttpRequest(decodeResult: success, version: HTTP/1.1, content: EmptyByteBufBE)
GET /session/bb3bb1af1860ee56fe62f7315d794a8a/element/fcdf1de3-30db-4a0f-afde-a6a3d6884d1e/name HTTP/1.1
User-Agent: selenium/4.1.2 (java windows)
Cache-Control: no-cache
Content-Type: application/json; charset=utf-8
host: localhost:53930
accept: */*

Response DefaultHttpResponse(decodeResult: success, version: HTTP/1.1)
HTTP/1.1 200 OK
Content-Type: application/json; charset=utf-8
cache-control: no-cache
content-length: 16

16:20:24.289 [AsyncHttpClient-1-5] DEBUG org.asynchttpclient.netty.channel.ChannelManager - Adding key: http://localhost:53930 for channel [id: 0x859376b4, L:/127.0.0.1:9144 - R:localhost/127.0.0.1:53930]
16:20:24.293 [Forwarding findElement on session bb3bb1af1860ee56fe62f7315d794a8a to remote] DEBUG org.asynchttpclient.netty.request.NettyRequestSender - Using pooled Channel '[id: 0x859376b4, L:/127.0.0.1:9144 - R:localhost/127.0.0.1:53930]' for 'POST' to 'http://localhost:53930/session/bb3bb1af1860ee56fe62f7315d794a8a/element'
16:20:24.293 [Forwarding findElement on session bb3bb1af1860ee56fe62f7315d794a8a to remote] DEBUG org.asynchttpclient.netty.request.NettyRequestSender - Using open Channel [id: 0x859376b4, L:/127.0.0.1:9144 - R:localhost/127.0.0.1:53930] for POST '/session/bb3bb1af1860ee56fe62f7315d794a8a/element'
16:20:24.301 [AsyncHttpClient-1-5] DEBUG org.asynchttpclient.netty.handler.HttpHandler - 

Request DefaultHttpRequest(decodeResult: success, version: HTTP/1.1)
POST /session/bb3bb1af1860ee56fe62f7315d794a8a/element HTTP/1.1
User-Agent: selenium/4.1.2 (java windows)
Content-Length: 99
Content-Type: application/json; charset=utf-8
host: localhost:53930
accept: */*

Response DefaultHttpResponse(decodeResult: success, version: HTTP/1.1)
HTTP/1.1 200 OK
Content-Type: application/json; charset=utf-8
cache-control: no-cache
content-length: 88

16:20:24.302 [AsyncHttpClient-1-5] DEBUG org.asynchttpclient.netty.channel.ChannelManager - Adding key: http://localhost:53930 for channel [id: 0x859376b4, L:/127.0.0.1:9144 - R:localhost/127.0.0.1:53930]
16:20:24.304 [Forwarding clickElement on session bb3bb1af1860ee56fe62f7315d794a8a to remote] DEBUG org.asynchttpclient.netty.request.NettyRequestSender - Using pooled Channel '[id: 0x859376b4, L:/127.0.0.1:9144 - R:localhost/127.0.0.1:53930]' for 'POST' to 'http://localhost:53930/session/bb3bb1af1860ee56fe62f7315d794a8a/element/fcdf1de3-30db-4a0f-afde-a6a3d6884d1e/click'
16:20:24.304 [Forwarding clickElement on session bb3bb1af1860ee56fe62f7315d794a8a to remote] DEBUG org.asynchttpclient.netty.request.NettyRequestSender - Using open Channel [id: 0x859376b4, L:/127.0.0.1:9144 - R:localhost/127.0.0.1:53930] for POST '/session/bb3bb1af1860ee56fe62f7315d794a8a/element/fcdf1de3-30db-4a0f-afde-a6a3d6884d1e/click'
16:20:25.261 [AsyncHttpClient-1-1] DEBUG org.asynchttpclient.netty.channel.DefaultChannelPool - Entry count for : http://localhost:9148 : 1
16:20:26.006 [AsyncHttpClient-1-5] DEBUG org.asynchttpclient.netty.handler.HttpHandler - 

Request DefaultHttpRequest(decodeResult: success, version: HTTP/1.1)
POST /session/bb3bb1af1860ee56fe62f7315d794a8a/element/fcdf1de3-30db-4a0f-afde-a6a3d6884d1e/click HTTP/1.1
User-Agent: selenium/4.1.2 (java windows)
Content-Length: 50
Content-Type: application/json; charset=utf-8
host: localhost:53930
accept: */*

Response DefaultHttpResponse(decodeResult: success, version: HTTP/1.1)
HTTP/1.1 200 OK
Content-Type: application/json; charset=utf-8
cache-control: no-cache
content-length: 14

16:20:26.007 [AsyncHttpClient-1-5] DEBUG org.asynchttpclient.netty.channel.ChannelManager - Adding key: http://localhost:53930 for channel [id: 0x859376b4, L:/127.0.0.1:9144 - R:localhost/127.0.0.1:53930]
  &amp#27;[32mWhen &amp#27;[0m&amp#27;[32mI click Learning JavaScript Design Patterns&amp#27;[0m                    &amp#27;[90m# starter.stepdefinitions.CollectionStep.iClickLearningJavaScriptDesignPatterns()&amp#27;[0m
16:20:26.022 [Forwarding screenshot on session bb3bb1af1860ee56fe62f7315d794a8a to remote] DEBUG org.asynchttpclient.netty.request.NettyRequestSender - Using pooled Channel '[id: 0x859376b4, L:/127.0.0.1:9144 - R:localhost/127.0.0.1:53930]' for 'GET' to 'http://localhost:53930/session/bb3bb1af1860ee56fe62f7315d794a8a/screenshot'
16:20:26.022 [Forwarding screenshot on session bb3bb1af1860ee56fe62f7315d794a8a to remote] DEBUG org.asynchttpclient.netty.request.NettyRequestSender - Using open Channel [id: 0x859376b4, L:/127.0.0.1:9144 - R:localhost/127.0.0.1:53930] for GET '/session/bb3bb1af1860ee56fe62f7315d794a8a/screenshot'
16:20:26.362 [AsyncHttpClient-1-1] DEBUG org.asynchttpclient.netty.channel.DefaultChannelPool - Entry count for : http://localhost:9148 : 1
16:20:26.912 [AsyncHttpClient-1-5] DEBUG org.asynchttpclient.netty.handler.HttpHandler - 

Request DefaultFullHttpRequest(decodeResult: success, version: HTTP/1.1, content: EmptyByteBufBE)
GET /session/bb3bb1af1860ee56fe62f7315d794a8a/screenshot HTTP/1.1
User-Agent: selenium/4.1.2 (java windows)
Cache-Control: no-cache
Content-Type: application/json; charset=utf-8
host: localhost:53930
accept: */*

Response DefaultHttpResponse(decodeResult: success, version: HTTP/1.1)
HTTP/1.1 200 OK
Content-Type: application/json; charset=utf-8
cache-control: no-cache
content-length: 136876

16:20:26.913 [AsyncHttpClient-1-5] DEBUG org.asynchttpclient.netty.channel.ChannelManager - Adding key: http://localhost:53930 for channel [id: 0x859376b4, L:/127.0.0.1:9144 - R:localhost/127.0.0.1:53930]
16:20:26.923 [main] DEBUG net.serenitybdd.core.photography.Darkroom - Send negative for processing for target\site\serenity\d69e5729c52c1f800726ecdc17597f433ef66f9d29ab2a75c7e1dbe86864a924.png
16:20:26.924 [Darkroom Processing Line] DEBUG net.serenitybdd.core.photography.DarkroomProcessingLine - Processing screenshot image in /var/screenshots/screenshot-17372375451162200767
16:20:26.924 [Darkroom Processing Line] DEBUG net.serenitybdd.core.photography.DarkroomProcessingLine - Saving screenshot to target\site\serenity\d69e5729c52c1f800726ecdc17597f433ef66f9d29ab2a75c7e1dbe86864a924.png
16:20:26.951 [Forwarding findElement on session bb3bb1af1860ee56fe62f7315d794a8a to remote] DEBUG org.asynchttpclient.netty.request.NettyRequestSender - Using pooled Channel '[id: 0x859376b4, L:/127.0.0.1:9144 - R:localhost/127.0.0.1:53930]' for 'POST' to 'http://localhost:53930/session/bb3bb1af1860ee56fe62f7315d794a8a/element'
16:20:26.951 [Forwarding findElement on session bb3bb1af1860ee56fe62f7315d794a8a to remote] DEBUG org.asynchttpclient.netty.request.NettyRequestSender - Using open Channel [id: 0x859376b4, L:/127.0.0.1:9144 - R:localhost/127.0.0.1:53930] for POST '/session/bb3bb1af1860ee56fe62f7315d794a8a/element'
16:20:27.240 [AsyncHttpClient-1-5] DEBUG org.asynchttpclient.netty.handler.HttpHandler - 

Request DefaultHttpRequest(decodeResult: success, version: HTTP/1.1)
POST /session/bb3bb1af1860ee56fe62f7315d794a8a/element HTTP/1.1
User-Agent: selenium/4.1.2 (java windows)
Content-Length: 81
Content-Type: application/json; charset=utf-8
host: localhost:53930
accept: */*

Response DefaultHttpResponse(decodeResult: success, version: HTTP/1.1)
HTTP/1.1 200 OK
Content-Type: application/json; charset=utf-8
cache-control: no-cache
content-length: 88

16:20:27.241 [AsyncHttpClient-1-5] DEBUG org.asynchttpclient.netty.channel.ChannelManager - Adding key: http://localhost:53930 for channel [id: 0x859376b4, L:/127.0.0.1:9144 - R:localhost/127.0.0.1:53930]
16:20:27.247 [Forwarding getElementTagName on session bb3bb1af1860ee56fe62f7315d794a8a to remote] DEBUG org.asynchttpclient.netty.request.NettyRequestSender - Using pooled Channel '[id: 0x859376b4, L:/127.0.0.1:9144 - R:localhost/127.0.0.1:53930]' for 'GET' to 'http://localhost:53930/session/bb3bb1af1860ee56fe62f7315d794a8a/element/72a51d4b-75e3-4367-b051-7ef0c1d55d94/name'
16:20:27.247 [Forwarding getElementTagName on session bb3bb1af1860ee56fe62f7315d794a8a to remote] DEBUG org.asynchttpclient.netty.request.NettyRequestSender - Using open Channel [id: 0x859376b4, L:/127.0.0.1:9144 - R:localhost/127.0.0.1:53930] for GET '/session/bb3bb1af1860ee56fe62f7315d794a8a/element/72a51d4b-75e3-4367-b051-7ef0c1d55d94/name'
16:20:27.479 [AsyncHttpClient-1-1] DEBUG org.asynchttpclient.netty.channel.DefaultChannelPool - Entry count for : http://localhost:9148 : 1
16:20:27.562 [AsyncHttpClient-1-5] DEBUG org.asynchttpclient.netty.handler.HttpHandler - 

Request DefaultFullHttpRequest(decodeResult: success, version: HTTP/1.1, content: EmptyByteBufBE)
GET /session/bb3bb1af1860ee56fe62f7315d794a8a/element/72a51d4b-75e3-4367-b051-7ef0c1d55d94/name HTTP/1.1
User-Agent: selenium/4.1.2 (java windows)
Cache-Control: no-cache
Content-Type: application/json; charset=utf-8
host: localhost:53930
accept: */*

Response DefaultHttpResponse(decodeResult: success, version: HTTP/1.1)
HTTP/1.1 200 OK
Content-Type: application/json; charset=utf-8
cache-control: no-cache
content-length: 15

16:20:27.563 [AsyncHttpClient-1-5] DEBUG org.asynchttpclient.netty.channel.ChannelManager - Adding key: http://localhost:53930 for channel [id: 0x859376b4, L:/127.0.0.1:9144 - R:localhost/127.0.0.1:53930]
16:20:27.568 [Forwarding getElementTagName on session bb3bb1af1860ee56fe62f7315d794a8a to remote] DEBUG org.asynchttpclient.netty.request.NettyRequestSender - Using pooled Channel '[id: 0x859376b4, L:/127.0.0.1:9144 - R:localhost/127.0.0.1:53930]' for 'GET' to 'http://localhost:53930/session/bb3bb1af1860ee56fe62f7315d794a8a/element/72a51d4b-75e3-4367-b051-7ef0c1d55d94/name'
16:20:27.568 [Forwarding getElementTagName on session bb3bb1af1860ee56fe62f7315d794a8a to remote] DEBUG org.asynchttpclient.netty.request.NettyRequestSender - Using open Channel [id: 0x859376b4, L:/127.0.0.1:9144 - R:localhost/127.0.0.1:53930] for GET '/session/bb3bb1af1860ee56fe62f7315d794a8a/element/72a51d4b-75e3-4367-b051-7ef0c1d55d94/name'
16:20:27.898 [AsyncHttpClient-1-5] DEBUG org.asynchttpclient.netty.handler.HttpHandler - 

Request DefaultFullHttpRequest(decodeResult: success, version: HTTP/1.1, content: EmptyByteBufBE)
GET /session/bb3bb1af1860ee56fe62f7315d794a8a/element/72a51d4b-75e3-4367-b051-7ef0c1d55d94/name HTTP/1.1
User-Agent: selenium/4.1.2 (java windows)
Cache-Control: no-cache
Content-Type: application/json; charset=utf-8
host: localhost:53930
accept: */*

Response DefaultHttpResponse(decodeResult: success, version: HTTP/1.1)
HTTP/1.1 200 OK
Content-Type: application/json; charset=utf-8
cache-control: no-cache
content-length: 15

16:20:27.898 [AsyncHttpClient-1-5] DEBUG org.asynchttpclient.netty.channel.ChannelManager - Adding key: http://localhost:53930 for channel [id: 0x859376b4, L:/127.0.0.1:9144 - R:localhost/127.0.0.1:53930]
16:20:27.910 [Forwarding findElement on session bb3bb1af1860ee56fe62f7315d794a8a to remote] DEBUG org.asynchttpclient.netty.request.NettyRequestSender - Using pooled Channel '[id: 0x859376b4, L:/127.0.0.1:9144 - R:localhost/127.0.0.1:53930]' for 'POST' to 'http://localhost:53930/session/bb3bb1af1860ee56fe62f7315d794a8a/element'
16:20:27.911 [Forwarding findElement on session bb3bb1af1860ee56fe62f7315d794a8a to remote] DEBUG org.asynchttpclient.netty.request.NettyRequestSender - Using open Channel [id: 0x859376b4, L:/127.0.0.1:9144 - R:localhost/127.0.0.1:53930] for POST '/session/bb3bb1af1860ee56fe62f7315d794a8a/element'
16:20:28.001 [AsyncHttpClient-1-5] DEBUG org.asynchttpclient.netty.handler.HttpHandler - 

Request DefaultHttpRequest(decodeResult: success, version: HTTP/1.1)
POST /session/bb3bb1af1860ee56fe62f7315d794a8a/element HTTP/1.1
User-Agent: selenium/4.1.2 (java windows)
Content-Length: 81
Content-Type: application/json; charset=utf-8
host: localhost:53930
accept: */*

Response DefaultHttpResponse(decodeResult: success, version: HTTP/1.1)
HTTP/1.1 200 OK
Content-Type: application/json; charset=utf-8
cache-control: no-cache
content-length: 88

16:20:28.002 [AsyncHttpClient-1-5] DEBUG org.asynchttpclient.netty.channel.ChannelManager - Adding key: http://localhost:53930 for channel [id: 0x859376b4, L:/127.0.0.1:9144 - R:localhost/127.0.0.1:53930]
16:20:28.017 [Forwarding clickElement on session bb3bb1af1860ee56fe62f7315d794a8a to remote] DEBUG org.asynchttpclient.netty.request.NettyRequestSender - Using pooled Channel '[id: 0x859376b4, L:/127.0.0.1:9144 - R:localhost/127.0.0.1:53930]' for 'POST' to 'http://localhost:53930/session/bb3bb1af1860ee56fe62f7315d794a8a/element/72a51d4b-75e3-4367-b051-7ef0c1d55d94/click'
16:20:28.017 [Forwarding clickElement on session bb3bb1af1860ee56fe62f7315d794a8a to remote] DEBUG org.asynchttpclient.netty.request.NettyRequestSender - Using open Channel [id: 0x859376b4, L:/127.0.0.1:9144 - R:localhost/127.0.0.1:53930] for POST '/session/bb3bb1af1860ee56fe62f7315d794a8a/element/72a51d4b-75e3-4367-b051-7ef0c1d55d94/click'
16:20:28.174 [AsyncHttpClient-1-5] DEBUG org.asynchttpclient.netty.handler.HttpHandler - 

Request DefaultHttpRequest(decodeResult: success, version: HTTP/1.1)
POST /session/bb3bb1af1860ee56fe62f7315d794a8a/element/72a51d4b-75e3-4367-b051-7ef0c1d55d94/click HTTP/1.1
User-Agent: selenium/4.1.2 (java windows)
Content-Length: 50
Content-Type: application/json; charset=utf-8
host: localhost:53930
accept: */*

Response DefaultHttpResponse(decodeResult: success, version: HTTP/1.1)
HTTP/1.1 200 OK
Content-Type: application/json; charset=utf-8
cache-control: no-cache
content-length: 14

16:20:28.174 [AsyncHttpClient-1-5] DEBUG org.asynchttpclient.netty.channel.ChannelManager - Adding key: http://localhost:53930 for channel [id: 0x859376b4, L:/127.0.0.1:9144 - R:localhost/127.0.0.1:53930]
  &amp#27;[32mThen &amp#27;[0m&amp#27;[32mI will get information&amp#27;[0m                                         &amp#27;[90m# starter.stepdefinitions.CollectionStep.iWillGetPageMessage()&amp#27;[0m
16:20:28.194 [Forwarding screenshot on session bb3bb1af1860ee56fe62f7315d794a8a to remote] DEBUG org.asynchttpclient.netty.request.NettyRequestSender - Using pooled Channel '[id: 0x859376b4, L:/127.0.0.1:9144 - R:localhost/127.0.0.1:53930]' for 'GET' to 'http://localhost:53930/session/bb3bb1af1860ee56fe62f7315d794a8a/screenshot'
16:20:28.194 [Forwarding screenshot on session bb3bb1af1860ee56fe62f7315d794a8a to remote] DEBUG org.asynchttpclient.netty.request.NettyRequestSender - Using open Channel [id: 0x859376b4, L:/127.0.0.1:9144 - R:localhost/127.0.0.1:53930] for GET '/session/bb3bb1af1860ee56fe62f7315d794a8a/screenshot'
16:20:28.389 [AsyncHttpClient-1-5] DEBUG org.asynchttpclient.netty.handler.HttpHandler - 

Request DefaultFullHttpRequest(decodeResult: success, version: HTTP/1.1, content: EmptyByteBufBE)
GET /session/bb3bb1af1860ee56fe62f7315d794a8a/screenshot HTTP/1.1
User-Agent: selenium/4.1.2 (java windows)
Cache-Control: no-cache
Content-Type: application/json; charset=utf-8
host: localhost:53930
accept: */*

Response DefaultHttpResponse(decodeResult: success, version: HTTP/1.1)
HTTP/1.1 200 OK
Content-Type: application/json; charset=utf-8
cache-control: no-cache
content-length: 301872

16:20:28.392 [AsyncHttpClient-1-5] DEBUG org.asynchttpclient.netty.channel.ChannelManager - Adding key: http://localhost:53930 for channel [id: 0x859376b4, L:/127.0.0.1:9144 - R:localhost/127.0.0.1:53930]
16:20:28.419 [main] DEBUG net.serenitybdd.core.photography.Darkroom - Send negative for processing for target\site\serenity\6d0bce2a04900e16bd5d15ce8831d446518cca164786a89b8a50eb9e6afc73de.png
16:20:28.419 [Darkroom Processing Line] DEBUG net.serenitybdd.core.photography.DarkroomProcessingLine - Processing screenshot image in /var/screenshots/screenshot-13388985201365373186
16:20:28.419 [Darkroom Processing Line] DEBUG net.serenitybdd.core.photography.DarkroomProcessingLine - Saving screenshot to target\site\serenity\6d0bce2a04900e16bd5d15ce8831d446518cca164786a89b8a50eb9e6afc73de.png
16:20:28.421 [main] INFO  - 
  _____   ___   ___   _____     ___     _     ___   ___   ___   ___  
 |_   _| | __| / __| |_   _|   | _ \   /_\   / __| / __| | __| |   \ 
   | |   | _|  \__ \   | |     |  _/  / _ \  \__ \ \__ \ | _|  | |) |
   |_|   |___| |___/   |_|     |_|   /_/ \_\ |___/ |___/ |___| |___/ 

See Information of Learning JavaScript Design Patterns Book
----------------------------------------------------------------------
16:20:28.426 [AsyncHttpClient-1-7] DEBUG org.asynchttpclient.netty.handler.WebSocketHandler - Channel Closed: [id: 0x4137824a, L:/127.0.0.1:9164 ! R:localhost/127.0.0.1:9148] with attribute NettyResponseFuture{currentRetry=5,
	isDone=1,
	isCancelled=0,
	asyncHandler=org.asynchttpclient.ws.WebSocketUpgradeHandler@5607b917,
	nettyRequest=org.asynchttpclient.netty.request.NettyRequest@13053db3,
	future=java.util.concurrent.CompletableFuture@314bb95e[Completed normally],
	uri=ws://localhost:9148/devtools/browser/4aeb3584-416f-43aa-bd22-dff7994e86a0,
	keepAlive=true,
	redirectCount=0,
	timeoutsHolder=null,
	inAuth=0,
	touch=1664875212194}
16:20:28.427 [AsyncHttpClient-1-7] DEBUG org.asynchttpclient.netty.channel.ChannelManager - Closing Channel [id: 0x4137824a, L:/127.0.0.1:9164 ! R:localhost/127.0.0.1:9148] 
16:20:28.428 [Driver Command Executor] DEBUG org.asynchttpclient.netty.request.NettyRequestSender - Using pooled Channel '[id: 0x859376b4, L:/127.0.0.1:9144 - R:localhost/127.0.0.1:53930]' for 'DELETE' to 'http://localhost:53930/session/bb3bb1af1860ee56fe62f7315d794a8a'
16:20:28.428 [Driver Command Executor] DEBUG org.asynchttpclient.netty.request.NettyRequestSender - Using open Channel [id: 0x859376b4, L:/127.0.0.1:9144 - R:localhost/127.0.0.1:53930] for DELETE '/session/bb3bb1af1860ee56fe62f7315d794a8a'
16:20:28.593 [AsyncHttpClient-1-1] DEBUG org.asynchttpclient.netty.channel.DefaultChannelPool - Entry count for : http://localhost:9148 : 1
16:20:28.754 [AsyncHttpClient-1-6] DEBUG org.asynchttpclient.netty.handler.HttpHandler - Unexpected I/O exception on channel [id: 0xa011bd9a, L:/127.0.0.1:9163 - R:localhost/127.0.0.1:9148]
java.io.IOException: An existing connection was forcibly closed by the remote host
	at java.base/sun.nio.ch.SocketDispatcher.read0(Native Method)
	at java.base/sun.nio.ch.SocketDispatcher.read(SocketDispatcher.java:43)
	at java.base/sun.nio.ch.IOUtil.readIntoNativeBuffer(IOUtil.java:276)
	at java.base/sun.nio.ch.IOUtil.read(IOUtil.java:233)
	at java.base/sun.nio.ch.IOUtil.read(IOUtil.java:223)
	at java.base/sun.nio.ch.SocketChannelImpl.read(SocketChannelImpl.java:358)
	at io.netty.buffer.PooledByteBuf.setBytes(PooledByteBuf.java:258)
	at io.netty.buffer.AbstractByteBuf.writeBytes(AbstractByteBuf.java:1132)
	at io.netty.channel.socket.nio.NioSocketChannel.doReadBytes(NioSocketChannel.java:350)
	at io.netty.channel.nio.AbstractNioByteChannel$NioByteUnsafe.read(AbstractNioByteChannel.java:151)
	at io.netty.channel.nio.NioEventLoop.processSelectedKey(NioEventLoop.java:722)
	at io.netty.channel.nio.NioEventLoop.processSelectedKeysOptimized(NioEventLoop.java:658)
	at io.netty.channel.nio.NioEventLoop.processSelectedKeys(NioEventLoop.java:584)
	at io.netty.channel.nio.NioEventLoop.run(NioEventLoop.java:496)
	at io.netty.util.concurrent.SingleThreadEventExecutor$4.run(SingleThreadEventExecutor.java:986)
	at io.netty.util.internal.ThreadExecutorMap$2.run(ThreadExecutorMap.java:74)
	at io.netty.util.concurrent.FastThreadLocalRunnable.run(FastThreadLocalRunnable.java:30)
	at java.base/java.lang.Thread.run(Thread.java:834)
16:20:28.754 [AsyncHttpClient-1-6] DEBUG org.asynchttpclient.netty.channel.ChannelManager - Closing Channel [id: 0xa011bd9a, L:/127.0.0.1:9163 - R:localhost/127.0.0.1:9148] 
16:20:28.754 [AsyncHttpClient-1-6] DEBUG org.asynchttpclient.netty.handler.HttpHandler - Channel Closed: [id: 0xa011bd9a, L:/127.0.0.1:9163 ! R:localhost/127.0.0.1:9148] with attribute DISCARD
16:20:28.785 [AsyncHttpClient-1-5] DEBUG org.asynchttpclient.netty.handler.HttpHandler - 

Request DefaultFullHttpRequest(decodeResult: success, version: HTTP/1.1, content: EmptyByteBufBE)
DELETE /session/bb3bb1af1860ee56fe62f7315d794a8a HTTP/1.1
User-Agent: selenium/4.1.2 (java windows)
Content-Type: application/json; charset=utf-8
host: localhost:53930
accept: */*

Response DefaultHttpResponse(decodeResult: success, version: HTTP/1.1)
HTTP/1.1 200 OK
Content-Type: application/json; charset=utf-8
cache-control: no-cache
content-length: 14

16:20:28.786 [AsyncHttpClient-1-5] DEBUG org.asynchttpclient.netty.channel.ChannelManager - Adding key: http://localhost:53930 for channel [id: 0x859376b4, L:/127.0.0.1:9144 - R:localhost/127.0.0.1:53930]
16:20:29.001 [AsyncHttpClient-1-5] DEBUG org.asynchttpclient.netty.handler.HttpHandler - Channel Closed: [id: 0x859376b4, L:/127.0.0.1:9144 ! R:localhost/127.0.0.1:53930] with attribute DISCARD
]]></system-out>
    <system-err><![CDATA[Starting Microsoft Edge WebDriver 105.0.1343.53 (3a47f00402d579c8ba1fad7e143f9d73831b6765) on port 53930
To submit feedback, report a bug, or suggest new features, please visit https://github.com/MicrosoftEdge/EdgeWebDriver

Only local connections are allowed.
Please see https://aka.ms/WebDriverSecurity for suggestions on keeping Microsoft Edge WebDriver safe.

Microsoft Edge WebDriver was started successfully.
Oct 04, 2022 4:20:12 PM org.openqa.selenium.remote.ProtocolHandshake createSession
INFO: Detected dialect: W3C
Oct 04, 2022 4:20:12 PM org.openqa.selenium.devtools.CdpVersionFinder findNearestMatch
WARNING: Unable to find an exact match for CDP version 105, so returning the closest version found: a no-op implementation
Oct 04, 2022 4:20:12 PM org.openqa.selenium.devtools.CdpVersionFinder findNearestMatch
INFO: Unable to find CDP implementation matching 105.
Oct 04, 2022 4:20:12 PM org.openqa.selenium.chromium.ChromiumDriver lambda$new$3
WARNING: Unable to find version of CDP to use for . You may need to include a dependency on a specific version of the CDP using something similar to `org.seleniumhq.selenium:selenium-devtools-v86:4.1.2` where the version ("v86") matches the version of the chromium-based browser you're using and the version number of the artifact is the same as Selenium's.
]]></system-err>
  </testcase>
  <testcase name="See Information of Designing Evolvable Web APIs with ASP.NET Book" classname="See Information" time="24.666">
    <system-out><![CDATA[
Scenario: See Information of Designing Evolvable Web APIs with ASP.NET Book &amp#27;[90m# src/test/resources/features/CartToCollection.feature:16&amp#27;[0m
16:20:29.115 [main] INFO io.cucumber.core.plugin.SerenityReporter - Running feature from file:///D:/File%20Baru/Kuliah/Quality%20Engineer/qe_Bayu-Septyan-Nur-Hidayat/21_Review_Web_UI_Testing_with_Serenity/Praktikum/untitled/src/test/resources/features/CartToCollection.feature
16:20:29.122 [main] INFO  - 
  _____   ___   ___   _____     ___   _____     _     ___   _____   ___   ___  
 |_   _| | __| / __| |_   _|   / __| |_   _|   /_\   | _ \ |_   _| | __| |   \ 
   | |   | _|  \__ \   | |     \__ \   | |    / _ \  |   /   | |   | _|  | |) |
   |_|   |___| |___/   |_|     |___/   |_|   /_/ \_\ |_|_\   |_|   |___| |___/ 

See Information of Designing Evolvable Web APIs with ASP.NET Book(see-information;see-information-of-designing-evolvable-web-apis-with-asp.net-book)
--------------------------------------------------------------------------------
16:20:29.514 [main] DEBUG io.github.bonigarcia.wdm.cache.ResolutionCache - Resolution edge=105 in cache (valid until 17:19:21 04/10/2022 ICT)
16:20:29.538 [main] DEBUG io.github.bonigarcia.wdm.cache.ResolutionCache - Resolution edge105=105.0.1343.53 in cache (valid until 22:15:59 04/10/2022 ICT)
16:20:29.543 [main] INFO io.github.bonigarcia.wdm.WebDriverManager - Using msedgedriver 105.0.1343.53 (resolved driver for Edge 105)
16:20:29.667 [main] DEBUG io.github.bonigarcia.wdm.WebDriverManager - Driver msedgedriver 105.0.1343.53 found in cache
16:20:29.669 [main] INFO io.github.bonigarcia.wdm.WebDriverManager - Exporting webdriver.edge.driver as C:\Users\Bayu\.cache\selenium\msedgedriver\win64\105.0.1343.53\msedgedriver.exe
16:20:29.674 [AsyncHttpClient-1-1] DEBUG org.asynchttpclient.netty.channel.DefaultChannelPool - Entry count for : http://localhost:9148 : 1
16:20:29.674 [AsyncHttpClient-1-1] DEBUG org.asynchttpclient.netty.channel.DefaultChannelPool - Entry count for : http://localhost:53930 : 1
16:20:29.674 [AsyncHttpClient-1-1] DEBUG org.asynchttpclient.netty.channel.DefaultChannelPool - Adding Candidate expired Channel [id: 0xa011bd9a, L:/127.0.0.1:9163 ! R:localhost/127.0.0.1:9148] isIdleTimeoutExpired=false isRemotelyClosed=true isTtlExpired=false
16:20:29.674 [AsyncHttpClient-1-1] DEBUG org.asynchttpclient.netty.channel.DefaultChannelPool - Closing Idle Channel [id: 0xa011bd9a, L:/127.0.0.1:9163 ! R:localhost/127.0.0.1:9148]
16:20:29.674 [AsyncHttpClient-1-1] DEBUG org.asynchttpclient.netty.channel.DefaultChannelPool - Adding Candidate expired Channel [id: 0x859376b4, L:/127.0.0.1:9144 ! R:localhost/127.0.0.1:53930] isIdleTimeoutExpired=false isRemotelyClosed=true isTtlExpired=false
16:20:29.675 [AsyncHttpClient-1-1] DEBUG org.asynchttpclient.netty.channel.DefaultChannelPool - Closing Idle Channel [id: 0x859376b4, L:/127.0.0.1:9144 ! R:localhost/127.0.0.1:53930]
16:20:29.675 [AsyncHttpClient-1-1] DEBUG org.asynchttpclient.netty.channel.DefaultChannelPool - Closed 2 connections out of 2 in 1 ms
16:20:29.677 [main] DEBUG net.serenitybdd.core.webdriver.driverproviders.ProvideNewDriver - Instantiating driver
16:20:29.677 [main] DEBUG net.serenitybdd.core.webdriver.driverproviders.ProvideNewDriver - Driver capabilities: Capabilities {base.url: https://demoqa.com, driver: edge, edge.driver: src/test/resources/webdrive..., ms:edgeChromium: true, ms:edgeOptions: {}}
16:20:29.903 [AsyncHttpClient-1-8] DEBUG org.asynchttpclient.netty.channel.NettyConnectListener - Using new Channel '[id: 0xcf9c77fd, L:/127.0.0.1:9306 - R:localhost/127.0.0.1:62818]' for 'POST' to '/session'
16:20:31.501 [AsyncHttpClient-1-8] DEBUG org.asynchttpclient.netty.handler.HttpHandler - 

Request DefaultHttpRequest(decodeResult: success, version: HTTP/1.1)
POST /session HTTP/1.1
User-Agent: selenium/4.1.2 (java windows)
Content-Length: 591
Content-Type: application/json; charset=utf-8
host: localhost:62818
accept: */*

Response DefaultHttpResponse(decodeResult: success, version: HTTP/1.1)
HTTP/1.1 200 OK
Content-Type: application/json; charset=utf-8
cache-control: no-cache
content-length: 752

16:20:31.502 [AsyncHttpClient-1-8] DEBUG org.asynchttpclient.netty.channel.ChannelManager - Adding key: http://localhost:62818 for channel [id: 0xcf9c77fd, L:/127.0.0.1:9306 - R:localhost/127.0.0.1:62818]
16:20:31.581 [AsyncHttpClient-1-9] DEBUG org.asynchttpclient.netty.channel.NettyConnectListener - Using new Channel '[id: 0x7485891f, L:/127.0.0.1:9325 - R:localhost/127.0.0.1:9309]' for 'GET' to '/json/version'
16:20:31.593 [AsyncHttpClient-1-9] DEBUG org.asynchttpclient.netty.handler.HttpHandler - 

Request DefaultFullHttpRequest(decodeResult: success, version: HTTP/1.1, content: EmptyByteBufBE)
GET /json/version HTTP/1.1
User-Agent: selenium/4.1.2 (java windows)
host: localhost:9309
accept: */*

Response DefaultHttpResponse(decodeResult: success, version: HTTP/1.1)
HTTP/1.1 200 OK
Content-Type: application/json; charset=UTF-8
content-length: 435

16:20:31.594 [AsyncHttpClient-1-9] DEBUG org.asynchttpclient.netty.channel.ChannelManager - Adding key: http://localhost:9309 for channel [id: 0x7485891f, L:/127.0.0.1:9325 - R:localhost/127.0.0.1:9309]
16:20:31.601 [AsyncHttpClient-1-2] DEBUG org.asynchttpclient.netty.channel.NettyConnectListener - Using new Channel '[id: 0x1c275c3a, L:/127.0.0.1:9326 - R:localhost/127.0.0.1:9309]' for 'GET' to '/devtools/browser/de1b95f6-ba0f-4656-8c54-cb0acf5b7ca8'
16:20:31.604 [AsyncHttpClient-1-2] DEBUG org.asynchttpclient.netty.handler.WebSocketHandler - 

Request DefaultFullHttpRequest(decodeResult: success, version: HTTP/1.1, content: EmptyByteBufBE)
GET /devtools/browser/de1b95f6-ba0f-4656-8c54-cb0acf5b7ca8 HTTP/1.1
upgrade: websocket
connection: upgrade
sec-websocket-key: luXS9J6UXVcPlxlgA/aPCA==
sec-websocket-version: 13
origin: http://localhost:9309
host: localhost:9309
accept: */*
user-agent: AHC/2.1

Response DefaultHttpResponse(decodeResult: success, version: HTTP/1.1)
HTTP/1.1 101 WebSocket Protocol Handshake
Upgrade: WebSocket
Connection: Upgrade
Sec-WebSocket-Accept: C4l+CFtVUgzvBIqhPQvx7tcMvPE=

16:20:31.627 [Forwarding get on session 3f7ac0fc218c153d1a94c8d82d76ad6e to remote] DEBUG org.asynchttpclient.netty.request.NettyRequestSender - Using pooled Channel '[id: 0xcf9c77fd, L:/127.0.0.1:9306 - R:localhost/127.0.0.1:62818]' for 'POST' to 'http://localhost:62818/session/3f7ac0fc218c153d1a94c8d82d76ad6e/url'
16:20:31.627 [Forwarding get on session 3f7ac0fc218c153d1a94c8d82d76ad6e to remote] DEBUG org.asynchttpclient.netty.request.NettyRequestSender - Using open Channel [id: 0xcf9c77fd, L:/127.0.0.1:9306 - R:localhost/127.0.0.1:62818] for POST '/session/3f7ac0fc218c153d1a94c8d82d76ad6e/url'
16:20:31.895 [AsyncHttpClient-1-1] DEBUG org.asynchttpclient.netty.channel.DefaultChannelPool - Entry count for : http://localhost:9309 : 1
16:20:33.031 [AsyncHttpClient-1-1] DEBUG org.asynchttpclient.netty.channel.DefaultChannelPool - Entry count for : http://localhost:9309 : 1
16:20:34.071 [AsyncHttpClient-1-1] DEBUG org.asynchttpclient.netty.channel.DefaultChannelPool - Entry count for : http://localhost:9309 : 1
16:20:35.168 [AsyncHttpClient-1-1] DEBUG org.asynchttpclient.netty.channel.DefaultChannelPool - Entry count for : http://localhost:9309 : 1
16:20:36.262 [AsyncHttpClient-1-1] DEBUG org.asynchttpclient.netty.channel.DefaultChannelPool - Entry count for : http://localhost:9309 : 1
16:20:37.364 [AsyncHttpClient-1-1] DEBUG org.asynchttpclient.netty.channel.DefaultChannelPool - Entry count for : http://localhost:9309 : 1
16:20:38.462 [AsyncHttpClient-1-1] DEBUG org.asynchttpclient.netty.channel.DefaultChannelPool - Entry count for : http://localhost:9309 : 1
16:20:39.563 [AsyncHttpClient-1-1] DEBUG org.asynchttpclient.netty.channel.DefaultChannelPool - Entry count for : http://localhost:9309 : 1
16:20:40.661 [AsyncHttpClient-1-1] DEBUG org.asynchttpclient.netty.channel.DefaultChannelPool - Entry count for : http://localhost:9309 : 1
16:20:41.769 [AsyncHttpClient-1-1] DEBUG org.asynchttpclient.netty.channel.DefaultChannelPool - Entry count for : http://localhost:9309 : 1
16:20:42.861 [AsyncHttpClient-1-1] DEBUG org.asynchttpclient.netty.channel.DefaultChannelPool - Entry count for : http://localhost:9309 : 1
16:20:43.965 [AsyncHttpClient-1-1] DEBUG org.asynchttpclient.netty.channel.DefaultChannelPool - Entry count for : http://localhost:9309 : 1
16:20:45.063 [AsyncHttpClient-1-1] DEBUG org.asynchttpclient.netty.channel.DefaultChannelPool - Entry count for : http://localhost:9309 : 1
16:20:46.165 [AsyncHttpClient-1-1] DEBUG org.asynchttpclient.netty.channel.DefaultChannelPool - Entry count for : http://localhost:9309 : 1
16:20:47.262 [AsyncHttpClient-1-1] DEBUG org.asynchttpclient.netty.channel.DefaultChannelPool - Entry count for : http://localhost:9309 : 1
16:20:47.497 [AsyncHttpClient-1-8] DEBUG org.asynchttpclient.netty.handler.HttpHandler - 

Request DefaultHttpRequest(decodeResult: success, version: HTTP/1.1)
POST /session/3f7ac0fc218c153d1a94c8d82d76ad6e/url HTTP/1.1
User-Agent: selenium/4.1.2 (java windows)
Content-Length: 54
Content-Type: application/json; charset=utf-8
host: localhost:62818
accept: */*

Response DefaultHttpResponse(decodeResult: success, version: HTTP/1.1)
HTTP/1.1 200 OK
Content-Type: application/json; charset=utf-8
cache-control: no-cache
content-length: 14

16:20:47.498 [AsyncHttpClient-1-8] DEBUG org.asynchttpclient.netty.channel.ChannelManager - Adding key: http://localhost:62818 for channel [id: 0xcf9c77fd, L:/127.0.0.1:9306 - R:localhost/127.0.0.1:62818]
16:20:47.509 [Forwarding setTimeout on session 3f7ac0fc218c153d1a94c8d82d76ad6e to remote] DEBUG org.asynchttpclient.netty.request.NettyRequestSender - Using pooled Channel '[id: 0xcf9c77fd, L:/127.0.0.1:9306 - R:localhost/127.0.0.1:62818]' for 'POST' to 'http://localhost:62818/session/3f7ac0fc218c153d1a94c8d82d76ad6e/timeouts'
16:20:47.509 [Forwarding setTimeout on session 3f7ac0fc218c153d1a94c8d82d76ad6e to remote] DEBUG org.asynchttpclient.netty.request.NettyRequestSender - Using open Channel [id: 0xcf9c77fd, L:/127.0.0.1:9306 - R:localhost/127.0.0.1:62818] for POST '/session/3f7ac0fc218c153d1a94c8d82d76ad6e/timeouts'
16:20:47.515 [AsyncHttpClient-1-8] DEBUG org.asynchttpclient.netty.handler.HttpHandler - 

Request DefaultHttpRequest(decodeResult: success, version: HTTP/1.1)
POST /session/3f7ac0fc218c153d1a94c8d82d76ad6e/timeouts HTTP/1.1
User-Agent: selenium/4.1.2 (java windows)
Content-Length: 22
Content-Type: application/json; charset=utf-8
host: localhost:62818
accept: */*

Response DefaultHttpResponse(decodeResult: success, version: HTTP/1.1)
HTTP/1.1 200 OK
Content-Type: application/json; charset=utf-8
cache-control: no-cache
content-length: 14

16:20:47.516 [AsyncHttpClient-1-8] DEBUG org.asynchttpclient.netty.channel.ChannelManager - Adding key: http://localhost:62818 for channel [id: 0xcf9c77fd, L:/127.0.0.1:9306 - R:localhost/127.0.0.1:62818]
16:20:47.535 [Forwarding getCurrentUrl on session 3f7ac0fc218c153d1a94c8d82d76ad6e to remote] DEBUG org.asynchttpclient.netty.request.NettyRequestSender - Using pooled Channel '[id: 0xcf9c77fd, L:/127.0.0.1:9306 - R:localhost/127.0.0.1:62818]' for 'GET' to 'http://localhost:62818/session/3f7ac0fc218c153d1a94c8d82d76ad6e/url'
16:20:47.535 [Forwarding getCurrentUrl on session 3f7ac0fc218c153d1a94c8d82d76ad6e to remote] DEBUG org.asynchttpclient.netty.request.NettyRequestSender - Using open Channel [id: 0xcf9c77fd, L:/127.0.0.1:9306 - R:localhost/127.0.0.1:62818] for GET '/session/3f7ac0fc218c153d1a94c8d82d76ad6e/url'
16:20:47.595 [AsyncHttpClient-1-8] DEBUG org.asynchttpclient.netty.handler.HttpHandler - 

Request DefaultFullHttpRequest(decodeResult: success, version: HTTP/1.1, content: EmptyByteBufBE)
GET /session/3f7ac0fc218c153d1a94c8d82d76ad6e/url HTTP/1.1
User-Agent: selenium/4.1.2 (java windows)
Cache-Control: no-cache
Content-Type: application/json; charset=utf-8
host: localhost:62818
accept: */*

Response DefaultHttpResponse(decodeResult: success, version: HTTP/1.1)
HTTP/1.1 200 OK
Content-Type: application/json; charset=utf-8
cache-control: no-cache
content-length: 36

16:20:47.595 [AsyncHttpClient-1-8] DEBUG org.asynchttpclient.netty.channel.ChannelManager - Adding key: http://localhost:62818 for channel [id: 0xcf9c77fd, L:/127.0.0.1:9306 - R:localhost/127.0.0.1:62818]
  &amp#27;[32mGiven &amp#27;[0m&amp#27;[32mI am on the book page&amp#27;[0m                                               &amp#27;[90m# starter.stepdefinitions.CollectionStep.iAmOnTheBookPage()&amp#27;[0m
16:20:47.605 [Forwarding screenshot on session 3f7ac0fc218c153d1a94c8d82d76ad6e to remote] DEBUG org.asynchttpclient.netty.request.NettyRequestSender - Using pooled Channel '[id: 0xcf9c77fd, L:/127.0.0.1:9306 - R:localhost/127.0.0.1:62818]' for 'GET' to 'http://localhost:62818/session/3f7ac0fc218c153d1a94c8d82d76ad6e/screenshot'
16:20:47.605 [Forwarding screenshot on session 3f7ac0fc218c153d1a94c8d82d76ad6e to remote] DEBUG org.asynchttpclient.netty.request.NettyRequestSender - Using open Channel [id: 0xcf9c77fd, L:/127.0.0.1:9306 - R:localhost/127.0.0.1:62818] for GET '/session/3f7ac0fc218c153d1a94c8d82d76ad6e/screenshot'
16:20:47.819 [AsyncHttpClient-1-8] DEBUG org.asynchttpclient.netty.handler.HttpHandler - 

Request DefaultFullHttpRequest(decodeResult: success, version: HTTP/1.1, content: EmptyByteBufBE)
GET /session/3f7ac0fc218c153d1a94c8d82d76ad6e/screenshot HTTP/1.1
User-Agent: selenium/4.1.2 (java windows)
Cache-Control: no-cache
Content-Type: application/json; charset=utf-8
host: localhost:62818
accept: */*

Response DefaultHttpResponse(decodeResult: success, version: HTTP/1.1)
HTTP/1.1 200 OK
Content-Type: application/json; charset=utf-8
cache-control: no-cache
content-length: 339400

16:20:47.822 [AsyncHttpClient-1-8] DEBUG org.asynchttpclient.netty.channel.ChannelManager - Adding key: http://localhost:62818 for channel [id: 0xcf9c77fd, L:/127.0.0.1:9306 - R:localhost/127.0.0.1:62818]
16:20:47.849 [main] DEBUG net.serenitybdd.core.photography.Darkroom - Send negative for processing for target\site\serenity\9ebf95b526142ab121af295ed25a587e5eccbbe7e93ba9080398405be616fb6a.png
16:20:47.853 [Darkroom Processing Line] DEBUG net.serenitybdd.core.photography.DarkroomProcessingLine - Processing screenshot image in /var/screenshots/screenshot-3288994047492982587
16:20:47.853 [Darkroom Processing Line] DEBUG net.serenitybdd.core.photography.DarkroomProcessingLine - Saving screenshot to target\site\serenity\9ebf95b526142ab121af295ed25a587e5eccbbe7e93ba9080398405be616fb6a.png
16:20:47.864 [Forwarding findElement on session 3f7ac0fc218c153d1a94c8d82d76ad6e to remote] DEBUG org.asynchttpclient.netty.request.NettyRequestSender - Using pooled Channel '[id: 0xcf9c77fd, L:/127.0.0.1:9306 - R:localhost/127.0.0.1:62818]' for 'POST' to 'http://localhost:62818/session/3f7ac0fc218c153d1a94c8d82d76ad6e/element'
16:20:47.864 [Forwarding findElement on session 3f7ac0fc218c153d1a94c8d82d76ad6e to remote] DEBUG org.asynchttpclient.netty.request.NettyRequestSender - Using open Channel [id: 0xcf9c77fd, L:/127.0.0.1:9306 - R:localhost/127.0.0.1:62818] for POST '/session/3f7ac0fc218c153d1a94c8d82d76ad6e/element'
16:20:47.886 [AsyncHttpClient-1-8] DEBUG org.asynchttpclient.netty.handler.HttpHandler - 

Request DefaultHttpRequest(decodeResult: success, version: HTTP/1.1)
POST /session/3f7ac0fc218c153d1a94c8d82d76ad6e/element HTTP/1.1
User-Agent: selenium/4.1.2 (java windows)
Content-Length: 111
Content-Type: application/json; charset=utf-8
host: localhost:62818
accept: */*

Response DefaultHttpResponse(decodeResult: success, version: HTTP/1.1)
HTTP/1.1 200 OK
Content-Type: application/json; charset=utf-8
cache-control: no-cache
content-length: 88

16:20:47.886 [AsyncHttpClient-1-8] DEBUG org.asynchttpclient.netty.channel.ChannelManager - Adding key: http://localhost:62818 for channel [id: 0xcf9c77fd, L:/127.0.0.1:9306 - R:localhost/127.0.0.1:62818]
16:20:47.889 [Forwarding getElementTagName on session 3f7ac0fc218c153d1a94c8d82d76ad6e to remote] DEBUG org.asynchttpclient.netty.request.NettyRequestSender - Using pooled Channel '[id: 0xcf9c77fd, L:/127.0.0.1:9306 - R:localhost/127.0.0.1:62818]' for 'GET' to 'http://localhost:62818/session/3f7ac0fc218c153d1a94c8d82d76ad6e/element/bbe76049-1c68-4b0e-ad7f-853cb4ecf777/name'
16:20:47.889 [Forwarding getElementTagName on session 3f7ac0fc218c153d1a94c8d82d76ad6e to remote] DEBUG org.asynchttpclient.netty.request.NettyRequestSender - Using open Channel [id: 0xcf9c77fd, L:/127.0.0.1:9306 - R:localhost/127.0.0.1:62818] for GET '/session/3f7ac0fc218c153d1a94c8d82d76ad6e/element/bbe76049-1c68-4b0e-ad7f-853cb4ecf777/name'
16:20:47.896 [AsyncHttpClient-1-8] DEBUG org.asynchttpclient.netty.handler.HttpHandler - 

Request DefaultFullHttpRequest(decodeResult: success, version: HTTP/1.1, content: EmptyByteBufBE)
GET /session/3f7ac0fc218c153d1a94c8d82d76ad6e/element/bbe76049-1c68-4b0e-ad7f-853cb4ecf777/name HTTP/1.1
User-Agent: selenium/4.1.2 (java windows)
Cache-Control: no-cache
Content-Type: application/json; charset=utf-8
host: localhost:62818
accept: */*

Response DefaultHttpResponse(decodeResult: success, version: HTTP/1.1)
HTTP/1.1 200 OK
Content-Type: application/json; charset=utf-8
cache-control: no-cache
content-length: 16

16:20:47.897 [AsyncHttpClient-1-8] DEBUG org.asynchttpclient.netty.channel.ChannelManager - Adding key: http://localhost:62818 for channel [id: 0xcf9c77fd, L:/127.0.0.1:9306 - R:localhost/127.0.0.1:62818]
16:20:47.900 [Forwarding getElementTagName on session 3f7ac0fc218c153d1a94c8d82d76ad6e to remote] DEBUG org.asynchttpclient.netty.request.NettyRequestSender - Using pooled Channel '[id: 0xcf9c77fd, L:/127.0.0.1:9306 - R:localhost/127.0.0.1:62818]' for 'GET' to 'http://localhost:62818/session/3f7ac0fc218c153d1a94c8d82d76ad6e/element/bbe76049-1c68-4b0e-ad7f-853cb4ecf777/name'
16:20:47.900 [Forwarding getElementTagName on session 3f7ac0fc218c153d1a94c8d82d76ad6e to remote] DEBUG org.asynchttpclient.netty.request.NettyRequestSender - Using open Channel [id: 0xcf9c77fd, L:/127.0.0.1:9306 - R:localhost/127.0.0.1:62818] for GET '/session/3f7ac0fc218c153d1a94c8d82d76ad6e/element/bbe76049-1c68-4b0e-ad7f-853cb4ecf777/name'
16:20:47.906 [AsyncHttpClient-1-8] DEBUG org.asynchttpclient.netty.handler.HttpHandler - 

Request DefaultFullHttpRequest(decodeResult: success, version: HTTP/1.1, content: EmptyByteBufBE)
GET /session/3f7ac0fc218c153d1a94c8d82d76ad6e/element/bbe76049-1c68-4b0e-ad7f-853cb4ecf777/name HTTP/1.1
User-Agent: selenium/4.1.2 (java windows)
Cache-Control: no-cache
Content-Type: application/json; charset=utf-8
host: localhost:62818
accept: */*

Response DefaultHttpResponse(decodeResult: success, version: HTTP/1.1)
HTTP/1.1 200 OK
Content-Type: application/json; charset=utf-8
cache-control: no-cache
content-length: 16

16:20:47.906 [AsyncHttpClient-1-8] DEBUG org.asynchttpclient.netty.channel.ChannelManager - Adding key: http://localhost:62818 for channel [id: 0xcf9c77fd, L:/127.0.0.1:9306 - R:localhost/127.0.0.1:62818]
16:20:47.910 [Forwarding findElement on session 3f7ac0fc218c153d1a94c8d82d76ad6e to remote] DEBUG org.asynchttpclient.netty.request.NettyRequestSender - Using pooled Channel '[id: 0xcf9c77fd, L:/127.0.0.1:9306 - R:localhost/127.0.0.1:62818]' for 'POST' to 'http://localhost:62818/session/3f7ac0fc218c153d1a94c8d82d76ad6e/element'
16:20:47.911 [Forwarding findElement on session 3f7ac0fc218c153d1a94c8d82d76ad6e to remote] DEBUG org.asynchttpclient.netty.request.NettyRequestSender - Using open Channel [id: 0xcf9c77fd, L:/127.0.0.1:9306 - R:localhost/127.0.0.1:62818] for POST '/session/3f7ac0fc218c153d1a94c8d82d76ad6e/element'
16:20:47.921 [AsyncHttpClient-1-8] DEBUG org.asynchttpclient.netty.handler.HttpHandler - 

Request DefaultHttpRequest(decodeResult: success, version: HTTP/1.1)
POST /session/3f7ac0fc218c153d1a94c8d82d76ad6e/element HTTP/1.1
User-Agent: selenium/4.1.2 (java windows)
Content-Length: 111
Content-Type: application/json; charset=utf-8
host: localhost:62818
accept: */*

Response DefaultHttpResponse(decodeResult: success, version: HTTP/1.1)
HTTP/1.1 200 OK
Content-Type: application/json; charset=utf-8
cache-control: no-cache
content-length: 88

16:20:47.921 [AsyncHttpClient-1-8] DEBUG org.asynchttpclient.netty.channel.ChannelManager - Adding key: http://localhost:62818 for channel [id: 0xcf9c77fd, L:/127.0.0.1:9306 - R:localhost/127.0.0.1:62818]
16:20:47.924 [Forwarding clickElement on session 3f7ac0fc218c153d1a94c8d82d76ad6e to remote] DEBUG org.asynchttpclient.netty.request.NettyRequestSender - Using pooled Channel '[id: 0xcf9c77fd, L:/127.0.0.1:9306 - R:localhost/127.0.0.1:62818]' for 'POST' to 'http://localhost:62818/session/3f7ac0fc218c153d1a94c8d82d76ad6e/element/bbe76049-1c68-4b0e-ad7f-853cb4ecf777/click'
16:20:47.924 [Forwarding clickElement on session 3f7ac0fc218c153d1a94c8d82d76ad6e to remote] DEBUG org.asynchttpclient.netty.request.NettyRequestSender - Using open Channel [id: 0xcf9c77fd, L:/127.0.0.1:9306 - R:localhost/127.0.0.1:62818] for POST '/session/3f7ac0fc218c153d1a94c8d82d76ad6e/element/bbe76049-1c68-4b0e-ad7f-853cb4ecf777/click'
16:20:48.370 [AsyncHttpClient-1-1] DEBUG org.asynchttpclient.netty.channel.DefaultChannelPool - Entry count for : http://localhost:9309 : 1
16:20:49.471 [AsyncHttpClient-1-1] DEBUG org.asynchttpclient.netty.channel.DefaultChannelPool - Entry count for : http://localhost:9309 : 1
16:20:50.566 [AsyncHttpClient-1-1] DEBUG org.asynchttpclient.netty.channel.DefaultChannelPool - Entry count for : http://localhost:9309 : 1
16:20:51.666 [AsyncHttpClient-1-1] DEBUG org.asynchttpclient.netty.channel.DefaultChannelPool - Entry count for : http://localhost:9309 : 1
16:20:51.844 [AsyncHttpClient-1-8] DEBUG org.asynchttpclient.netty.handler.HttpHandler - 

Request DefaultHttpRequest(decodeResult: success, version: HTTP/1.1)
POST /session/3f7ac0fc218c153d1a94c8d82d76ad6e/element/bbe76049-1c68-4b0e-ad7f-853cb4ecf777/click HTTP/1.1
User-Agent: selenium/4.1.2 (java windows)
Content-Length: 50
Content-Type: application/json; charset=utf-8
host: localhost:62818
accept: */*

Response DefaultHttpResponse(decodeResult: success, version: HTTP/1.1)
HTTP/1.1 200 OK
Content-Type: application/json; charset=utf-8
cache-control: no-cache
content-length: 14

16:20:51.844 [AsyncHttpClient-1-8] DEBUG org.asynchttpclient.netty.channel.ChannelManager - Adding key: http://localhost:62818 for channel [id: 0xcf9c77fd, L:/127.0.0.1:9306 - R:localhost/127.0.0.1:62818]
  &amp#27;[32mWhen &amp#27;[0m&amp#27;[32mI click Designing Evolvable Web APIs with ASP.NET&amp#27;[0m                    &amp#27;[90m# starter.stepdefinitions.CollectionStep.iClickDesigningEvolvableWebAPIsWithASPNET()&amp#27;[0m
16:20:51.857 [Forwarding screenshot on session 3f7ac0fc218c153d1a94c8d82d76ad6e to remote] DEBUG org.asynchttpclient.netty.request.NettyRequestSender - Using pooled Channel '[id: 0xcf9c77fd, L:/127.0.0.1:9306 - R:localhost/127.0.0.1:62818]' for 'GET' to 'http://localhost:62818/session/3f7ac0fc218c153d1a94c8d82d76ad6e/screenshot'
16:20:51.857 [Forwarding screenshot on session 3f7ac0fc218c153d1a94c8d82d76ad6e to remote] DEBUG org.asynchttpclient.netty.request.NettyRequestSender - Using open Channel [id: 0xcf9c77fd, L:/127.0.0.1:9306 - R:localhost/127.0.0.1:62818] for GET '/session/3f7ac0fc218c153d1a94c8d82d76ad6e/screenshot'
16:20:52.763 [AsyncHttpClient-1-1] DEBUG org.asynchttpclient.netty.channel.DefaultChannelPool - Entry count for : http://localhost:9309 : 1
16:20:52.804 [AsyncHttpClient-1-8] DEBUG org.asynchttpclient.netty.handler.HttpHandler - 

Request DefaultFullHttpRequest(decodeResult: success, version: HTTP/1.1, content: EmptyByteBufBE)
GET /session/3f7ac0fc218c153d1a94c8d82d76ad6e/screenshot HTTP/1.1
User-Agent: selenium/4.1.2 (java windows)
Cache-Control: no-cache
Content-Type: application/json; charset=utf-8
host: localhost:62818
accept: */*

Response DefaultHttpResponse(decodeResult: success, version: HTTP/1.1)
HTTP/1.1 200 OK
Content-Type: application/json; charset=utf-8
cache-control: no-cache
content-length: 199060

16:20:52.806 [AsyncHttpClient-1-8] DEBUG org.asynchttpclient.netty.channel.ChannelManager - Adding key: http://localhost:62818 for channel [id: 0xcf9c77fd, L:/127.0.0.1:9306 - R:localhost/127.0.0.1:62818]
16:20:52.822 [main] DEBUG net.serenitybdd.core.photography.Darkroom - Send negative for processing for target\site\serenity\a8d10d1fb889332d49c3839c2a4477fad88ff3271de4990c26c05c64b3c25df3.png
16:20:52.823 [Darkroom Processing Line] DEBUG net.serenitybdd.core.photography.DarkroomProcessingLine - Processing screenshot image in /var/screenshots/screenshot-15699617625220503334
16:20:52.823 [Darkroom Processing Line] DEBUG net.serenitybdd.core.photography.DarkroomProcessingLine - Saving screenshot to target\site\serenity\a8d10d1fb889332d49c3839c2a4477fad88ff3271de4990c26c05c64b3c25df3.png
16:20:52.839 [Forwarding findElement on session 3f7ac0fc218c153d1a94c8d82d76ad6e to remote] DEBUG org.asynchttpclient.netty.request.NettyRequestSender - Using pooled Channel '[id: 0xcf9c77fd, L:/127.0.0.1:9306 - R:localhost/127.0.0.1:62818]' for 'POST' to 'http://localhost:62818/session/3f7ac0fc218c153d1a94c8d82d76ad6e/element'
16:20:52.839 [Forwarding findElement on session 3f7ac0fc218c153d1a94c8d82d76ad6e to remote] DEBUG org.asynchttpclient.netty.request.NettyRequestSender - Using open Channel [id: 0xcf9c77fd, L:/127.0.0.1:9306 - R:localhost/127.0.0.1:62818] for POST '/session/3f7ac0fc218c153d1a94c8d82d76ad6e/element'
16:20:52.898 [AsyncHttpClient-1-8] DEBUG org.asynchttpclient.netty.handler.HttpHandler - 

Request DefaultHttpRequest(decodeResult: success, version: HTTP/1.1)
POST /session/3f7ac0fc218c153d1a94c8d82d76ad6e/element HTTP/1.1
User-Agent: selenium/4.1.2 (java windows)
Content-Length: 81
Content-Type: application/json; charset=utf-8
host: localhost:62818
accept: */*

Response DefaultHttpResponse(decodeResult: success, version: HTTP/1.1)
HTTP/1.1 200 OK
Content-Type: application/json; charset=utf-8
cache-control: no-cache
content-length: 88

16:20:52.899 [AsyncHttpClient-1-8] DEBUG org.asynchttpclient.netty.channel.ChannelManager - Adding key: http://localhost:62818 for channel [id: 0xcf9c77fd, L:/127.0.0.1:9306 - R:localhost/127.0.0.1:62818]
16:20:52.904 [Forwarding getElementTagName on session 3f7ac0fc218c153d1a94c8d82d76ad6e to remote] DEBUG org.asynchttpclient.netty.request.NettyRequestSender - Using pooled Channel '[id: 0xcf9c77fd, L:/127.0.0.1:9306 - R:localhost/127.0.0.1:62818]' for 'GET' to 'http://localhost:62818/session/3f7ac0fc218c153d1a94c8d82d76ad6e/element/5cf0b204-cab2-4ddb-99dc-f6de61dbc6bb/name'
16:20:52.905 [Forwarding getElementTagName on session 3f7ac0fc218c153d1a94c8d82d76ad6e to remote] DEBUG org.asynchttpclient.netty.request.NettyRequestSender - Using open Channel [id: 0xcf9c77fd, L:/127.0.0.1:9306 - R:localhost/127.0.0.1:62818] for GET '/session/3f7ac0fc218c153d1a94c8d82d76ad6e/element/5cf0b204-cab2-4ddb-99dc-f6de61dbc6bb/name'
16:20:52.914 [AsyncHttpClient-1-8] DEBUG org.asynchttpclient.netty.handler.HttpHandler - 

Request DefaultFullHttpRequest(decodeResult: success, version: HTTP/1.1, content: EmptyByteBufBE)
GET /session/3f7ac0fc218c153d1a94c8d82d76ad6e/element/5cf0b204-cab2-4ddb-99dc-f6de61dbc6bb/name HTTP/1.1
User-Agent: selenium/4.1.2 (java windows)
Cache-Control: no-cache
Content-Type: application/json; charset=utf-8
host: localhost:62818
accept: */*

Response DefaultHttpResponse(decodeResult: success, version: HTTP/1.1)
HTTP/1.1 200 OK
Content-Type: application/json; charset=utf-8
cache-control: no-cache
content-length: 15

16:20:52.915 [AsyncHttpClient-1-8] DEBUG org.asynchttpclient.netty.channel.ChannelManager - Adding key: http://localhost:62818 for channel [id: 0xcf9c77fd, L:/127.0.0.1:9306 - R:localhost/127.0.0.1:62818]
16:20:52.922 [Forwarding getElementTagName on session 3f7ac0fc218c153d1a94c8d82d76ad6e to remote] DEBUG org.asynchttpclient.netty.request.NettyRequestSender - Using pooled Channel '[id: 0xcf9c77fd, L:/127.0.0.1:9306 - R:localhost/127.0.0.1:62818]' for 'GET' to 'http://localhost:62818/session/3f7ac0fc218c153d1a94c8d82d76ad6e/element/5cf0b204-cab2-4ddb-99dc-f6de61dbc6bb/name'
16:20:52.922 [Forwarding getElementTagName on session 3f7ac0fc218c153d1a94c8d82d76ad6e to remote] DEBUG org.asynchttpclient.netty.request.NettyRequestSender - Using open Channel [id: 0xcf9c77fd, L:/127.0.0.1:9306 - R:localhost/127.0.0.1:62818] for GET '/session/3f7ac0fc218c153d1a94c8d82d76ad6e/element/5cf0b204-cab2-4ddb-99dc-f6de61dbc6bb/name'
16:20:52.930 [AsyncHttpClient-1-8] DEBUG org.asynchttpclient.netty.handler.HttpHandler - 

Request DefaultFullHttpRequest(decodeResult: success, version: HTTP/1.1, content: EmptyByteBufBE)
GET /session/3f7ac0fc218c153d1a94c8d82d76ad6e/element/5cf0b204-cab2-4ddb-99dc-f6de61dbc6bb/name HTTP/1.1
User-Agent: selenium/4.1.2 (java windows)
Cache-Control: no-cache
Content-Type: application/json; charset=utf-8
host: localhost:62818
accept: */*

Response DefaultHttpResponse(decodeResult: success, version: HTTP/1.1)
HTTP/1.1 200 OK
Content-Type: application/json; charset=utf-8
cache-control: no-cache
content-length: 15

16:20:52.931 [AsyncHttpClient-1-8] DEBUG org.asynchttpclient.netty.channel.ChannelManager - Adding key: http://localhost:62818 for channel [id: 0xcf9c77fd, L:/127.0.0.1:9306 - R:localhost/127.0.0.1:62818]
16:20:52.936 [Forwarding findElement on session 3f7ac0fc218c153d1a94c8d82d76ad6e to remote] DEBUG org.asynchttpclient.netty.request.NettyRequestSender - Using pooled Channel '[id: 0xcf9c77fd, L:/127.0.0.1:9306 - R:localhost/127.0.0.1:62818]' for 'POST' to 'http://localhost:62818/session/3f7ac0fc218c153d1a94c8d82d76ad6e/element'
16:20:52.937 [Forwarding findElement on session 3f7ac0fc218c153d1a94c8d82d76ad6e to remote] DEBUG org.asynchttpclient.netty.request.NettyRequestSender - Using open Channel [id: 0xcf9c77fd, L:/127.0.0.1:9306 - R:localhost/127.0.0.1:62818] for POST '/session/3f7ac0fc218c153d1a94c8d82d76ad6e/element'
16:20:52.971 [AsyncHttpClient-1-8] DEBUG org.asynchttpclient.netty.handler.HttpHandler - 

Request DefaultHttpRequest(decodeResult: success, version: HTTP/1.1)
POST /session/3f7ac0fc218c153d1a94c8d82d76ad6e/element HTTP/1.1
User-Agent: selenium/4.1.2 (java windows)
Content-Length: 81
Content-Type: application/json; charset=utf-8
host: localhost:62818
accept: */*

Response DefaultHttpResponse(decodeResult: success, version: HTTP/1.1)
HTTP/1.1 200 OK
Content-Type: application/json; charset=utf-8
cache-control: no-cache
content-length: 88

16:20:52.971 [AsyncHttpClient-1-8] DEBUG org.asynchttpclient.netty.channel.ChannelManager - Adding key: http://localhost:62818 for channel [id: 0xcf9c77fd, L:/127.0.0.1:9306 - R:localhost/127.0.0.1:62818]
16:20:52.974 [Forwarding clickElement on session 3f7ac0fc218c153d1a94c8d82d76ad6e to remote] DEBUG org.asynchttpclient.netty.request.NettyRequestSender - Using pooled Channel '[id: 0xcf9c77fd, L:/127.0.0.1:9306 - R:localhost/127.0.0.1:62818]' for 'POST' to 'http://localhost:62818/session/3f7ac0fc218c153d1a94c8d82d76ad6e/element/5cf0b204-cab2-4ddb-99dc-f6de61dbc6bb/click'
16:20:52.974 [Forwarding clickElement on session 3f7ac0fc218c153d1a94c8d82d76ad6e to remote] DEBUG org.asynchttpclient.netty.request.NettyRequestSender - Using open Channel [id: 0xcf9c77fd, L:/127.0.0.1:9306 - R:localhost/127.0.0.1:62818] for POST '/session/3f7ac0fc218c153d1a94c8d82d76ad6e/element/5cf0b204-cab2-4ddb-99dc-f6de61dbc6bb/click'
16:20:53.068 [AsyncHttpClient-1-8] DEBUG org.asynchttpclient.netty.handler.HttpHandler - 

Request DefaultHttpRequest(decodeResult: success, version: HTTP/1.1)
POST /session/3f7ac0fc218c153d1a94c8d82d76ad6e/element/5cf0b204-cab2-4ddb-99dc-f6de61dbc6bb/click HTTP/1.1
User-Agent: selenium/4.1.2 (java windows)
Content-Length: 50
Content-Type: application/json; charset=utf-8
host: localhost:62818
accept: */*

Response DefaultHttpResponse(decodeResult: success, version: HTTP/1.1)
HTTP/1.1 200 OK
Content-Type: application/json; charset=utf-8
cache-control: no-cache
content-length: 14

16:20:53.068 [AsyncHttpClient-1-8] DEBUG org.asynchttpclient.netty.channel.ChannelManager - Adding key: http://localhost:62818 for channel [id: 0xcf9c77fd, L:/127.0.0.1:9306 - R:localhost/127.0.0.1:62818]
  &amp#27;[32mThen &amp#27;[0m&amp#27;[32mI will get information&amp#27;[0m                                               &amp#27;[90m# starter.stepdefinitions.CollectionStep.iWillGetPageMessage()&amp#27;[0m
16:20:53.080 [Forwarding screenshot on session 3f7ac0fc218c153d1a94c8d82d76ad6e to remote] DEBUG org.asynchttpclient.netty.request.NettyRequestSender - Using pooled Channel '[id: 0xcf9c77fd, L:/127.0.0.1:9306 - R:localhost/127.0.0.1:62818]' for 'GET' to 'http://localhost:62818/session/3f7ac0fc218c153d1a94c8d82d76ad6e/screenshot'
16:20:53.080 [Forwarding screenshot on session 3f7ac0fc218c153d1a94c8d82d76ad6e to remote] DEBUG org.asynchttpclient.netty.request.NettyRequestSender - Using open Channel [id: 0xcf9c77fd, L:/127.0.0.1:9306 - R:localhost/127.0.0.1:62818] for GET '/session/3f7ac0fc218c153d1a94c8d82d76ad6e/screenshot'
16:20:53.251 [AsyncHttpClient-1-8] DEBUG org.asynchttpclient.netty.handler.HttpHandler - 

Request DefaultFullHttpRequest(decodeResult: success, version: HTTP/1.1, content: EmptyByteBufBE)
GET /session/3f7ac0fc218c153d1a94c8d82d76ad6e/screenshot HTTP/1.1
User-Agent: selenium/4.1.2 (java windows)
Cache-Control: no-cache
Content-Type: application/json; charset=utf-8
host: localhost:62818
accept: */*

Response DefaultHttpResponse(decodeResult: success, version: HTTP/1.1)
HTTP/1.1 200 OK
Content-Type: application/json; charset=utf-8
cache-control: no-cache
content-length: 199060

16:20:53.252 [AsyncHttpClient-1-8] DEBUG org.asynchttpclient.netty.channel.ChannelManager - Adding key: http://localhost:62818 for channel [id: 0xcf9c77fd, L:/127.0.0.1:9306 - R:localhost/127.0.0.1:62818]
16:20:53.259 [main] DEBUG net.serenitybdd.core.photography.Darkroom - Send negative for processing for target\site\serenity\a8d10d1fb889332d49c3839c2a4477fad88ff3271de4990c26c05c64b3c25df3.png
16:20:53.261 [main] INFO  - 
  _____   ___   ___   _____     ___     _     ___   ___   ___   ___  
 |_   _| | __| / __| |_   _|   | _ \   /_\   / __| / __| | __| |   \ 
   | |   | _|  \__ \   | |     |  _/  / _ \  \__ \ \__ \ | _|  | |) |
   |_|   |___| |___/   |_|     |_|   /_/ \_\ |___/ |___/ |___| |___/ 

See Information of Designing Evolvable Web APIs with ASP.NET Book
----------------------------------------------------------------------
16:20:53.263 [AsyncHttpClient-1-2] DEBUG org.asynchttpclient.netty.handler.WebSocketHandler - Channel Closed: [id: 0x1c275c3a, L:/127.0.0.1:9326 ! R:localhost/127.0.0.1:9309] with attribute NettyResponseFuture{currentRetry=5,
	isDone=1,
	isCancelled=0,
	asyncHandler=org.asynchttpclient.ws.WebSocketUpgradeHandler@fc01eb5,
	nettyRequest=org.asynchttpclient.netty.request.NettyRequest@22a6c1c0,
	future=java.util.concurrent.CompletableFuture@704a32f4[Completed normally],
	uri=ws://localhost:9309/devtools/browser/de1b95f6-ba0f-4656-8c54-cb0acf5b7ca8,
	keepAlive=true,
	redirectCount=0,
	timeoutsHolder=null,
	inAuth=0,
	touch=1664875231606}
16:20:53.273 [AsyncHttpClient-1-2] DEBUG org.asynchttpclient.netty.channel.ChannelManager - Closing Channel [id: 0x1c275c3a, L:/127.0.0.1:9326 ! R:localhost/127.0.0.1:9309] 
16:20:53.279 [Driver Command Executor] DEBUG org.asynchttpclient.netty.request.NettyRequestSender - Using pooled Channel '[id: 0xcf9c77fd, L:/127.0.0.1:9306 - R:localhost/127.0.0.1:62818]' for 'DELETE' to 'http://localhost:62818/session/3f7ac0fc218c153d1a94c8d82d76ad6e'
16:20:53.279 [Driver Command Executor] DEBUG org.asynchttpclient.netty.request.NettyRequestSender - Using open Channel [id: 0xcf9c77fd, L:/127.0.0.1:9306 - R:localhost/127.0.0.1:62818] for DELETE '/session/3f7ac0fc218c153d1a94c8d82d76ad6e'
16:20:53.426 [AsyncHttpClient-1-9] DEBUG org.asynchttpclient.netty.handler.HttpHandler - Unexpected I/O exception on channel [id: 0x7485891f, L:/127.0.0.1:9325 - R:localhost/127.0.0.1:9309]
java.io.IOException: An existing connection was forcibly closed by the remote host
	at java.base/sun.nio.ch.SocketDispatcher.read0(Native Method)
	at java.base/sun.nio.ch.SocketDispatcher.read(SocketDispatcher.java:43)
	at java.base/sun.nio.ch.IOUtil.readIntoNativeBuffer(IOUtil.java:276)
	at java.base/sun.nio.ch.IOUtil.read(IOUtil.java:233)
	at java.base/sun.nio.ch.IOUtil.read(IOUtil.java:223)
	at java.base/sun.nio.ch.SocketChannelImpl.read(SocketChannelImpl.java:358)
	at io.netty.buffer.PooledByteBuf.setBytes(PooledByteBuf.java:258)
	at io.netty.buffer.AbstractByteBuf.writeBytes(AbstractByteBuf.java:1132)
	at io.netty.channel.socket.nio.NioSocketChannel.doReadBytes(NioSocketChannel.java:350)
	at io.netty.channel.nio.AbstractNioByteChannel$NioByteUnsafe.read(AbstractNioByteChannel.java:151)
	at io.netty.channel.nio.NioEventLoop.processSelectedKey(NioEventLoop.java:722)
	at io.netty.channel.nio.NioEventLoop.processSelectedKeysOptimized(NioEventLoop.java:658)
	at io.netty.channel.nio.NioEventLoop.processSelectedKeys(NioEventLoop.java:584)
	at io.netty.channel.nio.NioEventLoop.run(NioEventLoop.java:496)
	at io.netty.util.concurrent.SingleThreadEventExecutor$4.run(SingleThreadEventExecutor.java:986)
	at io.netty.util.internal.ThreadExecutorMap$2.run(ThreadExecutorMap.java:74)
	at io.netty.util.concurrent.FastThreadLocalRunnable.run(FastThreadLocalRunnable.java:30)
	at java.base/java.lang.Thread.run(Thread.java:834)
16:20:53.427 [AsyncHttpClient-1-9] DEBUG org.asynchttpclient.netty.channel.ChannelManager - Closing Channel [id: 0x7485891f, L:/127.0.0.1:9325 - R:localhost/127.0.0.1:9309] 
16:20:53.427 [AsyncHttpClient-1-9] DEBUG org.asynchttpclient.netty.handler.HttpHandler - Channel Closed: [id: 0x7485891f, L:/127.0.0.1:9325 ! R:localhost/127.0.0.1:9309] with attribute DISCARD
16:20:53.475 [AsyncHttpClient-1-8] DEBUG org.asynchttpclient.netty.handler.HttpHandler - 

Request DefaultFullHttpRequest(decodeResult: success, version: HTTP/1.1, content: EmptyByteBufBE)
DELETE /session/3f7ac0fc218c153d1a94c8d82d76ad6e HTTP/1.1
User-Agent: selenium/4.1.2 (java windows)
Content-Type: application/json; charset=utf-8
host: localhost:62818
accept: */*

Response DefaultHttpResponse(decodeResult: success, version: HTTP/1.1)
HTTP/1.1 200 OK
Content-Type: application/json; charset=utf-8
cache-control: no-cache
content-length: 14

16:20:53.475 [AsyncHttpClient-1-8] DEBUG org.asynchttpclient.netty.channel.ChannelManager - Adding key: http://localhost:62818 for channel [id: 0xcf9c77fd, L:/127.0.0.1:9306 - R:localhost/127.0.0.1:62818]
16:20:53.656 [AsyncHttpClient-1-8] DEBUG org.asynchttpclient.netty.handler.HttpHandler - Channel Closed: [id: 0xcf9c77fd, L:/127.0.0.1:9306 ! R:localhost/127.0.0.1:62818] with attribute DISCARD
]]></system-out>
    <system-err><![CDATA[Starting Microsoft Edge WebDriver 105.0.1343.53 (3a47f00402d579c8ba1fad7e143f9d73831b6765) on port 62818
To submit feedback, report a bug, or suggest new features, please visit https://github.com/MicrosoftEdge/EdgeWebDriver

Only local connections are allowed.
Please see https://aka.ms/WebDriverSecurity for suggestions on keeping Microsoft Edge WebDriver safe.

Microsoft Edge WebDriver was started successfully.
Oct 04, 2022 4:20:31 PM org.openqa.selenium.remote.ProtocolHandshake createSession
INFO: Detected dialect: W3C
Oct 04, 2022 4:20:31 PM org.openqa.selenium.devtools.CdpVersionFinder findNearestMatch
WARNING: Unable to find an exact match for CDP version 105, so returning the closest version found: a no-op implementation
Oct 04, 2022 4:20:31 PM org.openqa.selenium.devtools.CdpVersionFinder findNearestMatch
INFO: Unable to find CDP implementation matching 105.
Oct 04, 2022 4:20:31 PM org.openqa.selenium.chromium.ChromiumDriver lambda$new$3
WARNING: Unable to find version of CDP to use for . You may need to include a dependency on a specific version of the CDP using something similar to `org.seleniumhq.selenium:selenium-devtools-v86:4.1.2` where the version ("v86") matches the version of the chromium-based browser you're using and the version number of the artifact is the same as Selenium's.
]]></system-err>
  </testcase>
  <testcase name="See Information of Speaking JavaScript Book" classname="See Information" time="17.847">
    <system-out><![CDATA[
Scenario: See Information of Speaking JavaScript Book &amp#27;[90m# src/test/resources/features/CartToCollection.feature:21&amp#27;[0m
16:20:53.781 [main] INFO io.cucumber.core.plugin.SerenityReporter - Running feature from file:///D:/File%20Baru/Kuliah/Quality%20Engineer/qe_Bayu-Septyan-Nur-Hidayat/21_Review_Web_UI_Testing_with_Serenity/Praktikum/untitled/src/test/resources/features/CartToCollection.feature
16:20:53.788 [main] INFO  - 
  _____   ___   ___   _____     ___   _____     _     ___   _____   ___   ___  
 |_   _| | __| / __| |_   _|   / __| |_   _|   /_\   | _ \ |_   _| | __| |   \ 
   | |   | _|  \__ \   | |     \__ \   | |    / _ \  |   /   | |   | _|  | |) |
   |_|   |___| |___/   |_|     |___/   |_|   /_/ \_\ |_|_\   |_|   |___| |___/ 

See Information of Speaking JavaScript Book(see-information;see-information-of-speaking-javascript-book)
--------------------------------------------------------------------------------
16:20:53.875 [AsyncHttpClient-1-1] DEBUG org.asynchttpclient.netty.channel.DefaultChannelPool - Entry count for : http://localhost:9309 : 1
16:20:53.877 [AsyncHttpClient-1-1] DEBUG org.asynchttpclient.netty.channel.DefaultChannelPool - Entry count for : http://localhost:62818 : 1
16:20:53.878 [AsyncHttpClient-1-1] DEBUG org.asynchttpclient.netty.channel.DefaultChannelPool - Adding Candidate expired Channel [id: 0x7485891f, L:/127.0.0.1:9325 ! R:localhost/127.0.0.1:9309] isIdleTimeoutExpired=false isRemotelyClosed=true isTtlExpired=false
16:20:53.881 [AsyncHttpClient-1-1] DEBUG org.asynchttpclient.netty.channel.DefaultChannelPool - Closing Idle Channel [id: 0x7485891f, L:/127.0.0.1:9325 ! R:localhost/127.0.0.1:9309]
16:20:53.885 [AsyncHttpClient-1-1] DEBUG org.asynchttpclient.netty.channel.DefaultChannelPool - Adding Candidate expired Channel [id: 0xcf9c77fd, L:/127.0.0.1:9306 ! R:localhost/127.0.0.1:62818] isIdleTimeoutExpired=false isRemotelyClosed=true isTtlExpired=false
16:20:53.887 [AsyncHttpClient-1-1] DEBUG org.asynchttpclient.netty.channel.DefaultChannelPool - Closing Idle Channel [id: 0xcf9c77fd, L:/127.0.0.1:9306 ! R:localhost/127.0.0.1:62818]
16:20:53.906 [AsyncHttpClient-1-1] DEBUG org.asynchttpclient.netty.channel.DefaultChannelPool - Closed 2 connections out of 2 in 28 ms
16:20:54.193 [main] DEBUG io.github.bonigarcia.wdm.cache.ResolutionCache - Resolution edge=105 in cache (valid until 17:19:21 04/10/2022 ICT)
16:20:54.203 [main] DEBUG io.github.bonigarcia.wdm.cache.ResolutionCache - Resolution edge105=105.0.1343.53 in cache (valid until 22:15:59 04/10/2022 ICT)
16:20:54.206 [main] INFO io.github.bonigarcia.wdm.WebDriverManager - Using msedgedriver 105.0.1343.53 (resolved driver for Edge 105)
16:20:54.227 [main] DEBUG io.github.bonigarcia.wdm.WebDriverManager - Driver msedgedriver 105.0.1343.53 found in cache
16:20:54.228 [main] INFO io.github.bonigarcia.wdm.WebDriverManager - Exporting webdriver.edge.driver as C:\Users\Bayu\.cache\selenium\msedgedriver\win64\105.0.1343.53\msedgedriver.exe
16:20:54.231 [main] DEBUG net.serenitybdd.core.webdriver.driverproviders.ProvideNewDriver - Instantiating driver
16:20:54.231 [main] DEBUG net.serenitybdd.core.webdriver.driverproviders.ProvideNewDriver - Driver capabilities: Capabilities {base.url: https://demoqa.com, driver: edge, edge.driver: src/test/resources/webdrive..., ms:edgeChromium: true, ms:edgeOptions: {}}
16:20:54.502 [AsyncHttpClient-1-3] DEBUG org.asynchttpclient.netty.channel.NettyConnectListener - Using new Channel '[id: 0xc2f5eff9, L:/127.0.0.1:9444 - R:localhost/127.0.0.1:56571]' for 'POST' to '/session'
16:20:56.241 [AsyncHttpClient-1-3] DEBUG org.asynchttpclient.netty.handler.HttpHandler - 

Request DefaultHttpRequest(decodeResult: success, version: HTTP/1.1)
POST /session HTTP/1.1
User-Agent: selenium/4.1.2 (java windows)
Content-Length: 591
Content-Type: application/json; charset=utf-8
host: localhost:56571
accept: */*

Response DefaultHttpResponse(decodeResult: success, version: HTTP/1.1)
HTTP/1.1 200 OK
Content-Type: application/json; charset=utf-8
cache-control: no-cache
content-length: 754

16:20:56.241 [AsyncHttpClient-1-3] DEBUG org.asynchttpclient.netty.channel.ChannelManager - Adding key: http://localhost:56571 for channel [id: 0xc2f5eff9, L:/127.0.0.1:9444 - R:localhost/127.0.0.1:56571]
16:20:56.284 [AsyncHttpClient-1-4] DEBUG org.asynchttpclient.netty.channel.NettyConnectListener - Using new Channel '[id: 0xf5730ff8, L:/127.0.0.1:9464 - R:localhost/127.0.0.1:9448]' for 'GET' to '/json/version'
16:20:56.285 [AsyncHttpClient-1-4] DEBUG org.asynchttpclient.netty.handler.HttpHandler - 

Request DefaultFullHttpRequest(decodeResult: success, version: HTTP/1.1, content: EmptyByteBufBE)
GET /json/version HTTP/1.1
User-Agent: selenium/4.1.2 (java windows)
host: localhost:9448
accept: */*

Response DefaultHttpResponse(decodeResult: success, version: HTTP/1.1)
HTTP/1.1 200 OK
Content-Type: application/json; charset=UTF-8
content-length: 435

16:20:56.286 [AsyncHttpClient-1-4] DEBUG org.asynchttpclient.netty.channel.ChannelManager - Adding key: http://localhost:9448 for channel [id: 0xf5730ff8, L:/127.0.0.1:9464 - R:localhost/127.0.0.1:9448]
16:20:56.294 [AsyncHttpClient-1-5] DEBUG org.asynchttpclient.netty.channel.NettyConnectListener - Using new Channel '[id: 0x6369b338, L:/127.0.0.1:9465 - R:localhost/127.0.0.1:9448]' for 'GET' to '/devtools/browser/18be1bb3-025d-45a9-b596-abba3bae403c'
16:20:56.296 [AsyncHttpClient-1-5] DEBUG org.asynchttpclient.netty.handler.WebSocketHandler - 

Request DefaultFullHttpRequest(decodeResult: success, version: HTTP/1.1, content: EmptyByteBufBE)
GET /devtools/browser/18be1bb3-025d-45a9-b596-abba3bae403c HTTP/1.1
upgrade: websocket
connection: upgrade
sec-websocket-key: hmDruGrs3IwuaRbilUDoSw==
sec-websocket-version: 13
origin: http://localhost:9448
host: localhost:9448
accept: */*
user-agent: AHC/2.1

Response DefaultHttpResponse(decodeResult: success, version: HTTP/1.1)
HTTP/1.1 101 WebSocket Protocol Handshake
Upgrade: WebSocket
Connection: Upgrade
Sec-WebSocket-Accept: Ihw8u9tlvtXyOnYR+MHwO8Toe1M=

16:20:56.310 [Forwarding get on session 8da312c2265ed4972c7fc2ded08ee923 to remote] DEBUG org.asynchttpclient.netty.request.NettyRequestSender - Using pooled Channel '[id: 0xc2f5eff9, L:/127.0.0.1:9444 - R:localhost/127.0.0.1:56571]' for 'POST' to 'http://localhost:56571/session/8da312c2265ed4972c7fc2ded08ee923/url'
16:20:56.310 [Forwarding get on session 8da312c2265ed4972c7fc2ded08ee923 to remote] DEBUG org.asynchttpclient.netty.request.NettyRequestSender - Using open Channel [id: 0xc2f5eff9, L:/127.0.0.1:9444 - R:localhost/127.0.0.1:56571] for POST '/session/8da312c2265ed4972c7fc2ded08ee923/url'
16:20:57.180 [AsyncHttpClient-1-1] DEBUG org.asynchttpclient.netty.channel.DefaultChannelPool - Entry count for : http://localhost:9448 : 1
16:20:58.278 [AsyncHttpClient-1-1] DEBUG org.asynchttpclient.netty.channel.DefaultChannelPool - Entry count for : http://localhost:9448 : 1
16:20:59.372 [AsyncHttpClient-1-1] DEBUG org.asynchttpclient.netty.channel.DefaultChannelPool - Entry count for : http://localhost:9448 : 1
16:21:00.477 [AsyncHttpClient-1-1] DEBUG org.asynchttpclient.netty.channel.DefaultChannelPool - Entry count for : http://localhost:9448 : 1
16:21:01.564 [AsyncHttpClient-1-1] DEBUG org.asynchttpclient.netty.channel.DefaultChannelPool - Entry count for : http://localhost:9448 : 1
16:21:02.667 [AsyncHttpClient-1-1] DEBUG org.asynchttpclient.netty.channel.DefaultChannelPool - Entry count for : http://localhost:9448 : 1
16:21:03.762 [AsyncHttpClient-1-1] DEBUG org.asynchttpclient.netty.channel.DefaultChannelPool - Entry count for : http://localhost:9448 : 1
16:21:04.861 [AsyncHttpClient-1-1] DEBUG org.asynchttpclient.netty.channel.DefaultChannelPool - Entry count for : http://localhost:9448 : 1
16:21:05.965 [AsyncHttpClient-1-1] DEBUG org.asynchttpclient.netty.channel.DefaultChannelPool - Entry count for : http://localhost:9448 : 1
16:21:07.052 [AsyncHttpClient-1-3] DEBUG org.asynchttpclient.netty.handler.HttpHandler - 

Request DefaultHttpRequest(decodeResult: success, version: HTTP/1.1)
POST /session/8da312c2265ed4972c7fc2ded08ee923/url HTTP/1.1
User-Agent: selenium/4.1.2 (java windows)
Content-Length: 54
Content-Type: application/json; charset=utf-8
host: localhost:56571
accept: */*

Response DefaultHttpResponse(decodeResult: success, version: HTTP/1.1)
HTTP/1.1 200 OK
Content-Type: application/json; charset=utf-8
cache-control: no-cache
content-length: 14

16:21:07.053 [AsyncHttpClient-1-3] DEBUG org.asynchttpclient.netty.channel.ChannelManager - Adding key: http://localhost:56571 for channel [id: 0xc2f5eff9, L:/127.0.0.1:9444 - R:localhost/127.0.0.1:56571]
16:21:07.058 [Forwarding setTimeout on session 8da312c2265ed4972c7fc2ded08ee923 to remote] DEBUG org.asynchttpclient.netty.request.NettyRequestSender - Using pooled Channel '[id: 0xc2f5eff9, L:/127.0.0.1:9444 - R:localhost/127.0.0.1:56571]' for 'POST' to 'http://localhost:56571/session/8da312c2265ed4972c7fc2ded08ee923/timeouts'
16:21:07.058 [Forwarding setTimeout on session 8da312c2265ed4972c7fc2ded08ee923 to remote] DEBUG org.asynchttpclient.netty.request.NettyRequestSender - Using open Channel [id: 0xc2f5eff9, L:/127.0.0.1:9444 - R:localhost/127.0.0.1:56571] for POST '/session/8da312c2265ed4972c7fc2ded08ee923/timeouts'
16:21:07.061 [AsyncHttpClient-1-3] DEBUG org.asynchttpclient.netty.handler.HttpHandler - 

Request DefaultHttpRequest(decodeResult: success, version: HTTP/1.1)
POST /session/8da312c2265ed4972c7fc2ded08ee923/timeouts HTTP/1.1
User-Agent: selenium/4.1.2 (java windows)
Content-Length: 22
Content-Type: application/json; charset=utf-8
host: localhost:56571
accept: */*

Response DefaultHttpResponse(decodeResult: success, version: HTTP/1.1)
HTTP/1.1 200 OK
Content-Type: application/json; charset=utf-8
cache-control: no-cache
content-length: 14

16:21:07.061 [AsyncHttpClient-1-3] DEBUG org.asynchttpclient.netty.channel.ChannelManager - Adding key: http://localhost:56571 for channel [id: 0xc2f5eff9, L:/127.0.0.1:9444 - R:localhost/127.0.0.1:56571]
16:21:07.068 [Forwarding getCurrentUrl on session 8da312c2265ed4972c7fc2ded08ee923 to remote] DEBUG org.asynchttpclient.netty.request.NettyRequestSender - Using pooled Channel '[id: 0xc2f5eff9, L:/127.0.0.1:9444 - R:localhost/127.0.0.1:56571]' for 'GET' to 'http://localhost:56571/session/8da312c2265ed4972c7fc2ded08ee923/url'
16:21:07.069 [Forwarding getCurrentUrl on session 8da312c2265ed4972c7fc2ded08ee923 to remote] DEBUG org.asynchttpclient.netty.request.NettyRequestSender - Using open Channel [id: 0xc2f5eff9, L:/127.0.0.1:9444 - R:localhost/127.0.0.1:56571] for GET '/session/8da312c2265ed4972c7fc2ded08ee923/url'
16:21:07.070 [AsyncHttpClient-1-1] DEBUG org.asynchttpclient.netty.channel.DefaultChannelPool - Entry count for : http://localhost:9448 : 1
16:21:07.125 [AsyncHttpClient-1-3] DEBUG org.asynchttpclient.netty.handler.HttpHandler - 

Request DefaultFullHttpRequest(decodeResult: success, version: HTTP/1.1, content: EmptyByteBufBE)
GET /session/8da312c2265ed4972c7fc2ded08ee923/url HTTP/1.1
User-Agent: selenium/4.1.2 (java windows)
Cache-Control: no-cache
Content-Type: application/json; charset=utf-8
host: localhost:56571
accept: */*

Response DefaultHttpResponse(decodeResult: success, version: HTTP/1.1)
HTTP/1.1 200 OK
Content-Type: application/json; charset=utf-8
cache-control: no-cache
content-length: 36

16:21:07.125 [AsyncHttpClient-1-3] DEBUG org.asynchttpclient.netty.channel.ChannelManager - Adding key: http://localhost:56571 for channel [id: 0xc2f5eff9, L:/127.0.0.1:9444 - R:localhost/127.0.0.1:56571]
  &amp#27;[32mGiven &amp#27;[0m&amp#27;[32mI am on the book page&amp#27;[0m                         &amp#27;[90m# starter.stepdefinitions.CollectionStep.iAmOnTheBookPage()&amp#27;[0m
16:21:07.146 [Forwarding screenshot on session 8da312c2265ed4972c7fc2ded08ee923 to remote] DEBUG org.asynchttpclient.netty.request.NettyRequestSender - Using pooled Channel '[id: 0xc2f5eff9, L:/127.0.0.1:9444 - R:localhost/127.0.0.1:56571]' for 'GET' to 'http://localhost:56571/session/8da312c2265ed4972c7fc2ded08ee923/screenshot'
16:21:07.146 [Forwarding screenshot on session 8da312c2265ed4972c7fc2ded08ee923 to remote] DEBUG org.asynchttpclient.netty.request.NettyRequestSender - Using open Channel [id: 0xc2f5eff9, L:/127.0.0.1:9444 - R:localhost/127.0.0.1:56571] for GET '/session/8da312c2265ed4972c7fc2ded08ee923/screenshot'
16:21:07.548 [AsyncHttpClient-1-3] DEBUG org.asynchttpclient.netty.handler.HttpHandler - 

Request DefaultFullHttpRequest(decodeResult: success, version: HTTP/1.1, content: EmptyByteBufBE)
GET /session/8da312c2265ed4972c7fc2ded08ee923/screenshot HTTP/1.1
User-Agent: selenium/4.1.2 (java windows)
Cache-Control: no-cache
Content-Type: application/json; charset=utf-8
host: localhost:56571
accept: */*

Response DefaultHttpResponse(decodeResult: success, version: HTTP/1.1)
HTTP/1.1 200 OK
Content-Type: application/json; charset=utf-8
cache-control: no-cache
content-length: 283644

16:21:07.552 [AsyncHttpClient-1-3] DEBUG org.asynchttpclient.netty.channel.ChannelManager - Adding key: http://localhost:56571 for channel [id: 0xc2f5eff9, L:/127.0.0.1:9444 - R:localhost/127.0.0.1:56571]
16:21:07.577 [main] DEBUG net.serenitybdd.core.photography.Darkroom - Send negative for processing for target\site\serenity\1d336040bbf298a9ea5e7f66f3d583828074a85d5783855d5d718af09118add5.png
16:21:07.577 [Darkroom Processing Line] DEBUG net.serenitybdd.core.photography.DarkroomProcessingLine - Processing screenshot image in /var/screenshots/screenshot-11908717060523089422
16:21:07.578 [Darkroom Processing Line] DEBUG net.serenitybdd.core.photography.DarkroomProcessingLine - Saving screenshot to target\site\serenity\1d336040bbf298a9ea5e7f66f3d583828074a85d5783855d5d718af09118add5.png
16:21:07.631 [Forwarding findElement on session 8da312c2265ed4972c7fc2ded08ee923 to remote] DEBUG org.asynchttpclient.netty.request.NettyRequestSender - Using pooled Channel '[id: 0xc2f5eff9, L:/127.0.0.1:9444 - R:localhost/127.0.0.1:56571]' for 'POST' to 'http://localhost:56571/session/8da312c2265ed4972c7fc2ded08ee923/element'
16:21:07.631 [Forwarding findElement on session 8da312c2265ed4972c7fc2ded08ee923 to remote] DEBUG org.asynchttpclient.netty.request.NettyRequestSender - Using open Channel [id: 0xc2f5eff9, L:/127.0.0.1:9444 - R:localhost/127.0.0.1:56571] for POST '/session/8da312c2265ed4972c7fc2ded08ee923/element'
16:21:07.681 [AsyncHttpClient-1-3] DEBUG org.asynchttpclient.netty.handler.HttpHandler - 

Request DefaultHttpRequest(decodeResult: success, version: HTTP/1.1)
POST /session/8da312c2265ed4972c7fc2ded08ee923/element HTTP/1.1
User-Agent: selenium/4.1.2 (java windows)
Content-Length: 79
Content-Type: application/json; charset=utf-8
host: localhost:56571
accept: */*

Response DefaultHttpResponse(decodeResult: success, version: HTTP/1.1)
HTTP/1.1 200 OK
Content-Type: application/json; charset=utf-8
cache-control: no-cache
content-length: 88

16:21:07.681 [AsyncHttpClient-1-3] DEBUG org.asynchttpclient.netty.channel.ChannelManager - Adding key: http://localhost:56571 for channel [id: 0xc2f5eff9, L:/127.0.0.1:9444 - R:localhost/127.0.0.1:56571]
16:21:07.703 [Forwarding getElementTagName on session 8da312c2265ed4972c7fc2ded08ee923 to remote] DEBUG org.asynchttpclient.netty.request.NettyRequestSender - Using pooled Channel '[id: 0xc2f5eff9, L:/127.0.0.1:9444 - R:localhost/127.0.0.1:56571]' for 'GET' to 'http://localhost:56571/session/8da312c2265ed4972c7fc2ded08ee923/element/54c5d0e5-109b-4b77-b80b-be8dad5d03f8/name'
16:21:07.703 [Forwarding getElementTagName on session 8da312c2265ed4972c7fc2ded08ee923 to remote] DEBUG org.asynchttpclient.netty.request.NettyRequestSender - Using open Channel [id: 0xc2f5eff9, L:/127.0.0.1:9444 - R:localhost/127.0.0.1:56571] for GET '/session/8da312c2265ed4972c7fc2ded08ee923/element/54c5d0e5-109b-4b77-b80b-be8dad5d03f8/name'
16:21:07.721 [AsyncHttpClient-1-3] DEBUG org.asynchttpclient.netty.handler.HttpHandler - 

Request DefaultFullHttpRequest(decodeResult: success, version: HTTP/1.1, content: EmptyByteBufBE)
GET /session/8da312c2265ed4972c7fc2ded08ee923/element/54c5d0e5-109b-4b77-b80b-be8dad5d03f8/name HTTP/1.1
User-Agent: selenium/4.1.2 (java windows)
Cache-Control: no-cache
Content-Type: application/json; charset=utf-8
host: localhost:56571
accept: */*

Response DefaultHttpResponse(decodeResult: success, version: HTTP/1.1)
HTTP/1.1 200 OK
Content-Type: application/json; charset=utf-8
cache-control: no-cache
content-length: 16

16:21:07.721 [AsyncHttpClient-1-3] DEBUG org.asynchttpclient.netty.channel.ChannelManager - Adding key: http://localhost:56571 for channel [id: 0xc2f5eff9, L:/127.0.0.1:9444 - R:localhost/127.0.0.1:56571]
16:21:07.725 [Forwarding getElementTagName on session 8da312c2265ed4972c7fc2ded08ee923 to remote] DEBUG org.asynchttpclient.netty.request.NettyRequestSender - Using pooled Channel '[id: 0xc2f5eff9, L:/127.0.0.1:9444 - R:localhost/127.0.0.1:56571]' for 'GET' to 'http://localhost:56571/session/8da312c2265ed4972c7fc2ded08ee923/element/54c5d0e5-109b-4b77-b80b-be8dad5d03f8/name'
16:21:07.725 [Forwarding getElementTagName on session 8da312c2265ed4972c7fc2ded08ee923 to remote] DEBUG org.asynchttpclient.netty.request.NettyRequestSender - Using open Channel [id: 0xc2f5eff9, L:/127.0.0.1:9444 - R:localhost/127.0.0.1:56571] for GET '/session/8da312c2265ed4972c7fc2ded08ee923/element/54c5d0e5-109b-4b77-b80b-be8dad5d03f8/name'
16:21:07.740 [AsyncHttpClient-1-3] DEBUG org.asynchttpclient.netty.handler.HttpHandler - 

Request DefaultFullHttpRequest(decodeResult: success, version: HTTP/1.1, content: EmptyByteBufBE)
GET /session/8da312c2265ed4972c7fc2ded08ee923/element/54c5d0e5-109b-4b77-b80b-be8dad5d03f8/name HTTP/1.1
User-Agent: selenium/4.1.2 (java windows)
Cache-Control: no-cache
Content-Type: application/json; charset=utf-8
host: localhost:56571
accept: */*

Response DefaultHttpResponse(decodeResult: success, version: HTTP/1.1)
HTTP/1.1 200 OK
Content-Type: application/json; charset=utf-8
cache-control: no-cache
content-length: 16

16:21:07.741 [AsyncHttpClient-1-3] DEBUG org.asynchttpclient.netty.channel.ChannelManager - Adding key: http://localhost:56571 for channel [id: 0xc2f5eff9, L:/127.0.0.1:9444 - R:localhost/127.0.0.1:56571]
16:21:07.744 [Forwarding findElement on session 8da312c2265ed4972c7fc2ded08ee923 to remote] DEBUG org.asynchttpclient.netty.request.NettyRequestSender - Using pooled Channel '[id: 0xc2f5eff9, L:/127.0.0.1:9444 - R:localhost/127.0.0.1:56571]' for 'POST' to 'http://localhost:56571/session/8da312c2265ed4972c7fc2ded08ee923/element'
16:21:07.744 [Forwarding findElement on session 8da312c2265ed4972c7fc2ded08ee923 to remote] DEBUG org.asynchttpclient.netty.request.NettyRequestSender - Using open Channel [id: 0xc2f5eff9, L:/127.0.0.1:9444 - R:localhost/127.0.0.1:56571] for POST '/session/8da312c2265ed4972c7fc2ded08ee923/element'
16:21:07.760 [AsyncHttpClient-1-3] DEBUG org.asynchttpclient.netty.handler.HttpHandler - 

Request DefaultHttpRequest(decodeResult: success, version: HTTP/1.1)
POST /session/8da312c2265ed4972c7fc2ded08ee923/element HTTP/1.1
User-Agent: selenium/4.1.2 (java windows)
Content-Length: 79
Content-Type: application/json; charset=utf-8
host: localhost:56571
accept: */*

Response DefaultHttpResponse(decodeResult: success, version: HTTP/1.1)
HTTP/1.1 200 OK
Content-Type: application/json; charset=utf-8
cache-control: no-cache
content-length: 88

16:21:07.760 [AsyncHttpClient-1-3] DEBUG org.asynchttpclient.netty.channel.ChannelManager - Adding key: http://localhost:56571 for channel [id: 0xc2f5eff9, L:/127.0.0.1:9444 - R:localhost/127.0.0.1:56571]
16:21:07.764 [Forwarding clickElement on session 8da312c2265ed4972c7fc2ded08ee923 to remote] DEBUG org.asynchttpclient.netty.request.NettyRequestSender - Using pooled Channel '[id: 0xc2f5eff9, L:/127.0.0.1:9444 - R:localhost/127.0.0.1:56571]' for 'POST' to 'http://localhost:56571/session/8da312c2265ed4972c7fc2ded08ee923/element/54c5d0e5-109b-4b77-b80b-be8dad5d03f8/click'
16:21:07.765 [Forwarding clickElement on session 8da312c2265ed4972c7fc2ded08ee923 to remote] DEBUG org.asynchttpclient.netty.request.NettyRequestSender - Using open Channel [id: 0xc2f5eff9, L:/127.0.0.1:9444 - R:localhost/127.0.0.1:56571] for POST '/session/8da312c2265ed4972c7fc2ded08ee923/element/54c5d0e5-109b-4b77-b80b-be8dad5d03f8/click'
16:21:08.166 [AsyncHttpClient-1-1] DEBUG org.asynchttpclient.netty.channel.DefaultChannelPool - Entry count for : http://localhost:9448 : 1
16:21:09.269 [AsyncHttpClient-1-1] DEBUG org.asynchttpclient.netty.channel.DefaultChannelPool - Entry count for : http://localhost:9448 : 1
16:21:09.378 [AsyncHttpClient-1-3] DEBUG org.asynchttpclient.netty.handler.HttpHandler - 

Request DefaultHttpRequest(decodeResult: success, version: HTTP/1.1)
POST /session/8da312c2265ed4972c7fc2ded08ee923/element/54c5d0e5-109b-4b77-b80b-be8dad5d03f8/click HTTP/1.1
User-Agent: selenium/4.1.2 (java windows)
Content-Length: 50
Content-Type: application/json; charset=utf-8
host: localhost:56571
accept: */*

Response DefaultHttpResponse(decodeResult: success, version: HTTP/1.1)
HTTP/1.1 200 OK
Content-Type: application/json; charset=utf-8
cache-control: no-cache
content-length: 14

16:21:09.379 [AsyncHttpClient-1-3] DEBUG org.asynchttpclient.netty.channel.ChannelManager - Adding key: http://localhost:56571 for channel [id: 0xc2f5eff9, L:/127.0.0.1:9444 - R:localhost/127.0.0.1:56571]
  &amp#27;[32mWhen &amp#27;[0m&amp#27;[32mI click Speaking JavaScript&amp#27;[0m                    &amp#27;[90m# starter.stepdefinitions.CollectionStep.iClickSpeakingJavaScript()&amp#27;[0m
16:21:09.394 [Forwarding screenshot on session 8da312c2265ed4972c7fc2ded08ee923 to remote] DEBUG org.asynchttpclient.netty.request.NettyRequestSender - Using pooled Channel '[id: 0xc2f5eff9, L:/127.0.0.1:9444 - R:localhost/127.0.0.1:56571]' for 'GET' to 'http://localhost:56571/session/8da312c2265ed4972c7fc2ded08ee923/screenshot'
16:21:09.394 [Forwarding screenshot on session 8da312c2265ed4972c7fc2ded08ee923 to remote] DEBUG org.asynchttpclient.netty.request.NettyRequestSender - Using open Channel [id: 0xc2f5eff9, L:/127.0.0.1:9444 - R:localhost/127.0.0.1:56571] for GET '/session/8da312c2265ed4972c7fc2ded08ee923/screenshot'
16:21:10.205 [AsyncHttpClient-1-3] DEBUG org.asynchttpclient.netty.handler.HttpHandler - 

Request DefaultFullHttpRequest(decodeResult: success, version: HTTP/1.1, content: EmptyByteBufBE)
GET /session/8da312c2265ed4972c7fc2ded08ee923/screenshot HTTP/1.1
User-Agent: selenium/4.1.2 (java windows)
Cache-Control: no-cache
Content-Type: application/json; charset=utf-8
host: localhost:56571
accept: */*

Response DefaultHttpResponse(decodeResult: success, version: HTTP/1.1)
HTTP/1.1 200 OK
Content-Type: application/json; charset=utf-8
cache-control: no-cache
content-length: 157864

16:21:10.207 [AsyncHttpClient-1-3] DEBUG org.asynchttpclient.netty.channel.ChannelManager - Adding key: http://localhost:56571 for channel [id: 0xc2f5eff9, L:/127.0.0.1:9444 - R:localhost/127.0.0.1:56571]
16:21:10.224 [main] DEBUG net.serenitybdd.core.photography.Darkroom - Send negative for processing for target\site\serenity\c46acaecffcd0228e88764993e67484292fbfeb9dc3b7f5ac61ac18c9c4838ab.png
16:21:10.225 [Darkroom Processing Line] DEBUG net.serenitybdd.core.photography.DarkroomProcessingLine - Processing screenshot image in /var/screenshots/screenshot-17404065609839293461
16:21:10.225 [Darkroom Processing Line] DEBUG net.serenitybdd.core.photography.DarkroomProcessingLine - Saving screenshot to target\site\serenity\c46acaecffcd0228e88764993e67484292fbfeb9dc3b7f5ac61ac18c9c4838ab.png
16:21:10.246 [Forwarding findElement on session 8da312c2265ed4972c7fc2ded08ee923 to remote] DEBUG org.asynchttpclient.netty.request.NettyRequestSender - Using pooled Channel '[id: 0xc2f5eff9, L:/127.0.0.1:9444 - R:localhost/127.0.0.1:56571]' for 'POST' to 'http://localhost:56571/session/8da312c2265ed4972c7fc2ded08ee923/element'
16:21:10.246 [Forwarding findElement on session 8da312c2265ed4972c7fc2ded08ee923 to remote] DEBUG org.asynchttpclient.netty.request.NettyRequestSender - Using open Channel [id: 0xc2f5eff9, L:/127.0.0.1:9444 - R:localhost/127.0.0.1:56571] for POST '/session/8da312c2265ed4972c7fc2ded08ee923/element'
16:21:10.362 [AsyncHttpClient-1-1] DEBUG org.asynchttpclient.netty.channel.DefaultChannelPool - Entry count for : http://localhost:9448 : 1
16:21:10.394 [AsyncHttpClient-1-3] DEBUG org.asynchttpclient.netty.handler.HttpHandler - 

Request DefaultHttpRequest(decodeResult: success, version: HTTP/1.1)
POST /session/8da312c2265ed4972c7fc2ded08ee923/element HTTP/1.1
User-Agent: selenium/4.1.2 (java windows)
Content-Length: 81
Content-Type: application/json; charset=utf-8
host: localhost:56571
accept: */*

Response DefaultHttpResponse(decodeResult: success, version: HTTP/1.1)
HTTP/1.1 200 OK
Content-Type: application/json; charset=utf-8
cache-control: no-cache
content-length: 88

16:21:10.394 [AsyncHttpClient-1-3] DEBUG org.asynchttpclient.netty.channel.ChannelManager - Adding key: http://localhost:56571 for channel [id: 0xc2f5eff9, L:/127.0.0.1:9444 - R:localhost/127.0.0.1:56571]
16:21:10.399 [Forwarding getElementTagName on session 8da312c2265ed4972c7fc2ded08ee923 to remote] DEBUG org.asynchttpclient.netty.request.NettyRequestSender - Using pooled Channel '[id: 0xc2f5eff9, L:/127.0.0.1:9444 - R:localhost/127.0.0.1:56571]' for 'GET' to 'http://localhost:56571/session/8da312c2265ed4972c7fc2ded08ee923/element/22afa3a3-633d-4c7c-9b6c-0fa246cefba1/name'
16:21:10.399 [Forwarding getElementTagName on session 8da312c2265ed4972c7fc2ded08ee923 to remote] DEBUG org.asynchttpclient.netty.request.NettyRequestSender - Using open Channel [id: 0xc2f5eff9, L:/127.0.0.1:9444 - R:localhost/127.0.0.1:56571] for GET '/session/8da312c2265ed4972c7fc2ded08ee923/element/22afa3a3-633d-4c7c-9b6c-0fa246cefba1/name'
16:21:10.458 [AsyncHttpClient-1-3] DEBUG org.asynchttpclient.netty.handler.HttpHandler - 

Request DefaultFullHttpRequest(decodeResult: success, version: HTTP/1.1, content: EmptyByteBufBE)
GET /session/8da312c2265ed4972c7fc2ded08ee923/element/22afa3a3-633d-4c7c-9b6c-0fa246cefba1/name HTTP/1.1
User-Agent: selenium/4.1.2 (java windows)
Cache-Control: no-cache
Content-Type: application/json; charset=utf-8
host: localhost:56571
accept: */*

Response DefaultHttpResponse(decodeResult: success, version: HTTP/1.1)
HTTP/1.1 200 OK
Content-Type: application/json; charset=utf-8
cache-control: no-cache
content-length: 15

16:21:10.458 [AsyncHttpClient-1-3] DEBUG org.asynchttpclient.netty.channel.ChannelManager - Adding key: http://localhost:56571 for channel [id: 0xc2f5eff9, L:/127.0.0.1:9444 - R:localhost/127.0.0.1:56571]
16:21:10.460 [Forwarding getElementTagName on session 8da312c2265ed4972c7fc2ded08ee923 to remote] DEBUG org.asynchttpclient.netty.request.NettyRequestSender - Using pooled Channel '[id: 0xc2f5eff9, L:/127.0.0.1:9444 - R:localhost/127.0.0.1:56571]' for 'GET' to 'http://localhost:56571/session/8da312c2265ed4972c7fc2ded08ee923/element/22afa3a3-633d-4c7c-9b6c-0fa246cefba1/name'
16:21:10.461 [Forwarding getElementTagName on session 8da312c2265ed4972c7fc2ded08ee923 to remote] DEBUG org.asynchttpclient.netty.request.NettyRequestSender - Using open Channel [id: 0xc2f5eff9, L:/127.0.0.1:9444 - R:localhost/127.0.0.1:56571] for GET '/session/8da312c2265ed4972c7fc2ded08ee923/element/22afa3a3-633d-4c7c-9b6c-0fa246cefba1/name'
16:21:10.467 [AsyncHttpClient-1-3] DEBUG org.asynchttpclient.netty.handler.HttpHandler - 

Request DefaultFullHttpRequest(decodeResult: success, version: HTTP/1.1, content: EmptyByteBufBE)
GET /session/8da312c2265ed4972c7fc2ded08ee923/element/22afa3a3-633d-4c7c-9b6c-0fa246cefba1/name HTTP/1.1
User-Agent: selenium/4.1.2 (java windows)
Cache-Control: no-cache
Content-Type: application/json; charset=utf-8
host: localhost:56571
accept: */*

Response DefaultHttpResponse(decodeResult: success, version: HTTP/1.1)
HTTP/1.1 200 OK
Content-Type: application/json; charset=utf-8
cache-control: no-cache
content-length: 15

16:21:10.467 [AsyncHttpClient-1-3] DEBUG org.asynchttpclient.netty.channel.ChannelManager - Adding key: http://localhost:56571 for channel [id: 0xc2f5eff9, L:/127.0.0.1:9444 - R:localhost/127.0.0.1:56571]
16:21:10.474 [Forwarding findElement on session 8da312c2265ed4972c7fc2ded08ee923 to remote] DEBUG org.asynchttpclient.netty.request.NettyRequestSender - Using pooled Channel '[id: 0xc2f5eff9, L:/127.0.0.1:9444 - R:localhost/127.0.0.1:56571]' for 'POST' to 'http://localhost:56571/session/8da312c2265ed4972c7fc2ded08ee923/element'
16:21:10.474 [Forwarding findElement on session 8da312c2265ed4972c7fc2ded08ee923 to remote] DEBUG org.asynchttpclient.netty.request.NettyRequestSender - Using open Channel [id: 0xc2f5eff9, L:/127.0.0.1:9444 - R:localhost/127.0.0.1:56571] for POST '/session/8da312c2265ed4972c7fc2ded08ee923/element'
16:21:10.512 [AsyncHttpClient-1-3] DEBUG org.asynchttpclient.netty.handler.HttpHandler - 

Request DefaultHttpRequest(decodeResult: success, version: HTTP/1.1)
POST /session/8da312c2265ed4972c7fc2ded08ee923/element HTTP/1.1
User-Agent: selenium/4.1.2 (java windows)
Content-Length: 81
Content-Type: application/json; charset=utf-8
host: localhost:56571
accept: */*

Response DefaultHttpResponse(decodeResult: success, version: HTTP/1.1)
HTTP/1.1 200 OK
Content-Type: application/json; charset=utf-8
cache-control: no-cache
content-length: 88

16:21:10.513 [AsyncHttpClient-1-3] DEBUG org.asynchttpclient.netty.channel.ChannelManager - Adding key: http://localhost:56571 for channel [id: 0xc2f5eff9, L:/127.0.0.1:9444 - R:localhost/127.0.0.1:56571]
16:21:10.515 [Forwarding clickElement on session 8da312c2265ed4972c7fc2ded08ee923 to remote] DEBUG org.asynchttpclient.netty.request.NettyRequestSender - Using pooled Channel '[id: 0xc2f5eff9, L:/127.0.0.1:9444 - R:localhost/127.0.0.1:56571]' for 'POST' to 'http://localhost:56571/session/8da312c2265ed4972c7fc2ded08ee923/element/22afa3a3-633d-4c7c-9b6c-0fa246cefba1/click'
16:21:10.515 [Forwarding clickElement on session 8da312c2265ed4972c7fc2ded08ee923 to remote] DEBUG org.asynchttpclient.netty.request.NettyRequestSender - Using open Channel [id: 0xc2f5eff9, L:/127.0.0.1:9444 - R:localhost/127.0.0.1:56571] for POST '/session/8da312c2265ed4972c7fc2ded08ee923/element/22afa3a3-633d-4c7c-9b6c-0fa246cefba1/click'
16:21:10.660 [AsyncHttpClient-1-3] DEBUG org.asynchttpclient.netty.handler.HttpHandler - 

Request DefaultHttpRequest(decodeResult: success, version: HTTP/1.1)
POST /session/8da312c2265ed4972c7fc2ded08ee923/element/22afa3a3-633d-4c7c-9b6c-0fa246cefba1/click HTTP/1.1
User-Agent: selenium/4.1.2 (java windows)
Content-Length: 50
Content-Type: application/json; charset=utf-8
host: localhost:56571
accept: */*

Response DefaultHttpResponse(decodeResult: success, version: HTTP/1.1)
HTTP/1.1 200 OK
Content-Type: application/json; charset=utf-8
cache-control: no-cache
content-length: 14

16:21:10.660 [AsyncHttpClient-1-3] DEBUG org.asynchttpclient.netty.channel.ChannelManager - Adding key: http://localhost:56571 for channel [id: 0xc2f5eff9, L:/127.0.0.1:9444 - R:localhost/127.0.0.1:56571]
  &amp#27;[32mThen &amp#27;[0m&amp#27;[32mI will get information&amp#27;[0m                         &amp#27;[90m# starter.stepdefinitions.CollectionStep.iWillGetPageMessage()&amp#27;[0m
16:21:10.681 [Forwarding screenshot on session 8da312c2265ed4972c7fc2ded08ee923 to remote] DEBUG org.asynchttpclient.netty.request.NettyRequestSender - Using pooled Channel '[id: 0xc2f5eff9, L:/127.0.0.1:9444 - R:localhost/127.0.0.1:56571]' for 'GET' to 'http://localhost:56571/session/8da312c2265ed4972c7fc2ded08ee923/screenshot'
16:21:10.681 [Forwarding screenshot on session 8da312c2265ed4972c7fc2ded08ee923 to remote] DEBUG org.asynchttpclient.netty.request.NettyRequestSender - Using open Channel [id: 0xc2f5eff9, L:/127.0.0.1:9444 - R:localhost/127.0.0.1:56571] for GET '/session/8da312c2265ed4972c7fc2ded08ee923/screenshot'
16:21:10.883 [AsyncHttpClient-1-3] DEBUG org.asynchttpclient.netty.handler.HttpHandler - 

Request DefaultFullHttpRequest(decodeResult: success, version: HTTP/1.1, content: EmptyByteBufBE)
GET /session/8da312c2265ed4972c7fc2ded08ee923/screenshot HTTP/1.1
User-Agent: selenium/4.1.2 (java windows)
Cache-Control: no-cache
Content-Type: application/json; charset=utf-8
host: localhost:56571
accept: */*

Response DefaultHttpResponse(decodeResult: success, version: HTTP/1.1)
HTTP/1.1 200 OK
Content-Type: application/json; charset=utf-8
cache-control: no-cache
content-length: 249900

16:21:10.889 [AsyncHttpClient-1-3] DEBUG org.asynchttpclient.netty.channel.ChannelManager - Adding key: http://localhost:56571 for channel [id: 0xc2f5eff9, L:/127.0.0.1:9444 - R:localhost/127.0.0.1:56571]
16:21:10.915 [main] DEBUG net.serenitybdd.core.photography.Darkroom - Send negative for processing for target\site\serenity\553499301d9dc4f4eeb278345051fc10331e3ff6624d97aee4cd4950d245a675.png
16:21:10.917 [main] INFO  - 
  _____   ___   ___   _____     ___     _     ___   ___   ___   ___  
 |_   _| | __| / __| |_   _|   | _ \   /_\   / __| / __| | __| |   \ 
   | |   | _|  \__ \   | |     |  _/  / _ \  \__ \ \__ \ | _|  | |) |
   |_|   |___| |___/   |_|     |_|   /_/ \_\ |___/ |___/ |___| |___/ 

See Information of Speaking JavaScript Book
----------------------------------------------------------------------
16:21:10.918 [Darkroom Processing Line] DEBUG net.serenitybdd.core.photography.DarkroomProcessingLine - Processing screenshot image in /var/screenshots/screenshot-7869899533172997713
16:21:10.918 [Darkroom Processing Line] DEBUG net.serenitybdd.core.photography.DarkroomProcessingLine - Saving screenshot to target\site\serenity\553499301d9dc4f4eeb278345051fc10331e3ff6624d97aee4cd4950d245a675.png
16:21:10.920 [AsyncHttpClient-1-5] DEBUG org.asynchttpclient.netty.handler.WebSocketHandler - Channel Closed: [id: 0x6369b338, L:/127.0.0.1:9465 ! R:localhost/127.0.0.1:9448] with attribute NettyResponseFuture{currentRetry=5,
	isDone=1,
	isCancelled=0,
	asyncHandler=org.asynchttpclient.ws.WebSocketUpgradeHandler@6f48d1a8,
	nettyRequest=org.asynchttpclient.netty.request.NettyRequest@4cc91a06,
	future=java.util.concurrent.CompletableFuture@1795731b[Completed normally],
	uri=ws://localhost:9448/devtools/browser/18be1bb3-025d-45a9-b596-abba3bae403c,
	keepAlive=true,
	redirectCount=0,
	timeoutsHolder=null,
	inAuth=0,
	touch=1664875256297}
16:21:10.920 [AsyncHttpClient-1-5] DEBUG org.asynchttpclient.netty.channel.ChannelManager - Closing Channel [id: 0x6369b338, L:/127.0.0.1:9465 ! R:localhost/127.0.0.1:9448] 
16:21:10.923 [Driver Command Executor] DEBUG org.asynchttpclient.netty.request.NettyRequestSender - Using pooled Channel '[id: 0xc2f5eff9, L:/127.0.0.1:9444 - R:localhost/127.0.0.1:56571]' for 'DELETE' to 'http://localhost:56571/session/8da312c2265ed4972c7fc2ded08ee923'
16:21:10.923 [Driver Command Executor] DEBUG org.asynchttpclient.netty.request.NettyRequestSender - Using open Channel [id: 0xc2f5eff9, L:/127.0.0.1:9444 - R:localhost/127.0.0.1:56571] for DELETE '/session/8da312c2265ed4972c7fc2ded08ee923'
16:21:11.154 [AsyncHttpClient-1-4] DEBUG org.asynchttpclient.netty.handler.HttpHandler - Unexpected I/O exception on channel [id: 0xf5730ff8, L:/127.0.0.1:9464 - R:localhost/127.0.0.1:9448]
java.io.IOException: An existing connection was forcibly closed by the remote host
	at java.base/sun.nio.ch.SocketDispatcher.read0(Native Method)
	at java.base/sun.nio.ch.SocketDispatcher.read(SocketDispatcher.java:43)
	at java.base/sun.nio.ch.IOUtil.readIntoNativeBuffer(IOUtil.java:276)
	at java.base/sun.nio.ch.IOUtil.read(IOUtil.java:233)
	at java.base/sun.nio.ch.IOUtil.read(IOUtil.java:223)
	at java.base/sun.nio.ch.SocketChannelImpl.read(SocketChannelImpl.java:358)
	at io.netty.buffer.PooledByteBuf.setBytes(PooledByteBuf.java:258)
	at io.netty.buffer.AbstractByteBuf.writeBytes(AbstractByteBuf.java:1132)
	at io.netty.channel.socket.nio.NioSocketChannel.doReadBytes(NioSocketChannel.java:350)
	at io.netty.channel.nio.AbstractNioByteChannel$NioByteUnsafe.read(AbstractNioByteChannel.java:151)
	at io.netty.channel.nio.NioEventLoop.processSelectedKey(NioEventLoop.java:722)
	at io.netty.channel.nio.NioEventLoop.processSelectedKeysOptimized(NioEventLoop.java:658)
	at io.netty.channel.nio.NioEventLoop.processSelectedKeys(NioEventLoop.java:584)
	at io.netty.channel.nio.NioEventLoop.run(NioEventLoop.java:496)
	at io.netty.util.concurrent.SingleThreadEventExecutor$4.run(SingleThreadEventExecutor.java:986)
	at io.netty.util.internal.ThreadExecutorMap$2.run(ThreadExecutorMap.java:74)
	at io.netty.util.concurrent.FastThreadLocalRunnable.run(FastThreadLocalRunnable.java:30)
	at java.base/java.lang.Thread.run(Thread.java:834)
16:21:11.154 [AsyncHttpClient-1-4] DEBUG org.asynchttpclient.netty.channel.ChannelManager - Closing Channel [id: 0xf5730ff8, L:/127.0.0.1:9464 - R:localhost/127.0.0.1:9448] 
16:21:11.154 [AsyncHttpClient-1-4] DEBUG org.asynchttpclient.netty.handler.HttpHandler - Channel Closed: [id: 0xf5730ff8, L:/127.0.0.1:9464 ! R:localhost/127.0.0.1:9448] with attribute DISCARD
16:21:11.204 [AsyncHttpClient-1-3] DEBUG org.asynchttpclient.netty.handler.HttpHandler - 

Request DefaultFullHttpRequest(decodeResult: success, version: HTTP/1.1, content: EmptyByteBufBE)
DELETE /session/8da312c2265ed4972c7fc2ded08ee923 HTTP/1.1
User-Agent: selenium/4.1.2 (java windows)
Content-Type: application/json; charset=utf-8
host: localhost:56571
accept: */*

Response DefaultHttpResponse(decodeResult: success, version: HTTP/1.1)
HTTP/1.1 200 OK
Content-Type: application/json; charset=utf-8
cache-control: no-cache
content-length: 14

16:21:11.206 [AsyncHttpClient-1-3] DEBUG org.asynchttpclient.netty.channel.ChannelManager - Adding key: http://localhost:56571 for channel [id: 0xc2f5eff9, L:/127.0.0.1:9444 - R:localhost/127.0.0.1:56571]
16:21:11.472 [AsyncHttpClient-1-1] DEBUG org.asynchttpclient.netty.channel.DefaultChannelPool - Entry count for : http://localhost:9448 : 1
16:21:11.472 [AsyncHttpClient-1-1] DEBUG org.asynchttpclient.netty.channel.DefaultChannelPool - Entry count for : http://localhost:56571 : 1
16:21:11.472 [AsyncHttpClient-1-1] DEBUG org.asynchttpclient.netty.channel.DefaultChannelPool - Adding Candidate expired Channel [id: 0xf5730ff8, L:/127.0.0.1:9464 ! R:localhost/127.0.0.1:9448] isIdleTimeoutExpired=false isRemotelyClosed=true isTtlExpired=false
16:21:11.473 [AsyncHttpClient-1-1] DEBUG org.asynchttpclient.netty.channel.DefaultChannelPool - Closing Idle Channel [id: 0xf5730ff8, L:/127.0.0.1:9464 ! R:localhost/127.0.0.1:9448]
16:21:11.473 [AsyncHttpClient-1-1] DEBUG org.asynchttpclient.netty.channel.DefaultChannelPool - Closed 1 connections out of 2 in 1 ms
16:21:11.498 [AsyncHttpClient-1-3] DEBUG org.asynchttpclient.netty.handler.HttpHandler - Channel Closed: [id: 0xc2f5eff9, L:/127.0.0.1:9444 ! R:localhost/127.0.0.1:56571] with attribute DISCARD
]]></system-out>
    <system-err><![CDATA[Starting Microsoft Edge WebDriver 105.0.1343.53 (3a47f00402d579c8ba1fad7e143f9d73831b6765) on port 56571
To submit feedback, report a bug, or suggest new features, please visit https://github.com/MicrosoftEdge/EdgeWebDriver

Only local connections are allowed.
Please see https://aka.ms/WebDriverSecurity for suggestions on keeping Microsoft Edge WebDriver safe.

Microsoft Edge WebDriver was started successfully.
Oct 04, 2022 4:20:56 PM org.openqa.selenium.remote.ProtocolHandshake createSession
INFO: Detected dialect: W3C
Oct 04, 2022 4:20:56 PM org.openqa.selenium.devtools.CdpVersionFinder findNearestMatch
WARNING: Unable to find an exact match for CDP version 105, so returning the closest version found: a no-op implementation
Oct 04, 2022 4:20:56 PM org.openqa.selenium.devtools.CdpVersionFinder findNearestMatch
INFO: Unable to find CDP implementation matching 105.
Oct 04, 2022 4:20:56 PM org.openqa.selenium.chromium.ChromiumDriver lambda$new$3
WARNING: Unable to find version of CDP to use for . You may need to include a dependency on a specific version of the CDP using something similar to `org.seleniumhq.selenium:selenium-devtools-v86:4.1.2` where the version ("v86") matches the version of the chromium-based browser you're using and the version number of the artifact is the same as Selenium's.
]]></system-err>
  </testcase>
  <testcase name="See Information of You Don&apos;t Know JS Book" classname="See Information" time="19.885">
    <system-out><![CDATA[
Scenario: See Information of You Don't Know JS Book &amp#27;[90m# src/test/resources/features/CartToCollection.feature:26&amp#27;[0m
16:21:11.626 [main] INFO io.cucumber.core.plugin.SerenityReporter - Running feature from file:///D:/File%20Baru/Kuliah/Quality%20Engineer/qe_Bayu-Septyan-Nur-Hidayat/21_Review_Web_UI_Testing_with_Serenity/Praktikum/untitled/src/test/resources/features/CartToCollection.feature
16:21:11.632 [main] INFO  - 
  _____   ___   ___   _____     ___   _____     _     ___   _____   ___   ___  
 |_   _| | __| / __| |_   _|   / __| |_   _|   /_\   | _ \ |_   _| | __| |   \ 
   | |   | _|  \__ \   | |     \__ \   | |    / _ \  |   /   | |   | _|  | |) |
   |_|   |___| |___/   |_|     |___/   |_|   /_/ \_\ |_|_\   |_|   |___| |___/ 

See Information of You Don't Know JS Book(see-information;see-information-of-you-don-t-know-js-book)
--------------------------------------------------------------------------------
16:21:11.965 [main] DEBUG io.github.bonigarcia.wdm.cache.ResolutionCache - Resolution edge=105 in cache (valid until 17:19:21 04/10/2022 ICT)
16:21:11.975 [main] DEBUG io.github.bonigarcia.wdm.cache.ResolutionCache - Resolution edge105=105.0.1343.53 in cache (valid until 22:15:59 04/10/2022 ICT)
16:21:11.980 [main] INFO io.github.bonigarcia.wdm.WebDriverManager - Using msedgedriver 105.0.1343.53 (resolved driver for Edge 105)
16:21:12.014 [main] DEBUG io.github.bonigarcia.wdm.WebDriverManager - Driver msedgedriver 105.0.1343.53 found in cache
16:21:12.015 [main] INFO io.github.bonigarcia.wdm.WebDriverManager - Exporting webdriver.edge.driver as C:\Users\Bayu\.cache\selenium\msedgedriver\win64\105.0.1343.53\msedgedriver.exe
16:21:12.022 [main] DEBUG net.serenitybdd.core.webdriver.driverproviders.ProvideNewDriver - Instantiating driver
16:21:12.022 [main] DEBUG net.serenitybdd.core.webdriver.driverproviders.ProvideNewDriver - Driver capabilities: Capabilities {base.url: https://demoqa.com, driver: edge, edge.driver: src/test/resources/webdrive..., ms:edgeChromium: true, ms:edgeOptions: {}}
16:21:12.300 [AsyncHttpClient-1-6] DEBUG org.asynchttpclient.netty.channel.NettyConnectListener - Using new Channel '[id: 0x81fc0a8d, L:/127.0.0.1:9578 - R:localhost/127.0.0.1:60357]' for 'POST' to '/session'
16:21:12.570 [AsyncHttpClient-1-1] DEBUG org.asynchttpclient.netty.channel.DefaultChannelPool - Entry count for : http://localhost:56571 : 1
16:21:12.570 [AsyncHttpClient-1-1] DEBUG org.asynchttpclient.netty.channel.DefaultChannelPool - Adding Candidate expired Channel [id: 0xc2f5eff9, L:/127.0.0.1:9444 ! R:localhost/127.0.0.1:56571] isIdleTimeoutExpired=false isRemotelyClosed=true isTtlExpired=false
16:21:12.570 [AsyncHttpClient-1-1] DEBUG org.asynchttpclient.netty.channel.DefaultChannelPool - Closing Idle Channel [id: 0xc2f5eff9, L:/127.0.0.1:9444 ! R:localhost/127.0.0.1:56571]
16:21:12.570 [AsyncHttpClient-1-1] DEBUG org.asynchttpclient.netty.channel.DefaultChannelPool - Closed 1 connections out of 1 in 0 ms
16:21:13.935 [AsyncHttpClient-1-6] DEBUG org.asynchttpclient.netty.handler.HttpHandler - 

Request DefaultHttpRequest(decodeResult: success, version: HTTP/1.1)
POST /session HTTP/1.1
User-Agent: selenium/4.1.2 (java windows)
Content-Length: 591
Content-Type: application/json; charset=utf-8
host: localhost:60357
accept: */*

Response DefaultHttpResponse(decodeResult: success, version: HTTP/1.1)
HTTP/1.1 200 OK
Content-Type: application/json; charset=utf-8
cache-control: no-cache
content-length: 753

16:21:13.936 [AsyncHttpClient-1-6] DEBUG org.asynchttpclient.netty.channel.ChannelManager - Adding key: http://localhost:60357 for channel [id: 0x81fc0a8d, L:/127.0.0.1:9578 - R:localhost/127.0.0.1:60357]
16:21:13.952 [AsyncHttpClient-1-7] DEBUG org.asynchttpclient.netty.channel.NettyConnectListener - Using new Channel '[id: 0x1a472561, L:/127.0.0.1:9598 - R:localhost/127.0.0.1:9582]' for 'GET' to '/json/version'
16:21:13.953 [AsyncHttpClient-1-7] DEBUG org.asynchttpclient.netty.handler.HttpHandler - 

Request DefaultFullHttpRequest(decodeResult: success, version: HTTP/1.1, content: EmptyByteBufBE)
GET /json/version HTTP/1.1
User-Agent: selenium/4.1.2 (java windows)
host: localhost:9582
accept: */*

Response DefaultHttpResponse(decodeResult: success, version: HTTP/1.1)
HTTP/1.1 200 OK
Content-Type: application/json; charset=UTF-8
content-length: 435

16:21:13.954 [AsyncHttpClient-1-7] DEBUG org.asynchttpclient.netty.channel.ChannelManager - Adding key: http://localhost:9582 for channel [id: 0x1a472561, L:/127.0.0.1:9598 - R:localhost/127.0.0.1:9582]
16:21:13.961 [AsyncHttpClient-1-8] DEBUG org.asynchttpclient.netty.channel.NettyConnectListener - Using new Channel '[id: 0xfa8dbfad, L:/127.0.0.1:9599 - R:localhost/127.0.0.1:9582]' for 'GET' to '/devtools/browser/bd32f73c-50f1-44f4-a3b1-a16dcc8b84e0'
16:21:13.962 [AsyncHttpClient-1-8] DEBUG org.asynchttpclient.netty.handler.WebSocketHandler - 

Request DefaultFullHttpRequest(decodeResult: success, version: HTTP/1.1, content: EmptyByteBufBE)
GET /devtools/browser/bd32f73c-50f1-44f4-a3b1-a16dcc8b84e0 HTTP/1.1
upgrade: websocket
connection: upgrade
sec-websocket-key: 0vsW/7frBOf/uDyYJuouyw==
sec-websocket-version: 13
origin: http://localhost:9582
host: localhost:9582
accept: */*
user-agent: AHC/2.1

Response DefaultHttpResponse(decodeResult: success, version: HTTP/1.1)
HTTP/1.1 101 WebSocket Protocol Handshake
Upgrade: WebSocket
Connection: Upgrade
Sec-WebSocket-Accept: HHB6qkAlpT2B20W+a/VamsCT7hE=

16:21:13.973 [Forwarding get on session f0cd8da0bcb6bc973deebbe2ef8f110d to remote] DEBUG org.asynchttpclient.netty.request.NettyRequestSender - Using pooled Channel '[id: 0x81fc0a8d, L:/127.0.0.1:9578 - R:localhost/127.0.0.1:60357]' for 'POST' to 'http://localhost:60357/session/f0cd8da0bcb6bc973deebbe2ef8f110d/url'
16:21:13.974 [Forwarding get on session f0cd8da0bcb6bc973deebbe2ef8f110d to remote] DEBUG org.asynchttpclient.netty.request.NettyRequestSender - Using open Channel [id: 0x81fc0a8d, L:/127.0.0.1:9578 - R:localhost/127.0.0.1:60357] for POST '/session/f0cd8da0bcb6bc973deebbe2ef8f110d/url'
16:21:14.765 [AsyncHttpClient-1-1] DEBUG org.asynchttpclient.netty.channel.DefaultChannelPool - Entry count for : http://localhost:9582 : 1
16:21:15.861 [AsyncHttpClient-1-1] DEBUG org.asynchttpclient.netty.channel.DefaultChannelPool - Entry count for : http://localhost:9582 : 1
16:21:16.978 [AsyncHttpClient-1-1] DEBUG org.asynchttpclient.netty.channel.DefaultChannelPool - Entry count for : http://localhost:9582 : 1
16:21:18.063 [AsyncHttpClient-1-1] DEBUG org.asynchttpclient.netty.channel.DefaultChannelPool - Entry count for : http://localhost:9582 : 1
16:21:19.170 [AsyncHttpClient-1-1] DEBUG org.asynchttpclient.netty.channel.DefaultChannelPool - Entry count for : http://localhost:9582 : 1
16:21:20.265 [AsyncHttpClient-1-1] DEBUG org.asynchttpclient.netty.channel.DefaultChannelPool - Entry count for : http://localhost:9582 : 1
16:21:21.361 [AsyncHttpClient-1-1] DEBUG org.asynchttpclient.netty.channel.DefaultChannelPool - Entry count for : http://localhost:9582 : 1
16:21:22.468 [AsyncHttpClient-1-1] DEBUG org.asynchttpclient.netty.channel.DefaultChannelPool - Entry count for : http://localhost:9582 : 1
16:21:23.562 [AsyncHttpClient-1-1] DEBUG org.asynchttpclient.netty.channel.DefaultChannelPool - Entry count for : http://localhost:9582 : 1
16:21:24.662 [AsyncHttpClient-1-1] DEBUG org.asynchttpclient.netty.channel.DefaultChannelPool - Entry count for : http://localhost:9582 : 1
16:21:25.764 [AsyncHttpClient-1-1] DEBUG org.asynchttpclient.netty.channel.DefaultChannelPool - Entry count for : http://localhost:9582 : 1
16:21:26.420 [AsyncHttpClient-1-6] DEBUG org.asynchttpclient.netty.handler.HttpHandler - 

Request DefaultHttpRequest(decodeResult: success, version: HTTP/1.1)
POST /session/f0cd8da0bcb6bc973deebbe2ef8f110d/url HTTP/1.1
User-Agent: selenium/4.1.2 (java windows)
Content-Length: 54
Content-Type: application/json; charset=utf-8
host: localhost:60357
accept: */*

Response DefaultHttpResponse(decodeResult: success, version: HTTP/1.1)
HTTP/1.1 200 OK
Content-Type: application/json; charset=utf-8
cache-control: no-cache
content-length: 14

16:21:26.421 [AsyncHttpClient-1-6] DEBUG org.asynchttpclient.netty.channel.ChannelManager - Adding key: http://localhost:60357 for channel [id: 0x81fc0a8d, L:/127.0.0.1:9578 - R:localhost/127.0.0.1:60357]
16:21:26.427 [Forwarding setTimeout on session f0cd8da0bcb6bc973deebbe2ef8f110d to remote] DEBUG org.asynchttpclient.netty.request.NettyRequestSender - Using pooled Channel '[id: 0x81fc0a8d, L:/127.0.0.1:9578 - R:localhost/127.0.0.1:60357]' for 'POST' to 'http://localhost:60357/session/f0cd8da0bcb6bc973deebbe2ef8f110d/timeouts'
16:21:26.427 [Forwarding setTimeout on session f0cd8da0bcb6bc973deebbe2ef8f110d to remote] DEBUG org.asynchttpclient.netty.request.NettyRequestSender - Using open Channel [id: 0x81fc0a8d, L:/127.0.0.1:9578 - R:localhost/127.0.0.1:60357] for POST '/session/f0cd8da0bcb6bc973deebbe2ef8f110d/timeouts'
16:21:26.429 [AsyncHttpClient-1-6] DEBUG org.asynchttpclient.netty.handler.HttpHandler - 

Request DefaultHttpRequest(decodeResult: success, version: HTTP/1.1)
POST /session/f0cd8da0bcb6bc973deebbe2ef8f110d/timeouts HTTP/1.1
User-Agent: selenium/4.1.2 (java windows)
Content-Length: 22
Content-Type: application/json; charset=utf-8
host: localhost:60357
accept: */*

Response DefaultHttpResponse(decodeResult: success, version: HTTP/1.1)
HTTP/1.1 200 OK
Content-Type: application/json; charset=utf-8
cache-control: no-cache
content-length: 14

16:21:26.429 [AsyncHttpClient-1-6] DEBUG org.asynchttpclient.netty.channel.ChannelManager - Adding key: http://localhost:60357 for channel [id: 0x81fc0a8d, L:/127.0.0.1:9578 - R:localhost/127.0.0.1:60357]
16:21:26.435 [Forwarding getCurrentUrl on session f0cd8da0bcb6bc973deebbe2ef8f110d to remote] DEBUG org.asynchttpclient.netty.request.NettyRequestSender - Using pooled Channel '[id: 0x81fc0a8d, L:/127.0.0.1:9578 - R:localhost/127.0.0.1:60357]' for 'GET' to 'http://localhost:60357/session/f0cd8da0bcb6bc973deebbe2ef8f110d/url'
16:21:26.435 [Forwarding getCurrentUrl on session f0cd8da0bcb6bc973deebbe2ef8f110d to remote] DEBUG org.asynchttpclient.netty.request.NettyRequestSender - Using open Channel [id: 0x81fc0a8d, L:/127.0.0.1:9578 - R:localhost/127.0.0.1:60357] for GET '/session/f0cd8da0bcb6bc973deebbe2ef8f110d/url'
16:21:26.443 [AsyncHttpClient-1-6] DEBUG org.asynchttpclient.netty.handler.HttpHandler - 

Request DefaultFullHttpRequest(decodeResult: success, version: HTTP/1.1, content: EmptyByteBufBE)
GET /session/f0cd8da0bcb6bc973deebbe2ef8f110d/url HTTP/1.1
User-Agent: selenium/4.1.2 (java windows)
Cache-Control: no-cache
Content-Type: application/json; charset=utf-8
host: localhost:60357
accept: */*

Response DefaultHttpResponse(decodeResult: success, version: HTTP/1.1)
HTTP/1.1 200 OK
Content-Type: application/json; charset=utf-8
cache-control: no-cache
content-length: 36

16:21:26.443 [AsyncHttpClient-1-6] DEBUG org.asynchttpclient.netty.channel.ChannelManager - Adding key: http://localhost:60357 for channel [id: 0x81fc0a8d, L:/127.0.0.1:9578 - R:localhost/127.0.0.1:60357]
  &amp#27;[32mGiven &amp#27;[0m&amp#27;[32mI am on the book page&amp#27;[0m                       &amp#27;[90m# starter.stepdefinitions.CollectionStep.iAmOnTheBookPage()&amp#27;[0m
16:21:26.452 [Forwarding screenshot on session f0cd8da0bcb6bc973deebbe2ef8f110d to remote] DEBUG org.asynchttpclient.netty.request.NettyRequestSender - Using pooled Channel '[id: 0x81fc0a8d, L:/127.0.0.1:9578 - R:localhost/127.0.0.1:60357]' for 'GET' to 'http://localhost:60357/session/f0cd8da0bcb6bc973deebbe2ef8f110d/screenshot'
16:21:26.452 [Forwarding screenshot on session f0cd8da0bcb6bc973deebbe2ef8f110d to remote] DEBUG org.asynchttpclient.netty.request.NettyRequestSender - Using open Channel [id: 0x81fc0a8d, L:/127.0.0.1:9578 - R:localhost/127.0.0.1:60357] for GET '/session/f0cd8da0bcb6bc973deebbe2ef8f110d/screenshot'
16:21:26.687 [AsyncHttpClient-1-6] DEBUG org.asynchttpclient.netty.handler.HttpHandler - 

Request DefaultFullHttpRequest(decodeResult: success, version: HTTP/1.1, content: EmptyByteBufBE)
GET /session/f0cd8da0bcb6bc973deebbe2ef8f110d/screenshot HTTP/1.1
User-Agent: selenium/4.1.2 (java windows)
Cache-Control: no-cache
Content-Type: application/json; charset=utf-8
host: localhost:60357
accept: */*

Response DefaultHttpResponse(decodeResult: success, version: HTTP/1.1)
HTTP/1.1 200 OK
Content-Type: application/json; charset=utf-8
cache-control: no-cache
content-length: 260468

16:21:26.690 [AsyncHttpClient-1-6] DEBUG org.asynchttpclient.netty.channel.ChannelManager - Adding key: http://localhost:60357 for channel [id: 0x81fc0a8d, L:/127.0.0.1:9578 - R:localhost/127.0.0.1:60357]
16:21:26.701 [main] DEBUG net.serenitybdd.core.photography.Darkroom - Send negative for processing for target\site\serenity\50df20ecae2b97e3566649289720c804fc7304f4f272d949081db82f6282aaac.png
16:21:26.702 [Darkroom Processing Line] DEBUG net.serenitybdd.core.photography.DarkroomProcessingLine - Processing screenshot image in /var/screenshots/screenshot-14868194370077886597
16:21:26.702 [Darkroom Processing Line] DEBUG net.serenitybdd.core.photography.DarkroomProcessingLine - Saving screenshot to target\site\serenity\50df20ecae2b97e3566649289720c804fc7304f4f272d949081db82f6282aaac.png
16:21:26.717 [Forwarding findElement on session f0cd8da0bcb6bc973deebbe2ef8f110d to remote] DEBUG org.asynchttpclient.netty.request.NettyRequestSender - Using pooled Channel '[id: 0x81fc0a8d, L:/127.0.0.1:9578 - R:localhost/127.0.0.1:60357]' for 'POST' to 'http://localhost:60357/session/f0cd8da0bcb6bc973deebbe2ef8f110d/element'
16:21:26.717 [Forwarding findElement on session f0cd8da0bcb6bc973deebbe2ef8f110d to remote] DEBUG org.asynchttpclient.netty.request.NettyRequestSender - Using open Channel [id: 0x81fc0a8d, L:/127.0.0.1:9578 - R:localhost/127.0.0.1:60357] for POST '/session/f0cd8da0bcb6bc973deebbe2ef8f110d/element'
16:21:26.757 [AsyncHttpClient-1-6] DEBUG org.asynchttpclient.netty.handler.HttpHandler - 

Request DefaultHttpRequest(decodeResult: success, version: HTTP/1.1)
POST /session/f0cd8da0bcb6bc973deebbe2ef8f110d/element HTTP/1.1
User-Agent: selenium/4.1.2 (java windows)
Content-Length: 83
Content-Type: application/json; charset=utf-8
host: localhost:60357
accept: */*

Response DefaultHttpResponse(decodeResult: success, version: HTTP/1.1)
HTTP/1.1 200 OK
Content-Type: application/json; charset=utf-8
cache-control: no-cache
content-length: 88

16:21:26.758 [AsyncHttpClient-1-6] DEBUG org.asynchttpclient.netty.channel.ChannelManager - Adding key: http://localhost:60357 for channel [id: 0x81fc0a8d, L:/127.0.0.1:9578 - R:localhost/127.0.0.1:60357]
16:21:26.759 [Forwarding getElementTagName on session f0cd8da0bcb6bc973deebbe2ef8f110d to remote] DEBUG org.asynchttpclient.netty.request.NettyRequestSender - Using pooled Channel '[id: 0x81fc0a8d, L:/127.0.0.1:9578 - R:localhost/127.0.0.1:60357]' for 'GET' to 'http://localhost:60357/session/f0cd8da0bcb6bc973deebbe2ef8f110d/element/c2cd59e8-072b-4378-b5f7-1000aed67394/name'
16:21:26.760 [Forwarding getElementTagName on session f0cd8da0bcb6bc973deebbe2ef8f110d to remote] DEBUG org.asynchttpclient.netty.request.NettyRequestSender - Using open Channel [id: 0x81fc0a8d, L:/127.0.0.1:9578 - R:localhost/127.0.0.1:60357] for GET '/session/f0cd8da0bcb6bc973deebbe2ef8f110d/element/c2cd59e8-072b-4378-b5f7-1000aed67394/name'
16:21:26.766 [AsyncHttpClient-1-6] DEBUG org.asynchttpclient.netty.handler.HttpHandler - 

Request DefaultFullHttpRequest(decodeResult: success, version: HTTP/1.1, content: EmptyByteBufBE)
GET /session/f0cd8da0bcb6bc973deebbe2ef8f110d/element/c2cd59e8-072b-4378-b5f7-1000aed67394/name HTTP/1.1
User-Agent: selenium/4.1.2 (java windows)
Cache-Control: no-cache
Content-Type: application/json; charset=utf-8
host: localhost:60357
accept: */*

Response DefaultHttpResponse(decodeResult: success, version: HTTP/1.1)
HTTP/1.1 200 OK
Content-Type: application/json; charset=utf-8
cache-control: no-cache
content-length: 16

16:21:26.766 [AsyncHttpClient-1-6] DEBUG org.asynchttpclient.netty.channel.ChannelManager - Adding key: http://localhost:60357 for channel [id: 0x81fc0a8d, L:/127.0.0.1:9578 - R:localhost/127.0.0.1:60357]
16:21:26.769 [Forwarding getElementTagName on session f0cd8da0bcb6bc973deebbe2ef8f110d to remote] DEBUG org.asynchttpclient.netty.request.NettyRequestSender - Using pooled Channel '[id: 0x81fc0a8d, L:/127.0.0.1:9578 - R:localhost/127.0.0.1:60357]' for 'GET' to 'http://localhost:60357/session/f0cd8da0bcb6bc973deebbe2ef8f110d/element/c2cd59e8-072b-4378-b5f7-1000aed67394/name'
16:21:26.769 [Forwarding getElementTagName on session f0cd8da0bcb6bc973deebbe2ef8f110d to remote] DEBUG org.asynchttpclient.netty.request.NettyRequestSender - Using open Channel [id: 0x81fc0a8d, L:/127.0.0.1:9578 - R:localhost/127.0.0.1:60357] for GET '/session/f0cd8da0bcb6bc973deebbe2ef8f110d/element/c2cd59e8-072b-4378-b5f7-1000aed67394/name'
16:21:26.773 [AsyncHttpClient-1-6] DEBUG org.asynchttpclient.netty.handler.HttpHandler - 

Request DefaultFullHttpRequest(decodeResult: success, version: HTTP/1.1, content: EmptyByteBufBE)
GET /session/f0cd8da0bcb6bc973deebbe2ef8f110d/element/c2cd59e8-072b-4378-b5f7-1000aed67394/name HTTP/1.1
User-Agent: selenium/4.1.2 (java windows)
Cache-Control: no-cache
Content-Type: application/json; charset=utf-8
host: localhost:60357
accept: */*

Response DefaultHttpResponse(decodeResult: success, version: HTTP/1.1)
HTTP/1.1 200 OK
Content-Type: application/json; charset=utf-8
cache-control: no-cache
content-length: 16

16:21:26.774 [AsyncHttpClient-1-6] DEBUG org.asynchttpclient.netty.channel.ChannelManager - Adding key: http://localhost:60357 for channel [id: 0x81fc0a8d, L:/127.0.0.1:9578 - R:localhost/127.0.0.1:60357]
16:21:26.789 [Forwarding findElement on session f0cd8da0bcb6bc973deebbe2ef8f110d to remote] DEBUG org.asynchttpclient.netty.request.NettyRequestSender - Using pooled Channel '[id: 0x81fc0a8d, L:/127.0.0.1:9578 - R:localhost/127.0.0.1:60357]' for 'POST' to 'http://localhost:60357/session/f0cd8da0bcb6bc973deebbe2ef8f110d/element'
16:21:26.789 [Forwarding findElement on session f0cd8da0bcb6bc973deebbe2ef8f110d to remote] DEBUG org.asynchttpclient.netty.request.NettyRequestSender - Using open Channel [id: 0x81fc0a8d, L:/127.0.0.1:9578 - R:localhost/127.0.0.1:60357] for POST '/session/f0cd8da0bcb6bc973deebbe2ef8f110d/element'
16:21:26.800 [AsyncHttpClient-1-6] DEBUG org.asynchttpclient.netty.handler.HttpHandler - 

Request DefaultHttpRequest(decodeResult: success, version: HTTP/1.1)
POST /session/f0cd8da0bcb6bc973deebbe2ef8f110d/element HTTP/1.1
User-Agent: selenium/4.1.2 (java windows)
Content-Length: 83
Content-Type: application/json; charset=utf-8
host: localhost:60357
accept: */*

Response DefaultHttpResponse(decodeResult: success, version: HTTP/1.1)
HTTP/1.1 200 OK
Content-Type: application/json; charset=utf-8
cache-control: no-cache
content-length: 88

16:21:26.800 [AsyncHttpClient-1-6] DEBUG org.asynchttpclient.netty.channel.ChannelManager - Adding key: http://localhost:60357 for channel [id: 0x81fc0a8d, L:/127.0.0.1:9578 - R:localhost/127.0.0.1:60357]
16:21:26.803 [Forwarding clickElement on session f0cd8da0bcb6bc973deebbe2ef8f110d to remote] DEBUG org.asynchttpclient.netty.request.NettyRequestSender - Using pooled Channel '[id: 0x81fc0a8d, L:/127.0.0.1:9578 - R:localhost/127.0.0.1:60357]' for 'POST' to 'http://localhost:60357/session/f0cd8da0bcb6bc973deebbe2ef8f110d/element/c2cd59e8-072b-4378-b5f7-1000aed67394/click'
16:21:26.803 [Forwarding clickElement on session f0cd8da0bcb6bc973deebbe2ef8f110d to remote] DEBUG org.asynchttpclient.netty.request.NettyRequestSender - Using open Channel [id: 0x81fc0a8d, L:/127.0.0.1:9578 - R:localhost/127.0.0.1:60357] for POST '/session/f0cd8da0bcb6bc973deebbe2ef8f110d/element/c2cd59e8-072b-4378-b5f7-1000aed67394/click'
16:21:26.873 [AsyncHttpClient-1-1] DEBUG org.asynchttpclient.netty.channel.DefaultChannelPool - Entry count for : http://localhost:9582 : 1
16:21:27.976 [AsyncHttpClient-1-1] DEBUG org.asynchttpclient.netty.channel.DefaultChannelPool - Entry count for : http://localhost:9582 : 1
16:21:29.061 [AsyncHttpClient-1-1] DEBUG org.asynchttpclient.netty.channel.DefaultChannelPool - Entry count for : http://localhost:9582 : 1
16:21:29.672 [AsyncHttpClient-1-6] DEBUG org.asynchttpclient.netty.handler.HttpHandler - 

Request DefaultHttpRequest(decodeResult: success, version: HTTP/1.1)
POST /session/f0cd8da0bcb6bc973deebbe2ef8f110d/element/c2cd59e8-072b-4378-b5f7-1000aed67394/click HTTP/1.1
User-Agent: selenium/4.1.2 (java windows)
Content-Length: 50
Content-Type: application/json; charset=utf-8
host: localhost:60357
accept: */*

Response DefaultHttpResponse(decodeResult: success, version: HTTP/1.1)
HTTP/1.1 200 OK
Content-Type: application/json; charset=utf-8
cache-control: no-cache
content-length: 14

16:21:29.673 [AsyncHttpClient-1-6] DEBUG org.asynchttpclient.netty.channel.ChannelManager - Adding key: http://localhost:60357 for channel [id: 0x81fc0a8d, L:/127.0.0.1:9578 - R:localhost/127.0.0.1:60357]
  &amp#27;[32mWhen &amp#27;[0m&amp#27;[32mI click You Don't Know JS&amp#27;[0m                    &amp#27;[90m# starter.stepdefinitions.CollectionStep.iClickYouDonTKnowJS()&amp#27;[0m
16:21:29.688 [Forwarding screenshot on session f0cd8da0bcb6bc973deebbe2ef8f110d to remote] DEBUG org.asynchttpclient.netty.request.NettyRequestSender - Using pooled Channel '[id: 0x81fc0a8d, L:/127.0.0.1:9578 - R:localhost/127.0.0.1:60357]' for 'GET' to 'http://localhost:60357/session/f0cd8da0bcb6bc973deebbe2ef8f110d/screenshot'
16:21:29.688 [Forwarding screenshot on session f0cd8da0bcb6bc973deebbe2ef8f110d to remote] DEBUG org.asynchttpclient.netty.request.NettyRequestSender - Using open Channel [id: 0x81fc0a8d, L:/127.0.0.1:9578 - R:localhost/127.0.0.1:60357] for GET '/session/f0cd8da0bcb6bc973deebbe2ef8f110d/screenshot'
16:21:30.176 [AsyncHttpClient-1-1] DEBUG org.asynchttpclient.netty.channel.DefaultChannelPool - Entry count for : http://localhost:9582 : 1
16:21:30.543 [AsyncHttpClient-1-6] DEBUG org.asynchttpclient.netty.handler.HttpHandler - 

Request DefaultFullHttpRequest(decodeResult: success, version: HTTP/1.1, content: EmptyByteBufBE)
GET /session/f0cd8da0bcb6bc973deebbe2ef8f110d/screenshot HTTP/1.1
User-Agent: selenium/4.1.2 (java windows)
Cache-Control: no-cache
Content-Type: application/json; charset=utf-8
host: localhost:60357
accept: */*

Response DefaultHttpResponse(decodeResult: success, version: HTTP/1.1)
HTTP/1.1 200 OK
Content-Type: application/json; charset=utf-8
cache-control: no-cache
content-length: 248988

16:21:30.546 [AsyncHttpClient-1-6] DEBUG org.asynchttpclient.netty.channel.ChannelManager - Adding key: http://localhost:60357 for channel [id: 0x81fc0a8d, L:/127.0.0.1:9578 - R:localhost/127.0.0.1:60357]
16:21:30.561 [main] DEBUG net.serenitybdd.core.photography.Darkroom - Send negative for processing for target\site\serenity\dfa987fbbbb8d5b4f7ee00604f823cc4133801c794fbca0d023e5a3928a0fbd2.png
16:21:30.562 [Darkroom Processing Line] DEBUG net.serenitybdd.core.photography.DarkroomProcessingLine - Processing screenshot image in /var/screenshots/screenshot-9104270569020263665
16:21:30.562 [Darkroom Processing Line] DEBUG net.serenitybdd.core.photography.DarkroomProcessingLine - Saving screenshot to target\site\serenity\dfa987fbbbb8d5b4f7ee00604f823cc4133801c794fbca0d023e5a3928a0fbd2.png
16:21:30.580 [Forwarding findElement on session f0cd8da0bcb6bc973deebbe2ef8f110d to remote] DEBUG org.asynchttpclient.netty.request.NettyRequestSender - Using pooled Channel '[id: 0x81fc0a8d, L:/127.0.0.1:9578 - R:localhost/127.0.0.1:60357]' for 'POST' to 'http://localhost:60357/session/f0cd8da0bcb6bc973deebbe2ef8f110d/element'
16:21:30.581 [Forwarding findElement on session f0cd8da0bcb6bc973deebbe2ef8f110d to remote] DEBUG org.asynchttpclient.netty.request.NettyRequestSender - Using open Channel [id: 0x81fc0a8d, L:/127.0.0.1:9578 - R:localhost/127.0.0.1:60357] for POST '/session/f0cd8da0bcb6bc973deebbe2ef8f110d/element'
16:21:30.612 [AsyncHttpClient-1-6] DEBUG org.asynchttpclient.netty.handler.HttpHandler - 

Request DefaultHttpRequest(decodeResult: success, version: HTTP/1.1)
POST /session/f0cd8da0bcb6bc973deebbe2ef8f110d/element HTTP/1.1
User-Agent: selenium/4.1.2 (java windows)
Content-Length: 81
Content-Type: application/json; charset=utf-8
host: localhost:60357
accept: */*

Response DefaultHttpResponse(decodeResult: success, version: HTTP/1.1)
HTTP/1.1 200 OK
Content-Type: application/json; charset=utf-8
cache-control: no-cache
content-length: 88

16:21:30.612 [AsyncHttpClient-1-6] DEBUG org.asynchttpclient.netty.channel.ChannelManager - Adding key: http://localhost:60357 for channel [id: 0x81fc0a8d, L:/127.0.0.1:9578 - R:localhost/127.0.0.1:60357]
16:21:30.614 [Forwarding getElementTagName on session f0cd8da0bcb6bc973deebbe2ef8f110d to remote] DEBUG org.asynchttpclient.netty.request.NettyRequestSender - Using pooled Channel '[id: 0x81fc0a8d, L:/127.0.0.1:9578 - R:localhost/127.0.0.1:60357]' for 'GET' to 'http://localhost:60357/session/f0cd8da0bcb6bc973deebbe2ef8f110d/element/a118c3a5-de4a-42c3-9cff-645594174447/name'
16:21:30.614 [Forwarding getElementTagName on session f0cd8da0bcb6bc973deebbe2ef8f110d to remote] DEBUG org.asynchttpclient.netty.request.NettyRequestSender - Using open Channel [id: 0x81fc0a8d, L:/127.0.0.1:9578 - R:localhost/127.0.0.1:60357] for GET '/session/f0cd8da0bcb6bc973deebbe2ef8f110d/element/a118c3a5-de4a-42c3-9cff-645594174447/name'
16:21:30.630 [AsyncHttpClient-1-6] DEBUG org.asynchttpclient.netty.handler.HttpHandler - 

Request DefaultFullHttpRequest(decodeResult: success, version: HTTP/1.1, content: EmptyByteBufBE)
GET /session/f0cd8da0bcb6bc973deebbe2ef8f110d/element/a118c3a5-de4a-42c3-9cff-645594174447/name HTTP/1.1
User-Agent: selenium/4.1.2 (java windows)
Cache-Control: no-cache
Content-Type: application/json; charset=utf-8
host: localhost:60357
accept: */*

Response DefaultHttpResponse(decodeResult: success, version: HTTP/1.1)
HTTP/1.1 200 OK
Content-Type: application/json; charset=utf-8
cache-control: no-cache
content-length: 15

16:21:30.630 [AsyncHttpClient-1-6] DEBUG org.asynchttpclient.netty.channel.ChannelManager - Adding key: http://localhost:60357 for channel [id: 0x81fc0a8d, L:/127.0.0.1:9578 - R:localhost/127.0.0.1:60357]
16:21:30.635 [Forwarding getElementTagName on session f0cd8da0bcb6bc973deebbe2ef8f110d to remote] DEBUG org.asynchttpclient.netty.request.NettyRequestSender - Using pooled Channel '[id: 0x81fc0a8d, L:/127.0.0.1:9578 - R:localhost/127.0.0.1:60357]' for 'GET' to 'http://localhost:60357/session/f0cd8da0bcb6bc973deebbe2ef8f110d/element/a118c3a5-de4a-42c3-9cff-645594174447/name'
16:21:30.636 [Forwarding getElementTagName on session f0cd8da0bcb6bc973deebbe2ef8f110d to remote] DEBUG org.asynchttpclient.netty.request.NettyRequestSender - Using open Channel [id: 0x81fc0a8d, L:/127.0.0.1:9578 - R:localhost/127.0.0.1:60357] for GET '/session/f0cd8da0bcb6bc973deebbe2ef8f110d/element/a118c3a5-de4a-42c3-9cff-645594174447/name'
16:21:30.651 [AsyncHttpClient-1-6] DEBUG org.asynchttpclient.netty.handler.HttpHandler - 

Request DefaultFullHttpRequest(decodeResult: success, version: HTTP/1.1, content: EmptyByteBufBE)
GET /session/f0cd8da0bcb6bc973deebbe2ef8f110d/element/a118c3a5-de4a-42c3-9cff-645594174447/name HTTP/1.1
User-Agent: selenium/4.1.2 (java windows)
Cache-Control: no-cache
Content-Type: application/json; charset=utf-8
host: localhost:60357
accept: */*

Response DefaultHttpResponse(decodeResult: success, version: HTTP/1.1)
HTTP/1.1 200 OK
Content-Type: application/json; charset=utf-8
cache-control: no-cache
content-length: 15

16:21:30.652 [AsyncHttpClient-1-6] DEBUG org.asynchttpclient.netty.channel.ChannelManager - Adding key: http://localhost:60357 for channel [id: 0x81fc0a8d, L:/127.0.0.1:9578 - R:localhost/127.0.0.1:60357]
16:21:30.665 [Forwarding findElement on session f0cd8da0bcb6bc973deebbe2ef8f110d to remote] DEBUG org.asynchttpclient.netty.request.NettyRequestSender - Using pooled Channel '[id: 0x81fc0a8d, L:/127.0.0.1:9578 - R:localhost/127.0.0.1:60357]' for 'POST' to 'http://localhost:60357/session/f0cd8da0bcb6bc973deebbe2ef8f110d/element'
16:21:30.665 [Forwarding findElement on session f0cd8da0bcb6bc973deebbe2ef8f110d to remote] DEBUG org.asynchttpclient.netty.request.NettyRequestSender - Using open Channel [id: 0x81fc0a8d, L:/127.0.0.1:9578 - R:localhost/127.0.0.1:60357] for POST '/session/f0cd8da0bcb6bc973deebbe2ef8f110d/element'
16:21:30.690 [AsyncHttpClient-1-6] DEBUG org.asynchttpclient.netty.handler.HttpHandler - 

Request DefaultHttpRequest(decodeResult: success, version: HTTP/1.1)
POST /session/f0cd8da0bcb6bc973deebbe2ef8f110d/element HTTP/1.1
User-Agent: selenium/4.1.2 (java windows)
Content-Length: 81
Content-Type: application/json; charset=utf-8
host: localhost:60357
accept: */*

Response DefaultHttpResponse(decodeResult: success, version: HTTP/1.1)
HTTP/1.1 200 OK
Content-Type: application/json; charset=utf-8
cache-control: no-cache
content-length: 88

16:21:30.691 [AsyncHttpClient-1-6] DEBUG org.asynchttpclient.netty.channel.ChannelManager - Adding key: http://localhost:60357 for channel [id: 0x81fc0a8d, L:/127.0.0.1:9578 - R:localhost/127.0.0.1:60357]
16:21:30.693 [Forwarding clickElement on session f0cd8da0bcb6bc973deebbe2ef8f110d to remote] DEBUG org.asynchttpclient.netty.request.NettyRequestSender - Using pooled Channel '[id: 0x81fc0a8d, L:/127.0.0.1:9578 - R:localhost/127.0.0.1:60357]' for 'POST' to 'http://localhost:60357/session/f0cd8da0bcb6bc973deebbe2ef8f110d/element/a118c3a5-de4a-42c3-9cff-645594174447/click'
16:21:30.694 [Forwarding clickElement on session f0cd8da0bcb6bc973deebbe2ef8f110d to remote] DEBUG org.asynchttpclient.netty.request.NettyRequestSender - Using open Channel [id: 0x81fc0a8d, L:/127.0.0.1:9578 - R:localhost/127.0.0.1:60357] for POST '/session/f0cd8da0bcb6bc973deebbe2ef8f110d/element/a118c3a5-de4a-42c3-9cff-645594174447/click'
16:21:30.809 [AsyncHttpClient-1-6] DEBUG org.asynchttpclient.netty.handler.HttpHandler - 

Request DefaultHttpRequest(decodeResult: success, version: HTTP/1.1)
POST /session/f0cd8da0bcb6bc973deebbe2ef8f110d/element/a118c3a5-de4a-42c3-9cff-645594174447/click HTTP/1.1
User-Agent: selenium/4.1.2 (java windows)
Content-Length: 50
Content-Type: application/json; charset=utf-8
host: localhost:60357
accept: */*

Response DefaultHttpResponse(decodeResult: success, version: HTTP/1.1)
HTTP/1.1 200 OK
Content-Type: application/json; charset=utf-8
cache-control: no-cache
content-length: 14

16:21:30.810 [AsyncHttpClient-1-6] DEBUG org.asynchttpclient.netty.channel.ChannelManager - Adding key: http://localhost:60357 for channel [id: 0x81fc0a8d, L:/127.0.0.1:9578 - R:localhost/127.0.0.1:60357]
  &amp#27;[32mThen &amp#27;[0m&amp#27;[32mI will get information&amp#27;[0m                       &amp#27;[90m# starter.stepdefinitions.CollectionStep.iWillGetPageMessage()&amp#27;[0m
16:21:30.822 [Forwarding screenshot on session f0cd8da0bcb6bc973deebbe2ef8f110d to remote] DEBUG org.asynchttpclient.netty.request.NettyRequestSender - Using pooled Channel '[id: 0x81fc0a8d, L:/127.0.0.1:9578 - R:localhost/127.0.0.1:60357]' for 'GET' to 'http://localhost:60357/session/f0cd8da0bcb6bc973deebbe2ef8f110d/screenshot'
16:21:30.823 [Forwarding screenshot on session f0cd8da0bcb6bc973deebbe2ef8f110d to remote] DEBUG org.asynchttpclient.netty.request.NettyRequestSender - Using open Channel [id: 0x81fc0a8d, L:/127.0.0.1:9578 - R:localhost/127.0.0.1:60357] for GET '/session/f0cd8da0bcb6bc973deebbe2ef8f110d/screenshot'
16:21:30.974 [AsyncHttpClient-1-6] DEBUG org.asynchttpclient.netty.handler.HttpHandler - 

Request DefaultFullHttpRequest(decodeResult: success, version: HTTP/1.1, content: EmptyByteBufBE)
GET /session/f0cd8da0bcb6bc973deebbe2ef8f110d/screenshot HTTP/1.1
User-Agent: selenium/4.1.2 (java windows)
Cache-Control: no-cache
Content-Type: application/json; charset=utf-8
host: localhost:60357
accept: */*

Response DefaultHttpResponse(decodeResult: success, version: HTTP/1.1)
HTTP/1.1 200 OK
Content-Type: application/json; charset=utf-8
cache-control: no-cache
content-length: 191300

16:21:30.975 [AsyncHttpClient-1-6] DEBUG org.asynchttpclient.netty.channel.ChannelManager - Adding key: http://localhost:60357 for channel [id: 0x81fc0a8d, L:/127.0.0.1:9578 - R:localhost/127.0.0.1:60357]
16:21:30.984 [main] DEBUG net.serenitybdd.core.photography.Darkroom - Send negative for processing for target\site\serenity\a45c2eec2b80f92550d36ed088ae86087e538f9604d6f482b58f0113a7f8787e.png
16:21:30.985 [Darkroom Processing Line] DEBUG net.serenitybdd.core.photography.DarkroomProcessingLine - Processing screenshot image in /var/screenshots/screenshot-16789569924377345997
16:21:30.985 [Darkroom Processing Line] DEBUG net.serenitybdd.core.photography.DarkroomProcessingLine - Saving screenshot to target\site\serenity\a45c2eec2b80f92550d36ed088ae86087e538f9604d6f482b58f0113a7f8787e.png
16:21:30.986 [main] INFO  - 
  _____   ___   ___   _____     ___     _     ___   ___   ___   ___  
 |_   _| | __| / __| |_   _|   | _ \   /_\   / __| / __| | __| |   \ 
   | |   | _|  \__ \   | |     |  _/  / _ \  \__ \ \__ \ | _|  | |) |
   |_|   |___| |___/   |_|     |_|   /_/ \_\ |___/ |___/ |___| |___/ 

See Information of You Don't Know JS Book
----------------------------------------------------------------------
16:21:30.988 [AsyncHttpClient-1-8] DEBUG org.asynchttpclient.netty.handler.WebSocketHandler - Channel Closed: [id: 0xfa8dbfad, L:/127.0.0.1:9599 ! R:localhost/127.0.0.1:9582] with attribute NettyResponseFuture{currentRetry=5,
	isDone=1,
	isCancelled=0,
	asyncHandler=org.asynchttpclient.ws.WebSocketUpgradeHandler@3af6954e,
	nettyRequest=org.asynchttpclient.netty.request.NettyRequest@51aec8ac,
	future=java.util.concurrent.CompletableFuture@42364832[Completed normally],
	uri=ws://localhost:9582/devtools/browser/bd32f73c-50f1-44f4-a3b1-a16dcc8b84e0,
	keepAlive=true,
	redirectCount=0,
	timeoutsHolder=null,
	inAuth=0,
	touch=1664875273963}
16:21:30.988 [AsyncHttpClient-1-8] DEBUG org.asynchttpclient.netty.channel.ChannelManager - Closing Channel [id: 0xfa8dbfad, L:/127.0.0.1:9599 ! R:localhost/127.0.0.1:9582] 
16:21:30.989 [Driver Command Executor] DEBUG org.asynchttpclient.netty.request.NettyRequestSender - Using pooled Channel '[id: 0x81fc0a8d, L:/127.0.0.1:9578 - R:localhost/127.0.0.1:60357]' for 'DELETE' to 'http://localhost:60357/session/f0cd8da0bcb6bc973deebbe2ef8f110d'
16:21:30.989 [Driver Command Executor] DEBUG org.asynchttpclient.netty.request.NettyRequestSender - Using open Channel [id: 0x81fc0a8d, L:/127.0.0.1:9578 - R:localhost/127.0.0.1:60357] for DELETE '/session/f0cd8da0bcb6bc973deebbe2ef8f110d'
16:21:31.200 [AsyncHttpClient-1-7] DEBUG org.asynchttpclient.netty.handler.HttpHandler - Unexpected I/O exception on channel [id: 0x1a472561, L:/127.0.0.1:9598 - R:localhost/127.0.0.1:9582]
java.io.IOException: An existing connection was forcibly closed by the remote host
	at java.base/sun.nio.ch.SocketDispatcher.read0(Native Method)
	at java.base/sun.nio.ch.SocketDispatcher.read(SocketDispatcher.java:43)
	at java.base/sun.nio.ch.IOUtil.readIntoNativeBuffer(IOUtil.java:276)
	at java.base/sun.nio.ch.IOUtil.read(IOUtil.java:233)
	at java.base/sun.nio.ch.IOUtil.read(IOUtil.java:223)
	at java.base/sun.nio.ch.SocketChannelImpl.read(SocketChannelImpl.java:358)
	at io.netty.buffer.PooledByteBuf.setBytes(PooledByteBuf.java:258)
	at io.netty.buffer.AbstractByteBuf.writeBytes(AbstractByteBuf.java:1132)
	at io.netty.channel.socket.nio.NioSocketChannel.doReadBytes(NioSocketChannel.java:350)
	at io.netty.channel.nio.AbstractNioByteChannel$NioByteUnsafe.read(AbstractNioByteChannel.java:151)
	at io.netty.channel.nio.NioEventLoop.processSelectedKey(NioEventLoop.java:722)
	at io.netty.channel.nio.NioEventLoop.processSelectedKeysOptimized(NioEventLoop.java:658)
	at io.netty.channel.nio.NioEventLoop.processSelectedKeys(NioEventLoop.java:584)
	at io.netty.channel.nio.NioEventLoop.run(NioEventLoop.java:496)
	at io.netty.util.concurrent.SingleThreadEventExecutor$4.run(SingleThreadEventExecutor.java:986)
	at io.netty.util.internal.ThreadExecutorMap$2.run(ThreadExecutorMap.java:74)
	at io.netty.util.concurrent.FastThreadLocalRunnable.run(FastThreadLocalRunnable.java:30)
	at java.base/java.lang.Thread.run(Thread.java:834)
16:21:31.201 [AsyncHttpClient-1-7] DEBUG org.asynchttpclient.netty.channel.ChannelManager - Closing Channel [id: 0x1a472561, L:/127.0.0.1:9598 - R:localhost/127.0.0.1:9582] 
16:21:31.201 [AsyncHttpClient-1-7] DEBUG org.asynchttpclient.netty.handler.HttpHandler - Channel Closed: [id: 0x1a472561, L:/127.0.0.1:9598 ! R:localhost/127.0.0.1:9582] with attribute DISCARD
16:21:31.242 [AsyncHttpClient-1-6] DEBUG org.asynchttpclient.netty.handler.HttpHandler - 

Request DefaultFullHttpRequest(decodeResult: success, version: HTTP/1.1, content: EmptyByteBufBE)
DELETE /session/f0cd8da0bcb6bc973deebbe2ef8f110d HTTP/1.1
User-Agent: selenium/4.1.2 (java windows)
Content-Type: application/json; charset=utf-8
host: localhost:60357
accept: */*

Response DefaultHttpResponse(decodeResult: success, version: HTTP/1.1)
HTTP/1.1 200 OK
Content-Type: application/json; charset=utf-8
cache-control: no-cache
content-length: 14

16:21:31.242 [AsyncHttpClient-1-6] DEBUG org.asynchttpclient.netty.channel.ChannelManager - Adding key: http://localhost:60357 for channel [id: 0x81fc0a8d, L:/127.0.0.1:9578 - R:localhost/127.0.0.1:60357]
16:21:31.262 [AsyncHttpClient-1-1] DEBUG org.asynchttpclient.netty.channel.DefaultChannelPool - Entry count for : http://localhost:9582 : 1
16:21:31.262 [AsyncHttpClient-1-1] DEBUG org.asynchttpclient.netty.channel.DefaultChannelPool - Entry count for : http://localhost:60357 : 1
16:21:31.262 [AsyncHttpClient-1-1] DEBUG org.asynchttpclient.netty.channel.DefaultChannelPool - Adding Candidate expired Channel [id: 0x1a472561, L:/127.0.0.1:9598 ! R:localhost/127.0.0.1:9582] isIdleTimeoutExpired=false isRemotelyClosed=true isTtlExpired=false
16:21:31.262 [AsyncHttpClient-1-1] DEBUG org.asynchttpclient.netty.channel.DefaultChannelPool - Closing Idle Channel [id: 0x1a472561, L:/127.0.0.1:9598 ! R:localhost/127.0.0.1:9582]
16:21:31.262 [AsyncHttpClient-1-1] DEBUG org.asynchttpclient.netty.channel.DefaultChannelPool - Closed 1 connections out of 2 in 0 ms
16:21:31.416 [AsyncHttpClient-1-6] DEBUG org.asynchttpclient.netty.handler.HttpHandler - Channel Closed: [id: 0x81fc0a8d, L:/127.0.0.1:9578 ! R:localhost/127.0.0.1:60357] with attribute DISCARD
]]></system-out>
    <system-err><![CDATA[Starting Microsoft Edge WebDriver 105.0.1343.53 (3a47f00402d579c8ba1fad7e143f9d73831b6765) on port 60357
To submit feedback, report a bug, or suggest new features, please visit https://github.com/MicrosoftEdge/EdgeWebDriver

Only local connections are allowed.
Please see https://aka.ms/WebDriverSecurity for suggestions on keeping Microsoft Edge WebDriver safe.

Microsoft Edge WebDriver was started successfully.
Oct 04, 2022 4:21:13 PM org.openqa.selenium.remote.ProtocolHandshake createSession
INFO: Detected dialect: W3C
Oct 04, 2022 4:21:13 PM org.openqa.selenium.devtools.CdpVersionFinder findNearestMatch
WARNING: Unable to find an exact match for CDP version 105, so returning the closest version found: a no-op implementation
Oct 04, 2022 4:21:13 PM org.openqa.selenium.devtools.CdpVersionFinder findNearestMatch
INFO: Unable to find CDP implementation matching 105.
Oct 04, 2022 4:21:13 PM org.openqa.selenium.chromium.ChromiumDriver lambda$new$3
WARNING: Unable to find version of CDP to use for . You may need to include a dependency on a specific version of the CDP using something similar to `org.seleniumhq.selenium:selenium-devtools-v86:4.1.2` where the version ("v86") matches the version of the chromium-based browser you're using and the version number of the artifact is the same as Selenium's.
]]></system-err>
  </testcase>
  <testcase name="See Information of Programming JavaScript Applications Book" classname="See Information" time="29.793">
    <system-out><![CDATA[
Scenario: See Information of Programming JavaScript Applications Book &amp#27;[90m# src/test/resources/features/CartToCollection.feature:31&amp#27;[0m
16:21:31.518 [main] INFO io.cucumber.core.plugin.SerenityReporter - Running feature from file:///D:/File%20Baru/Kuliah/Quality%20Engineer/qe_Bayu-Septyan-Nur-Hidayat/21_Review_Web_UI_Testing_with_Serenity/Praktikum/untitled/src/test/resources/features/CartToCollection.feature
16:21:31.523 [main] INFO  - 
  _____   ___   ___   _____     ___   _____     _     ___   _____   ___   ___  
 |_   _| | __| / __| |_   _|   / __| |_   _|   /_\   | _ \ |_   _| | __| |   \ 
   | |   | _|  \__ \   | |     \__ \   | |    / _ \  |   /   | |   | _|  | |) |
   |_|   |___| |___/   |_|     |___/   |_|   /_/ \_\ |_|_\   |_|   |___| |___/ 

See Information of Programming JavaScript Applications Book(see-information;see-information-of-programming-javascript-applications-book)
--------------------------------------------------------------------------------
16:21:31.826 [main] DEBUG io.github.bonigarcia.wdm.cache.ResolutionCache - Resolution edge=105 in cache (valid until 17:19:21 04/10/2022 ICT)
16:21:31.836 [main] DEBUG io.github.bonigarcia.wdm.cache.ResolutionCache - Resolution edge105=105.0.1343.53 in cache (valid until 22:15:59 04/10/2022 ICT)
16:21:31.840 [main] INFO io.github.bonigarcia.wdm.WebDriverManager - Using msedgedriver 105.0.1343.53 (resolved driver for Edge 105)
16:21:31.863 [main] DEBUG io.github.bonigarcia.wdm.WebDriverManager - Driver msedgedriver 105.0.1343.53 found in cache
16:21:31.865 [main] INFO io.github.bonigarcia.wdm.WebDriverManager - Exporting webdriver.edge.driver as C:\Users\Bayu\.cache\selenium\msedgedriver\win64\105.0.1343.53\msedgedriver.exe
16:21:31.868 [main] DEBUG net.serenitybdd.core.webdriver.driverproviders.ProvideNewDriver - Instantiating driver
16:21:31.868 [main] DEBUG net.serenitybdd.core.webdriver.driverproviders.ProvideNewDriver - Driver capabilities: Capabilities {base.url: https://demoqa.com, driver: edge, edge.driver: src/test/resources/webdrive..., ms:edgeChromium: true, ms:edgeOptions: {}}
16:21:32.082 [AsyncHttpClient-1-9] DEBUG org.asynchttpclient.netty.channel.NettyConnectListener - Using new Channel '[id: 0x63beadc0, L:/127.0.0.1:9721 - R:localhost/127.0.0.1:49591]' for 'POST' to '/session'
16:21:32.368 [AsyncHttpClient-1-1] DEBUG org.asynchttpclient.netty.channel.DefaultChannelPool - Entry count for : http://localhost:60357 : 1
16:21:32.368 [AsyncHttpClient-1-1] DEBUG org.asynchttpclient.netty.channel.DefaultChannelPool - Adding Candidate expired Channel [id: 0x81fc0a8d, L:/127.0.0.1:9578 ! R:localhost/127.0.0.1:60357] isIdleTimeoutExpired=false isRemotelyClosed=true isTtlExpired=false
16:21:32.368 [AsyncHttpClient-1-1] DEBUG org.asynchttpclient.netty.channel.DefaultChannelPool - Closing Idle Channel [id: 0x81fc0a8d, L:/127.0.0.1:9578 ! R:localhost/127.0.0.1:60357]
16:21:32.368 [AsyncHttpClient-1-1] DEBUG org.asynchttpclient.netty.channel.DefaultChannelPool - Closed 1 connections out of 1 in 0 ms
16:21:33.650 [AsyncHttpClient-1-9] DEBUG org.asynchttpclient.netty.handler.HttpHandler - 

Request DefaultHttpRequest(decodeResult: success, version: HTTP/1.1)
POST /session HTTP/1.1
User-Agent: selenium/4.1.2 (java windows)
Content-Length: 591
Content-Type: application/json; charset=utf-8
host: localhost:49591
accept: */*

Response DefaultHttpResponse(decodeResult: success, version: HTTP/1.1)
HTTP/1.1 200 OK
Content-Type: application/json; charset=utf-8
cache-control: no-cache
content-length: 753

16:21:33.651 [AsyncHttpClient-1-9] DEBUG org.asynchttpclient.netty.channel.ChannelManager - Adding key: http://localhost:49591 for channel [id: 0x63beadc0, L:/127.0.0.1:9721 - R:localhost/127.0.0.1:49591]
16:21:33.673 [AsyncHttpClient-1-2] DEBUG org.asynchttpclient.netty.channel.NettyConnectListener - Using new Channel '[id: 0xc2a55d88, L:/127.0.0.1:9738 - R:localhost/127.0.0.1:9725]' for 'GET' to '/json/version'
16:21:33.674 [AsyncHttpClient-1-2] DEBUG org.asynchttpclient.netty.handler.HttpHandler - 

Request DefaultFullHttpRequest(decodeResult: success, version: HTTP/1.1, content: EmptyByteBufBE)
GET /json/version HTTP/1.1
User-Agent: selenium/4.1.2 (java windows)
host: localhost:9725
accept: */*

Response DefaultHttpResponse(decodeResult: success, version: HTTP/1.1)
HTTP/1.1 200 OK
Content-Type: application/json; charset=UTF-8
content-length: 435

16:21:33.675 [AsyncHttpClient-1-2] DEBUG org.asynchttpclient.netty.channel.ChannelManager - Adding key: http://localhost:9725 for channel [id: 0xc2a55d88, L:/127.0.0.1:9738 - R:localhost/127.0.0.1:9725]
16:21:33.681 [AsyncHttpClient-1-3] DEBUG org.asynchttpclient.netty.channel.NettyConnectListener - Using new Channel '[id: 0xce3ba8fd, L:/127.0.0.1:9739 - R:localhost/127.0.0.1:9725]' for 'GET' to '/devtools/browser/4e379018-2e6a-4777-96b7-cd7d90b0af83'
16:21:33.683 [AsyncHttpClient-1-3] DEBUG org.asynchttpclient.netty.handler.WebSocketHandler - 

Request DefaultFullHttpRequest(decodeResult: success, version: HTTP/1.1, content: EmptyByteBufBE)
GET /devtools/browser/4e379018-2e6a-4777-96b7-cd7d90b0af83 HTTP/1.1
upgrade: websocket
connection: upgrade
sec-websocket-key: mcnUPWJJZzqll0T/yTs05Q==
sec-websocket-version: 13
origin: http://localhost:9725
host: localhost:9725
accept: */*
user-agent: AHC/2.1

Response DefaultHttpResponse(decodeResult: success, version: HTTP/1.1)
HTTP/1.1 101 WebSocket Protocol Handshake
Upgrade: WebSocket
Connection: Upgrade
Sec-WebSocket-Accept: RAMCTGiDGPBEk2TxTqL4YORtg+0=

16:21:33.749 [Forwarding get on session 6641f67b552c2415b08bbbeb4508afc4 to remote] DEBUG org.asynchttpclient.netty.request.NettyRequestSender - Using pooled Channel '[id: 0x63beadc0, L:/127.0.0.1:9721 - R:localhost/127.0.0.1:49591]' for 'POST' to 'http://localhost:49591/session/6641f67b552c2415b08bbbeb4508afc4/url'
16:21:33.749 [Forwarding get on session 6641f67b552c2415b08bbbeb4508afc4 to remote] DEBUG org.asynchttpclient.netty.request.NettyRequestSender - Using open Channel [id: 0x63beadc0, L:/127.0.0.1:9721 - R:localhost/127.0.0.1:49591] for POST '/session/6641f67b552c2415b08bbbeb4508afc4/url'
16:21:34.567 [AsyncHttpClient-1-1] DEBUG org.asynchttpclient.netty.channel.DefaultChannelPool - Entry count for : http://localhost:9725 : 1
16:21:35.662 [AsyncHttpClient-1-1] DEBUG org.asynchttpclient.netty.channel.DefaultChannelPool - Entry count for : http://localhost:9725 : 1
16:21:36.761 [AsyncHttpClient-1-1] DEBUG org.asynchttpclient.netty.channel.DefaultChannelPool - Entry count for : http://localhost:9725 : 1
16:21:37.861 [AsyncHttpClient-1-1] DEBUG org.asynchttpclient.netty.channel.DefaultChannelPool - Entry count for : http://localhost:9725 : 1
16:21:38.962 [AsyncHttpClient-1-1] DEBUG org.asynchttpclient.netty.channel.DefaultChannelPool - Entry count for : http://localhost:9725 : 1
16:21:40.071 [AsyncHttpClient-1-1] DEBUG org.asynchttpclient.netty.channel.DefaultChannelPool - Entry count for : http://localhost:9725 : 1
16:21:41.167 [AsyncHttpClient-1-1] DEBUG org.asynchttpclient.netty.channel.DefaultChannelPool - Entry count for : http://localhost:9725 : 1
16:21:42.263 [AsyncHttpClient-1-1] DEBUG org.asynchttpclient.netty.channel.DefaultChannelPool - Entry count for : http://localhost:9725 : 1
16:21:43.379 [AsyncHttpClient-1-1] DEBUG org.asynchttpclient.netty.channel.DefaultChannelPool - Entry count for : http://localhost:9725 : 1
16:21:44.474 [AsyncHttpClient-1-1] DEBUG org.asynchttpclient.netty.channel.DefaultChannelPool - Entry count for : http://localhost:9725 : 1
16:21:45.561 [AsyncHttpClient-1-1] DEBUG org.asynchttpclient.netty.channel.DefaultChannelPool - Entry count for : http://localhost:9725 : 1
16:21:45.699 [AsyncHttpClient-1-9] DEBUG org.asynchttpclient.netty.handler.HttpHandler - 

Request DefaultHttpRequest(decodeResult: success, version: HTTP/1.1)
POST /session/6641f67b552c2415b08bbbeb4508afc4/url HTTP/1.1
User-Agent: selenium/4.1.2 (java windows)
Content-Length: 54
Content-Type: application/json; charset=utf-8
host: localhost:49591
accept: */*

Response DefaultHttpResponse(decodeResult: success, version: HTTP/1.1)
HTTP/1.1 200 OK
Content-Type: application/json; charset=utf-8
cache-control: no-cache
content-length: 14

16:21:45.700 [AsyncHttpClient-1-9] DEBUG org.asynchttpclient.netty.channel.ChannelManager - Adding key: http://localhost:49591 for channel [id: 0x63beadc0, L:/127.0.0.1:9721 - R:localhost/127.0.0.1:49591]
16:21:45.707 [Forwarding setTimeout on session 6641f67b552c2415b08bbbeb4508afc4 to remote] DEBUG org.asynchttpclient.netty.request.NettyRequestSender - Using pooled Channel '[id: 0x63beadc0, L:/127.0.0.1:9721 - R:localhost/127.0.0.1:49591]' for 'POST' to 'http://localhost:49591/session/6641f67b552c2415b08bbbeb4508afc4/timeouts'
16:21:45.708 [Forwarding setTimeout on session 6641f67b552c2415b08bbbeb4508afc4 to remote] DEBUG org.asynchttpclient.netty.request.NettyRequestSender - Using open Channel [id: 0x63beadc0, L:/127.0.0.1:9721 - R:localhost/127.0.0.1:49591] for POST '/session/6641f67b552c2415b08bbbeb4508afc4/timeouts'
16:21:45.709 [AsyncHttpClient-1-9] DEBUG org.asynchttpclient.netty.handler.HttpHandler - 

Request DefaultHttpRequest(decodeResult: success, version: HTTP/1.1)
POST /session/6641f67b552c2415b08bbbeb4508afc4/timeouts HTTP/1.1
User-Agent: selenium/4.1.2 (java windows)
Content-Length: 22
Content-Type: application/json; charset=utf-8
host: localhost:49591
accept: */*

Response DefaultHttpResponse(decodeResult: success, version: HTTP/1.1)
HTTP/1.1 200 OK
Content-Type: application/json; charset=utf-8
cache-control: no-cache
content-length: 14

16:21:45.710 [AsyncHttpClient-1-9] DEBUG org.asynchttpclient.netty.channel.ChannelManager - Adding key: http://localhost:49591 for channel [id: 0x63beadc0, L:/127.0.0.1:9721 - R:localhost/127.0.0.1:49591]
16:21:45.715 [Forwarding getCurrentUrl on session 6641f67b552c2415b08bbbeb4508afc4 to remote] DEBUG org.asynchttpclient.netty.request.NettyRequestSender - Using pooled Channel '[id: 0x63beadc0, L:/127.0.0.1:9721 - R:localhost/127.0.0.1:49591]' for 'GET' to 'http://localhost:49591/session/6641f67b552c2415b08bbbeb4508afc4/url'
16:21:45.715 [Forwarding getCurrentUrl on session 6641f67b552c2415b08bbbeb4508afc4 to remote] DEBUG org.asynchttpclient.netty.request.NettyRequestSender - Using open Channel [id: 0x63beadc0, L:/127.0.0.1:9721 - R:localhost/127.0.0.1:49591] for GET '/session/6641f67b552c2415b08bbbeb4508afc4/url'
16:21:45.724 [AsyncHttpClient-1-9] DEBUG org.asynchttpclient.netty.handler.HttpHandler - 

Request DefaultFullHttpRequest(decodeResult: success, version: HTTP/1.1, content: EmptyByteBufBE)
GET /session/6641f67b552c2415b08bbbeb4508afc4/url HTTP/1.1
User-Agent: selenium/4.1.2 (java windows)
Cache-Control: no-cache
Content-Type: application/json; charset=utf-8
host: localhost:49591
accept: */*

Response DefaultHttpResponse(decodeResult: success, version: HTTP/1.1)
HTTP/1.1 200 OK
Content-Type: application/json; charset=utf-8
cache-control: no-cache
content-length: 36

16:21:45.725 [AsyncHttpClient-1-9] DEBUG org.asynchttpclient.netty.channel.ChannelManager - Adding key: http://localhost:49591 for channel [id: 0x63beadc0, L:/127.0.0.1:9721 - R:localhost/127.0.0.1:49591]
  &amp#27;[32mGiven &amp#27;[0m&amp#27;[32mI am on the book page&amp#27;[0m                                         &amp#27;[90m# starter.stepdefinitions.CollectionStep.iAmOnTheBookPage()&amp#27;[0m
16:21:45.734 [Forwarding screenshot on session 6641f67b552c2415b08bbbeb4508afc4 to remote] DEBUG org.asynchttpclient.netty.request.NettyRequestSender - Using pooled Channel '[id: 0x63beadc0, L:/127.0.0.1:9721 - R:localhost/127.0.0.1:49591]' for 'GET' to 'http://localhost:49591/session/6641f67b552c2415b08bbbeb4508afc4/screenshot'
16:21:45.734 [Forwarding screenshot on session 6641f67b552c2415b08bbbeb4508afc4 to remote] DEBUG org.asynchttpclient.netty.request.NettyRequestSender - Using open Channel [id: 0x63beadc0, L:/127.0.0.1:9721 - R:localhost/127.0.0.1:49591] for GET '/session/6641f67b552c2415b08bbbeb4508afc4/screenshot'
16:21:45.926 [AsyncHttpClient-1-9] DEBUG org.asynchttpclient.netty.handler.HttpHandler - 

Request DefaultFullHttpRequest(decodeResult: success, version: HTTP/1.1, content: EmptyByteBufBE)
GET /session/6641f67b552c2415b08bbbeb4508afc4/screenshot HTTP/1.1
User-Agent: selenium/4.1.2 (java windows)
Cache-Control: no-cache
Content-Type: application/json; charset=utf-8
host: localhost:49591
accept: */*

Response DefaultHttpResponse(decodeResult: success, version: HTTP/1.1)
HTTP/1.1 200 OK
Content-Type: application/json; charset=utf-8
cache-control: no-cache
content-length: 216672

16:21:45.929 [AsyncHttpClient-1-9] DEBUG org.asynchttpclient.netty.channel.ChannelManager - Adding key: http://localhost:49591 for channel [id: 0x63beadc0, L:/127.0.0.1:9721 - R:localhost/127.0.0.1:49591]
16:21:45.937 [main] DEBUG net.serenitybdd.core.photography.Darkroom - Send negative for processing for target\site\serenity\02e272c99c73f2b6117d541ca67bbd160ebea836ee30bc3e055db3de708d581e.png
16:21:45.937 [Darkroom Processing Line] DEBUG net.serenitybdd.core.photography.DarkroomProcessingLine - Processing screenshot image in /var/screenshots/screenshot-6271906387684417206
16:21:45.937 [Darkroom Processing Line] DEBUG net.serenitybdd.core.photography.DarkroomProcessingLine - Saving screenshot to target\site\serenity\02e272c99c73f2b6117d541ca67bbd160ebea836ee30bc3e055db3de708d581e.png
16:21:45.956 [Forwarding findElement on session 6641f67b552c2415b08bbbeb4508afc4 to remote] DEBUG org.asynchttpclient.netty.request.NettyRequestSender - Using pooled Channel '[id: 0x63beadc0, L:/127.0.0.1:9721 - R:localhost/127.0.0.1:49591]' for 'POST' to 'http://localhost:49591/session/6641f67b552c2415b08bbbeb4508afc4/element'
16:21:45.956 [Forwarding findElement on session 6641f67b552c2415b08bbbeb4508afc4 to remote] DEBUG org.asynchttpclient.netty.request.NettyRequestSender - Using open Channel [id: 0x63beadc0, L:/127.0.0.1:9721 - R:localhost/127.0.0.1:49591] for POST '/session/6641f67b552c2415b08bbbeb4508afc4/element'
16:21:46.030 [AsyncHttpClient-1-9] DEBUG org.asynchttpclient.netty.handler.HttpHandler - 

Request DefaultHttpRequest(decodeResult: success, version: HTTP/1.1)
POST /session/6641f67b552c2415b08bbbeb4508afc4/element HTTP/1.1
User-Agent: selenium/4.1.2 (java windows)
Content-Length: 97
Content-Type: application/json; charset=utf-8
host: localhost:49591
accept: */*

Response DefaultHttpResponse(decodeResult: success, version: HTTP/1.1)
HTTP/1.1 200 OK
Content-Type: application/json; charset=utf-8
cache-control: no-cache
content-length: 88

16:21:46.030 [AsyncHttpClient-1-9] DEBUG org.asynchttpclient.netty.channel.ChannelManager - Adding key: http://localhost:49591 for channel [id: 0x63beadc0, L:/127.0.0.1:9721 - R:localhost/127.0.0.1:49591]
16:21:46.033 [Forwarding getElementTagName on session 6641f67b552c2415b08bbbeb4508afc4 to remote] DEBUG org.asynchttpclient.netty.request.NettyRequestSender - Using pooled Channel '[id: 0x63beadc0, L:/127.0.0.1:9721 - R:localhost/127.0.0.1:49591]' for 'GET' to 'http://localhost:49591/session/6641f67b552c2415b08bbbeb4508afc4/element/856d38e5-418b-4c53-b9c4-54387e0c1345/name'
16:21:46.033 [Forwarding getElementTagName on session 6641f67b552c2415b08bbbeb4508afc4 to remote] DEBUG org.asynchttpclient.netty.request.NettyRequestSender - Using open Channel [id: 0x63beadc0, L:/127.0.0.1:9721 - R:localhost/127.0.0.1:49591] for GET '/session/6641f67b552c2415b08bbbeb4508afc4/element/856d38e5-418b-4c53-b9c4-54387e0c1345/name'
16:21:46.489 [AsyncHttpClient-1-9] DEBUG org.asynchttpclient.netty.handler.HttpHandler - 

Request DefaultFullHttpRequest(decodeResult: success, version: HTTP/1.1, content: EmptyByteBufBE)
GET /session/6641f67b552c2415b08bbbeb4508afc4/element/856d38e5-418b-4c53-b9c4-54387e0c1345/name HTTP/1.1
User-Agent: selenium/4.1.2 (java windows)
Cache-Control: no-cache
Content-Type: application/json; charset=utf-8
host: localhost:49591
accept: */*

Response DefaultHttpResponse(decodeResult: success, version: HTTP/1.1)
HTTP/1.1 200 OK
Content-Type: application/json; charset=utf-8
cache-control: no-cache
content-length: 16

16:21:46.489 [AsyncHttpClient-1-9] DEBUG org.asynchttpclient.netty.channel.ChannelManager - Adding key: http://localhost:49591 for channel [id: 0x63beadc0, L:/127.0.0.1:9721 - R:localhost/127.0.0.1:49591]
16:21:46.491 [Forwarding getElementTagName on session 6641f67b552c2415b08bbbeb4508afc4 to remote] DEBUG org.asynchttpclient.netty.request.NettyRequestSender - Using pooled Channel '[id: 0x63beadc0, L:/127.0.0.1:9721 - R:localhost/127.0.0.1:49591]' for 'GET' to 'http://localhost:49591/session/6641f67b552c2415b08bbbeb4508afc4/element/856d38e5-418b-4c53-b9c4-54387e0c1345/name'
16:21:46.491 [Forwarding getElementTagName on session 6641f67b552c2415b08bbbeb4508afc4 to remote] DEBUG org.asynchttpclient.netty.request.NettyRequestSender - Using open Channel [id: 0x63beadc0, L:/127.0.0.1:9721 - R:localhost/127.0.0.1:49591] for GET '/session/6641f67b552c2415b08bbbeb4508afc4/element/856d38e5-418b-4c53-b9c4-54387e0c1345/name'
16:21:46.497 [AsyncHttpClient-1-9] DEBUG org.asynchttpclient.netty.handler.HttpHandler - 

Request DefaultFullHttpRequest(decodeResult: success, version: HTTP/1.1, content: EmptyByteBufBE)
GET /session/6641f67b552c2415b08bbbeb4508afc4/element/856d38e5-418b-4c53-b9c4-54387e0c1345/name HTTP/1.1
User-Agent: selenium/4.1.2 (java windows)
Cache-Control: no-cache
Content-Type: application/json; charset=utf-8
host: localhost:49591
accept: */*

Response DefaultHttpResponse(decodeResult: success, version: HTTP/1.1)
HTTP/1.1 200 OK
Content-Type: application/json; charset=utf-8
cache-control: no-cache
content-length: 16

16:21:46.497 [AsyncHttpClient-1-9] DEBUG org.asynchttpclient.netty.channel.ChannelManager - Adding key: http://localhost:49591 for channel [id: 0x63beadc0, L:/127.0.0.1:9721 - R:localhost/127.0.0.1:49591]
16:21:46.501 [Forwarding findElement on session 6641f67b552c2415b08bbbeb4508afc4 to remote] DEBUG org.asynchttpclient.netty.request.NettyRequestSender - Using pooled Channel '[id: 0x63beadc0, L:/127.0.0.1:9721 - R:localhost/127.0.0.1:49591]' for 'POST' to 'http://localhost:49591/session/6641f67b552c2415b08bbbeb4508afc4/element'
16:21:46.501 [Forwarding findElement on session 6641f67b552c2415b08bbbeb4508afc4 to remote] DEBUG org.asynchttpclient.netty.request.NettyRequestSender - Using open Channel [id: 0x63beadc0, L:/127.0.0.1:9721 - R:localhost/127.0.0.1:49591] for POST '/session/6641f67b552c2415b08bbbeb4508afc4/element'
16:21:46.511 [AsyncHttpClient-1-9] DEBUG org.asynchttpclient.netty.handler.HttpHandler - 

Request DefaultHttpRequest(decodeResult: success, version: HTTP/1.1)
POST /session/6641f67b552c2415b08bbbeb4508afc4/element HTTP/1.1
User-Agent: selenium/4.1.2 (java windows)
Content-Length: 97
Content-Type: application/json; charset=utf-8
host: localhost:49591
accept: */*

Response DefaultHttpResponse(decodeResult: success, version: HTTP/1.1)
HTTP/1.1 200 OK
Content-Type: application/json; charset=utf-8
cache-control: no-cache
content-length: 88

16:21:46.511 [AsyncHttpClient-1-9] DEBUG org.asynchttpclient.netty.channel.ChannelManager - Adding key: http://localhost:49591 for channel [id: 0x63beadc0, L:/127.0.0.1:9721 - R:localhost/127.0.0.1:49591]
16:21:46.513 [Forwarding clickElement on session 6641f67b552c2415b08bbbeb4508afc4 to remote] DEBUG org.asynchttpclient.netty.request.NettyRequestSender - Using pooled Channel '[id: 0x63beadc0, L:/127.0.0.1:9721 - R:localhost/127.0.0.1:49591]' for 'POST' to 'http://localhost:49591/session/6641f67b552c2415b08bbbeb4508afc4/element/856d38e5-418b-4c53-b9c4-54387e0c1345/click'
16:21:46.513 [Forwarding clickElement on session 6641f67b552c2415b08bbbeb4508afc4 to remote] DEBUG org.asynchttpclient.netty.request.NettyRequestSender - Using open Channel [id: 0x63beadc0, L:/127.0.0.1:9721 - R:localhost/127.0.0.1:49591] for POST '/session/6641f67b552c2415b08bbbeb4508afc4/element/856d38e5-418b-4c53-b9c4-54387e0c1345/click'
16:21:46.680 [AsyncHttpClient-1-1] DEBUG org.asynchttpclient.netty.channel.DefaultChannelPool - Entry count for : http://localhost:9725 : 1
16:21:47.761 [AsyncHttpClient-1-1] DEBUG org.asynchttpclient.netty.channel.DefaultChannelPool - Entry count for : http://localhost:9725 : 1
16:21:48.868 [AsyncHttpClient-1-1] DEBUG org.asynchttpclient.netty.channel.DefaultChannelPool - Entry count for : http://localhost:9725 : 1
16:21:49.962 [AsyncHttpClient-1-1] DEBUG org.asynchttpclient.netty.channel.DefaultChannelPool - Entry count for : http://localhost:9725 : 1
16:21:51.062 [AsyncHttpClient-1-1] DEBUG org.asynchttpclient.netty.channel.DefaultChannelPool - Entry count for : http://localhost:9725 : 1
16:21:52.162 [AsyncHttpClient-1-1] DEBUG org.asynchttpclient.netty.channel.DefaultChannelPool - Entry count for : http://localhost:9725 : 1
16:21:53.261 [AsyncHttpClient-1-1] DEBUG org.asynchttpclient.netty.channel.DefaultChannelPool - Entry count for : http://localhost:9725 : 1
16:21:54.366 [AsyncHttpClient-1-1] DEBUG org.asynchttpclient.netty.channel.DefaultChannelPool - Entry count for : http://localhost:9725 : 1
16:21:55.461 [AsyncHttpClient-1-1] DEBUG org.asynchttpclient.netty.channel.DefaultChannelPool - Entry count for : http://localhost:9725 : 1
16:21:56.579 [AsyncHttpClient-1-1] DEBUG org.asynchttpclient.netty.channel.DefaultChannelPool - Entry count for : http://localhost:9725 : 1
16:21:57.132 [AsyncHttpClient-1-9] DEBUG org.asynchttpclient.netty.handler.HttpHandler - 

Request DefaultHttpRequest(decodeResult: success, version: HTTP/1.1)
POST /session/6641f67b552c2415b08bbbeb4508afc4/element/856d38e5-418b-4c53-b9c4-54387e0c1345/click HTTP/1.1
User-Agent: selenium/4.1.2 (java windows)
Content-Length: 50
Content-Type: application/json; charset=utf-8
host: localhost:49591
accept: */*

Response DefaultHttpResponse(decodeResult: success, version: HTTP/1.1)
HTTP/1.1 200 OK
Content-Type: application/json; charset=utf-8
cache-control: no-cache
content-length: 14

16:21:57.133 [AsyncHttpClient-1-9] DEBUG org.asynchttpclient.netty.channel.ChannelManager - Adding key: http://localhost:49591 for channel [id: 0x63beadc0, L:/127.0.0.1:9721 - R:localhost/127.0.0.1:49591]
  &amp#27;[32mWhen &amp#27;[0m&amp#27;[32mI click Programming JavaScript Applications&amp#27;[0m                    &amp#27;[90m# starter.stepdefinitions.CollectionStep.iClickProgrammingJavaScriptApplications()&amp#27;[0m
16:21:57.147 [Forwarding screenshot on session 6641f67b552c2415b08bbbeb4508afc4 to remote] DEBUG org.asynchttpclient.netty.request.NettyRequestSender - Using pooled Channel '[id: 0x63beadc0, L:/127.0.0.1:9721 - R:localhost/127.0.0.1:49591]' for 'GET' to 'http://localhost:49591/session/6641f67b552c2415b08bbbeb4508afc4/screenshot'
16:21:57.147 [Forwarding screenshot on session 6641f67b552c2415b08bbbeb4508afc4 to remote] DEBUG org.asynchttpclient.netty.request.NettyRequestSender - Using open Channel [id: 0x63beadc0, L:/127.0.0.1:9721 - R:localhost/127.0.0.1:49591] for GET '/session/6641f67b552c2415b08bbbeb4508afc4/screenshot'
16:21:57.665 [AsyncHttpClient-1-1] DEBUG org.asynchttpclient.netty.channel.DefaultChannelPool - Entry count for : http://localhost:9725 : 1
16:21:57.811 [AsyncHttpClient-1-9] DEBUG org.asynchttpclient.netty.handler.HttpHandler - 

Request DefaultFullHttpRequest(decodeResult: success, version: HTTP/1.1, content: EmptyByteBufBE)
GET /session/6641f67b552c2415b08bbbeb4508afc4/screenshot HTTP/1.1
User-Agent: selenium/4.1.2 (java windows)
Cache-Control: no-cache
Content-Type: application/json; charset=utf-8
host: localhost:49591
accept: */*

Response DefaultHttpResponse(decodeResult: success, version: HTTP/1.1)
HTTP/1.1 200 OK
Content-Type: application/json; charset=utf-8
cache-control: no-cache
content-length: 221820

16:21:57.812 [AsyncHttpClient-1-9] DEBUG org.asynchttpclient.netty.channel.ChannelManager - Adding key: http://localhost:49591 for channel [id: 0x63beadc0, L:/127.0.0.1:9721 - R:localhost/127.0.0.1:49591]
16:21:57.825 [main] DEBUG net.serenitybdd.core.photography.Darkroom - Send negative for processing for target\site\serenity\5d43587a8c5f90fe7b2d7f6e446c945197bbe35c4783a7c40bc604fba730ed3a.png
16:21:57.826 [Darkroom Processing Line] DEBUG net.serenitybdd.core.photography.DarkroomProcessingLine - Processing screenshot image in /var/screenshots/screenshot-18111694204558346918
16:21:57.826 [Darkroom Processing Line] DEBUG net.serenitybdd.core.photography.DarkroomProcessingLine - Saving screenshot to target\site\serenity\5d43587a8c5f90fe7b2d7f6e446c945197bbe35c4783a7c40bc604fba730ed3a.png
16:21:57.840 [Forwarding findElement on session 6641f67b552c2415b08bbbeb4508afc4 to remote] DEBUG org.asynchttpclient.netty.request.NettyRequestSender - Using pooled Channel '[id: 0x63beadc0, L:/127.0.0.1:9721 - R:localhost/127.0.0.1:49591]' for 'POST' to 'http://localhost:49591/session/6641f67b552c2415b08bbbeb4508afc4/element'
16:21:57.840 [Forwarding findElement on session 6641f67b552c2415b08bbbeb4508afc4 to remote] DEBUG org.asynchttpclient.netty.request.NettyRequestSender - Using open Channel [id: 0x63beadc0, L:/127.0.0.1:9721 - R:localhost/127.0.0.1:49591] for POST '/session/6641f67b552c2415b08bbbeb4508afc4/element'
16:21:57.881 [AsyncHttpClient-1-9] DEBUG org.asynchttpclient.netty.handler.HttpHandler - 

Request DefaultHttpRequest(decodeResult: success, version: HTTP/1.1)
POST /session/6641f67b552c2415b08bbbeb4508afc4/element HTTP/1.1
User-Agent: selenium/4.1.2 (java windows)
Content-Length: 81
Content-Type: application/json; charset=utf-8
host: localhost:49591
accept: */*

Response DefaultHttpResponse(decodeResult: success, version: HTTP/1.1)
HTTP/1.1 200 OK
Content-Type: application/json; charset=utf-8
cache-control: no-cache
content-length: 88

16:21:57.881 [AsyncHttpClient-1-9] DEBUG org.asynchttpclient.netty.channel.ChannelManager - Adding key: http://localhost:49591 for channel [id: 0x63beadc0, L:/127.0.0.1:9721 - R:localhost/127.0.0.1:49591]
16:21:57.884 [Forwarding getElementTagName on session 6641f67b552c2415b08bbbeb4508afc4 to remote] DEBUG org.asynchttpclient.netty.request.NettyRequestSender - Using pooled Channel '[id: 0x63beadc0, L:/127.0.0.1:9721 - R:localhost/127.0.0.1:49591]' for 'GET' to 'http://localhost:49591/session/6641f67b552c2415b08bbbeb4508afc4/element/6344c9d6-81ef-4d5a-8d33-7602614de342/name'
16:21:57.884 [Forwarding getElementTagName on session 6641f67b552c2415b08bbbeb4508afc4 to remote] DEBUG org.asynchttpclient.netty.request.NettyRequestSender - Using open Channel [id: 0x63beadc0, L:/127.0.0.1:9721 - R:localhost/127.0.0.1:49591] for GET '/session/6641f67b552c2415b08bbbeb4508afc4/element/6344c9d6-81ef-4d5a-8d33-7602614de342/name'
16:21:57.893 [AsyncHttpClient-1-9] DEBUG org.asynchttpclient.netty.handler.HttpHandler - 

Request DefaultFullHttpRequest(decodeResult: success, version: HTTP/1.1, content: EmptyByteBufBE)
GET /session/6641f67b552c2415b08bbbeb4508afc4/element/6344c9d6-81ef-4d5a-8d33-7602614de342/name HTTP/1.1
User-Agent: selenium/4.1.2 (java windows)
Cache-Control: no-cache
Content-Type: application/json; charset=utf-8
host: localhost:49591
accept: */*

Response DefaultHttpResponse(decodeResult: success, version: HTTP/1.1)
HTTP/1.1 200 OK
Content-Type: application/json; charset=utf-8
cache-control: no-cache
content-length: 15

16:21:57.894 [AsyncHttpClient-1-9] DEBUG org.asynchttpclient.netty.channel.ChannelManager - Adding key: http://localhost:49591 for channel [id: 0x63beadc0, L:/127.0.0.1:9721 - R:localhost/127.0.0.1:49591]
16:21:57.896 [Forwarding getElementTagName on session 6641f67b552c2415b08bbbeb4508afc4 to remote] DEBUG org.asynchttpclient.netty.request.NettyRequestSender - Using pooled Channel '[id: 0x63beadc0, L:/127.0.0.1:9721 - R:localhost/127.0.0.1:49591]' for 'GET' to 'http://localhost:49591/session/6641f67b552c2415b08bbbeb4508afc4/element/6344c9d6-81ef-4d5a-8d33-7602614de342/name'
16:21:57.896 [Forwarding getElementTagName on session 6641f67b552c2415b08bbbeb4508afc4 to remote] DEBUG org.asynchttpclient.netty.request.NettyRequestSender - Using open Channel [id: 0x63beadc0, L:/127.0.0.1:9721 - R:localhost/127.0.0.1:49591] for GET '/session/6641f67b552c2415b08bbbeb4508afc4/element/6344c9d6-81ef-4d5a-8d33-7602614de342/name'
16:21:57.908 [AsyncHttpClient-1-9] DEBUG org.asynchttpclient.netty.handler.HttpHandler - 

Request DefaultFullHttpRequest(decodeResult: success, version: HTTP/1.1, content: EmptyByteBufBE)
GET /session/6641f67b552c2415b08bbbeb4508afc4/element/6344c9d6-81ef-4d5a-8d33-7602614de342/name HTTP/1.1
User-Agent: selenium/4.1.2 (java windows)
Cache-Control: no-cache
Content-Type: application/json; charset=utf-8
host: localhost:49591
accept: */*

Response DefaultHttpResponse(decodeResult: success, version: HTTP/1.1)
HTTP/1.1 200 OK
Content-Type: application/json; charset=utf-8
cache-control: no-cache
content-length: 15

16:21:57.908 [AsyncHttpClient-1-9] DEBUG org.asynchttpclient.netty.channel.ChannelManager - Adding key: http://localhost:49591 for channel [id: 0x63beadc0, L:/127.0.0.1:9721 - R:localhost/127.0.0.1:49591]
16:21:57.914 [Forwarding findElement on session 6641f67b552c2415b08bbbeb4508afc4 to remote] DEBUG org.asynchttpclient.netty.request.NettyRequestSender - Using pooled Channel '[id: 0x63beadc0, L:/127.0.0.1:9721 - R:localhost/127.0.0.1:49591]' for 'POST' to 'http://localhost:49591/session/6641f67b552c2415b08bbbeb4508afc4/element'
16:21:57.914 [Forwarding findElement on session 6641f67b552c2415b08bbbeb4508afc4 to remote] DEBUG org.asynchttpclient.netty.request.NettyRequestSender - Using open Channel [id: 0x63beadc0, L:/127.0.0.1:9721 - R:localhost/127.0.0.1:49591] for POST '/session/6641f67b552c2415b08bbbeb4508afc4/element'
16:21:57.959 [AsyncHttpClient-1-9] DEBUG org.asynchttpclient.netty.handler.HttpHandler - 

Request DefaultHttpRequest(decodeResult: success, version: HTTP/1.1)
POST /session/6641f67b552c2415b08bbbeb4508afc4/element HTTP/1.1
User-Agent: selenium/4.1.2 (java windows)
Content-Length: 81
Content-Type: application/json; charset=utf-8
host: localhost:49591
accept: */*

Response DefaultHttpResponse(decodeResult: success, version: HTTP/1.1)
HTTP/1.1 200 OK
Content-Type: application/json; charset=utf-8
cache-control: no-cache
content-length: 88

16:21:57.960 [AsyncHttpClient-1-9] DEBUG org.asynchttpclient.netty.channel.ChannelManager - Adding key: http://localhost:49591 for channel [id: 0x63beadc0, L:/127.0.0.1:9721 - R:localhost/127.0.0.1:49591]
16:21:57.964 [Forwarding clickElement on session 6641f67b552c2415b08bbbeb4508afc4 to remote] DEBUG org.asynchttpclient.netty.request.NettyRequestSender - Using pooled Channel '[id: 0x63beadc0, L:/127.0.0.1:9721 - R:localhost/127.0.0.1:49591]' for 'POST' to 'http://localhost:49591/session/6641f67b552c2415b08bbbeb4508afc4/element/6344c9d6-81ef-4d5a-8d33-7602614de342/click'
16:21:57.964 [Forwarding clickElement on session 6641f67b552c2415b08bbbeb4508afc4 to remote] DEBUG org.asynchttpclient.netty.request.NettyRequestSender - Using open Channel [id: 0x63beadc0, L:/127.0.0.1:9721 - R:localhost/127.0.0.1:49591] for POST '/session/6641f67b552c2415b08bbbeb4508afc4/element/6344c9d6-81ef-4d5a-8d33-7602614de342/click'
16:21:58.060 [AsyncHttpClient-1-9] DEBUG org.asynchttpclient.netty.handler.HttpHandler - 

Request DefaultHttpRequest(decodeResult: success, version: HTTP/1.1)
POST /session/6641f67b552c2415b08bbbeb4508afc4/element/6344c9d6-81ef-4d5a-8d33-7602614de342/click HTTP/1.1
User-Agent: selenium/4.1.2 (java windows)
Content-Length: 50
Content-Type: application/json; charset=utf-8
host: localhost:49591
accept: */*

Response DefaultHttpResponse(decodeResult: success, version: HTTP/1.1)
HTTP/1.1 200 OK
Content-Type: application/json; charset=utf-8
cache-control: no-cache
content-length: 14

16:21:58.060 [AsyncHttpClient-1-9] DEBUG org.asynchttpclient.netty.channel.ChannelManager - Adding key: http://localhost:49591 for channel [id: 0x63beadc0, L:/127.0.0.1:9721 - R:localhost/127.0.0.1:49591]
  &amp#27;[32mThen &amp#27;[0m&amp#27;[32mI will get information&amp#27;[0m                                         &amp#27;[90m# starter.stepdefinitions.CollectionStep.iWillGetPageMessage()&amp#27;[0m
16:21:58.077 [Forwarding screenshot on session 6641f67b552c2415b08bbbeb4508afc4 to remote] DEBUG org.asynchttpclient.netty.request.NettyRequestSender - Using pooled Channel '[id: 0x63beadc0, L:/127.0.0.1:9721 - R:localhost/127.0.0.1:49591]' for 'GET' to 'http://localhost:49591/session/6641f67b552c2415b08bbbeb4508afc4/screenshot'
16:21:58.077 [Forwarding screenshot on session 6641f67b552c2415b08bbbeb4508afc4 to remote] DEBUG org.asynchttpclient.netty.request.NettyRequestSender - Using open Channel [id: 0x63beadc0, L:/127.0.0.1:9721 - R:localhost/127.0.0.1:49591] for GET '/session/6641f67b552c2415b08bbbeb4508afc4/screenshot'
16:21:58.510 [AsyncHttpClient-1-9] DEBUG org.asynchttpclient.netty.handler.HttpHandler - 

Request DefaultFullHttpRequest(decodeResult: success, version: HTTP/1.1, content: EmptyByteBufBE)
GET /session/6641f67b552c2415b08bbbeb4508afc4/screenshot HTTP/1.1
User-Agent: selenium/4.1.2 (java windows)
Cache-Control: no-cache
Content-Type: application/json; charset=utf-8
host: localhost:49591
accept: */*

Response DefaultHttpResponse(decodeResult: success, version: HTTP/1.1)
HTTP/1.1 200 OK
Content-Type: application/json; charset=utf-8
cache-control: no-cache
content-length: 229308

16:21:58.512 [AsyncHttpClient-1-9] DEBUG org.asynchttpclient.netty.channel.ChannelManager - Adding key: http://localhost:49591 for channel [id: 0x63beadc0, L:/127.0.0.1:9721 - R:localhost/127.0.0.1:49591]
16:21:58.531 [main] DEBUG net.serenitybdd.core.photography.Darkroom - Send negative for processing for target\site\serenity\2ba7ae387fb8c1b10d47dcbb6be827d3582ba99a7188d81ef7e8f5bbe59bd3c1.png
16:21:58.533 [main] INFO  - 
  _____   ___   ___   _____     ___     _     ___   ___   ___   ___  
 |_   _| | __| / __| |_   _|   | _ \   /_\   / __| / __| | __| |   \ 
   | |   | _|  \__ \   | |     |  _/  / _ \  \__ \ \__ \ | _|  | |) |
   |_|   |___| |___/   |_|     |_|   /_/ \_\ |___/ |___/ |___| |___/ 

See Information of Programming JavaScript Applications Book
----------------------------------------------------------------------
16:21:58.541 [AsyncHttpClient-1-3] DEBUG org.asynchttpclient.netty.handler.WebSocketHandler - Channel Closed: [id: 0xce3ba8fd, L:/127.0.0.1:9739 ! R:localhost/127.0.0.1:9725] with attribute NettyResponseFuture{currentRetry=5,
	isDone=1,
	isCancelled=0,
	asyncHandler=org.asynchttpclient.ws.WebSocketUpgradeHandler@2b1091c2,
	nettyRequest=org.asynchttpclient.netty.request.NettyRequest@26c39ede,
	future=java.util.concurrent.CompletableFuture@74a70f63[Completed normally],
	uri=ws://localhost:9725/devtools/browser/4e379018-2e6a-4777-96b7-cd7d90b0af83,
	keepAlive=true,
	redirectCount=0,
	timeoutsHolder=null,
	inAuth=0,
	touch=1664875293683}
16:21:58.541 [AsyncHttpClient-1-3] DEBUG org.asynchttpclient.netty.channel.ChannelManager - Closing Channel [id: 0xce3ba8fd, L:/127.0.0.1:9739 ! R:localhost/127.0.0.1:9725] 
16:21:58.558 [Darkroom Processing Line] DEBUG net.serenitybdd.core.photography.DarkroomProcessingLine - Processing screenshot image in /var/screenshots/screenshot-13486212568454676510
16:21:58.558 [Darkroom Processing Line] DEBUG net.serenitybdd.core.photography.DarkroomProcessingLine - Saving screenshot to target\site\serenity\2ba7ae387fb8c1b10d47dcbb6be827d3582ba99a7188d81ef7e8f5bbe59bd3c1.png
16:21:58.593 [Driver Command Executor] DEBUG org.asynchttpclient.netty.request.NettyRequestSender - Using pooled Channel '[id: 0x63beadc0, L:/127.0.0.1:9721 - R:localhost/127.0.0.1:49591]' for 'DELETE' to 'http://localhost:49591/session/6641f67b552c2415b08bbbeb4508afc4'
16:21:58.593 [Driver Command Executor] DEBUG org.asynchttpclient.netty.request.NettyRequestSender - Using open Channel [id: 0x63beadc0, L:/127.0.0.1:9721 - R:localhost/127.0.0.1:49591] for DELETE '/session/6641f67b552c2415b08bbbeb4508afc4'
16:21:58.773 [AsyncHttpClient-1-1] DEBUG org.asynchttpclient.netty.channel.DefaultChannelPool - Entry count for : http://localhost:9725 : 1
16:21:59.873 [AsyncHttpClient-1-1] DEBUG org.asynchttpclient.netty.channel.DefaultChannelPool - Entry count for : http://localhost:9725 : 1
16:22:00.164 [AsyncHttpClient-1-2] DEBUG org.asynchttpclient.netty.handler.HttpHandler - Unexpected I/O exception on channel [id: 0xc2a55d88, L:/127.0.0.1:9738 - R:localhost/127.0.0.1:9725]
java.io.IOException: An existing connection was forcibly closed by the remote host
	at java.base/sun.nio.ch.SocketDispatcher.read0(Native Method)
	at java.base/sun.nio.ch.SocketDispatcher.read(SocketDispatcher.java:43)
	at java.base/sun.nio.ch.IOUtil.readIntoNativeBuffer(IOUtil.java:276)
	at java.base/sun.nio.ch.IOUtil.read(IOUtil.java:233)
	at java.base/sun.nio.ch.IOUtil.read(IOUtil.java:223)
	at java.base/sun.nio.ch.SocketChannelImpl.read(SocketChannelImpl.java:358)
	at io.netty.buffer.PooledByteBuf.setBytes(PooledByteBuf.java:258)
	at io.netty.buffer.AbstractByteBuf.writeBytes(AbstractByteBuf.java:1132)
	at io.netty.channel.socket.nio.NioSocketChannel.doReadBytes(NioSocketChannel.java:350)
	at io.netty.channel.nio.AbstractNioByteChannel$NioByteUnsafe.read(AbstractNioByteChannel.java:151)
	at io.netty.channel.nio.NioEventLoop.processSelectedKey(NioEventLoop.java:722)
	at io.netty.channel.nio.NioEventLoop.processSelectedKeysOptimized(NioEventLoop.java:658)
	at io.netty.channel.nio.NioEventLoop.processSelectedKeys(NioEventLoop.java:584)
	at io.netty.channel.nio.NioEventLoop.run(NioEventLoop.java:496)
	at io.netty.util.concurrent.SingleThreadEventExecutor$4.run(SingleThreadEventExecutor.java:986)
	at io.netty.util.internal.ThreadExecutorMap$2.run(ThreadExecutorMap.java:74)
	at io.netty.util.concurrent.FastThreadLocalRunnable.run(FastThreadLocalRunnable.java:30)
	at java.base/java.lang.Thread.run(Thread.java:834)
16:22:00.165 [AsyncHttpClient-1-2] DEBUG org.asynchttpclient.netty.channel.ChannelManager - Closing Channel [id: 0xc2a55d88, L:/127.0.0.1:9738 - R:localhost/127.0.0.1:9725] 
16:22:00.165 [AsyncHttpClient-1-2] DEBUG org.asynchttpclient.netty.handler.HttpHandler - Channel Closed: [id: 0xc2a55d88, L:/127.0.0.1:9738 ! R:localhost/127.0.0.1:9725] with attribute DISCARD
16:22:00.198 [AsyncHttpClient-1-9] DEBUG org.asynchttpclient.netty.handler.HttpHandler - 

Request DefaultFullHttpRequest(decodeResult: success, version: HTTP/1.1, content: EmptyByteBufBE)
DELETE /session/6641f67b552c2415b08bbbeb4508afc4 HTTP/1.1
User-Agent: selenium/4.1.2 (java windows)
Content-Type: application/json; charset=utf-8
host: localhost:49591
accept: */*

Response DefaultHttpResponse(decodeResult: success, version: HTTP/1.1)
HTTP/1.1 200 OK
Content-Type: application/json; charset=utf-8
cache-control: no-cache
content-length: 14

16:22:00.198 [AsyncHttpClient-1-9] DEBUG org.asynchttpclient.netty.channel.ChannelManager - Adding key: http://localhost:49591 for channel [id: 0x63beadc0, L:/127.0.0.1:9721 - R:localhost/127.0.0.1:49591]
16:22:00.961 [AsyncHttpClient-1-1] DEBUG org.asynchttpclient.netty.channel.DefaultChannelPool - Entry count for : http://localhost:9725 : 1
16:22:00.961 [AsyncHttpClient-1-1] DEBUG org.asynchttpclient.netty.channel.DefaultChannelPool - Entry count for : http://localhost:49591 : 1
16:22:00.961 [AsyncHttpClient-1-1] DEBUG org.asynchttpclient.netty.channel.DefaultChannelPool - Adding Candidate expired Channel [id: 0xc2a55d88, L:/127.0.0.1:9738 ! R:localhost/127.0.0.1:9725] isIdleTimeoutExpired=false isRemotelyClosed=true isTtlExpired=false
16:22:00.961 [AsyncHttpClient-1-1] DEBUG org.asynchttpclient.netty.channel.DefaultChannelPool - Closing Idle Channel [id: 0xc2a55d88, L:/127.0.0.1:9738 ! R:localhost/127.0.0.1:9725]
16:22:00.961 [AsyncHttpClient-1-1] DEBUG org.asynchttpclient.netty.channel.DefaultChannelPool - Closed 1 connections out of 2 in 0 ms
16:22:01.235 [AsyncHttpClient-1-9] DEBUG org.asynchttpclient.netty.handler.HttpHandler - Unexpected I/O exception on channel [id: 0x63beadc0, L:/127.0.0.1:9721 - R:localhost/127.0.0.1:49591]
java.io.IOException: An existing connection was forcibly closed by the remote host
	at java.base/sun.nio.ch.SocketDispatcher.read0(Native Method)
	at java.base/sun.nio.ch.SocketDispatcher.read(SocketDispatcher.java:43)
	at java.base/sun.nio.ch.IOUtil.readIntoNativeBuffer(IOUtil.java:276)
	at java.base/sun.nio.ch.IOUtil.read(IOUtil.java:233)
	at java.base/sun.nio.ch.IOUtil.read(IOUtil.java:223)
	at java.base/sun.nio.ch.SocketChannelImpl.read(SocketChannelImpl.java:358)
	at io.netty.buffer.PooledByteBuf.setBytes(PooledByteBuf.java:258)
	at io.netty.buffer.AbstractByteBuf.writeBytes(AbstractByteBuf.java:1132)
	at io.netty.channel.socket.nio.NioSocketChannel.doReadBytes(NioSocketChannel.java:350)
	at io.netty.channel.nio.AbstractNioByteChannel$NioByteUnsafe.read(AbstractNioByteChannel.java:151)
	at io.netty.channel.nio.NioEventLoop.processSelectedKey(NioEventLoop.java:722)
	at io.netty.channel.nio.NioEventLoop.processSelectedKeysOptimized(NioEventLoop.java:658)
	at io.netty.channel.nio.NioEventLoop.processSelectedKeys(NioEventLoop.java:584)
	at io.netty.channel.nio.NioEventLoop.run(NioEventLoop.java:496)
	at io.netty.util.concurrent.SingleThreadEventExecutor$4.run(SingleThreadEventExecutor.java:986)
	at io.netty.util.internal.ThreadExecutorMap$2.run(ThreadExecutorMap.java:74)
	at io.netty.util.concurrent.FastThreadLocalRunnable.run(FastThreadLocalRunnable.java:30)
	at java.base/java.lang.Thread.run(Thread.java:834)
16:22:01.235 [AsyncHttpClient-1-9] DEBUG org.asynchttpclient.netty.channel.ChannelManager - Closing Channel [id: 0x63beadc0, L:/127.0.0.1:9721 - R:localhost/127.0.0.1:49591] 
16:22:01.237 [AsyncHttpClient-1-9] DEBUG org.asynchttpclient.netty.handler.HttpHandler - Channel Closed: [id: 0x63beadc0, L:/127.0.0.1:9721 ! R:localhost/127.0.0.1:49591] with attribute DISCARD
]]></system-out>
    <system-err><![CDATA[Starting Microsoft Edge WebDriver 105.0.1343.53 (3a47f00402d579c8ba1fad7e143f9d73831b6765) on port 49591
To submit feedback, report a bug, or suggest new features, please visit https://github.com/MicrosoftEdge/EdgeWebDriver

Only local connections are allowed.
Please see https://aka.ms/WebDriverSecurity for suggestions on keeping Microsoft Edge WebDriver safe.

Microsoft Edge WebDriver was started successfully.
Oct 04, 2022 4:21:33 PM org.openqa.selenium.remote.ProtocolHandshake createSession
INFO: Detected dialect: W3C
Oct 04, 2022 4:21:33 PM org.openqa.selenium.devtools.CdpVersionFinder findNearestMatch
WARNING: Unable to find an exact match for CDP version 105, so returning the closest version found: a no-op implementation
Oct 04, 2022 4:21:33 PM org.openqa.selenium.devtools.CdpVersionFinder findNearestMatch
INFO: Unable to find CDP implementation matching 105.
Oct 04, 2022 4:21:33 PM org.openqa.selenium.chromium.ChromiumDriver lambda$new$3
WARNING: Unable to find version of CDP to use for . You may need to include a dependency on a specific version of the CDP using something similar to `org.seleniumhq.selenium:selenium-devtools-v86:4.1.2` where the version ("v86") matches the version of the chromium-based browser you're using and the version number of the artifact is the same as Selenium's.
]]></system-err>
  </testcase>
  <testcase name="See Information of Eloquent JavaScript, Second Edition Book" classname="See Information" time="27.834">
    <system-out><![CDATA[
Scenario: See Information of Eloquent JavaScript, Second Edition Book &amp#27;[90m# src/test/resources/features/CartToCollection.feature:36&amp#27;[0m
16:22:01.329 [main] INFO io.cucumber.core.plugin.SerenityReporter - Running feature from file:///D:/File%20Baru/Kuliah/Quality%20Engineer/qe_Bayu-Septyan-Nur-Hidayat/21_Review_Web_UI_Testing_with_Serenity/Praktikum/untitled/src/test/resources/features/CartToCollection.feature
16:22:01.335 [main] INFO  - 
  _____   ___   ___   _____     ___   _____     _     ___   _____   ___   ___  
 |_   _| | __| / __| |_   _|   / __| |_   _|   /_\   | _ \ |_   _| | __| |   \ 
   | |   | _|  \__ \   | |     \__ \   | |    / _ \  |   /   | |   | _|  | |) |
   |_|   |___| |___/   |_|     |___/   |_|   /_/ \_\ |_|_\   |_|   |___| |___/ 

See Information of Eloquent JavaScript, Second Edition Book(see-information;see-information-of-eloquent-javascript--second-edition-book)
--------------------------------------------------------------------------------
16:22:01.594 [main] DEBUG io.github.bonigarcia.wdm.cache.ResolutionCache - Resolution edge=105 in cache (valid until 17:19:21 04/10/2022 ICT)
16:22:01.603 [main] DEBUG io.github.bonigarcia.wdm.cache.ResolutionCache - Resolution edge105=105.0.1343.53 in cache (valid until 22:15:59 04/10/2022 ICT)
16:22:01.605 [main] INFO io.github.bonigarcia.wdm.WebDriverManager - Using msedgedriver 105.0.1343.53 (resolved driver for Edge 105)
16:22:01.621 [main] DEBUG io.github.bonigarcia.wdm.WebDriverManager - Driver msedgedriver 105.0.1343.53 found in cache
16:22:01.622 [main] INFO io.github.bonigarcia.wdm.WebDriverManager - Exporting webdriver.edge.driver as C:\Users\Bayu\.cache\selenium\msedgedriver\win64\105.0.1343.53\msedgedriver.exe
16:22:01.625 [main] DEBUG net.serenitybdd.core.webdriver.driverproviders.ProvideNewDriver - Instantiating driver
16:22:01.625 [main] DEBUG net.serenitybdd.core.webdriver.driverproviders.ProvideNewDriver - Driver capabilities: Capabilities {base.url: https://demoqa.com, driver: edge, edge.driver: src/test/resources/webdrive..., ms:edgeChromium: true, ms:edgeOptions: {}}
16:22:01.853 [AsyncHttpClient-1-4] DEBUG org.asynchttpclient.netty.channel.NettyConnectListener - Using new Channel '[id: 0x7fa20955, L:/127.0.0.1:9890 - R:localhost/127.0.0.1:63529]' for 'POST' to '/session'
16:22:02.061 [AsyncHttpClient-1-1] DEBUG org.asynchttpclient.netty.channel.DefaultChannelPool - Entry count for : http://localhost:49591 : 1
16:22:02.061 [AsyncHttpClient-1-1] DEBUG org.asynchttpclient.netty.channel.DefaultChannelPool - Adding Candidate expired Channel [id: 0x63beadc0, L:/127.0.0.1:9721 ! R:localhost/127.0.0.1:49591] isIdleTimeoutExpired=false isRemotelyClosed=true isTtlExpired=false
16:22:02.061 [AsyncHttpClient-1-1] DEBUG org.asynchttpclient.netty.channel.DefaultChannelPool - Closing Idle Channel [id: 0x63beadc0, L:/127.0.0.1:9721 ! R:localhost/127.0.0.1:49591]
16:22:02.061 [AsyncHttpClient-1-1] DEBUG org.asynchttpclient.netty.channel.DefaultChannelPool - Closed 1 connections out of 1 in 0 ms
16:22:03.475 [AsyncHttpClient-1-4] DEBUG org.asynchttpclient.netty.handler.HttpHandler - 

Request DefaultHttpRequest(decodeResult: success, version: HTTP/1.1)
POST /session HTTP/1.1
User-Agent: selenium/4.1.2 (java windows)
Content-Length: 591
Content-Type: application/json; charset=utf-8
host: localhost:63529
accept: */*

Response DefaultHttpResponse(decodeResult: success, version: HTTP/1.1)
HTTP/1.1 200 OK
Content-Type: application/json; charset=utf-8
cache-control: no-cache
content-length: 752

16:22:03.475 [AsyncHttpClient-1-4] DEBUG org.asynchttpclient.netty.channel.ChannelManager - Adding key: http://localhost:63529 for channel [id: 0x7fa20955, L:/127.0.0.1:9890 - R:localhost/127.0.0.1:63529]
16:22:03.493 [AsyncHttpClient-1-5] DEBUG org.asynchttpclient.netty.channel.NettyConnectListener - Using new Channel '[id: 0xab17b78a, L:/127.0.0.1:9899 - R:localhost/127.0.0.1:9893]' for 'GET' to '/json/version'
16:22:03.495 [AsyncHttpClient-1-5] DEBUG org.asynchttpclient.netty.handler.HttpHandler - 

Request DefaultFullHttpRequest(decodeResult: success, version: HTTP/1.1, content: EmptyByteBufBE)
GET /json/version HTTP/1.1
User-Agent: selenium/4.1.2 (java windows)
host: localhost:9893
accept: */*

Response DefaultHttpResponse(decodeResult: success, version: HTTP/1.1)
HTTP/1.1 200 OK
Content-Type: application/json; charset=UTF-8
content-length: 435

16:22:03.495 [AsyncHttpClient-1-5] DEBUG org.asynchttpclient.netty.channel.ChannelManager - Adding key: http://localhost:9893 for channel [id: 0xab17b78a, L:/127.0.0.1:9899 - R:localhost/127.0.0.1:9893]
16:22:03.501 [AsyncHttpClient-1-6] DEBUG org.asynchttpclient.netty.channel.NettyConnectListener - Using new Channel '[id: 0xea59e40d, L:/127.0.0.1:9900 - R:localhost/127.0.0.1:9893]' for 'GET' to '/devtools/browser/59008554-d367-421c-8a44-85f3441c8222'
16:22:03.504 [AsyncHttpClient-1-6] DEBUG org.asynchttpclient.netty.handler.WebSocketHandler - 

Request DefaultFullHttpRequest(decodeResult: success, version: HTTP/1.1, content: EmptyByteBufBE)
GET /devtools/browser/59008554-d367-421c-8a44-85f3441c8222 HTTP/1.1
upgrade: websocket
connection: upgrade
sec-websocket-key: 3RoqD22D338+XHrZHpnpQg==
sec-websocket-version: 13
origin: http://localhost:9893
host: localhost:9893
accept: */*
user-agent: AHC/2.1

Response DefaultHttpResponse(decodeResult: success, version: HTTP/1.1)
HTTP/1.1 101 WebSocket Protocol Handshake
Upgrade: WebSocket
Connection: Upgrade
Sec-WebSocket-Accept: kdW62HdttWzZv9vxQ0wJXzdfTvU=

16:22:03.524 [Forwarding get on session 074d4e6ee4cddc0e1687eb24d81880b8 to remote] DEBUG org.asynchttpclient.netty.request.NettyRequestSender - Using pooled Channel '[id: 0x7fa20955, L:/127.0.0.1:9890 - R:localhost/127.0.0.1:63529]' for 'POST' to 'http://localhost:63529/session/074d4e6ee4cddc0e1687eb24d81880b8/url'
16:22:03.524 [Forwarding get on session 074d4e6ee4cddc0e1687eb24d81880b8 to remote] DEBUG org.asynchttpclient.netty.request.NettyRequestSender - Using open Channel [id: 0x7fa20955, L:/127.0.0.1:9890 - R:localhost/127.0.0.1:63529] for POST '/session/074d4e6ee4cddc0e1687eb24d81880b8/url'
16:22:04.270 [AsyncHttpClient-1-1] DEBUG org.asynchttpclient.netty.channel.DefaultChannelPool - Entry count for : http://localhost:9893 : 1
16:22:05.366 [AsyncHttpClient-1-1] DEBUG org.asynchttpclient.netty.channel.DefaultChannelPool - Entry count for : http://localhost:9893 : 1
16:22:06.469 [AsyncHttpClient-1-1] DEBUG org.asynchttpclient.netty.channel.DefaultChannelPool - Entry count for : http://localhost:9893 : 1
16:22:07.561 [AsyncHttpClient-1-1] DEBUG org.asynchttpclient.netty.channel.DefaultChannelPool - Entry count for : http://localhost:9893 : 1
16:22:08.666 [AsyncHttpClient-1-1] DEBUG org.asynchttpclient.netty.channel.DefaultChannelPool - Entry count for : http://localhost:9893 : 1
16:22:09.762 [AsyncHttpClient-1-1] DEBUG org.asynchttpclient.netty.channel.DefaultChannelPool - Entry count for : http://localhost:9893 : 1
16:22:10.861 [AsyncHttpClient-1-1] DEBUG org.asynchttpclient.netty.channel.DefaultChannelPool - Entry count for : http://localhost:9893 : 1
16:22:11.963 [AsyncHttpClient-1-1] DEBUG org.asynchttpclient.netty.channel.DefaultChannelPool - Entry count for : http://localhost:9893 : 1
16:22:13.066 [AsyncHttpClient-1-1] DEBUG org.asynchttpclient.netty.channel.DefaultChannelPool - Entry count for : http://localhost:9893 : 1
16:22:14.161 [AsyncHttpClient-1-1] DEBUG org.asynchttpclient.netty.channel.DefaultChannelPool - Entry count for : http://localhost:9893 : 1
16:22:15.267 [AsyncHttpClient-1-1] DEBUG org.asynchttpclient.netty.channel.DefaultChannelPool - Entry count for : http://localhost:9893 : 1
16:22:16.364 [AsyncHttpClient-1-1] DEBUG org.asynchttpclient.netty.channel.DefaultChannelPool - Entry count for : http://localhost:9893 : 1
16:22:17.462 [AsyncHttpClient-1-1] DEBUG org.asynchttpclient.netty.channel.DefaultChannelPool - Entry count for : http://localhost:9893 : 1
16:22:18.562 [AsyncHttpClient-1-1] DEBUG org.asynchttpclient.netty.channel.DefaultChannelPool - Entry count for : http://localhost:9893 : 1
16:22:19.663 [AsyncHttpClient-1-1] DEBUG org.asynchttpclient.netty.channel.DefaultChannelPool - Entry count for : http://localhost:9893 : 1
16:22:20.769 [AsyncHttpClient-1-1] DEBUG org.asynchttpclient.netty.channel.DefaultChannelPool - Entry count for : http://localhost:9893 : 1
16:22:21.405 [AsyncHttpClient-1-4] DEBUG org.asynchttpclient.netty.handler.HttpHandler - 

Request DefaultHttpRequest(decodeResult: success, version: HTTP/1.1)
POST /session/074d4e6ee4cddc0e1687eb24d81880b8/url HTTP/1.1
User-Agent: selenium/4.1.2 (java windows)
Content-Length: 54
Content-Type: application/json; charset=utf-8
host: localhost:63529
accept: */*

Response DefaultHttpResponse(decodeResult: success, version: HTTP/1.1)
HTTP/1.1 200 OK
Content-Type: application/json; charset=utf-8
cache-control: no-cache
content-length: 14

16:22:21.405 [AsyncHttpClient-1-4] DEBUG org.asynchttpclient.netty.channel.ChannelManager - Adding key: http://localhost:63529 for channel [id: 0x7fa20955, L:/127.0.0.1:9890 - R:localhost/127.0.0.1:63529]
16:22:21.410 [Forwarding setTimeout on session 074d4e6ee4cddc0e1687eb24d81880b8 to remote] DEBUG org.asynchttpclient.netty.request.NettyRequestSender - Using pooled Channel '[id: 0x7fa20955, L:/127.0.0.1:9890 - R:localhost/127.0.0.1:63529]' for 'POST' to 'http://localhost:63529/session/074d4e6ee4cddc0e1687eb24d81880b8/timeouts'
16:22:21.410 [Forwarding setTimeout on session 074d4e6ee4cddc0e1687eb24d81880b8 to remote] DEBUG org.asynchttpclient.netty.request.NettyRequestSender - Using open Channel [id: 0x7fa20955, L:/127.0.0.1:9890 - R:localhost/127.0.0.1:63529] for POST '/session/074d4e6ee4cddc0e1687eb24d81880b8/timeouts'
16:22:21.420 [AsyncHttpClient-1-4] DEBUG org.asynchttpclient.netty.handler.HttpHandler - 

Request DefaultHttpRequest(decodeResult: success, version: HTTP/1.1)
POST /session/074d4e6ee4cddc0e1687eb24d81880b8/timeouts HTTP/1.1
User-Agent: selenium/4.1.2 (java windows)
Content-Length: 22
Content-Type: application/json; charset=utf-8
host: localhost:63529
accept: */*

Response DefaultHttpResponse(decodeResult: success, version: HTTP/1.1)
HTTP/1.1 200 OK
Content-Type: application/json; charset=utf-8
cache-control: no-cache
content-length: 14

16:22:21.420 [AsyncHttpClient-1-4] DEBUG org.asynchttpclient.netty.channel.ChannelManager - Adding key: http://localhost:63529 for channel [id: 0x7fa20955, L:/127.0.0.1:9890 - R:localhost/127.0.0.1:63529]
16:22:21.431 [Forwarding getCurrentUrl on session 074d4e6ee4cddc0e1687eb24d81880b8 to remote] DEBUG org.asynchttpclient.netty.request.NettyRequestSender - Using pooled Channel '[id: 0x7fa20955, L:/127.0.0.1:9890 - R:localhost/127.0.0.1:63529]' for 'GET' to 'http://localhost:63529/session/074d4e6ee4cddc0e1687eb24d81880b8/url'
16:22:21.431 [Forwarding getCurrentUrl on session 074d4e6ee4cddc0e1687eb24d81880b8 to remote] DEBUG org.asynchttpclient.netty.request.NettyRequestSender - Using open Channel [id: 0x7fa20955, L:/127.0.0.1:9890 - R:localhost/127.0.0.1:63529] for GET '/session/074d4e6ee4cddc0e1687eb24d81880b8/url'
16:22:21.440 [AsyncHttpClient-1-4] DEBUG org.asynchttpclient.netty.handler.HttpHandler - 

Request DefaultFullHttpRequest(decodeResult: success, version: HTTP/1.1, content: EmptyByteBufBE)
GET /session/074d4e6ee4cddc0e1687eb24d81880b8/url HTTP/1.1
User-Agent: selenium/4.1.2 (java windows)
Cache-Control: no-cache
Content-Type: application/json; charset=utf-8
host: localhost:63529
accept: */*

Response DefaultHttpResponse(decodeResult: success, version: HTTP/1.1)
HTTP/1.1 200 OK
Content-Type: application/json; charset=utf-8
cache-control: no-cache
content-length: 36

16:22:21.440 [AsyncHttpClient-1-4] DEBUG org.asynchttpclient.netty.channel.ChannelManager - Adding key: http://localhost:63529 for channel [id: 0x7fa20955, L:/127.0.0.1:9890 - R:localhost/127.0.0.1:63529]
  &amp#27;[32mGiven &amp#27;[0m&amp#27;[32mI am on the book page&amp#27;[0m                                         &amp#27;[90m# starter.stepdefinitions.CollectionStep.iAmOnTheBookPage()&amp#27;[0m
16:22:21.455 [Forwarding screenshot on session 074d4e6ee4cddc0e1687eb24d81880b8 to remote] DEBUG org.asynchttpclient.netty.request.NettyRequestSender - Using pooled Channel '[id: 0x7fa20955, L:/127.0.0.1:9890 - R:localhost/127.0.0.1:63529]' for 'GET' to 'http://localhost:63529/session/074d4e6ee4cddc0e1687eb24d81880b8/screenshot'
16:22:21.455 [Forwarding screenshot on session 074d4e6ee4cddc0e1687eb24d81880b8 to remote] DEBUG org.asynchttpclient.netty.request.NettyRequestSender - Using open Channel [id: 0x7fa20955, L:/127.0.0.1:9890 - R:localhost/127.0.0.1:63529] for GET '/session/074d4e6ee4cddc0e1687eb24d81880b8/screenshot'
16:22:21.646 [AsyncHttpClient-1-4] DEBUG org.asynchttpclient.netty.handler.HttpHandler - 

Request DefaultFullHttpRequest(decodeResult: success, version: HTTP/1.1, content: EmptyByteBufBE)
GET /session/074d4e6ee4cddc0e1687eb24d81880b8/screenshot HTTP/1.1
User-Agent: selenium/4.1.2 (java windows)
Cache-Control: no-cache
Content-Type: application/json; charset=utf-8
host: localhost:63529
accept: */*

Response DefaultHttpResponse(decodeResult: success, version: HTTP/1.1)
HTTP/1.1 200 OK
Content-Type: application/json; charset=utf-8
cache-control: no-cache
content-length: 236248

16:22:21.648 [AsyncHttpClient-1-4] DEBUG org.asynchttpclient.netty.channel.ChannelManager - Adding key: http://localhost:63529 for channel [id: 0x7fa20955, L:/127.0.0.1:9890 - R:localhost/127.0.0.1:63529]
16:22:21.712 [main] DEBUG net.serenitybdd.core.photography.Darkroom - Send negative for processing for target\site\serenity\941ed488d444d8071a3bcf90b2840a296d1f8af26887a8a5f5435cf8712b8a16.png
16:22:21.712 [Darkroom Processing Line] DEBUG net.serenitybdd.core.photography.DarkroomProcessingLine - Processing screenshot image in /var/screenshots/screenshot-15971194624431437080
16:22:21.712 [Darkroom Processing Line] DEBUG net.serenitybdd.core.photography.DarkroomProcessingLine - Saving screenshot to target\site\serenity\941ed488d444d8071a3bcf90b2840a296d1f8af26887a8a5f5435cf8712b8a16.png
16:22:21.732 [Forwarding findElement on session 074d4e6ee4cddc0e1687eb24d81880b8 to remote] DEBUG org.asynchttpclient.netty.request.NettyRequestSender - Using pooled Channel '[id: 0x7fa20955, L:/127.0.0.1:9890 - R:localhost/127.0.0.1:63529]' for 'POST' to 'http://localhost:63529/session/074d4e6ee4cddc0e1687eb24d81880b8/element'
16:22:21.733 [Forwarding findElement on session 074d4e6ee4cddc0e1687eb24d81880b8 to remote] DEBUG org.asynchttpclient.netty.request.NettyRequestSender - Using open Channel [id: 0x7fa20955, L:/127.0.0.1:9890 - R:localhost/127.0.0.1:63529] for POST '/session/074d4e6ee4cddc0e1687eb24d81880b8/element'
16:22:21.766 [AsyncHttpClient-1-4] DEBUG org.asynchttpclient.netty.handler.HttpHandler - 

Request DefaultHttpRequest(decodeResult: success, version: HTTP/1.1)
POST /session/074d4e6ee4cddc0e1687eb24d81880b8/element HTTP/1.1
User-Agent: selenium/4.1.2 (java windows)
Content-Length: 101
Content-Type: application/json; charset=utf-8
host: localhost:63529
accept: */*

Response DefaultHttpResponse(decodeResult: success, version: HTTP/1.1)
HTTP/1.1 200 OK
Content-Type: application/json; charset=utf-8
cache-control: no-cache
content-length: 88

16:22:21.767 [AsyncHttpClient-1-4] DEBUG org.asynchttpclient.netty.channel.ChannelManager - Adding key: http://localhost:63529 for channel [id: 0x7fa20955, L:/127.0.0.1:9890 - R:localhost/127.0.0.1:63529]
16:22:21.770 [Forwarding getElementTagName on session 074d4e6ee4cddc0e1687eb24d81880b8 to remote] DEBUG org.asynchttpclient.netty.request.NettyRequestSender - Using pooled Channel '[id: 0x7fa20955, L:/127.0.0.1:9890 - R:localhost/127.0.0.1:63529]' for 'GET' to 'http://localhost:63529/session/074d4e6ee4cddc0e1687eb24d81880b8/element/0bd5d496-da2b-4888-91d7-a7d271cfc81f/name'
16:22:21.770 [Forwarding getElementTagName on session 074d4e6ee4cddc0e1687eb24d81880b8 to remote] DEBUG org.asynchttpclient.netty.request.NettyRequestSender - Using open Channel [id: 0x7fa20955, L:/127.0.0.1:9890 - R:localhost/127.0.0.1:63529] for GET '/session/074d4e6ee4cddc0e1687eb24d81880b8/element/0bd5d496-da2b-4888-91d7-a7d271cfc81f/name'
16:22:21.778 [AsyncHttpClient-1-4] DEBUG org.asynchttpclient.netty.handler.HttpHandler - 

Request DefaultFullHttpRequest(decodeResult: success, version: HTTP/1.1, content: EmptyByteBufBE)
GET /session/074d4e6ee4cddc0e1687eb24d81880b8/element/0bd5d496-da2b-4888-91d7-a7d271cfc81f/name HTTP/1.1
User-Agent: selenium/4.1.2 (java windows)
Cache-Control: no-cache
Content-Type: application/json; charset=utf-8
host: localhost:63529
accept: */*

Response DefaultHttpResponse(decodeResult: success, version: HTTP/1.1)
HTTP/1.1 200 OK
Content-Type: application/json; charset=utf-8
cache-control: no-cache
content-length: 16

16:22:21.778 [AsyncHttpClient-1-4] DEBUG org.asynchttpclient.netty.channel.ChannelManager - Adding key: http://localhost:63529 for channel [id: 0x7fa20955, L:/127.0.0.1:9890 - R:localhost/127.0.0.1:63529]
16:22:21.780 [Forwarding getElementTagName on session 074d4e6ee4cddc0e1687eb24d81880b8 to remote] DEBUG org.asynchttpclient.netty.request.NettyRequestSender - Using pooled Channel '[id: 0x7fa20955, L:/127.0.0.1:9890 - R:localhost/127.0.0.1:63529]' for 'GET' to 'http://localhost:63529/session/074d4e6ee4cddc0e1687eb24d81880b8/element/0bd5d496-da2b-4888-91d7-a7d271cfc81f/name'
16:22:21.780 [Forwarding getElementTagName on session 074d4e6ee4cddc0e1687eb24d81880b8 to remote] DEBUG org.asynchttpclient.netty.request.NettyRequestSender - Using open Channel [id: 0x7fa20955, L:/127.0.0.1:9890 - R:localhost/127.0.0.1:63529] for GET '/session/074d4e6ee4cddc0e1687eb24d81880b8/element/0bd5d496-da2b-4888-91d7-a7d271cfc81f/name'
16:22:21.784 [AsyncHttpClient-1-4] DEBUG org.asynchttpclient.netty.handler.HttpHandler - 

Request DefaultFullHttpRequest(decodeResult: success, version: HTTP/1.1, content: EmptyByteBufBE)
GET /session/074d4e6ee4cddc0e1687eb24d81880b8/element/0bd5d496-da2b-4888-91d7-a7d271cfc81f/name HTTP/1.1
User-Agent: selenium/4.1.2 (java windows)
Cache-Control: no-cache
Content-Type: application/json; charset=utf-8
host: localhost:63529
accept: */*

Response DefaultHttpResponse(decodeResult: success, version: HTTP/1.1)
HTTP/1.1 200 OK
Content-Type: application/json; charset=utf-8
cache-control: no-cache
content-length: 16

16:22:21.784 [AsyncHttpClient-1-4] DEBUG org.asynchttpclient.netty.channel.ChannelManager - Adding key: http://localhost:63529 for channel [id: 0x7fa20955, L:/127.0.0.1:9890 - R:localhost/127.0.0.1:63529]
16:22:21.786 [Forwarding findElement on session 074d4e6ee4cddc0e1687eb24d81880b8 to remote] DEBUG org.asynchttpclient.netty.request.NettyRequestSender - Using pooled Channel '[id: 0x7fa20955, L:/127.0.0.1:9890 - R:localhost/127.0.0.1:63529]' for 'POST' to 'http://localhost:63529/session/074d4e6ee4cddc0e1687eb24d81880b8/element'
16:22:21.786 [Forwarding findElement on session 074d4e6ee4cddc0e1687eb24d81880b8 to remote] DEBUG org.asynchttpclient.netty.request.NettyRequestSender - Using open Channel [id: 0x7fa20955, L:/127.0.0.1:9890 - R:localhost/127.0.0.1:63529] for POST '/session/074d4e6ee4cddc0e1687eb24d81880b8/element'
16:22:21.795 [AsyncHttpClient-1-4] DEBUG org.asynchttpclient.netty.handler.HttpHandler - 

Request DefaultHttpRequest(decodeResult: success, version: HTTP/1.1)
POST /session/074d4e6ee4cddc0e1687eb24d81880b8/element HTTP/1.1
User-Agent: selenium/4.1.2 (java windows)
Content-Length: 101
Content-Type: application/json; charset=utf-8
host: localhost:63529
accept: */*

Response DefaultHttpResponse(decodeResult: success, version: HTTP/1.1)
HTTP/1.1 200 OK
Content-Type: application/json; charset=utf-8
cache-control: no-cache
content-length: 88

16:22:21.795 [AsyncHttpClient-1-4] DEBUG org.asynchttpclient.netty.channel.ChannelManager - Adding key: http://localhost:63529 for channel [id: 0x7fa20955, L:/127.0.0.1:9890 - R:localhost/127.0.0.1:63529]
16:22:21.797 [Forwarding clickElement on session 074d4e6ee4cddc0e1687eb24d81880b8 to remote] DEBUG org.asynchttpclient.netty.request.NettyRequestSender - Using pooled Channel '[id: 0x7fa20955, L:/127.0.0.1:9890 - R:localhost/127.0.0.1:63529]' for 'POST' to 'http://localhost:63529/session/074d4e6ee4cddc0e1687eb24d81880b8/element/0bd5d496-da2b-4888-91d7-a7d271cfc81f/click'
16:22:21.797 [Forwarding clickElement on session 074d4e6ee4cddc0e1687eb24d81880b8 to remote] DEBUG org.asynchttpclient.netty.request.NettyRequestSender - Using open Channel [id: 0x7fa20955, L:/127.0.0.1:9890 - R:localhost/127.0.0.1:63529] for POST '/session/074d4e6ee4cddc0e1687eb24d81880b8/element/0bd5d496-da2b-4888-91d7-a7d271cfc81f/click'
16:22:21.864 [AsyncHttpClient-1-1] DEBUG org.asynchttpclient.netty.channel.DefaultChannelPool - Entry count for : http://localhost:9893 : 1
16:22:22.962 [AsyncHttpClient-1-1] DEBUG org.asynchttpclient.netty.channel.DefaultChannelPool - Entry count for : http://localhost:9893 : 1
16:22:24.067 [AsyncHttpClient-1-1] DEBUG org.asynchttpclient.netty.channel.DefaultChannelPool - Entry count for : http://localhost:9893 : 1
16:22:25.162 [AsyncHttpClient-1-1] DEBUG org.asynchttpclient.netty.channel.DefaultChannelPool - Entry count for : http://localhost:9893 : 1
16:22:26.266 [AsyncHttpClient-1-1] DEBUG org.asynchttpclient.netty.channel.DefaultChannelPool - Entry count for : http://localhost:9893 : 1
16:22:26.568 [AsyncHttpClient-1-4] DEBUG org.asynchttpclient.netty.handler.HttpHandler - 

Request DefaultHttpRequest(decodeResult: success, version: HTTP/1.1)
POST /session/074d4e6ee4cddc0e1687eb24d81880b8/element/0bd5d496-da2b-4888-91d7-a7d271cfc81f/click HTTP/1.1
User-Agent: selenium/4.1.2 (java windows)
Content-Length: 50
Content-Type: application/json; charset=utf-8
host: localhost:63529
accept: */*

Response DefaultHttpResponse(decodeResult: success, version: HTTP/1.1)
HTTP/1.1 200 OK
Content-Type: application/json; charset=utf-8
cache-control: no-cache
content-length: 14

16:22:26.569 [AsyncHttpClient-1-4] DEBUG org.asynchttpclient.netty.channel.ChannelManager - Adding key: http://localhost:63529 for channel [id: 0x7fa20955, L:/127.0.0.1:9890 - R:localhost/127.0.0.1:63529]
  &amp#27;[32mWhen &amp#27;[0m&amp#27;[32mI click Eloquent JavaScript, Second Edition&amp#27;[0m                    &amp#27;[90m# starter.stepdefinitions.CollectionStep.iClickEloquentJavaScriptSecondEdition()&amp#27;[0m
16:22:26.590 [Forwarding screenshot on session 074d4e6ee4cddc0e1687eb24d81880b8 to remote] DEBUG org.asynchttpclient.netty.request.NettyRequestSender - Using pooled Channel '[id: 0x7fa20955, L:/127.0.0.1:9890 - R:localhost/127.0.0.1:63529]' for 'GET' to 'http://localhost:63529/session/074d4e6ee4cddc0e1687eb24d81880b8/screenshot'
16:22:26.591 [Forwarding screenshot on session 074d4e6ee4cddc0e1687eb24d81880b8 to remote] DEBUG org.asynchttpclient.netty.request.NettyRequestSender - Using open Channel [id: 0x7fa20955, L:/127.0.0.1:9890 - R:localhost/127.0.0.1:63529] for GET '/session/074d4e6ee4cddc0e1687eb24d81880b8/screenshot'
16:22:26.777 [AsyncHttpClient-1-4] DEBUG org.asynchttpclient.netty.handler.HttpHandler - 

Request DefaultFullHttpRequest(decodeResult: success, version: HTTP/1.1, content: EmptyByteBufBE)
GET /session/074d4e6ee4cddc0e1687eb24d81880b8/screenshot HTTP/1.1
User-Agent: selenium/4.1.2 (java windows)
Cache-Control: no-cache
Content-Type: application/json; charset=utf-8
host: localhost:63529
accept: */*

Response DefaultHttpResponse(decodeResult: success, version: HTTP/1.1)
HTTP/1.1 200 OK
Content-Type: application/json; charset=utf-8
cache-control: no-cache
content-length: 203876

16:22:26.778 [AsyncHttpClient-1-4] DEBUG org.asynchttpclient.netty.channel.ChannelManager - Adding key: http://localhost:63529 for channel [id: 0x7fa20955, L:/127.0.0.1:9890 - R:localhost/127.0.0.1:63529]
16:22:26.790 [main] DEBUG net.serenitybdd.core.photography.Darkroom - Send negative for processing for target\site\serenity\80d184a52a2ea0684473179bca54e10aaa405f2451374c4912d71311f05a6099.png
16:22:26.790 [Darkroom Processing Line] DEBUG net.serenitybdd.core.photography.DarkroomProcessingLine - Processing screenshot image in /var/screenshots/screenshot-4410905249330193326
16:22:26.790 [Darkroom Processing Line] DEBUG net.serenitybdd.core.photography.DarkroomProcessingLine - Saving screenshot to target\site\serenity\80d184a52a2ea0684473179bca54e10aaa405f2451374c4912d71311f05a6099.png
16:22:26.808 [Forwarding findElement on session 074d4e6ee4cddc0e1687eb24d81880b8 to remote] DEBUG org.asynchttpclient.netty.request.NettyRequestSender - Using pooled Channel '[id: 0x7fa20955, L:/127.0.0.1:9890 - R:localhost/127.0.0.1:63529]' for 'POST' to 'http://localhost:63529/session/074d4e6ee4cddc0e1687eb24d81880b8/element'
16:22:26.808 [Forwarding findElement on session 074d4e6ee4cddc0e1687eb24d81880b8 to remote] DEBUG org.asynchttpclient.netty.request.NettyRequestSender - Using open Channel [id: 0x7fa20955, L:/127.0.0.1:9890 - R:localhost/127.0.0.1:63529] for POST '/session/074d4e6ee4cddc0e1687eb24d81880b8/element'
16:22:26.847 [AsyncHttpClient-1-4] DEBUG org.asynchttpclient.netty.handler.HttpHandler - 

Request DefaultHttpRequest(decodeResult: success, version: HTTP/1.1)
POST /session/074d4e6ee4cddc0e1687eb24d81880b8/element HTTP/1.1
User-Agent: selenium/4.1.2 (java windows)
Content-Length: 81
Content-Type: application/json; charset=utf-8
host: localhost:63529
accept: */*

Response DefaultHttpResponse(decodeResult: success, version: HTTP/1.1)
HTTP/1.1 200 OK
Content-Type: application/json; charset=utf-8
cache-control: no-cache
content-length: 88

16:22:26.847 [AsyncHttpClient-1-4] DEBUG org.asynchttpclient.netty.channel.ChannelManager - Adding key: http://localhost:63529 for channel [id: 0x7fa20955, L:/127.0.0.1:9890 - R:localhost/127.0.0.1:63529]
16:22:26.853 [Forwarding getElementTagName on session 074d4e6ee4cddc0e1687eb24d81880b8 to remote] DEBUG org.asynchttpclient.netty.request.NettyRequestSender - Using pooled Channel '[id: 0x7fa20955, L:/127.0.0.1:9890 - R:localhost/127.0.0.1:63529]' for 'GET' to 'http://localhost:63529/session/074d4e6ee4cddc0e1687eb24d81880b8/element/a0c2c31f-af73-4ac3-92fa-aefa0f3fd43d/name'
16:22:26.853 [Forwarding getElementTagName on session 074d4e6ee4cddc0e1687eb24d81880b8 to remote] DEBUG org.asynchttpclient.netty.request.NettyRequestSender - Using open Channel [id: 0x7fa20955, L:/127.0.0.1:9890 - R:localhost/127.0.0.1:63529] for GET '/session/074d4e6ee4cddc0e1687eb24d81880b8/element/a0c2c31f-af73-4ac3-92fa-aefa0f3fd43d/name'
16:22:27.026 [AsyncHttpClient-1-4] DEBUG org.asynchttpclient.netty.handler.HttpHandler - 

Request DefaultFullHttpRequest(decodeResult: success, version: HTTP/1.1, content: EmptyByteBufBE)
GET /session/074d4e6ee4cddc0e1687eb24d81880b8/element/a0c2c31f-af73-4ac3-92fa-aefa0f3fd43d/name HTTP/1.1
User-Agent: selenium/4.1.2 (java windows)
Cache-Control: no-cache
Content-Type: application/json; charset=utf-8
host: localhost:63529
accept: */*

Response DefaultHttpResponse(decodeResult: success, version: HTTP/1.1)
HTTP/1.1 200 OK
Content-Type: application/json; charset=utf-8
cache-control: no-cache
content-length: 15

16:22:27.026 [AsyncHttpClient-1-4] DEBUG org.asynchttpclient.netty.channel.ChannelManager - Adding key: http://localhost:63529 for channel [id: 0x7fa20955, L:/127.0.0.1:9890 - R:localhost/127.0.0.1:63529]
16:22:27.029 [Forwarding getElementTagName on session 074d4e6ee4cddc0e1687eb24d81880b8 to remote] DEBUG org.asynchttpclient.netty.request.NettyRequestSender - Using pooled Channel '[id: 0x7fa20955, L:/127.0.0.1:9890 - R:localhost/127.0.0.1:63529]' for 'GET' to 'http://localhost:63529/session/074d4e6ee4cddc0e1687eb24d81880b8/element/a0c2c31f-af73-4ac3-92fa-aefa0f3fd43d/name'
16:22:27.029 [Forwarding getElementTagName on session 074d4e6ee4cddc0e1687eb24d81880b8 to remote] DEBUG org.asynchttpclient.netty.request.NettyRequestSender - Using open Channel [id: 0x7fa20955, L:/127.0.0.1:9890 - R:localhost/127.0.0.1:63529] for GET '/session/074d4e6ee4cddc0e1687eb24d81880b8/element/a0c2c31f-af73-4ac3-92fa-aefa0f3fd43d/name'
16:22:27.041 [AsyncHttpClient-1-4] DEBUG org.asynchttpclient.netty.handler.HttpHandler - 

Request DefaultFullHttpRequest(decodeResult: success, version: HTTP/1.1, content: EmptyByteBufBE)
GET /session/074d4e6ee4cddc0e1687eb24d81880b8/element/a0c2c31f-af73-4ac3-92fa-aefa0f3fd43d/name HTTP/1.1
User-Agent: selenium/4.1.2 (java windows)
Cache-Control: no-cache
Content-Type: application/json; charset=utf-8
host: localhost:63529
accept: */*

Response DefaultHttpResponse(decodeResult: success, version: HTTP/1.1)
HTTP/1.1 200 OK
Content-Type: application/json; charset=utf-8
cache-control: no-cache
content-length: 15

16:22:27.042 [AsyncHttpClient-1-4] DEBUG org.asynchttpclient.netty.channel.ChannelManager - Adding key: http://localhost:63529 for channel [id: 0x7fa20955, L:/127.0.0.1:9890 - R:localhost/127.0.0.1:63529]
16:22:27.047 [Forwarding findElement on session 074d4e6ee4cddc0e1687eb24d81880b8 to remote] DEBUG org.asynchttpclient.netty.request.NettyRequestSender - Using pooled Channel '[id: 0x7fa20955, L:/127.0.0.1:9890 - R:localhost/127.0.0.1:63529]' for 'POST' to 'http://localhost:63529/session/074d4e6ee4cddc0e1687eb24d81880b8/element'
16:22:27.047 [Forwarding findElement on session 074d4e6ee4cddc0e1687eb24d81880b8 to remote] DEBUG org.asynchttpclient.netty.request.NettyRequestSender - Using open Channel [id: 0x7fa20955, L:/127.0.0.1:9890 - R:localhost/127.0.0.1:63529] for POST '/session/074d4e6ee4cddc0e1687eb24d81880b8/element'
16:22:27.075 [AsyncHttpClient-1-4] DEBUG org.asynchttpclient.netty.handler.HttpHandler - 

Request DefaultHttpRequest(decodeResult: success, version: HTTP/1.1)
POST /session/074d4e6ee4cddc0e1687eb24d81880b8/element HTTP/1.1
User-Agent: selenium/4.1.2 (java windows)
Content-Length: 81
Content-Type: application/json; charset=utf-8
host: localhost:63529
accept: */*

Response DefaultHttpResponse(decodeResult: success, version: HTTP/1.1)
HTTP/1.1 200 OK
Content-Type: application/json; charset=utf-8
cache-control: no-cache
content-length: 88

16:22:27.076 [AsyncHttpClient-1-4] DEBUG org.asynchttpclient.netty.channel.ChannelManager - Adding key: http://localhost:63529 for channel [id: 0x7fa20955, L:/127.0.0.1:9890 - R:localhost/127.0.0.1:63529]
16:22:27.081 [Forwarding clickElement on session 074d4e6ee4cddc0e1687eb24d81880b8 to remote] DEBUG org.asynchttpclient.netty.request.NettyRequestSender - Using pooled Channel '[id: 0x7fa20955, L:/127.0.0.1:9890 - R:localhost/127.0.0.1:63529]' for 'POST' to 'http://localhost:63529/session/074d4e6ee4cddc0e1687eb24d81880b8/element/a0c2c31f-af73-4ac3-92fa-aefa0f3fd43d/click'
16:22:27.081 [Forwarding clickElement on session 074d4e6ee4cddc0e1687eb24d81880b8 to remote] DEBUG org.asynchttpclient.netty.request.NettyRequestSender - Using open Channel [id: 0x7fa20955, L:/127.0.0.1:9890 - R:localhost/127.0.0.1:63529] for POST '/session/074d4e6ee4cddc0e1687eb24d81880b8/element/a0c2c31f-af73-4ac3-92fa-aefa0f3fd43d/click'
16:22:27.363 [AsyncHttpClient-1-1] DEBUG org.asynchttpclient.netty.channel.DefaultChannelPool - Entry count for : http://localhost:9893 : 1
16:22:27.564 [AsyncHttpClient-1-4] DEBUG org.asynchttpclient.netty.handler.HttpHandler - 

Request DefaultHttpRequest(decodeResult: success, version: HTTP/1.1)
POST /session/074d4e6ee4cddc0e1687eb24d81880b8/element/a0c2c31f-af73-4ac3-92fa-aefa0f3fd43d/click HTTP/1.1
User-Agent: selenium/4.1.2 (java windows)
Content-Length: 50
Content-Type: application/json; charset=utf-8
host: localhost:63529
accept: */*

Response DefaultHttpResponse(decodeResult: success, version: HTTP/1.1)
HTTP/1.1 200 OK
Content-Type: application/json; charset=utf-8
cache-control: no-cache
content-length: 14

16:22:27.564 [AsyncHttpClient-1-4] DEBUG org.asynchttpclient.netty.channel.ChannelManager - Adding key: http://localhost:63529 for channel [id: 0x7fa20955, L:/127.0.0.1:9890 - R:localhost/127.0.0.1:63529]
  &amp#27;[32mThen &amp#27;[0m&amp#27;[32mI will get information&amp#27;[0m                                         &amp#27;[90m# starter.stepdefinitions.CollectionStep.iWillGetPageMessage()&amp#27;[0m
16:22:27.582 [Forwarding screenshot on session 074d4e6ee4cddc0e1687eb24d81880b8 to remote] DEBUG org.asynchttpclient.netty.request.NettyRequestSender - Using pooled Channel '[id: 0x7fa20955, L:/127.0.0.1:9890 - R:localhost/127.0.0.1:63529]' for 'GET' to 'http://localhost:63529/session/074d4e6ee4cddc0e1687eb24d81880b8/screenshot'
16:22:27.582 [Forwarding screenshot on session 074d4e6ee4cddc0e1687eb24d81880b8 to remote] DEBUG org.asynchttpclient.netty.request.NettyRequestSender - Using open Channel [id: 0x7fa20955, L:/127.0.0.1:9890 - R:localhost/127.0.0.1:63529] for GET '/session/074d4e6ee4cddc0e1687eb24d81880b8/screenshot'
16:22:27.832 [AsyncHttpClient-1-4] DEBUG org.asynchttpclient.netty.handler.HttpHandler - 

Request DefaultFullHttpRequest(decodeResult: success, version: HTTP/1.1, content: EmptyByteBufBE)
GET /session/074d4e6ee4cddc0e1687eb24d81880b8/screenshot HTTP/1.1
User-Agent: selenium/4.1.2 (java windows)
Cache-Control: no-cache
Content-Type: application/json; charset=utf-8
host: localhost:63529
accept: */*

Response DefaultHttpResponse(decodeResult: success, version: HTTP/1.1)
HTTP/1.1 200 OK
Content-Type: application/json; charset=utf-8
cache-control: no-cache
content-length: 216340

16:22:27.834 [AsyncHttpClient-1-4] DEBUG org.asynchttpclient.netty.channel.ChannelManager - Adding key: http://localhost:63529 for channel [id: 0x7fa20955, L:/127.0.0.1:9890 - R:localhost/127.0.0.1:63529]
16:22:27.854 [main] DEBUG net.serenitybdd.core.photography.Darkroom - Send negative for processing for target\site\serenity\8d955b00e6e9e83bd0e3883e1235e0715bd438684011e26e51145f9cfd5bdd66.png
16:22:27.855 [Darkroom Processing Line] DEBUG net.serenitybdd.core.photography.DarkroomProcessingLine - Processing screenshot image in /var/screenshots/screenshot-10511239927302326838
16:22:27.856 [Darkroom Processing Line] DEBUG net.serenitybdd.core.photography.DarkroomProcessingLine - Saving screenshot to target\site\serenity\8d955b00e6e9e83bd0e3883e1235e0715bd438684011e26e51145f9cfd5bdd66.png
16:22:27.859 [main] INFO  - 
  _____   ___   ___   _____     ___     _     ___   ___   ___   ___  
 |_   _| | __| / __| |_   _|   | _ \   /_\   / __| / __| | __| |   \ 
   | |   | _|  \__ \   | |     |  _/  / _ \  \__ \ \__ \ | _|  | |) |
   |_|   |___| |___/   |_|     |_|   /_/ \_\ |___/ |___/ |___| |___/ 

See Information of Eloquent JavaScript, Second Edition Book
----------------------------------------------------------------------
16:22:27.862 [AsyncHttpClient-1-6] DEBUG org.asynchttpclient.netty.handler.WebSocketHandler - Channel Closed: [id: 0xea59e40d, L:/127.0.0.1:9900 ! R:localhost/127.0.0.1:9893] with attribute NettyResponseFuture{currentRetry=5,
	isDone=1,
	isCancelled=0,
	asyncHandler=org.asynchttpclient.ws.WebSocketUpgradeHandler@31facec3,
	nettyRequest=org.asynchttpclient.netty.request.NettyRequest@7985dcfd,
	future=java.util.concurrent.CompletableFuture@2e763378[Completed normally],
	uri=ws://localhost:9893/devtools/browser/59008554-d367-421c-8a44-85f3441c8222,
	keepAlive=true,
	redirectCount=0,
	timeoutsHolder=null,
	inAuth=0,
	touch=1664875323506}
16:22:27.862 [AsyncHttpClient-1-6] DEBUG org.asynchttpclient.netty.channel.ChannelManager - Closing Channel [id: 0xea59e40d, L:/127.0.0.1:9900 ! R:localhost/127.0.0.1:9893] 
16:22:27.869 [Driver Command Executor] DEBUG org.asynchttpclient.netty.request.NettyRequestSender - Using pooled Channel '[id: 0x7fa20955, L:/127.0.0.1:9890 - R:localhost/127.0.0.1:63529]' for 'DELETE' to 'http://localhost:63529/session/074d4e6ee4cddc0e1687eb24d81880b8'
16:22:27.870 [Driver Command Executor] DEBUG org.asynchttpclient.netty.request.NettyRequestSender - Using open Channel [id: 0x7fa20955, L:/127.0.0.1:9890 - R:localhost/127.0.0.1:63529] for DELETE '/session/074d4e6ee4cddc0e1687eb24d81880b8'
16:22:28.473 [AsyncHttpClient-1-1] DEBUG org.asynchttpclient.netty.channel.DefaultChannelPool - Entry count for : http://localhost:9893 : 1
16:22:28.829 [AsyncHttpClient-1-5] DEBUG org.asynchttpclient.netty.handler.HttpHandler - Unexpected I/O exception on channel [id: 0xab17b78a, L:/127.0.0.1:9899 - R:localhost/127.0.0.1:9893]
java.io.IOException: An existing connection was forcibly closed by the remote host
	at java.base/sun.nio.ch.SocketDispatcher.read0(Native Method)
	at java.base/sun.nio.ch.SocketDispatcher.read(SocketDispatcher.java:43)
	at java.base/sun.nio.ch.IOUtil.readIntoNativeBuffer(IOUtil.java:276)
	at java.base/sun.nio.ch.IOUtil.read(IOUtil.java:233)
	at java.base/sun.nio.ch.IOUtil.read(IOUtil.java:223)
	at java.base/sun.nio.ch.SocketChannelImpl.read(SocketChannelImpl.java:358)
	at io.netty.buffer.PooledByteBuf.setBytes(PooledByteBuf.java:258)
	at io.netty.buffer.AbstractByteBuf.writeBytes(AbstractByteBuf.java:1132)
	at io.netty.channel.socket.nio.NioSocketChannel.doReadBytes(NioSocketChannel.java:350)
	at io.netty.channel.nio.AbstractNioByteChannel$NioByteUnsafe.read(AbstractNioByteChannel.java:151)
	at io.netty.channel.nio.NioEventLoop.processSelectedKey(NioEventLoop.java:722)
	at io.netty.channel.nio.NioEventLoop.processSelectedKeysOptimized(NioEventLoop.java:658)
	at io.netty.channel.nio.NioEventLoop.processSelectedKeys(NioEventLoop.java:584)
	at io.netty.channel.nio.NioEventLoop.run(NioEventLoop.java:496)
	at io.netty.util.concurrent.SingleThreadEventExecutor$4.run(SingleThreadEventExecutor.java:986)
	at io.netty.util.internal.ThreadExecutorMap$2.run(ThreadExecutorMap.java:74)
	at io.netty.util.concurrent.FastThreadLocalRunnable.run(FastThreadLocalRunnable.java:30)
	at java.base/java.lang.Thread.run(Thread.java:834)
16:22:28.830 [AsyncHttpClient-1-5] DEBUG org.asynchttpclient.netty.channel.ChannelManager - Closing Channel [id: 0xab17b78a, L:/127.0.0.1:9899 - R:localhost/127.0.0.1:9893] 
16:22:28.831 [AsyncHttpClient-1-5] DEBUG org.asynchttpclient.netty.handler.HttpHandler - Channel Closed: [id: 0xab17b78a, L:/127.0.0.1:9899 ! R:localhost/127.0.0.1:9893] with attribute DISCARD
16:22:28.871 [AsyncHttpClient-1-4] DEBUG org.asynchttpclient.netty.handler.HttpHandler - 

Request DefaultFullHttpRequest(decodeResult: success, version: HTTP/1.1, content: EmptyByteBufBE)
DELETE /session/074d4e6ee4cddc0e1687eb24d81880b8 HTTP/1.1
User-Agent: selenium/4.1.2 (java windows)
Content-Type: application/json; charset=utf-8
host: localhost:63529
accept: */*

Response DefaultHttpResponse(decodeResult: success, version: HTTP/1.1)
HTTP/1.1 200 OK
Content-Type: application/json; charset=utf-8
cache-control: no-cache
content-length: 14

16:22:28.871 [AsyncHttpClient-1-4] DEBUG org.asynchttpclient.netty.channel.ChannelManager - Adding key: http://localhost:63529 for channel [id: 0x7fa20955, L:/127.0.0.1:9890 - R:localhost/127.0.0.1:63529]
16:22:29.049 [AsyncHttpClient-1-4] DEBUG org.asynchttpclient.netty.handler.HttpHandler - Channel Closed: [id: 0x7fa20955, L:/127.0.0.1:9890 ! R:localhost/127.0.0.1:63529] with attribute DISCARD
]]></system-out>
    <system-err><![CDATA[Starting Microsoft Edge WebDriver 105.0.1343.53 (3a47f00402d579c8ba1fad7e143f9d73831b6765) on port 63529
To submit feedback, report a bug, or suggest new features, please visit https://github.com/MicrosoftEdge/EdgeWebDriver

Only local connections are allowed.
Please see https://aka.ms/WebDriverSecurity for suggestions on keeping Microsoft Edge WebDriver safe.

Microsoft Edge WebDriver was started successfully.
Oct 04, 2022 4:22:03 PM org.openqa.selenium.remote.ProtocolHandshake createSession
INFO: Detected dialect: W3C
Oct 04, 2022 4:22:03 PM org.openqa.selenium.devtools.CdpVersionFinder findNearestMatch
WARNING: Unable to find an exact match for CDP version 105, so returning the closest version found: a no-op implementation
Oct 04, 2022 4:22:03 PM org.openqa.selenium.devtools.CdpVersionFinder findNearestMatch
INFO: Unable to find CDP implementation matching 105.
Oct 04, 2022 4:22:03 PM org.openqa.selenium.chromium.ChromiumDriver lambda$new$3
WARNING: Unable to find version of CDP to use for . You may need to include a dependency on a specific version of the CDP using something similar to `org.seleniumhq.selenium:selenium-devtools-v86:4.1.2` where the version ("v86") matches the version of the chromium-based browser you're using and the version number of the artifact is the same as Selenium's.
]]></system-err>
  </testcase>
  <testcase name="See Information of Understanding ECMAScript 6 Book" classname="See Information" time="23.493">
    <system-out><![CDATA[
Scenario: See Information of Understanding ECMAScript 6 Book &amp#27;[90m# src/test/resources/features/CartToCollection.feature:41&amp#27;[0m
16:22:29.152 [main] INFO io.cucumber.core.plugin.SerenityReporter - Running feature from file:///D:/File%20Baru/Kuliah/Quality%20Engineer/qe_Bayu-Septyan-Nur-Hidayat/21_Review_Web_UI_Testing_with_Serenity/Praktikum/untitled/src/test/resources/features/CartToCollection.feature
16:22:29.160 [main] INFO  - 
  _____   ___   ___   _____     ___   _____     _     ___   _____   ___   ___  
 |_   _| | __| / __| |_   _|   / __| |_   _|   /_\   | _ \ |_   _| | __| |   \ 
   | |   | _|  \__ \   | |     \__ \   | |    / _ \  |   /   | |   | _|  | |) |
   |_|   |___| |___/   |_|     |___/   |_|   /_/ \_\ |_|_\   |_|   |___| |___/ 

See Information of Understanding ECMAScript 6 Book(see-information;see-information-of-understanding-ecmascript-6-book)
--------------------------------------------------------------------------------
16:22:29.452 [main] DEBUG io.github.bonigarcia.wdm.cache.ResolutionCache - Resolution edge=105 in cache (valid until 17:19:21 04/10/2022 ICT)
16:22:29.459 [main] DEBUG io.github.bonigarcia.wdm.cache.ResolutionCache - Resolution edge105=105.0.1343.53 in cache (valid until 22:15:59 04/10/2022 ICT)
16:22:29.462 [main] INFO io.github.bonigarcia.wdm.WebDriverManager - Using msedgedriver 105.0.1343.53 (resolved driver for Edge 105)
16:22:29.478 [main] DEBUG io.github.bonigarcia.wdm.WebDriverManager - Driver msedgedriver 105.0.1343.53 found in cache
16:22:29.478 [main] INFO io.github.bonigarcia.wdm.WebDriverManager - Exporting webdriver.edge.driver as C:\Users\Bayu\.cache\selenium\msedgedriver\win64\105.0.1343.53\msedgedriver.exe
16:22:29.481 [main] DEBUG net.serenitybdd.core.webdriver.driverproviders.ProvideNewDriver - Instantiating driver
16:22:29.481 [main] DEBUG net.serenitybdd.core.webdriver.driverproviders.ProvideNewDriver - Driver capabilities: Capabilities {base.url: https://demoqa.com, driver: edge, edge.driver: src/test/resources/webdrive..., ms:edgeChromium: true, ms:edgeOptions: {}}
16:22:29.573 [AsyncHttpClient-1-1] DEBUG org.asynchttpclient.netty.channel.DefaultChannelPool - Entry count for : http://localhost:9893 : 1
16:22:29.573 [AsyncHttpClient-1-1] DEBUG org.asynchttpclient.netty.channel.DefaultChannelPool - Entry count for : http://localhost:63529 : 1
16:22:29.573 [AsyncHttpClient-1-1] DEBUG org.asynchttpclient.netty.channel.DefaultChannelPool - Adding Candidate expired Channel [id: 0xab17b78a, L:/127.0.0.1:9899 ! R:localhost/127.0.0.1:9893] isIdleTimeoutExpired=false isRemotelyClosed=true isTtlExpired=false
16:22:29.573 [AsyncHttpClient-1-1] DEBUG org.asynchttpclient.netty.channel.DefaultChannelPool - Closing Idle Channel [id: 0xab17b78a, L:/127.0.0.1:9899 ! R:localhost/127.0.0.1:9893]
16:22:29.573 [AsyncHttpClient-1-1] DEBUG org.asynchttpclient.netty.channel.DefaultChannelPool - Adding Candidate expired Channel [id: 0x7fa20955, L:/127.0.0.1:9890 ! R:localhost/127.0.0.1:63529] isIdleTimeoutExpired=false isRemotelyClosed=true isTtlExpired=false
16:22:29.573 [AsyncHttpClient-1-1] DEBUG org.asynchttpclient.netty.channel.DefaultChannelPool - Closing Idle Channel [id: 0x7fa20955, L:/127.0.0.1:9890 ! R:localhost/127.0.0.1:63529]
16:22:29.573 [AsyncHttpClient-1-1] DEBUG org.asynchttpclient.netty.channel.DefaultChannelPool - Closed 2 connections out of 2 in 0 ms
16:22:29.698 [AsyncHttpClient-1-7] DEBUG org.asynchttpclient.netty.channel.NettyConnectListener - Using new Channel '[id: 0xf0029a8f, L:/127.0.0.1:10064 - R:localhost/127.0.0.1:62067]' for 'POST' to '/session'
16:22:31.228 [AsyncHttpClient-1-7] DEBUG org.asynchttpclient.netty.handler.HttpHandler - 

Request DefaultHttpRequest(decodeResult: success, version: HTTP/1.1)
POST /session HTTP/1.1
User-Agent: selenium/4.1.2 (java windows)
Content-Length: 591
Content-Type: application/json; charset=utf-8
host: localhost:62067
accept: */*

Response DefaultHttpResponse(decodeResult: success, version: HTTP/1.1)
HTTP/1.1 200 OK
Content-Type: application/json; charset=utf-8
cache-control: no-cache
content-length: 753

16:22:31.228 [AsyncHttpClient-1-7] DEBUG org.asynchttpclient.netty.channel.ChannelManager - Adding key: http://localhost:62067 for channel [id: 0xf0029a8f, L:/127.0.0.1:10064 - R:localhost/127.0.0.1:62067]
16:22:31.251 [AsyncHttpClient-1-8] DEBUG org.asynchttpclient.netty.channel.NettyConnectListener - Using new Channel '[id: 0x2d7da2c2, L:/127.0.0.1:10084 - R:localhost/127.0.0.1:10068]' for 'GET' to '/json/version'
16:22:31.254 [AsyncHttpClient-1-8] DEBUG org.asynchttpclient.netty.handler.HttpHandler - 

Request DefaultFullHttpRequest(decodeResult: success, version: HTTP/1.1, content: EmptyByteBufBE)
GET /json/version HTTP/1.1
User-Agent: selenium/4.1.2 (java windows)
host: localhost:10068
accept: */*

Response DefaultHttpResponse(decodeResult: success, version: HTTP/1.1)
HTTP/1.1 200 OK
Content-Type: application/json; charset=UTF-8
content-length: 436

16:22:31.255 [AsyncHttpClient-1-8] DEBUG org.asynchttpclient.netty.channel.ChannelManager - Adding key: http://localhost:10068 for channel [id: 0x2d7da2c2, L:/127.0.0.1:10084 - R:localhost/127.0.0.1:10068]
16:22:31.261 [AsyncHttpClient-1-9] DEBUG org.asynchttpclient.netty.channel.NettyConnectListener - Using new Channel '[id: 0xc187a36d, L:/127.0.0.1:10085 - R:localhost/127.0.0.1:10068]' for 'GET' to '/devtools/browser/a6c5506e-1bd6-4b7f-a569-21f883d0c3b1'
16:22:31.262 [AsyncHttpClient-1-9] DEBUG org.asynchttpclient.netty.handler.WebSocketHandler - 

Request DefaultFullHttpRequest(decodeResult: success, version: HTTP/1.1, content: EmptyByteBufBE)
GET /devtools/browser/a6c5506e-1bd6-4b7f-a569-21f883d0c3b1 HTTP/1.1
upgrade: websocket
connection: upgrade
sec-websocket-key: vh9JRf5ddhnqyHYcngrP+A==
sec-websocket-version: 13
origin: http://localhost:10068
host: localhost:10068
accept: */*
user-agent: AHC/2.1

Response DefaultHttpResponse(decodeResult: success, version: HTTP/1.1)
HTTP/1.1 101 WebSocket Protocol Handshake
Upgrade: WebSocket
Connection: Upgrade
Sec-WebSocket-Accept: EQEUO7pZil2tsetJk08dzCD2/I4=

16:22:31.279 [Forwarding get on session a1fae750d0b7179f94e306667a57d2a1 to remote] DEBUG org.asynchttpclient.netty.request.NettyRequestSender - Using pooled Channel '[id: 0xf0029a8f, L:/127.0.0.1:10064 - R:localhost/127.0.0.1:62067]' for 'POST' to 'http://localhost:62067/session/a1fae750d0b7179f94e306667a57d2a1/url'
16:22:31.279 [Forwarding get on session a1fae750d0b7179f94e306667a57d2a1 to remote] DEBUG org.asynchttpclient.netty.request.NettyRequestSender - Using open Channel [id: 0xf0029a8f, L:/127.0.0.1:10064 - R:localhost/127.0.0.1:62067] for POST '/session/a1fae750d0b7179f94e306667a57d2a1/url'
16:22:31.762 [AsyncHttpClient-1-1] DEBUG org.asynchttpclient.netty.channel.DefaultChannelPool - Entry count for : http://localhost:10068 : 1
16:22:32.865 [AsyncHttpClient-1-1] DEBUG org.asynchttpclient.netty.channel.DefaultChannelPool - Entry count for : http://localhost:10068 : 1
16:22:33.971 [AsyncHttpClient-1-1] DEBUG org.asynchttpclient.netty.channel.DefaultChannelPool - Entry count for : http://localhost:10068 : 1
16:22:35.062 [AsyncHttpClient-1-1] DEBUG org.asynchttpclient.netty.channel.DefaultChannelPool - Entry count for : http://localhost:10068 : 1
16:22:36.171 [AsyncHttpClient-1-1] DEBUG org.asynchttpclient.netty.channel.DefaultChannelPool - Entry count for : http://localhost:10068 : 1
16:22:37.262 [AsyncHttpClient-1-1] DEBUG org.asynchttpclient.netty.channel.DefaultChannelPool - Entry count for : http://localhost:10068 : 1
16:22:38.365 [AsyncHttpClient-1-1] DEBUG org.asynchttpclient.netty.channel.DefaultChannelPool - Entry count for : http://localhost:10068 : 1
16:22:39.461 [AsyncHttpClient-1-1] DEBUG org.asynchttpclient.netty.channel.DefaultChannelPool - Entry count for : http://localhost:10068 : 1
16:22:40.568 [AsyncHttpClient-1-1] DEBUG org.asynchttpclient.netty.channel.DefaultChannelPool - Entry count for : http://localhost:10068 : 1
16:22:41.662 [AsyncHttpClient-1-1] DEBUG org.asynchttpclient.netty.channel.DefaultChannelPool - Entry count for : http://localhost:10068 : 1
16:22:42.762 [AsyncHttpClient-1-1] DEBUG org.asynchttpclient.netty.channel.DefaultChannelPool - Entry count for : http://localhost:10068 : 1
16:22:43.864 [AsyncHttpClient-1-1] DEBUG org.asynchttpclient.netty.channel.DefaultChannelPool - Entry count for : http://localhost:10068 : 1
16:22:44.970 [AsyncHttpClient-1-1] DEBUG org.asynchttpclient.netty.channel.DefaultChannelPool - Entry count for : http://localhost:10068 : 1
16:22:45.615 [AsyncHttpClient-1-7] DEBUG org.asynchttpclient.netty.handler.HttpHandler - 

Request DefaultHttpRequest(decodeResult: success, version: HTTP/1.1)
POST /session/a1fae750d0b7179f94e306667a57d2a1/url HTTP/1.1
User-Agent: selenium/4.1.2 (java windows)
Content-Length: 54
Content-Type: application/json; charset=utf-8
host: localhost:62067
accept: */*

Response DefaultHttpResponse(decodeResult: success, version: HTTP/1.1)
HTTP/1.1 200 OK
Content-Type: application/json; charset=utf-8
cache-control: no-cache
content-length: 14

16:22:45.615 [AsyncHttpClient-1-7] DEBUG org.asynchttpclient.netty.channel.ChannelManager - Adding key: http://localhost:62067 for channel [id: 0xf0029a8f, L:/127.0.0.1:10064 - R:localhost/127.0.0.1:62067]
16:22:45.617 [Forwarding setTimeout on session a1fae750d0b7179f94e306667a57d2a1 to remote] DEBUG org.asynchttpclient.netty.request.NettyRequestSender - Using pooled Channel '[id: 0xf0029a8f, L:/127.0.0.1:10064 - R:localhost/127.0.0.1:62067]' for 'POST' to 'http://localhost:62067/session/a1fae750d0b7179f94e306667a57d2a1/timeouts'
16:22:45.617 [Forwarding setTimeout on session a1fae750d0b7179f94e306667a57d2a1 to remote] DEBUG org.asynchttpclient.netty.request.NettyRequestSender - Using open Channel [id: 0xf0029a8f, L:/127.0.0.1:10064 - R:localhost/127.0.0.1:62067] for POST '/session/a1fae750d0b7179f94e306667a57d2a1/timeouts'
16:22:45.618 [AsyncHttpClient-1-7] DEBUG org.asynchttpclient.netty.handler.HttpHandler - 

Request DefaultHttpRequest(decodeResult: success, version: HTTP/1.1)
POST /session/a1fae750d0b7179f94e306667a57d2a1/timeouts HTTP/1.1
User-Agent: selenium/4.1.2 (java windows)
Content-Length: 22
Content-Type: application/json; charset=utf-8
host: localhost:62067
accept: */*

Response DefaultHttpResponse(decodeResult: success, version: HTTP/1.1)
HTTP/1.1 200 OK
Content-Type: application/json; charset=utf-8
cache-control: no-cache
content-length: 14

16:22:45.618 [AsyncHttpClient-1-7] DEBUG org.asynchttpclient.netty.channel.ChannelManager - Adding key: http://localhost:62067 for channel [id: 0xf0029a8f, L:/127.0.0.1:10064 - R:localhost/127.0.0.1:62067]
16:22:45.625 [Forwarding getCurrentUrl on session a1fae750d0b7179f94e306667a57d2a1 to remote] DEBUG org.asynchttpclient.netty.request.NettyRequestSender - Using pooled Channel '[id: 0xf0029a8f, L:/127.0.0.1:10064 - R:localhost/127.0.0.1:62067]' for 'GET' to 'http://localhost:62067/session/a1fae750d0b7179f94e306667a57d2a1/url'
16:22:45.626 [Forwarding getCurrentUrl on session a1fae750d0b7179f94e306667a57d2a1 to remote] DEBUG org.asynchttpclient.netty.request.NettyRequestSender - Using open Channel [id: 0xf0029a8f, L:/127.0.0.1:10064 - R:localhost/127.0.0.1:62067] for GET '/session/a1fae750d0b7179f94e306667a57d2a1/url'
16:22:45.631 [AsyncHttpClient-1-7] DEBUG org.asynchttpclient.netty.handler.HttpHandler - 

Request DefaultFullHttpRequest(decodeResult: success, version: HTTP/1.1, content: EmptyByteBufBE)
GET /session/a1fae750d0b7179f94e306667a57d2a1/url HTTP/1.1
User-Agent: selenium/4.1.2 (java windows)
Cache-Control: no-cache
Content-Type: application/json; charset=utf-8
host: localhost:62067
accept: */*

Response DefaultHttpResponse(decodeResult: success, version: HTTP/1.1)
HTTP/1.1 200 OK
Content-Type: application/json; charset=utf-8
cache-control: no-cache
content-length: 36

16:22:45.631 [AsyncHttpClient-1-7] DEBUG org.asynchttpclient.netty.channel.ChannelManager - Adding key: http://localhost:62067 for channel [id: 0xf0029a8f, L:/127.0.0.1:10064 - R:localhost/127.0.0.1:62067]
  &amp#27;[32mGiven &amp#27;[0m&amp#27;[32mI am on the book page&amp#27;[0m                                &amp#27;[90m# starter.stepdefinitions.CollectionStep.iAmOnTheBookPage()&amp#27;[0m
16:22:45.639 [Forwarding screenshot on session a1fae750d0b7179f94e306667a57d2a1 to remote] DEBUG org.asynchttpclient.netty.request.NettyRequestSender - Using pooled Channel '[id: 0xf0029a8f, L:/127.0.0.1:10064 - R:localhost/127.0.0.1:62067]' for 'GET' to 'http://localhost:62067/session/a1fae750d0b7179f94e306667a57d2a1/screenshot'
16:22:45.639 [Forwarding screenshot on session a1fae750d0b7179f94e306667a57d2a1 to remote] DEBUG org.asynchttpclient.netty.request.NettyRequestSender - Using open Channel [id: 0xf0029a8f, L:/127.0.0.1:10064 - R:localhost/127.0.0.1:62067] for GET '/session/a1fae750d0b7179f94e306667a57d2a1/screenshot'
16:22:45.790 [AsyncHttpClient-1-7] DEBUG org.asynchttpclient.netty.handler.HttpHandler - 

Request DefaultFullHttpRequest(decodeResult: success, version: HTTP/1.1, content: EmptyByteBufBE)
GET /session/a1fae750d0b7179f94e306667a57d2a1/screenshot HTTP/1.1
User-Agent: selenium/4.1.2 (java windows)
Cache-Control: no-cache
Content-Type: application/json; charset=utf-8
host: localhost:62067
accept: */*

Response DefaultHttpResponse(decodeResult: success, version: HTTP/1.1)
HTTP/1.1 200 OK
Content-Type: application/json; charset=utf-8
cache-control: no-cache
content-length: 164260

16:22:45.791 [AsyncHttpClient-1-7] DEBUG org.asynchttpclient.netty.channel.ChannelManager - Adding key: http://localhost:62067 for channel [id: 0xf0029a8f, L:/127.0.0.1:10064 - R:localhost/127.0.0.1:62067]
16:22:45.796 [main] DEBUG net.serenitybdd.core.photography.Darkroom - Send negative for processing for target\site\serenity\838e27f17ffde97f9168036f8562e08e5e2b2498bb729b237bd1a0ccadc3569c.png
16:22:45.797 [Darkroom Processing Line] DEBUG net.serenitybdd.core.photography.DarkroomProcessingLine - Processing screenshot image in /var/screenshots/screenshot-5886882003199431265
16:22:45.797 [Darkroom Processing Line] DEBUG net.serenitybdd.core.photography.DarkroomProcessingLine - Saving screenshot to target\site\serenity\838e27f17ffde97f9168036f8562e08e5e2b2498bb729b237bd1a0ccadc3569c.png
16:22:45.809 [Forwarding findElement on session a1fae750d0b7179f94e306667a57d2a1 to remote] DEBUG org.asynchttpclient.netty.request.NettyRequestSender - Using pooled Channel '[id: 0xf0029a8f, L:/127.0.0.1:10064 - R:localhost/127.0.0.1:62067]' for 'POST' to 'http://localhost:62067/session/a1fae750d0b7179f94e306667a57d2a1/element'
16:22:45.809 [Forwarding findElement on session a1fae750d0b7179f94e306667a57d2a1 to remote] DEBUG org.asynchttpclient.netty.request.NettyRequestSender - Using open Channel [id: 0xf0029a8f, L:/127.0.0.1:10064 - R:localhost/127.0.0.1:62067] for POST '/session/a1fae750d0b7179f94e306667a57d2a1/element'
16:22:45.823 [AsyncHttpClient-1-7] DEBUG org.asynchttpclient.netty.handler.HttpHandler - 

Request DefaultHttpRequest(decodeResult: success, version: HTTP/1.1)
POST /session/a1fae750d0b7179f94e306667a57d2a1/element HTTP/1.1
User-Agent: selenium/4.1.2 (java windows)
Content-Length: 88
Content-Type: application/json; charset=utf-8
host: localhost:62067
accept: */*

Response DefaultHttpResponse(decodeResult: success, version: HTTP/1.1)
HTTP/1.1 200 OK
Content-Type: application/json; charset=utf-8
cache-control: no-cache
content-length: 88

16:22:45.823 [AsyncHttpClient-1-7] DEBUG org.asynchttpclient.netty.channel.ChannelManager - Adding key: http://localhost:62067 for channel [id: 0xf0029a8f, L:/127.0.0.1:10064 - R:localhost/127.0.0.1:62067]
16:22:45.825 [Forwarding getElementTagName on session a1fae750d0b7179f94e306667a57d2a1 to remote] DEBUG org.asynchttpclient.netty.request.NettyRequestSender - Using pooled Channel '[id: 0xf0029a8f, L:/127.0.0.1:10064 - R:localhost/127.0.0.1:62067]' for 'GET' to 'http://localhost:62067/session/a1fae750d0b7179f94e306667a57d2a1/element/2e1a913c-0fdc-48f9-a152-e04095877372/name'
16:22:45.825 [Forwarding getElementTagName on session a1fae750d0b7179f94e306667a57d2a1 to remote] DEBUG org.asynchttpclient.netty.request.NettyRequestSender - Using open Channel [id: 0xf0029a8f, L:/127.0.0.1:10064 - R:localhost/127.0.0.1:62067] for GET '/session/a1fae750d0b7179f94e306667a57d2a1/element/2e1a913c-0fdc-48f9-a152-e04095877372/name'
16:22:45.831 [AsyncHttpClient-1-7] DEBUG org.asynchttpclient.netty.handler.HttpHandler - 

Request DefaultFullHttpRequest(decodeResult: success, version: HTTP/1.1, content: EmptyByteBufBE)
GET /session/a1fae750d0b7179f94e306667a57d2a1/element/2e1a913c-0fdc-48f9-a152-e04095877372/name HTTP/1.1
User-Agent: selenium/4.1.2 (java windows)
Cache-Control: no-cache
Content-Type: application/json; charset=utf-8
host: localhost:62067
accept: */*

Response DefaultHttpResponse(decodeResult: success, version: HTTP/1.1)
HTTP/1.1 200 OK
Content-Type: application/json; charset=utf-8
cache-control: no-cache
content-length: 16

16:22:45.831 [AsyncHttpClient-1-7] DEBUG org.asynchttpclient.netty.channel.ChannelManager - Adding key: http://localhost:62067 for channel [id: 0xf0029a8f, L:/127.0.0.1:10064 - R:localhost/127.0.0.1:62067]
16:22:45.832 [Forwarding getElementTagName on session a1fae750d0b7179f94e306667a57d2a1 to remote] DEBUG org.asynchttpclient.netty.request.NettyRequestSender - Using pooled Channel '[id: 0xf0029a8f, L:/127.0.0.1:10064 - R:localhost/127.0.0.1:62067]' for 'GET' to 'http://localhost:62067/session/a1fae750d0b7179f94e306667a57d2a1/element/2e1a913c-0fdc-48f9-a152-e04095877372/name'
16:22:45.832 [Forwarding getElementTagName on session a1fae750d0b7179f94e306667a57d2a1 to remote] DEBUG org.asynchttpclient.netty.request.NettyRequestSender - Using open Channel [id: 0xf0029a8f, L:/127.0.0.1:10064 - R:localhost/127.0.0.1:62067] for GET '/session/a1fae750d0b7179f94e306667a57d2a1/element/2e1a913c-0fdc-48f9-a152-e04095877372/name'
16:22:45.837 [AsyncHttpClient-1-7] DEBUG org.asynchttpclient.netty.handler.HttpHandler - 

Request DefaultFullHttpRequest(decodeResult: success, version: HTTP/1.1, content: EmptyByteBufBE)
GET /session/a1fae750d0b7179f94e306667a57d2a1/element/2e1a913c-0fdc-48f9-a152-e04095877372/name HTTP/1.1
User-Agent: selenium/4.1.2 (java windows)
Cache-Control: no-cache
Content-Type: application/json; charset=utf-8
host: localhost:62067
accept: */*

Response DefaultHttpResponse(decodeResult: success, version: HTTP/1.1)
HTTP/1.1 200 OK
Content-Type: application/json; charset=utf-8
cache-control: no-cache
content-length: 16

16:22:45.838 [AsyncHttpClient-1-7] DEBUG org.asynchttpclient.netty.channel.ChannelManager - Adding key: http://localhost:62067 for channel [id: 0xf0029a8f, L:/127.0.0.1:10064 - R:localhost/127.0.0.1:62067]
16:22:45.842 [Forwarding findElement on session a1fae750d0b7179f94e306667a57d2a1 to remote] DEBUG org.asynchttpclient.netty.request.NettyRequestSender - Using pooled Channel '[id: 0xf0029a8f, L:/127.0.0.1:10064 - R:localhost/127.0.0.1:62067]' for 'POST' to 'http://localhost:62067/session/a1fae750d0b7179f94e306667a57d2a1/element'
16:22:45.842 [Forwarding findElement on session a1fae750d0b7179f94e306667a57d2a1 to remote] DEBUG org.asynchttpclient.netty.request.NettyRequestSender - Using open Channel [id: 0xf0029a8f, L:/127.0.0.1:10064 - R:localhost/127.0.0.1:62067] for POST '/session/a1fae750d0b7179f94e306667a57d2a1/element'
16:22:45.892 [AsyncHttpClient-1-7] DEBUG org.asynchttpclient.netty.handler.HttpHandler - 

Request DefaultHttpRequest(decodeResult: success, version: HTTP/1.1)
POST /session/a1fae750d0b7179f94e306667a57d2a1/element HTTP/1.1
User-Agent: selenium/4.1.2 (java windows)
Content-Length: 88
Content-Type: application/json; charset=utf-8
host: localhost:62067
accept: */*

Response DefaultHttpResponse(decodeResult: success, version: HTTP/1.1)
HTTP/1.1 200 OK
Content-Type: application/json; charset=utf-8
cache-control: no-cache
content-length: 88

16:22:45.893 [AsyncHttpClient-1-7] DEBUG org.asynchttpclient.netty.channel.ChannelManager - Adding key: http://localhost:62067 for channel [id: 0xf0029a8f, L:/127.0.0.1:10064 - R:localhost/127.0.0.1:62067]
16:22:45.895 [Forwarding clickElement on session a1fae750d0b7179f94e306667a57d2a1 to remote] DEBUG org.asynchttpclient.netty.request.NettyRequestSender - Using pooled Channel '[id: 0xf0029a8f, L:/127.0.0.1:10064 - R:localhost/127.0.0.1:62067]' for 'POST' to 'http://localhost:62067/session/a1fae750d0b7179f94e306667a57d2a1/element/2e1a913c-0fdc-48f9-a152-e04095877372/click'
16:22:45.895 [Forwarding clickElement on session a1fae750d0b7179f94e306667a57d2a1 to remote] DEBUG org.asynchttpclient.netty.request.NettyRequestSender - Using open Channel [id: 0xf0029a8f, L:/127.0.0.1:10064 - R:localhost/127.0.0.1:62067] for POST '/session/a1fae750d0b7179f94e306667a57d2a1/element/2e1a913c-0fdc-48f9-a152-e04095877372/click'
16:22:46.077 [AsyncHttpClient-1-1] DEBUG org.asynchttpclient.netty.channel.DefaultChannelPool - Entry count for : http://localhost:10068 : 1
16:22:47.163 [AsyncHttpClient-1-1] DEBUG org.asynchttpclient.netty.channel.DefaultChannelPool - Entry count for : http://localhost:10068 : 1
16:22:48.261 [AsyncHttpClient-1-1] DEBUG org.asynchttpclient.netty.channel.DefaultChannelPool - Entry count for : http://localhost:10068 : 1
16:22:49.363 [AsyncHttpClient-1-1] DEBUG org.asynchttpclient.netty.channel.DefaultChannelPool - Entry count for : http://localhost:10068 : 1
16:22:50.462 [AsyncHttpClient-1-1] DEBUG org.asynchttpclient.netty.channel.DefaultChannelPool - Entry count for : http://localhost:10068 : 1
16:22:50.728 [AsyncHttpClient-1-7] DEBUG org.asynchttpclient.netty.handler.HttpHandler - 

Request DefaultHttpRequest(decodeResult: success, version: HTTP/1.1)
POST /session/a1fae750d0b7179f94e306667a57d2a1/element/2e1a913c-0fdc-48f9-a152-e04095877372/click HTTP/1.1
User-Agent: selenium/4.1.2 (java windows)
Content-Length: 50
Content-Type: application/json; charset=utf-8
host: localhost:62067
accept: */*

Response DefaultHttpResponse(decodeResult: success, version: HTTP/1.1)
HTTP/1.1 200 OK
Content-Type: application/json; charset=utf-8
cache-control: no-cache
content-length: 14

16:22:50.728 [AsyncHttpClient-1-7] DEBUG org.asynchttpclient.netty.channel.ChannelManager - Adding key: http://localhost:62067 for channel [id: 0xf0029a8f, L:/127.0.0.1:10064 - R:localhost/127.0.0.1:62067]
  &amp#27;[32mWhen &amp#27;[0m&amp#27;[32mI click Understanding ECMAScript 6&amp#27;[0m                    &amp#27;[90m# starter.stepdefinitions.CollectionStep.iClickUnderstandingECMAScript6()&amp#27;[0m
16:22:50.738 [Forwarding screenshot on session a1fae750d0b7179f94e306667a57d2a1 to remote] DEBUG org.asynchttpclient.netty.request.NettyRequestSender - Using pooled Channel '[id: 0xf0029a8f, L:/127.0.0.1:10064 - R:localhost/127.0.0.1:62067]' for 'GET' to 'http://localhost:62067/session/a1fae750d0b7179f94e306667a57d2a1/screenshot'
16:22:50.738 [Forwarding screenshot on session a1fae750d0b7179f94e306667a57d2a1 to remote] DEBUG org.asynchttpclient.netty.request.NettyRequestSender - Using open Channel [id: 0xf0029a8f, L:/127.0.0.1:10064 - R:localhost/127.0.0.1:62067] for GET '/session/a1fae750d0b7179f94e306667a57d2a1/screenshot'
16:22:51.561 [AsyncHttpClient-1-1] DEBUG org.asynchttpclient.netty.channel.DefaultChannelPool - Entry count for : http://localhost:10068 : 1
16:22:51.621 [AsyncHttpClient-1-7] DEBUG org.asynchttpclient.netty.handler.HttpHandler - 

Request DefaultFullHttpRequest(decodeResult: success, version: HTTP/1.1, content: EmptyByteBufBE)
GET /session/a1fae750d0b7179f94e306667a57d2a1/screenshot HTTP/1.1
User-Agent: selenium/4.1.2 (java windows)
Cache-Control: no-cache
Content-Type: application/json; charset=utf-8
host: localhost:62067
accept: */*

Response DefaultHttpResponse(decodeResult: success, version: HTTP/1.1)
HTTP/1.1 200 OK
Content-Type: application/json; charset=utf-8
cache-control: no-cache
content-length: 178468

16:22:51.622 [AsyncHttpClient-1-7] DEBUG org.asynchttpclient.netty.channel.ChannelManager - Adding key: http://localhost:62067 for channel [id: 0xf0029a8f, L:/127.0.0.1:10064 - R:localhost/127.0.0.1:62067]
16:22:51.630 [main] DEBUG net.serenitybdd.core.photography.Darkroom - Send negative for processing for target\site\serenity\dc6cbbbd6c0753d6843af55338d9adcae25c3ab744db91a543639f0e99d74292.png
16:22:51.630 [Darkroom Processing Line] DEBUG net.serenitybdd.core.photography.DarkroomProcessingLine - Processing screenshot image in /var/screenshots/screenshot-9775667600448856304
16:22:51.630 [Darkroom Processing Line] DEBUG net.serenitybdd.core.photography.DarkroomProcessingLine - Saving screenshot to target\site\serenity\dc6cbbbd6c0753d6843af55338d9adcae25c3ab744db91a543639f0e99d74292.png
16:22:51.651 [Forwarding findElement on session a1fae750d0b7179f94e306667a57d2a1 to remote] DEBUG org.asynchttpclient.netty.request.NettyRequestSender - Using pooled Channel '[id: 0xf0029a8f, L:/127.0.0.1:10064 - R:localhost/127.0.0.1:62067]' for 'POST' to 'http://localhost:62067/session/a1fae750d0b7179f94e306667a57d2a1/element'
16:22:51.651 [Forwarding findElement on session a1fae750d0b7179f94e306667a57d2a1 to remote] DEBUG org.asynchttpclient.netty.request.NettyRequestSender - Using open Channel [id: 0xf0029a8f, L:/127.0.0.1:10064 - R:localhost/127.0.0.1:62067] for POST '/session/a1fae750d0b7179f94e306667a57d2a1/element'
16:22:51.697 [AsyncHttpClient-1-7] DEBUG org.asynchttpclient.netty.handler.HttpHandler - 

Request DefaultHttpRequest(decodeResult: success, version: HTTP/1.1)
POST /session/a1fae750d0b7179f94e306667a57d2a1/element HTTP/1.1
User-Agent: selenium/4.1.2 (java windows)
Content-Length: 81
Content-Type: application/json; charset=utf-8
host: localhost:62067
accept: */*

Response DefaultHttpResponse(decodeResult: success, version: HTTP/1.1)
HTTP/1.1 200 OK
Content-Type: application/json; charset=utf-8
cache-control: no-cache
content-length: 88

16:22:51.698 [AsyncHttpClient-1-7] DEBUG org.asynchttpclient.netty.channel.ChannelManager - Adding key: http://localhost:62067 for channel [id: 0xf0029a8f, L:/127.0.0.1:10064 - R:localhost/127.0.0.1:62067]
16:22:51.700 [Forwarding getElementTagName on session a1fae750d0b7179f94e306667a57d2a1 to remote] DEBUG org.asynchttpclient.netty.request.NettyRequestSender - Using pooled Channel '[id: 0xf0029a8f, L:/127.0.0.1:10064 - R:localhost/127.0.0.1:62067]' for 'GET' to 'http://localhost:62067/session/a1fae750d0b7179f94e306667a57d2a1/element/b4fa151c-1a1d-4a8e-805b-ee7ec471e5cf/name'
16:22:51.700 [Forwarding getElementTagName on session a1fae750d0b7179f94e306667a57d2a1 to remote] DEBUG org.asynchttpclient.netty.request.NettyRequestSender - Using open Channel [id: 0xf0029a8f, L:/127.0.0.1:10064 - R:localhost/127.0.0.1:62067] for GET '/session/a1fae750d0b7179f94e306667a57d2a1/element/b4fa151c-1a1d-4a8e-805b-ee7ec471e5cf/name'
16:22:51.736 [AsyncHttpClient-1-7] DEBUG org.asynchttpclient.netty.handler.HttpHandler - 

Request DefaultFullHttpRequest(decodeResult: success, version: HTTP/1.1, content: EmptyByteBufBE)
GET /session/a1fae750d0b7179f94e306667a57d2a1/element/b4fa151c-1a1d-4a8e-805b-ee7ec471e5cf/name HTTP/1.1
User-Agent: selenium/4.1.2 (java windows)
Cache-Control: no-cache
Content-Type: application/json; charset=utf-8
host: localhost:62067
accept: */*

Response DefaultHttpResponse(decodeResult: success, version: HTTP/1.1)
HTTP/1.1 200 OK
Content-Type: application/json; charset=utf-8
cache-control: no-cache
content-length: 15

16:22:51.740 [AsyncHttpClient-1-7] DEBUG org.asynchttpclient.netty.channel.ChannelManager - Adding key: http://localhost:62067 for channel [id: 0xf0029a8f, L:/127.0.0.1:10064 - R:localhost/127.0.0.1:62067]
16:22:51.743 [Forwarding getElementTagName on session a1fae750d0b7179f94e306667a57d2a1 to remote] DEBUG org.asynchttpclient.netty.request.NettyRequestSender - Using pooled Channel '[id: 0xf0029a8f, L:/127.0.0.1:10064 - R:localhost/127.0.0.1:62067]' for 'GET' to 'http://localhost:62067/session/a1fae750d0b7179f94e306667a57d2a1/element/b4fa151c-1a1d-4a8e-805b-ee7ec471e5cf/name'
16:22:51.743 [Forwarding getElementTagName on session a1fae750d0b7179f94e306667a57d2a1 to remote] DEBUG org.asynchttpclient.netty.request.NettyRequestSender - Using open Channel [id: 0xf0029a8f, L:/127.0.0.1:10064 - R:localhost/127.0.0.1:62067] for GET '/session/a1fae750d0b7179f94e306667a57d2a1/element/b4fa151c-1a1d-4a8e-805b-ee7ec471e5cf/name'
16:22:51.821 [AsyncHttpClient-1-7] DEBUG org.asynchttpclient.netty.handler.HttpHandler - 

Request DefaultFullHttpRequest(decodeResult: success, version: HTTP/1.1, content: EmptyByteBufBE)
GET /session/a1fae750d0b7179f94e306667a57d2a1/element/b4fa151c-1a1d-4a8e-805b-ee7ec471e5cf/name HTTP/1.1
User-Agent: selenium/4.1.2 (java windows)
Cache-Control: no-cache
Content-Type: application/json; charset=utf-8
host: localhost:62067
accept: */*

Response DefaultHttpResponse(decodeResult: success, version: HTTP/1.1)
HTTP/1.1 200 OK
Content-Type: application/json; charset=utf-8
cache-control: no-cache
content-length: 15

16:22:51.822 [AsyncHttpClient-1-7] DEBUG org.asynchttpclient.netty.channel.ChannelManager - Adding key: http://localhost:62067 for channel [id: 0xf0029a8f, L:/127.0.0.1:10064 - R:localhost/127.0.0.1:62067]
16:22:51.828 [Forwarding findElement on session a1fae750d0b7179f94e306667a57d2a1 to remote] DEBUG org.asynchttpclient.netty.request.NettyRequestSender - Using pooled Channel '[id: 0xf0029a8f, L:/127.0.0.1:10064 - R:localhost/127.0.0.1:62067]' for 'POST' to 'http://localhost:62067/session/a1fae750d0b7179f94e306667a57d2a1/element'
16:22:51.829 [Forwarding findElement on session a1fae750d0b7179f94e306667a57d2a1 to remote] DEBUG org.asynchttpclient.netty.request.NettyRequestSender - Using open Channel [id: 0xf0029a8f, L:/127.0.0.1:10064 - R:localhost/127.0.0.1:62067] for POST '/session/a1fae750d0b7179f94e306667a57d2a1/element'
16:22:51.851 [AsyncHttpClient-1-7] DEBUG org.asynchttpclient.netty.handler.HttpHandler - 

Request DefaultHttpRequest(decodeResult: success, version: HTTP/1.1)
POST /session/a1fae750d0b7179f94e306667a57d2a1/element HTTP/1.1
User-Agent: selenium/4.1.2 (java windows)
Content-Length: 81
Content-Type: application/json; charset=utf-8
host: localhost:62067
accept: */*

Response DefaultHttpResponse(decodeResult: success, version: HTTP/1.1)
HTTP/1.1 200 OK
Content-Type: application/json; charset=utf-8
cache-control: no-cache
content-length: 88

16:22:51.851 [AsyncHttpClient-1-7] DEBUG org.asynchttpclient.netty.channel.ChannelManager - Adding key: http://localhost:62067 for channel [id: 0xf0029a8f, L:/127.0.0.1:10064 - R:localhost/127.0.0.1:62067]
16:22:51.854 [Forwarding clickElement on session a1fae750d0b7179f94e306667a57d2a1 to remote] DEBUG org.asynchttpclient.netty.request.NettyRequestSender - Using pooled Channel '[id: 0xf0029a8f, L:/127.0.0.1:10064 - R:localhost/127.0.0.1:62067]' for 'POST' to 'http://localhost:62067/session/a1fae750d0b7179f94e306667a57d2a1/element/b4fa151c-1a1d-4a8e-805b-ee7ec471e5cf/click'
16:22:51.855 [Forwarding clickElement on session a1fae750d0b7179f94e306667a57d2a1 to remote] DEBUG org.asynchttpclient.netty.request.NettyRequestSender - Using open Channel [id: 0xf0029a8f, L:/127.0.0.1:10064 - R:localhost/127.0.0.1:62067] for POST '/session/a1fae750d0b7179f94e306667a57d2a1/element/b4fa151c-1a1d-4a8e-805b-ee7ec471e5cf/click'
16:22:51.948 [AsyncHttpClient-1-7] DEBUG org.asynchttpclient.netty.handler.HttpHandler - 

Request DefaultHttpRequest(decodeResult: success, version: HTTP/1.1)
POST /session/a1fae750d0b7179f94e306667a57d2a1/element/b4fa151c-1a1d-4a8e-805b-ee7ec471e5cf/click HTTP/1.1
User-Agent: selenium/4.1.2 (java windows)
Content-Length: 50
Content-Type: application/json; charset=utf-8
host: localhost:62067
accept: */*

Response DefaultHttpResponse(decodeResult: success, version: HTTP/1.1)
HTTP/1.1 200 OK
Content-Type: application/json; charset=utf-8
cache-control: no-cache
content-length: 14

16:22:51.949 [AsyncHttpClient-1-7] DEBUG org.asynchttpclient.netty.channel.ChannelManager - Adding key: http://localhost:62067 for channel [id: 0xf0029a8f, L:/127.0.0.1:10064 - R:localhost/127.0.0.1:62067]
  &amp#27;[32mThen &amp#27;[0m&amp#27;[32mI will get information&amp#27;[0m                                &amp#27;[90m# starter.stepdefinitions.CollectionStep.iWillGetPageMessage()&amp#27;[0m
16:22:51.962 [Forwarding screenshot on session a1fae750d0b7179f94e306667a57d2a1 to remote] DEBUG org.asynchttpclient.netty.request.NettyRequestSender - Using pooled Channel '[id: 0xf0029a8f, L:/127.0.0.1:10064 - R:localhost/127.0.0.1:62067]' for 'GET' to 'http://localhost:62067/session/a1fae750d0b7179f94e306667a57d2a1/screenshot'
16:22:51.962 [Forwarding screenshot on session a1fae750d0b7179f94e306667a57d2a1 to remote] DEBUG org.asynchttpclient.netty.request.NettyRequestSender - Using open Channel [id: 0xf0029a8f, L:/127.0.0.1:10064 - R:localhost/127.0.0.1:62067] for GET '/session/a1fae750d0b7179f94e306667a57d2a1/screenshot'
16:22:52.182 [AsyncHttpClient-1-7] DEBUG org.asynchttpclient.netty.handler.HttpHandler - 

Request DefaultFullHttpRequest(decodeResult: success, version: HTTP/1.1, content: EmptyByteBufBE)
GET /session/a1fae750d0b7179f94e306667a57d2a1/screenshot HTTP/1.1
User-Agent: selenium/4.1.2 (java windows)
Cache-Control: no-cache
Content-Type: application/json; charset=utf-8
host: localhost:62067
accept: */*

Response DefaultHttpResponse(decodeResult: success, version: HTTP/1.1)
HTTP/1.1 200 OK
Content-Type: application/json; charset=utf-8
cache-control: no-cache
content-length: 226160

16:22:52.183 [AsyncHttpClient-1-7] DEBUG org.asynchttpclient.netty.channel.ChannelManager - Adding key: http://localhost:62067 for channel [id: 0xf0029a8f, L:/127.0.0.1:10064 - R:localhost/127.0.0.1:62067]
16:22:52.191 [main] DEBUG net.serenitybdd.core.photography.Darkroom - Send negative for processing for target\site\serenity\880669b489e285ed2002cf2a2228f50c8409186a35380e60f3a26e2f4c93803b.png
16:22:52.191 [Darkroom Processing Line] DEBUG net.serenitybdd.core.photography.DarkroomProcessingLine - Processing screenshot image in /var/screenshots/screenshot-18420627127331951888
16:22:52.191 [Darkroom Processing Line] DEBUG net.serenitybdd.core.photography.DarkroomProcessingLine - Saving screenshot to target\site\serenity\880669b489e285ed2002cf2a2228f50c8409186a35380e60f3a26e2f4c93803b.png
16:22:52.193 [main] INFO  - 
  _____   ___   ___   _____     ___     _     ___   ___   ___   ___  
 |_   _| | __| / __| |_   _|   | _ \   /_\   / __| / __| | __| |   \ 
   | |   | _|  \__ \   | |     |  _/  / _ \  \__ \ \__ \ | _|  | |) |
   |_|   |___| |___/   |_|     |_|   /_/ \_\ |___/ |___/ |___| |___/ 

See Information of Understanding ECMAScript 6 Book
----------------------------------------------------------------------
16:22:52.195 [AsyncHttpClient-1-9] DEBUG org.asynchttpclient.netty.handler.WebSocketHandler - Channel Closed: [id: 0xc187a36d, L:/127.0.0.1:10085 ! R:localhost/127.0.0.1:10068] with attribute NettyResponseFuture{currentRetry=5,
	isDone=1,
	isCancelled=0,
	asyncHandler=org.asynchttpclient.ws.WebSocketUpgradeHandler@6fd32580,
	nettyRequest=org.asynchttpclient.netty.request.NettyRequest@297b81e4,
	future=java.util.concurrent.CompletableFuture@12e256ae[Completed normally],
	uri=ws://localhost:10068/devtools/browser/a6c5506e-1bd6-4b7f-a569-21f883d0c3b1,
	keepAlive=true,
	redirectCount=0,
	timeoutsHolder=null,
	inAuth=0,
	touch=1664875351263}
16:22:52.195 [AsyncHttpClient-1-9] DEBUG org.asynchttpclient.netty.channel.ChannelManager - Closing Channel [id: 0xc187a36d, L:/127.0.0.1:10085 ! R:localhost/127.0.0.1:10068] 
16:22:52.197 [Driver Command Executor] DEBUG org.asynchttpclient.netty.request.NettyRequestSender - Using pooled Channel '[id: 0xf0029a8f, L:/127.0.0.1:10064 - R:localhost/127.0.0.1:62067]' for 'DELETE' to 'http://localhost:62067/session/a1fae750d0b7179f94e306667a57d2a1'
16:22:52.197 [Driver Command Executor] DEBUG org.asynchttpclient.netty.request.NettyRequestSender - Using open Channel [id: 0xf0029a8f, L:/127.0.0.1:10064 - R:localhost/127.0.0.1:62067] for DELETE '/session/a1fae750d0b7179f94e306667a57d2a1'
16:22:52.358 [AsyncHttpClient-1-8] DEBUG org.asynchttpclient.netty.handler.HttpHandler - Unexpected I/O exception on channel [id: 0x2d7da2c2, L:/127.0.0.1:10084 - R:localhost/127.0.0.1:10068]
java.io.IOException: An existing connection was forcibly closed by the remote host
	at java.base/sun.nio.ch.SocketDispatcher.read0(Native Method)
	at java.base/sun.nio.ch.SocketDispatcher.read(SocketDispatcher.java:43)
	at java.base/sun.nio.ch.IOUtil.readIntoNativeBuffer(IOUtil.java:276)
	at java.base/sun.nio.ch.IOUtil.read(IOUtil.java:233)
	at java.base/sun.nio.ch.IOUtil.read(IOUtil.java:223)
	at java.base/sun.nio.ch.SocketChannelImpl.read(SocketChannelImpl.java:358)
	at io.netty.buffer.PooledByteBuf.setBytes(PooledByteBuf.java:258)
	at io.netty.buffer.AbstractByteBuf.writeBytes(AbstractByteBuf.java:1132)
	at io.netty.channel.socket.nio.NioSocketChannel.doReadBytes(NioSocketChannel.java:350)
	at io.netty.channel.nio.AbstractNioByteChannel$NioByteUnsafe.read(AbstractNioByteChannel.java:151)
	at io.netty.channel.nio.NioEventLoop.processSelectedKey(NioEventLoop.java:722)
	at io.netty.channel.nio.NioEventLoop.processSelectedKeysOptimized(NioEventLoop.java:658)
	at io.netty.channel.nio.NioEventLoop.processSelectedKeys(NioEventLoop.java:584)
	at io.netty.channel.nio.NioEventLoop.run(NioEventLoop.java:496)
	at io.netty.util.concurrent.SingleThreadEventExecutor$4.run(SingleThreadEventExecutor.java:986)
	at io.netty.util.internal.ThreadExecutorMap$2.run(ThreadExecutorMap.java:74)
	at io.netty.util.concurrent.FastThreadLocalRunnable.run(FastThreadLocalRunnable.java:30)
	at java.base/java.lang.Thread.run(Thread.java:834)
16:22:52.358 [AsyncHttpClient-1-8] DEBUG org.asynchttpclient.netty.channel.ChannelManager - Closing Channel [id: 0x2d7da2c2, L:/127.0.0.1:10084 - R:localhost/127.0.0.1:10068] 
16:22:52.358 [AsyncHttpClient-1-8] DEBUG org.asynchttpclient.netty.handler.HttpHandler - Channel Closed: [id: 0x2d7da2c2, L:/127.0.0.1:10084 ! R:localhost/127.0.0.1:10068] with attribute DISCARD
16:22:52.393 [AsyncHttpClient-1-7] DEBUG org.asynchttpclient.netty.handler.HttpHandler - 

Request DefaultFullHttpRequest(decodeResult: success, version: HTTP/1.1, content: EmptyByteBufBE)
DELETE /session/a1fae750d0b7179f94e306667a57d2a1 HTTP/1.1
User-Agent: selenium/4.1.2 (java windows)
Content-Type: application/json; charset=utf-8
host: localhost:62067
accept: */*

Response DefaultHttpResponse(decodeResult: success, version: HTTP/1.1)
HTTP/1.1 200 OK
Content-Type: application/json; charset=utf-8
cache-control: no-cache
content-length: 14

16:22:52.394 [AsyncHttpClient-1-7] DEBUG org.asynchttpclient.netty.channel.ChannelManager - Adding key: http://localhost:62067 for channel [id: 0xf0029a8f, L:/127.0.0.1:10064 - R:localhost/127.0.0.1:62067]
16:22:52.552 [AsyncHttpClient-1-7] DEBUG org.asynchttpclient.netty.handler.HttpHandler - Channel Closed: [id: 0xf0029a8f, L:/127.0.0.1:10064 ! R:localhost/127.0.0.1:62067] with attribute DISCARD
]]></system-out>
    <system-err><![CDATA[Starting Microsoft Edge WebDriver 105.0.1343.53 (3a47f00402d579c8ba1fad7e143f9d73831b6765) on port 62067
To submit feedback, report a bug, or suggest new features, please visit https://github.com/MicrosoftEdge/EdgeWebDriver

Only local connections are allowed.
Please see https://aka.ms/WebDriverSecurity for suggestions on keeping Microsoft Edge WebDriver safe.

Microsoft Edge WebDriver was started successfully.
Oct 04, 2022 4:22:31 PM org.openqa.selenium.remote.ProtocolHandshake createSession
INFO: Detected dialect: W3C
Oct 04, 2022 4:22:31 PM org.openqa.selenium.devtools.CdpVersionFinder findNearestMatch
WARNING: Unable to find an exact match for CDP version 105, so returning the closest version found: a no-op implementation
Oct 04, 2022 4:22:31 PM org.openqa.selenium.devtools.CdpVersionFinder findNearestMatch
INFO: Unable to find CDP implementation matching 105.
Oct 04, 2022 4:22:31 PM org.openqa.selenium.chromium.ChromiumDriver lambda$new$3
WARNING: Unable to find version of CDP to use for . You may need to include a dependency on a specific version of the CDP using something similar to `org.seleniumhq.selenium:selenium-devtools-v86:4.1.2` where the version ("v86") matches the version of the chromium-based browser you're using and the version number of the artifact is the same as Selenium's.
]]></system-err>
  </testcase>
  <testcase name="Login with valid userName and Password" classname="Login" time="16.267">
    <system-out><![CDATA[16:22:52.635 [main] INFO io.cucumber.core.plugin.SerenityReporter - Running feature from file:///D:/File%20Baru/Kuliah/Quality%20Engineer/qe_Bayu-Septyan-Nur-Hidayat/21_Review_Web_UI_Testing_with_Serenity/Praktikum/untitled/src/test/resources/features/Login.feature
16:22:52.644 [main] DEBUG net.thucydides.core.steps.StepEventBus - Test suite started for story net.thucydides.core.model.Story@23282f08
16:22:52.646 [main] INFO  - Test Suite Started: Login
16:22:52.665 [AsyncHttpClient-1-1] DEBUG org.asynchttpclient.netty.channel.DefaultChannelPool - Entry count for : http://localhost:62067 : 1
16:22:52.666 [AsyncHttpClient-1-1] DEBUG org.asynchttpclient.netty.channel.DefaultChannelPool - Entry count for : http://localhost:10068 : 1
16:22:52.666 [AsyncHttpClient-1-1] DEBUG org.asynchttpclient.netty.channel.DefaultChannelPool - Adding Candidate expired Channel [id: 0xf0029a8f, L:/127.0.0.1:10064 ! R:localhost/127.0.0.1:62067] isIdleTimeoutExpired=false isRemotelyClosed=true isTtlExpired=false
16:22:52.667 [AsyncHttpClient-1-1] DEBUG org.asynchttpclient.netty.channel.DefaultChannelPool - Closing Idle Channel [id: 0xf0029a8f, L:/127.0.0.1:10064 ! R:localhost/127.0.0.1:62067]
16:22:52.667 [AsyncHttpClient-1-1] DEBUG org.asynchttpclient.netty.channel.DefaultChannelPool - Adding Candidate expired Channel [id: 0x2d7da2c2, L:/127.0.0.1:10084 ! R:localhost/127.0.0.1:10068] isIdleTimeoutExpired=false isRemotelyClosed=true isTtlExpired=false
16:22:52.667 [AsyncHttpClient-1-1] DEBUG org.asynchttpclient.netty.channel.DefaultChannelPool - Closing Idle Channel [id: 0x2d7da2c2, L:/127.0.0.1:10084 ! R:localhost/127.0.0.1:10068]
16:22:52.667 [AsyncHttpClient-1-1] DEBUG org.asynchttpclient.netty.channel.DefaultChannelPool - Closed 2 connections out of 2 in 1 ms

Scenario: Login with valid userName and Password &amp#27;[90m# src/test/resources/features/Login.feature:6&amp#27;[0m
16:22:52.685 [main] INFO io.cucumber.core.plugin.SerenityReporter - Running feature from file:///D:/File%20Baru/Kuliah/Quality%20Engineer/qe_Bayu-Septyan-Nur-Hidayat/21_Review_Web_UI_Testing_with_Serenity/Praktikum/untitled/src/test/resources/features/Login.feature
16:22:52.702 [main] INFO  - 
  _____   ___   ___   _____     ___   _____     _     ___   _____   ___   ___  
 |_   _| | __| / __| |_   _|   / __| |_   _|   /_\   | _ \ |_   _| | __| |   \ 
   | |   | _|  \__ \   | |     \__ \   | |    / _ \  |   /   | |   | _|  | |) |
   |_|   |___| |___/   |_|     |___/   |_|   /_/ \_\ |_|_\   |_|   |___| |___/ 

Login with valid userName and Password(login;login-with-valid-username-and-password)
--------------------------------------------------------------------------------
16:22:53.433 [main] DEBUG io.github.bonigarcia.wdm.cache.ResolutionCache - Resolution edge=105 in cache (valid until 17:19:21 04/10/2022 ICT)
16:22:53.438 [main] DEBUG io.github.bonigarcia.wdm.cache.ResolutionCache - Resolution edge105=105.0.1343.53 in cache (valid until 22:15:59 04/10/2022 ICT)
16:22:53.441 [main] INFO io.github.bonigarcia.wdm.WebDriverManager - Using msedgedriver 105.0.1343.53 (resolved driver for Edge 105)
16:22:53.454 [main] DEBUG io.github.bonigarcia.wdm.WebDriverManager - Driver msedgedriver 105.0.1343.53 found in cache
16:22:53.457 [main] INFO io.github.bonigarcia.wdm.WebDriverManager - Exporting webdriver.edge.driver as C:\Users\Bayu\.cache\selenium\msedgedriver\win64\105.0.1343.53\msedgedriver.exe
16:22:53.459 [main] DEBUG net.serenitybdd.core.webdriver.driverproviders.ProvideNewDriver - Instantiating driver
16:22:53.460 [main] DEBUG net.serenitybdd.core.webdriver.driverproviders.ProvideNewDriver - Driver capabilities: Capabilities {base.url: https://demoqa.com, driver: edge, edge.driver: src/test/resources/webdrive..., ms:edgeChromium: true, ms:edgeOptions: {}}
16:22:53.695 [AsyncHttpClient-1-2] DEBUG org.asynchttpclient.netty.channel.NettyConnectListener - Using new Channel '[id: 0x735966f5, L:/127.0.0.1:10227 - R:localhost/127.0.0.1:49227]' for 'POST' to '/session'
16:22:55.131 [AsyncHttpClient-1-2] DEBUG org.asynchttpclient.netty.handler.HttpHandler - 

Request DefaultHttpRequest(decodeResult: success, version: HTTP/1.1)
POST /session HTTP/1.1
User-Agent: selenium/4.1.2 (java windows)
Content-Length: 591
Content-Type: application/json; charset=utf-8
host: localhost:49227
accept: */*

Response DefaultHttpResponse(decodeResult: success, version: HTTP/1.1)
HTTP/1.1 200 OK
Content-Type: application/json; charset=utf-8
cache-control: no-cache
content-length: 754

16:22:55.131 [AsyncHttpClient-1-2] DEBUG org.asynchttpclient.netty.channel.ChannelManager - Adding key: http://localhost:49227 for channel [id: 0x735966f5, L:/127.0.0.1:10227 - R:localhost/127.0.0.1:49227]
16:22:55.143 [AsyncHttpClient-1-3] DEBUG org.asynchttpclient.netty.channel.NettyConnectListener - Using new Channel '[id: 0x36350b9b, L:/127.0.0.1:10246 - R:localhost/127.0.0.1:10230]' for 'GET' to '/json/version'
16:22:55.144 [AsyncHttpClient-1-3] DEBUG org.asynchttpclient.netty.handler.HttpHandler - 

Request DefaultFullHttpRequest(decodeResult: success, version: HTTP/1.1, content: EmptyByteBufBE)
GET /json/version HTTP/1.1
User-Agent: selenium/4.1.2 (java windows)
host: localhost:10230
accept: */*

Response DefaultHttpResponse(decodeResult: success, version: HTTP/1.1)
HTTP/1.1 200 OK
Content-Type: application/json; charset=UTF-8
content-length: 436

16:22:55.144 [AsyncHttpClient-1-3] DEBUG org.asynchttpclient.netty.channel.ChannelManager - Adding key: http://localhost:10230 for channel [id: 0x36350b9b, L:/127.0.0.1:10246 - R:localhost/127.0.0.1:10230]
16:22:55.149 [AsyncHttpClient-1-4] DEBUG org.asynchttpclient.netty.channel.NettyConnectListener - Using new Channel '[id: 0x594fcbb5, L:/127.0.0.1:10247 - R:localhost/127.0.0.1:10230]' for 'GET' to '/devtools/browser/cf32162c-83c4-4ce4-9a54-47e7e5756b21'
16:22:55.150 [AsyncHttpClient-1-4] DEBUG org.asynchttpclient.netty.handler.WebSocketHandler - 

Request DefaultFullHttpRequest(decodeResult: success, version: HTTP/1.1, content: EmptyByteBufBE)
GET /devtools/browser/cf32162c-83c4-4ce4-9a54-47e7e5756b21 HTTP/1.1
upgrade: websocket
connection: upgrade
sec-websocket-key: Uw2QLNdJDOhEs5F7cw/hjA==
sec-websocket-version: 13
origin: http://localhost:10230
host: localhost:10230
accept: */*
user-agent: AHC/2.1

Response DefaultHttpResponse(decodeResult: success, version: HTTP/1.1)
HTTP/1.1 101 WebSocket Protocol Handshake
Upgrade: WebSocket
Connection: Upgrade
Sec-WebSocket-Accept: gItwXQHLAybVfrcuWpRZjxbnP58=

16:22:55.159 [Forwarding get on session a095e1fd035f09a8455de022ef2b05b6 to remote] DEBUG org.asynchttpclient.netty.request.NettyRequestSender - Using pooled Channel '[id: 0x735966f5, L:/127.0.0.1:10227 - R:localhost/127.0.0.1:49227]' for 'POST' to 'http://localhost:49227/session/a095e1fd035f09a8455de022ef2b05b6/url'
16:22:55.159 [Forwarding get on session a095e1fd035f09a8455de022ef2b05b6 to remote] DEBUG org.asynchttpclient.netty.request.NettyRequestSender - Using open Channel [id: 0x735966f5, L:/127.0.0.1:10227 - R:localhost/127.0.0.1:49227] for POST '/session/a095e1fd035f09a8455de022ef2b05b6/url'
16:22:55.961 [AsyncHttpClient-1-1] DEBUG org.asynchttpclient.netty.channel.DefaultChannelPool - Entry count for : http://localhost:10230 : 1
16:22:57.066 [AsyncHttpClient-1-1] DEBUG org.asynchttpclient.netty.channel.DefaultChannelPool - Entry count for : http://localhost:10230 : 1
16:22:58.179 [AsyncHttpClient-1-1] DEBUG org.asynchttpclient.netty.channel.DefaultChannelPool - Entry count for : http://localhost:10230 : 1
16:22:59.268 [AsyncHttpClient-1-1] DEBUG org.asynchttpclient.netty.channel.DefaultChannelPool - Entry count for : http://localhost:10230 : 1
16:23:00.362 [AsyncHttpClient-1-1] DEBUG org.asynchttpclient.netty.channel.DefaultChannelPool - Entry count for : http://localhost:10230 : 1
16:23:01.463 [AsyncHttpClient-1-1] DEBUG org.asynchttpclient.netty.channel.DefaultChannelPool - Entry count for : http://localhost:10230 : 1
16:23:02.563 [AsyncHttpClient-1-1] DEBUG org.asynchttpclient.netty.channel.DefaultChannelPool - Entry count for : http://localhost:10230 : 1
16:23:03.662 [AsyncHttpClient-1-1] DEBUG org.asynchttpclient.netty.channel.DefaultChannelPool - Entry count for : http://localhost:10230 : 1
16:23:04.767 [AsyncHttpClient-1-1] DEBUG org.asynchttpclient.netty.channel.DefaultChannelPool - Entry count for : http://localhost:10230 : 1
16:23:05.497 [AsyncHttpClient-1-2] DEBUG org.asynchttpclient.netty.handler.HttpHandler - 

Request DefaultHttpRequest(decodeResult: success, version: HTTP/1.1)
POST /session/a095e1fd035f09a8455de022ef2b05b6/url HTTP/1.1
User-Agent: selenium/4.1.2 (java windows)
Content-Length: 54
Content-Type: application/json; charset=utf-8
host: localhost:49227
accept: */*

Response DefaultHttpResponse(decodeResult: success, version: HTTP/1.1)
HTTP/1.1 200 OK
Content-Type: application/json; charset=utf-8
cache-control: no-cache
content-length: 14

16:23:05.497 [AsyncHttpClient-1-2] DEBUG org.asynchttpclient.netty.channel.ChannelManager - Adding key: http://localhost:49227 for channel [id: 0x735966f5, L:/127.0.0.1:10227 - R:localhost/127.0.0.1:49227]
16:23:05.500 [Forwarding setTimeout on session a095e1fd035f09a8455de022ef2b05b6 to remote] DEBUG org.asynchttpclient.netty.request.NettyRequestSender - Using pooled Channel '[id: 0x735966f5, L:/127.0.0.1:10227 - R:localhost/127.0.0.1:49227]' for 'POST' to 'http://localhost:49227/session/a095e1fd035f09a8455de022ef2b05b6/timeouts'
16:23:05.500 [Forwarding setTimeout on session a095e1fd035f09a8455de022ef2b05b6 to remote] DEBUG org.asynchttpclient.netty.request.NettyRequestSender - Using open Channel [id: 0x735966f5, L:/127.0.0.1:10227 - R:localhost/127.0.0.1:49227] for POST '/session/a095e1fd035f09a8455de022ef2b05b6/timeouts'
16:23:05.545 [AsyncHttpClient-1-2] DEBUG org.asynchttpclient.netty.handler.HttpHandler - 

Request DefaultHttpRequest(decodeResult: success, version: HTTP/1.1)
POST /session/a095e1fd035f09a8455de022ef2b05b6/timeouts HTTP/1.1
User-Agent: selenium/4.1.2 (java windows)
Content-Length: 22
Content-Type: application/json; charset=utf-8
host: localhost:49227
accept: */*

Response DefaultHttpResponse(decodeResult: success, version: HTTP/1.1)
HTTP/1.1 200 OK
Content-Type: application/json; charset=utf-8
cache-control: no-cache
content-length: 14

16:23:05.545 [AsyncHttpClient-1-2] DEBUG org.asynchttpclient.netty.channel.ChannelManager - Adding key: http://localhost:49227 for channel [id: 0x735966f5, L:/127.0.0.1:10227 - R:localhost/127.0.0.1:49227]
16:23:05.593 [Forwarding getCurrentUrl on session a095e1fd035f09a8455de022ef2b05b6 to remote] DEBUG org.asynchttpclient.netty.request.NettyRequestSender - Using pooled Channel '[id: 0x735966f5, L:/127.0.0.1:10227 - R:localhost/127.0.0.1:49227]' for 'GET' to 'http://localhost:49227/session/a095e1fd035f09a8455de022ef2b05b6/url'
16:23:05.593 [Forwarding getCurrentUrl on session a095e1fd035f09a8455de022ef2b05b6 to remote] DEBUG org.asynchttpclient.netty.request.NettyRequestSender - Using open Channel [id: 0x735966f5, L:/127.0.0.1:10227 - R:localhost/127.0.0.1:49227] for GET '/session/a095e1fd035f09a8455de022ef2b05b6/url'
16:23:05.600 [AsyncHttpClient-1-2] DEBUG org.asynchttpclient.netty.handler.HttpHandler - 

Request DefaultFullHttpRequest(decodeResult: success, version: HTTP/1.1, content: EmptyByteBufBE)
GET /session/a095e1fd035f09a8455de022ef2b05b6/url HTTP/1.1
User-Agent: selenium/4.1.2 (java windows)
Cache-Control: no-cache
Content-Type: application/json; charset=utf-8
host: localhost:49227
accept: */*

Response DefaultHttpResponse(decodeResult: success, version: HTTP/1.1)
HTTP/1.1 200 OK
Content-Type: application/json; charset=utf-8
cache-control: no-cache
content-length: 36

16:23:05.601 [AsyncHttpClient-1-2] DEBUG org.asynchttpclient.netty.channel.ChannelManager - Adding key: http://localhost:49227 for channel [id: 0x735966f5, L:/127.0.0.1:10227 - R:localhost/127.0.0.1:49227]
  &amp#27;[32mGiven &amp#27;[0m&amp#27;[32mI am on the login page&amp#27;[0m                   &amp#27;[90m# starter.stepdefinitions.LoginStep.iAmOnTheLoginPage()&amp#27;[0m
16:23:05.608 [main] DEBUG net.serenitybdd.core.photography.Darkroom - Opening darkroom
16:23:05.609 [Darkroom Processing Line] DEBUG net.serenitybdd.core.photography.DarkroomProcessingLine - Darkroom processing line starting up
16:23:05.609 [Forwarding screenshot on session a095e1fd035f09a8455de022ef2b05b6 to remote] DEBUG org.asynchttpclient.netty.request.NettyRequestSender - Using pooled Channel '[id: 0x735966f5, L:/127.0.0.1:10227 - R:localhost/127.0.0.1:49227]' for 'GET' to 'http://localhost:49227/session/a095e1fd035f09a8455de022ef2b05b6/screenshot'
16:23:05.609 [Forwarding screenshot on session a095e1fd035f09a8455de022ef2b05b6 to remote] DEBUG org.asynchttpclient.netty.request.NettyRequestSender - Using open Channel [id: 0x735966f5, L:/127.0.0.1:10227 - R:localhost/127.0.0.1:49227] for GET '/session/a095e1fd035f09a8455de022ef2b05b6/screenshot'
16:23:05.831 [AsyncHttpClient-1-2] DEBUG org.asynchttpclient.netty.handler.HttpHandler - 

Request DefaultFullHttpRequest(decodeResult: success, version: HTTP/1.1, content: EmptyByteBufBE)
GET /session/a095e1fd035f09a8455de022ef2b05b6/screenshot HTTP/1.1
User-Agent: selenium/4.1.2 (java windows)
Cache-Control: no-cache
Content-Type: application/json; charset=utf-8
host: localhost:49227
accept: */*

Response DefaultHttpResponse(decodeResult: success, version: HTTP/1.1)
HTTP/1.1 200 OK
Content-Type: application/json; charset=utf-8
cache-control: no-cache
content-length: 198144

16:23:05.862 [AsyncHttpClient-1-1] DEBUG org.asynchttpclient.netty.channel.DefaultChannelPool - Entry count for : http://localhost:10230 : 1
16:23:05.942 [AsyncHttpClient-1-2] DEBUG org.asynchttpclient.netty.channel.ChannelManager - Adding key: http://localhost:49227 for channel [id: 0x735966f5, L:/127.0.0.1:10227 - R:localhost/127.0.0.1:49227]
16:23:05.948 [main] DEBUG net.serenitybdd.core.photography.Darkroom - Send negative for processing for target\site\serenity\f3560907a97d9ba6804b75527b157b4d3d4f03c8f9cd31c1e7899829b91bbe4f.png
16:23:05.949 [Darkroom Processing Line] DEBUG net.serenitybdd.core.photography.DarkroomProcessingLine - Processing screenshot image in /var/screenshots/screenshot-7582388919566577108
16:23:05.949 [Darkroom Processing Line] DEBUG net.serenitybdd.core.photography.DarkroomProcessingLine - Saving screenshot to target\site\serenity\f3560907a97d9ba6804b75527b157b4d3d4f03c8f9cd31c1e7899829b91bbe4f.png
16:23:06.029 [Forwarding findElement on session a095e1fd035f09a8455de022ef2b05b6 to remote] DEBUG org.asynchttpclient.netty.request.NettyRequestSender - Using pooled Channel '[id: 0x735966f5, L:/127.0.0.1:10227 - R:localhost/127.0.0.1:49227]' for 'POST' to 'http://localhost:49227/session/a095e1fd035f09a8455de022ef2b05b6/element'
16:23:06.029 [Forwarding findElement on session a095e1fd035f09a8455de022ef2b05b6 to remote] DEBUG org.asynchttpclient.netty.request.NettyRequestSender - Using open Channel [id: 0x735966f5, L:/127.0.0.1:10227 - R:localhost/127.0.0.1:49227] for POST '/session/a095e1fd035f09a8455de022ef2b05b6/element'
16:23:06.045 [AsyncHttpClient-1-2] DEBUG org.asynchttpclient.netty.handler.HttpHandler - 

Request DefaultHttpRequest(decodeResult: success, version: HTTP/1.1)
POST /session/a095e1fd035f09a8455de022ef2b05b6/element HTTP/1.1
User-Agent: selenium/4.1.2 (java windows)
Content-Length: 53
Content-Type: application/json; charset=utf-8
host: localhost:49227
accept: */*

Response DefaultHttpResponse(decodeResult: success, version: HTTP/1.1)
HTTP/1.1 200 OK
Content-Type: application/json; charset=utf-8
cache-control: no-cache
content-length: 88

16:23:06.046 [AsyncHttpClient-1-2] DEBUG org.asynchttpclient.netty.channel.ChannelManager - Adding key: http://localhost:49227 for channel [id: 0x735966f5, L:/127.0.0.1:10227 - R:localhost/127.0.0.1:49227]
16:23:06.047 [Forwarding clearElement on session a095e1fd035f09a8455de022ef2b05b6 to remote] DEBUG org.asynchttpclient.netty.request.NettyRequestSender - Using pooled Channel '[id: 0x735966f5, L:/127.0.0.1:10227 - R:localhost/127.0.0.1:49227]' for 'POST' to 'http://localhost:49227/session/a095e1fd035f09a8455de022ef2b05b6/element/e980eeec-691f-47d2-aa2a-a9760ae3bf10/clear'
16:23:06.047 [Forwarding clearElement on session a095e1fd035f09a8455de022ef2b05b6 to remote] DEBUG org.asynchttpclient.netty.request.NettyRequestSender - Using open Channel [id: 0x735966f5, L:/127.0.0.1:10227 - R:localhost/127.0.0.1:49227] for POST '/session/a095e1fd035f09a8455de022ef2b05b6/element/e980eeec-691f-47d2-aa2a-a9760ae3bf10/clear'
16:23:06.279 [AsyncHttpClient-1-2] DEBUG org.asynchttpclient.netty.handler.HttpHandler - 

Request DefaultHttpRequest(decodeResult: success, version: HTTP/1.1)
POST /session/a095e1fd035f09a8455de022ef2b05b6/element/e980eeec-691f-47d2-aa2a-a9760ae3bf10/clear HTTP/1.1
User-Agent: selenium/4.1.2 (java windows)
Content-Length: 50
Content-Type: application/json; charset=utf-8
host: localhost:49227
accept: */*

Response DefaultHttpResponse(decodeResult: success, version: HTTP/1.1)
HTTP/1.1 200 OK
Content-Type: application/json; charset=utf-8
cache-control: no-cache
content-length: 14

16:23:06.280 [AsyncHttpClient-1-2] DEBUG org.asynchttpclient.netty.channel.ChannelManager - Adding key: http://localhost:49227 for channel [id: 0x735966f5, L:/127.0.0.1:10227 - R:localhost/127.0.0.1:49227]
16:23:06.358 [Forwarding sendKeysToElement on session a095e1fd035f09a8455de022ef2b05b6 to remote] DEBUG org.asynchttpclient.netty.request.NettyRequestSender - Using pooled Channel '[id: 0x735966f5, L:/127.0.0.1:10227 - R:localhost/127.0.0.1:49227]' for 'POST' to 'http://localhost:49227/session/a095e1fd035f09a8455de022ef2b05b6/element/e980eeec-691f-47d2-aa2a-a9760ae3bf10/value'
16:23:06.358 [Forwarding sendKeysToElement on session a095e1fd035f09a8455de022ef2b05b6 to remote] DEBUG org.asynchttpclient.netty.request.NettyRequestSender - Using open Channel [id: 0x735966f5, L:/127.0.0.1:10227 - R:localhost/127.0.0.1:49227] for POST '/session/a095e1fd035f09a8455de022ef2b05b6/element/e980eeec-691f-47d2-aa2a-a9760ae3bf10/value'
16:23:06.920 [AsyncHttpClient-1-2] DEBUG org.asynchttpclient.netty.handler.HttpHandler - 

Request DefaultHttpRequest(decodeResult: success, version: HTTP/1.1)
POST /session/a095e1fd035f09a8455de022ef2b05b6/element/e980eeec-691f-47d2-aa2a-a9760ae3bf10/value HTTP/1.1
User-Agent: selenium/4.1.2 (java windows)
Content-Length: 191
Content-Type: application/json; charset=utf-8
host: localhost:49227
accept: */*

Response DefaultHttpResponse(decodeResult: success, version: HTTP/1.1)
HTTP/1.1 200 OK
Content-Type: application/json; charset=utf-8
cache-control: no-cache
content-length: 14

16:23:06.920 [AsyncHttpClient-1-2] DEBUG org.asynchttpclient.netty.channel.ChannelManager - Adding key: http://localhost:49227 for channel [id: 0x735966f5, L:/127.0.0.1:10227 - R:localhost/127.0.0.1:49227]
  &amp#27;[32mWhen &amp#27;[0m&amp#27;[32mI input valid userName&amp#27;[0m                    &amp#27;[90m# starter.stepdefinitions.LoginStep.iInputValidUserName()&amp#27;[0m
16:23:06.943 [Forwarding screenshot on session a095e1fd035f09a8455de022ef2b05b6 to remote] DEBUG org.asynchttpclient.netty.request.NettyRequestSender - Using pooled Channel '[id: 0x735966f5, L:/127.0.0.1:10227 - R:localhost/127.0.0.1:49227]' for 'GET' to 'http://localhost:49227/session/a095e1fd035f09a8455de022ef2b05b6/screenshot'
16:23:06.943 [Forwarding screenshot on session a095e1fd035f09a8455de022ef2b05b6 to remote] DEBUG org.asynchttpclient.netty.request.NettyRequestSender - Using open Channel [id: 0x735966f5, L:/127.0.0.1:10227 - R:localhost/127.0.0.1:49227] for GET '/session/a095e1fd035f09a8455de022ef2b05b6/screenshot'
16:23:06.967 [AsyncHttpClient-1-1] DEBUG org.asynchttpclient.netty.channel.DefaultChannelPool - Entry count for : http://localhost:10230 : 1
16:23:07.173 [AsyncHttpClient-1-2] DEBUG org.asynchttpclient.netty.handler.HttpHandler - 

Request DefaultFullHttpRequest(decodeResult: success, version: HTTP/1.1, content: EmptyByteBufBE)
GET /session/a095e1fd035f09a8455de022ef2b05b6/screenshot HTTP/1.1
User-Agent: selenium/4.1.2 (java windows)
Cache-Control: no-cache
Content-Type: application/json; charset=utf-8
host: localhost:49227
accept: */*

Response DefaultHttpResponse(decodeResult: success, version: HTTP/1.1)
HTTP/1.1 200 OK
Content-Type: application/json; charset=utf-8
cache-control: no-cache
content-length: 199048

16:23:07.175 [AsyncHttpClient-1-2] DEBUG org.asynchttpclient.netty.channel.ChannelManager - Adding key: http://localhost:49227 for channel [id: 0x735966f5, L:/127.0.0.1:10227 - R:localhost/127.0.0.1:49227]
16:23:07.184 [main] DEBUG net.serenitybdd.core.photography.Darkroom - Send negative for processing for target\site\serenity\49271eed8e464ffdcfe5e4b698b4f4d9eb6475084ca06bb6c19e27c281c9d15c.png
16:23:07.184 [Darkroom Processing Line] DEBUG net.serenitybdd.core.photography.DarkroomProcessingLine - Processing screenshot image in /var/screenshots/screenshot-7435347723468236411
16:23:07.184 [Darkroom Processing Line] DEBUG net.serenitybdd.core.photography.DarkroomProcessingLine - Saving screenshot to target\site\serenity\49271eed8e464ffdcfe5e4b698b4f4d9eb6475084ca06bb6c19e27c281c9d15c.png
16:23:07.197 [Forwarding findElement on session a095e1fd035f09a8455de022ef2b05b6 to remote] DEBUG org.asynchttpclient.netty.request.NettyRequestSender - Using pooled Channel '[id: 0x735966f5, L:/127.0.0.1:10227 - R:localhost/127.0.0.1:49227]' for 'POST' to 'http://localhost:49227/session/a095e1fd035f09a8455de022ef2b05b6/element'
16:23:07.198 [Forwarding findElement on session a095e1fd035f09a8455de022ef2b05b6 to remote] DEBUG org.asynchttpclient.netty.request.NettyRequestSender - Using open Channel [id: 0x735966f5, L:/127.0.0.1:10227 - R:localhost/127.0.0.1:49227] for POST '/session/a095e1fd035f09a8455de022ef2b05b6/element'
16:23:07.236 [AsyncHttpClient-1-2] DEBUG org.asynchttpclient.netty.handler.HttpHandler - 

Request DefaultHttpRequest(decodeResult: success, version: HTTP/1.1)
POST /session/a095e1fd035f09a8455de022ef2b05b6/element HTTP/1.1
User-Agent: selenium/4.1.2 (java windows)
Content-Length: 53
Content-Type: application/json; charset=utf-8
host: localhost:49227
accept: */*

Response DefaultHttpResponse(decodeResult: success, version: HTTP/1.1)
HTTP/1.1 200 OK
Content-Type: application/json; charset=utf-8
cache-control: no-cache
content-length: 88

16:23:07.236 [AsyncHttpClient-1-2] DEBUG org.asynchttpclient.netty.channel.ChannelManager - Adding key: http://localhost:49227 for channel [id: 0x735966f5, L:/127.0.0.1:10227 - R:localhost/127.0.0.1:49227]
16:23:07.240 [Forwarding clearElement on session a095e1fd035f09a8455de022ef2b05b6 to remote] DEBUG org.asynchttpclient.netty.request.NettyRequestSender - Using pooled Channel '[id: 0x735966f5, L:/127.0.0.1:10227 - R:localhost/127.0.0.1:49227]' for 'POST' to 'http://localhost:49227/session/a095e1fd035f09a8455de022ef2b05b6/element/8b18bf4f-67ae-4967-98da-b996260cb027/clear'
16:23:07.240 [Forwarding clearElement on session a095e1fd035f09a8455de022ef2b05b6 to remote] DEBUG org.asynchttpclient.netty.request.NettyRequestSender - Using open Channel [id: 0x735966f5, L:/127.0.0.1:10227 - R:localhost/127.0.0.1:49227] for POST '/session/a095e1fd035f09a8455de022ef2b05b6/element/8b18bf4f-67ae-4967-98da-b996260cb027/clear'
16:23:07.279 [AsyncHttpClient-1-2] DEBUG org.asynchttpclient.netty.handler.HttpHandler - 

Request DefaultHttpRequest(decodeResult: success, version: HTTP/1.1)
POST /session/a095e1fd035f09a8455de022ef2b05b6/element/8b18bf4f-67ae-4967-98da-b996260cb027/clear HTTP/1.1
User-Agent: selenium/4.1.2 (java windows)
Content-Length: 50
Content-Type: application/json; charset=utf-8
host: localhost:49227
accept: */*

Response DefaultHttpResponse(decodeResult: success, version: HTTP/1.1)
HTTP/1.1 200 OK
Content-Type: application/json; charset=utf-8
cache-control: no-cache
content-length: 14

16:23:07.279 [AsyncHttpClient-1-2] DEBUG org.asynchttpclient.netty.channel.ChannelManager - Adding key: http://localhost:49227 for channel [id: 0x735966f5, L:/127.0.0.1:10227 - R:localhost/127.0.0.1:49227]
16:23:07.281 [Forwarding sendKeysToElement on session a095e1fd035f09a8455de022ef2b05b6 to remote] DEBUG org.asynchttpclient.netty.request.NettyRequestSender - Using pooled Channel '[id: 0x735966f5, L:/127.0.0.1:10227 - R:localhost/127.0.0.1:49227]' for 'POST' to 'http://localhost:49227/session/a095e1fd035f09a8455de022ef2b05b6/element/8b18bf4f-67ae-4967-98da-b996260cb027/value'
16:23:07.281 [Forwarding sendKeysToElement on session a095e1fd035f09a8455de022ef2b05b6 to remote] DEBUG org.asynchttpclient.netty.request.NettyRequestSender - Using open Channel [id: 0x735966f5, L:/127.0.0.1:10227 - R:localhost/127.0.0.1:49227] for POST '/session/a095e1fd035f09a8455de022ef2b05b6/element/8b18bf4f-67ae-4967-98da-b996260cb027/value'
16:23:07.400 [AsyncHttpClient-1-2] DEBUG org.asynchttpclient.netty.handler.HttpHandler - 

Request DefaultHttpRequest(decodeResult: success, version: HTTP/1.1)
POST /session/a095e1fd035f09a8455de022ef2b05b6/element/8b18bf4f-67ae-4967-98da-b996260cb027/value HTTP/1.1
User-Agent: selenium/4.1.2 (java windows)
Content-Length: 191
Content-Type: application/json; charset=utf-8
host: localhost:49227
accept: */*

Response DefaultHttpResponse(decodeResult: success, version: HTTP/1.1)
HTTP/1.1 200 OK
Content-Type: application/json; charset=utf-8
cache-control: no-cache
content-length: 14

16:23:07.401 [AsyncHttpClient-1-2] DEBUG org.asynchttpclient.netty.channel.ChannelManager - Adding key: http://localhost:49227 for channel [id: 0x735966f5, L:/127.0.0.1:10227 - R:localhost/127.0.0.1:49227]
  &amp#27;[32mAnd &amp#27;[0m&amp#27;[32mI input valid password&amp#27;[0m                     &amp#27;[90m# starter.stepdefinitions.LoginStep.iInputValidPassword()&amp#27;[0m
16:23:07.422 [Forwarding screenshot on session a095e1fd035f09a8455de022ef2b05b6 to remote] DEBUG org.asynchttpclient.netty.request.NettyRequestSender - Using pooled Channel '[id: 0x735966f5, L:/127.0.0.1:10227 - R:localhost/127.0.0.1:49227]' for 'GET' to 'http://localhost:49227/session/a095e1fd035f09a8455de022ef2b05b6/screenshot'
16:23:07.423 [Forwarding screenshot on session a095e1fd035f09a8455de022ef2b05b6 to remote] DEBUG org.asynchttpclient.netty.request.NettyRequestSender - Using open Channel [id: 0x735966f5, L:/127.0.0.1:10227 - R:localhost/127.0.0.1:49227] for GET '/session/a095e1fd035f09a8455de022ef2b05b6/screenshot'
16:23:07.704 [AsyncHttpClient-1-2] DEBUG org.asynchttpclient.netty.handler.HttpHandler - 

Request DefaultFullHttpRequest(decodeResult: success, version: HTTP/1.1, content: EmptyByteBufBE)
GET /session/a095e1fd035f09a8455de022ef2b05b6/screenshot HTTP/1.1
User-Agent: selenium/4.1.2 (java windows)
Cache-Control: no-cache
Content-Type: application/json; charset=utf-8
host: localhost:49227
accept: */*

Response DefaultHttpResponse(decodeResult: success, version: HTTP/1.1)
HTTP/1.1 200 OK
Content-Type: application/json; charset=utf-8
cache-control: no-cache
content-length: 241792

16:23:07.706 [AsyncHttpClient-1-2] DEBUG org.asynchttpclient.netty.channel.ChannelManager - Adding key: http://localhost:49227 for channel [id: 0x735966f5, L:/127.0.0.1:10227 - R:localhost/127.0.0.1:49227]
16:23:07.720 [main] DEBUG net.serenitybdd.core.photography.Darkroom - Send negative for processing for target\site\serenity\c7d6ffb29680fe524182ce54e8df0a7ef7ac40bea91adcd4b2d789b327486625.png
16:23:07.720 [Darkroom Processing Line] DEBUG net.serenitybdd.core.photography.DarkroomProcessingLine - Processing screenshot image in /var/screenshots/screenshot-10432950011767326312
16:23:07.720 [Darkroom Processing Line] DEBUG net.serenitybdd.core.photography.DarkroomProcessingLine - Saving screenshot to target\site\serenity\c7d6ffb29680fe524182ce54e8df0a7ef7ac40bea91adcd4b2d789b327486625.png
16:23:07.730 [Forwarding findElement on session a095e1fd035f09a8455de022ef2b05b6 to remote] DEBUG org.asynchttpclient.netty.request.NettyRequestSender - Using pooled Channel '[id: 0x735966f5, L:/127.0.0.1:10227 - R:localhost/127.0.0.1:49227]' for 'POST' to 'http://localhost:49227/session/a095e1fd035f09a8455de022ef2b05b6/element'
16:23:07.730 [Forwarding findElement on session a095e1fd035f09a8455de022ef2b05b6 to remote] DEBUG org.asynchttpclient.netty.request.NettyRequestSender - Using open Channel [id: 0x735966f5, L:/127.0.0.1:10227 - R:localhost/127.0.0.1:49227] for POST '/session/a095e1fd035f09a8455de022ef2b05b6/element'
16:23:07.750 [AsyncHttpClient-1-2] DEBUG org.asynchttpclient.netty.handler.HttpHandler - 

Request DefaultHttpRequest(decodeResult: success, version: HTTP/1.1)
POST /session/a095e1fd035f09a8455de022ef2b05b6/element HTTP/1.1
User-Agent: selenium/4.1.2 (java windows)
Content-Length: 50
Content-Type: application/json; charset=utf-8
host: localhost:49227
accept: */*

Response DefaultHttpResponse(decodeResult: success, version: HTTP/1.1)
HTTP/1.1 200 OK
Content-Type: application/json; charset=utf-8
cache-control: no-cache
content-length: 88

16:23:07.750 [AsyncHttpClient-1-2] DEBUG org.asynchttpclient.netty.channel.ChannelManager - Adding key: http://localhost:49227 for channel [id: 0x735966f5, L:/127.0.0.1:10227 - R:localhost/127.0.0.1:49227]
16:23:07.753 [Forwarding getElementTagName on session a095e1fd035f09a8455de022ef2b05b6 to remote] DEBUG org.asynchttpclient.netty.request.NettyRequestSender - Using pooled Channel '[id: 0x735966f5, L:/127.0.0.1:10227 - R:localhost/127.0.0.1:49227]' for 'GET' to 'http://localhost:49227/session/a095e1fd035f09a8455de022ef2b05b6/element/1713ddcc-fe50-46e6-b3c1-d29d7a9599c6/name'
16:23:07.753 [Forwarding getElementTagName on session a095e1fd035f09a8455de022ef2b05b6 to remote] DEBUG org.asynchttpclient.netty.request.NettyRequestSender - Using open Channel [id: 0x735966f5, L:/127.0.0.1:10227 - R:localhost/127.0.0.1:49227] for GET '/session/a095e1fd035f09a8455de022ef2b05b6/element/1713ddcc-fe50-46e6-b3c1-d29d7a9599c6/name'
16:23:07.759 [AsyncHttpClient-1-2] DEBUG org.asynchttpclient.netty.handler.HttpHandler - 

Request DefaultFullHttpRequest(decodeResult: success, version: HTTP/1.1, content: EmptyByteBufBE)
GET /session/a095e1fd035f09a8455de022ef2b05b6/element/1713ddcc-fe50-46e6-b3c1-d29d7a9599c6/name HTTP/1.1
User-Agent: selenium/4.1.2 (java windows)
Cache-Control: no-cache
Content-Type: application/json; charset=utf-8
host: localhost:49227
accept: */*

Response DefaultHttpResponse(decodeResult: success, version: HTTP/1.1)
HTTP/1.1 200 OK
Content-Type: application/json; charset=utf-8
cache-control: no-cache
content-length: 18

16:23:07.760 [AsyncHttpClient-1-2] DEBUG org.asynchttpclient.netty.channel.ChannelManager - Adding key: http://localhost:49227 for channel [id: 0x735966f5, L:/127.0.0.1:10227 - R:localhost/127.0.0.1:49227]
16:23:07.761 [Forwarding getElementTagName on session a095e1fd035f09a8455de022ef2b05b6 to remote] DEBUG org.asynchttpclient.netty.request.NettyRequestSender - Using pooled Channel '[id: 0x735966f5, L:/127.0.0.1:10227 - R:localhost/127.0.0.1:49227]' for 'GET' to 'http://localhost:49227/session/a095e1fd035f09a8455de022ef2b05b6/element/1713ddcc-fe50-46e6-b3c1-d29d7a9599c6/name'
16:23:07.761 [Forwarding getElementTagName on session a095e1fd035f09a8455de022ef2b05b6 to remote] DEBUG org.asynchttpclient.netty.request.NettyRequestSender - Using open Channel [id: 0x735966f5, L:/127.0.0.1:10227 - R:localhost/127.0.0.1:49227] for GET '/session/a095e1fd035f09a8455de022ef2b05b6/element/1713ddcc-fe50-46e6-b3c1-d29d7a9599c6/name'
16:23:07.765 [AsyncHttpClient-1-2] DEBUG org.asynchttpclient.netty.handler.HttpHandler - 

Request DefaultFullHttpRequest(decodeResult: success, version: HTTP/1.1, content: EmptyByteBufBE)
GET /session/a095e1fd035f09a8455de022ef2b05b6/element/1713ddcc-fe50-46e6-b3c1-d29d7a9599c6/name HTTP/1.1
User-Agent: selenium/4.1.2 (java windows)
Cache-Control: no-cache
Content-Type: application/json; charset=utf-8
host: localhost:49227
accept: */*

Response DefaultHttpResponse(decodeResult: success, version: HTTP/1.1)
HTTP/1.1 200 OK
Content-Type: application/json; charset=utf-8
cache-control: no-cache
content-length: 18

16:23:07.765 [AsyncHttpClient-1-2] DEBUG org.asynchttpclient.netty.channel.ChannelManager - Adding key: http://localhost:49227 for channel [id: 0x735966f5, L:/127.0.0.1:10227 - R:localhost/127.0.0.1:49227]
16:23:07.778 [Forwarding isElementEnabled on session a095e1fd035f09a8455de022ef2b05b6 to remote] DEBUG org.asynchttpclient.netty.request.NettyRequestSender - Using pooled Channel '[id: 0x735966f5, L:/127.0.0.1:10227 - R:localhost/127.0.0.1:49227]' for 'GET' to 'http://localhost:49227/session/a095e1fd035f09a8455de022ef2b05b6/element/1713ddcc-fe50-46e6-b3c1-d29d7a9599c6/enabled'
16:23:07.778 [Forwarding isElementEnabled on session a095e1fd035f09a8455de022ef2b05b6 to remote] DEBUG org.asynchttpclient.netty.request.NettyRequestSender - Using open Channel [id: 0x735966f5, L:/127.0.0.1:10227 - R:localhost/127.0.0.1:49227] for GET '/session/a095e1fd035f09a8455de022ef2b05b6/element/1713ddcc-fe50-46e6-b3c1-d29d7a9599c6/enabled'
16:23:07.791 [AsyncHttpClient-1-2] DEBUG org.asynchttpclient.netty.handler.HttpHandler - 

Request DefaultFullHttpRequest(decodeResult: success, version: HTTP/1.1, content: EmptyByteBufBE)
GET /session/a095e1fd035f09a8455de022ef2b05b6/element/1713ddcc-fe50-46e6-b3c1-d29d7a9599c6/enabled HTTP/1.1
User-Agent: selenium/4.1.2 (java windows)
Cache-Control: no-cache
Content-Type: application/json; charset=utf-8
host: localhost:49227
accept: */*

Response DefaultHttpResponse(decodeResult: success, version: HTTP/1.1)
HTTP/1.1 200 OK
Content-Type: application/json; charset=utf-8
cache-control: no-cache
content-length: 14

16:23:07.791 [AsyncHttpClient-1-2] DEBUG org.asynchttpclient.netty.channel.ChannelManager - Adding key: http://localhost:49227 for channel [id: 0x735966f5, L:/127.0.0.1:10227 - R:localhost/127.0.0.1:49227]
16:23:07.792 [Forwarding isElementEnabled on session a095e1fd035f09a8455de022ef2b05b6 to remote] DEBUG org.asynchttpclient.netty.request.NettyRequestSender - Using pooled Channel '[id: 0x735966f5, L:/127.0.0.1:10227 - R:localhost/127.0.0.1:49227]' for 'GET' to 'http://localhost:49227/session/a095e1fd035f09a8455de022ef2b05b6/element/1713ddcc-fe50-46e6-b3c1-d29d7a9599c6/enabled'
16:23:07.793 [Forwarding isElementEnabled on session a095e1fd035f09a8455de022ef2b05b6 to remote] DEBUG org.asynchttpclient.netty.request.NettyRequestSender - Using open Channel [id: 0x735966f5, L:/127.0.0.1:10227 - R:localhost/127.0.0.1:49227] for GET '/session/a095e1fd035f09a8455de022ef2b05b6/element/1713ddcc-fe50-46e6-b3c1-d29d7a9599c6/enabled'
16:23:07.801 [AsyncHttpClient-1-2] DEBUG org.asynchttpclient.netty.handler.HttpHandler - 

Request DefaultFullHttpRequest(decodeResult: success, version: HTTP/1.1, content: EmptyByteBufBE)
GET /session/a095e1fd035f09a8455de022ef2b05b6/element/1713ddcc-fe50-46e6-b3c1-d29d7a9599c6/enabled HTTP/1.1
User-Agent: selenium/4.1.2 (java windows)
Cache-Control: no-cache
Content-Type: application/json; charset=utf-8
host: localhost:49227
accept: */*

Response DefaultHttpResponse(decodeResult: success, version: HTTP/1.1)
HTTP/1.1 200 OK
Content-Type: application/json; charset=utf-8
cache-control: no-cache
content-length: 14

16:23:07.802 [AsyncHttpClient-1-2] DEBUG org.asynchttpclient.netty.channel.ChannelManager - Adding key: http://localhost:49227 for channel [id: 0x735966f5, L:/127.0.0.1:10227 - R:localhost/127.0.0.1:49227]
16:23:07.803 [Forwarding findElement on session a095e1fd035f09a8455de022ef2b05b6 to remote] DEBUG org.asynchttpclient.netty.request.NettyRequestSender - Using pooled Channel '[id: 0x735966f5, L:/127.0.0.1:10227 - R:localhost/127.0.0.1:49227]' for 'POST' to 'http://localhost:49227/session/a095e1fd035f09a8455de022ef2b05b6/element'
16:23:07.803 [Forwarding findElement on session a095e1fd035f09a8455de022ef2b05b6 to remote] DEBUG org.asynchttpclient.netty.request.NettyRequestSender - Using open Channel [id: 0x735966f5, L:/127.0.0.1:10227 - R:localhost/127.0.0.1:49227] for POST '/session/a095e1fd035f09a8455de022ef2b05b6/element'
16:23:07.812 [AsyncHttpClient-1-2] DEBUG org.asynchttpclient.netty.handler.HttpHandler - 

Request DefaultHttpRequest(decodeResult: success, version: HTTP/1.1)
POST /session/a095e1fd035f09a8455de022ef2b05b6/element HTTP/1.1
User-Agent: selenium/4.1.2 (java windows)
Content-Length: 50
Content-Type: application/json; charset=utf-8
host: localhost:49227
accept: */*

Response DefaultHttpResponse(decodeResult: success, version: HTTP/1.1)
HTTP/1.1 200 OK
Content-Type: application/json; charset=utf-8
cache-control: no-cache
content-length: 88

16:23:07.812 [AsyncHttpClient-1-2] DEBUG org.asynchttpclient.netty.channel.ChannelManager - Adding key: http://localhost:49227 for channel [id: 0x735966f5, L:/127.0.0.1:10227 - R:localhost/127.0.0.1:49227]
16:23:07.814 [Forwarding clickElement on session a095e1fd035f09a8455de022ef2b05b6 to remote] DEBUG org.asynchttpclient.netty.request.NettyRequestSender - Using pooled Channel '[id: 0x735966f5, L:/127.0.0.1:10227 - R:localhost/127.0.0.1:49227]' for 'POST' to 'http://localhost:49227/session/a095e1fd035f09a8455de022ef2b05b6/element/1713ddcc-fe50-46e6-b3c1-d29d7a9599c6/click'
16:23:07.814 [Forwarding clickElement on session a095e1fd035f09a8455de022ef2b05b6 to remote] DEBUG org.asynchttpclient.netty.request.NettyRequestSender - Using open Channel [id: 0x735966f5, L:/127.0.0.1:10227 - R:localhost/127.0.0.1:49227] for POST '/session/a095e1fd035f09a8455de022ef2b05b6/element/1713ddcc-fe50-46e6-b3c1-d29d7a9599c6/click'
16:23:07.901 [AsyncHttpClient-1-2] DEBUG org.asynchttpclient.netty.handler.HttpHandler - 

Request DefaultHttpRequest(decodeResult: success, version: HTTP/1.1)
POST /session/a095e1fd035f09a8455de022ef2b05b6/element/1713ddcc-fe50-46e6-b3c1-d29d7a9599c6/click HTTP/1.1
User-Agent: selenium/4.1.2 (java windows)
Content-Length: 50
Content-Type: application/json; charset=utf-8
host: localhost:49227
accept: */*

Response DefaultHttpResponse(decodeResult: success, version: HTTP/1.1)
HTTP/1.1 200 OK
Content-Type: application/json; charset=utf-8
cache-control: no-cache
content-length: 14

16:23:07.901 [AsyncHttpClient-1-2] DEBUG org.asynchttpclient.netty.channel.ChannelManager - Adding key: http://localhost:49227 for channel [id: 0x735966f5, L:/127.0.0.1:10227 - R:localhost/127.0.0.1:49227]
  &amp#27;[32mAnd &amp#27;[0m&amp#27;[32mI click Login button&amp#27;[0m                       &amp#27;[90m# starter.stepdefinitions.LoginStep.iClickLoginButton()&amp#27;[0m
16:23:07.918 [Forwarding screenshot on session a095e1fd035f09a8455de022ef2b05b6 to remote] DEBUG org.asynchttpclient.netty.request.NettyRequestSender - Using pooled Channel '[id: 0x735966f5, L:/127.0.0.1:10227 - R:localhost/127.0.0.1:49227]' for 'GET' to 'http://localhost:49227/session/a095e1fd035f09a8455de022ef2b05b6/screenshot'
16:23:07.918 [Forwarding screenshot on session a095e1fd035f09a8455de022ef2b05b6 to remote] DEBUG org.asynchttpclient.netty.request.NettyRequestSender - Using open Channel [id: 0x735966f5, L:/127.0.0.1:10227 - R:localhost/127.0.0.1:49227] for GET '/session/a095e1fd035f09a8455de022ef2b05b6/screenshot'
16:23:08.076 [AsyncHttpClient-1-1] DEBUG org.asynchttpclient.netty.channel.DefaultChannelPool - Entry count for : http://localhost:10230 : 1
16:23:08.167 [AsyncHttpClient-1-2] DEBUG org.asynchttpclient.netty.handler.HttpHandler - 

Request DefaultFullHttpRequest(decodeResult: success, version: HTTP/1.1, content: EmptyByteBufBE)
GET /session/a095e1fd035f09a8455de022ef2b05b6/screenshot HTTP/1.1
User-Agent: selenium/4.1.2 (java windows)
Cache-Control: no-cache
Content-Type: application/json; charset=utf-8
host: localhost:49227
accept: */*

Response DefaultHttpResponse(decodeResult: success, version: HTTP/1.1)
HTTP/1.1 200 OK
Content-Type: application/json; charset=utf-8
cache-control: no-cache
content-length: 225976

16:23:08.168 [AsyncHttpClient-1-2] DEBUG org.asynchttpclient.netty.channel.ChannelManager - Adding key: http://localhost:49227 for channel [id: 0x735966f5, L:/127.0.0.1:10227 - R:localhost/127.0.0.1:49227]
16:23:08.179 [main] DEBUG net.serenitybdd.core.photography.Darkroom - Send negative for processing for target\site\serenity\c85498a10e6d624385e52a527db4caa9410e96a00864884f620d77ad562319da.png
16:23:08.179 [Darkroom Processing Line] DEBUG net.serenitybdd.core.photography.DarkroomProcessingLine - Processing screenshot image in /var/screenshots/screenshot-3554737814463309764
16:23:08.179 [Darkroom Processing Line] DEBUG net.serenitybdd.core.photography.DarkroomProcessingLine - Saving screenshot to target\site\serenity\c85498a10e6d624385e52a527db4caa9410e96a00864884f620d77ad562319da.png
16:23:08.194 [Forwarding findElement on session a095e1fd035f09a8455de022ef2b05b6 to remote] DEBUG org.asynchttpclient.netty.request.NettyRequestSender - Using pooled Channel '[id: 0x735966f5, L:/127.0.0.1:10227 - R:localhost/127.0.0.1:49227]' for 'POST' to 'http://localhost:49227/session/a095e1fd035f09a8455de022ef2b05b6/element'
16:23:08.194 [Forwarding findElement on session a095e1fd035f09a8455de022ef2b05b6 to remote] DEBUG org.asynchttpclient.netty.request.NettyRequestSender - Using open Channel [id: 0x735966f5, L:/127.0.0.1:10227 - R:localhost/127.0.0.1:49227] for POST '/session/a095e1fd035f09a8455de022ef2b05b6/element'
16:23:08.223 [AsyncHttpClient-1-2] DEBUG org.asynchttpclient.netty.handler.HttpHandler - 

Request DefaultHttpRequest(decodeResult: success, version: HTTP/1.1)
POST /session/a095e1fd035f09a8455de022ef2b05b6/element HTTP/1.1
User-Agent: selenium/4.1.2 (java windows)
Content-Length: 74
Content-Type: application/json; charset=utf-8
host: localhost:49227
accept: */*

Response DefaultHttpResponse(decodeResult: success, version: HTTP/1.1)
HTTP/1.1 200 OK
Content-Type: application/json; charset=utf-8
cache-control: no-cache
content-length: 88

16:23:08.223 [AsyncHttpClient-1-2] DEBUG org.asynchttpclient.netty.channel.ChannelManager - Adding key: http://localhost:49227 for channel [id: 0x735966f5, L:/127.0.0.1:10227 - R:localhost/127.0.0.1:49227]
16:23:08.248 [Forwarding isElementDisplayed on session a095e1fd035f09a8455de022ef2b05b6 to remote] DEBUG org.asynchttpclient.netty.request.NettyRequestSender - Using pooled Channel '[id: 0x735966f5, L:/127.0.0.1:10227 - R:localhost/127.0.0.1:49227]' for 'POST' to 'http://localhost:49227/session/a095e1fd035f09a8455de022ef2b05b6/execute/sync'
16:23:08.248 [Forwarding isElementDisplayed on session a095e1fd035f09a8455de022ef2b05b6 to remote] DEBUG org.asynchttpclient.netty.request.NettyRequestSender - Using open Channel [id: 0x735966f5, L:/127.0.0.1:10227 - R:localhost/127.0.0.1:49227] for POST '/session/a095e1fd035f09a8455de022ef2b05b6/execute/sync'
16:23:08.290 [AsyncHttpClient-1-2] DEBUG org.asynchttpclient.netty.handler.HttpHandler - 

Request DefaultHttpRequest(decodeResult: success, version: HTTP/1.1)
POST /session/a095e1fd035f09a8455de022ef2b05b6/execute/sync HTTP/1.1
User-Agent: selenium/4.1.2 (java windows)
Content-Length: 48780
Content-Type: application/json; charset=utf-8
host: localhost:49227
accept: */*

Response DefaultHttpResponse(decodeResult: success, version: HTTP/1.1)
HTTP/1.1 200 OK
Content-Type: application/json; charset=utf-8
cache-control: no-cache
content-length: 14

16:23:08.291 [AsyncHttpClient-1-2] DEBUG org.asynchttpclient.netty.channel.ChannelManager - Adding key: http://localhost:49227 for channel [id: 0x735966f5, L:/127.0.0.1:10227 - R:localhost/127.0.0.1:49227]
  &amp#27;[32mThen &amp#27;[0m&amp#27;[32mI will see Book Store Button&amp#27;[0m              &amp#27;[90m# starter.stepdefinitions.LoginStep.iWillSeeBookStoreButton()&amp#27;[0m
16:23:08.297 [Forwarding screenshot on session a095e1fd035f09a8455de022ef2b05b6 to remote] DEBUG org.asynchttpclient.netty.request.NettyRequestSender - Using pooled Channel '[id: 0x735966f5, L:/127.0.0.1:10227 - R:localhost/127.0.0.1:49227]' for 'GET' to 'http://localhost:49227/session/a095e1fd035f09a8455de022ef2b05b6/screenshot'
16:23:08.297 [Forwarding screenshot on session a095e1fd035f09a8455de022ef2b05b6 to remote] DEBUG org.asynchttpclient.netty.request.NettyRequestSender - Using open Channel [id: 0x735966f5, L:/127.0.0.1:10227 - R:localhost/127.0.0.1:49227] for GET '/session/a095e1fd035f09a8455de022ef2b05b6/screenshot'
16:23:08.465 [AsyncHttpClient-1-2] DEBUG org.asynchttpclient.netty.handler.HttpHandler - 

Request DefaultFullHttpRequest(decodeResult: success, version: HTTP/1.1, content: EmptyByteBufBE)
GET /session/a095e1fd035f09a8455de022ef2b05b6/screenshot HTTP/1.1
User-Agent: selenium/4.1.2 (java windows)
Cache-Control: no-cache
Content-Type: application/json; charset=utf-8
host: localhost:49227
accept: */*

Response DefaultHttpResponse(decodeResult: success, version: HTTP/1.1)
HTTP/1.1 200 OK
Content-Type: application/json; charset=utf-8
cache-control: no-cache
content-length: 225976

16:23:08.468 [AsyncHttpClient-1-2] DEBUG org.asynchttpclient.netty.channel.ChannelManager - Adding key: http://localhost:49227 for channel [id: 0x735966f5, L:/127.0.0.1:10227 - R:localhost/127.0.0.1:49227]
16:23:08.475 [main] DEBUG net.serenitybdd.core.photography.Darkroom - Send negative for processing for target\site\serenity\c85498a10e6d624385e52a527db4caa9410e96a00864884f620d77ad562319da.png
16:23:08.477 [main] INFO  - 
  _____   ___   ___   _____     ___     _     ___   ___   ___   ___  
 |_   _| | __| / __| |_   _|   | _ \   /_\   / __| / __| | __| |   \ 
   | |   | _|  \__ \   | |     |  _/  / _ \  \__ \ \__ \ | _|  | |) |
   |_|   |___| |___/   |_|     |_|   /_/ \_\ |___/ |___/ |___| |___/ 

Login with valid userName and Password
----------------------------------------------------------------------
16:23:08.479 [AsyncHttpClient-1-4] DEBUG org.asynchttpclient.netty.handler.WebSocketHandler - Channel Closed: [id: 0x594fcbb5, L:/127.0.0.1:10247 ! R:localhost/127.0.0.1:10230] with attribute NettyResponseFuture{currentRetry=5,
	isDone=1,
	isCancelled=0,
	asyncHandler=org.asynchttpclient.ws.WebSocketUpgradeHandler@4c308cdb,
	nettyRequest=org.asynchttpclient.netty.request.NettyRequest@7b7bc0b2,
	future=java.util.concurrent.CompletableFuture@1ecbb7c6[Completed normally],
	uri=ws://localhost:10230/devtools/browser/cf32162c-83c4-4ce4-9a54-47e7e5756b21,
	keepAlive=true,
	redirectCount=0,
	timeoutsHolder=null,
	inAuth=0,
	touch=1664875375151}
16:23:08.479 [AsyncHttpClient-1-4] DEBUG org.asynchttpclient.netty.channel.ChannelManager - Closing Channel [id: 0x594fcbb5, L:/127.0.0.1:10247 ! R:localhost/127.0.0.1:10230] 
16:23:08.479 [Driver Command Executor] DEBUG org.asynchttpclient.netty.request.NettyRequestSender - Using pooled Channel '[id: 0x735966f5, L:/127.0.0.1:10227 - R:localhost/127.0.0.1:49227]' for 'DELETE' to 'http://localhost:49227/session/a095e1fd035f09a8455de022ef2b05b6'
16:23:08.479 [Driver Command Executor] DEBUG org.asynchttpclient.netty.request.NettyRequestSender - Using open Channel [id: 0x735966f5, L:/127.0.0.1:10227 - R:localhost/127.0.0.1:49227] for DELETE '/session/a095e1fd035f09a8455de022ef2b05b6'
16:23:08.634 [AsyncHttpClient-1-3] DEBUG org.asynchttpclient.netty.handler.HttpHandler - Unexpected I/O exception on channel [id: 0x36350b9b, L:/127.0.0.1:10246 - R:localhost/127.0.0.1:10230]
java.io.IOException: An existing connection was forcibly closed by the remote host
	at java.base/sun.nio.ch.SocketDispatcher.read0(Native Method)
	at java.base/sun.nio.ch.SocketDispatcher.read(SocketDispatcher.java:43)
	at java.base/sun.nio.ch.IOUtil.readIntoNativeBuffer(IOUtil.java:276)
	at java.base/sun.nio.ch.IOUtil.read(IOUtil.java:233)
	at java.base/sun.nio.ch.IOUtil.read(IOUtil.java:223)
	at java.base/sun.nio.ch.SocketChannelImpl.read(SocketChannelImpl.java:358)
	at io.netty.buffer.PooledByteBuf.setBytes(PooledByteBuf.java:258)
	at io.netty.buffer.AbstractByteBuf.writeBytes(AbstractByteBuf.java:1132)
	at io.netty.channel.socket.nio.NioSocketChannel.doReadBytes(NioSocketChannel.java:350)
	at io.netty.channel.nio.AbstractNioByteChannel$NioByteUnsafe.read(AbstractNioByteChannel.java:151)
	at io.netty.channel.nio.NioEventLoop.processSelectedKey(NioEventLoop.java:722)
	at io.netty.channel.nio.NioEventLoop.processSelectedKeysOptimized(NioEventLoop.java:658)
	at io.netty.channel.nio.NioEventLoop.processSelectedKeys(NioEventLoop.java:584)
	at io.netty.channel.nio.NioEventLoop.run(NioEventLoop.java:496)
	at io.netty.util.concurrent.SingleThreadEventExecutor$4.run(SingleThreadEventExecutor.java:986)
	at io.netty.util.internal.ThreadExecutorMap$2.run(ThreadExecutorMap.java:74)
	at io.netty.util.concurrent.FastThreadLocalRunnable.run(FastThreadLocalRunnable.java:30)
	at java.base/java.lang.Thread.run(Thread.java:834)
16:23:08.634 [AsyncHttpClient-1-3] DEBUG org.asynchttpclient.netty.channel.ChannelManager - Closing Channel [id: 0x36350b9b, L:/127.0.0.1:10246 - R:localhost/127.0.0.1:10230] 
16:23:08.635 [AsyncHttpClient-1-3] DEBUG org.asynchttpclient.netty.handler.HttpHandler - Channel Closed: [id: 0x36350b9b, L:/127.0.0.1:10246 ! R:localhost/127.0.0.1:10230] with attribute DISCARD
16:23:08.679 [AsyncHttpClient-1-2] DEBUG org.asynchttpclient.netty.handler.HttpHandler - 

Request DefaultFullHttpRequest(decodeResult: success, version: HTTP/1.1, content: EmptyByteBufBE)
DELETE /session/a095e1fd035f09a8455de022ef2b05b6 HTTP/1.1
User-Agent: selenium/4.1.2 (java windows)
Content-Type: application/json; charset=utf-8
host: localhost:49227
accept: */*

Response DefaultHttpResponse(decodeResult: success, version: HTTP/1.1)
HTTP/1.1 200 OK
Content-Type: application/json; charset=utf-8
cache-control: no-cache
content-length: 14

16:23:08.679 [AsyncHttpClient-1-2] DEBUG org.asynchttpclient.netty.channel.ChannelManager - Adding key: http://localhost:49227 for channel [id: 0x735966f5, L:/127.0.0.1:10227 - R:localhost/127.0.0.1:49227]
16:23:08.840 [AsyncHttpClient-1-2] DEBUG org.asynchttpclient.netty.handler.HttpHandler - Channel Closed: [id: 0x735966f5, L:/127.0.0.1:10227 ! R:localhost/127.0.0.1:49227] with attribute DISCARD
]]></system-out>
    <system-err><![CDATA[Starting Microsoft Edge WebDriver 105.0.1343.53 (3a47f00402d579c8ba1fad7e143f9d73831b6765) on port 49227
To submit feedback, report a bug, or suggest new features, please visit https://github.com/MicrosoftEdge/EdgeWebDriver

Only local connections are allowed.
Please see https://aka.ms/WebDriverSecurity for suggestions on keeping Microsoft Edge WebDriver safe.

Microsoft Edge WebDriver was started successfully.
Oct 04, 2022 4:22:55 PM org.openqa.selenium.remote.ProtocolHandshake createSession
INFO: Detected dialect: W3C
Oct 04, 2022 4:22:55 PM org.openqa.selenium.devtools.CdpVersionFinder findNearestMatch
WARNING: Unable to find an exact match for CDP version 105, so returning the closest version found: a no-op implementation
Oct 04, 2022 4:22:55 PM org.openqa.selenium.devtools.CdpVersionFinder findNearestMatch
INFO: Unable to find CDP implementation matching 105.
Oct 04, 2022 4:22:55 PM org.openqa.selenium.chromium.ChromiumDriver lambda$new$3
WARNING: Unable to find version of CDP to use for . You may need to include a dependency on a specific version of the CDP using something similar to `org.seleniumhq.selenium:selenium-devtools-v86:4.1.2` where the version ("v86") matches the version of the chromium-based browser you're using and the version number of the artifact is the same as Selenium's.
]]></system-err>
  </testcase>
  <testcase name="Login with valid username and invalid password" classname="Login" time="16.6">
    <system-out><![CDATA[
Scenario: Login with valid username and invalid password &amp#27;[90m# src/test/resources/features/Login.feature:13&amp#27;[0m
16:23:08.944 [main] INFO io.cucumber.core.plugin.SerenityReporter - Running feature from file:///D:/File%20Baru/Kuliah/Quality%20Engineer/qe_Bayu-Septyan-Nur-Hidayat/21_Review_Web_UI_Testing_with_Serenity/Praktikum/untitled/src/test/resources/features/Login.feature
16:23:08.954 [main] INFO  - 
  _____   ___   ___   _____     ___   _____     _     ___   _____   ___   ___  
 |_   _| | __| / __| |_   _|   / __| |_   _|   /_\   | _ \ |_   _| | __| |   \ 
   | |   | _|  \__ \   | |     \__ \   | |    / _ \  |   /   | |   | _|  | |) |
   |_|   |___| |___/   |_|     |___/   |_|   /_/ \_\ |_|_\   |_|   |___| |___/ 

Login with valid username and invalid password(login;login-with-valid-username-and-invalid-password)
--------------------------------------------------------------------------------
16:23:09.177 [AsyncHttpClient-1-1] DEBUG org.asynchttpclient.netty.channel.DefaultChannelPool - Entry count for : http://localhost:10230 : 1
16:23:09.177 [AsyncHttpClient-1-1] DEBUG org.asynchttpclient.netty.channel.DefaultChannelPool - Entry count for : http://localhost:49227 : 1
16:23:09.177 [AsyncHttpClient-1-1] DEBUG org.asynchttpclient.netty.channel.DefaultChannelPool - Adding Candidate expired Channel [id: 0x36350b9b, L:/127.0.0.1:10246 ! R:localhost/127.0.0.1:10230] isIdleTimeoutExpired=false isRemotelyClosed=true isTtlExpired=false
16:23:09.177 [AsyncHttpClient-1-1] DEBUG org.asynchttpclient.netty.channel.DefaultChannelPool - Closing Idle Channel [id: 0x36350b9b, L:/127.0.0.1:10246 ! R:localhost/127.0.0.1:10230]
16:23:09.177 [AsyncHttpClient-1-1] DEBUG org.asynchttpclient.netty.channel.DefaultChannelPool - Adding Candidate expired Channel [id: 0x735966f5, L:/127.0.0.1:10227 ! R:localhost/127.0.0.1:49227] isIdleTimeoutExpired=false isRemotelyClosed=true isTtlExpired=false
16:23:09.177 [AsyncHttpClient-1-1] DEBUG org.asynchttpclient.netty.channel.DefaultChannelPool - Closing Idle Channel [id: 0x735966f5, L:/127.0.0.1:10227 ! R:localhost/127.0.0.1:49227]
16:23:09.177 [AsyncHttpClient-1-1] DEBUG org.asynchttpclient.netty.channel.DefaultChannelPool - Closed 2 connections out of 2 in 0 ms
16:23:09.382 [main] DEBUG io.github.bonigarcia.wdm.cache.ResolutionCache - Resolution edge=105 in cache (valid until 17:19:21 04/10/2022 ICT)
16:23:09.391 [main] DEBUG io.github.bonigarcia.wdm.cache.ResolutionCache - Resolution edge105=105.0.1343.53 in cache (valid until 22:15:59 04/10/2022 ICT)
16:23:09.394 [main] INFO io.github.bonigarcia.wdm.WebDriverManager - Using msedgedriver 105.0.1343.53 (resolved driver for Edge 105)
16:23:09.410 [main] DEBUG io.github.bonigarcia.wdm.WebDriverManager - Driver msedgedriver 105.0.1343.53 found in cache
16:23:09.411 [main] INFO io.github.bonigarcia.wdm.WebDriverManager - Exporting webdriver.edge.driver as C:\Users\Bayu\.cache\selenium\msedgedriver\win64\105.0.1343.53\msedgedriver.exe
16:23:09.415 [main] DEBUG net.serenitybdd.core.webdriver.driverproviders.ProvideNewDriver - Instantiating driver
16:23:09.415 [main] DEBUG net.serenitybdd.core.webdriver.driverproviders.ProvideNewDriver - Driver capabilities: Capabilities {base.url: https://demoqa.com, driver: edge, edge.driver: src/test/resources/webdrive..., ms:edgeChromium: true, ms:edgeOptions: {}}
16:23:09.811 [AsyncHttpClient-1-5] DEBUG org.asynchttpclient.netty.channel.NettyConnectListener - Using new Channel '[id: 0x08b8f30a, L:/127.0.0.1:10343 - R:localhost/127.0.0.1:49298]' for 'POST' to '/session'
16:23:11.078 [AsyncHttpClient-1-5] DEBUG org.asynchttpclient.netty.handler.HttpHandler - 

Request DefaultHttpRequest(decodeResult: success, version: HTTP/1.1)
POST /session HTTP/1.1
User-Agent: selenium/4.1.2 (java windows)
Content-Length: 591
Content-Type: application/json; charset=utf-8
host: localhost:49298
accept: */*

Response DefaultHttpResponse(decodeResult: success, version: HTTP/1.1)
HTTP/1.1 200 OK
Content-Type: application/json; charset=utf-8
cache-control: no-cache
content-length: 755

16:23:11.079 [AsyncHttpClient-1-5] DEBUG org.asynchttpclient.netty.channel.ChannelManager - Adding key: http://localhost:49298 for channel [id: 0x08b8f30a, L:/127.0.0.1:10343 - R:localhost/127.0.0.1:49298]
16:23:11.110 [AsyncHttpClient-1-6] DEBUG org.asynchttpclient.netty.channel.NettyConnectListener - Using new Channel '[id: 0xca928d9a, L:/127.0.0.1:10362 - R:localhost/127.0.0.1:10346]' for 'GET' to '/json/version'
16:23:11.111 [AsyncHttpClient-1-6] DEBUG org.asynchttpclient.netty.handler.HttpHandler - 

Request DefaultFullHttpRequest(decodeResult: success, version: HTTP/1.1, content: EmptyByteBufBE)
GET /json/version HTTP/1.1
User-Agent: selenium/4.1.2 (java windows)
host: localhost:10346
accept: */*

Response DefaultHttpResponse(decodeResult: success, version: HTTP/1.1)
HTTP/1.1 200 OK
Content-Type: application/json; charset=UTF-8
content-length: 436

16:23:11.111 [AsyncHttpClient-1-6] DEBUG org.asynchttpclient.netty.channel.ChannelManager - Adding key: http://localhost:10346 for channel [id: 0xca928d9a, L:/127.0.0.1:10362 - R:localhost/127.0.0.1:10346]
16:23:11.115 [AsyncHttpClient-1-7] DEBUG org.asynchttpclient.netty.channel.NettyConnectListener - Using new Channel '[id: 0x17f4b2bb, L:/127.0.0.1:10363 - R:localhost/127.0.0.1:10346]' for 'GET' to '/devtools/browser/708c1555-9a38-4daa-8f66-8656b53a145f'
16:23:11.117 [AsyncHttpClient-1-7] DEBUG org.asynchttpclient.netty.handler.WebSocketHandler - 

Request DefaultFullHttpRequest(decodeResult: success, version: HTTP/1.1, content: EmptyByteBufBE)
GET /devtools/browser/708c1555-9a38-4daa-8f66-8656b53a145f HTTP/1.1
upgrade: websocket
connection: upgrade
sec-websocket-key: aAGeqejdDBjRDd3HXo9IVQ==
sec-websocket-version: 13
origin: http://localhost:10346
host: localhost:10346
accept: */*
user-agent: AHC/2.1

Response DefaultHttpResponse(decodeResult: success, version: HTTP/1.1)
HTTP/1.1 101 WebSocket Protocol Handshake
Upgrade: WebSocket
Connection: Upgrade
Sec-WebSocket-Accept: lBP56Z+OIiCJAhX17+H8hUU5JgY=

16:23:11.125 [Forwarding get on session 573046cbb47fd2679e2e72a8d9cc35c4 to remote] DEBUG org.asynchttpclient.netty.request.NettyRequestSender - Using pooled Channel '[id: 0x08b8f30a, L:/127.0.0.1:10343 - R:localhost/127.0.0.1:49298]' for 'POST' to 'http://localhost:49298/session/573046cbb47fd2679e2e72a8d9cc35c4/url'
16:23:11.125 [Forwarding get on session 573046cbb47fd2679e2e72a8d9cc35c4 to remote] DEBUG org.asynchttpclient.netty.request.NettyRequestSender - Using open Channel [id: 0x08b8f30a, L:/127.0.0.1:10343 - R:localhost/127.0.0.1:49298] for POST '/session/573046cbb47fd2679e2e72a8d9cc35c4/url'
16:23:11.368 [AsyncHttpClient-1-1] DEBUG org.asynchttpclient.netty.channel.DefaultChannelPool - Entry count for : http://localhost:10346 : 1
16:23:12.462 [AsyncHttpClient-1-1] DEBUG org.asynchttpclient.netty.channel.DefaultChannelPool - Entry count for : http://localhost:10346 : 1
16:23:13.562 [AsyncHttpClient-1-1] DEBUG org.asynchttpclient.netty.channel.DefaultChannelPool - Entry count for : http://localhost:10346 : 1
16:23:14.661 [AsyncHttpClient-1-1] DEBUG org.asynchttpclient.netty.channel.DefaultChannelPool - Entry count for : http://localhost:10346 : 1
16:23:15.768 [AsyncHttpClient-1-1] DEBUG org.asynchttpclient.netty.channel.DefaultChannelPool - Entry count for : http://localhost:10346 : 1
16:23:16.863 [AsyncHttpClient-1-1] DEBUG org.asynchttpclient.netty.channel.DefaultChannelPool - Entry count for : http://localhost:10346 : 1
16:23:17.967 [AsyncHttpClient-1-1] DEBUG org.asynchttpclient.netty.channel.DefaultChannelPool - Entry count for : http://localhost:10346 : 1
16:23:19.063 [AsyncHttpClient-1-1] DEBUG org.asynchttpclient.netty.channel.DefaultChannelPool - Entry count for : http://localhost:10346 : 1
16:23:20.175 [AsyncHttpClient-1-1] DEBUG org.asynchttpclient.netty.channel.DefaultChannelPool - Entry count for : http://localhost:10346 : 1
16:23:20.681 [AsyncHttpClient-1-5] DEBUG org.asynchttpclient.netty.handler.HttpHandler - 

Request DefaultHttpRequest(decodeResult: success, version: HTTP/1.1)
POST /session/573046cbb47fd2679e2e72a8d9cc35c4/url HTTP/1.1
User-Agent: selenium/4.1.2 (java windows)
Content-Length: 54
Content-Type: application/json; charset=utf-8
host: localhost:49298
accept: */*

Response DefaultHttpResponse(decodeResult: success, version: HTTP/1.1)
HTTP/1.1 200 OK
Content-Type: application/json; charset=utf-8
cache-control: no-cache
content-length: 14

16:23:20.681 [AsyncHttpClient-1-5] DEBUG org.asynchttpclient.netty.channel.ChannelManager - Adding key: http://localhost:49298 for channel [id: 0x08b8f30a, L:/127.0.0.1:10343 - R:localhost/127.0.0.1:49298]
16:23:20.685 [Forwarding setTimeout on session 573046cbb47fd2679e2e72a8d9cc35c4 to remote] DEBUG org.asynchttpclient.netty.request.NettyRequestSender - Using pooled Channel '[id: 0x08b8f30a, L:/127.0.0.1:10343 - R:localhost/127.0.0.1:49298]' for 'POST' to 'http://localhost:49298/session/573046cbb47fd2679e2e72a8d9cc35c4/timeouts'
16:23:20.685 [Forwarding setTimeout on session 573046cbb47fd2679e2e72a8d9cc35c4 to remote] DEBUG org.asynchttpclient.netty.request.NettyRequestSender - Using open Channel [id: 0x08b8f30a, L:/127.0.0.1:10343 - R:localhost/127.0.0.1:49298] for POST '/session/573046cbb47fd2679e2e72a8d9cc35c4/timeouts'
16:23:20.689 [AsyncHttpClient-1-5] DEBUG org.asynchttpclient.netty.handler.HttpHandler - 

Request DefaultHttpRequest(decodeResult: success, version: HTTP/1.1)
POST /session/573046cbb47fd2679e2e72a8d9cc35c4/timeouts HTTP/1.1
User-Agent: selenium/4.1.2 (java windows)
Content-Length: 22
Content-Type: application/json; charset=utf-8
host: localhost:49298
accept: */*

Response DefaultHttpResponse(decodeResult: success, version: HTTP/1.1)
HTTP/1.1 200 OK
Content-Type: application/json; charset=utf-8
cache-control: no-cache
content-length: 14

16:23:20.689 [AsyncHttpClient-1-5] DEBUG org.asynchttpclient.netty.channel.ChannelManager - Adding key: http://localhost:49298 for channel [id: 0x08b8f30a, L:/127.0.0.1:10343 - R:localhost/127.0.0.1:49298]
16:23:20.706 [Forwarding getCurrentUrl on session 573046cbb47fd2679e2e72a8d9cc35c4 to remote] DEBUG org.asynchttpclient.netty.request.NettyRequestSender - Using pooled Channel '[id: 0x08b8f30a, L:/127.0.0.1:10343 - R:localhost/127.0.0.1:49298]' for 'GET' to 'http://localhost:49298/session/573046cbb47fd2679e2e72a8d9cc35c4/url'
16:23:20.706 [Forwarding getCurrentUrl on session 573046cbb47fd2679e2e72a8d9cc35c4 to remote] DEBUG org.asynchttpclient.netty.request.NettyRequestSender - Using open Channel [id: 0x08b8f30a, L:/127.0.0.1:10343 - R:localhost/127.0.0.1:49298] for GET '/session/573046cbb47fd2679e2e72a8d9cc35c4/url'
16:23:20.715 [AsyncHttpClient-1-5] DEBUG org.asynchttpclient.netty.handler.HttpHandler - 

Request DefaultFullHttpRequest(decodeResult: success, version: HTTP/1.1, content: EmptyByteBufBE)
GET /session/573046cbb47fd2679e2e72a8d9cc35c4/url HTTP/1.1
User-Agent: selenium/4.1.2 (java windows)
Cache-Control: no-cache
Content-Type: application/json; charset=utf-8
host: localhost:49298
accept: */*

Response DefaultHttpResponse(decodeResult: success, version: HTTP/1.1)
HTTP/1.1 200 OK
Content-Type: application/json; charset=utf-8
cache-control: no-cache
content-length: 36

16:23:20.716 [AsyncHttpClient-1-5] DEBUG org.asynchttpclient.netty.channel.ChannelManager - Adding key: http://localhost:49298 for channel [id: 0x08b8f30a, L:/127.0.0.1:10343 - R:localhost/127.0.0.1:49298]
  &amp#27;[32mGiven &amp#27;[0m&amp#27;[32mI am on the login page&amp#27;[0m                           &amp#27;[90m# starter.stepdefinitions.LoginStep.iAmOnTheLoginPage()&amp#27;[0m
16:23:20.728 [Forwarding screenshot on session 573046cbb47fd2679e2e72a8d9cc35c4 to remote] DEBUG org.asynchttpclient.netty.request.NettyRequestSender - Using pooled Channel '[id: 0x08b8f30a, L:/127.0.0.1:10343 - R:localhost/127.0.0.1:49298]' for 'GET' to 'http://localhost:49298/session/573046cbb47fd2679e2e72a8d9cc35c4/screenshot'
16:23:20.728 [Forwarding screenshot on session 573046cbb47fd2679e2e72a8d9cc35c4 to remote] DEBUG org.asynchttpclient.netty.request.NettyRequestSender - Using open Channel [id: 0x08b8f30a, L:/127.0.0.1:10343 - R:localhost/127.0.0.1:49298] for GET '/session/573046cbb47fd2679e2e72a8d9cc35c4/screenshot'
16:23:21.213 [AsyncHttpClient-1-5] DEBUG org.asynchttpclient.netty.handler.HttpHandler - 

Request DefaultFullHttpRequest(decodeResult: success, version: HTTP/1.1, content: EmptyByteBufBE)
GET /session/573046cbb47fd2679e2e72a8d9cc35c4/screenshot HTTP/1.1
User-Agent: selenium/4.1.2 (java windows)
Cache-Control: no-cache
Content-Type: application/json; charset=utf-8
host: localhost:49298
accept: */*

Response DefaultHttpResponse(decodeResult: success, version: HTTP/1.1)
HTTP/1.1 200 OK
Content-Type: application/json; charset=utf-8
cache-control: no-cache
content-length: 85604

16:23:21.216 [AsyncHttpClient-1-5] DEBUG org.asynchttpclient.netty.channel.ChannelManager - Adding key: http://localhost:49298 for channel [id: 0x08b8f30a, L:/127.0.0.1:10343 - R:localhost/127.0.0.1:49298]
16:23:21.222 [main] DEBUG net.serenitybdd.core.photography.Darkroom - Send negative for processing for target\site\serenity\59158ea5f981dfc9f37cccb313281a319b13729da7eaccef43413d27b94d9ff5.png
16:23:21.223 [Darkroom Processing Line] DEBUG net.serenitybdd.core.photography.DarkroomProcessingLine - Processing screenshot image in /var/screenshots/screenshot-12617828786228554047
16:23:21.223 [Darkroom Processing Line] DEBUG net.serenitybdd.core.photography.DarkroomProcessingLine - Saving screenshot to target\site\serenity\59158ea5f981dfc9f37cccb313281a319b13729da7eaccef43413d27b94d9ff5.png
16:23:21.237 [Forwarding findElement on session 573046cbb47fd2679e2e72a8d9cc35c4 to remote] DEBUG org.asynchttpclient.netty.request.NettyRequestSender - Using pooled Channel '[id: 0x08b8f30a, L:/127.0.0.1:10343 - R:localhost/127.0.0.1:49298]' for 'POST' to 'http://localhost:49298/session/573046cbb47fd2679e2e72a8d9cc35c4/element'
16:23:21.237 [Forwarding findElement on session 573046cbb47fd2679e2e72a8d9cc35c4 to remote] DEBUG org.asynchttpclient.netty.request.NettyRequestSender - Using open Channel [id: 0x08b8f30a, L:/127.0.0.1:10343 - R:localhost/127.0.0.1:49298] for POST '/session/573046cbb47fd2679e2e72a8d9cc35c4/element'
16:23:21.252 [AsyncHttpClient-1-5] DEBUG org.asynchttpclient.netty.handler.HttpHandler - 

Request DefaultHttpRequest(decodeResult: success, version: HTTP/1.1)
POST /session/573046cbb47fd2679e2e72a8d9cc35c4/element HTTP/1.1
User-Agent: selenium/4.1.2 (java windows)
Content-Length: 53
Content-Type: application/json; charset=utf-8
host: localhost:49298
accept: */*

Response DefaultHttpResponse(decodeResult: success, version: HTTP/1.1)
HTTP/1.1 200 OK
Content-Type: application/json; charset=utf-8
cache-control: no-cache
content-length: 88

16:23:21.252 [AsyncHttpClient-1-5] DEBUG org.asynchttpclient.netty.channel.ChannelManager - Adding key: http://localhost:49298 for channel [id: 0x08b8f30a, L:/127.0.0.1:10343 - R:localhost/127.0.0.1:49298]
16:23:21.255 [Forwarding clearElement on session 573046cbb47fd2679e2e72a8d9cc35c4 to remote] DEBUG org.asynchttpclient.netty.request.NettyRequestSender - Using pooled Channel '[id: 0x08b8f30a, L:/127.0.0.1:10343 - R:localhost/127.0.0.1:49298]' for 'POST' to 'http://localhost:49298/session/573046cbb47fd2679e2e72a8d9cc35c4/element/4d86ba5d-4c0e-49f1-881d-036b98b1f96a/clear'
16:23:21.255 [Forwarding clearElement on session 573046cbb47fd2679e2e72a8d9cc35c4 to remote] DEBUG org.asynchttpclient.netty.request.NettyRequestSender - Using open Channel [id: 0x08b8f30a, L:/127.0.0.1:10343 - R:localhost/127.0.0.1:49298] for POST '/session/573046cbb47fd2679e2e72a8d9cc35c4/element/4d86ba5d-4c0e-49f1-881d-036b98b1f96a/clear'
16:23:21.261 [AsyncHttpClient-1-1] DEBUG org.asynchttpclient.netty.channel.DefaultChannelPool - Entry count for : http://localhost:10346 : 1
16:23:21.321 [AsyncHttpClient-1-5] DEBUG org.asynchttpclient.netty.handler.HttpHandler - 

Request DefaultHttpRequest(decodeResult: success, version: HTTP/1.1)
POST /session/573046cbb47fd2679e2e72a8d9cc35c4/element/4d86ba5d-4c0e-49f1-881d-036b98b1f96a/clear HTTP/1.1
User-Agent: selenium/4.1.2 (java windows)
Content-Length: 50
Content-Type: application/json; charset=utf-8
host: localhost:49298
accept: */*

Response DefaultHttpResponse(decodeResult: success, version: HTTP/1.1)
HTTP/1.1 200 OK
Content-Type: application/json; charset=utf-8
cache-control: no-cache
content-length: 14

16:23:21.321 [AsyncHttpClient-1-5] DEBUG org.asynchttpclient.netty.channel.ChannelManager - Adding key: http://localhost:49298 for channel [id: 0x08b8f30a, L:/127.0.0.1:10343 - R:localhost/127.0.0.1:49298]
16:23:21.343 [Forwarding sendKeysToElement on session 573046cbb47fd2679e2e72a8d9cc35c4 to remote] DEBUG org.asynchttpclient.netty.request.NettyRequestSender - Using pooled Channel '[id: 0x08b8f30a, L:/127.0.0.1:10343 - R:localhost/127.0.0.1:49298]' for 'POST' to 'http://localhost:49298/session/573046cbb47fd2679e2e72a8d9cc35c4/element/4d86ba5d-4c0e-49f1-881d-036b98b1f96a/value'
16:23:21.343 [Forwarding sendKeysToElement on session 573046cbb47fd2679e2e72a8d9cc35c4 to remote] DEBUG org.asynchttpclient.netty.request.NettyRequestSender - Using open Channel [id: 0x08b8f30a, L:/127.0.0.1:10343 - R:localhost/127.0.0.1:49298] for POST '/session/573046cbb47fd2679e2e72a8d9cc35c4/element/4d86ba5d-4c0e-49f1-881d-036b98b1f96a/value'
16:23:21.510 [AsyncHttpClient-1-5] DEBUG org.asynchttpclient.netty.handler.HttpHandler - 

Request DefaultHttpRequest(decodeResult: success, version: HTTP/1.1)
POST /session/573046cbb47fd2679e2e72a8d9cc35c4/element/4d86ba5d-4c0e-49f1-881d-036b98b1f96a/value HTTP/1.1
User-Agent: selenium/4.1.2 (java windows)
Content-Length: 191
Content-Type: application/json; charset=utf-8
host: localhost:49298
accept: */*

Response DefaultHttpResponse(decodeResult: success, version: HTTP/1.1)
HTTP/1.1 200 OK
Content-Type: application/json; charset=utf-8
cache-control: no-cache
content-length: 14

16:23:21.510 [AsyncHttpClient-1-5] DEBUG org.asynchttpclient.netty.channel.ChannelManager - Adding key: http://localhost:49298 for channel [id: 0x08b8f30a, L:/127.0.0.1:10343 - R:localhost/127.0.0.1:49298]
  &amp#27;[32mWhen &amp#27;[0m&amp#27;[32mI input valid userName&amp#27;[0m                            &amp#27;[90m# starter.stepdefinitions.LoginStep.iInputValidUserName()&amp#27;[0m
16:23:21.527 [Forwarding screenshot on session 573046cbb47fd2679e2e72a8d9cc35c4 to remote] DEBUG org.asynchttpclient.netty.request.NettyRequestSender - Using pooled Channel '[id: 0x08b8f30a, L:/127.0.0.1:10343 - R:localhost/127.0.0.1:49298]' for 'GET' to 'http://localhost:49298/session/573046cbb47fd2679e2e72a8d9cc35c4/screenshot'
16:23:21.527 [Forwarding screenshot on session 573046cbb47fd2679e2e72a8d9cc35c4 to remote] DEBUG org.asynchttpclient.netty.request.NettyRequestSender - Using open Channel [id: 0x08b8f30a, L:/127.0.0.1:10343 - R:localhost/127.0.0.1:49298] for GET '/session/573046cbb47fd2679e2e72a8d9cc35c4/screenshot'
16:23:21.783 [AsyncHttpClient-1-5] DEBUG org.asynchttpclient.netty.handler.HttpHandler - 

Request DefaultFullHttpRequest(decodeResult: success, version: HTTP/1.1, content: EmptyByteBufBE)
GET /session/573046cbb47fd2679e2e72a8d9cc35c4/screenshot HTTP/1.1
User-Agent: selenium/4.1.2 (java windows)
Cache-Control: no-cache
Content-Type: application/json; charset=utf-8
host: localhost:49298
accept: */*

Response DefaultHttpResponse(decodeResult: success, version: HTTP/1.1)
HTTP/1.1 200 OK
Content-Type: application/json; charset=utf-8
cache-control: no-cache
content-length: 111040

16:23:21.784 [AsyncHttpClient-1-5] DEBUG org.asynchttpclient.netty.channel.ChannelManager - Adding key: http://localhost:49298 for channel [id: 0x08b8f30a, L:/127.0.0.1:10343 - R:localhost/127.0.0.1:49298]
16:23:21.793 [main] DEBUG net.serenitybdd.core.photography.Darkroom - Send negative for processing for target\site\serenity\e79eca06578f1985cffc6fb3f2fa1c52be8dab8a6c1c9b6b6bd577a985c44c06.png
16:23:21.793 [Darkroom Processing Line] DEBUG net.serenitybdd.core.photography.DarkroomProcessingLine - Processing screenshot image in /var/screenshots/screenshot-16163063555732531163
16:23:21.793 [Darkroom Processing Line] DEBUG net.serenitybdd.core.photography.DarkroomProcessingLine - Saving screenshot to target\site\serenity\e79eca06578f1985cffc6fb3f2fa1c52be8dab8a6c1c9b6b6bd577a985c44c06.png
16:23:21.817 [Forwarding findElement on session 573046cbb47fd2679e2e72a8d9cc35c4 to remote] DEBUG org.asynchttpclient.netty.request.NettyRequestSender - Using pooled Channel '[id: 0x08b8f30a, L:/127.0.0.1:10343 - R:localhost/127.0.0.1:49298]' for 'POST' to 'http://localhost:49298/session/573046cbb47fd2679e2e72a8d9cc35c4/element'
16:23:21.817 [Forwarding findElement on session 573046cbb47fd2679e2e72a8d9cc35c4 to remote] DEBUG org.asynchttpclient.netty.request.NettyRequestSender - Using open Channel [id: 0x08b8f30a, L:/127.0.0.1:10343 - R:localhost/127.0.0.1:49298] for POST '/session/573046cbb47fd2679e2e72a8d9cc35c4/element'
16:23:21.912 [AsyncHttpClient-1-5] DEBUG org.asynchttpclient.netty.handler.HttpHandler - 

Request DefaultHttpRequest(decodeResult: success, version: HTTP/1.1)
POST /session/573046cbb47fd2679e2e72a8d9cc35c4/element HTTP/1.1
User-Agent: selenium/4.1.2 (java windows)
Content-Length: 53
Content-Type: application/json; charset=utf-8
host: localhost:49298
accept: */*

Response DefaultHttpResponse(decodeResult: success, version: HTTP/1.1)
HTTP/1.1 200 OK
Content-Type: application/json; charset=utf-8
cache-control: no-cache
content-length: 88

16:23:21.912 [AsyncHttpClient-1-5] DEBUG org.asynchttpclient.netty.channel.ChannelManager - Adding key: http://localhost:49298 for channel [id: 0x08b8f30a, L:/127.0.0.1:10343 - R:localhost/127.0.0.1:49298]
16:23:21.914 [Forwarding clearElement on session 573046cbb47fd2679e2e72a8d9cc35c4 to remote] DEBUG org.asynchttpclient.netty.request.NettyRequestSender - Using pooled Channel '[id: 0x08b8f30a, L:/127.0.0.1:10343 - R:localhost/127.0.0.1:49298]' for 'POST' to 'http://localhost:49298/session/573046cbb47fd2679e2e72a8d9cc35c4/element/e607e325-b1ca-46fc-81dd-b28878cab906/clear'
16:23:21.914 [Forwarding clearElement on session 573046cbb47fd2679e2e72a8d9cc35c4 to remote] DEBUG org.asynchttpclient.netty.request.NettyRequestSender - Using open Channel [id: 0x08b8f30a, L:/127.0.0.1:10343 - R:localhost/127.0.0.1:49298] for POST '/session/573046cbb47fd2679e2e72a8d9cc35c4/element/e607e325-b1ca-46fc-81dd-b28878cab906/clear'
16:23:21.962 [AsyncHttpClient-1-5] DEBUG org.asynchttpclient.netty.handler.HttpHandler - 

Request DefaultHttpRequest(decodeResult: success, version: HTTP/1.1)
POST /session/573046cbb47fd2679e2e72a8d9cc35c4/element/e607e325-b1ca-46fc-81dd-b28878cab906/clear HTTP/1.1
User-Agent: selenium/4.1.2 (java windows)
Content-Length: 50
Content-Type: application/json; charset=utf-8
host: localhost:49298
accept: */*

Response DefaultHttpResponse(decodeResult: success, version: HTTP/1.1)
HTTP/1.1 200 OK
Content-Type: application/json; charset=utf-8
cache-control: no-cache
content-length: 14

16:23:21.963 [AsyncHttpClient-1-5] DEBUG org.asynchttpclient.netty.channel.ChannelManager - Adding key: http://localhost:49298 for channel [id: 0x08b8f30a, L:/127.0.0.1:10343 - R:localhost/127.0.0.1:49298]
16:23:21.965 [Forwarding sendKeysToElement on session 573046cbb47fd2679e2e72a8d9cc35c4 to remote] DEBUG org.asynchttpclient.netty.request.NettyRequestSender - Using pooled Channel '[id: 0x08b8f30a, L:/127.0.0.1:10343 - R:localhost/127.0.0.1:49298]' for 'POST' to 'http://localhost:49298/session/573046cbb47fd2679e2e72a8d9cc35c4/element/e607e325-b1ca-46fc-81dd-b28878cab906/value'
16:23:21.965 [Forwarding sendKeysToElement on session 573046cbb47fd2679e2e72a8d9cc35c4 to remote] DEBUG org.asynchttpclient.netty.request.NettyRequestSender - Using open Channel [id: 0x08b8f30a, L:/127.0.0.1:10343 - R:localhost/127.0.0.1:49298] for POST '/session/573046cbb47fd2679e2e72a8d9cc35c4/element/e607e325-b1ca-46fc-81dd-b28878cab906/value'
16:23:22.389 [AsyncHttpClient-1-1] DEBUG org.asynchttpclient.netty.channel.DefaultChannelPool - Entry count for : http://localhost:10346 : 1
16:23:22.393 [AsyncHttpClient-1-5] DEBUG org.asynchttpclient.netty.handler.HttpHandler - 

Request DefaultHttpRequest(decodeResult: success, version: HTTP/1.1)
POST /session/573046cbb47fd2679e2e72a8d9cc35c4/element/e607e325-b1ca-46fc-81dd-b28878cab906/value HTTP/1.1
User-Agent: selenium/4.1.2 (java windows)
Content-Length: 181
Content-Type: application/json; charset=utf-8
host: localhost:49298
accept: */*

Response DefaultHttpResponse(decodeResult: success, version: HTTP/1.1)
HTTP/1.1 200 OK
Content-Type: application/json; charset=utf-8
cache-control: no-cache
content-length: 14

16:23:22.393 [AsyncHttpClient-1-5] DEBUG org.asynchttpclient.netty.channel.ChannelManager - Adding key: http://localhost:49298 for channel [id: 0x08b8f30a, L:/127.0.0.1:10343 - R:localhost/127.0.0.1:49298]
  &amp#27;[32mAnd &amp#27;[0m&amp#27;[32mI input invalid password&amp#27;[0m                           &amp#27;[90m# starter.stepdefinitions.LoginStep.iInputInvalidPassword()&amp#27;[0m
16:23:22.412 [Forwarding screenshot on session 573046cbb47fd2679e2e72a8d9cc35c4 to remote] DEBUG org.asynchttpclient.netty.request.NettyRequestSender - Using pooled Channel '[id: 0x08b8f30a, L:/127.0.0.1:10343 - R:localhost/127.0.0.1:49298]' for 'GET' to 'http://localhost:49298/session/573046cbb47fd2679e2e72a8d9cc35c4/screenshot'
16:23:22.412 [Forwarding screenshot on session 573046cbb47fd2679e2e72a8d9cc35c4 to remote] DEBUG org.asynchttpclient.netty.request.NettyRequestSender - Using open Channel [id: 0x08b8f30a, L:/127.0.0.1:10343 - R:localhost/127.0.0.1:49298] for GET '/session/573046cbb47fd2679e2e72a8d9cc35c4/screenshot'
16:23:23.511 [AsyncHttpClient-1-1] DEBUG org.asynchttpclient.netty.channel.DefaultChannelPool - Entry count for : http://localhost:10346 : 1
16:23:24.027 [AsyncHttpClient-1-5] DEBUG org.asynchttpclient.netty.handler.HttpHandler - 

Request DefaultFullHttpRequest(decodeResult: success, version: HTTP/1.1, content: EmptyByteBufBE)
GET /session/573046cbb47fd2679e2e72a8d9cc35c4/screenshot HTTP/1.1
User-Agent: selenium/4.1.2 (java windows)
Cache-Control: no-cache
Content-Type: application/json; charset=utf-8
host: localhost:49298
accept: */*

Response DefaultHttpResponse(decodeResult: success, version: HTTP/1.1)
HTTP/1.1 200 OK
Content-Type: application/json; charset=utf-8
cache-control: no-cache
content-length: 207356

16:23:24.028 [AsyncHttpClient-1-5] DEBUG org.asynchttpclient.netty.channel.ChannelManager - Adding key: http://localhost:49298 for channel [id: 0x08b8f30a, L:/127.0.0.1:10343 - R:localhost/127.0.0.1:49298]
16:23:24.044 [main] DEBUG net.serenitybdd.core.photography.Darkroom - Send negative for processing for target\site\serenity\e3c4e7d6b7864332381dadda97d9172a8837470ebae22ef95ddd8e42e668daec.png
16:23:24.045 [Darkroom Processing Line] DEBUG net.serenitybdd.core.photography.DarkroomProcessingLine - Processing screenshot image in /var/screenshots/screenshot-3716269168911036027
16:23:24.045 [Darkroom Processing Line] DEBUG net.serenitybdd.core.photography.DarkroomProcessingLine - Saving screenshot to target\site\serenity\e3c4e7d6b7864332381dadda97d9172a8837470ebae22ef95ddd8e42e668daec.png
16:23:24.067 [Forwarding findElement on session 573046cbb47fd2679e2e72a8d9cc35c4 to remote] DEBUG org.asynchttpclient.netty.request.NettyRequestSender - Using pooled Channel '[id: 0x08b8f30a, L:/127.0.0.1:10343 - R:localhost/127.0.0.1:49298]' for 'POST' to 'http://localhost:49298/session/573046cbb47fd2679e2e72a8d9cc35c4/element'
16:23:24.068 [Forwarding findElement on session 573046cbb47fd2679e2e72a8d9cc35c4 to remote] DEBUG org.asynchttpclient.netty.request.NettyRequestSender - Using open Channel [id: 0x08b8f30a, L:/127.0.0.1:10343 - R:localhost/127.0.0.1:49298] for POST '/session/573046cbb47fd2679e2e72a8d9cc35c4/element'
16:23:24.094 [AsyncHttpClient-1-5] DEBUG org.asynchttpclient.netty.handler.HttpHandler - 

Request DefaultHttpRequest(decodeResult: success, version: HTTP/1.1)
POST /session/573046cbb47fd2679e2e72a8d9cc35c4/element HTTP/1.1
User-Agent: selenium/4.1.2 (java windows)
Content-Length: 50
Content-Type: application/json; charset=utf-8
host: localhost:49298
accept: */*

Response DefaultHttpResponse(decodeResult: success, version: HTTP/1.1)
HTTP/1.1 200 OK
Content-Type: application/json; charset=utf-8
cache-control: no-cache
content-length: 88

16:23:24.095 [AsyncHttpClient-1-5] DEBUG org.asynchttpclient.netty.channel.ChannelManager - Adding key: http://localhost:49298 for channel [id: 0x08b8f30a, L:/127.0.0.1:10343 - R:localhost/127.0.0.1:49298]
16:23:24.098 [Forwarding getElementTagName on session 573046cbb47fd2679e2e72a8d9cc35c4 to remote] DEBUG org.asynchttpclient.netty.request.NettyRequestSender - Using pooled Channel '[id: 0x08b8f30a, L:/127.0.0.1:10343 - R:localhost/127.0.0.1:49298]' for 'GET' to 'http://localhost:49298/session/573046cbb47fd2679e2e72a8d9cc35c4/element/d4ce35b9-6600-4c85-8837-832ae693d2b7/name'
16:23:24.098 [Forwarding getElementTagName on session 573046cbb47fd2679e2e72a8d9cc35c4 to remote] DEBUG org.asynchttpclient.netty.request.NettyRequestSender - Using open Channel [id: 0x08b8f30a, L:/127.0.0.1:10343 - R:localhost/127.0.0.1:49298] for GET '/session/573046cbb47fd2679e2e72a8d9cc35c4/element/d4ce35b9-6600-4c85-8837-832ae693d2b7/name'
16:23:24.108 [AsyncHttpClient-1-5] DEBUG org.asynchttpclient.netty.handler.HttpHandler - 

Request DefaultFullHttpRequest(decodeResult: success, version: HTTP/1.1, content: EmptyByteBufBE)
GET /session/573046cbb47fd2679e2e72a8d9cc35c4/element/d4ce35b9-6600-4c85-8837-832ae693d2b7/name HTTP/1.1
User-Agent: selenium/4.1.2 (java windows)
Cache-Control: no-cache
Content-Type: application/json; charset=utf-8
host: localhost:49298
accept: */*

Response DefaultHttpResponse(decodeResult: success, version: HTTP/1.1)
HTTP/1.1 200 OK
Content-Type: application/json; charset=utf-8
cache-control: no-cache
content-length: 18

16:23:24.109 [AsyncHttpClient-1-5] DEBUG org.asynchttpclient.netty.channel.ChannelManager - Adding key: http://localhost:49298 for channel [id: 0x08b8f30a, L:/127.0.0.1:10343 - R:localhost/127.0.0.1:49298]
16:23:24.112 [Forwarding getElementTagName on session 573046cbb47fd2679e2e72a8d9cc35c4 to remote] DEBUG org.asynchttpclient.netty.request.NettyRequestSender - Using pooled Channel '[id: 0x08b8f30a, L:/127.0.0.1:10343 - R:localhost/127.0.0.1:49298]' for 'GET' to 'http://localhost:49298/session/573046cbb47fd2679e2e72a8d9cc35c4/element/d4ce35b9-6600-4c85-8837-832ae693d2b7/name'
16:23:24.112 [Forwarding getElementTagName on session 573046cbb47fd2679e2e72a8d9cc35c4 to remote] DEBUG org.asynchttpclient.netty.request.NettyRequestSender - Using open Channel [id: 0x08b8f30a, L:/127.0.0.1:10343 - R:localhost/127.0.0.1:49298] for GET '/session/573046cbb47fd2679e2e72a8d9cc35c4/element/d4ce35b9-6600-4c85-8837-832ae693d2b7/name'
16:23:24.122 [AsyncHttpClient-1-5] DEBUG org.asynchttpclient.netty.handler.HttpHandler - 

Request DefaultFullHttpRequest(decodeResult: success, version: HTTP/1.1, content: EmptyByteBufBE)
GET /session/573046cbb47fd2679e2e72a8d9cc35c4/element/d4ce35b9-6600-4c85-8837-832ae693d2b7/name HTTP/1.1
User-Agent: selenium/4.1.2 (java windows)
Cache-Control: no-cache
Content-Type: application/json; charset=utf-8
host: localhost:49298
accept: */*

Response DefaultHttpResponse(decodeResult: success, version: HTTP/1.1)
HTTP/1.1 200 OK
Content-Type: application/json; charset=utf-8
cache-control: no-cache
content-length: 18

16:23:24.122 [AsyncHttpClient-1-5] DEBUG org.asynchttpclient.netty.channel.ChannelManager - Adding key: http://localhost:49298 for channel [id: 0x08b8f30a, L:/127.0.0.1:10343 - R:localhost/127.0.0.1:49298]
16:23:24.127 [Forwarding isElementEnabled on session 573046cbb47fd2679e2e72a8d9cc35c4 to remote] DEBUG org.asynchttpclient.netty.request.NettyRequestSender - Using pooled Channel '[id: 0x08b8f30a, L:/127.0.0.1:10343 - R:localhost/127.0.0.1:49298]' for 'GET' to 'http://localhost:49298/session/573046cbb47fd2679e2e72a8d9cc35c4/element/d4ce35b9-6600-4c85-8837-832ae693d2b7/enabled'
16:23:24.127 [Forwarding isElementEnabled on session 573046cbb47fd2679e2e72a8d9cc35c4 to remote] DEBUG org.asynchttpclient.netty.request.NettyRequestSender - Using open Channel [id: 0x08b8f30a, L:/127.0.0.1:10343 - R:localhost/127.0.0.1:49298] for GET '/session/573046cbb47fd2679e2e72a8d9cc35c4/element/d4ce35b9-6600-4c85-8837-832ae693d2b7/enabled'
16:23:24.144 [AsyncHttpClient-1-5] DEBUG org.asynchttpclient.netty.handler.HttpHandler - 

Request DefaultFullHttpRequest(decodeResult: success, version: HTTP/1.1, content: EmptyByteBufBE)
GET /session/573046cbb47fd2679e2e72a8d9cc35c4/element/d4ce35b9-6600-4c85-8837-832ae693d2b7/enabled HTTP/1.1
User-Agent: selenium/4.1.2 (java windows)
Cache-Control: no-cache
Content-Type: application/json; charset=utf-8
host: localhost:49298
accept: */*

Response DefaultHttpResponse(decodeResult: success, version: HTTP/1.1)
HTTP/1.1 200 OK
Content-Type: application/json; charset=utf-8
cache-control: no-cache
content-length: 14

16:23:24.144 [AsyncHttpClient-1-5] DEBUG org.asynchttpclient.netty.channel.ChannelManager - Adding key: http://localhost:49298 for channel [id: 0x08b8f30a, L:/127.0.0.1:10343 - R:localhost/127.0.0.1:49298]
16:23:24.146 [Forwarding isElementEnabled on session 573046cbb47fd2679e2e72a8d9cc35c4 to remote] DEBUG org.asynchttpclient.netty.request.NettyRequestSender - Using pooled Channel '[id: 0x08b8f30a, L:/127.0.0.1:10343 - R:localhost/127.0.0.1:49298]' for 'GET' to 'http://localhost:49298/session/573046cbb47fd2679e2e72a8d9cc35c4/element/d4ce35b9-6600-4c85-8837-832ae693d2b7/enabled'
16:23:24.147 [Forwarding isElementEnabled on session 573046cbb47fd2679e2e72a8d9cc35c4 to remote] DEBUG org.asynchttpclient.netty.request.NettyRequestSender - Using open Channel [id: 0x08b8f30a, L:/127.0.0.1:10343 - R:localhost/127.0.0.1:49298] for GET '/session/573046cbb47fd2679e2e72a8d9cc35c4/element/d4ce35b9-6600-4c85-8837-832ae693d2b7/enabled'
16:23:24.180 [AsyncHttpClient-1-5] DEBUG org.asynchttpclient.netty.handler.HttpHandler - 

Request DefaultFullHttpRequest(decodeResult: success, version: HTTP/1.1, content: EmptyByteBufBE)
GET /session/573046cbb47fd2679e2e72a8d9cc35c4/element/d4ce35b9-6600-4c85-8837-832ae693d2b7/enabled HTTP/1.1
User-Agent: selenium/4.1.2 (java windows)
Cache-Control: no-cache
Content-Type: application/json; charset=utf-8
host: localhost:49298
accept: */*

Response DefaultHttpResponse(decodeResult: success, version: HTTP/1.1)
HTTP/1.1 200 OK
Content-Type: application/json; charset=utf-8
cache-control: no-cache
content-length: 14

16:23:24.181 [AsyncHttpClient-1-5] DEBUG org.asynchttpclient.netty.channel.ChannelManager - Adding key: http://localhost:49298 for channel [id: 0x08b8f30a, L:/127.0.0.1:10343 - R:localhost/127.0.0.1:49298]
16:23:24.186 [Forwarding findElement on session 573046cbb47fd2679e2e72a8d9cc35c4 to remote] DEBUG org.asynchttpclient.netty.request.NettyRequestSender - Using pooled Channel '[id: 0x08b8f30a, L:/127.0.0.1:10343 - R:localhost/127.0.0.1:49298]' for 'POST' to 'http://localhost:49298/session/573046cbb47fd2679e2e72a8d9cc35c4/element'
16:23:24.186 [Forwarding findElement on session 573046cbb47fd2679e2e72a8d9cc35c4 to remote] DEBUG org.asynchttpclient.netty.request.NettyRequestSender - Using open Channel [id: 0x08b8f30a, L:/127.0.0.1:10343 - R:localhost/127.0.0.1:49298] for POST '/session/573046cbb47fd2679e2e72a8d9cc35c4/element'
16:23:24.197 [AsyncHttpClient-1-5] DEBUG org.asynchttpclient.netty.handler.HttpHandler - 

Request DefaultHttpRequest(decodeResult: success, version: HTTP/1.1)
POST /session/573046cbb47fd2679e2e72a8d9cc35c4/element HTTP/1.1
User-Agent: selenium/4.1.2 (java windows)
Content-Length: 50
Content-Type: application/json; charset=utf-8
host: localhost:49298
accept: */*

Response DefaultHttpResponse(decodeResult: success, version: HTTP/1.1)
HTTP/1.1 200 OK
Content-Type: application/json; charset=utf-8
cache-control: no-cache
content-length: 88

16:23:24.198 [AsyncHttpClient-1-5] DEBUG org.asynchttpclient.netty.channel.ChannelManager - Adding key: http://localhost:49298 for channel [id: 0x08b8f30a, L:/127.0.0.1:10343 - R:localhost/127.0.0.1:49298]
16:23:24.200 [Forwarding clickElement on session 573046cbb47fd2679e2e72a8d9cc35c4 to remote] DEBUG org.asynchttpclient.netty.request.NettyRequestSender - Using pooled Channel '[id: 0x08b8f30a, L:/127.0.0.1:10343 - R:localhost/127.0.0.1:49298]' for 'POST' to 'http://localhost:49298/session/573046cbb47fd2679e2e72a8d9cc35c4/element/d4ce35b9-6600-4c85-8837-832ae693d2b7/click'
16:23:24.200 [Forwarding clickElement on session 573046cbb47fd2679e2e72a8d9cc35c4 to remote] DEBUG org.asynchttpclient.netty.request.NettyRequestSender - Using open Channel [id: 0x08b8f30a, L:/127.0.0.1:10343 - R:localhost/127.0.0.1:49298] for POST '/session/573046cbb47fd2679e2e72a8d9cc35c4/element/d4ce35b9-6600-4c85-8837-832ae693d2b7/click'
16:23:24.275 [AsyncHttpClient-1-5] DEBUG org.asynchttpclient.netty.handler.HttpHandler - 

Request DefaultHttpRequest(decodeResult: success, version: HTTP/1.1)
POST /session/573046cbb47fd2679e2e72a8d9cc35c4/element/d4ce35b9-6600-4c85-8837-832ae693d2b7/click HTTP/1.1
User-Agent: selenium/4.1.2 (java windows)
Content-Length: 50
Content-Type: application/json; charset=utf-8
host: localhost:49298
accept: */*

Response DefaultHttpResponse(decodeResult: success, version: HTTP/1.1)
HTTP/1.1 200 OK
Content-Type: application/json; charset=utf-8
cache-control: no-cache
content-length: 14

16:23:24.275 [AsyncHttpClient-1-5] DEBUG org.asynchttpclient.netty.channel.ChannelManager - Adding key: http://localhost:49298 for channel [id: 0x08b8f30a, L:/127.0.0.1:10343 - R:localhost/127.0.0.1:49298]
  &amp#27;[32mAnd &amp#27;[0m&amp#27;[32mI click Login button&amp#27;[0m                               &amp#27;[90m# starter.stepdefinitions.LoginStep.iClickLoginButton()&amp#27;[0m
16:23:24.289 [Forwarding screenshot on session 573046cbb47fd2679e2e72a8d9cc35c4 to remote] DEBUG org.asynchttpclient.netty.request.NettyRequestSender - Using pooled Channel '[id: 0x08b8f30a, L:/127.0.0.1:10343 - R:localhost/127.0.0.1:49298]' for 'GET' to 'http://localhost:49298/session/573046cbb47fd2679e2e72a8d9cc35c4/screenshot'
16:23:24.289 [Forwarding screenshot on session 573046cbb47fd2679e2e72a8d9cc35c4 to remote] DEBUG org.asynchttpclient.netty.request.NettyRequestSender - Using open Channel [id: 0x08b8f30a, L:/127.0.0.1:10343 - R:localhost/127.0.0.1:49298] for GET '/session/573046cbb47fd2679e2e72a8d9cc35c4/screenshot'
16:23:24.469 [AsyncHttpClient-1-5] DEBUG org.asynchttpclient.netty.handler.HttpHandler - 

Request DefaultFullHttpRequest(decodeResult: success, version: HTTP/1.1, content: EmptyByteBufBE)
GET /session/573046cbb47fd2679e2e72a8d9cc35c4/screenshot HTTP/1.1
User-Agent: selenium/4.1.2 (java windows)
Cache-Control: no-cache
Content-Type: application/json; charset=utf-8
host: localhost:49298
accept: */*

Response DefaultHttpResponse(decodeResult: success, version: HTTP/1.1)
HTTP/1.1 200 OK
Content-Type: application/json; charset=utf-8
cache-control: no-cache
content-length: 148196

16:23:24.473 [AsyncHttpClient-1-5] DEBUG org.asynchttpclient.netty.channel.ChannelManager - Adding key: http://localhost:49298 for channel [id: 0x08b8f30a, L:/127.0.0.1:10343 - R:localhost/127.0.0.1:49298]
16:23:24.484 [main] DEBUG net.serenitybdd.core.photography.Darkroom - Send negative for processing for target\site\serenity\35a1c653a5f61a6992e9200610056973d528ad55ffe9e7bc61b27d41e3f7df71.png
16:23:24.485 [Darkroom Processing Line] DEBUG net.serenitybdd.core.photography.DarkroomProcessingLine - Processing screenshot image in /var/screenshots/screenshot-1743659358243150614
16:23:24.485 [Darkroom Processing Line] DEBUG net.serenitybdd.core.photography.DarkroomProcessingLine - Saving screenshot to target\site\serenity\35a1c653a5f61a6992e9200610056973d528ad55ffe9e7bc61b27d41e3f7df71.png
16:23:24.500 [Forwarding findElement on session 573046cbb47fd2679e2e72a8d9cc35c4 to remote] DEBUG org.asynchttpclient.netty.request.NettyRequestSender - Using pooled Channel '[id: 0x08b8f30a, L:/127.0.0.1:10343 - R:localhost/127.0.0.1:49298]' for 'POST' to 'http://localhost:49298/session/573046cbb47fd2679e2e72a8d9cc35c4/element'
16:23:24.500 [Forwarding findElement on session 573046cbb47fd2679e2e72a8d9cc35c4 to remote] DEBUG org.asynchttpclient.netty.request.NettyRequestSender - Using open Channel [id: 0x08b8f30a, L:/127.0.0.1:10343 - R:localhost/127.0.0.1:49298] for POST '/session/573046cbb47fd2679e2e72a8d9cc35c4/element'
16:23:24.561 [AsyncHttpClient-1-1] DEBUG org.asynchttpclient.netty.channel.DefaultChannelPool - Entry count for : http://localhost:10346 : 1
16:23:24.708 [AsyncHttpClient-1-5] DEBUG org.asynchttpclient.netty.handler.HttpHandler - 

Request DefaultHttpRequest(decodeResult: success, version: HTTP/1.1)
POST /session/573046cbb47fd2679e2e72a8d9cc35c4/element HTTP/1.1
User-Agent: selenium/4.1.2 (java windows)
Content-Length: 65
Content-Type: application/json; charset=utf-8
host: localhost:49298
accept: */*

Response DefaultHttpResponse(decodeResult: success, version: HTTP/1.1)
HTTP/1.1 200 OK
Content-Type: application/json; charset=utf-8
cache-control: no-cache
content-length: 88

16:23:24.709 [AsyncHttpClient-1-5] DEBUG org.asynchttpclient.netty.channel.ChannelManager - Adding key: http://localhost:49298 for channel [id: 0x08b8f30a, L:/127.0.0.1:10343 - R:localhost/127.0.0.1:49298]
16:23:24.729 [Forwarding isElementDisplayed on session 573046cbb47fd2679e2e72a8d9cc35c4 to remote] DEBUG org.asynchttpclient.netty.request.NettyRequestSender - Using pooled Channel '[id: 0x08b8f30a, L:/127.0.0.1:10343 - R:localhost/127.0.0.1:49298]' for 'POST' to 'http://localhost:49298/session/573046cbb47fd2679e2e72a8d9cc35c4/execute/sync'
16:23:24.730 [Forwarding isElementDisplayed on session 573046cbb47fd2679e2e72a8d9cc35c4 to remote] DEBUG org.asynchttpclient.netty.request.NettyRequestSender - Using open Channel [id: 0x08b8f30a, L:/127.0.0.1:10343 - R:localhost/127.0.0.1:49298] for POST '/session/573046cbb47fd2679e2e72a8d9cc35c4/execute/sync'
16:23:24.776 [AsyncHttpClient-1-5] DEBUG org.asynchttpclient.netty.handler.HttpHandler - 

Request DefaultHttpRequest(decodeResult: success, version: HTTP/1.1)
POST /session/573046cbb47fd2679e2e72a8d9cc35c4/execute/sync HTTP/1.1
User-Agent: selenium/4.1.2 (java windows)
Content-Length: 48780
Content-Type: application/json; charset=utf-8
host: localhost:49298
accept: */*

Response DefaultHttpResponse(decodeResult: success, version: HTTP/1.1)
HTTP/1.1 200 OK
Content-Type: application/json; charset=utf-8
cache-control: no-cache
content-length: 14

16:23:24.777 [AsyncHttpClient-1-5] DEBUG org.asynchttpclient.netty.channel.ChannelManager - Adding key: http://localhost:49298 for channel [id: 0x08b8f30a, L:/127.0.0.1:10343 - R:localhost/127.0.0.1:49298]
  &amp#27;[32mThen &amp#27;[0m&amp#27;[32mI will get error message&amp#27;[0m                          &amp#27;[90m# starter.stepdefinitions.LoginStep.iWillGetErrorMessage()&amp#27;[0m
16:23:24.790 [Forwarding screenshot on session 573046cbb47fd2679e2e72a8d9cc35c4 to remote] DEBUG org.asynchttpclient.netty.request.NettyRequestSender - Using pooled Channel '[id: 0x08b8f30a, L:/127.0.0.1:10343 - R:localhost/127.0.0.1:49298]' for 'GET' to 'http://localhost:49298/session/573046cbb47fd2679e2e72a8d9cc35c4/screenshot'
16:23:24.791 [Forwarding screenshot on session 573046cbb47fd2679e2e72a8d9cc35c4 to remote] DEBUG org.asynchttpclient.netty.request.NettyRequestSender - Using open Channel [id: 0x08b8f30a, L:/127.0.0.1:10343 - R:localhost/127.0.0.1:49298] for GET '/session/573046cbb47fd2679e2e72a8d9cc35c4/screenshot'
16:23:24.996 [AsyncHttpClient-1-5] DEBUG org.asynchttpclient.netty.handler.HttpHandler - 

Request DefaultFullHttpRequest(decodeResult: success, version: HTTP/1.1, content: EmptyByteBufBE)
GET /session/573046cbb47fd2679e2e72a8d9cc35c4/screenshot HTTP/1.1
User-Agent: selenium/4.1.2 (java windows)
Cache-Control: no-cache
Content-Type: application/json; charset=utf-8
host: localhost:49298
accept: */*

Response DefaultHttpResponse(decodeResult: success, version: HTTP/1.1)
HTTP/1.1 200 OK
Content-Type: application/json; charset=utf-8
cache-control: no-cache
content-length: 159792

16:23:24.997 [AsyncHttpClient-1-5] DEBUG org.asynchttpclient.netty.channel.ChannelManager - Adding key: http://localhost:49298 for channel [id: 0x08b8f30a, L:/127.0.0.1:10343 - R:localhost/127.0.0.1:49298]
16:23:25.013 [main] DEBUG net.serenitybdd.core.photography.Darkroom - Send negative for processing for target\site\serenity\d11ddddaaa8edc164bc308e3a1ed956b05a2b54065cd7203eb5cc8b1fcb0408e.png
16:23:25.014 [Darkroom Processing Line] DEBUG net.serenitybdd.core.photography.DarkroomProcessingLine - Processing screenshot image in /var/screenshots/screenshot-4012728948410118605
16:23:25.014 [Darkroom Processing Line] DEBUG net.serenitybdd.core.photography.DarkroomProcessingLine - Saving screenshot to target\site\serenity\d11ddddaaa8edc164bc308e3a1ed956b05a2b54065cd7203eb5cc8b1fcb0408e.png
16:23:25.015 [main] INFO  - 
  _____   ___   ___   _____     ___     _     ___   ___   ___   ___  
 |_   _| | __| / __| |_   _|   | _ \   /_\   / __| / __| | __| |   \ 
   | |   | _|  \__ \   | |     |  _/  / _ \  \__ \ \__ \ | _|  | |) |
   |_|   |___| |___/   |_|     |_|   /_/ \_\ |___/ |___/ |___| |___/ 

Login with valid username and invalid password
----------------------------------------------------------------------
16:23:25.017 [AsyncHttpClient-1-7] DEBUG org.asynchttpclient.netty.handler.WebSocketHandler - Channel Closed: [id: 0x17f4b2bb, L:/127.0.0.1:10363 ! R:localhost/127.0.0.1:10346] with attribute NettyResponseFuture{currentRetry=5,
	isDone=1,
	isCancelled=0,
	asyncHandler=org.asynchttpclient.ws.WebSocketUpgradeHandler@77645d6f,
	nettyRequest=org.asynchttpclient.netty.request.NettyRequest@50a05469,
	future=java.util.concurrent.CompletableFuture@76a6cd2c[Completed normally],
	uri=ws://localhost:10346/devtools/browser/708c1555-9a38-4daa-8f66-8656b53a145f,
	keepAlive=true,
	redirectCount=0,
	timeoutsHolder=null,
	inAuth=0,
	touch=1664875391117}
16:23:25.017 [AsyncHttpClient-1-7] DEBUG org.asynchttpclient.netty.channel.ChannelManager - Closing Channel [id: 0x17f4b2bb, L:/127.0.0.1:10363 ! R:localhost/127.0.0.1:10346] 
16:23:25.019 [Driver Command Executor] DEBUG org.asynchttpclient.netty.request.NettyRequestSender - Using pooled Channel '[id: 0x08b8f30a, L:/127.0.0.1:10343 - R:localhost/127.0.0.1:49298]' for 'DELETE' to 'http://localhost:49298/session/573046cbb47fd2679e2e72a8d9cc35c4'
16:23:25.019 [Driver Command Executor] DEBUG org.asynchttpclient.netty.request.NettyRequestSender - Using open Channel [id: 0x08b8f30a, L:/127.0.0.1:10343 - R:localhost/127.0.0.1:49298] for DELETE '/session/573046cbb47fd2679e2e72a8d9cc35c4'
16:23:25.259 [AsyncHttpClient-1-6] DEBUG org.asynchttpclient.netty.handler.HttpHandler - Unexpected I/O exception on channel [id: 0xca928d9a, L:/127.0.0.1:10362 - R:localhost/127.0.0.1:10346]
java.io.IOException: An existing connection was forcibly closed by the remote host
	at java.base/sun.nio.ch.SocketDispatcher.read0(Native Method)
	at java.base/sun.nio.ch.SocketDispatcher.read(SocketDispatcher.java:43)
	at java.base/sun.nio.ch.IOUtil.readIntoNativeBuffer(IOUtil.java:276)
	at java.base/sun.nio.ch.IOUtil.read(IOUtil.java:233)
	at java.base/sun.nio.ch.IOUtil.read(IOUtil.java:223)
	at java.base/sun.nio.ch.SocketChannelImpl.read(SocketChannelImpl.java:358)
	at io.netty.buffer.PooledByteBuf.setBytes(PooledByteBuf.java:258)
	at io.netty.buffer.AbstractByteBuf.writeBytes(AbstractByteBuf.java:1132)
	at io.netty.channel.socket.nio.NioSocketChannel.doReadBytes(NioSocketChannel.java:350)
	at io.netty.channel.nio.AbstractNioByteChannel$NioByteUnsafe.read(AbstractNioByteChannel.java:151)
	at io.netty.channel.nio.NioEventLoop.processSelectedKey(NioEventLoop.java:722)
	at io.netty.channel.nio.NioEventLoop.processSelectedKeysOptimized(NioEventLoop.java:658)
	at io.netty.channel.nio.NioEventLoop.processSelectedKeys(NioEventLoop.java:584)
	at io.netty.channel.nio.NioEventLoop.run(NioEventLoop.java:496)
	at io.netty.util.concurrent.SingleThreadEventExecutor$4.run(SingleThreadEventExecutor.java:986)
	at io.netty.util.internal.ThreadExecutorMap$2.run(ThreadExecutorMap.java:74)
	at io.netty.util.concurrent.FastThreadLocalRunnable.run(FastThreadLocalRunnable.java:30)
	at java.base/java.lang.Thread.run(Thread.java:834)
16:23:25.259 [AsyncHttpClient-1-6] DEBUG org.asynchttpclient.netty.channel.ChannelManager - Closing Channel [id: 0xca928d9a, L:/127.0.0.1:10362 - R:localhost/127.0.0.1:10346] 
16:23:25.260 [AsyncHttpClient-1-6] DEBUG org.asynchttpclient.netty.handler.HttpHandler - Channel Closed: [id: 0xca928d9a, L:/127.0.0.1:10362 ! R:localhost/127.0.0.1:10346] with attribute DISCARD
16:23:25.304 [AsyncHttpClient-1-5] DEBUG org.asynchttpclient.netty.handler.HttpHandler - 

Request DefaultFullHttpRequest(decodeResult: success, version: HTTP/1.1, content: EmptyByteBufBE)
DELETE /session/573046cbb47fd2679e2e72a8d9cc35c4 HTTP/1.1
User-Agent: selenium/4.1.2 (java windows)
Content-Type: application/json; charset=utf-8
host: localhost:49298
accept: */*

Response DefaultHttpResponse(decodeResult: success, version: HTTP/1.1)
HTTP/1.1 200 OK
Content-Type: application/json; charset=utf-8
cache-control: no-cache
content-length: 14

16:23:25.304 [AsyncHttpClient-1-5] DEBUG org.asynchttpclient.netty.channel.ChannelManager - Adding key: http://localhost:49298 for channel [id: 0x08b8f30a, L:/127.0.0.1:10343 - R:localhost/127.0.0.1:49298]
16:23:25.448 [AsyncHttpClient-1-5] DEBUG org.asynchttpclient.netty.handler.HttpHandler - Channel Closed: [id: 0x08b8f30a, L:/127.0.0.1:10343 ! R:localhost/127.0.0.1:49298] with attribute DISCARD
]]></system-out>
    <system-err><![CDATA[Starting Microsoft Edge WebDriver 105.0.1343.53 (3a47f00402d579c8ba1fad7e143f9d73831b6765) on port 49298
To submit feedback, report a bug, or suggest new features, please visit https://github.com/MicrosoftEdge/EdgeWebDriver

Only local connections are allowed.
Please see https://aka.ms/WebDriverSecurity for suggestions on keeping Microsoft Edge WebDriver safe.

Microsoft Edge WebDriver was started successfully.
Oct 04, 2022 4:23:11 PM org.openqa.selenium.remote.ProtocolHandshake createSession
INFO: Detected dialect: W3C
Oct 04, 2022 4:23:11 PM org.openqa.selenium.devtools.CdpVersionFinder findNearestMatch
WARNING: Unable to find an exact match for CDP version 105, so returning the closest version found: a no-op implementation
Oct 04, 2022 4:23:11 PM org.openqa.selenium.devtools.CdpVersionFinder findNearestMatch
INFO: Unable to find CDP implementation matching 105.
Oct 04, 2022 4:23:11 PM org.openqa.selenium.chromium.ChromiumDriver lambda$new$3
WARNING: Unable to find version of CDP to use for . You may need to include a dependency on a specific version of the CDP using something similar to `org.seleniumhq.selenium:selenium-devtools-v86:4.1.2` where the version ("v86") matches the version of the chromium-based browser you're using and the version number of the artifact is the same as Selenium's.
]]></system-err>
  </testcase>
  <testcase name="Login with invalid username and invalid password" classname="Login" time="21.32">
    <system-out><![CDATA[
Scenario: Login with invalid username and invalid password &amp#27;[90m# src/test/resources/features/Login.feature:20&amp#27;[0m
16:23:25.543 [main] INFO io.cucumber.core.plugin.SerenityReporter - Running feature from file:///D:/File%20Baru/Kuliah/Quality%20Engineer/qe_Bayu-Septyan-Nur-Hidayat/21_Review_Web_UI_Testing_with_Serenity/Praktikum/untitled/src/test/resources/features/Login.feature
16:23:25.547 [main] INFO  - 
  _____   ___   ___   _____     ___   _____     _     ___   _____   ___   ___  
 |_   _| | __| / __| |_   _|   / __| |_   _|   /_\   | _ \ |_   _| | __| |   \ 
   | |   | _|  \__ \   | |     \__ \   | |    / _ \  |   /   | |   | _|  | |) |
   |_|   |___| |___/   |_|     |___/   |_|   /_/ \_\ |_|_\   |_|   |___| |___/ 

Login with invalid username and invalid password(login;login-with-invalid-username-and-invalid-password)
--------------------------------------------------------------------------------
16:23:25.666 [AsyncHttpClient-1-1] DEBUG org.asynchttpclient.netty.channel.DefaultChannelPool - Entry count for : http://localhost:10346 : 1
16:23:25.666 [AsyncHttpClient-1-1] DEBUG org.asynchttpclient.netty.channel.DefaultChannelPool - Entry count for : http://localhost:49298 : 1
16:23:25.666 [AsyncHttpClient-1-1] DEBUG org.asynchttpclient.netty.channel.DefaultChannelPool - Adding Candidate expired Channel [id: 0xca928d9a, L:/127.0.0.1:10362 ! R:localhost/127.0.0.1:10346] isIdleTimeoutExpired=false isRemotelyClosed=true isTtlExpired=false
16:23:25.666 [AsyncHttpClient-1-1] DEBUG org.asynchttpclient.netty.channel.DefaultChannelPool - Closing Idle Channel [id: 0xca928d9a, L:/127.0.0.1:10362 ! R:localhost/127.0.0.1:10346]
16:23:25.666 [AsyncHttpClient-1-1] DEBUG org.asynchttpclient.netty.channel.DefaultChannelPool - Adding Candidate expired Channel [id: 0x08b8f30a, L:/127.0.0.1:10343 ! R:localhost/127.0.0.1:49298] isIdleTimeoutExpired=false isRemotelyClosed=true isTtlExpired=false
16:23:25.666 [AsyncHttpClient-1-1] DEBUG org.asynchttpclient.netty.channel.DefaultChannelPool - Closing Idle Channel [id: 0x08b8f30a, L:/127.0.0.1:10343 ! R:localhost/127.0.0.1:49298]
16:23:25.666 [AsyncHttpClient-1-1] DEBUG org.asynchttpclient.netty.channel.DefaultChannelPool - Closed 2 connections out of 2 in 0 ms
16:23:25.891 [main] DEBUG io.github.bonigarcia.wdm.cache.ResolutionCache - Resolution edge=105 in cache (valid until 17:19:21 04/10/2022 ICT)
16:23:25.898 [main] DEBUG io.github.bonigarcia.wdm.cache.ResolutionCache - Resolution edge105=105.0.1343.53 in cache (valid until 22:15:59 04/10/2022 ICT)
16:23:25.902 [main] INFO io.github.bonigarcia.wdm.WebDriverManager - Using msedgedriver 105.0.1343.53 (resolved driver for Edge 105)
16:23:25.931 [main] DEBUG io.github.bonigarcia.wdm.WebDriverManager - Driver msedgedriver 105.0.1343.53 found in cache
16:23:25.933 [main] INFO io.github.bonigarcia.wdm.WebDriverManager - Exporting webdriver.edge.driver as C:\Users\Bayu\.cache\selenium\msedgedriver\win64\105.0.1343.53\msedgedriver.exe
16:23:25.940 [main] DEBUG net.serenitybdd.core.webdriver.driverproviders.ProvideNewDriver - Instantiating driver
16:23:25.940 [main] DEBUG net.serenitybdd.core.webdriver.driverproviders.ProvideNewDriver - Driver capabilities: Capabilities {base.url: https://demoqa.com, driver: edge, edge.driver: src/test/resources/webdrive..., ms:edgeChromium: true, ms:edgeOptions: {}}
16:23:26.374 [AsyncHttpClient-1-8] DEBUG org.asynchttpclient.netty.channel.NettyConnectListener - Using new Channel '[id: 0x48ebf0ba, L:/127.0.0.1:10473 - R:localhost/127.0.0.1:50410]' for 'POST' to '/session'
16:23:27.877 [AsyncHttpClient-1-8] DEBUG org.asynchttpclient.netty.handler.HttpHandler - 

Request DefaultHttpRequest(decodeResult: success, version: HTTP/1.1)
POST /session HTTP/1.1
User-Agent: selenium/4.1.2 (java windows)
Content-Length: 591
Content-Type: application/json; charset=utf-8
host: localhost:50410
accept: */*

Response DefaultHttpResponse(decodeResult: success, version: HTTP/1.1)
HTTP/1.1 200 OK
Content-Type: application/json; charset=utf-8
cache-control: no-cache
content-length: 755

16:23:27.877 [AsyncHttpClient-1-8] DEBUG org.asynchttpclient.netty.channel.ChannelManager - Adding key: http://localhost:50410 for channel [id: 0x48ebf0ba, L:/127.0.0.1:10473 - R:localhost/127.0.0.1:50410]
16:23:27.893 [AsyncHttpClient-1-9] DEBUG org.asynchttpclient.netty.channel.NettyConnectListener - Using new Channel '[id: 0x5904d6ff, L:/127.0.0.1:10483 - R:localhost/127.0.0.1:10476]' for 'GET' to '/json/version'
16:23:27.894 [AsyncHttpClient-1-9] DEBUG org.asynchttpclient.netty.handler.HttpHandler - 

Request DefaultFullHttpRequest(decodeResult: success, version: HTTP/1.1, content: EmptyByteBufBE)
GET /json/version HTTP/1.1
User-Agent: selenium/4.1.2 (java windows)
host: localhost:10476
accept: */*

Response DefaultHttpResponse(decodeResult: success, version: HTTP/1.1)
HTTP/1.1 200 OK
Content-Type: application/json; charset=UTF-8
content-length: 436

16:23:27.895 [AsyncHttpClient-1-9] DEBUG org.asynchttpclient.netty.channel.ChannelManager - Adding key: http://localhost:10476 for channel [id: 0x5904d6ff, L:/127.0.0.1:10483 - R:localhost/127.0.0.1:10476]
16:23:27.900 [AsyncHttpClient-1-2] DEBUG org.asynchttpclient.netty.channel.NettyConnectListener - Using new Channel '[id: 0xb04185aa, L:/127.0.0.1:10484 - R:localhost/127.0.0.1:10476]' for 'GET' to '/devtools/browser/b6447e1e-0f42-4e80-91c4-d69f6ab516d4'
16:23:27.901 [AsyncHttpClient-1-2] DEBUG org.asynchttpclient.netty.handler.WebSocketHandler - 

Request DefaultFullHttpRequest(decodeResult: success, version: HTTP/1.1, content: EmptyByteBufBE)
GET /devtools/browser/b6447e1e-0f42-4e80-91c4-d69f6ab516d4 HTTP/1.1
upgrade: websocket
connection: upgrade
sec-websocket-key: 0DaJ932z1swufeuXeMqiDQ==
sec-websocket-version: 13
origin: http://localhost:10476
host: localhost:10476
accept: */*
user-agent: AHC/2.1

Response DefaultHttpResponse(decodeResult: success, version: HTTP/1.1)
HTTP/1.1 101 WebSocket Protocol Handshake
Upgrade: WebSocket
Connection: Upgrade
Sec-WebSocket-Accept: FxseZT5VN9z/7YQH5DOJGxT/D08=

16:23:27.909 [AsyncHttpClient-1-1] DEBUG org.asynchttpclient.netty.channel.DefaultChannelPool - Entry count for : http://localhost:10476 : 1
16:23:27.909 [AsyncHttpClient-1-1] DEBUG org.asynchttpclient.netty.channel.DefaultChannelPool - Entry count for : http://localhost:50410 : 1
16:23:27.915 [Forwarding get on session 2df6b9008536ade095878d460b5f2228 to remote] DEBUG org.asynchttpclient.netty.request.NettyRequestSender - Using pooled Channel '[id: 0x48ebf0ba, L:/127.0.0.1:10473 - R:localhost/127.0.0.1:50410]' for 'POST' to 'http://localhost:50410/session/2df6b9008536ade095878d460b5f2228/url'
16:23:27.915 [Forwarding get on session 2df6b9008536ade095878d460b5f2228 to remote] DEBUG org.asynchttpclient.netty.request.NettyRequestSender - Using open Channel [id: 0x48ebf0ba, L:/127.0.0.1:10473 - R:localhost/127.0.0.1:50410] for POST '/session/2df6b9008536ade095878d460b5f2228/url'
16:23:28.966 [AsyncHttpClient-1-1] DEBUG org.asynchttpclient.netty.channel.DefaultChannelPool - Entry count for : http://localhost:10476 : 1
16:23:30.064 [AsyncHttpClient-1-1] DEBUG org.asynchttpclient.netty.channel.DefaultChannelPool - Entry count for : http://localhost:10476 : 1
16:23:31.161 [AsyncHttpClient-1-1] DEBUG org.asynchttpclient.netty.channel.DefaultChannelPool - Entry count for : http://localhost:10476 : 1
16:23:32.264 [AsyncHttpClient-1-1] DEBUG org.asynchttpclient.netty.channel.DefaultChannelPool - Entry count for : http://localhost:10476 : 1
16:23:33.361 [AsyncHttpClient-1-1] DEBUG org.asynchttpclient.netty.channel.DefaultChannelPool - Entry count for : http://localhost:10476 : 1
16:23:34.471 [AsyncHttpClient-1-1] DEBUG org.asynchttpclient.netty.channel.DefaultChannelPool - Entry count for : http://localhost:10476 : 1
16:23:35.562 [AsyncHttpClient-1-1] DEBUG org.asynchttpclient.netty.channel.DefaultChannelPool - Entry count for : http://localhost:10476 : 1
16:23:36.662 [AsyncHttpClient-1-1] DEBUG org.asynchttpclient.netty.channel.DefaultChannelPool - Entry count for : http://localhost:10476 : 1
16:23:37.767 [AsyncHttpClient-1-1] DEBUG org.asynchttpclient.netty.channel.DefaultChannelPool - Entry count for : http://localhost:10476 : 1
16:23:38.862 [AsyncHttpClient-1-1] DEBUG org.asynchttpclient.netty.channel.DefaultChannelPool - Entry count for : http://localhost:10476 : 1
16:23:39.970 [AsyncHttpClient-1-1] DEBUG org.asynchttpclient.netty.channel.DefaultChannelPool - Entry count for : http://localhost:10476 : 1
16:23:41.061 [AsyncHttpClient-1-1] DEBUG org.asynchttpclient.netty.channel.DefaultChannelPool - Entry count for : http://localhost:10476 : 1
16:23:42.175 [AsyncHttpClient-1-1] DEBUG org.asynchttpclient.netty.channel.DefaultChannelPool - Entry count for : http://localhost:10476 : 1
16:23:43.261 [AsyncHttpClient-1-1] DEBUG org.asynchttpclient.netty.channel.DefaultChannelPool - Entry count for : http://localhost:10476 : 1
16:23:44.140 [AsyncHttpClient-1-8] DEBUG org.asynchttpclient.netty.handler.HttpHandler - 

Request DefaultHttpRequest(decodeResult: success, version: HTTP/1.1)
POST /session/2df6b9008536ade095878d460b5f2228/url HTTP/1.1
User-Agent: selenium/4.1.2 (java windows)
Content-Length: 54
Content-Type: application/json; charset=utf-8
host: localhost:50410
accept: */*

Response DefaultHttpResponse(decodeResult: success, version: HTTP/1.1)
HTTP/1.1 200 OK
Content-Type: application/json; charset=utf-8
cache-control: no-cache
content-length: 14

16:23:44.141 [AsyncHttpClient-1-8] DEBUG org.asynchttpclient.netty.channel.ChannelManager - Adding key: http://localhost:50410 for channel [id: 0x48ebf0ba, L:/127.0.0.1:10473 - R:localhost/127.0.0.1:50410]
16:23:44.144 [Forwarding setTimeout on session 2df6b9008536ade095878d460b5f2228 to remote] DEBUG org.asynchttpclient.netty.request.NettyRequestSender - Using pooled Channel '[id: 0x48ebf0ba, L:/127.0.0.1:10473 - R:localhost/127.0.0.1:50410]' for 'POST' to 'http://localhost:50410/session/2df6b9008536ade095878d460b5f2228/timeouts'
16:23:44.144 [Forwarding setTimeout on session 2df6b9008536ade095878d460b5f2228 to remote] DEBUG org.asynchttpclient.netty.request.NettyRequestSender - Using open Channel [id: 0x48ebf0ba, L:/127.0.0.1:10473 - R:localhost/127.0.0.1:50410] for POST '/session/2df6b9008536ade095878d460b5f2228/timeouts'
16:23:44.145 [AsyncHttpClient-1-8] DEBUG org.asynchttpclient.netty.handler.HttpHandler - 

Request DefaultHttpRequest(decodeResult: success, version: HTTP/1.1)
POST /session/2df6b9008536ade095878d460b5f2228/timeouts HTTP/1.1
User-Agent: selenium/4.1.2 (java windows)
Content-Length: 22
Content-Type: application/json; charset=utf-8
host: localhost:50410
accept: */*

Response DefaultHttpResponse(decodeResult: success, version: HTTP/1.1)
HTTP/1.1 200 OK
Content-Type: application/json; charset=utf-8
cache-control: no-cache
content-length: 14

16:23:44.146 [AsyncHttpClient-1-8] DEBUG org.asynchttpclient.netty.channel.ChannelManager - Adding key: http://localhost:50410 for channel [id: 0x48ebf0ba, L:/127.0.0.1:10473 - R:localhost/127.0.0.1:50410]
16:23:44.152 [Forwarding getCurrentUrl on session 2df6b9008536ade095878d460b5f2228 to remote] DEBUG org.asynchttpclient.netty.request.NettyRequestSender - Using pooled Channel '[id: 0x48ebf0ba, L:/127.0.0.1:10473 - R:localhost/127.0.0.1:50410]' for 'GET' to 'http://localhost:50410/session/2df6b9008536ade095878d460b5f2228/url'
16:23:44.152 [Forwarding getCurrentUrl on session 2df6b9008536ade095878d460b5f2228 to remote] DEBUG org.asynchttpclient.netty.request.NettyRequestSender - Using open Channel [id: 0x48ebf0ba, L:/127.0.0.1:10473 - R:localhost/127.0.0.1:50410] for GET '/session/2df6b9008536ade095878d460b5f2228/url'
16:23:44.160 [AsyncHttpClient-1-8] DEBUG org.asynchttpclient.netty.handler.HttpHandler - 

Request DefaultFullHttpRequest(decodeResult: success, version: HTTP/1.1, content: EmptyByteBufBE)
GET /session/2df6b9008536ade095878d460b5f2228/url HTTP/1.1
User-Agent: selenium/4.1.2 (java windows)
Cache-Control: no-cache
Content-Type: application/json; charset=utf-8
host: localhost:50410
accept: */*

Response DefaultHttpResponse(decodeResult: success, version: HTTP/1.1)
HTTP/1.1 200 OK
Content-Type: application/json; charset=utf-8
cache-control: no-cache
content-length: 36

16:23:44.160 [AsyncHttpClient-1-8] DEBUG org.asynchttpclient.netty.channel.ChannelManager - Adding key: http://localhost:50410 for channel [id: 0x48ebf0ba, L:/127.0.0.1:10473 - R:localhost/127.0.0.1:50410]
  &amp#27;[32mGiven &amp#27;[0m&amp#27;[32mI am on the login page&amp#27;[0m                             &amp#27;[90m# starter.stepdefinitions.LoginStep.iAmOnTheLoginPage()&amp#27;[0m
16:23:44.168 [Forwarding screenshot on session 2df6b9008536ade095878d460b5f2228 to remote] DEBUG org.asynchttpclient.netty.request.NettyRequestSender - Using pooled Channel '[id: 0x48ebf0ba, L:/127.0.0.1:10473 - R:localhost/127.0.0.1:50410]' for 'GET' to 'http://localhost:50410/session/2df6b9008536ade095878d460b5f2228/screenshot'
16:23:44.168 [Forwarding screenshot on session 2df6b9008536ade095878d460b5f2228 to remote] DEBUG org.asynchttpclient.netty.request.NettyRequestSender - Using open Channel [id: 0x48ebf0ba, L:/127.0.0.1:10473 - R:localhost/127.0.0.1:50410] for GET '/session/2df6b9008536ade095878d460b5f2228/screenshot'
16:23:44.376 [AsyncHttpClient-1-8] DEBUG org.asynchttpclient.netty.handler.HttpHandler - 

Request DefaultFullHttpRequest(decodeResult: success, version: HTTP/1.1, content: EmptyByteBufBE)
GET /session/2df6b9008536ade095878d460b5f2228/screenshot HTTP/1.1
User-Agent: selenium/4.1.2 (java windows)
Cache-Control: no-cache
Content-Type: application/json; charset=utf-8
host: localhost:50410
accept: */*

Response DefaultHttpResponse(decodeResult: success, version: HTTP/1.1)
HTTP/1.1 200 OK
Content-Type: application/json; charset=utf-8
cache-control: no-cache
content-length: 61072

16:23:44.379 [AsyncHttpClient-1-8] DEBUG org.asynchttpclient.netty.channel.ChannelManager - Adding key: http://localhost:50410 for channel [id: 0x48ebf0ba, L:/127.0.0.1:10473 - R:localhost/127.0.0.1:50410]
16:23:44.383 [main] DEBUG net.serenitybdd.core.photography.Darkroom - Send negative for processing for target\site\serenity\0cd7a271ed57186c68992f8d64517f267a19c6bda49af98179ef75b9d06c0ccd.png
16:23:44.384 [Darkroom Processing Line] DEBUG net.serenitybdd.core.photography.DarkroomProcessingLine - Processing screenshot image in /var/screenshots/screenshot-7988230387253594394
16:23:44.384 [Darkroom Processing Line] DEBUG net.serenitybdd.core.photography.DarkroomProcessingLine - Saving screenshot to target\site\serenity\0cd7a271ed57186c68992f8d64517f267a19c6bda49af98179ef75b9d06c0ccd.png
16:23:44.401 [Forwarding findElement on session 2df6b9008536ade095878d460b5f2228 to remote] DEBUG org.asynchttpclient.netty.request.NettyRequestSender - Using pooled Channel '[id: 0x48ebf0ba, L:/127.0.0.1:10473 - R:localhost/127.0.0.1:50410]' for 'POST' to 'http://localhost:50410/session/2df6b9008536ade095878d460b5f2228/element'
16:23:44.401 [Forwarding findElement on session 2df6b9008536ade095878d460b5f2228 to remote] DEBUG org.asynchttpclient.netty.request.NettyRequestSender - Using open Channel [id: 0x48ebf0ba, L:/127.0.0.1:10473 - R:localhost/127.0.0.1:50410] for POST '/session/2df6b9008536ade095878d460b5f2228/element'
16:23:44.402 [AsyncHttpClient-1-1] DEBUG org.asynchttpclient.netty.channel.DefaultChannelPool - Entry count for : http://localhost:10476 : 1
16:23:44.442 [AsyncHttpClient-1-8] DEBUG org.asynchttpclient.netty.handler.HttpHandler - 

Request DefaultHttpRequest(decodeResult: success, version: HTTP/1.1)
POST /session/2df6b9008536ade095878d460b5f2228/element HTTP/1.1
User-Agent: selenium/4.1.2 (java windows)
Content-Length: 53
Content-Type: application/json; charset=utf-8
host: localhost:50410
accept: */*

Response DefaultHttpResponse(decodeResult: success, version: HTTP/1.1)
HTTP/1.1 200 OK
Content-Type: application/json; charset=utf-8
cache-control: no-cache
content-length: 88

16:23:44.442 [AsyncHttpClient-1-8] DEBUG org.asynchttpclient.netty.channel.ChannelManager - Adding key: http://localhost:50410 for channel [id: 0x48ebf0ba, L:/127.0.0.1:10473 - R:localhost/127.0.0.1:50410]
16:23:44.444 [Forwarding clearElement on session 2df6b9008536ade095878d460b5f2228 to remote] DEBUG org.asynchttpclient.netty.request.NettyRequestSender - Using pooled Channel '[id: 0x48ebf0ba, L:/127.0.0.1:10473 - R:localhost/127.0.0.1:50410]' for 'POST' to 'http://localhost:50410/session/2df6b9008536ade095878d460b5f2228/element/4b1df708-c4d8-4634-959e-385baba336bc/clear'
16:23:44.444 [Forwarding clearElement on session 2df6b9008536ade095878d460b5f2228 to remote] DEBUG org.asynchttpclient.netty.request.NettyRequestSender - Using open Channel [id: 0x48ebf0ba, L:/127.0.0.1:10473 - R:localhost/127.0.0.1:50410] for POST '/session/2df6b9008536ade095878d460b5f2228/element/4b1df708-c4d8-4634-959e-385baba336bc/clear'
16:23:44.510 [AsyncHttpClient-1-8] DEBUG org.asynchttpclient.netty.handler.HttpHandler - 

Request DefaultHttpRequest(decodeResult: success, version: HTTP/1.1)
POST /session/2df6b9008536ade095878d460b5f2228/element/4b1df708-c4d8-4634-959e-385baba336bc/clear HTTP/1.1
User-Agent: selenium/4.1.2 (java windows)
Content-Length: 50
Content-Type: application/json; charset=utf-8
host: localhost:50410
accept: */*

Response DefaultHttpResponse(decodeResult: success, version: HTTP/1.1)
HTTP/1.1 200 OK
Content-Type: application/json; charset=utf-8
cache-control: no-cache
content-length: 14

16:23:44.511 [AsyncHttpClient-1-8] DEBUG org.asynchttpclient.netty.channel.ChannelManager - Adding key: http://localhost:50410 for channel [id: 0x48ebf0ba, L:/127.0.0.1:10473 - R:localhost/127.0.0.1:50410]
16:23:44.517 [Forwarding sendKeysToElement on session 2df6b9008536ade095878d460b5f2228 to remote] DEBUG org.asynchttpclient.netty.request.NettyRequestSender - Using pooled Channel '[id: 0x48ebf0ba, L:/127.0.0.1:10473 - R:localhost/127.0.0.1:50410]' for 'POST' to 'http://localhost:50410/session/2df6b9008536ade095878d460b5f2228/element/4b1df708-c4d8-4634-959e-385baba336bc/value'
16:23:44.517 [Forwarding sendKeysToElement on session 2df6b9008536ade095878d460b5f2228 to remote] DEBUG org.asynchttpclient.netty.request.NettyRequestSender - Using open Channel [id: 0x48ebf0ba, L:/127.0.0.1:10473 - R:localhost/127.0.0.1:50410] for POST '/session/2df6b9008536ade095878d460b5f2228/element/4b1df708-c4d8-4634-959e-385baba336bc/value'
16:23:44.842 [AsyncHttpClient-1-8] DEBUG org.asynchttpclient.netty.handler.HttpHandler - 

Request DefaultHttpRequest(decodeResult: success, version: HTTP/1.1)
POST /session/2df6b9008536ade095878d460b5f2228/element/4b1df708-c4d8-4634-959e-385baba336bc/value HTTP/1.1
User-Agent: selenium/4.1.2 (java windows)
Content-Length: 161
Content-Type: application/json; charset=utf-8
host: localhost:50410
accept: */*

Response DefaultHttpResponse(decodeResult: success, version: HTTP/1.1)
HTTP/1.1 200 OK
Content-Type: application/json; charset=utf-8
cache-control: no-cache
content-length: 14

16:23:44.843 [AsyncHttpClient-1-8] DEBUG org.asynchttpclient.netty.channel.ChannelManager - Adding key: http://localhost:50410 for channel [id: 0x48ebf0ba, L:/127.0.0.1:10473 - R:localhost/127.0.0.1:50410]
  &amp#27;[32mWhen &amp#27;[0m&amp#27;[32mI input invalid userName&amp#27;[0m                            &amp#27;[90m# starter.stepdefinitions.LoginStep.iInputInvalidUsername()&amp#27;[0m
16:23:44.851 [Forwarding screenshot on session 2df6b9008536ade095878d460b5f2228 to remote] DEBUG org.asynchttpclient.netty.request.NettyRequestSender - Using pooled Channel '[id: 0x48ebf0ba, L:/127.0.0.1:10473 - R:localhost/127.0.0.1:50410]' for 'GET' to 'http://localhost:50410/session/2df6b9008536ade095878d460b5f2228/screenshot'
16:23:44.851 [Forwarding screenshot on session 2df6b9008536ade095878d460b5f2228 to remote] DEBUG org.asynchttpclient.netty.request.NettyRequestSender - Using open Channel [id: 0x48ebf0ba, L:/127.0.0.1:10473 - R:localhost/127.0.0.1:50410] for GET '/session/2df6b9008536ade095878d460b5f2228/screenshot'
16:23:45.035 [AsyncHttpClient-1-8] DEBUG org.asynchttpclient.netty.handler.HttpHandler - 

Request DefaultFullHttpRequest(decodeResult: success, version: HTTP/1.1, content: EmptyByteBufBE)
GET /session/2df6b9008536ade095878d460b5f2228/screenshot HTTP/1.1
User-Agent: selenium/4.1.2 (java windows)
Cache-Control: no-cache
Content-Type: application/json; charset=utf-8
host: localhost:50410
accept: */*

Response DefaultHttpResponse(decodeResult: success, version: HTTP/1.1)
HTTP/1.1 200 OK
Content-Type: application/json; charset=utf-8
cache-control: no-cache
content-length: 103592

16:23:45.036 [AsyncHttpClient-1-8] DEBUG org.asynchttpclient.netty.channel.ChannelManager - Adding key: http://localhost:50410 for channel [id: 0x48ebf0ba, L:/127.0.0.1:10473 - R:localhost/127.0.0.1:50410]
16:23:45.044 [main] DEBUG net.serenitybdd.core.photography.Darkroom - Send negative for processing for target\site\serenity\c5b1cba380e1474ae24facb427eadcae54a242ccf11f7de1da301bc8aac11449.png
16:23:45.046 [Darkroom Processing Line] DEBUG net.serenitybdd.core.photography.DarkroomProcessingLine - Processing screenshot image in /var/screenshots/screenshot-9062013003299265286
16:23:45.046 [Darkroom Processing Line] DEBUG net.serenitybdd.core.photography.DarkroomProcessingLine - Saving screenshot to target\site\serenity\c5b1cba380e1474ae24facb427eadcae54a242ccf11f7de1da301bc8aac11449.png
16:23:45.057 [Forwarding findElement on session 2df6b9008536ade095878d460b5f2228 to remote] DEBUG org.asynchttpclient.netty.request.NettyRequestSender - Using pooled Channel '[id: 0x48ebf0ba, L:/127.0.0.1:10473 - R:localhost/127.0.0.1:50410]' for 'POST' to 'http://localhost:50410/session/2df6b9008536ade095878d460b5f2228/element'
16:23:45.057 [Forwarding findElement on session 2df6b9008536ade095878d460b5f2228 to remote] DEBUG org.asynchttpclient.netty.request.NettyRequestSender - Using open Channel [id: 0x48ebf0ba, L:/127.0.0.1:10473 - R:localhost/127.0.0.1:50410] for POST '/session/2df6b9008536ade095878d460b5f2228/element'
16:23:45.077 [AsyncHttpClient-1-8] DEBUG org.asynchttpclient.netty.handler.HttpHandler - 

Request DefaultHttpRequest(decodeResult: success, version: HTTP/1.1)
POST /session/2df6b9008536ade095878d460b5f2228/element HTTP/1.1
User-Agent: selenium/4.1.2 (java windows)
Content-Length: 53
Content-Type: application/json; charset=utf-8
host: localhost:50410
accept: */*

Response DefaultHttpResponse(decodeResult: success, version: HTTP/1.1)
HTTP/1.1 200 OK
Content-Type: application/json; charset=utf-8
cache-control: no-cache
content-length: 88

16:23:45.077 [AsyncHttpClient-1-8] DEBUG org.asynchttpclient.netty.channel.ChannelManager - Adding key: http://localhost:50410 for channel [id: 0x48ebf0ba, L:/127.0.0.1:10473 - R:localhost/127.0.0.1:50410]
16:23:45.078 [Forwarding clearElement on session 2df6b9008536ade095878d460b5f2228 to remote] DEBUG org.asynchttpclient.netty.request.NettyRequestSender - Using pooled Channel '[id: 0x48ebf0ba, L:/127.0.0.1:10473 - R:localhost/127.0.0.1:50410]' for 'POST' to 'http://localhost:50410/session/2df6b9008536ade095878d460b5f2228/element/ed9c65fe-a87b-4a2d-9457-f626076fad0c/clear'
16:23:45.078 [Forwarding clearElement on session 2df6b9008536ade095878d460b5f2228 to remote] DEBUG org.asynchttpclient.netty.request.NettyRequestSender - Using open Channel [id: 0x48ebf0ba, L:/127.0.0.1:10473 - R:localhost/127.0.0.1:50410] for POST '/session/2df6b9008536ade095878d460b5f2228/element/ed9c65fe-a87b-4a2d-9457-f626076fad0c/clear'
16:23:45.129 [AsyncHttpClient-1-8] DEBUG org.asynchttpclient.netty.handler.HttpHandler - 

Request DefaultHttpRequest(decodeResult: success, version: HTTP/1.1)
POST /session/2df6b9008536ade095878d460b5f2228/element/ed9c65fe-a87b-4a2d-9457-f626076fad0c/clear HTTP/1.1
User-Agent: selenium/4.1.2 (java windows)
Content-Length: 50
Content-Type: application/json; charset=utf-8
host: localhost:50410
accept: */*

Response DefaultHttpResponse(decodeResult: success, version: HTTP/1.1)
HTTP/1.1 200 OK
Content-Type: application/json; charset=utf-8
cache-control: no-cache
content-length: 14

16:23:45.129 [AsyncHttpClient-1-8] DEBUG org.asynchttpclient.netty.channel.ChannelManager - Adding key: http://localhost:50410 for channel [id: 0x48ebf0ba, L:/127.0.0.1:10473 - R:localhost/127.0.0.1:50410]
16:23:45.132 [Forwarding sendKeysToElement on session 2df6b9008536ade095878d460b5f2228 to remote] DEBUG org.asynchttpclient.netty.request.NettyRequestSender - Using pooled Channel '[id: 0x48ebf0ba, L:/127.0.0.1:10473 - R:localhost/127.0.0.1:50410]' for 'POST' to 'http://localhost:50410/session/2df6b9008536ade095878d460b5f2228/element/ed9c65fe-a87b-4a2d-9457-f626076fad0c/value'
16:23:45.132 [Forwarding sendKeysToElement on session 2df6b9008536ade095878d460b5f2228 to remote] DEBUG org.asynchttpclient.netty.request.NettyRequestSender - Using open Channel [id: 0x48ebf0ba, L:/127.0.0.1:10473 - R:localhost/127.0.0.1:50410] for POST '/session/2df6b9008536ade095878d460b5f2228/element/ed9c65fe-a87b-4a2d-9457-f626076fad0c/value'
16:23:45.348 [AsyncHttpClient-1-8] DEBUG org.asynchttpclient.netty.handler.HttpHandler - 

Request DefaultHttpRequest(decodeResult: success, version: HTTP/1.1)
POST /session/2df6b9008536ade095878d460b5f2228/element/ed9c65fe-a87b-4a2d-9457-f626076fad0c/value HTTP/1.1
User-Agent: selenium/4.1.2 (java windows)
Content-Length: 181
Content-Type: application/json; charset=utf-8
host: localhost:50410
accept: */*

Response DefaultHttpResponse(decodeResult: success, version: HTTP/1.1)
HTTP/1.1 200 OK
Content-Type: application/json; charset=utf-8
cache-control: no-cache
content-length: 14

16:23:45.348 [AsyncHttpClient-1-8] DEBUG org.asynchttpclient.netty.channel.ChannelManager - Adding key: http://localhost:50410 for channel [id: 0x48ebf0ba, L:/127.0.0.1:10473 - R:localhost/127.0.0.1:50410]
  &amp#27;[32mAnd &amp#27;[0m&amp#27;[32mI input invalid password&amp#27;[0m                             &amp#27;[90m# starter.stepdefinitions.LoginStep.iInputInvalidPassword()&amp#27;[0m
16:23:45.367 [Forwarding screenshot on session 2df6b9008536ade095878d460b5f2228 to remote] DEBUG org.asynchttpclient.netty.request.NettyRequestSender - Using pooled Channel '[id: 0x48ebf0ba, L:/127.0.0.1:10473 - R:localhost/127.0.0.1:50410]' for 'GET' to 'http://localhost:50410/session/2df6b9008536ade095878d460b5f2228/screenshot'
16:23:45.367 [Forwarding screenshot on session 2df6b9008536ade095878d460b5f2228 to remote] DEBUG org.asynchttpclient.netty.request.NettyRequestSender - Using open Channel [id: 0x48ebf0ba, L:/127.0.0.1:10473 - R:localhost/127.0.0.1:50410] for GET '/session/2df6b9008536ade095878d460b5f2228/screenshot'
16:23:45.484 [AsyncHttpClient-1-1] DEBUG org.asynchttpclient.netty.channel.DefaultChannelPool - Entry count for : http://localhost:10476 : 1
16:23:45.561 [AsyncHttpClient-1-8] DEBUG org.asynchttpclient.netty.handler.HttpHandler - 

Request DefaultFullHttpRequest(decodeResult: success, version: HTTP/1.1, content: EmptyByteBufBE)
GET /session/2df6b9008536ade095878d460b5f2228/screenshot HTTP/1.1
User-Agent: selenium/4.1.2 (java windows)
Cache-Control: no-cache
Content-Type: application/json; charset=utf-8
host: localhost:50410
accept: */*

Response DefaultHttpResponse(decodeResult: success, version: HTTP/1.1)
HTTP/1.1 200 OK
Content-Type: application/json; charset=utf-8
cache-control: no-cache
content-length: 104280

16:23:45.562 [AsyncHttpClient-1-8] DEBUG org.asynchttpclient.netty.channel.ChannelManager - Adding key: http://localhost:50410 for channel [id: 0x48ebf0ba, L:/127.0.0.1:10473 - R:localhost/127.0.0.1:50410]
16:23:45.567 [main] DEBUG net.serenitybdd.core.photography.Darkroom - Send negative for processing for target\site\serenity\dc5f56246fdc5198737613b6c3b3bf1741b3ba290762fcd1f258b477a2c28cbf.png
16:23:45.567 [Darkroom Processing Line] DEBUG net.serenitybdd.core.photography.DarkroomProcessingLine - Processing screenshot image in /var/screenshots/screenshot-12315939278621602268
16:23:45.567 [Darkroom Processing Line] DEBUG net.serenitybdd.core.photography.DarkroomProcessingLine - Saving screenshot to target\site\serenity\dc5f56246fdc5198737613b6c3b3bf1741b3ba290762fcd1f258b477a2c28cbf.png
16:23:45.576 [Forwarding findElement on session 2df6b9008536ade095878d460b5f2228 to remote] DEBUG org.asynchttpclient.netty.request.NettyRequestSender - Using pooled Channel '[id: 0x48ebf0ba, L:/127.0.0.1:10473 - R:localhost/127.0.0.1:50410]' for 'POST' to 'http://localhost:50410/session/2df6b9008536ade095878d460b5f2228/element'
16:23:45.576 [Forwarding findElement on session 2df6b9008536ade095878d460b5f2228 to remote] DEBUG org.asynchttpclient.netty.request.NettyRequestSender - Using open Channel [id: 0x48ebf0ba, L:/127.0.0.1:10473 - R:localhost/127.0.0.1:50410] for POST '/session/2df6b9008536ade095878d460b5f2228/element'
16:23:45.590 [AsyncHttpClient-1-8] DEBUG org.asynchttpclient.netty.handler.HttpHandler - 

Request DefaultHttpRequest(decodeResult: success, version: HTTP/1.1)
POST /session/2df6b9008536ade095878d460b5f2228/element HTTP/1.1
User-Agent: selenium/4.1.2 (java windows)
Content-Length: 50
Content-Type: application/json; charset=utf-8
host: localhost:50410
accept: */*

Response DefaultHttpResponse(decodeResult: success, version: HTTP/1.1)
HTTP/1.1 200 OK
Content-Type: application/json; charset=utf-8
cache-control: no-cache
content-length: 88

16:23:45.590 [AsyncHttpClient-1-8] DEBUG org.asynchttpclient.netty.channel.ChannelManager - Adding key: http://localhost:50410 for channel [id: 0x48ebf0ba, L:/127.0.0.1:10473 - R:localhost/127.0.0.1:50410]
16:23:45.591 [Forwarding getElementTagName on session 2df6b9008536ade095878d460b5f2228 to remote] DEBUG org.asynchttpclient.netty.request.NettyRequestSender - Using pooled Channel '[id: 0x48ebf0ba, L:/127.0.0.1:10473 - R:localhost/127.0.0.1:50410]' for 'GET' to 'http://localhost:50410/session/2df6b9008536ade095878d460b5f2228/element/c87ef754-0528-4063-bd74-d98dfc754ec2/name'
16:23:45.591 [Forwarding getElementTagName on session 2df6b9008536ade095878d460b5f2228 to remote] DEBUG org.asynchttpclient.netty.request.NettyRequestSender - Using open Channel [id: 0x48ebf0ba, L:/127.0.0.1:10473 - R:localhost/127.0.0.1:50410] for GET '/session/2df6b9008536ade095878d460b5f2228/element/c87ef754-0528-4063-bd74-d98dfc754ec2/name'
16:23:45.597 [AsyncHttpClient-1-8] DEBUG org.asynchttpclient.netty.handler.HttpHandler - 

Request DefaultFullHttpRequest(decodeResult: success, version: HTTP/1.1, content: EmptyByteBufBE)
GET /session/2df6b9008536ade095878d460b5f2228/element/c87ef754-0528-4063-bd74-d98dfc754ec2/name HTTP/1.1
User-Agent: selenium/4.1.2 (java windows)
Cache-Control: no-cache
Content-Type: application/json; charset=utf-8
host: localhost:50410
accept: */*

Response DefaultHttpResponse(decodeResult: success, version: HTTP/1.1)
HTTP/1.1 200 OK
Content-Type: application/json; charset=utf-8
cache-control: no-cache
content-length: 18

16:23:45.597 [AsyncHttpClient-1-8] DEBUG org.asynchttpclient.netty.channel.ChannelManager - Adding key: http://localhost:50410 for channel [id: 0x48ebf0ba, L:/127.0.0.1:10473 - R:localhost/127.0.0.1:50410]
16:23:45.598 [Forwarding getElementTagName on session 2df6b9008536ade095878d460b5f2228 to remote] DEBUG org.asynchttpclient.netty.request.NettyRequestSender - Using pooled Channel '[id: 0x48ebf0ba, L:/127.0.0.1:10473 - R:localhost/127.0.0.1:50410]' for 'GET' to 'http://localhost:50410/session/2df6b9008536ade095878d460b5f2228/element/c87ef754-0528-4063-bd74-d98dfc754ec2/name'
16:23:45.598 [Forwarding getElementTagName on session 2df6b9008536ade095878d460b5f2228 to remote] DEBUG org.asynchttpclient.netty.request.NettyRequestSender - Using open Channel [id: 0x48ebf0ba, L:/127.0.0.1:10473 - R:localhost/127.0.0.1:50410] for GET '/session/2df6b9008536ade095878d460b5f2228/element/c87ef754-0528-4063-bd74-d98dfc754ec2/name'
16:23:45.605 [AsyncHttpClient-1-8] DEBUG org.asynchttpclient.netty.handler.HttpHandler - 

Request DefaultFullHttpRequest(decodeResult: success, version: HTTP/1.1, content: EmptyByteBufBE)
GET /session/2df6b9008536ade095878d460b5f2228/element/c87ef754-0528-4063-bd74-d98dfc754ec2/name HTTP/1.1
User-Agent: selenium/4.1.2 (java windows)
Cache-Control: no-cache
Content-Type: application/json; charset=utf-8
host: localhost:50410
accept: */*

Response DefaultHttpResponse(decodeResult: success, version: HTTP/1.1)
HTTP/1.1 200 OK
Content-Type: application/json; charset=utf-8
cache-control: no-cache
content-length: 18

16:23:45.605 [AsyncHttpClient-1-8] DEBUG org.asynchttpclient.netty.channel.ChannelManager - Adding key: http://localhost:50410 for channel [id: 0x48ebf0ba, L:/127.0.0.1:10473 - R:localhost/127.0.0.1:50410]
16:23:45.608 [Forwarding isElementEnabled on session 2df6b9008536ade095878d460b5f2228 to remote] DEBUG org.asynchttpclient.netty.request.NettyRequestSender - Using pooled Channel '[id: 0x48ebf0ba, L:/127.0.0.1:10473 - R:localhost/127.0.0.1:50410]' for 'GET' to 'http://localhost:50410/session/2df6b9008536ade095878d460b5f2228/element/c87ef754-0528-4063-bd74-d98dfc754ec2/enabled'
16:23:45.608 [Forwarding isElementEnabled on session 2df6b9008536ade095878d460b5f2228 to remote] DEBUG org.asynchttpclient.netty.request.NettyRequestSender - Using open Channel [id: 0x48ebf0ba, L:/127.0.0.1:10473 - R:localhost/127.0.0.1:50410] for GET '/session/2df6b9008536ade095878d460b5f2228/element/c87ef754-0528-4063-bd74-d98dfc754ec2/enabled'
16:23:45.617 [AsyncHttpClient-1-8] DEBUG org.asynchttpclient.netty.handler.HttpHandler - 

Request DefaultFullHttpRequest(decodeResult: success, version: HTTP/1.1, content: EmptyByteBufBE)
GET /session/2df6b9008536ade095878d460b5f2228/element/c87ef754-0528-4063-bd74-d98dfc754ec2/enabled HTTP/1.1
User-Agent: selenium/4.1.2 (java windows)
Cache-Control: no-cache
Content-Type: application/json; charset=utf-8
host: localhost:50410
accept: */*

Response DefaultHttpResponse(decodeResult: success, version: HTTP/1.1)
HTTP/1.1 200 OK
Content-Type: application/json; charset=utf-8
cache-control: no-cache
content-length: 14

16:23:45.617 [AsyncHttpClient-1-8] DEBUG org.asynchttpclient.netty.channel.ChannelManager - Adding key: http://localhost:50410 for channel [id: 0x48ebf0ba, L:/127.0.0.1:10473 - R:localhost/127.0.0.1:50410]
16:23:45.619 [Forwarding isElementEnabled on session 2df6b9008536ade095878d460b5f2228 to remote] DEBUG org.asynchttpclient.netty.request.NettyRequestSender - Using pooled Channel '[id: 0x48ebf0ba, L:/127.0.0.1:10473 - R:localhost/127.0.0.1:50410]' for 'GET' to 'http://localhost:50410/session/2df6b9008536ade095878d460b5f2228/element/c87ef754-0528-4063-bd74-d98dfc754ec2/enabled'
16:23:45.619 [Forwarding isElementEnabled on session 2df6b9008536ade095878d460b5f2228 to remote] DEBUG org.asynchttpclient.netty.request.NettyRequestSender - Using open Channel [id: 0x48ebf0ba, L:/127.0.0.1:10473 - R:localhost/127.0.0.1:50410] for GET '/session/2df6b9008536ade095878d460b5f2228/element/c87ef754-0528-4063-bd74-d98dfc754ec2/enabled'
16:23:45.625 [AsyncHttpClient-1-8] DEBUG org.asynchttpclient.netty.handler.HttpHandler - 

Request DefaultFullHttpRequest(decodeResult: success, version: HTTP/1.1, content: EmptyByteBufBE)
GET /session/2df6b9008536ade095878d460b5f2228/element/c87ef754-0528-4063-bd74-d98dfc754ec2/enabled HTTP/1.1
User-Agent: selenium/4.1.2 (java windows)
Cache-Control: no-cache
Content-Type: application/json; charset=utf-8
host: localhost:50410
accept: */*

Response DefaultHttpResponse(decodeResult: success, version: HTTP/1.1)
HTTP/1.1 200 OK
Content-Type: application/json; charset=utf-8
cache-control: no-cache
content-length: 14

16:23:45.626 [AsyncHttpClient-1-8] DEBUG org.asynchttpclient.netty.channel.ChannelManager - Adding key: http://localhost:50410 for channel [id: 0x48ebf0ba, L:/127.0.0.1:10473 - R:localhost/127.0.0.1:50410]
16:23:45.629 [Forwarding findElement on session 2df6b9008536ade095878d460b5f2228 to remote] DEBUG org.asynchttpclient.netty.request.NettyRequestSender - Using pooled Channel '[id: 0x48ebf0ba, L:/127.0.0.1:10473 - R:localhost/127.0.0.1:50410]' for 'POST' to 'http://localhost:50410/session/2df6b9008536ade095878d460b5f2228/element'
16:23:45.629 [Forwarding findElement on session 2df6b9008536ade095878d460b5f2228 to remote] DEBUG org.asynchttpclient.netty.request.NettyRequestSender - Using open Channel [id: 0x48ebf0ba, L:/127.0.0.1:10473 - R:localhost/127.0.0.1:50410] for POST '/session/2df6b9008536ade095878d460b5f2228/element'
16:23:45.643 [AsyncHttpClient-1-8] DEBUG org.asynchttpclient.netty.handler.HttpHandler - 

Request DefaultHttpRequest(decodeResult: success, version: HTTP/1.1)
POST /session/2df6b9008536ade095878d460b5f2228/element HTTP/1.1
User-Agent: selenium/4.1.2 (java windows)
Content-Length: 50
Content-Type: application/json; charset=utf-8
host: localhost:50410
accept: */*

Response DefaultHttpResponse(decodeResult: success, version: HTTP/1.1)
HTTP/1.1 200 OK
Content-Type: application/json; charset=utf-8
cache-control: no-cache
content-length: 88

16:23:45.644 [AsyncHttpClient-1-8] DEBUG org.asynchttpclient.netty.channel.ChannelManager - Adding key: http://localhost:50410 for channel [id: 0x48ebf0ba, L:/127.0.0.1:10473 - R:localhost/127.0.0.1:50410]
16:23:45.646 [Forwarding clickElement on session 2df6b9008536ade095878d460b5f2228 to remote] DEBUG org.asynchttpclient.netty.request.NettyRequestSender - Using pooled Channel '[id: 0x48ebf0ba, L:/127.0.0.1:10473 - R:localhost/127.0.0.1:50410]' for 'POST' to 'http://localhost:50410/session/2df6b9008536ade095878d460b5f2228/element/c87ef754-0528-4063-bd74-d98dfc754ec2/click'
16:23:45.646 [Forwarding clickElement on session 2df6b9008536ade095878d460b5f2228 to remote] DEBUG org.asynchttpclient.netty.request.NettyRequestSender - Using open Channel [id: 0x48ebf0ba, L:/127.0.0.1:10473 - R:localhost/127.0.0.1:50410] for POST '/session/2df6b9008536ade095878d460b5f2228/element/c87ef754-0528-4063-bd74-d98dfc754ec2/click'
16:23:45.708 [AsyncHttpClient-1-8] DEBUG org.asynchttpclient.netty.handler.HttpHandler - 

Request DefaultHttpRequest(decodeResult: success, version: HTTP/1.1)
POST /session/2df6b9008536ade095878d460b5f2228/element/c87ef754-0528-4063-bd74-d98dfc754ec2/click HTTP/1.1
User-Agent: selenium/4.1.2 (java windows)
Content-Length: 50
Content-Type: application/json; charset=utf-8
host: localhost:50410
accept: */*

Response DefaultHttpResponse(decodeResult: success, version: HTTP/1.1)
HTTP/1.1 200 OK
Content-Type: application/json; charset=utf-8
cache-control: no-cache
content-length: 14

16:23:45.709 [AsyncHttpClient-1-8] DEBUG org.asynchttpclient.netty.channel.ChannelManager - Adding key: http://localhost:50410 for channel [id: 0x48ebf0ba, L:/127.0.0.1:10473 - R:localhost/127.0.0.1:50410]
  &amp#27;[32mAnd &amp#27;[0m&amp#27;[32mI click Login button&amp#27;[0m                                 &amp#27;[90m# starter.stepdefinitions.LoginStep.iClickLoginButton()&amp#27;[0m
16:23:45.719 [Forwarding screenshot on session 2df6b9008536ade095878d460b5f2228 to remote] DEBUG org.asynchttpclient.netty.request.NettyRequestSender - Using pooled Channel '[id: 0x48ebf0ba, L:/127.0.0.1:10473 - R:localhost/127.0.0.1:50410]' for 'GET' to 'http://localhost:50410/session/2df6b9008536ade095878d460b5f2228/screenshot'
16:23:45.719 [Forwarding screenshot on session 2df6b9008536ade095878d460b5f2228 to remote] DEBUG org.asynchttpclient.netty.request.NettyRequestSender - Using open Channel [id: 0x48ebf0ba, L:/127.0.0.1:10473 - R:localhost/127.0.0.1:50410] for GET '/session/2df6b9008536ade095878d460b5f2228/screenshot'
16:23:45.864 [AsyncHttpClient-1-8] DEBUG org.asynchttpclient.netty.handler.HttpHandler - 

Request DefaultFullHttpRequest(decodeResult: success, version: HTTP/1.1, content: EmptyByteBufBE)
GET /session/2df6b9008536ade095878d460b5f2228/screenshot HTTP/1.1
User-Agent: selenium/4.1.2 (java windows)
Cache-Control: no-cache
Content-Type: application/json; charset=utf-8
host: localhost:50410
accept: */*

Response DefaultHttpResponse(decodeResult: success, version: HTTP/1.1)
HTTP/1.1 200 OK
Content-Type: application/json; charset=utf-8
cache-control: no-cache
content-length: 88988

16:23:45.865 [AsyncHttpClient-1-8] DEBUG org.asynchttpclient.netty.channel.ChannelManager - Adding key: http://localhost:50410 for channel [id: 0x48ebf0ba, L:/127.0.0.1:10473 - R:localhost/127.0.0.1:50410]
16:23:45.869 [main] DEBUG net.serenitybdd.core.photography.Darkroom - Send negative for processing for target\site\serenity\1a03194ff20548be8062a8c2318a19332984e27a1e20e22f71b0043efdacd063.png
16:23:45.870 [Darkroom Processing Line] DEBUG net.serenitybdd.core.photography.DarkroomProcessingLine - Processing screenshot image in /var/screenshots/screenshot-363025101067297621
16:23:45.870 [Darkroom Processing Line] DEBUG net.serenitybdd.core.photography.DarkroomProcessingLine - Saving screenshot to target\site\serenity\1a03194ff20548be8062a8c2318a19332984e27a1e20e22f71b0043efdacd063.png
16:23:45.882 [Forwarding findElement on session 2df6b9008536ade095878d460b5f2228 to remote] DEBUG org.asynchttpclient.netty.request.NettyRequestSender - Using pooled Channel '[id: 0x48ebf0ba, L:/127.0.0.1:10473 - R:localhost/127.0.0.1:50410]' for 'POST' to 'http://localhost:50410/session/2df6b9008536ade095878d460b5f2228/element'
16:23:45.882 [Forwarding findElement on session 2df6b9008536ade095878d460b5f2228 to remote] DEBUG org.asynchttpclient.netty.request.NettyRequestSender - Using open Channel [id: 0x48ebf0ba, L:/127.0.0.1:10473 - R:localhost/127.0.0.1:50410] for POST '/session/2df6b9008536ade095878d460b5f2228/element'
16:23:46.144 [AsyncHttpClient-1-8] DEBUG org.asynchttpclient.netty.handler.HttpHandler - 

Request DefaultHttpRequest(decodeResult: success, version: HTTP/1.1)
POST /session/2df6b9008536ade095878d460b5f2228/element HTTP/1.1
User-Agent: selenium/4.1.2 (java windows)
Content-Length: 65
Content-Type: application/json; charset=utf-8
host: localhost:50410
accept: */*

Response DefaultHttpResponse(decodeResult: success, version: HTTP/1.1)
HTTP/1.1 200 OK
Content-Type: application/json; charset=utf-8
cache-control: no-cache
content-length: 88

16:23:46.145 [AsyncHttpClient-1-8] DEBUG org.asynchttpclient.netty.channel.ChannelManager - Adding key: http://localhost:50410 for channel [id: 0x48ebf0ba, L:/127.0.0.1:10473 - R:localhost/127.0.0.1:50410]
16:23:46.149 [Forwarding isElementDisplayed on session 2df6b9008536ade095878d460b5f2228 to remote] DEBUG org.asynchttpclient.netty.request.NettyRequestSender - Using pooled Channel '[id: 0x48ebf0ba, L:/127.0.0.1:10473 - R:localhost/127.0.0.1:50410]' for 'POST' to 'http://localhost:50410/session/2df6b9008536ade095878d460b5f2228/execute/sync'
16:23:46.150 [Forwarding isElementDisplayed on session 2df6b9008536ade095878d460b5f2228 to remote] DEBUG org.asynchttpclient.netty.request.NettyRequestSender - Using open Channel [id: 0x48ebf0ba, L:/127.0.0.1:10473 - R:localhost/127.0.0.1:50410] for POST '/session/2df6b9008536ade095878d460b5f2228/execute/sync'
16:23:46.184 [AsyncHttpClient-1-8] DEBUG org.asynchttpclient.netty.handler.HttpHandler - 

Request DefaultHttpRequest(decodeResult: success, version: HTTP/1.1)
POST /session/2df6b9008536ade095878d460b5f2228/execute/sync HTTP/1.1
User-Agent: selenium/4.1.2 (java windows)
Content-Length: 48780
Content-Type: application/json; charset=utf-8
host: localhost:50410
accept: */*

Response DefaultHttpResponse(decodeResult: success, version: HTTP/1.1)
HTTP/1.1 200 OK
Content-Type: application/json; charset=utf-8
cache-control: no-cache
content-length: 14

16:23:46.185 [AsyncHttpClient-1-8] DEBUG org.asynchttpclient.netty.channel.ChannelManager - Adding key: http://localhost:50410 for channel [id: 0x48ebf0ba, L:/127.0.0.1:10473 - R:localhost/127.0.0.1:50410]
  &amp#27;[32mThen &amp#27;[0m&amp#27;[32mI will get error message&amp#27;[0m                            &amp#27;[90m# starter.stepdefinitions.LoginStep.iWillGetErrorMessage()&amp#27;[0m
16:23:46.193 [Forwarding screenshot on session 2df6b9008536ade095878d460b5f2228 to remote] DEBUG org.asynchttpclient.netty.request.NettyRequestSender - Using pooled Channel '[id: 0x48ebf0ba, L:/127.0.0.1:10473 - R:localhost/127.0.0.1:50410]' for 'GET' to 'http://localhost:50410/session/2df6b9008536ade095878d460b5f2228/screenshot'
16:23:46.193 [Forwarding screenshot on session 2df6b9008536ade095878d460b5f2228 to remote] DEBUG org.asynchttpclient.netty.request.NettyRequestSender - Using open Channel [id: 0x48ebf0ba, L:/127.0.0.1:10473 - R:localhost/127.0.0.1:50410] for GET '/session/2df6b9008536ade095878d460b5f2228/screenshot'
16:23:46.363 [AsyncHttpClient-1-8] DEBUG org.asynchttpclient.netty.handler.HttpHandler - 

Request DefaultFullHttpRequest(decodeResult: success, version: HTTP/1.1, content: EmptyByteBufBE)
GET /session/2df6b9008536ade095878d460b5f2228/screenshot HTTP/1.1
User-Agent: selenium/4.1.2 (java windows)
Cache-Control: no-cache
Content-Type: application/json; charset=utf-8
host: localhost:50410
accept: */*

Response DefaultHttpResponse(decodeResult: success, version: HTTP/1.1)
HTTP/1.1 200 OK
Content-Type: application/json; charset=utf-8
cache-control: no-cache
content-length: 122508

16:23:46.367 [AsyncHttpClient-1-8] DEBUG org.asynchttpclient.netty.channel.ChannelManager - Adding key: http://localhost:50410 for channel [id: 0x48ebf0ba, L:/127.0.0.1:10473 - R:localhost/127.0.0.1:50410]
16:23:46.372 [main] DEBUG net.serenitybdd.core.photography.Darkroom - Send negative for processing for target\site\serenity\4cf509930483ff62081221d635f24fd501c804a610308cccbf0f649fbb793d8f.png
16:23:46.373 [Darkroom Processing Line] DEBUG net.serenitybdd.core.photography.DarkroomProcessingLine - Processing screenshot image in /var/screenshots/screenshot-12347845748493041878
16:23:46.373 [Darkroom Processing Line] DEBUG net.serenitybdd.core.photography.DarkroomProcessingLine - Saving screenshot to target\site\serenity\4cf509930483ff62081221d635f24fd501c804a610308cccbf0f649fbb793d8f.png
16:23:46.374 [main] INFO  - 
  _____   ___   ___   _____     ___     _     ___   ___   ___   ___  
 |_   _| | __| / __| |_   _|   | _ \   /_\   / __| / __| | __| |   \ 
   | |   | _|  \__ \   | |     |  _/  / _ \  \__ \ \__ \ | _|  | |) |
   |_|   |___| |___/   |_|     |_|   /_/ \_\ |___/ |___/ |___| |___/ 

Login with invalid username and invalid password
----------------------------------------------------------------------
16:23:46.375 [AsyncHttpClient-1-2] DEBUG org.asynchttpclient.netty.handler.WebSocketHandler - Channel Closed: [id: 0xb04185aa, L:/127.0.0.1:10484 ! R:localhost/127.0.0.1:10476] with attribute NettyResponseFuture{currentRetry=5,
	isDone=1,
	isCancelled=0,
	asyncHandler=org.asynchttpclient.ws.WebSocketUpgradeHandler@6087438c,
	nettyRequest=org.asynchttpclient.netty.request.NettyRequest@509d463,
	future=java.util.concurrent.CompletableFuture@729b90c4[Completed normally],
	uri=ws://localhost:10476/devtools/browser/b6447e1e-0f42-4e80-91c4-d69f6ab516d4,
	keepAlive=true,
	redirectCount=0,
	timeoutsHolder=null,
	inAuth=0,
	touch=1664875407901}
16:23:46.375 [AsyncHttpClient-1-2] DEBUG org.asynchttpclient.netty.channel.ChannelManager - Closing Channel [id: 0xb04185aa, L:/127.0.0.1:10484 ! R:localhost/127.0.0.1:10476] 
16:23:46.377 [Driver Command Executor] DEBUG org.asynchttpclient.netty.request.NettyRequestSender - Using pooled Channel '[id: 0x48ebf0ba, L:/127.0.0.1:10473 - R:localhost/127.0.0.1:50410]' for 'DELETE' to 'http://localhost:50410/session/2df6b9008536ade095878d460b5f2228'
16:23:46.377 [Driver Command Executor] DEBUG org.asynchttpclient.netty.request.NettyRequestSender - Using open Channel [id: 0x48ebf0ba, L:/127.0.0.1:10473 - R:localhost/127.0.0.1:50410] for DELETE '/session/2df6b9008536ade095878d460b5f2228'
16:23:46.562 [AsyncHttpClient-1-1] DEBUG org.asynchttpclient.netty.channel.DefaultChannelPool - Entry count for : http://localhost:10476 : 1
16:23:46.613 [AsyncHttpClient-1-9] DEBUG org.asynchttpclient.netty.handler.HttpHandler - Unexpected I/O exception on channel [id: 0x5904d6ff, L:/127.0.0.1:10483 - R:localhost/127.0.0.1:10476]
java.io.IOException: An existing connection was forcibly closed by the remote host
	at java.base/sun.nio.ch.SocketDispatcher.read0(Native Method)
	at java.base/sun.nio.ch.SocketDispatcher.read(SocketDispatcher.java:43)
	at java.base/sun.nio.ch.IOUtil.readIntoNativeBuffer(IOUtil.java:276)
	at java.base/sun.nio.ch.IOUtil.read(IOUtil.java:233)
	at java.base/sun.nio.ch.IOUtil.read(IOUtil.java:223)
	at java.base/sun.nio.ch.SocketChannelImpl.read(SocketChannelImpl.java:358)
	at io.netty.buffer.PooledByteBuf.setBytes(PooledByteBuf.java:258)
	at io.netty.buffer.AbstractByteBuf.writeBytes(AbstractByteBuf.java:1132)
	at io.netty.channel.socket.nio.NioSocketChannel.doReadBytes(NioSocketChannel.java:350)
	at io.netty.channel.nio.AbstractNioByteChannel$NioByteUnsafe.read(AbstractNioByteChannel.java:151)
	at io.netty.channel.nio.NioEventLoop.processSelectedKey(NioEventLoop.java:722)
	at io.netty.channel.nio.NioEventLoop.processSelectedKeysOptimized(NioEventLoop.java:658)
	at io.netty.channel.nio.NioEventLoop.processSelectedKeys(NioEventLoop.java:584)
	at io.netty.channel.nio.NioEventLoop.run(NioEventLoop.java:496)
	at io.netty.util.concurrent.SingleThreadEventExecutor$4.run(SingleThreadEventExecutor.java:986)
	at io.netty.util.internal.ThreadExecutorMap$2.run(ThreadExecutorMap.java:74)
	at io.netty.util.concurrent.FastThreadLocalRunnable.run(FastThreadLocalRunnable.java:30)
	at java.base/java.lang.Thread.run(Thread.java:834)
16:23:46.613 [AsyncHttpClient-1-9] DEBUG org.asynchttpclient.netty.channel.ChannelManager - Closing Channel [id: 0x5904d6ff, L:/127.0.0.1:10483 - R:localhost/127.0.0.1:10476] 
16:23:46.613 [AsyncHttpClient-1-9] DEBUG org.asynchttpclient.netty.handler.HttpHandler - Channel Closed: [id: 0x5904d6ff, L:/127.0.0.1:10483 ! R:localhost/127.0.0.1:10476] with attribute DISCARD
16:23:46.644 [AsyncHttpClient-1-8] DEBUG org.asynchttpclient.netty.handler.HttpHandler - 

Request DefaultFullHttpRequest(decodeResult: success, version: HTTP/1.1, content: EmptyByteBufBE)
DELETE /session/2df6b9008536ade095878d460b5f2228 HTTP/1.1
User-Agent: selenium/4.1.2 (java windows)
Content-Type: application/json; charset=utf-8
host: localhost:50410
accept: */*

Response DefaultHttpResponse(decodeResult: success, version: HTTP/1.1)
HTTP/1.1 200 OK
Content-Type: application/json; charset=utf-8
cache-control: no-cache
content-length: 14

16:23:46.644 [AsyncHttpClient-1-8] DEBUG org.asynchttpclient.netty.channel.ChannelManager - Adding key: http://localhost:50410 for channel [id: 0x48ebf0ba, L:/127.0.0.1:10473 - R:localhost/127.0.0.1:50410]
16:23:46.765 [AsyncHttpClient-1-8] DEBUG org.asynchttpclient.netty.handler.HttpHandler - Channel Closed: [id: 0x48ebf0ba, L:/127.0.0.1:10473 ! R:localhost/127.0.0.1:50410] with attribute DISCARD
]]></system-out>
    <system-err><![CDATA[Starting Microsoft Edge WebDriver 105.0.1343.53 (3a47f00402d579c8ba1fad7e143f9d73831b6765) on port 50410
To submit feedback, report a bug, or suggest new features, please visit https://github.com/MicrosoftEdge/EdgeWebDriver

Only local connections are allowed.
Please see https://aka.ms/WebDriverSecurity for suggestions on keeping Microsoft Edge WebDriver safe.

Microsoft Edge WebDriver was started successfully.
Oct 04, 2022 4:23:27 PM org.openqa.selenium.remote.ProtocolHandshake createSession
INFO: Detected dialect: W3C
Oct 04, 2022 4:23:27 PM org.openqa.selenium.devtools.CdpVersionFinder findNearestMatch
WARNING: Unable to find an exact match for CDP version 105, so returning the closest version found: a no-op implementation
Oct 04, 2022 4:23:27 PM org.openqa.selenium.devtools.CdpVersionFinder findNearestMatch
INFO: Unable to find CDP implementation matching 105.
Oct 04, 2022 4:23:27 PM org.openqa.selenium.chromium.ChromiumDriver lambda$new$3
WARNING: Unable to find version of CDP to use for . You may need to include a dependency on a specific version of the CDP using something similar to `org.seleniumhq.selenium:selenium-devtools-v86:4.1.2` where the version ("v86") matches the version of the chromium-based browser you're using and the version number of the artifact is the same as Selenium's.
]]></system-err>
  </testcase>
  <testcase name="Login with invalid username and valid password" classname="Login" time="17.188">
    <system-out><![CDATA[
Scenario: Login with invalid username and valid password &amp#27;[90m# src/test/resources/features/Login.feature:27&amp#27;[0m
16:23:46.863 [main] INFO io.cucumber.core.plugin.SerenityReporter - Running feature from file:///D:/File%20Baru/Kuliah/Quality%20Engineer/qe_Bayu-Septyan-Nur-Hidayat/21_Review_Web_UI_Testing_with_Serenity/Praktikum/untitled/src/test/resources/features/Login.feature
16:23:46.866 [main] INFO  - 
  _____   ___   ___   _____     ___   _____     _     ___   _____   ___   ___  
 |_   _| | __| / __| |_   _|   / __| |_   _|   /_\   | _ \ |_   _| | __| |   \ 
   | |   | _|  \__ \   | |     \__ \   | |    / _ \  |   /   | |   | _|  | |) |
   |_|   |___| |___/   |_|     |___/   |_|   /_/ \_\ |_|_\   |_|   |___| |___/ 

Login with invalid username and valid password(login;login-with-invalid-username-and-valid-password)
--------------------------------------------------------------------------------
16:23:47.126 [main] DEBUG io.github.bonigarcia.wdm.cache.ResolutionCache - Resolution edge=105 in cache (valid until 17:19:21 04/10/2022 ICT)
16:23:47.133 [main] DEBUG io.github.bonigarcia.wdm.cache.ResolutionCache - Resolution edge105=105.0.1343.53 in cache (valid until 22:15:59 04/10/2022 ICT)
16:23:47.136 [main] INFO io.github.bonigarcia.wdm.WebDriverManager - Using msedgedriver 105.0.1343.53 (resolved driver for Edge 105)
16:23:47.150 [main] DEBUG io.github.bonigarcia.wdm.WebDriverManager - Driver msedgedriver 105.0.1343.53 found in cache
16:23:47.151 [main] INFO io.github.bonigarcia.wdm.WebDriverManager - Exporting webdriver.edge.driver as C:\Users\Bayu\.cache\selenium\msedgedriver\win64\105.0.1343.53\msedgedriver.exe
16:23:47.157 [main] DEBUG net.serenitybdd.core.webdriver.driverproviders.ProvideNewDriver - Instantiating driver
16:23:47.157 [main] DEBUG net.serenitybdd.core.webdriver.driverproviders.ProvideNewDriver - Driver capabilities: Capabilities {base.url: https://demoqa.com, driver: edge, edge.driver: src/test/resources/webdrive..., ms:edgeChromium: true, ms:edgeOptions: {}}
16:23:47.401 [AsyncHttpClient-1-3] DEBUG org.asynchttpclient.netty.channel.NettyConnectListener - Using new Channel '[id: 0xe7504652, L:/127.0.0.1:10595 - R:localhost/127.0.0.1:62329]' for 'POST' to '/session'
16:23:47.671 [AsyncHttpClient-1-1] DEBUG org.asynchttpclient.netty.channel.DefaultChannelPool - Entry count for : http://localhost:10476 : 1
16:23:47.671 [AsyncHttpClient-1-1] DEBUG org.asynchttpclient.netty.channel.DefaultChannelPool - Entry count for : http://localhost:50410 : 1
16:23:47.671 [AsyncHttpClient-1-1] DEBUG org.asynchttpclient.netty.channel.DefaultChannelPool - Adding Candidate expired Channel [id: 0x5904d6ff, L:/127.0.0.1:10483 ! R:localhost/127.0.0.1:10476] isIdleTimeoutExpired=false isRemotelyClosed=true isTtlExpired=false
16:23:47.671 [AsyncHttpClient-1-1] DEBUG org.asynchttpclient.netty.channel.DefaultChannelPool - Closing Idle Channel [id: 0x5904d6ff, L:/127.0.0.1:10483 ! R:localhost/127.0.0.1:10476]
16:23:47.671 [AsyncHttpClient-1-1] DEBUG org.asynchttpclient.netty.channel.DefaultChannelPool - Adding Candidate expired Channel [id: 0x48ebf0ba, L:/127.0.0.1:10473 ! R:localhost/127.0.0.1:50410] isIdleTimeoutExpired=false isRemotelyClosed=true isTtlExpired=false
16:23:47.671 [AsyncHttpClient-1-1] DEBUG org.asynchttpclient.netty.channel.DefaultChannelPool - Closing Idle Channel [id: 0x48ebf0ba, L:/127.0.0.1:10473 ! R:localhost/127.0.0.1:50410]
16:23:47.671 [AsyncHttpClient-1-1] DEBUG org.asynchttpclient.netty.channel.DefaultChannelPool - Closed 2 connections out of 2 in 0 ms
16:23:48.815 [AsyncHttpClient-1-3] DEBUG org.asynchttpclient.netty.handler.HttpHandler - 

Request DefaultHttpRequest(decodeResult: success, version: HTTP/1.1)
POST /session HTTP/1.1
User-Agent: selenium/4.1.2 (java windows)
Content-Length: 591
Content-Type: application/json; charset=utf-8
host: localhost:62329
accept: */*

Response DefaultHttpResponse(decodeResult: success, version: HTTP/1.1)
HTTP/1.1 200 OK
Content-Type: application/json; charset=utf-8
cache-control: no-cache
content-length: 754

16:23:48.815 [AsyncHttpClient-1-3] DEBUG org.asynchttpclient.netty.channel.ChannelManager - Adding key: http://localhost:62329 for channel [id: 0xe7504652, L:/127.0.0.1:10595 - R:localhost/127.0.0.1:62329]
16:23:48.834 [AsyncHttpClient-1-4] DEBUG org.asynchttpclient.netty.channel.NettyConnectListener - Using new Channel '[id: 0xbd0ffaac, L:/127.0.0.1:10614 - R:localhost/127.0.0.1:10596]' for 'GET' to '/json/version'
16:23:48.835 [AsyncHttpClient-1-4] DEBUG org.asynchttpclient.netty.handler.HttpHandler - 

Request DefaultFullHttpRequest(decodeResult: success, version: HTTP/1.1, content: EmptyByteBufBE)
GET /json/version HTTP/1.1
User-Agent: selenium/4.1.2 (java windows)
host: localhost:10596
accept: */*

Response DefaultHttpResponse(decodeResult: success, version: HTTP/1.1)
HTTP/1.1 200 OK
Content-Type: application/json; charset=UTF-8
content-length: 436

16:23:48.835 [AsyncHttpClient-1-4] DEBUG org.asynchttpclient.netty.channel.ChannelManager - Adding key: http://localhost:10596 for channel [id: 0xbd0ffaac, L:/127.0.0.1:10614 - R:localhost/127.0.0.1:10596]
16:23:48.840 [AsyncHttpClient-1-5] DEBUG org.asynchttpclient.netty.channel.NettyConnectListener - Using new Channel '[id: 0x4ae4ba83, L:/127.0.0.1:10615 - R:localhost/127.0.0.1:10596]' for 'GET' to '/devtools/browser/fda8d862-ef45-4171-a8b6-41a6a85afe7e'
16:23:48.842 [AsyncHttpClient-1-5] DEBUG org.asynchttpclient.netty.handler.WebSocketHandler - 

Request DefaultFullHttpRequest(decodeResult: success, version: HTTP/1.1, content: EmptyByteBufBE)
GET /devtools/browser/fda8d862-ef45-4171-a8b6-41a6a85afe7e HTTP/1.1
upgrade: websocket
connection: upgrade
sec-websocket-key: Kl2AKyNJpg3z96nw96XbhA==
sec-websocket-version: 13
origin: http://localhost:10596
host: localhost:10596
accept: */*
user-agent: AHC/2.1

Response DefaultHttpResponse(decodeResult: success, version: HTTP/1.1)
HTTP/1.1 101 WebSocket Protocol Handshake
Upgrade: WebSocket
Connection: Upgrade
Sec-WebSocket-Accept: eX4C1qjIuFsBhMOQbgwLyGDMnRk=

16:23:48.850 [Forwarding get on session db78499201f499c0257b38cc89b611e7 to remote] DEBUG org.asynchttpclient.netty.request.NettyRequestSender - Using pooled Channel '[id: 0xe7504652, L:/127.0.0.1:10595 - R:localhost/127.0.0.1:62329]' for 'POST' to 'http://localhost:62329/session/db78499201f499c0257b38cc89b611e7/url'
16:23:48.850 [Forwarding get on session db78499201f499c0257b38cc89b611e7 to remote] DEBUG org.asynchttpclient.netty.request.NettyRequestSender - Using open Channel [id: 0xe7504652, L:/127.0.0.1:10595 - R:localhost/127.0.0.1:62329] for POST '/session/db78499201f499c0257b38cc89b611e7/url'
16:23:49.865 [AsyncHttpClient-1-1] DEBUG org.asynchttpclient.netty.channel.DefaultChannelPool - Entry count for : http://localhost:10596 : 1
16:23:50.964 [AsyncHttpClient-1-1] DEBUG org.asynchttpclient.netty.channel.DefaultChannelPool - Entry count for : http://localhost:10596 : 1
16:23:52.063 [AsyncHttpClient-1-1] DEBUG org.asynchttpclient.netty.channel.DefaultChannelPool - Entry count for : http://localhost:10596 : 1
16:23:53.161 [AsyncHttpClient-1-1] DEBUG org.asynchttpclient.netty.channel.DefaultChannelPool - Entry count for : http://localhost:10596 : 1
16:23:54.270 [AsyncHttpClient-1-1] DEBUG org.asynchttpclient.netty.channel.DefaultChannelPool - Entry count for : http://localhost:10596 : 1
16:23:55.365 [AsyncHttpClient-1-1] DEBUG org.asynchttpclient.netty.channel.DefaultChannelPool - Entry count for : http://localhost:10596 : 1
16:23:56.462 [AsyncHttpClient-1-1] DEBUG org.asynchttpclient.netty.channel.DefaultChannelPool - Entry count for : http://localhost:10596 : 1
16:23:57.562 [AsyncHttpClient-1-1] DEBUG org.asynchttpclient.netty.channel.DefaultChannelPool - Entry count for : http://localhost:10596 : 1
16:23:58.661 [AsyncHttpClient-1-1] DEBUG org.asynchttpclient.netty.channel.DefaultChannelPool - Entry count for : http://localhost:10596 : 1
16:23:59.762 [AsyncHttpClient-1-1] DEBUG org.asynchttpclient.netty.channel.DefaultChannelPool - Entry count for : http://localhost:10596 : 1
16:24:00.868 [AsyncHttpClient-1-1] DEBUG org.asynchttpclient.netty.channel.DefaultChannelPool - Entry count for : http://localhost:10596 : 1
16:24:00.908 [AsyncHttpClient-1-3] DEBUG org.asynchttpclient.netty.handler.HttpHandler - 

Request DefaultHttpRequest(decodeResult: success, version: HTTP/1.1)
POST /session/db78499201f499c0257b38cc89b611e7/url HTTP/1.1
User-Agent: selenium/4.1.2 (java windows)
Content-Length: 54
Content-Type: application/json; charset=utf-8
host: localhost:62329
accept: */*

Response DefaultHttpResponse(decodeResult: success, version: HTTP/1.1)
HTTP/1.1 200 OK
Content-Type: application/json; charset=utf-8
cache-control: no-cache
content-length: 14

16:24:00.908 [AsyncHttpClient-1-3] DEBUG org.asynchttpclient.netty.channel.ChannelManager - Adding key: http://localhost:62329 for channel [id: 0xe7504652, L:/127.0.0.1:10595 - R:localhost/127.0.0.1:62329]
16:24:00.912 [Forwarding setTimeout on session db78499201f499c0257b38cc89b611e7 to remote] DEBUG org.asynchttpclient.netty.request.NettyRequestSender - Using pooled Channel '[id: 0xe7504652, L:/127.0.0.1:10595 - R:localhost/127.0.0.1:62329]' for 'POST' to 'http://localhost:62329/session/db78499201f499c0257b38cc89b611e7/timeouts'
16:24:00.912 [Forwarding setTimeout on session db78499201f499c0257b38cc89b611e7 to remote] DEBUG org.asynchttpclient.netty.request.NettyRequestSender - Using open Channel [id: 0xe7504652, L:/127.0.0.1:10595 - R:localhost/127.0.0.1:62329] for POST '/session/db78499201f499c0257b38cc89b611e7/timeouts'
16:24:00.914 [AsyncHttpClient-1-3] DEBUG org.asynchttpclient.netty.handler.HttpHandler - 

Request DefaultHttpRequest(decodeResult: success, version: HTTP/1.1)
POST /session/db78499201f499c0257b38cc89b611e7/timeouts HTTP/1.1
User-Agent: selenium/4.1.2 (java windows)
Content-Length: 22
Content-Type: application/json; charset=utf-8
host: localhost:62329
accept: */*

Response DefaultHttpResponse(decodeResult: success, version: HTTP/1.1)
HTTP/1.1 200 OK
Content-Type: application/json; charset=utf-8
cache-control: no-cache
content-length: 14

16:24:00.915 [AsyncHttpClient-1-3] DEBUG org.asynchttpclient.netty.channel.ChannelManager - Adding key: http://localhost:62329 for channel [id: 0xe7504652, L:/127.0.0.1:10595 - R:localhost/127.0.0.1:62329]
16:24:00.920 [Forwarding getCurrentUrl on session db78499201f499c0257b38cc89b611e7 to remote] DEBUG org.asynchttpclient.netty.request.NettyRequestSender - Using pooled Channel '[id: 0xe7504652, L:/127.0.0.1:10595 - R:localhost/127.0.0.1:62329]' for 'GET' to 'http://localhost:62329/session/db78499201f499c0257b38cc89b611e7/url'
16:24:00.921 [Forwarding getCurrentUrl on session db78499201f499c0257b38cc89b611e7 to remote] DEBUG org.asynchttpclient.netty.request.NettyRequestSender - Using open Channel [id: 0xe7504652, L:/127.0.0.1:10595 - R:localhost/127.0.0.1:62329] for GET '/session/db78499201f499c0257b38cc89b611e7/url'
16:24:00.928 [AsyncHttpClient-1-3] DEBUG org.asynchttpclient.netty.handler.HttpHandler - 

Request DefaultFullHttpRequest(decodeResult: success, version: HTTP/1.1, content: EmptyByteBufBE)
GET /session/db78499201f499c0257b38cc89b611e7/url HTTP/1.1
User-Agent: selenium/4.1.2 (java windows)
Cache-Control: no-cache
Content-Type: application/json; charset=utf-8
host: localhost:62329
accept: */*

Response DefaultHttpResponse(decodeResult: success, version: HTTP/1.1)
HTTP/1.1 200 OK
Content-Type: application/json; charset=utf-8
cache-control: no-cache
content-length: 36

16:24:00.929 [AsyncHttpClient-1-3] DEBUG org.asynchttpclient.netty.channel.ChannelManager - Adding key: http://localhost:62329 for channel [id: 0xe7504652, L:/127.0.0.1:10595 - R:localhost/127.0.0.1:62329]
  &amp#27;[32mGiven &amp#27;[0m&amp#27;[32mI am on the login page&amp#27;[0m                           &amp#27;[90m# starter.stepdefinitions.LoginStep.iAmOnTheLoginPage()&amp#27;[0m
16:24:00.939 [Forwarding screenshot on session db78499201f499c0257b38cc89b611e7 to remote] DEBUG org.asynchttpclient.netty.request.NettyRequestSender - Using pooled Channel '[id: 0xe7504652, L:/127.0.0.1:10595 - R:localhost/127.0.0.1:62329]' for 'GET' to 'http://localhost:62329/session/db78499201f499c0257b38cc89b611e7/screenshot'
16:24:00.939 [Forwarding screenshot on session db78499201f499c0257b38cc89b611e7 to remote] DEBUG org.asynchttpclient.netty.request.NettyRequestSender - Using open Channel [id: 0xe7504652, L:/127.0.0.1:10595 - R:localhost/127.0.0.1:62329] for GET '/session/db78499201f499c0257b38cc89b611e7/screenshot'
16:24:01.160 [AsyncHttpClient-1-3] DEBUG org.asynchttpclient.netty.handler.HttpHandler - 

Request DefaultFullHttpRequest(decodeResult: success, version: HTTP/1.1, content: EmptyByteBufBE)
GET /session/db78499201f499c0257b38cc89b611e7/screenshot HTTP/1.1
User-Agent: selenium/4.1.2 (java windows)
Cache-Control: no-cache
Content-Type: application/json; charset=utf-8
host: localhost:62329
accept: */*

Response DefaultHttpResponse(decodeResult: success, version: HTTP/1.1)
HTTP/1.1 200 OK
Content-Type: application/json; charset=utf-8
cache-control: no-cache
content-length: 217056

16:24:01.162 [AsyncHttpClient-1-3] DEBUG org.asynchttpclient.netty.channel.ChannelManager - Adding key: http://localhost:62329 for channel [id: 0xe7504652, L:/127.0.0.1:10595 - R:localhost/127.0.0.1:62329]
16:24:01.170 [main] DEBUG net.serenitybdd.core.photography.Darkroom - Send negative for processing for target\site\serenity\650a9cf4725e45da587ebc242141e56085402eca8458ca03f1206f492b6fdd42.png
16:24:01.172 [Darkroom Processing Line] DEBUG net.serenitybdd.core.photography.DarkroomProcessingLine - Processing screenshot image in /var/screenshots/screenshot-12135392000578540743
16:24:01.172 [Darkroom Processing Line] DEBUG net.serenitybdd.core.photography.DarkroomProcessingLine - Saving screenshot to target\site\serenity\650a9cf4725e45da587ebc242141e56085402eca8458ca03f1206f492b6fdd42.png
16:24:01.184 [Forwarding findElement on session db78499201f499c0257b38cc89b611e7 to remote] DEBUG org.asynchttpclient.netty.request.NettyRequestSender - Using pooled Channel '[id: 0xe7504652, L:/127.0.0.1:10595 - R:localhost/127.0.0.1:62329]' for 'POST' to 'http://localhost:62329/session/db78499201f499c0257b38cc89b611e7/element'
16:24:01.184 [Forwarding findElement on session db78499201f499c0257b38cc89b611e7 to remote] DEBUG org.asynchttpclient.netty.request.NettyRequestSender - Using open Channel [id: 0xe7504652, L:/127.0.0.1:10595 - R:localhost/127.0.0.1:62329] for POST '/session/db78499201f499c0257b38cc89b611e7/element'
16:24:01.208 [AsyncHttpClient-1-3] DEBUG org.asynchttpclient.netty.handler.HttpHandler - 

Request DefaultHttpRequest(decodeResult: success, version: HTTP/1.1)
POST /session/db78499201f499c0257b38cc89b611e7/element HTTP/1.1
User-Agent: selenium/4.1.2 (java windows)
Content-Length: 53
Content-Type: application/json; charset=utf-8
host: localhost:62329
accept: */*

Response DefaultHttpResponse(decodeResult: success, version: HTTP/1.1)
HTTP/1.1 200 OK
Content-Type: application/json; charset=utf-8
cache-control: no-cache
content-length: 88

16:24:01.208 [AsyncHttpClient-1-3] DEBUG org.asynchttpclient.netty.channel.ChannelManager - Adding key: http://localhost:62329 for channel [id: 0xe7504652, L:/127.0.0.1:10595 - R:localhost/127.0.0.1:62329]
16:24:01.214 [Forwarding clearElement on session db78499201f499c0257b38cc89b611e7 to remote] DEBUG org.asynchttpclient.netty.request.NettyRequestSender - Using pooled Channel '[id: 0xe7504652, L:/127.0.0.1:10595 - R:localhost/127.0.0.1:62329]' for 'POST' to 'http://localhost:62329/session/db78499201f499c0257b38cc89b611e7/element/456b4d05-c098-48e8-9c9a-41b19efddf35/clear'
16:24:01.214 [Forwarding clearElement on session db78499201f499c0257b38cc89b611e7 to remote] DEBUG org.asynchttpclient.netty.request.NettyRequestSender - Using open Channel [id: 0xe7504652, L:/127.0.0.1:10595 - R:localhost/127.0.0.1:62329] for POST '/session/db78499201f499c0257b38cc89b611e7/element/456b4d05-c098-48e8-9c9a-41b19efddf35/clear'
16:24:01.461 [AsyncHttpClient-1-3] DEBUG org.asynchttpclient.netty.handler.HttpHandler - 

Request DefaultHttpRequest(decodeResult: success, version: HTTP/1.1)
POST /session/db78499201f499c0257b38cc89b611e7/element/456b4d05-c098-48e8-9c9a-41b19efddf35/clear HTTP/1.1
User-Agent: selenium/4.1.2 (java windows)
Content-Length: 50
Content-Type: application/json; charset=utf-8
host: localhost:62329
accept: */*

Response DefaultHttpResponse(decodeResult: success, version: HTTP/1.1)
HTTP/1.1 200 OK
Content-Type: application/json; charset=utf-8
cache-control: no-cache
content-length: 14

16:24:01.461 [AsyncHttpClient-1-3] DEBUG org.asynchttpclient.netty.channel.ChannelManager - Adding key: http://localhost:62329 for channel [id: 0xe7504652, L:/127.0.0.1:10595 - R:localhost/127.0.0.1:62329]
16:24:01.464 [Forwarding sendKeysToElement on session db78499201f499c0257b38cc89b611e7 to remote] DEBUG org.asynchttpclient.netty.request.NettyRequestSender - Using pooled Channel '[id: 0xe7504652, L:/127.0.0.1:10595 - R:localhost/127.0.0.1:62329]' for 'POST' to 'http://localhost:62329/session/db78499201f499c0257b38cc89b611e7/element/456b4d05-c098-48e8-9c9a-41b19efddf35/value'
16:24:01.464 [Forwarding sendKeysToElement on session db78499201f499c0257b38cc89b611e7 to remote] DEBUG org.asynchttpclient.netty.request.NettyRequestSender - Using open Channel [id: 0xe7504652, L:/127.0.0.1:10595 - R:localhost/127.0.0.1:62329] for POST '/session/db78499201f499c0257b38cc89b611e7/element/456b4d05-c098-48e8-9c9a-41b19efddf35/value'
16:24:01.630 [AsyncHttpClient-1-3] DEBUG org.asynchttpclient.netty.handler.HttpHandler - 

Request DefaultHttpRequest(decodeResult: success, version: HTTP/1.1)
POST /session/db78499201f499c0257b38cc89b611e7/element/456b4d05-c098-48e8-9c9a-41b19efddf35/value HTTP/1.1
User-Agent: selenium/4.1.2 (java windows)
Content-Length: 161
Content-Type: application/json; charset=utf-8
host: localhost:62329
accept: */*

Response DefaultHttpResponse(decodeResult: success, version: HTTP/1.1)
HTTP/1.1 200 OK
Content-Type: application/json; charset=utf-8
cache-control: no-cache
content-length: 14

16:24:01.631 [AsyncHttpClient-1-3] DEBUG org.asynchttpclient.netty.channel.ChannelManager - Adding key: http://localhost:62329 for channel [id: 0xe7504652, L:/127.0.0.1:10595 - R:localhost/127.0.0.1:62329]
  &amp#27;[32mWhen &amp#27;[0m&amp#27;[32mI input invalid userName&amp#27;[0m                          &amp#27;[90m# starter.stepdefinitions.LoginStep.iInputInvalidUsername()&amp#27;[0m
16:24:01.649 [Forwarding screenshot on session db78499201f499c0257b38cc89b611e7 to remote] DEBUG org.asynchttpclient.netty.request.NettyRequestSender - Using pooled Channel '[id: 0xe7504652, L:/127.0.0.1:10595 - R:localhost/127.0.0.1:62329]' for 'GET' to 'http://localhost:62329/session/db78499201f499c0257b38cc89b611e7/screenshot'
16:24:01.649 [Forwarding screenshot on session db78499201f499c0257b38cc89b611e7 to remote] DEBUG org.asynchttpclient.netty.request.NettyRequestSender - Using open Channel [id: 0xe7504652, L:/127.0.0.1:10595 - R:localhost/127.0.0.1:62329] for GET '/session/db78499201f499c0257b38cc89b611e7/screenshot'
16:24:01.863 [AsyncHttpClient-1-3] DEBUG org.asynchttpclient.netty.handler.HttpHandler - 

Request DefaultFullHttpRequest(decodeResult: success, version: HTTP/1.1, content: EmptyByteBufBE)
GET /session/db78499201f499c0257b38cc89b611e7/screenshot HTTP/1.1
User-Agent: selenium/4.1.2 (java windows)
Cache-Control: no-cache
Content-Type: application/json; charset=utf-8
host: localhost:62329
accept: */*

Response DefaultHttpResponse(decodeResult: success, version: HTTP/1.1)
HTTP/1.1 200 OK
Content-Type: application/json; charset=utf-8
cache-control: no-cache
content-length: 217392

16:24:01.864 [AsyncHttpClient-1-3] DEBUG org.asynchttpclient.netty.channel.ChannelManager - Adding key: http://localhost:62329 for channel [id: 0xe7504652, L:/127.0.0.1:10595 - R:localhost/127.0.0.1:62329]
16:24:01.870 [main] DEBUG net.serenitybdd.core.photography.Darkroom - Send negative for processing for target\site\serenity\733e19bf9539d6fa0d55a5ca64c54a626648db4bf687c80d4d178a617019de00.png
16:24:01.871 [Darkroom Processing Line] DEBUG net.serenitybdd.core.photography.DarkroomProcessingLine - Processing screenshot image in /var/screenshots/screenshot-1698495966509605160
16:24:01.871 [Darkroom Processing Line] DEBUG net.serenitybdd.core.photography.DarkroomProcessingLine - Saving screenshot to target\site\serenity\733e19bf9539d6fa0d55a5ca64c54a626648db4bf687c80d4d178a617019de00.png
16:24:01.879 [Forwarding findElement on session db78499201f499c0257b38cc89b611e7 to remote] DEBUG org.asynchttpclient.netty.request.NettyRequestSender - Using pooled Channel '[id: 0xe7504652, L:/127.0.0.1:10595 - R:localhost/127.0.0.1:62329]' for 'POST' to 'http://localhost:62329/session/db78499201f499c0257b38cc89b611e7/element'
16:24:01.879 [Forwarding findElement on session db78499201f499c0257b38cc89b611e7 to remote] DEBUG org.asynchttpclient.netty.request.NettyRequestSender - Using open Channel [id: 0xe7504652, L:/127.0.0.1:10595 - R:localhost/127.0.0.1:62329] for POST '/session/db78499201f499c0257b38cc89b611e7/element'
16:24:01.892 [AsyncHttpClient-1-3] DEBUG org.asynchttpclient.netty.handler.HttpHandler - 

Request DefaultHttpRequest(decodeResult: success, version: HTTP/1.1)
POST /session/db78499201f499c0257b38cc89b611e7/element HTTP/1.1
User-Agent: selenium/4.1.2 (java windows)
Content-Length: 53
Content-Type: application/json; charset=utf-8
host: localhost:62329
accept: */*

Response DefaultHttpResponse(decodeResult: success, version: HTTP/1.1)
HTTP/1.1 200 OK
Content-Type: application/json; charset=utf-8
cache-control: no-cache
content-length: 88

16:24:01.892 [AsyncHttpClient-1-3] DEBUG org.asynchttpclient.netty.channel.ChannelManager - Adding key: http://localhost:62329 for channel [id: 0xe7504652, L:/127.0.0.1:10595 - R:localhost/127.0.0.1:62329]
16:24:01.893 [Forwarding clearElement on session db78499201f499c0257b38cc89b611e7 to remote] DEBUG org.asynchttpclient.netty.request.NettyRequestSender - Using pooled Channel '[id: 0xe7504652, L:/127.0.0.1:10595 - R:localhost/127.0.0.1:62329]' for 'POST' to 'http://localhost:62329/session/db78499201f499c0257b38cc89b611e7/element/c8f589e4-4c00-4602-8f43-6fcc86862bdb/clear'
16:24:01.894 [Forwarding clearElement on session db78499201f499c0257b38cc89b611e7 to remote] DEBUG org.asynchttpclient.netty.request.NettyRequestSender - Using open Channel [id: 0xe7504652, L:/127.0.0.1:10595 - R:localhost/127.0.0.1:62329] for POST '/session/db78499201f499c0257b38cc89b611e7/element/c8f589e4-4c00-4602-8f43-6fcc86862bdb/clear'
16:24:01.978 [AsyncHttpClient-1-1] DEBUG org.asynchttpclient.netty.channel.DefaultChannelPool - Entry count for : http://localhost:10596 : 1
16:24:02.022 [AsyncHttpClient-1-3] DEBUG org.asynchttpclient.netty.handler.HttpHandler - 

Request DefaultHttpRequest(decodeResult: success, version: HTTP/1.1)
POST /session/db78499201f499c0257b38cc89b611e7/element/c8f589e4-4c00-4602-8f43-6fcc86862bdb/clear HTTP/1.1
User-Agent: selenium/4.1.2 (java windows)
Content-Length: 50
Content-Type: application/json; charset=utf-8
host: localhost:62329
accept: */*

Response DefaultHttpResponse(decodeResult: success, version: HTTP/1.1)
HTTP/1.1 200 OK
Content-Type: application/json; charset=utf-8
cache-control: no-cache
content-length: 14

16:24:02.023 [AsyncHttpClient-1-3] DEBUG org.asynchttpclient.netty.channel.ChannelManager - Adding key: http://localhost:62329 for channel [id: 0xe7504652, L:/127.0.0.1:10595 - R:localhost/127.0.0.1:62329]
16:24:02.026 [Forwarding sendKeysToElement on session db78499201f499c0257b38cc89b611e7 to remote] DEBUG org.asynchttpclient.netty.request.NettyRequestSender - Using pooled Channel '[id: 0xe7504652, L:/127.0.0.1:10595 - R:localhost/127.0.0.1:62329]' for 'POST' to 'http://localhost:62329/session/db78499201f499c0257b38cc89b611e7/element/c8f589e4-4c00-4602-8f43-6fcc86862bdb/value'
16:24:02.026 [Forwarding sendKeysToElement on session db78499201f499c0257b38cc89b611e7 to remote] DEBUG org.asynchttpclient.netty.request.NettyRequestSender - Using open Channel [id: 0xe7504652, L:/127.0.0.1:10595 - R:localhost/127.0.0.1:62329] for POST '/session/db78499201f499c0257b38cc89b611e7/element/c8f589e4-4c00-4602-8f43-6fcc86862bdb/value'
16:24:02.202 [AsyncHttpClient-1-3] DEBUG org.asynchttpclient.netty.handler.HttpHandler - 

Request DefaultHttpRequest(decodeResult: success, version: HTTP/1.1)
POST /session/db78499201f499c0257b38cc89b611e7/element/c8f589e4-4c00-4602-8f43-6fcc86862bdb/value HTTP/1.1
User-Agent: selenium/4.1.2 (java windows)
Content-Length: 191
Content-Type: application/json; charset=utf-8
host: localhost:62329
accept: */*

Response DefaultHttpResponse(decodeResult: success, version: HTTP/1.1)
HTTP/1.1 200 OK
Content-Type: application/json; charset=utf-8
cache-control: no-cache
content-length: 14

16:24:02.203 [AsyncHttpClient-1-3] DEBUG org.asynchttpclient.netty.channel.ChannelManager - Adding key: http://localhost:62329 for channel [id: 0xe7504652, L:/127.0.0.1:10595 - R:localhost/127.0.0.1:62329]
  &amp#27;[32mAnd &amp#27;[0m&amp#27;[32mI input valid password&amp#27;[0m                             &amp#27;[90m# starter.stepdefinitions.LoginStep.iInputValidPassword()&amp#27;[0m
16:24:02.226 [Forwarding screenshot on session db78499201f499c0257b38cc89b611e7 to remote] DEBUG org.asynchttpclient.netty.request.NettyRequestSender - Using pooled Channel '[id: 0xe7504652, L:/127.0.0.1:10595 - R:localhost/127.0.0.1:62329]' for 'GET' to 'http://localhost:62329/session/db78499201f499c0257b38cc89b611e7/screenshot'
16:24:02.227 [Forwarding screenshot on session db78499201f499c0257b38cc89b611e7 to remote] DEBUG org.asynchttpclient.netty.request.NettyRequestSender - Using open Channel [id: 0xe7504652, L:/127.0.0.1:10595 - R:localhost/127.0.0.1:62329] for GET '/session/db78499201f499c0257b38cc89b611e7/screenshot'
16:24:02.480 [AsyncHttpClient-1-3] DEBUG org.asynchttpclient.netty.handler.HttpHandler - 

Request DefaultFullHttpRequest(decodeResult: success, version: HTTP/1.1, content: EmptyByteBufBE)
GET /session/db78499201f499c0257b38cc89b611e7/screenshot HTTP/1.1
User-Agent: selenium/4.1.2 (java windows)
Cache-Control: no-cache
Content-Type: application/json; charset=utf-8
host: localhost:62329
accept: */*

Response DefaultHttpResponse(decodeResult: success, version: HTTP/1.1)
HTTP/1.1 200 OK
Content-Type: application/json; charset=utf-8
cache-control: no-cache
content-length: 303792

16:24:02.481 [AsyncHttpClient-1-3] DEBUG org.asynchttpclient.netty.channel.ChannelManager - Adding key: http://localhost:62329 for channel [id: 0xe7504652, L:/127.0.0.1:10595 - R:localhost/127.0.0.1:62329]
16:24:02.510 [main] DEBUG net.serenitybdd.core.photography.Darkroom - Send negative for processing for target\site\serenity\a2aaed923320d492943331a621a8fe3c32be33a40bc26b8d4adbc03a8926c558.png
16:24:02.510 [Darkroom Processing Line] DEBUG net.serenitybdd.core.photography.DarkroomProcessingLine - Processing screenshot image in /var/screenshots/screenshot-12573786878206230393
16:24:02.511 [Darkroom Processing Line] DEBUG net.serenitybdd.core.photography.DarkroomProcessingLine - Saving screenshot to target\site\serenity\a2aaed923320d492943331a621a8fe3c32be33a40bc26b8d4adbc03a8926c558.png
16:24:02.522 [Forwarding findElement on session db78499201f499c0257b38cc89b611e7 to remote] DEBUG org.asynchttpclient.netty.request.NettyRequestSender - Using pooled Channel '[id: 0xe7504652, L:/127.0.0.1:10595 - R:localhost/127.0.0.1:62329]' for 'POST' to 'http://localhost:62329/session/db78499201f499c0257b38cc89b611e7/element'
16:24:02.522 [Forwarding findElement on session db78499201f499c0257b38cc89b611e7 to remote] DEBUG org.asynchttpclient.netty.request.NettyRequestSender - Using open Channel [id: 0xe7504652, L:/127.0.0.1:10595 - R:localhost/127.0.0.1:62329] for POST '/session/db78499201f499c0257b38cc89b611e7/element'
16:24:02.537 [AsyncHttpClient-1-3] DEBUG org.asynchttpclient.netty.handler.HttpHandler - 

Request DefaultHttpRequest(decodeResult: success, version: HTTP/1.1)
POST /session/db78499201f499c0257b38cc89b611e7/element HTTP/1.1
User-Agent: selenium/4.1.2 (java windows)
Content-Length: 50
Content-Type: application/json; charset=utf-8
host: localhost:62329
accept: */*

Response DefaultHttpResponse(decodeResult: success, version: HTTP/1.1)
HTTP/1.1 200 OK
Content-Type: application/json; charset=utf-8
cache-control: no-cache
content-length: 88

16:24:02.538 [AsyncHttpClient-1-3] DEBUG org.asynchttpclient.netty.channel.ChannelManager - Adding key: http://localhost:62329 for channel [id: 0xe7504652, L:/127.0.0.1:10595 - R:localhost/127.0.0.1:62329]
16:24:02.539 [Forwarding getElementTagName on session db78499201f499c0257b38cc89b611e7 to remote] DEBUG org.asynchttpclient.netty.request.NettyRequestSender - Using pooled Channel '[id: 0xe7504652, L:/127.0.0.1:10595 - R:localhost/127.0.0.1:62329]' for 'GET' to 'http://localhost:62329/session/db78499201f499c0257b38cc89b611e7/element/1d78a3c4-4e45-4076-b5ce-3370611b5233/name'
16:24:02.539 [Forwarding getElementTagName on session db78499201f499c0257b38cc89b611e7 to remote] DEBUG org.asynchttpclient.netty.request.NettyRequestSender - Using open Channel [id: 0xe7504652, L:/127.0.0.1:10595 - R:localhost/127.0.0.1:62329] for GET '/session/db78499201f499c0257b38cc89b611e7/element/1d78a3c4-4e45-4076-b5ce-3370611b5233/name'
16:24:02.546 [AsyncHttpClient-1-3] DEBUG org.asynchttpclient.netty.handler.HttpHandler - 

Request DefaultFullHttpRequest(decodeResult: success, version: HTTP/1.1, content: EmptyByteBufBE)
GET /session/db78499201f499c0257b38cc89b611e7/element/1d78a3c4-4e45-4076-b5ce-3370611b5233/name HTTP/1.1
User-Agent: selenium/4.1.2 (java windows)
Cache-Control: no-cache
Content-Type: application/json; charset=utf-8
host: localhost:62329
accept: */*

Response DefaultHttpResponse(decodeResult: success, version: HTTP/1.1)
HTTP/1.1 200 OK
Content-Type: application/json; charset=utf-8
cache-control: no-cache
content-length: 18

16:24:02.546 [AsyncHttpClient-1-3] DEBUG org.asynchttpclient.netty.channel.ChannelManager - Adding key: http://localhost:62329 for channel [id: 0xe7504652, L:/127.0.0.1:10595 - R:localhost/127.0.0.1:62329]
16:24:02.548 [Forwarding getElementTagName on session db78499201f499c0257b38cc89b611e7 to remote] DEBUG org.asynchttpclient.netty.request.NettyRequestSender - Using pooled Channel '[id: 0xe7504652, L:/127.0.0.1:10595 - R:localhost/127.0.0.1:62329]' for 'GET' to 'http://localhost:62329/session/db78499201f499c0257b38cc89b611e7/element/1d78a3c4-4e45-4076-b5ce-3370611b5233/name'
16:24:02.548 [Forwarding getElementTagName on session db78499201f499c0257b38cc89b611e7 to remote] DEBUG org.asynchttpclient.netty.request.NettyRequestSender - Using open Channel [id: 0xe7504652, L:/127.0.0.1:10595 - R:localhost/127.0.0.1:62329] for GET '/session/db78499201f499c0257b38cc89b611e7/element/1d78a3c4-4e45-4076-b5ce-3370611b5233/name'
16:24:02.553 [AsyncHttpClient-1-3] DEBUG org.asynchttpclient.netty.handler.HttpHandler - 

Request DefaultFullHttpRequest(decodeResult: success, version: HTTP/1.1, content: EmptyByteBufBE)
GET /session/db78499201f499c0257b38cc89b611e7/element/1d78a3c4-4e45-4076-b5ce-3370611b5233/name HTTP/1.1
User-Agent: selenium/4.1.2 (java windows)
Cache-Control: no-cache
Content-Type: application/json; charset=utf-8
host: localhost:62329
accept: */*

Response DefaultHttpResponse(decodeResult: success, version: HTTP/1.1)
HTTP/1.1 200 OK
Content-Type: application/json; charset=utf-8
cache-control: no-cache
content-length: 18

16:24:02.553 [AsyncHttpClient-1-3] DEBUG org.asynchttpclient.netty.channel.ChannelManager - Adding key: http://localhost:62329 for channel [id: 0xe7504652, L:/127.0.0.1:10595 - R:localhost/127.0.0.1:62329]
16:24:02.557 [Forwarding isElementEnabled on session db78499201f499c0257b38cc89b611e7 to remote] DEBUG org.asynchttpclient.netty.request.NettyRequestSender - Using pooled Channel '[id: 0xe7504652, L:/127.0.0.1:10595 - R:localhost/127.0.0.1:62329]' for 'GET' to 'http://localhost:62329/session/db78499201f499c0257b38cc89b611e7/element/1d78a3c4-4e45-4076-b5ce-3370611b5233/enabled'
16:24:02.557 [Forwarding isElementEnabled on session db78499201f499c0257b38cc89b611e7 to remote] DEBUG org.asynchttpclient.netty.request.NettyRequestSender - Using open Channel [id: 0xe7504652, L:/127.0.0.1:10595 - R:localhost/127.0.0.1:62329] for GET '/session/db78499201f499c0257b38cc89b611e7/element/1d78a3c4-4e45-4076-b5ce-3370611b5233/enabled'
16:24:02.569 [AsyncHttpClient-1-3] DEBUG org.asynchttpclient.netty.handler.HttpHandler - 

Request DefaultFullHttpRequest(decodeResult: success, version: HTTP/1.1, content: EmptyByteBufBE)
GET /session/db78499201f499c0257b38cc89b611e7/element/1d78a3c4-4e45-4076-b5ce-3370611b5233/enabled HTTP/1.1
User-Agent: selenium/4.1.2 (java windows)
Cache-Control: no-cache
Content-Type: application/json; charset=utf-8
host: localhost:62329
accept: */*

Response DefaultHttpResponse(decodeResult: success, version: HTTP/1.1)
HTTP/1.1 200 OK
Content-Type: application/json; charset=utf-8
cache-control: no-cache
content-length: 14

16:24:02.570 [AsyncHttpClient-1-3] DEBUG org.asynchttpclient.netty.channel.ChannelManager - Adding key: http://localhost:62329 for channel [id: 0xe7504652, L:/127.0.0.1:10595 - R:localhost/127.0.0.1:62329]
16:24:02.571 [Forwarding isElementEnabled on session db78499201f499c0257b38cc89b611e7 to remote] DEBUG org.asynchttpclient.netty.request.NettyRequestSender - Using pooled Channel '[id: 0xe7504652, L:/127.0.0.1:10595 - R:localhost/127.0.0.1:62329]' for 'GET' to 'http://localhost:62329/session/db78499201f499c0257b38cc89b611e7/element/1d78a3c4-4e45-4076-b5ce-3370611b5233/enabled'
16:24:02.572 [Forwarding isElementEnabled on session db78499201f499c0257b38cc89b611e7 to remote] DEBUG org.asynchttpclient.netty.request.NettyRequestSender - Using open Channel [id: 0xe7504652, L:/127.0.0.1:10595 - R:localhost/127.0.0.1:62329] for GET '/session/db78499201f499c0257b38cc89b611e7/element/1d78a3c4-4e45-4076-b5ce-3370611b5233/enabled'
16:24:02.593 [AsyncHttpClient-1-3] DEBUG org.asynchttpclient.netty.handler.HttpHandler - 

Request DefaultFullHttpRequest(decodeResult: success, version: HTTP/1.1, content: EmptyByteBufBE)
GET /session/db78499201f499c0257b38cc89b611e7/element/1d78a3c4-4e45-4076-b5ce-3370611b5233/enabled HTTP/1.1
User-Agent: selenium/4.1.2 (java windows)
Cache-Control: no-cache
Content-Type: application/json; charset=utf-8
host: localhost:62329
accept: */*

Response DefaultHttpResponse(decodeResult: success, version: HTTP/1.1)
HTTP/1.1 200 OK
Content-Type: application/json; charset=utf-8
cache-control: no-cache
content-length: 14

16:24:02.593 [AsyncHttpClient-1-3] DEBUG org.asynchttpclient.netty.channel.ChannelManager - Adding key: http://localhost:62329 for channel [id: 0xe7504652, L:/127.0.0.1:10595 - R:localhost/127.0.0.1:62329]
16:24:02.598 [Forwarding findElement on session db78499201f499c0257b38cc89b611e7 to remote] DEBUG org.asynchttpclient.netty.request.NettyRequestSender - Using pooled Channel '[id: 0xe7504652, L:/127.0.0.1:10595 - R:localhost/127.0.0.1:62329]' for 'POST' to 'http://localhost:62329/session/db78499201f499c0257b38cc89b611e7/element'
16:24:02.598 [Forwarding findElement on session db78499201f499c0257b38cc89b611e7 to remote] DEBUG org.asynchttpclient.netty.request.NettyRequestSender - Using open Channel [id: 0xe7504652, L:/127.0.0.1:10595 - R:localhost/127.0.0.1:62329] for POST '/session/db78499201f499c0257b38cc89b611e7/element'
16:24:02.609 [AsyncHttpClient-1-3] DEBUG org.asynchttpclient.netty.handler.HttpHandler - 

Request DefaultHttpRequest(decodeResult: success, version: HTTP/1.1)
POST /session/db78499201f499c0257b38cc89b611e7/element HTTP/1.1
User-Agent: selenium/4.1.2 (java windows)
Content-Length: 50
Content-Type: application/json; charset=utf-8
host: localhost:62329
accept: */*

Response DefaultHttpResponse(decodeResult: success, version: HTTP/1.1)
HTTP/1.1 200 OK
Content-Type: application/json; charset=utf-8
cache-control: no-cache
content-length: 88

16:24:02.614 [AsyncHttpClient-1-3] DEBUG org.asynchttpclient.netty.channel.ChannelManager - Adding key: http://localhost:62329 for channel [id: 0xe7504652, L:/127.0.0.1:10595 - R:localhost/127.0.0.1:62329]
16:24:02.616 [Forwarding clickElement on session db78499201f499c0257b38cc89b611e7 to remote] DEBUG org.asynchttpclient.netty.request.NettyRequestSender - Using pooled Channel '[id: 0xe7504652, L:/127.0.0.1:10595 - R:localhost/127.0.0.1:62329]' for 'POST' to 'http://localhost:62329/session/db78499201f499c0257b38cc89b611e7/element/1d78a3c4-4e45-4076-b5ce-3370611b5233/click'
16:24:02.616 [Forwarding clickElement on session db78499201f499c0257b38cc89b611e7 to remote] DEBUG org.asynchttpclient.netty.request.NettyRequestSender - Using open Channel [id: 0xe7504652, L:/127.0.0.1:10595 - R:localhost/127.0.0.1:62329] for POST '/session/db78499201f499c0257b38cc89b611e7/element/1d78a3c4-4e45-4076-b5ce-3370611b5233/click'
16:24:02.690 [AsyncHttpClient-1-3] DEBUG org.asynchttpclient.netty.handler.HttpHandler - 

Request DefaultHttpRequest(decodeResult: success, version: HTTP/1.1)
POST /session/db78499201f499c0257b38cc89b611e7/element/1d78a3c4-4e45-4076-b5ce-3370611b5233/click HTTP/1.1
User-Agent: selenium/4.1.2 (java windows)
Content-Length: 50
Content-Type: application/json; charset=utf-8
host: localhost:62329
accept: */*

Response DefaultHttpResponse(decodeResult: success, version: HTTP/1.1)
HTTP/1.1 200 OK
Content-Type: application/json; charset=utf-8
cache-control: no-cache
content-length: 14

16:24:02.690 [AsyncHttpClient-1-3] DEBUG org.asynchttpclient.netty.channel.ChannelManager - Adding key: http://localhost:62329 for channel [id: 0xe7504652, L:/127.0.0.1:10595 - R:localhost/127.0.0.1:62329]
  &amp#27;[32mAnd &amp#27;[0m&amp#27;[32mI click Login button&amp#27;[0m                               &amp#27;[90m# starter.stepdefinitions.LoginStep.iClickLoginButton()&amp#27;[0m
16:24:02.706 [Forwarding screenshot on session db78499201f499c0257b38cc89b611e7 to remote] DEBUG org.asynchttpclient.netty.request.NettyRequestSender - Using pooled Channel '[id: 0xe7504652, L:/127.0.0.1:10595 - R:localhost/127.0.0.1:62329]' for 'GET' to 'http://localhost:62329/session/db78499201f499c0257b38cc89b611e7/screenshot'
16:24:02.706 [Forwarding screenshot on session db78499201f499c0257b38cc89b611e7 to remote] DEBUG org.asynchttpclient.netty.request.NettyRequestSender - Using open Channel [id: 0xe7504652, L:/127.0.0.1:10595 - R:localhost/127.0.0.1:62329] for GET '/session/db78499201f499c0257b38cc89b611e7/screenshot'
16:24:02.915 [AsyncHttpClient-1-3] DEBUG org.asynchttpclient.netty.handler.HttpHandler - 

Request DefaultFullHttpRequest(decodeResult: success, version: HTTP/1.1, content: EmptyByteBufBE)
GET /session/db78499201f499c0257b38cc89b611e7/screenshot HTTP/1.1
User-Agent: selenium/4.1.2 (java windows)
Cache-Control: no-cache
Content-Type: application/json; charset=utf-8
host: localhost:62329
accept: */*

Response DefaultHttpResponse(decodeResult: success, version: HTTP/1.1)
HTTP/1.1 200 OK
Content-Type: application/json; charset=utf-8
cache-control: no-cache
content-length: 289076

16:24:02.916 [AsyncHttpClient-1-3] DEBUG org.asynchttpclient.netty.channel.ChannelManager - Adding key: http://localhost:62329 for channel [id: 0xe7504652, L:/127.0.0.1:10595 - R:localhost/127.0.0.1:62329]
16:24:02.932 [main] DEBUG net.serenitybdd.core.photography.Darkroom - Send negative for processing for target\site\serenity\48c1538f4b62b41782e5d06eb5855d7aea980210b726edff6acfa3a890792278.png
16:24:02.935 [Darkroom Processing Line] DEBUG net.serenitybdd.core.photography.DarkroomProcessingLine - Processing screenshot image in /var/screenshots/screenshot-706907423432651990
16:24:02.936 [Darkroom Processing Line] DEBUG net.serenitybdd.core.photography.DarkroomProcessingLine - Saving screenshot to target\site\serenity\48c1538f4b62b41782e5d06eb5855d7aea980210b726edff6acfa3a890792278.png
16:24:02.945 [Forwarding findElement on session db78499201f499c0257b38cc89b611e7 to remote] DEBUG org.asynchttpclient.netty.request.NettyRequestSender - Using pooled Channel '[id: 0xe7504652, L:/127.0.0.1:10595 - R:localhost/127.0.0.1:62329]' for 'POST' to 'http://localhost:62329/session/db78499201f499c0257b38cc89b611e7/element'
16:24:02.945 [Forwarding findElement on session db78499201f499c0257b38cc89b611e7 to remote] DEBUG org.asynchttpclient.netty.request.NettyRequestSender - Using open Channel [id: 0xe7504652, L:/127.0.0.1:10595 - R:localhost/127.0.0.1:62329] for POST '/session/db78499201f499c0257b38cc89b611e7/element'
16:24:03.066 [AsyncHttpClient-1-1] DEBUG org.asynchttpclient.netty.channel.DefaultChannelPool - Entry count for : http://localhost:10596 : 1
16:24:03.151 [AsyncHttpClient-1-3] DEBUG org.asynchttpclient.netty.handler.HttpHandler - 

Request DefaultHttpRequest(decodeResult: success, version: HTTP/1.1)
POST /session/db78499201f499c0257b38cc89b611e7/element HTTP/1.1
User-Agent: selenium/4.1.2 (java windows)
Content-Length: 65
Content-Type: application/json; charset=utf-8
host: localhost:62329
accept: */*

Response DefaultHttpResponse(decodeResult: success, version: HTTP/1.1)
HTTP/1.1 200 OK
Content-Type: application/json; charset=utf-8
cache-control: no-cache
content-length: 88

16:24:03.151 [AsyncHttpClient-1-3] DEBUG org.asynchttpclient.netty.channel.ChannelManager - Adding key: http://localhost:62329 for channel [id: 0xe7504652, L:/127.0.0.1:10595 - R:localhost/127.0.0.1:62329]
16:24:03.158 [Forwarding isElementDisplayed on session db78499201f499c0257b38cc89b611e7 to remote] DEBUG org.asynchttpclient.netty.request.NettyRequestSender - Using pooled Channel '[id: 0xe7504652, L:/127.0.0.1:10595 - R:localhost/127.0.0.1:62329]' for 'POST' to 'http://localhost:62329/session/db78499201f499c0257b38cc89b611e7/execute/sync'
16:24:03.158 [Forwarding isElementDisplayed on session db78499201f499c0257b38cc89b611e7 to remote] DEBUG org.asynchttpclient.netty.request.NettyRequestSender - Using open Channel [id: 0xe7504652, L:/127.0.0.1:10595 - R:localhost/127.0.0.1:62329] for POST '/session/db78499201f499c0257b38cc89b611e7/execute/sync'
16:24:03.180 [AsyncHttpClient-1-3] DEBUG org.asynchttpclient.netty.handler.HttpHandler - 

Request DefaultHttpRequest(decodeResult: success, version: HTTP/1.1)
POST /session/db78499201f499c0257b38cc89b611e7/execute/sync HTTP/1.1
User-Agent: selenium/4.1.2 (java windows)
Content-Length: 48780
Content-Type: application/json; charset=utf-8
host: localhost:62329
accept: */*

Response DefaultHttpResponse(decodeResult: success, version: HTTP/1.1)
HTTP/1.1 200 OK
Content-Type: application/json; charset=utf-8
cache-control: no-cache
content-length: 14

16:24:03.180 [AsyncHttpClient-1-3] DEBUG org.asynchttpclient.netty.channel.ChannelManager - Adding key: http://localhost:62329 for channel [id: 0xe7504652, L:/127.0.0.1:10595 - R:localhost/127.0.0.1:62329]
  &amp#27;[32mThen &amp#27;[0m&amp#27;[32mI will get error message&amp#27;[0m                          &amp#27;[90m# starter.stepdefinitions.LoginStep.iWillGetErrorMessage()&amp#27;[0m
16:24:03.186 [Forwarding screenshot on session db78499201f499c0257b38cc89b611e7 to remote] DEBUG org.asynchttpclient.netty.request.NettyRequestSender - Using pooled Channel '[id: 0xe7504652, L:/127.0.0.1:10595 - R:localhost/127.0.0.1:62329]' for 'GET' to 'http://localhost:62329/session/db78499201f499c0257b38cc89b611e7/screenshot'
16:24:03.186 [Forwarding screenshot on session db78499201f499c0257b38cc89b611e7 to remote] DEBUG org.asynchttpclient.netty.request.NettyRequestSender - Using open Channel [id: 0xe7504652, L:/127.0.0.1:10595 - R:localhost/127.0.0.1:62329] for GET '/session/db78499201f499c0257b38cc89b611e7/screenshot'
16:24:03.401 [AsyncHttpClient-1-3] DEBUG org.asynchttpclient.netty.handler.HttpHandler - 

Request DefaultFullHttpRequest(decodeResult: success, version: HTTP/1.1, content: EmptyByteBufBE)
GET /session/db78499201f499c0257b38cc89b611e7/screenshot HTTP/1.1
User-Agent: selenium/4.1.2 (java windows)
Cache-Control: no-cache
Content-Type: application/json; charset=utf-8
host: localhost:62329
accept: */*

Response DefaultHttpResponse(decodeResult: success, version: HTTP/1.1)
HTTP/1.1 200 OK
Content-Type: application/json; charset=utf-8
cache-control: no-cache
content-length: 305140

16:24:03.402 [AsyncHttpClient-1-3] DEBUG org.asynchttpclient.netty.channel.ChannelManager - Adding key: http://localhost:62329 for channel [id: 0xe7504652, L:/127.0.0.1:10595 - R:localhost/127.0.0.1:62329]
16:24:03.422 [main] DEBUG net.serenitybdd.core.photography.Darkroom - Send negative for processing for target\site\serenity\a7316105be857a37f353378ee27df68390f6119e23897a88d835d405b4005330.png
16:24:03.426 [main] INFO  - 
  _____   ___   ___   _____     ___     _     ___   ___   ___   ___  
 |_   _| | __| / __| |_   _|   | _ \   /_\   / __| / __| | __| |   \ 
   | |   | _|  \__ \   | |     |  _/  / _ \  \__ \ \__ \ | _|  | |) |
   |_|   |___| |___/   |_|     |_|   /_/ \_\ |___/ |___/ |___| |___/ 

Login with invalid username and valid password
----------------------------------------------------------------------
16:24:03.427 [AsyncHttpClient-1-5] DEBUG org.asynchttpclient.netty.handler.WebSocketHandler - Channel Closed: [id: 0x4ae4ba83, L:/127.0.0.1:10615 ! R:localhost/127.0.0.1:10596] with attribute NettyResponseFuture{currentRetry=5,
	isDone=1,
	isCancelled=0,
	asyncHandler=org.asynchttpclient.ws.WebSocketUpgradeHandler@64cbbe3d,
	nettyRequest=org.asynchttpclient.netty.request.NettyRequest@6d6e3273,
	future=java.util.concurrent.CompletableFuture@4656b847[Completed normally],
	uri=ws://localhost:10596/devtools/browser/fda8d862-ef45-4171-a8b6-41a6a85afe7e,
	keepAlive=true,
	redirectCount=0,
	timeoutsHolder=null,
	inAuth=0,
	touch=1664875428842}
16:24:03.428 [AsyncHttpClient-1-5] DEBUG org.asynchttpclient.netty.channel.ChannelManager - Closing Channel [id: 0x4ae4ba83, L:/127.0.0.1:10615 ! R:localhost/127.0.0.1:10596] 
16:24:03.429 [Darkroom Processing Line] DEBUG net.serenitybdd.core.photography.DarkroomProcessingLine - Processing screenshot image in /var/screenshots/screenshot-16744674050187675697
16:24:03.429 [Darkroom Processing Line] DEBUG net.serenitybdd.core.photography.DarkroomProcessingLine - Saving screenshot to target\site\serenity\a7316105be857a37f353378ee27df68390f6119e23897a88d835d405b4005330.png
16:24:03.432 [Driver Command Executor] DEBUG org.asynchttpclient.netty.request.NettyRequestSender - Using pooled Channel '[id: 0xe7504652, L:/127.0.0.1:10595 - R:localhost/127.0.0.1:62329]' for 'DELETE' to 'http://localhost:62329/session/db78499201f499c0257b38cc89b611e7'
16:24:03.432 [Driver Command Executor] DEBUG org.asynchttpclient.netty.request.NettyRequestSender - Using open Channel [id: 0xe7504652, L:/127.0.0.1:10595 - R:localhost/127.0.0.1:62329] for DELETE '/session/db78499201f499c0257b38cc89b611e7'
16:24:03.652 [AsyncHttpClient-1-4] DEBUG org.asynchttpclient.netty.handler.HttpHandler - Unexpected I/O exception on channel [id: 0xbd0ffaac, L:/127.0.0.1:10614 - R:localhost/127.0.0.1:10596]
java.io.IOException: An existing connection was forcibly closed by the remote host
	at java.base/sun.nio.ch.SocketDispatcher.read0(Native Method)
	at java.base/sun.nio.ch.SocketDispatcher.read(SocketDispatcher.java:43)
	at java.base/sun.nio.ch.IOUtil.readIntoNativeBuffer(IOUtil.java:276)
	at java.base/sun.nio.ch.IOUtil.read(IOUtil.java:233)
	at java.base/sun.nio.ch.IOUtil.read(IOUtil.java:223)
	at java.base/sun.nio.ch.SocketChannelImpl.read(SocketChannelImpl.java:358)
	at io.netty.buffer.PooledByteBuf.setBytes(PooledByteBuf.java:258)
	at io.netty.buffer.AbstractByteBuf.writeBytes(AbstractByteBuf.java:1132)
	at io.netty.channel.socket.nio.NioSocketChannel.doReadBytes(NioSocketChannel.java:350)
	at io.netty.channel.nio.AbstractNioByteChannel$NioByteUnsafe.read(AbstractNioByteChannel.java:151)
	at io.netty.channel.nio.NioEventLoop.processSelectedKey(NioEventLoop.java:722)
	at io.netty.channel.nio.NioEventLoop.processSelectedKeysOptimized(NioEventLoop.java:658)
	at io.netty.channel.nio.NioEventLoop.processSelectedKeys(NioEventLoop.java:584)
	at io.netty.channel.nio.NioEventLoop.run(NioEventLoop.java:496)
	at io.netty.util.concurrent.SingleThreadEventExecutor$4.run(SingleThreadEventExecutor.java:986)
	at io.netty.util.internal.ThreadExecutorMap$2.run(ThreadExecutorMap.java:74)
	at io.netty.util.concurrent.FastThreadLocalRunnable.run(FastThreadLocalRunnable.java:30)
	at java.base/java.lang.Thread.run(Thread.java:834)
16:24:03.653 [AsyncHttpClient-1-4] DEBUG org.asynchttpclient.netty.channel.ChannelManager - Closing Channel [id: 0xbd0ffaac, L:/127.0.0.1:10614 - R:localhost/127.0.0.1:10596] 
16:24:03.653 [AsyncHttpClient-1-4] DEBUG org.asynchttpclient.netty.handler.HttpHandler - Channel Closed: [id: 0xbd0ffaac, L:/127.0.0.1:10614 ! R:localhost/127.0.0.1:10596] with attribute DISCARD
16:24:03.714 [AsyncHttpClient-1-3] DEBUG org.asynchttpclient.netty.handler.HttpHandler - 

Request DefaultFullHttpRequest(decodeResult: success, version: HTTP/1.1, content: EmptyByteBufBE)
DELETE /session/db78499201f499c0257b38cc89b611e7 HTTP/1.1
User-Agent: selenium/4.1.2 (java windows)
Content-Type: application/json; charset=utf-8
host: localhost:62329
accept: */*

Response DefaultHttpResponse(decodeResult: success, version: HTTP/1.1)
HTTP/1.1 200 OK
Content-Type: application/json; charset=utf-8
cache-control: no-cache
content-length: 14

16:24:03.715 [AsyncHttpClient-1-3] DEBUG org.asynchttpclient.netty.channel.ChannelManager - Adding key: http://localhost:62329 for channel [id: 0xe7504652, L:/127.0.0.1:10595 - R:localhost/127.0.0.1:62329]
16:24:03.930 [AsyncHttpClient-1-3] DEBUG org.asynchttpclient.netty.handler.HttpHandler - Channel Closed: [id: 0xe7504652, L:/127.0.0.1:10595 ! R:localhost/127.0.0.1:62329] with attribute DISCARD
]]></system-out>
    <system-err><![CDATA[Starting Microsoft Edge WebDriver 105.0.1343.53 (3a47f00402d579c8ba1fad7e143f9d73831b6765) on port 62329
To submit feedback, report a bug, or suggest new features, please visit https://github.com/MicrosoftEdge/EdgeWebDriver

Only local connections are allowed.
Please see https://aka.ms/WebDriverSecurity for suggestions on keeping Microsoft Edge WebDriver safe.

Microsoft Edge WebDriver was started successfully.
Oct 04, 2022 4:23:48 PM org.openqa.selenium.remote.ProtocolHandshake createSession
INFO: Detected dialect: W3C
Oct 04, 2022 4:23:48 PM org.openqa.selenium.devtools.CdpVersionFinder findNearestMatch
WARNING: Unable to find an exact match for CDP version 105, so returning the closest version found: a no-op implementation
Oct 04, 2022 4:23:48 PM org.openqa.selenium.devtools.CdpVersionFinder findNearestMatch
INFO: Unable to find CDP implementation matching 105.
Oct 04, 2022 4:23:48 PM org.openqa.selenium.chromium.ChromiumDriver lambda$new$3
WARNING: Unable to find version of CDP to use for . You may need to include a dependency on a specific version of the CDP using something similar to `org.seleniumhq.selenium:selenium-devtools-v86:4.1.2` where the version ("v86") matches the version of the chromium-based browser you're using and the version number of the artifact is the same as Selenium's.
]]></system-err>
  </testcase>
</testsuite>